geração;melhor;fitness;cobertura;pior;fitness;cobertura;média;ind_repetidos
0;0000000010000100000000000110000000000000000;0.520548;7068;1000000000010000000000000000000001000001000;0.0024304;33;0.0925729;1
1;0000000010100000000001000100000000000000000;0.588305;7988;1001100000001000000000000000000000000000000;0.0051554;70;0.127483;15
2;0000000010000000001000000110000000000000000;0.604728;8211;0100000000000000000001000000000000100010000;0.00662837;90;0.160784;19
3;0000000010100000000000000110000000000000000;0.608263;8259;0010000000000000000000000000000100100000001;0.00626013;85;0.203544;22
4;0000000010100000000000000100000000010000000;0.627338;8518;0100000000000000000000000000010000000001001;0.0101635;138;0.228621;43
5;0000011010100000000000000000000000000000000;0.693843;9421;0001000000001000000001000001000000000000000;0.0126676;172;0.255036;46
6;0000011010100000000000000000000000000000000;0.693843;9421;0000000000001000000000000010000100000010000;0.00368243;50;0.276749;44
7;0000011010100000000000000000000000000000000;0.693843;9421;0000000000010000000000000010000010000010000;0.0170128;231;0.311434;56
8;0000011010100000000000000000000000000000000;0.693843;9421;0010000000000000000000000010000110000000000;0.013625;185;0.347994;71
9;0000011010100000000000000000000000000000000;0.693843;9421;0000000000101000000000000010001000000000000;0.0193696;263;0.367191;66
10;0000001010100000000010000000000000000000000;0.695463;9443;0000001000001000000000000010000000001000000;0.00869053;118;0.387967;67
11;0000001010100000000010000000000000000000000;0.695463;9443;0000001000000100000000000000000100000000001;0.029975;407;0.415515;87
12;0000001010100000000010000000000000000000000;0.695463;9443;1000000000000100000000000010000000000100000;0.0204006;277;0.436286;103
13;0000001010100000000010000000000000000000000;0.695463;9443;0000000000000000000000000000000010000010011;0.0247459;336;0.477936;136
14;0000001010100000000010000000000000000000000;0.695463;9443;1010000001000000000000000100000000000000000;0.0183385;249;0.481518;141
15;0000001010100000000010000000000000000000000;0.695463;9443;0000000000000001000000000100000000000001001;0.0413905;562;0.495388;148
16;0000001010100000000010000000000000000000000;0.695463;9443;0000001000100000000000001000000000000001000;0.0554574;753;0.506098;159
17;0000001010100000000010000000000000000000000;0.695463;9443;0000001000000000000000000010100000001000000;0.0329209;447;0.508596;150
18;0000001010100000000010000000000000000000000;0.695463;9443;1000000000000001000000000000010001000000000;0.00824864;112;0.507194;159
19;0000001010100000000010000000000000000000000;0.695463;9443;0000001000100000000000000000100000000000001;0.047356;643;0.505805;157
20;0000001010100000000010000000000000000000000;0.695463;9443;0000001000100000000000000000000010000000100;0.0304169;413;0.512093;165
21;0000001010100000000010000000000000000000000;0.695463;9443;0000010000100000000000000000000000010000001;0.0527324;716;0.520536;178
22;0000001010100000000010000000000000000000000;0.695463;9443;0000001100000100000100000000000000000000000;0.0638533;867;0.526749;182
23;0000001010100000000010000000000000000000000;0.695463;9443;0000001000101000000000000000001000000000000;0.027029;367;0.536082;184
24;0000001010100000000010000000000000000000000;0.695463;9443;0000001101000000010000000000000000000000000;0.0620857;843;0.529588;188
25;0000001010100000000010000000000000000000000;0.695463;9443;0000001000000000000001001000000000000000100;0.0420533;571;0.522469;184
26;0000001010100000000010000000000000000000000;0.695463;9443;0000000000111000000000000000000000000001000;0.0394756;536;0.527818;196
27;0000001010100000000010000000000000000000000;0.695463;9443;0000001000100000001000000000001000000000000;0.0283547;385;0.536639;204
28;0000001010100000000010000000000000000000000;0.695463;9443;0000001000100000000000000000000001000000100;0.0316689;430;0.543683;213
29;0000001010100000000010000000000000000000000;0.695463;9443;0000000100101000001000000000000000000000000;0.0336574;457;0.528583;209
30;0000001010100000000010000000000000000000000;0.695463;9443;0000000101101000000000000000000000000000000;0.0458094;622;0.542492;218
31;0000001010100000000010000000000000000000000;0.695463;9443;1000000100100000010000000000000000000000000;0.0372662;506;0.551322;236
32;0000001010100000000010000000000000000000000;0.695463;9443;0100000100100000000000000000000000000010000;0.0450729;612;0.555749;238
33;0000001010100000000010000000000000000000000;0.695463;9443;0001001000100000000000000000000000000000010;0.0533952;725;0.580959;267
34;0000001010100000000010000000000000000000000;0.695463;9443;0000001100001000001000000000000000000000000;0.00648107;88;0.581107;273
35;0000001010100000000010000000000000000000000;0.695463;9443;1000001000100000000010000000000000000000000;0.196642;2670;0.609422;294
36;0000001010100000000010000000000000000000000;0.695463;9443;0000001000100000000001000000001000000000000;0.0628959;854;0.612848;307
37;0000001010100000000010000000000000000000000;0.695463;9443;1000001000100000000010000000000000000000000;0.196642;2670;0.612198;308
38;0000001010100000000010000000000000000000000;0.695463;9443;0000000000100000000011000010000000000000000;0.185963;2525;0.612729;321
39;0000001010100000000010000000000000000000000;0.695463;9443;0000001000100000000010000000000000000100000;0.19782;2686;0.607363;319
40;0000001010100000000010000000000000000000000;0.695463;9443;0000001000000000000011000010000000000000000;0.122478;1663;0.60956;316
41;0000001010100000000010000000000000000000000;0.695463;9443;0000001000101000000000000000000000001000000;0.0288702;392;0.611957;324
42;0000001010100000000010000000000000000000000;0.695463;9443;0000001000000000000010001000000000000000001;0.102961;1398;0.612937;316
43;0000001010100000000010000000000000000000000;0.695463;9443;0000001000000000000010000001001000000000000;0.181175;2460;0.625955;322
44;0000001010100000000010000000000000000000000;0.695463;9443;0000001001100000001000000000000000000000000;0.0394756;536;0.61812;320
45;0000001010100000000010000000000000000000000;0.695463;9443;0000001000100100000000000000000000000100000;0.0663573;901;0.62043;327
46;0000001010100000000010000000000000000000000;0.695463;9443;0000001001100100000000000000000000000000000;0.0682722;927;0.602031;313
47;0000001010100000000010000000000000000000000;0.695463;9443;0000001000100000000000000000000001000010000;0.0457358;621;0.594854;305
48;0000001010100000000010000000000000000000000;0.695463;9443;0000001000100000010000010000000000000000000;0.103255;1402;0.616126;321
49;0000001010100000000010000000000000000000000;0.695463;9443;1000001010000000000000000000000000000100000;0.170865;2320;0.619988;312
50;0000001010100000000010000000000000000000000;0.695463;9443;0000001100000000100010000000000000000000000;0.100309;1362;0.61717;320
=============================================
geração;melhor;fitness;cobertura;pior;fitness;cobertura;média;ind_repetidos
0;0000001011100000000000000000000000000000000;0.617322;8382;0010000000001000000000000000010000000000010;0.00191486;26;0.100641;1
1;0000001110000000000010000000000000000000000;0.659744;8958;0010000000010000000000001000001000000000000;0.00478716;65;0.139039;15
2;0000001011100000000000000000000000000000000;0.617322;8382;0100000001000000000100000000000000001000000;0.012373;168;0.172193;17
3;0000001011100000000000000000000000000000000;0.617322;8382;0000100000001001000000000000000001000000000;0.00626013;85;0.203183;29
4;0000001110100000000000000000000000000000000;0.632715;8591;0000100000000001000000000000001010000000000;0.00788039;107;0.224927;26
5;0000001010100000000010000000000000000000000;0.695463;9443;0000001000000000000000000000001000000000011;0.00913242;124;0.247753;33
6;0000000010100000000000000100010000000000000;0.657902;8933;0000100000010000000000000001000001000000000;0.0102371;139;0.272639;39
7;0000000110100000000000000000100000000000000;0.624319;8477;0010000100000000000000000000000000000000011;0.0173811;236;0.288817;29
8;0000001010100000000010000000000000000000000;0.695463;9443;0000000000010000000001010000100000000000000;0.0193696;263;0.313557;40
9;0000001010100000000010000000000000000000000;0.695463;9443;0000000100000000000000000000100000100010000;0.0231993;315;0.343216;64
10;0000001010100000000010000000000000000000000;0.695463;9443;0000000100000000000000000000100100000010000;0.0224628;305;0.363502;66
11;0000000010100000000000000101000000000000000;0.675063;9166;1000100000000000000000010000000100000000000;0.0191486;260;0.37909;73
12;0000000010100000001000000100000000000000000;0.665267;9033;0010000000000000000000000010000100000010000;0.00596553;81;0.40067;86
13;0000000010100000000000000101000000000000000;0.675063;9166;1000000100000000100000000000000000001000000;0.0103108;140;0.431131;108
14;0000000010100000000000000101000000000000000;0.675063;9166;0000000100000000010000000000000000100000001;0.0264398;359;0.455582;120
15;0000000010100000000000000101000000000000000;0.675063;9166;0000000100010000000000010000000000000010000;0.0198851;270;0.483459;142
16;0000000110100000000010000000000000000000000;0.68935;9360;0000000000100000000000010000000100000000001;0.0322581;438;0.496285;149
17;0000000010100000000000000101000000000000000;0.675063;9166;0000000100100000000000000000000010000100000;0.047577;646;0.503018;169
18;0000000010100000000000001100000000000000000;0.678082;9207;0100000000000001000000000100100000000000000;0.0483871;657;0.509346;181
19;0000000010100000000000000101000000000000000;0.675063;9166;0000000000000000000000000100101000000000001;0.0321844;437;0.502878;158
20;0000001010100000000010000000000000000000000;0.695463;9443;0000000000101000000000000000000000010000100;0.0219473;298;0.513974;177
21;0000001010100000000010000000000000000000000;0.695463;9443;0000000000100100000000000000001010000000000;0.0352777;479;0.521206;188
22;0000001010100000000010000000000000000000000;0.695463;9443;0001000000000000000000000000000000110000100;0.0149507;203;0.532393;201
23;0000001010100000000010000000000000000000000;0.695463;9443;0011000001000000000000000100000000000000000;0.039181;532;0.532455;209
24;0000000110100000000010000000000000000000000;0.68935;9360;0100000000000000000000000100000000010010000;0.0783621;1064;0.552545;228
25;0000000010100000000000001100000000000000000;0.678082;9207;0100000000100000000000000010000000000000010;0.0204006;277;0.553437;245
26;0000000010100000000000001100000000000000000;0.678082;9207;0000000000010000000000000100000000010010000;0.0835175;1134;0.558511;243
27;0000000010100000000000001100000000000000000;0.678082;9207;0000100000100000000000000000000001000000100;0.0241567;328;0.559915;251
28;0000000010100000000000001100000000000000000;0.678082;9207;0000000000000000001000100100001000000000000;0.0993519;1349;0.574246;261
29;0000000010100000000000001100000000000000000;0.678082;9207;0000000000110000000000000000010000000100000;0.118206;1605;0.597323;290
30;0000000010100000000000001100000000000000000;0.678082;9207;0010000000100000000000001000000000010000000;0.0458094;622;0.598283;292
31;0000000010100000000000001100000000000000000;0.678082;9207;0000000000100000000000000100100010000000000;0.113345;1539;0.586137;289
32;0000000010100000000000001100000000000000000;0.678082;9207;0000000000010000000000000100000000010010000;0.0835175;1134;0.59515;293
33;0000001010100000000010000000000000000000000;0.695463;9443;0000000000100000000000000100001000000000010;0.0961114;1305;0.59295;293
34;0000000010100000000000001100000000000000000;0.678082;9207;0000000001100000000000000100000000000001000;0.119973;1629;0.596516;300
35;0000000010100000000000001100000000000000000;0.678082;9207;0001000000100000000000001000000000010000000;0.0501547;681;0.610706;319
36;0000000010100000000000001100000000000000000;0.678082;9207;0001000000000000000010000100000000001000000;0.0948593;1288;0.610619;319
37;0000000010100000000000001100000000000000000;0.678082;9207;0000000100100000000000001000000000001000000;0.0466195;633;0.593046;310
38;0000000010100000000000001100000000000000000;0.678082;9207;0000001000100000000000001000000000000000100;0.0484607;658;0.593111;302
39;0000000010100000000000001100000000000000000;0.678082;9207;0000011000100000000000000000000001000000000;0.135219;1836;0.581784;296
40;0000000010100000000000001100000000000000000;0.678082;9207;0000100000100000000000001000000000000000001;0.0336574;457;0.606128;314
41;0000000010100000000000001100000000000000000;0.678082;9207;0000000000100000000000000100100001000000000;0.116144;1577;0.598209;320
42;0000000010100000000000001100000000000000000;0.678082;9207;1000000000100000000000001100000000000000000;0.205479;2790;0.613486;327
43;0000000010100000000000001100000000000000000;0.678082;9207;0000100000100000000000000100000000000100000;0.137134;1862;0.597996;309
44;0000000010100000000000001100000000000000000;0.678082;9207;0000000000100000000000001001000000000000010;0.151348;2055;0.590341;306
45;0000000010100000000000001100000000000000000;0.678082;9207;0000000000101000000000001100000000000000000;0.205995;2797;0.601763;315
46;0000000010100000000000001100000000000000000;0.678082;9207;0000001000101000000000001000000000000000000;0.0413905;562;0.593418;311
47;0000000010100000000000001100000000000000000;0.678082;9207;0000000100100000000000001000001000000000000;0.0479452;651;0.600042;305
48;0000000010100000000000001100000000000000000;0.678082;9207;0000000011000000000000001000000000001000000;0.161364;2191;0.603176;314
49;0000000010100000000000001100000000000000000;0.678082;9207;0000000010000000000000001000000000010001000;0.189203;2569;0.601351;311
50;0000000010100000000000001100000000000000000;0.678082;9207;1000000000100000000000001100000000000000000;0.205479;2790;0.608382;319
=============================================
geração;melhor;fitness;cobertura;pior;fitness;cobertura;média;ind_repetidos
0;0000000010000000000000000100000100000100000;0.510974;6938;0000100000001000000000000000001000000000010;0.00331418;45;0.0867998;3
1;0100000010100000000000000100000000000000000;0.584622;7938;1100000000000000000000000000000010000001000;0.00765945;104;0.118916;14
2;0000000010100000000000000100000100000000000;0.608484;8262;0001000001000000000000000000010000000000010;0.0077331;105;0.160571;26
3;0000001010000000000010000100000000000000000;0.645824;8769;0001000001000000000000000000000001000001000;0.00581824;79;0.19815;21
4;0000000010100000000000001100000000000000000;0.678082;9207;0000000000000000000000000000011000000000101;0.00994255;135;0.236468;28
5;0000000010100000000000001100000000000000000;0.678082;9207;0001100000000000000000100000001000000000000;0.0107527;146;0.265645;38
6;0000001010000000000010000100000000000000000;0.645824;8769;0000000000001001000000000000011000000000000;0.00986891;134;0.292496;57
7;0000000010100000000000000101000000000000000;0.675063;9166;0000000100001000000000000000000000100100000;0.00544999;74;0.309897;43
8;0000000010100000000000000101000000000000000;0.675063;9166;0000000000001000000000000000001000110000000;0.00942701;128;0.329078;49
9;0000000110100000000010000000000000000000000;0.68935;9360;0000001100000001000000000000000000000000100;0.0220946;300;0.36617;60
10;0000000010100000000000000101000000000000000;0.675063;9166;1000000100010000000000000010000000000000000;0.0173074;235;0.385492;65
11;0000000010100000000000001100000000000000000;0.678082;9207;1000001100010000000000000000000000000000000;0.0182648;248;0.410097;80
12;0000000010100000000000001100000000000000000;0.678082;9207;0000000100000000001000000000000000010000001;0.0460303;625;0.437466;91
13;0000000010100000000000001100000000000000000;0.678082;9207;0000001000000000000000010000001100000000000;0.0143615;195;0.461014;100
14;0000001010100000000010000000000000000000000;0.695463;9443;0000000000001000000000010000000000100000001;0.00346148;47;0.458223;103
15;0000001010100000000010000000000000000000000;0.695463;9443;0000000000101100000000000000000000010000000;0.0438945;596;0.46486;121
16;0000001010100000000010000000000000000000000;0.695463;9443;0100000001000000000000001000000000000010000;0.0109;148;0.4782;131
17;0000001010100000000010000000000000000000000;0.695463;9443;0000000100000000000000001000001000000000010;0.0119311;162;0.501805;147
18;0000001010100000000010000000000000000000000;0.695463;9443;0000000100000001000000000010000000000000001;0.021579;293;0.522546;160
19;0000001010100000000010000000000000000000000;0.695463;9443;0000001100000000001000000000000000000000010;0.0156871;213;0.503597;159
20;0000001010100000000010000000000000000000000;0.695463;9443;0000000000000000000001000000100100000000001;0.0198115;269;0.512782;168
21;0000001010100000000010000000000000000000000;0.695463;9443;0001000000100000000000000000000000010000100;0.0311533;423;0.534389;184
22;0000001010100000000010000000000000000000000;0.695463;9443;0000000000000001000000000100000000010000001;0.0765945;1040;0.535192;202
23;0000001010100000000010000000000000000000000;0.695463;9443;0010000000100000000000001000000100000000000;0.0264398;359;0.533512;204
24;0000001010100000000010000000000000000000000;0.695463;9443;0000000100100000000000100000000000000001000;0.105317;1430;0.53921;205
25;0000001010100000000010000000000000000000000;0.695463;9443;0000100000100000000000001000000100000000000;0.0466195;633;0.555809;230
26;0000001010100000000010000000000000000000000;0.695463;9443;0000000001000001000000000100100000000000000;0.0627486;852;0.553291;234
27;0000001010100000000010000000000000000000000;0.695463;9443;0000100100100000000000000000000010000000000;0.0493445;670;0.570259;249
28;0000001010100000000010000000000000000000000;0.695463;9443;1000001000100000000000000000001000000000000;0.0281337;382;0.56777;258
29;0000001010100000000010000000000000000000000;0.695463;9443;0000000000100000001000010000001000000000000;0.0465459;632;0.571348;269
30;0000001010100000000010000000000000000000000;0.695463;9443;0000000000100100000000001000000000000000001;0.0411695;559;0.567986;270
31;0000001010100000000010000000000000000000000;0.695463;9443;0000000000100000000000011000000000000100000;0.0523641;711;0.568139;270
32;0000001010100000000010000000000000000000000;0.695463;9443;0010000010000000000000001000000000000000100;0.145235;1972;0.567996;263
33;0000001010100000000010000000000000000000000;0.695463;9443;1000000000100000000000001010000000000000000;0.0311533;423;0.559856;257
34;0000001010100000000010000000000000000000000;0.695463;9443;1000000000100000000000001000000000001000000;0.0165709;225;0.580382;280
35;0000001010100000000010000000000000000000000;0.695463;9443;0000000000100000000000000100000000000010001;0.111357;1512;0.565985;274
36;0000001010100000000010000000000000000000000;0.695463;9443;1010000000100000000000000100000000000000000;0.101635;1380;0.563599;262
37;0000001010100000000010000000000000000000000;0.695463;9443;0000000000100000000000011000000000000000100;0.0718073;975;0.569459;280
38;0000001010100000000010000000000000000000000;0.695463;9443;0000000001100000000000000100000001000000000;0.123067;1671;0.584344;287
39;0000001010100000000010000000000000000000000;0.695463;9443;0000000000000001000000001010000010000000000;0.0371189;504;0.588769;289
40;0000001010100000000010000000000000000000000;0.695463;9443;0000000000100000000000001010000000000000100;0.0344675;468;0.590885;292
41;0000001010100000000010000000000000000000000;0.695463;9443;1000000000100000000100000000000000000000001;0.0199588;271;0.584275;289
42;0000001010100000000010000000000000000000000;0.695463;9443;0000000000101000000001001000000000000000000;0.051333;697;0.589662;285
43;0000001010100000000010000000000000000000000;0.695463;9443;0000000000100000000000000100001000000000010;0.0961114;1305;0.596094;294
44;0000001010100000000010000000000000000000000;0.695463;9443;0000000000100000010000000100000000000100000;0.167992;2281;0.604638;316
45;0000001010100000000010000000000000000000000;0.695463;9443;0000000000100100000000000100000000000100000;0.131831;1790;0.591937;304
46;0000001010100000000010000000000000000000000;0.695463;9443;0000000000100000000000101000000000001000000;0.0958904;1302;0.595569;302
47;0000001010100000000010000000000000000000000;0.695463;9443;0001000000100000000000000100000000000000001;0.10598;1439;0.593295;305
48;0000000010100000000000001100000000000000000;0.678082;9207;1000000000100000000000001000000000100000000;0.018854;256;0.594189;310
49;0000000010100000000000001100000000000000000;0.678082;9207;0100000000100000000001001000000000000000000;0.0551628;749;0.603008;309
50;0000000010100000000000001100000000000000000;0.678082;9207;0000010000000000000001001100000000000000000;0.143173;1944;0.613744;320
=============================================
geração;melhor;fitness;cobertura;pior;fitness;cobertura;média;ind_repetidos
0;0000101010100000000000000000000000000000000;0.674989;9165;1000000000001000000000000000010000000000010;0.00191486;26;0.090601;2
1;0000000010000000010000000100000000100000000;0.554426;7528;0000010000000000000000000000010010000000001;0.00478716;65;0.120897;16
2;0000000010000000010000000100000100000000000;0.557519;7570;1010000000000000000000000001000001000000000;0.00817499;111;0.157015;32
3;0000000010000001000000000100000000010000000;0.597437;8112;0001000000001000000000010010000000000000000;0.00736485;100;0.183426;31
4;0000001010000000000010000100000000000000000;0.645824;8769;0010000000010000000001000000000000000000010;0.00765945;104;0.222159;33
5;0000001010000000000010000100000000000000000;0.645824;8769;0000000100000000000000000000000010000100001;0.0167919;228;0.248776;31
6;0000001010000000000010000100000000000000000;0.645824;8769;1000000100000001000000000000001000000000000;0.0100162;136;0.282271;42
7;0000011010100000000000000000000000000000000;0.693843;9421;0000001000000000000000100010000000000000100;0.0200324;272;0.335083;54
8;0000011010100000000000000000000000000000000;0.693843;9421;0100000100001000000000000000000100000000000;0.00891147;121;0.355304;66
9;0000011010100000000000000000000000000000000;0.693843;9421;0010000000001000000000000000000100000001000;0.00235675;32;0.39636;104
10;0000011010100000000000000000000000000000000;0.693843;9421;1000000000000000000000000010100000010000000;0.0282074;383;0.420712;99
11;0000011010100000000000000000000000000000000;0.693843;9421;0010000000000000000000000011000000000000100;0.0416851;566;0.439497;96
12;0000011010100000000000000000000000000000000;0.693843;9421;0000010000000000000000010010000000000000001;0.0327;444;0.46822;119
13;0000001010100000000010000000000000000000000;0.695463;9443;0000100000101000000000000000000000010000000;0.0384445;522;0.471607;118
14;0000001010100000000010000000000000000000000;0.695463;9443;0000010000000000000000000010100000100000000;0.0396966;539;0.484744;128
15;0000011010100000000000000000000000000000000;0.693843;9421;0010000000000000000000000001000000010000001;0.0424952;577;0.486441;128
16;0000011010100000000000000000000000000000000;0.693843;9421;0010000000001000000000000100000010000000000;0.00994255;135;0.481556;134
17;0000011010100000000000000000000000000000000;0.693843;9421;0000000100000000000000000010000010000000100;0.0173074;235;0.490603;138
18;0000001010100000000010000000000000000000000;0.695463;9443;0000000001000000000000100100100000000000000;0.048608;660;0.50638;154
19;0000001010100000000010000000000000000000000;0.695463;9443;0000000000000000000000010100100010000000000;0.0449993;611;0.515768;172
20;0000001010100000000010000000000000000000000;0.695463;9443;0000000000000000000100000010000001010000000;0.0418324;568;0.532626;188
21;0000001010100000000010000000000000000000000;0.695463;9443;0000000100000000000000000000000110000000010;0.0146561;199;0.538799;197
22;0000001010100000000010000000000000000000000;0.695463;9443;0000001000100000000000000000001000001000000;0.0366033;497;0.549764;220
23;0000001010100000000010000000000000000000000;0.695463;9443;0000000000100000001000000000000000100000010;0.0548682;745;0.555807;227
24;0000001010100000000010000000000000000000000;0.695463;9443;0100001000100000001000000000000000000000000;0.0324054;440;0.559282;236
25;0000001010100000000010000000000000000000000;0.695463;9443;0010000100100000010000000000000000000000000;0.0542053;736;0.560267;242
26;0000001010100000000010000000000000000000000;0.695463;9443;0000001001100000000000001000000000000000000;0.0570776;775;0.555341;233
27;0000001010100000000010000000000000000000000;0.695463;9443;0000000000010000001010000000010000000000000;0.113419;1540;0.561722;237
28;0000001010100000000010000000000000000000000;0.695463;9443;0000000000000000101000000100000000100000000;0.138017;1874;0.558824;241
29;0000001010100000000010000000000000000000000;0.695463;9443;0000010100000100010000000000000000000000000;0.0925762;1257;0.564083;250
30;0000001010100000000010000000000000000000000;0.695463;9443;1000000000000000001000000100000000001000000;0.096185;1306;0.55484;240
31;0000001010100000000010000000000000000000000;0.695463;9443;0001001000100000000000001000000000000000000;0.0690087;937;0.539216;230
32;0000001010100000000010000000000000000000000;0.695463;9443;0000000100100000000000000000000011000000000;0.0472824;642;0.541657;235
33;0000001010100000000010000000000000000000000;0.695463;9443;0000100000100000001000000000000000010000000;0.0736485;1000;0.553265;242
34;0000001010100000000010000000000000000000000;0.695463;9443;0000001000110000001000000000000000000000000;0.0393283;534;0.546147;234
35;0000001010100000000010000000000000000000000;0.695463;9443;0000001000100000000000001000000000000100000;0.055531;754;0.554597;235
36;0000001010100000000010000000000000000000000;0.695463;9443;0000000000100000001000000000000000000000101;0.0282074;383;0.54492;225
37;0000001010100000000010000000000000000000000;0.695463;9443;0000001000000000000000110000000000100000000;0.0206952;281;0.548594;227
38;0000001010100000000010000000000000000000000;0.695463;9443;0000001000101000000000000000100000000000000;0.0452939;615;0.541221;234
39;0000001010100000000010000000000000000000000;0.695463;9443;0000001000110000000000010000000000000000000;0.0562675;764;0.549247;247
40;0000001010100000000010000000000000000000000;0.695463;9443;0000001100000000010000000000000000000010000;0.054058;734;0.583502;272
41;0000001010100000000010000000000000000000000;0.695463;9443;0000001000110000000000000000000000001000000;0.0439682;597;0.581811;266
42;0000001010100000000010000000000000000000000;0.695463;9443;0000001000100000000000000000100010000000000;0.0480189;652;0.594788;291
43;0000001010100000000010000000000000000000000;0.695463;9443;0000001000100000000010000000000000000100000;0.19782;2686;0.586941;288
44;0000001010100000000010000000000000000000000;0.695463;9443;0000001000100000000000000000001000000000100;0.0307851;418;0.60011;298
45;0000001010100000000010000000000000000000000;0.695463;9443;1000001000100000000000000000100000000000000;0.0463986;630;0.601039;307
46;0000001010100000000010000000000000000000000;0.695463;9443;0000001000100000000010000000000010000000000;0.198777;2699;0.607346;306
47;0000001010100000000010000000000000000000000;0.695463;9443;0000001000010000000010000000000000001000000;0.100162;1360;0.6034;308
48;0000001010100000000010000000000000000000000;0.695463;9443;0000001000000100000010000000000001000000000;0.0998674;1356;0.614414;318
49;0000001010100000000010000000000000000000000;0.695463;9443;0000001000000000000010000000000000001000100;0.104139;1414;0.615507;315
50;0000001010100000000010000000000000000000000;0.695463;9443;0000001000101000000010000000000000000000000;0.195095;2649;0.614652;321
=============================================
geração;melhor;fitness;cobertura;pior;fitness;cobertura;média;ind_repetidos
0;0000000000100001000000000100000000010000000;0.542274;7363;1000000001000000000000000000000010000001000;0.00324054;44;0.0957231;2
1;0000000000100001000000000100000000010000000;0.542274;7363;0000000000001000000001000000000100000000001;0.00596553;81;0.118531;13
2;0000000110000000000000000100000000010000000;0.552438;7501;0010000000010000000000000000000000000000011;0.00368243;50;0.161326;24
3;0000000010100010000000000100000000000000000;0.599205;8136;0100000000000000100000000000000000000000011;0.0120047;163;0.188337;14
4;0000000010100000000000000100000000010000000;0.627338;8518;0000000100010000000000000010000000000010000;0.0176757;240;0.217895;31
5;0000000010100000000000000100000000010000000;0.627338;8518;1000000000000001000000000000001000100000000;0.00942701;128;0.237285;35
6;0000000010100000000000000100010000000000000;0.657902;8933;0010000000000000000000000000000110000000100;0.0112682;153;0.263609;33
7;0000000010100000000000000101000000000000000;0.675063;9166;0010000000000001000000000000000100100000000;0.0128148;174;0.281166;36
8;0000000010100000000000000100010000000000000;0.657902;8933;0000100000000000000000000010000100000000010;0.0171601;233;0.298169;52
9;0000000010100000000000000100010000000000000;0.657902;8933;1000000100000001000000000000000100000000000;0.013625;185;0.31902;53
10;0000000010100000000000000100010000000000000;0.657902;8933;0000000000000100000000000100000000001000001;0.0357932;486;0.363063;74
11;0000000010100000000000001100000000000000000;0.678082;9207;0100000000000000000000000100000000000100001;0.0165709;225;0.38368;75
12;0000000010100000000000001100000000000000000;0.678082;9207;0000010000100000000000000000000000010000010;0.0524378;712;0.416665;96
13;0000000010100000000000001100000000000000000;0.678082;9207;0010000000000000000000000100000000000010001;0.0147297;200;0.429002;94
14;0000000010100000000000001100000000000000000;0.678082;9207;0001000000000100000000100100000000000000000;0.0373398;507;0.440084;97
15;0000000010100000000000001100000000000000000;0.678082;9207;0000000001000100000000000010000000100000000;0.0283547;385;0.456467;120
16;0000000010100000000000001100000000000000000;0.678082;9207;0100000000101000000000000000000000000000001;0.0182648;248;0.469238;126
17;0000000010100000000000001100000000000000000;0.678082;9207;0010000100000000000000000000000100000001000;0.0170865;232;0.482175;126
18;0000001010100000000010000000000000000000000;0.695463;9443;1000001000000000000000001000000000000001000;0.0284283;386;0.4888;151
19;0000000110100000000010000000000000000000000;0.68935;9360;0000000000110000001000000000000010000000000;0.0438209;595;0.504124;161
20;0000001010100000000010000000000000000000000;0.695463;9443;0000000000100000000000001000000100000000001;0.0292385;397;0.500816;155
21;0000001010100000000010000000000000000000000;0.695463;9443;0000001000100000000000001000000000000000001;0.0496391;674;0.515786;186
22;0000001010100000000010000000000000000000000;0.695463;9443;0100000000100000001000000000000000000001000;0.0317425;431;0.545051;220
23;0000001010100000000010000000000000000000000;0.695463;9443;0000001000000000000000000010000001000001000;0.0213581;290;0.551955;228
24;0000001010100000000010000000000000000000000;0.695463;9443;0000000000101000000000000010000000000000001;0.0243777;331;0.554869;234
25;0000001010100000000010000000000000000000000;0.695463;9443;1000000100100000000100000000000000000000000;0.0346148;470;0.543491;220
26;0000001010100000000010000000000000000000000;0.695463;9443;0000001000110000000000000000001000000000000;0.0424216;576;0.565793;236
27;0000001010100000000010000000000000000000000;0.695463;9443;0000001000000000000000001000100000000000100;0.044852;609;0.556784;233
28;0000001010100000000010000000000000000000000;0.695463;9443;0010000000000000000000000001100010000000000;0.0267344;363;0.54775;237
29;0000001010100000000010000000000000000000000;0.695463;9443;1010000100100000000000000000000000000000000;0.0432317;587;0.544746;239
30;0000001010100000000010000000000000000000000;0.695463;9443;0000100100000000000010001000000000000000000;0.110767;1504;0.544163;231
31;0000001010100000000010000000000000000000000;0.695463;9443;0000001000100000000000000000000001000010000;0.0457358;621;0.544903;225
32;0000001010100000000010000000000000000000000;0.695463;9443;0000000000100100000000101000000000000000000;0.109442;1486;0.554002;239
33;0000001010100000000010000000000000000000000;0.695463;9443;0001000000100000000000000100000000000001000;0.111946;1520;0.550037;232
34;0000001010100000000010000000000000000000000;0.695463;9443;0000000000100000000000001000000100000000001;0.0292385;397;0.555902;233
35;0000001010100000000010000000000000000000000;0.695463;9443;0100000100100000000000000000000010000000000;0.0366033;497;0.555481;233
36;0000001010100000000010000000000000000000000;0.695463;9443;0000001000100000000000000000000000000100100;0.0463986;630;0.558732;246
37;0000001010100000000010000000000000000000000;0.695463;9443;0000000000100000000000001000000000100000010;0.0212844;289;0.542065;223
38;0000001010100000000010000000000000000000000;0.695463;9443;0000001000100000000000011000000000000000000;0.075858;1030;0.555673;238
39;0000001010100000000010000000000000000000000;0.695463;9443;0000001000100000000000000000000001001000000;0.0385182;523;0.560752;245
40;0000001010100000000010000000000000000000000;0.695463;9443;0100000000100000100000000000000000000000001;0.0399175;542;0.548408;229
41;0000001010100000000010000000000000000000000;0.695463;9443;0000000000100000001000000000000000000001001;0.0330682;449;0.55126;234
42;0000001010100000000010000000000000000000000;0.695463;9443;0000000000100000000000000000001010000100000;0.0329945;448;0.542027;233
43;0000001010100000000010000000000000000000000;0.695463;9443;0001000000100000100000000010000000000000000;0.0696715;946;0.534802;222
44;0000001010100000000010000000000000000000000;0.695463;9443;0000000000000000000000001000000000100100100;0.0179702;244;0.547595;233
45;0000001010100000000010000000000000000000000;0.695463;9443;0000000000100100000000001000000000000000001;0.0411695;559;0.550816;235
46;0000001010100000000010000000000000000000000;0.695463;9443;0100001000000000000000000010000010000000000;0.0165709;225;0.545404;248
47;0000001010100000000010000000000000000000000;0.695463;9443;0000000001100000000000000010000000000000001;0.0462513;628;0.544019;236
48;0000001010100000000010000000000000000000000;0.695463;9443;0000000000111000000000001000000000000000000;0.0388128;527;0.575034;260
49;0000001010100000000010000000000000000000000;0.695463;9443;0000001000100000000000001000000000000010000;0.0584769;794;0.562664;257
50;0000001010100000000010000000000000000000000;0.695463;9443;0000001000100100000000000000000010000000000;0.0572986;778;0.554616;250
=============================================
geração;melhor;fitness;cobertura;pior;fitness;cobertura;média;ind_repetidos
0;0000000010010000000000000100000000100000000;0.508322;6902;0010000000001000000001010000000000000000000;0.00434526;59;0.0908768;2
1;0000001010100000000000000000000000000000010;0.6199;8417;0010000000001000000000000000001000000000100;0.00309324;42;0.130448;15
2;0000001010100000000000000000000000000000010;0.6199;8417;0010000000000000000000000010000000100100000;0.00390337;53;0.173128;12
3;0000001010100001000000000000000000000000000;0.633009;8595;0000001100001000000000000000000000000010000;0.00986891;134;0.215406;25
4;0000001010100000100000000000000000000000000;0.664457;9022;0000001100000000000000000000001010000000000;0.0131831;179;0.244149;27
5;0000001010100000000010000000000000000000000;0.695463;9443;0000001000001000000000000010000000000001000;0.00802769;109;0.259876;40
6;0000001010100000000010000000000000000000000;0.695463;9443;0000001000000000000000100000000100000001000;0.0196642;267;0.307329;43
7;0000001010100000000010000000000000000000000;0.695463;9443;1000010001000000001000000000000000000000000;0.012152;165;0.344225;44
8;0000000110100000000010000000000000000000000;0.68935;9360;1000000001000000000100000000000000000000100;0.025777;350;0.370144;58
9;0000000010100000000000001100000000000000000;0.678082;9207;0000001000000100000000000000001000000000001;0.0310797;422;0.393296;86
10;0000001010100000000010000000000000000000000;0.695463;9443;1000000000000000000000000100001000000000100;0.0109736;149;0.426171;84
11;0000000010100000000000001100000000000000000;0.678082;9207;0010001000001000000000000000000100000000000;0.0237148;322;0.444621;101
12;0000001010100000000010000000000000000000000;0.695463;9443;0100001100000000000000000000000000000001000;0.0169392;230;0.464229;114
13;0000000110100000000010000000000000000000000;0.68935;9360;0000000000100000000000000000001100000000001;0.0233466;317;0.481393;140
14;0000000110100000000010000000000000000000000;0.68935;9360;0000100000000000000000010010000000100000000;0.0265135;360;0.496399;153
15;0000001010100000000010000000000000000000000;0.695463;9443;0000000000010000000000000100001000100000000;0.0430844;585;0.519853;171
16;0000001010100000000010000000000000000000000;0.695463;9443;1000001000000000000000010000100000000000000;0.0294594;400;0.518953;174
17;0000001010100000000010000000000000000000000;0.695463;9443;0000000000000000000000100100001000010000000;0.0769627;1045;0.525494;182
18;0000000110100000000010000000000000000000000;0.68935;9360;0000001000100000000100000000001000000000000;0.0629695;855;0.539189;196
19;0000000110100000000010000000000000000000000;0.68935;9360;0000100000100000000000000000000100000000001;0.0403594;548;0.536696;191
20;0000001010100000000010000000000000000000000;0.695463;9443;1000001000100000000000000000001000000000000;0.0281337;382;0.539496;204
21;0000001010100000000010000000000000000000000;0.695463;9443;0000001000100000000000010000000000000010000;0.0599499;814;0.545296;222
22;0000001010100000000010000000000000000000000;0.695463;9443;0000000001100000100000000000000000000001000;0.068935;936;0.549567;230
23;0000001010100000000010000000000000000000000;0.695463;9443;0000001001100000000000001000000000000000000;0.0570776;775;0.563746;242
24;0000001010100000000010000000000000000000000;0.695463;9443;0000000000100000000000000100001000000000100;0.0983208;1335;0.562604;243
25;0000001010100000000010000000000000000000000;0.695463;9443;1000000100100000000000001000000000000000000;0.0445574;605;0.559561;242
26;0000001010100000000010000000000000000000000;0.695463;9443;0000001000000000000010001000100000000000000;0.117469;1595;0.569321;258
27;0000001010100000000010000000000000000000000;0.695463;9443;0000010000100000000000001010000000000000000;0.0714391;970;0.567237;259
28;0000001010100000000010000000000000000000000;0.695463;9443;1000000000100000000000000100000000000000001;0.0961114;1305;0.575207;262
29;0000001010100000000010000000000000000000000;0.695463;9443;0000000000100000010000001000000000000000100;0.0959641;1303;0.588493;290
30;0000001010100000000010000000000000000000000;0.695463;9443;0010001000100000000000001000000000000000000;0.0634114;861;0.597197;299
31;0000001010100000000010000000000000000000000;0.695463;9443;0100000000100000010000001000000000000000000;0.0863161;1172;0.606287;305
32;0000001010100000000010000000000000000000000;0.695463;9443;0000000000100000000000001000000000100100000;0.0307114;417;0.591111;296
33;0000001010100000000010000000000000000000000;0.695463;9443;0000100000100000001000001000000000000000000;0.122919;1669;0.599136;309
34;0000001010100000000010000000000000000000000;0.695463;9443;0000000000100000000000001001000000001000000;0.154515;2098;0.586412;299
35;0000000010100000000000001100000000000000000;0.678082;9207;0000000000000000000000001100001000000000001;0.131978;1792;0.587711;303
36;0000000010100000000000001100000000000000000;0.678082;9207;1000000000100000000000000100000010000000000;0.100899;1370;0.593159;302
37;0000000010100000000000001100000000000000000;0.678082;9207;0000010010010000000000001000000000000000000;0.183017;2485;0.600977;307
38;0000000010100000000000001100000000000000000;0.678082;9207;0000000000100000000000001000100000001000000;0.0395493;537;0.611104;326
39;0000000010100000000000001100000000000000000;0.678082;9207;0010000000100100000000000100000000000000000;0.12697;1724;0.609572;323
40;0000000010100000000000001100000000000000000;0.678082;9207;0000100000100000000000001000010000000000000;0.137575;1868;0.615137;322
41;0000000010100000000000001100000000000000000;0.678082;9207;0000000000000000000001001100000000000100000;0.148328;2014;0.614649;325
42;0000000010100000000000001100000000000000000;0.678082;9207;0000010000100100000000000100000000000000000;0.167992;2281;0.614589;325
43;0000000010100000000000001100000000000000000;0.678082;9207;1000000000100000000000001100000000000000000;0.205479;2790;0.620032;331
44;0000000010100000000000001100000000000000000;0.678082;9207;0001000010000000000000001010000000000000000;0.16431;2231;0.610042;328
45;0000000010100000000000001100000000000000000;0.678082;9207;1000000000100000000000001100000000000000000;0.205479;2790;0.602428;318
46;0000000010100000000000001100000000000000000;0.678082;9207;0000000000100000000001000100000000000000100;0.13485;1831;0.603468;310
47;0000000010100000000000001100000000000000000;0.678082;9207;0000000000100000000100001010000000000000000;0.0805715;1094;0.605999;323
48;0000000010100000000000001100000000000000000;0.678082;9207;0010000010000000000000001000000000100000000;0.147003;1996;0.599785;325
49;0000000010100000000000001100000000000000000;0.678082;9207;1000100000100000000000000100000000000000000;0.124392;1689;0.602359;318
50;0000000010100000000000001100000000000000000;0.678082;9207;0000000000100000000000000100000010000001000;0.108558;1474;0.596125;317
=============================================
geração;melhor;fitness;cobertura;pior;fitness;cobertura;média;ind_repetidos
0;0000000010000000001000000100000100000000000;0.594344;8070;0001000000001000000000000000000000100001000;0.00287229;39;0.0953027;2
1;0000000010000010000000000100000100000000000;0.584328;7934;1000001000000000000000000000000100000000010;0.0048608;66;0.126134;5
2;0000000010100000000000000000100100000000000;0.485197;6588;0001000000001000000000000000001000000000010;0.00184121;25;0.147363;17
3;1000001010100000000000000000000000000000000;0.615776;8361;0000100000001000000000000000001000000001000;0.00552364;75;0.177319;30
4;0000001010000000000100000100000000000000000;0.602592;8182;0010000000000000000000000000001100001000000;0.0132567;180;0.209114;26
5;0000001010100000000010000000000000000000000;0.695463;9443;0001000000000000000000000010000100000001000;0.00626013;85;0.229062;30
6;0000001010100000000010000000000000000000000;0.695463;9443;0100000001000000000000000000000100000000100;0.0107527;146;0.275095;43
7;0000001010100000000010000000000000000000000;0.695463;9443;0000000000011000000000001000000100000000000;0.0130358;177;0.297742;48
8;0000001010100000000010000000000000000000000;0.695463;9443;0000000000001100000000000000001000000001000;0.0191486;260;0.336091;64
9;0000000110100000000010000000000000000000000;0.68935;9360;0001000100001000000000000000000000010000000;0.0227574;309;0.372394;75
10;0000000010100000000000000101000000000000000;0.675063;9166;0000000100000000000000001000000101000000000;0.0206216;280;0.409549;90
11;0000000010100000000000000101000000000000000;0.675063;9166;1000000100000000100000000000000000100000000;0.0151716;206;0.430535;105
12;0000001010100000000010000000000000000000000;0.695463;9443;0000100000000000000001000100001000000000000;0.0449256;610;0.452131;108
13;0000001010100000000010000000000000000000000;0.695463;9443;0000001000010000000000000000000100001000000;0.0232729;316;0.457749;116
14;0000001010100000000010000000000000000000000;0.695463;9443;0000001000000000000000100000000100000100000;0.0422006;573;0.471915;125
15;0000001010100000000010000000000000000000000;0.695463;9443;0001000001000000000000000100000010000000000;0.0226101;307;0.48416;140
16;0000000110100000000010000000000000000000000;0.68935;9360;1000000000000000000000000000001100010000000;0.0138459;188;0.497039;157
17;0000001010100000000010000000000000000000000;0.695463;9443;0000000100000000000000100000001000010000000;0.014877;202;0.506722;158
18;0000011010100000000000000000000000000000000;0.693843;9421;0000001000101000000000000000000000000000001;0.0274709;373;0.517835;167
19;0000011010100000000000000000000000000000000;0.693843;9421;0000000000100000010000000000000000000010010;0.0759317;1031;0.526592;183
20;0000001010100000000010000000000000000000000;0.695463;9443;0000000100100000001000000000000000000000010;0.0402121;546;0.527097;200
21;0000001010100000000010000000000000000000000;0.695463;9443;0000000000101000000000000000000000100000100;0.0177493;241;0.532504;216
22;0000001010100000000010000000000000000000000;0.695463;9443;0000000000000000000100110100000000000000000;0.093681;1272;0.532501;213
23;0000001010100000000010000000000000000000000;0.695463;9443;0000000000000000100000010000100000000000100;0.0589925;801;0.543186;213
24;0000001010100000000010000000000000000000000;0.695463;9443;0000000101100000001000000000000000000000000;0.0481662;654;0.525025;205
25;0000001010100000000010000000000000000000000;0.695463;9443;0100001000100000000100000000000000000000000;0.0668729;908;0.534215;208
26;0000001010100000000010000000000000000000000;0.695463;9443;0000000000100000000000010000000000000000110;0.0782148;1062;0.549024;224
27;0000001010100000000010000000000000000000000;0.695463;9443;0000001000100000100000000000000000000001000;0.0958904;1302;0.553236;219
28;0000001010100000000010000000000000000000000;0.695463;9443;0000001000000001000000000100100000000000000;0.136839;1858;0.55359;231
29;0000001010100000000010000000000000000000000;0.695463;9443;0000001000100000110000000000000000000000000;0.0999411;1357;0.560437;237
30;0000001010100000000010000000000000000000000;0.695463;9443;0000000100100000000000001000000000000100000;0.055752;757;0.551865;216
31;0000001010100000000010000000000000000000000;0.695463;9443;0000000000100000000000000100000000000100010;0.112756;1531;0.560663;224
32;0000001010100000000010000000000000000000000;0.695463;9443;1000000100001000000000000000000000000000100;0.00736485;100;0.552501;228
33;0000001010100000000010000000000000000000000;0.695463;9443;0000001000110000000000000000000000000010000;0.0525114;713;0.55227;239
34;0000001010100000000010000000000000000000000;0.695463;9443;0000000100100000000000000000000000001000010;0.0376344;511;0.559551;252
35;0000001010100000000010000000000000000000000;0.695463;9443;1000001000100000000000000000000000000000010;0.0260716;354;0.564088;241
36;0000001010100000000010000000000000000000000;0.695463;9443;0000000100101000000000000000000000000000100;0.0328473;446;0.573397;262
37;0000001010100000000010000000000000000000000;0.695463;9443;0000001000100100000000000000000000001000000;0.0600236;815;0.576459;273
38;0000001010100000000010000000000000000000000;0.695463;9443;0001001000000000001000000000000000001000000;0.0360141;489;0.57445;273
39;0000001010100000000010000000000000000000000;0.695463;9443;0000001000000000000010010000000000100000000;0.097658;1326;0.588614;281
40;0000001010100000000010000000000000000000000;0.695463;9443;0000001000100000000100000000000000001000000;0.0650317;883;0.608229;299
41;0000001010100000000010000000000000000000000;0.695463;9443;0000001000100000000000010000000000000000100;0.0751215;1020;0.612316;309
42;0000001010100000000010000000000000000000000;0.695463;9443;0000001001100000000000001000000000000000000;0.0570776;775;0.610749;305
43;0000001010100000000010000000000000000000000;0.695463;9443;0000001000001000000010000001000000000000000;0.179923;2443;0.614011;314
44;0000001010100000000010000000000000000000000;0.695463;9443;0000001000100000000000000000000000000000110;0.0759317;1031;0.611238;313
45;0000001010100000000010000000000000000000000;0.695463;9443;0000001000100000000100000000001000000000000;0.0629695;855;0.615821;318
46;0000001010100000000010000000000000000000000;0.695463;9443;0000001000101000000010000000000000000000000;0.195095;2649;0.608967;319
47;0000001010100000000010000000000000000000000;0.695463;9443;0000001000100000000010000000000000000100000;0.19782;2686;0.620347;322
48;0000001010100000000010000000000000000000000;0.695463;9443;0000001000000010000000010000000010000000000;0.154883;2103;0.610454;314
49;0000001010100000000010000000000000000000000;0.695463;9443;0000001000100000000010000000000010000000000;0.198777;2699;0.616404;321
50;0000001010100000000010000000000000000000000;0.695463;9443;0000001000100100000000000000000000000001000;0.0628959;854;0.621481;317
=============================================
geração;melhor;fitness;cobertura;pior;fitness;cobertura;média;ind_repetidos
0;0000001010000000000000000001000000100000000;0.527545;7163;0010100000001000000000000000010000000000000;0.00147297;20;0.0775928;1
1;0000000010000000001000000100000100000000000;0.594344;8070;0010000000000000000000000000001001000000100;0.00382972;52;0.117594;12
2;0000000010000000001000000100000100000000000;0.594344;8070;0010000000000000000001010010000000000000000;0.00846958;115;0.155377;28
3;0000000010000000000000000100000000110000000;0.576226;7824;0000000000011000000000000001000010000000000;0.0102371;139;0.18444;23
4;0000001010100000000000000100000000000000000;0.632052;8582;0010000000000000000000000000010010000000010;0.00213581;29;0.215562;35
5;0000001010100000000000000100000000000000000;0.632052;8582;0000001100001000000000000000000000000000010;0.00670202;91;0.250831;34
6;0000000010100000000000000101000000000000000;0.675063;9166;1000000000101000000000000000000000010000000;0.0191486;260;0.286975;44
7;0000001010100000000010000000000000000000000;0.695463;9443;0000000000000000000000000010001000100000010;0.00559729;76;0.326286;57
8;0000001010100000000010000000000000000000000;0.695463;9443;0001000000000000000000000001000000000000101;0.0111946;152;0.357486;63
9;0000001010100000000010000000000000000000000;0.695463;9443;0000000001000000000000000010000000100000010;0.00994255;135;0.395538;81
10;0000001010100000000010000000000000000000000;0.695463;9443;0000001000000001000000000010001000000000000;0.0147297;200;0.416772;85
11;0000001010100000000010000000000000000000000;0.695463;9443;0000001000010000000000000010000000001000000;0.0192223;261;0.435669;106
12;0000001010100000000010000000000000000000000;0.695463;9443;0000000001000000000000000000000001100000001;0.0187067;254;0.452558;118
13;0000001010100000000010000000000000000000000;0.695463;9443;1000000000100000000000010010000000000000000;0.0307851;418;0.495486;155
14;0000001010100000000010000000000000000000000;0.695463;9443;0000001000001000000000000000000010010000000;0.031227;424;0.51375;171
15;0000001010100000000010000000000000000000000;0.695463;9443;0100000001100000000000000010000000000000000;0.0426425;579;0.512284;173
16;0000001010100000000010000000000000000000000;0.695463;9443;0000000000101000000000000000000110000000000;0.0251142;341;0.525233;185
17;0000001010100000000010000000000000000000000;0.695463;9443;0000000001000000000000000100000100000100000;0.0511857;695;0.536672;201
18;0000001010100000000010000000000000000000000;0.695463;9443;1000000100100000000000000000000001000000000;0.0346885;471;0.531695;199
19;0000001010100000000010000000000000000000000;0.695463;9443;0100001000100000000000000000000000000000010;0.0299013;406;0.534705;207
20;0000001010100000000010000000000000000000000;0.695463;9443;0000010000100000000000000000000000100000100;0.0514067;698;0.528497;194
21;0000001010100000000010000000000000000000000;0.695463;9443;0000001000100000000100000000000010000000000;0.0645898;877;0.539401;201
22;0000001010100000000010000000000000000000000;0.695463;9443;0000000000100000000000010000001010000000000;0.0261452;355;0.532632;208
23;0000001010100000000010000000000000000000000;0.695463;9443;0000000000000000000100000001000001000001000;0.0606128;823;0.539806;210
24;0000001010100000000010000000000000000000000;0.695463;9443;1000001000100000000000000000000000000000100;0.0287229;390;0.529304;199
25;0000001010100000000010000000000000000000000;0.695463;9443;0000001000001000010000000000000000000100000;0.0438209;595;0.5354;215
26;0000001010100000000010000000000000000000000;0.695463;9443;0010000001000000000000000001000000010000000;0.0475033;645;0.545141;227
27;0000001010100000000010000000000000000000000;0.695463;9443;0000001001000000000000000000000000010000001;0.0343939;467;0.554484;230
28;0000001010100000000010000000000000000000000;0.695463;9443;0000001000100000000000000000000000001000001;0.0342466;465;0.548748;229
29;0000001010100000000010000000000000000000000;0.695463;9443;0000001000110000010000000000000000000000000;0.0822654;1117;0.56448;241
30;0000001010100000000010000000000000000000000;0.695463;9443;0000001000100000000001000000000000000001000;0.0687141;933;0.590251;275
31;0000001010100000000010000000000000000000000;0.695463;9443;0000001000000000100010000000000000000000010;0.106864;1451;0.589182;271
32;0000001010100000000010000000000000000000000;0.695463;9443;0000001000100000000000000000000000001001000;0.0440418;598;0.593649;287
33;0000001010100000000010000000000000000000000;0.695463;9443;0000001000100000000000001000000000000010000;0.0584769;794;0.594533;287
34;0000001010100000000010000000000000000000000;0.695463;9443;0100001000000000010000000000000000000000001;0.0531743;722;0.599162;287
35;0000001010100000000010000000000000000000000;0.695463;9443;0000001000110000000000000000000001000000000;0.0433053;588;0.586744;293
36;0000001010100000000010000000000000000000000;0.695463;9443;0000001000000000000010000000000001000100000;0.104949;1425;0.603676;295
37;0000001010100000000010000000000000000000000;0.695463;9443;0000001000100000010000000000000010000000000;0.0732067;994;0.601197;298
38;0000001010100000000010000000000000000000000;0.695463;9443;0000001100000000000010000000000000000001000;0.0935337;1270;0.60238;304
39;0000001010100000000010000000000000000000000;0.695463;9443;0000001000100100001000000000000000000000000;0.0567094;770;0.616061;315
40;0000001010100000000010000000000000000000000;0.695463;9443;0000001001101000000000000000000000000000000;0.0382972;520;0.604485;312
41;0000001010100000000010000000000000000000000;0.695463;9443;0000001001100000000000000000000000000000010;0.0409486;556;0.597377;303
42;0000001010100000000010000000000000000000000;0.695463;9443;0000001000000000100010000000000000000000010;0.106864;1451;0.594776;309
43;0000001010100000000010000000000000000000000;0.695463;9443;0010001000000100000010000000000000000000000;0.112093;1522;0.601071;307
44;0000001010100000000010000000000000000000000;0.695463;9443;0001001100000000000010000000000000000000000;0.100162;1360;0.600909;309
45;0000001010100000000010000000000000000000000;0.695463;9443;1000001000100000000000000000000000000100000;0.0365297;496;0.612941;314
46;0000001010100000000010000000000000000000000;0.695463;9443;0000001100000000000011000000000000000000000;0.122772;1667;0.610736;317
47;0000001010100000000010000000000000000000000;0.695463;9443;1000001000100000001000000000000000000000000;0.0268817;365;0.61209;317
48;0000001010100000000010000000000000000000000;0.695463;9443;0000010000000000000010000100000000000100000;0.134703;1829;0.623515;318
49;0000001010100000000010000000000000000000000;0.695463;9443;0000101000100000000000000000000000000001000;0.100015;1358;0.642164;325
50;0000001010100000000010000000000000000000000;0.695463;9443;0010001000000000000000000010001000000000000;0.0260716;354;0.622658;321
=============================================
geração;melhor;fitness;cobertura;pior;fitness;cobertura;média;ind_repetidos
0;0000001010100000100000000000000000000000000;0.664457;9022;0000000000001000000001000000000000100000100;0.00434526;59;0.0897096;1
1;0000001010100000100000000000000000000000000;0.664457;9022;0000000001000000010000000000001010000000000;0.00618648;84;0.123332;18
2;0000001010100000100000000000000000000000000;0.664457;9022;1000100000000000000000000000000000000010001;0.00714391;97;0.155548;14
3;0000001010100000100000000000000000000000000;0.664457;9022;1000000000010000001000000000000000000000010;0.00935337;127;0.191845;25
4;0000000110100010000000000000000000000000000;0.63323;8598;0000001000001000000000000000001010000000000;0.00493445;67;0.220272;31
5;0000000110100000000010000000000000000000000;0.68935;9360;0000000000001000000000000000001100010000000;0.0137723;187;0.257036;33
6;0000001010100000100000000000000000000000000;0.664457;9022;0001000000000000000000000000000110000000010;0.0105317;143;0.300509;43
7;0000001010100000100000000000000000000000000;0.664457;9022;1000000000001000000000000000000100000001000;0.000957431;13;0.340322;56
8;0000001010100000100000000000000000000000000;0.664457;9022;0000100000001000000000000010000000100000000;0.0151716;206;0.378695;71
9;0000001010100000000010000000000000000000000;0.695463;9443;1000001000000000001000000000000000100000000;0.0353513;480;0.417159;93
10;0000011010100000000000000000000000000000000;0.693843;9421;0000001001000000000000000000000100000000001;0.0198115;269;0.439476;102
11;0000011010100000000000000000000000000000000;0.693843;9421;1000001000000000000001000000000000100000000;0.0112682;153;0.455886;121
12;0000011010100000000000000000000000000000000;0.693843;9421;0000000000100000000000000000001000100000010;0.0177493;241;0.480199;142
13;0000001010100000000010000000000000000000000;0.695463;9443;0000000000101000000000000010001000000000000;0.0193696;263;0.494858;145
14;0000011010100000000000000000000000000000000;0.693843;9421;0100100000100000000000000000000000000000100;0.0244513;332;0.513985;170
15;0000001010100000000010000000000000000000000;0.695463;9443;0010100000000000000001000000000000000000001;0.0109736;149;0.529402;187
16;0000001010100000000010000000000000000000000;0.695463;9443;0000001000100000000000000000000000001000010;0.033731;458;0.543727;211
17;0000001010100000000010000000000000000000000;0.695463;9443;0000001001000000000000000000000001000000100;0.0217263;295;0.540126;215
18;0000001010100000000010000000000000000000000;0.695463;9443;0000001000101000000000000000000000000000001;0.0274709;373;0.543039;219
19;0000001010100000000010000000000000000000000;0.695463;9443;0001000000100000000000000000000010100000000;0.0332891;452;0.550793;224
20;0000001010100000000010000000000000000000000;0.695463;9443;0001000100100000001000000000000000000000000;0.0472824;642;0.547692;229
21;0000001010100000000010000000000000000000000;0.695463;9443;0000001000100000000000000000000000000100001;0.0400648;544;0.553107;237
22;0000001010100000000010000000000000000000000;0.695463;9443;0000010001000000000000000100000000000000010;0.0457358;621;0.553701;242
23;0000001010100000000010000000000000000000000;0.695463;9443;0000001000001000100100000000000000000000000;0.0547209;743;0.557265;235
24;0000001010100000000010000000000000000000000;0.695463;9443;0100000100100000010000000000000000000000000;0.0417587;567;0.569667;248
25;0000001010100000000010000000000000000000000;0.695463;9443;0100001000101000000000000000000000000000000;0.0291648;396;0.564342;253
26;0000001010100000000010000000000000000000000;0.695463;9443;0000001000100000001000000000001000000000000;0.0283547;385;0.573054;259
27;0000001010100000000010000000000000000000000;0.695463;9443;0000000001100000000000000000000000000010001;0.0508911;691;0.581684;270
28;0000001010100000000010000000000000000000000;0.695463;9443;0001001000100000000000000000000001000000000;0.0563411;765;0.594467;295
29;0000001010100000000010000000000000000000000;0.695463;9443;0000001000100000000000000000000000000010100;0.062454;848;0.59951;294
30;0000001010100000000010000000000000000000000;0.695463;9443;0000001000100000000000100000000010000000000;0.103403;1404;0.611176;301
31;0000001010100000000010000000000000000000000;0.695463;9443;0000001000000000000010000010000000000000010;0.0860952;1169;0.614406;312
32;0000001010100000000010000000000000000000000;0.695463;9443;0000001000000000000010000000000000001000100;0.104139;1414;0.616381;317
33;0000001010100000000010000000000000000000000;0.695463;9443;0000001100000000000010000000000000000000100;0.0888938;1207;0.619045;310
34;0000001010100000000010000000000000000000000;0.695463;9443;0000100010000000000000000000000001000001000;0.157755;2142;0.626747;323
35;0000001010100000000010000000000000000000000;0.695463;9443;0000001000100000000000000000001000000001000;0.0340256;462;0.616656;323
36;0000001010100000000010000000000000000000000;0.695463;9443;1000001000100000000010000000000000000000000;0.196642;2670;0.631624;329
37;0000001010100000000010000000000000000000000;0.695463;9443;1000001000100000000010000000000000000000000;0.196642;2670;0.617358;321
38;0000001010100000000010000000000000000000000;0.695463;9443;0000101000100000000000000000001000000000000;0.0995728;1352;0.604764;316
39;0000001010100000000010000000000000000000000;0.695463;9443;0000001000100000000100000000000000000100000;0.0724702;984;0.628922;322
40;0000001010100000000010000000000000000000000;0.695463;9443;1000001000100000000010000000000000000000000;0.196642;2670;0.626656;324
41;0000001010100000000010000000000000000000000;0.695463;9443;0000001000100000000010000000000000000000001;0.199293;2706;0.622462;327
42;0000001010100000000010000000000000000000000;0.695463;9443;1000001000100000000010000000000000000000000;0.196642;2670;0.628122;333
43;0000001010100000000010000000000000000000000;0.695463;9443;1000001000100000000010000000000000000000000;0.196642;2670;0.621559;325
44;0000001010100000000010000000000000000000000;0.695463;9443;0000001000100000000000000000000000000010100;0.062454;848;0.625923;326
45;0000001010100000000010000000000000000000000;0.695463;9443;0000001000000000000010000000000100001000000;0.0930181;1263;0.618408;313
46;0000001010100000000010000000000000000000000;0.695463;9443;0000001000000000000010000000000100001000000;0.0930181;1263;0.627878;327
47;0000001010100000000010000000000000000000000;0.695463;9443;0100000000100000000010000000000000000000010;0.192517;2614;0.627302;327
48;0000001010100000000010000000000000000000000;0.695463;9443;0000001000100000000001000000000000000001000;0.0687141;933;0.618829;324
49;0000001010100000000010000000000000000000000;0.695463;9443;0000001000100000000010000000000000000100000;0.19782;2686;0.614975;312
50;0000001010100000000010000000000000000000000;0.695463;9443;0000001000100000000000000000100000000000010;0.0467668;635;0.617989;326
=============================================
geração;melhor;fitness;cobertura;pior;fitness;cobertura;média;ind_repetidos
0;0000000010000001000000000100000000010000000;0.597437;8112;1000000000001000000000000010000000100000000;0.00132567;18;0.0939597;1
1;0000000010000001000000000100000000010000000;0.597437;8112;0010000000001001000000000000000010000000000;0.00338783;46;0.132234;19
2;0000000110100000000000000000010000000000000;0.620563;8426;1000000000000000000000010000000000000010001;0.00581824;79;0.161628;18
3;0000000110100000000010000000000000000000000;0.68935;9360;0010000000010000000001000000000000000001000;0.00920607;125;0.192162;20
4;0000000110100000000010000000000000000000000;0.68935;9360;0010000000000000000000000010000000100000010;0.00353513;48;0.223032;32
5;0000000110100000000010000000000000000000000;0.68935;9360;0000000000000000000000100010000000100000010;0.00736485;100;0.255476;38
6;0000000110100000000010000000000000000000000;0.68935;9360;1000001000000000000000000000001000000000010;0.00574459;78;0.278972;43
7;0000000110100000000010000000000000000000000;0.68935;9360;1010000000001000010000000000000000000000000;0.0124466;169;0.313812;58
8;0000000010100000000000000101000000000000000;0.675063;9166;0000000000000001000000000000000100100001000;0.0233466;317;0.337979;63
9;0000000010100000000000000101000000000000000;0.675063;9166;0000001000000000000000000010000000000010001;0.0150243;204;0.365665;69
10;0000000010100000000000000101000000000000000;0.675063;9166;1000000000010000100000000000000000000001000;0.0128148;174;0.37931;70
11;0000011010100000000000000000000000000000000;0.693843;9421;0000000101000000000100000000000001000000000;0.0240094;326;0.386597;62
12;0000000010100000000000001100000000000000000;0.678082;9207;0001000000001000000000000000000100100000000;0.002725;37;0.402417;73
13;0000000010100000000000001100000000000000000;0.678082;9207;0000010000001000000000000000010000000000100;0.00567094;77;0.432557;91
14;0000000010100000000000001100000000000000000;0.678082;9207;0000001000010000000000000000000000100000100;0.0149507;203;0.457361;107
15;0000000010100000000000001100000000000000000;0.678082;9207;0000001100010000001000000000000000000000000;0.0184858;251;0.471357;107
16;0000000010100000000000001100000000000000000;0.678082;9207;0000000000000100000000010000000001001000000;0.0330682;449;0.496149;146
17;0000000010100000000000001100000000000000000;0.678082;9207;0000001000000001000000000000100000010000000;0.0505229;686;0.504249;157
18;0000001010100000000010000000000000000000000;0.695463;9443;0010001000001000000000000000000000000000001;0.0260716;354;0.515358;162
19;0000000110100000000010000000000000000000000;0.68935;9360;0000000000100000000000000000001000000010001;0.028281;384;0.517437;168
20;0000000010100000000000001100000000000000000;0.678082;9207;0000000000001100000100000000000000010000000;0.0296067;402;0.510026;175
21;0000001010100000000010000000000000000000000;0.695463;9443;0000000100000000000000101000000001000000000;0.0239358;325;0.506964;172
22;0000001010100000000010000000000000000000000;0.695463;9443;0000000100001000000001000000000000000000100;0.00839593;114;0.517476;193
23;0000001010100000000010000000000000000000000;0.695463;9443;0000000000101000000000001000000000100000000;0.0193696;263;0.528981;187
24;0000001010100000000010000000000000000000000;0.695463;9443;0000001000101100000000000000000000000000000;0.0549418;746;0.54429;213
25;0000000010100000000000001100000000000000000;0.678082;9207;0100000000000000010000000001000000010000000;0.089483;1215;0.546201;227
26;0000000010100000000000001100000000000000000;0.678082;9207;0010000100100000000000000000000000000100000;0.0514067;698;0.553053;240
27;0000000010100000000000001100000000000000000;0.678082;9207;0001000000000000000001000100000000000000100;0.0223892;304;0.550278;257
28;0000000010100000000000001100000000000000000;0.678082;9207;0000000000100000000000000100000001000010000;0.121078;1644;0.570772;266
29;0000001010100000000010000000000000000000000;0.695463;9443;0000000000100000001000000010000010000000000;0.0641479;871;0.582125;294
30;0000001010100000000010000000000000000000000;0.695463;9443;0000100000100000000000000100000000000000100;0.128075;1739;0.569188;274
31;0000001010100000000010000000000000000000000;0.695463;9443;0100000000100000000000000100000000000000010;0.0993519;1349;0.577622;285
32;0000001010100000000010000000000000000000000;0.695463;9443;0000000000100000011000000000000000000100000;0.103771;1409;0.565413;277
33;0000001010100000000010000000000000000000000;0.695463;9443;0000000000000000001000001100000000000001000;0.138091;1875;0.583934;292
34;0000001010100000000010000000000000000000000;0.695463;9443;0000000000000000011000000100000010000000000;0.107601;1461;0.581278;285
35;0000001010100000000010000000000000000000000;0.695463;9443;0000000001100000000000001000000100000000000;0.0424216;576;0.571356;277
36;0000001010100000000010000000000000000000000;0.695463;9443;0001000000100000000000000100000000000000100;0.107306;1457;0.58149;285
37;0000000010100000000000001100000000000000000;0.678082;9207;0000000000100000100001001000000000000000000;0.107085;1454;0.58358;289
38;0000000010100000000000001100000000000000000;0.678082;9207;0000000000111000000000001000000000000000000;0.0388128;527;0.596682;298
39;0000000010100000000000001100000000000000000;0.678082;9207;0000000000100000001000000100000000000000010;0.185594;2520;0.60319;308
40;0000000010100000000000001100000000000000000;0.678082;9207;1000000010010000000000001000000000000000000;0.151053;2051;0.587781;295
41;0000000010100000000000001100000000000000000;0.678082;9207;1001000000100000000000001000000000000000000;0.0248196;337;0.603453;315
42;0000000010100000000000001100000000000000000;0.678082;9207;0000001100000000000000001000000010000000000;0.0331418;450;0.606816;311
43;0000000010100000000000001100000000000000000;0.678082;9207;0000000000100000001000000100000001000000000;0.187657;2548;0.60324;316
44;0000000010100000000000001100000000000000000;0.678082;9207;0000000000000000100000001100100000000000000;0.147371;2001;0.608921;319
45;0000000010100000000000001100000000000000000;0.678082;9207;1000000000100000000000001000000001000000000;0.0206952;281;0.590161;310
46;0000000010100000000000001100000000000000000;0.678082;9207;0000000000100000000000001000001100000000000;0.0262925;357;0.597452;312
47;0000000010100000000000001100000000000000000;0.678082;9207;1000000000100000000000001100000000000000000;0.205479;2790;0.600313;323
48;0000000010100000000000001100000000000000000;0.678082;9207;1000000000100000000000001000000000000000001;0.0206216;280;0.586703;307
49;0000000010100000000000001100000000000000000;0.678082;9207;0000000000100000000000001000000000000011000;0.0594344;807;0.593953;306
50;0000000010100000000000001100000000000000000;0.678082;9207;1000000000100000000000001100000000000000000;0.205479;2790;0.609136;323
=============================================
