geração;melhor;fitness;cobertura;pior;fitness;cobertura;média;ind_repetidos
0;1000011010000000000001000101100101010100001;0.408897;5552;1001000100011000010000101000101101000001000;0.0268081;364;0.166095;1
1;0001001011110000001000001101010100010000000;0.579393;7867;0001000100011000010000101000101111000001000;0.0325527;442;0.202433;2
2;0111001011110000001000000100010100010000000;0.536088;7279;0001001100000000001000110010110100100010010;0.0648844;881;0.233271;3
3;0101001011111000001000000100010100010000000;0.523715;7111;0010000100001110000000010111100001000010010;0.0944174;1282;0.249445;4
4;0101001011111000001000000100010100010000000;0.523715;7111;0100100000100001010000011000110000100100110;0.0945647;1284;0.274515;2
5;0000001111000010000100000101010000010101100;0.536456;7284;0000100010111100000000010001000111001100000;0.128001;1738;0.313494;4
6;0000000010101001101001000111000101010000000;0.609;8269;0000100010111100000000010001000111001100000;0.128001;1738;0.331021;3
7;0000000110000001000110000101010101110001000;0.653263;8870;1100100010101000001000010000010011000100001;0.0932391;1266;0.347086;1
8;0010000110100011010000000111010000010000100;0.65665;8916;0100001000000011001000000000111110110000001;0.175284;2380;0.383829;4
9;0000001010100011010000001111010100001000000;0.68994;9368;0010001000101010000100011000010010000110001;0.152232;2067;0.414464;5
10;0000001010100011010000001111010100001000000;0.68994;9368;1001010000000011010100100011000110100000000;0.253056;3436;0.451547;6
11;0000001010100011010000001111010000010000001;0.690308;9373;0000000101001010000100001100010001110001001;0.166004;2254;0.464069;6
12;0000001010000001110110000111000100010010000;0.715275;9712;1000000000101010000000100111000101010101000;0.225733;3065;0.507966;3
13;0000001010100011010000001111000000110001000;0.727132;9873;0010000001101110010100000111000100000010000;0.235528;3198;0.522648;7
14;0000011010100011100000001101000100010100000;0.74444;10108;0000010100101000100110000110010000011000001;0.251068;3409;0.552266;4
15;0000001010100011010000001111000000110100000;0.721461;9796;1000000111001010010000001110000000010000110;0.271174;3682;0.583708;8
16;0000001010100011110000001111010000010000000;0.73516;9982;0000101000100100010010001110000101001100000;0.198336;2693;0.587135;9
17;0000001010100011110000001111010000010000000;0.73516;9982;0000001001000011010100001110010000011100000;0.348652;4734;0.61275;8
18;0000101010100001110010000111000100010000000;0.737811;10018;0000001000000001010101010111010000011000001;0.256076;3477;0.628618;9
19;0010001010100001110110000111000000010000000;0.712844;9679;0110000100000001110010000111001100010000000;0.211519;2872;0.633322;3
20;0000001010100010011110000111000000110000000;0.735381;9985;0010000010000001001110001110100100100000001;0.302696;4110;0.638853;11
21;0000001010100010011110000111000000110000000;0.735381;9985;0000001010000010100100110000010110111000000;0.362277;4919;0.649439;9
22;0000101010100010110010000111010000010000000;0.73921;10037;0100000010100010011100000111010000001000100;0.389012;5282;0.652255;9
23;0000101010100010110010000111000000011000000;0.731625;9934;0000001001000010010010000111011000100001010;0.339446;4609;0.65847;12
24;0000001010100010110110000111000100010000000;0.742967;10088;0000001010110010010110101010000000101000000;0.340551;4624;0.650133;7
25;0000001010100010000110001111000100010000100;0.743482;10095;0000001010001011001110000011000000110000010;0.426499;5791;0.67031;14
26;0000011010100010011010000111010000100000000;0.749669;10179;0100000010100010010110100111000000100000001;0.431801;5863;0.676982;11
27;0000001010100010100110001111000100100000000;0.751289;10201;0000001010010011110110001011000000100000000;0.348947;4738;0.681134;3
28;0000011010100010011010000111000000110000000;0.757623;10287;0000111000100010010010000110011000100100000;0.421049;5717;0.701924;13
29;0000001010100010100110001111000100100000000;0.751289;10201;0000010010000011110010010111000100000000010;0.396671;5386;0.688799;5
30;0000011011100010011010000111000000100000000;0.758138;10294;0000010010100110100011000111000000100010000;0.446678;6065;0.685367;10
31;0000011010100011011010000111000000100000000;0.761158;10335;0000001000000110111110000111100000100000000;0.343939;4670;0.673696;10
32;0000011010100010100110001111000000010000000;0.77876;10574;0000010000110010100110011101000100100000000;0.347253;4715;0.684859;10
33;0000011010100010100110001111000000010000000;0.77876;10574;0010001001000010110110000101000000110001000;0.327147;4442;0.688562;11
34;0000011010100010100110001111000000010000000;0.77876;10574;0000011010100010100010001011000101000000010;0.403962;5485;0.675854;10
35;0000011010100010100110001111000000010000000;0.77876;10574;0000011010100010100110001001000100100000010;0.423774;5754;0.69859;11
36;0000011010100010011010001111000000010000000;0.781411;10610;0000011010100010011010001011000000100000001;0.436662;5929;0.691164;13
37;0000011010100010100110001101000100010000000;0.775667;10532;0000011000100010011010000010011100011000000;0.36132;4906;0.710137;21
38;0000011010100010100110001101000100010000000;0.775667;10532;0000011010100011010010001011000100000000001;0.424952;5770;0.71194;12
39;0000011010100010011010001111000000010000000;0.781411;10610;0000010010110010011010000111000100001000000;0.466564;6335;0.714602;13
40;0000011010100010011010001111000000010000000;0.781411;10610;0000011010100001011010000011100000100000001;0.414052;5622;0.707301;17
41;0000011010100011000010001111000100010000000;0.774341;10514;0110001010101010011000000101000000100000100;0.410812;5578;0.712201;26
42;0000011010100010100110001111000000010000000;0.77876;10574;0001010010100010010010100101000100010000010;0.495139;6723;0.713842;22
43;0000011010100010011010001111000100000000000;0.780675;10600;0000011000000010011010000111010100010100000;0.524157;7117;0.727458;30
44;0000011010100010011010001111000000010000000;0.781411;10610;0000011010100010001010010100100100110000000;0.59729;8110;0.740738;29
45;0000011010100010011010001111000100000000000;0.780675;10600;0000010011100010110010100101010000100000000;0.470762;6392;0.73169;38
46;0000011010100010011010001111000100000000000;0.780675;10600;0001001010100010111010100011000100000000000;0.440787;5985;0.726133;28
47;0000011010100010100010001111000100010000000;0.787966;10699;0000011000100010011110000011000100010010000;0.380689;5169;0.720143;27
48;0000011010100010100010001111000100010000000;0.787966;10699;0000011110000110010010011011000000010000000;0.495139;6723;0.737615;38
49;0000011010100010100010001111000100010000000;0.787966;10699;1000011010010101000010000111000100001000000;0.456105;6193;0.740692;24
50;0000011010100010100010001111000100010000000;0.787966;10699;0000011010100010101110001011000100000000000;0.460745;6256;0.742912;28
=============================================
geração;melhor;fitness;cobertura;pior;fitness;cobertura;média;ind_repetidos
0;0010000110100000100100101101001000110000000;0.596774;8103;1011100100010000000000101000100010010001100;0.0262189;356;0.16047;1
1;1000000110100000100100101101001000110000000;0.58963;8006;1010000101101000010000100100000000101100001;0.0467668;635;0.2071;2
2;0001001110000000100100101101001000110000000;0.610841;8294;1000001001001001000100101000101100000001010;0.0589188;800;0.251276;3
3;0000000110100000110100101101001000110000000;0.636323;8640;1100011000000100010000000100000111100001100;0.0995728;1352;0.292034;3
4;0100001110001011000000000111011000010000000;0.643688;8740;1011100100100000010110000100100001100000000;0.129401;1757;0.317385;1
5;0000010010100011000000011110010100010000100;0.675136;9167;0001010100000100100100101101001000100010000;0.142436;1934;0.383106;2
6;0000001110000011001001000111011000010000000;0.67278;9135;1100010100000001000000010011110010010000010;0.128369;1743;0.438096;5
7;0000001110100011000000000111011000110000000;0.678892;9218;0001101000001110000000011100010000010110000;0.183385;2490;0.477359;4
8;0000010110100011000000001110110100010000000;0.712844;9679;1100011100001001001000000000011000110001000;0.0442628;601;0.493842;2
9;0000010110100011000000001110110100010000000;0.712844;9679;0010010001000010000101001101001010110000000;0.196642;2670;0.511463;4
10;0000010110100011000000001110110100010000000;0.712844;9679;0100000000100100000100101011010001110010000;0.178598;2425;0.551488;5
11;0000010110100011000000001110110100010000000;0.712844;9679;1100000100000001010000011110110100100000000;0.155104;2106;0.575445;4
12;0000001110100010101011000110010000010000000;0.715127;9710;0001010110000010001001011010000100011000000;0.270953;3679;0.600272;8
13;0000101110100011000000001110010100010000000;0.729268;9902;0000010000110011001000001010010100011000010;0.259832;3528;0.6061;3
14;0000101110100011001010000110010000010000000;0.732877;9951;1000001110001011000000001000010100010000101;0.3692;5013;0.63016;6
15;0000001110110011000000001111000100010000000;0.731035;9926;0000000100100011100000001111110100000100000;0.373545;5072;0.634747;8
16;0000001110110011000000001111000100010000000;0.731035;9926;0100000110000011000001001110010000010011000;0.432022;5866;0.644008;5
17;0000001010100111000000001111000100110000000;0.740242;10051;0000100000100111000000000101110000110000011;0.34195;4643;0.656246;13
18;0000011110100011000000001100010100110000000;0.740463;10054;0100000010100111000000001011000100010100100;0.289144;3926;0.669739;14
19;0000011110100011010000000111010000100000000;0.742009;10075;0000000010110011001100001110000000011000010;0.383488;5207;0.656972;8
20;0000001010100111000000001111000100010100000;0.730446;9918;0000000010110010000110001100110000110000001;0.460745;6256;0.662855;6
21;0000001110000011110000001111000100010000000;0.761968;10346;1000000111100111000000000001100100010000001;0.312491;4243;0.649494;3
22;0000001110000011110000001111000100010000000;0.761968;10346;0000001000100011001100000010010100011100010;0.340698;4626;0.654559;10
23;0000011110100011000000001111000100010000000;0.756371;10270;0000010100000011011000010110010000011010000;0.304537;4135;0.652422;5
24;0000011110100011000000001111000100010000000;0.756371;10270;0000000110100001101000011001000000111000001;0.285167;3872;0.654118;6
25;0000011010100011001000001111000100010000000;0.756297;10269;0000010100010111100000000111001100010000000;0.272058;3694;0.647397;2
26;0000101110000011100000001111000100010000000;0.762115;10348;0000110110100110001010000001000101100000000;0.328399;4459;0.653958;2
27;0000011010100011000000011111000100010000000;0.754382;10243;1000110010100111000010100011000100000000000;0.305052;4142;0.664184;8
28;0000011110000011010010001111000100000000000;0.775814;10534;0000010100001010010010101111000100000001000;0.29835;4051;0.666596;11
29;0000011010100011000100001111000100010000000;0.77957;10585;0001010010100011100000001011000101010000000;0.303874;4126;0.657839;8
30;0000111010100011000000001111000100010000000;0.780896;10603;0001010000100011001000001111000101010000000;0.35447;4813;0.680185;11
31;0000111010100011000000001111000100010000000;0.780896;10603;1000010010100011001000001111001000100000000;0.45316;6153;0.6987;13
32;0000111010100011000000001111000100010000000;0.780896;10603;0001010010000011000100001111000001101000000;0.357858;4859;0.687037;6
33;0000011010100011000100001111000100010000000;0.77957;10585;0000000010110011001001001111100000100000000;0.461776;6270;0.705388;10
34;0000111010100011000000001111000100010000000;0.780896;10603;0000100111000011000000001011000100010000101;0.281558;3823;0.687213;15
35;0000111010100011000000001111000100010000000;0.780896;10603;0100101010100010000100001011000000010000101;0.399028;5418;0.694851;12
36;0000111010100011000000001111000100010000000;0.780896;10603;0000111010100011100000001010000100000000110;0.347695;4721;0.720107;17
37;0000111010100011000000001111000100010000000;0.780896;10603;0000011010000010110100001110010001010000000;0.588084;7985;0.736497;26
38;0000011010100011010000001111000100010000000;0.787377;10691;0000010110100011101000101011000000010000000;0.350714;4762;0.709367;19
39;0000011010100011010000001111000100010000000;0.787377;10691;0000010000100011101000001111001010010000000;0.314848;4275;0.721523;24
40;0000111010100011000000001111000100010000000;0.780896;10603;0000111000000011000100001011000100010101000;0.288555;3918;0.731198;25
41;0000011010100010100010001111000100010000000;0.787966;10699;0000111000000011100100001111100000010000000;0.381058;5174;0.738976;32
42;0000011010100011010000001111000100010000000;0.787377;10691;0000111010100010010010011111000000000000000;0.563559;7652;0.75043;35
43;0000011010100011010000001111000100010000000;0.787377;10691;0001011010010010010001001110000000101000000;0.352187;4782;0.746586;45
44;0000011010100011010000001111000100010000000;0.787377;10691;0000011010100011000100001011000100010001000;0.648917;8811;0.759128;46
45;0000011010100011010000001111000100010000000;0.787377;10691;0000011000100011110100001101000100010000000;0.574017;7794;0.754451;43
46;0000011010100011010000001111000100010000000;0.787377;10691;0000011010100011000000101110000110010000000;0.582486;7909;0.760711;52
47;0000011010100011010000001111000100010000000;0.787377;10691;0001010011100011100000001111000000010000000;0.502578;6824;0.754222;55
48;0000011010100011010000001111000100010000000;0.787377;10691;0000011010100011010000001111101000000000000;0.54662;7422;0.757842;51
49;0000011010100011010000001111000100010000000;0.787377;10691;0000111010100011011000101001000100000000000;0.446973;6069;0.756377;58
50;0000011010100011010000001111000100010000000;0.787377;10691;0000101010100011100000001111000010001000000;0.514877;6991;0.75711;60
=============================================
geração;melhor;fitness;cobertura;pior;fitness;cobertura;média;ind_repetidos
0;0001001010100000000001011011001000110001000;0.440934;5987;1000100100011000000001000100111101001000000;0.0394756;536;0.162092;1
1;0100011110100000101001000111000000000100000;0.604949;8214;0110010000100000100000001100001000000111101;0.0620121;842;0.194914;1
2;0100011110100000101001000001000100101000000;0.54279;7370;1000000100011000000001110010000011010000101;0.0275446;374;0.215917;2
3;0000001010000010100000101111000100100110000;0.659007;8948;0001010100110000000000101000101001000010110;0.0546472;742;0.238215;1
4;0000001110000000010111000111001100000000100;0.600383;8152;0110001000100001000100000010010010011001100;0.0650317;883;0.269149;2
5;0001011010010010100000101101000000110000000;0.606864;8240;1000000000111000100001000101000011100101000;0.0712918;968;0.323285;3
6;0000011010000010100000101101000100111000000;0.715201;9711;0000000001010001000100010100010011011000011;0.103771;1409;0.370274;3
7;0000000110000011000100101101000100111000000;0.68309;9275;0000101000110000000011000011000111010010000;0.173663;2358;0.425516;1
8;0000011111000010001100001110010100000000000;0.689792;9366;1101011100000000010000000101101000010000010;0.22426;3045;0.458138;3
9;0000011111000010001100001110010100000000000;0.689792;9366;0000100111010100000000101110000100000100100;0.125718;1707;0.490998;5
10;0000011010100001000000001111000000111000100;0.671675;9120;0000010101010010100000010110001110010000000;0.150832;2048;0.494596;2
11;0000011010100101000100101101000100010000000;0.721903;9802;0000000000111011000000010100100110010011000;0.205627;2792;0.547753;3
12;0000000010100111000000001111000100110000001;0.700619;9513;0100011000010101001011000100000010101000000;0.15805;2146;0.543178;1
13;0000011010100101000100101101000100010000000;0.721903;9802;0010010100000010000000100101000110111001000;0.194138;2636;0.563531;5
14;0000011010100101000100101101000100010000000;0.721903;9802;0100001100010001000001001001100100111000000;0.139343;1892;0.582286;10
15;0000011010100001011000001101100100010000000;0.713949;9694;0000000010100011001110000001001100110100000;0.342171;4646;0.592452;2
16;0000011010100101000110001101000100010000000;0.747091;10144;0101000100010000001001000111001000111000000;0.175725;2386;0.603873;4
17;0000011010100001000110001101000100010000010;0.743482;10095;0100000010100011000100001001000100110100010;0.304684;4137;0.617343;5
18;0100011010100001011000001101000100010000000;0.71174;9664;0100011000000010000100101010010101010100000;0.204817;2781;0.617224;10
19;0000011110000010000010001101100100110000000;0.746502;10136;0001110010000010000000100011000110110000100;0.260716;3540;0.637825;3
20;0000011110000010000010001101100100110000000;0.746502;10136;0001000110011111000000010001010100010000000;0.357195;4850;0.643917;6
21;0000011110000010100110010101000100010000000;0.731551;9933;0001010100100111000000010111010000100000000;0.374724;5088;0.643856;12
22;0000011110000010100110010101000100010000000;0.731551;9933;0101011000100010000010000000010100111010000;0.305273;4145;0.62838;6
23;0000011110000010100110010101000100010000000;0.731551;9933;0000001010000110000110101001000100110000100;0.399028;5418;0.650568;7
24;0000111010000011000100000111000100110000000;0.740536;10055;0100000000100011010000010101010100110001000;0.395566;5371;0.652724;4
25;0000101010110001000010001111000000110000000;0.741052;10062;1100010010000011000000000110010000111000100;0.339225;4606;0.652252;9
26;0000111010000011000100000111000100110000000;0.740536;10055;0100100010001000001000110111010000110000000;0.336721;4572;0.644317;5
27;0000011010000011010100001101000100110000000;0.757328;10283;1000011010000010101000000010010000111000100;0.348652;4734;0.646306;5
28;0000011011100011010010000111000000100000000;0.742156;10077;1100000010100011100010000100010110000000001;0.333775;4532;0.65124;6
29;0010011110000011000010001111000000100000000;0.7493;10174;1000101000000010010010001111100000000000011;0.276992;3761;0.640537;8
30;0010011110000011000010001111000000100000000;0.7493;10174;0010010011000010000010000111001010110000000;0.358742;4871;0.657966;4
31;0000011010100011101000000111000000110000000;0.749963;10183;0100111011000011000010000011000000110000000;0.416998;5662;0.662968;3
32;0000111010100011010000001111000000100000000;0.775151;10525;1000111010000010010000010011001010010000000;0.250037;3395;0.659243;4
33;0000011110000011011000000111000000110000000;0.754456;10244;0110010010000011000010011011000000101000000;0.269701;3662;0.655336;7
34;0000011010000011110000001111000000110000000;0.760716;10329;1000111000000001010100010111010000010000000;0.295478;4012;0.667924;13
35;0000011010000011110000001111000000110000000;0.760716;10329;0100001101100000001010000011010100100001000;0.454412;6170;0.68311;15
36;0000111110100010001010000101000000110000000;0.75777;10289;0010111100000010000010010011000000100000011;0.231256;3140;0.675427;12
37;0000011010100010001010001111000000010000100;0.757475;10285;0000110010000111010010010010010000110000000;0.351156;4768;0.678935;11
38;0000111010000011010000001111000000110000000;0.771248;10472;0000111000010011110000000111000000010001000;0.361614;4910;0.691229;14
39;0000111010000011010000001111000000110000000;0.771248;10472;0000111000000011011110000101000000110000000;0.431654;5861;0.708612;18
40;0000011010100011010000001111000000110000000;0.785904;10671;0010010010000011011000000111000000110000001;0.427162;5800;0.705014;25
41;0000011010100011010000001111000000110000000;0.785904;10671;0001111010010011010000000011000000110000000;0.416262;5652;0.711613;22
42;0000011110000011010000001111000000110000000;0.784283;10649;0000010000000011011100000111000001110010000;0.328399;4459;0.694574;11
43;0000011010100011010000001111000000110000000;0.785904;10671;0000110010000001010000001111001000110000010;0.385108;5229;0.69097;7
44;0000011110000011010000001111000000110000000;0.784283;10649;0000011000000111011100001111000000100000000;0.385845;5239;0.700793;9
45;0000011010100011010000001111000000110000000;0.785904;10671;1100010010000011011100000111000000100000000;0.380027;5160;0.717947;19
46;0000011110000011011000001111000000010000000;0.784799;10656;0000110110000111011000000100000010110000000;0.403668;5481;0.708737;13
47;0000011010100011010000001111000100100000000;0.785756;10669;0001011010000011111100001010000000100000000;0.364339;4947;0.701811;6
48;0000011110000011010000001111000100010000000;0.785756;10669;0000010110000011010000101011000000110000001;0.327147;4442;0.710284;6
49;0000011110000011011000001111000000010000000;0.784799;10656;0000011010001011011000001001000000110000010;0.356091;4835;0.697136;10
50;0000011010100011010000001111000100010000000;0.787377;10691;0000011001000011001100001111000000010000010;0.374061;5079;0.693103;5
=============================================
geração;melhor;fitness;cobertura;pior;fitness;cobertura;média;ind_repetidos
0;0000101110000000000000101110010001100000101;0.530711;7206;0110100000010101000000001000100100110000011;0.0351304;477;0.170185;1
1;1000001111000010000110000010010000111000000;0.567315;7703;0010000101001100000011010000011000100000110;0.0573722;779;0.208316;2
2;0000001110000100110000000100110000110000110;0.539844;7330;1110000010001000110000000001100100011000001;0.0665783;904;0.27019;4
3;0000001010000011110000000110110000110000100;0.702828;9543;0011001001001000001000101010000000010110010;0.100457;1364;0.31693;1
4;0000001010000011110000000110110000110000100;0.702828;9543;0001101100000100110010010000110001000000100;0.118721;1612;0.346286;1
5;0000001010000011110010000110110000110000000;0.719694;9772;0000011001001001010010010000110000110001000;0.132199;1795;0.383161;2
6;0000001010000011110010000110110000110000000;0.719694;9772;0100101100000110100000010110000001100001000;0.179261;2434;0.417649;3
7;0000001010000011110010000110110000110000000;0.719694;9772;0011000010110100100100000110001001000000001;0.153852;2089;0.475019;1
8;0000001110100010100010001110010000100000001;0.704448;9565;0010000000000001110000001110010000110101010;0.184932;2511;0.498025;4
9;0000011110000011000000001110010000110000100;0.712771;9678;0001000101000010100100000110111000010000010;0.18611;2527;0.534297;4
10;0000111110100011000000000111010000100000000;0.737517;10014;0000011000111010100000001010010000110000100;0.268302;3643;0.566058;3
11;0000011010100011110010000100010000110000000;0.718;9749;0000010100110000100010001110100010010000001;0.150022;2037;0.584179;5
12;0000011110000001100010001110110000100000000;0.732067;9940;0000011100101001000010000010110001010010000;0.223671;3037;0.587785;7
13;0000011110100010100010000101000100110000000;0.737738;10017;0010010100010010100010000101000100110000001;0.285462;3876;0.60249;2
14;0000011111100010100010000110010000010000000;0.73354;9960;0000000010100011110010000001100100110000001;0.344307;4675;0.610441;3
15;0000011111100010100010000110010000100000000;0.730667;9921;0000010100100010000101010110110000010000010;0.336279;4566;0.603159;4
16;0000011110000011101000000111000000110000000;0.747459;10149;0011001000110000100100000110110000100010000;0.262631;3566;0.622356;3
17;0000011110100010100010001101000000110000000;0.773531;10503;0100010100100010100010000010110100100000010;0.207026;2811;0.61977;3
18;0000011110100010100010001101000000110000000;0.773531;10503;0001001010100110100100000010000000101000011;0.258801;3514;0.618842;6
19;0000011110100010100010001101000000110000000;0.773531;10503;0001000110100010100110001010100000100000001;0.298792;4057;0.637491;3
20;0000011110100010100010001101000000110000000;0.773531;10503;0100011000101010000110000001010100101000000;0.333333;4526;0.638847;8
21;0000011110100010100010001101000000110000000;0.773531;10503;0000011010101010000010000010110000010001001;0.416409;5654;0.6584;6
22;0000011110100010100010001101000000110000000;0.773531;10503;0000010100100110110010001100000000110000010;0.329872;4479;0.657392;4
23;0000011110000010100010001111000000110000000;0.777729;10560;0000010010101010000110000111101000100000000;0.413831;5619;0.672747;13
24;0000011110100010100010001101000000110000000;0.773531;10503;1000101010000010100110001100000110100000000;0.399175;5420;0.685126;9
25;0000011110100010100010001100010000110000000;0.763294;10364;0010010010110010100010001100000001100000100;0.310576;4217;0.675791;6
26;0000111010100011000010001101000000110000000;0.763441;10366;0000010110100010100111000100010000101000000;0.396229;5380;0.681477;5
27;0000011110100010100010001101000100010000000;0.774562;10517;0000101011000010100010001101000000011000001;0.446531;6063;0.69302;12
28;0000011110000010100010001101000100110000000;0.77191;10481;0100001001000010101110001101000000010000001;0.306231;4158;0.684022;13
29;0000011110100010100010001101000100100000000;0.772426;10488;1010001100100010100111000100010000100000000;0.374871;5090;0.687162;14
30;0000011010100010100010001101000100110000000;0.780748;10601;0000011110100010110010011000000000011000000;0.43541;5912;0.694251;11
31;0000011010100010110010001101000100100000000;0.776477;10543;0100011000100000110010001101010000110000000;0.422374;5735;0.700476;16
32;0000011010100010110010001101000100100000000;0.776477;10543;0000011110100000100010010001000101001100000;0.361172;4904;0.699668;14
33;0000011010100010110010001101000100100000000;0.776477;10543;0010011010000010110010001000110000110000000;0.34276;4654;0.676511;20
34;0000011010100010110010001111000000010000000;0.782148;10620;1000001110000010000110001100000011000001100;0.309324;4200;0.680361;14
35;0000011010100010110010001111000000010000000;0.782148;10620;0000001100100010011011010001000100011000000;0.378333;5137;0.683478;17
36;0000011010100010100010001101000100110000000;0.780748;10601;1000001010010010110010001001010100100000000;0.429739;5835;0.703641;15
37;0000011010100010101010001101000100010000000;0.779644;10586;1000011010100010100010001001000000111000000;0.465459;6320;0.710638;14
38;0000011010100010100010001101000100110000000;0.780748;10601;0000011110000010110011001000100100100000000;0.347474;4718;0.702933;14
39;0000011010100010101010001101000100010000000;0.779644;10586;0000011010100001110010001000110100100000000;0.410149;5569;0.701792;13
40;0000011010100010101010001101000100010000000;0.779644;10586;0000010010100010101010001101010100100000000;0.472161;6411;0.69805;8
41;0000011010100010101010001101000100010000000;0.779644;10586;0100010110000010110010001001000000110000100;0.31934;4336;0.70705;13
42;0000011010100010101010001101000100010000000;0.779644;10586;0100010110000010100011001100000000110010000;0.345191;4687;0.710076;16
43;0000011010100010101010001101000100010000000;0.779644;10586;0000010100000010100010011101000100011000100;0.292311;3969;0.701536;19
44;0000011010100010100010001101000100110000000;0.780748;10601;0000110010000010100010001100000100110001010;0.405435;5505;0.707953;20
45;0000011010100010100010001101000100110000000;0.780748;10601;0000010100100010110010001101000100101000000;0.423037;5744;0.719965;22
46;0000011010100010100010001111000100100000000;0.786419;10678;1000011100000010110110000011000100010000000;0.330314;4485;0.716416;23
47;0000011010100010100010001111000100100000000;0.786419;10678;0000011110000010100011001011100100000000000;0.399101;5419;0.729196;26
48;0000011010100010100010001111000100010000000;0.787966;10699;0000010010000010110010001111000100100000100;0.430328;5843;0.722523;26
49;0000011010100010100010001111000100010000000;0.787966;10699;0000011100011010000010001101000000110000010;0.465238;6317;0.729795;37
50;0000011010100010100010001111000100010000000;0.787966;10699;1000010110000010101001001101000100010000000;0.456179;6194;0.733421;30
=============================================
geração;melhor;fitness;cobertura;pior;fitness;cobertura;média;ind_repetidos
0;0000001010000000110000000111000110100000111;0.551112;7483;0110000000000101000000111011000011100000001;0.0455885;619;0.178426;1
1;0010001010000000111000000111000100000110010;0.408087;5541;0000101101010000000000010011000011100100100;0.048829;663;0.200865;2
2;0001001010010011001010000110000100010000010;0.562822;7642;1100110001011000001100000000001000110000010;0.0723965;983;0.242977;2
3;0001000111000011001010001110000100010000000;0.568861;7724;0010000100010110000001001001000010100100101;0.0787303;1069;0.279359;1
4;1000000010100010100010000011110100110000000;0.62071;8428;1001000000101000100000010100010101010000011;0.0805715;1094;0.315292;1
5;0000001010100011001010000100010100100011000;0.671159;9113;1101100000100001100000010000001100010010001;0.0411695;559;0.352224;4
6;0000001111100010111000000100010100100000000;0.684195;9290;0001101001011001010110000000000010000001010;0.136544;1854;0.381843;1
7;0000001111100010111000000100010000100000001;0.652305;8857;1010000000011001001010000110001100000100010;0.104802;1423;0.418028;2
8;1000001111100010111010000100000000100000000;0.710046;9641;0001000000101010111100000101000000010001010;0.264104;3586;0.452766;3
9;0000011110100010101000000101100100010000000;0.716379;9727;0100011010001010001001000100001010011000000;0.215275;2923;0.473146;3
10;0000011110100010101010000101100100000000000;0.723671;9826;1001101000100010100000001110000100001000001;0.240463;3265;0.49899;4
11;0000011110100010101000000101100100010000000;0.716379;9727;0000100110001010001000100000110100100001100;0.196863;2673;0.528755;4
12;0000011110100010101000000101100100010000000;0.716379;9727;0100001000110001010100010001000100110000010;0.193033;2621;0.552106;3
13;0000001011100010110000100101000100110000000;0.711224;9657;0101001010101010001000000001001100100000100;0.254898;3461;0.558666;4
14;0000111010000010110000000101100100110000000;0.68611;9316;1000001100100111101000001100000000001100000;0.250258;3398;0.564719;2
15;0000101110100010010000001111000100010000000;0.715201;9711;0000100100110000000000000101100110010100110;0.200913;2728;0.565168;6
16;0000111010100001010000101101000100100000000;0.726101;9859;0000001100000000110010010001100001110100010;0.139343;1892;0.583389;3
17;0000101010100011010000001111000100010000000;0.769333;10446;0000011001110001011000101011000000010000000;0.196421;2667;0.580907;4
18;0000011010100010010000101111000100010000000;0.756002;10265;0000000110100000110001100101100100001100000;0.309324;4200;0.591146;4
19;0000011010100010010000101111000100010000000;0.756002;10265;0010001001110001010000101101000100100000000;0.296362;4024;0.638301;11
20;0000011010100010010000101111000100010000000;0.756002;10265;0000011000100011010100010001001100010000001;0.279496;3795;0.64898;11
21;0000011010100011010000001111000100010000000;0.787377;10691;0000010000110011010110001101010000010000000;0.450876;6122;0.661465;8
22;0000011010100011010000001111010100000000000;0.763735;10370;0000110010100011010000100000010100110000100;0.318456;4324;0.657484;7
23;0000011010100011010000001111000100010000000;0.787377;10691;0000010000110001010000101101000100011000010;0.179187;2433;0.658057;9
24;0000011010100011010000001111000100010000000;0.787377;10691;0000001010100011110100001011000100001000000;0.413021;5608;0.672156;8
25;0000011010100011011000001101000100010000000;0.780822;10602;0010110000101011010000001011000100010000000;0.28502;3870;0.653111;9
26;0000011010100011011000001101000100010000000;0.780822;10602;0010110000100011111000001001000100010000000;0.305715;4151;0.654993;6
27;0000011010100011011000001101000100010000000;0.780822;10602;0000011100110011010000010001000100010000001;0.343202;4660;0.662685;3
28;0000011010100011011000001101000100010000000;0.780822;10602;1000010010000010110001001110100100000000100;0.279717;3798;0.658092;4
29;0000011010100011011000001101000100010000000;0.780822;10602;0001011000000001000010001101011100011000000;0.2725;3700;0.672805;7
30;0000011010100011011000001101000100010000000;0.780822;10602;0010001000100011011100000011000101001000000;0.277139;3763;0.677771;6
31;0000011110000011011000001101000100010000000;0.783031;10632;0000001110000010010000101011100110000000100;0.332523;4515;0.663299;2
32;0000011010100011011000001101000100010000000;0.780822;10602;0000001000101110001001100101000100100100000;0.369789;5021;0.681223;4
33;0000011010100011010000001111000100010000000;0.787377;10691;1000011000000101010010001111000100100000000;0.286419;3889;0.67328;8
34;0000011010100011010000001111000100010000000;0.787377;10691;0000111010100110001010000011000100000010000;0.422816;5741;0.688775;11
35;0000011010100011010000001111000100010000000;0.787377;10691;1000101010100001010000001001000100011100000;0.431507;5859;0.692768;13
36;0000011010100011010000001111000100010000000;0.787377;10691;0000011010001011110000001001000100010010000;0.329209;4470;0.684012;10
37;0000011010100011010000001111000100010000000;0.787377;10691;0000001011110010010000100101001100000000010;0.417956;5675;0.697227;11
38;0000011010100010100010001111000100010000000;0.787966;10699;0000110100100011010000001010000100010010100;0.273604;3715;0.687105;12
39;0000011010100010100010001111000100010000000;0.787966;10699;0000101000100011011000001011000110000001000;0.287745;3907;0.672769;14
40;0000111110000011010000001111000000010000000;0.778907;10576;0000111000000011010000011101000100010010000;0.372146;5053;0.669662;8
41;0000011110000011011000001101000000110000000;0.782737;10628;0000101111001010010000000101001100000000100;0.399838;5429;0.675251;8
42;0000011110000011011000001101000100010000000;0.783031;10632;0000111000001011010000001110000000110000010;0.407939;5539;0.688313;8
43;0000011110000011011000001101000100010000000;0.783031;10632;0000111000110011011000000101001000010000000;0.411474;5587;0.686588;8
44;0000011110000011011000001101000100010000000;0.783031;10632;0101011010100010100010001001000010010000000;0.371336;5042;0.686979;8
45;0000011110000011010000001111000100010000000;0.785756;10669;0010000010101010100010001101010000010010000;0.425615;5779;0.702735;15
46;0000011110000011010000001111000100010000000;0.785756;10669;0000101010100111001000100001100100010000000;0.441965;6001;0.700059;18
47;0000011110000011010000001111000100010000000;0.785756;10669;0000111100000011011000001101000000010010000;0.432022;5866;0.700837;21
48;0000011110000011010000001111000100010000000;0.785756;10669;0000011100000011011000001101000000010100100;0.414789;5632;0.691431;7
49;0000011110000011010000001111000100010000000;0.785756;10669;0000110010000011110000001101000101010000000;0.413905;5620;0.708741;14
50;0000011110000011010000001111000100010000000;0.785756;10669;0000010010000011110000001011100100010001000;0.348579;4733;0.700804;16
=============================================
geração;melhor;fitness;cobertura;pior;fitness;cobertura;média;ind_repetidos
0;0000000110110001100110100100000000010010010;0.368022;4997;0001000100011100100001100010100000100000101;0.0256297;348;0.170221;1
1;0000000110110001000100000111100001010100000;0.600236;8150;0001010000101000000001101000100100111000001;0.0505966;687;0.223218;1
2;0000100110000010000010000110010000011010110;0.434821;5904;0100001011000000101000010000001101001100100;0.0972161;1320;0.24676;3
3;0000100110000010000010001110010000011010010;0.442039;6002;0001100000110001000001000000001100111011000;0.0641479;871;0.272366;4
4;0000000110100001011110010111000000000001000;0.440639;5983;0010001100001001111000010000000011000010100;0.128296;1742;0.305974;3
5;0000100110100010000000001110010101000110000;0.592061;8039;0000001100001001001010000000010011100001011;0.0821181;1115;0.341175;6
6;0000001110000010010010000100011101010010000;0.642142;8719;0000001101010000011010010110001000000001010;0.144867;1967;0.352384;1
7;0001101110100010100010010110000000000001000;0.685815;9312;1100000110000000011110000110000000001100010;0.208352;2829;0.381501;2
8;0000100110000011001001000111000101010000000;0.681102;9248;0000001101010010001010000010101100000000110;0.16674;2264;0.40013;1
9;0000010110000010011001000111000101010000000;0.647518;8792;1110001001001000000010000101000100101100000;0.12616;1713;0.396646;1
10;0000000110000001010110010111000100010010000;0.677493;9199;0000001101000110000000010110100100001001001;0.143983;1955;0.418082;2
11;0000001110000011001010100101000100010010000;0.694285;9427;0001001000100001100000010110001000010011010;0.228384;3101;0.46803;4
12;0001101110000010100010000111000100010000000;0.712034;9668;0000101000001110010000001110000001010100001;0.173811;2360;0.486935;3
13;0001101110000001010010000111000000010010000;0.707026;9600;0000100011101110001000000011100000100000001;0.221019;3001;0.513353;3
14;0000111110000001000110000111000000010010000;0.715348;9713;0001101100100100010011001000100100000000001;0.13404;1820;0.514422;2
15;0000111110000001000110000111000000010010000;0.715348;9713;1000100101000110000000001010010001101001000;0.0586979;797;0.536931;5
16;0000111110000001000110000111000000110000000;0.715643;9717;0001100100000010010000010111001100010010000;0.208573;2832;0.568833;4
17;0000001010100001100110000111010100010000000;0.719252;9766;1000000011001011000100000110010100100001000;0.315142;4279;0.599864;4
18;0001101110000010100010001111000100000000000;0.758285;10296;0000000110100001010110001011001100000000010;0.32398;4399;0.609169;8
19;0000101010000011010100000111000100010001000;0.726764;9868;1000010110000101100000100110000000100100001;0.205038;2784;0.597335;5
20;0000101010000011000110000111010000110000000;0.721535;9797;0001000100100001110110000110010010100000000;0.3038;4125;0.628475;6
21;0000111010000011000100000101010100110000000;0.73435;9971;0000001000000001010110011111100000100000010;0.245323;3331;0.631181;9
22;0000111010000011000100000101010100110000000;0.73435;9971;0001100100010010100010000111100100100000000;0.269701;3662;0.63631;11
23;0000001010000011110010000111010000110000000;0.737811;10018;0000000101000011010100000100010100011101000;0.297319;4037;0.632635;7
24;0000001010000011010100011111000100010000000;0.74385;10100;0000101000000101101010010100010001110000000;0.254456;3455;0.646371;3
25;0000101010000011011010000111000000110000000;0.745986;10129;0000101000000010100010010111001100101000000;0.32862;4462;0.659364;9
26;0000101010000010111010000111000000110000000;0.745323;10120;0000111000000010010111000011000101010000000;0.27876;3785;0.654288;8
27;0000101110000011010110000111000100000000000;0.740021;10048;1000001110000001101010001011000000100001000;0.383414;5206;0.669191;6
28;0000111010000010110010000111000000110000000;0.749742;10180;0000101000000001101010000111100100011000000;0.380689;5169;0.665671;3
29;0000111010000010110010000111000000110000000;0.749742;10180;1000100010000001101110000111000100010000000;0.429445;5831;0.672073;10
30;0000111010000010110010000111000000110000000;0.749742;10180;0000100000100011110000000111000000111001000;0.360068;4889;0.666594;12
31;0000111010000010110010000111000000110000000;0.749742;10180;1000011000000011110010000011000000110000100;0.324569;4407;0.651373;9
32;0000101110100001101010000111000000010000000;0.748122;10158;0000101010000001010111000001000000110000110;0.304979;4141;0.67462;9
33;0000101110000001100010001111000000110000000;0.751289;10201;0000100110000011010000010011001100010000010;0.292753;3975;0.659142;6
34;0000101110000010110010001111000000010000000;0.768228;10431;0000001000000111110001000101000000110001001;0.33024;4484;0.647312;9
35;0000101110000001010010001111000000110000000;0.747827;10154;1000101010000010110010001011000000100000001;0.325821;4424;0.651899;5
36;0000001010000011100110001111000100010000000;0.749521;10177;0000110000100001011010010111000000110000000;0.287671;3906;0.648007;12
37;0000101010100001010010001111000000110000000;0.754235;10241;0000100110000011011010000011100000110000000;0.371925;5050;0.677954;13
38;0000101010000010100110001111000000110000000;0.755119;10253;0000101010110101100010000011000000100010000;0.387244;5258;0.680856;10
39;0000101110000010100010001111000000110000000;0.765945;10400;0000101000000101011010000111100000110000000;0.367875;4995;0.676081;8
40;0000101110000010100010001111000000110000000;0.765945;10400;0100100110000001010110000101001000011000000;0.389012;5282;0.681329;12
41;0000101110000010100010001111000000110000000;0.765945;10400;0000101010010010101010000001000010110000001;0.31551;4284;0.694288;20
42;0000101010100010100010001111000100010000000;0.77574;10533;1000000010000001011110000111000000110010000;0.407424;5532;0.700982;14
43;0000101010100010100010001111000000110000000;0.774414;10515;0110101000000011010000000111100000110000000;0.439755;5971;0.700085;19
44;0000101010100010100010001111000000110000000;0.774414;10515;0000100000101010101110000111000001100000000;0.32943;4473;0.706735;22
45;0000101010100010100010001111000000110000000;0.774414;10515;0010101010000011101000001001000001110000000;0.340919;4629;0.681527;18
46;0000101010100010100010001111000000110000000;0.774414;10515;1000100011000000010110000111000000110001000;0.322065;4373;0.693994;21
47;0000101010100010100010001111000000110000000;0.774414;10515;1100101010000010100010001011000000100100000;0.2834;3848;0.706828;28
48;0000011110000010100010001111000000110000000;0.777729;10560;0000101110000011101010001011000000100000000;0.435189;5909;0.713564;26
49;0000101010100010100010001111000000110000000;0.774414;10515;0010111010000001100010001011000000110000000;0.429371;5830;0.700029;33
50;0000101010100010100010001111000000110000000;0.774414;10515;0010100010000010100010001111000000110010000;0.437178;5936;0.713167;30
=============================================
geração;melhor;fitness;cobertura;pior;fitness;cobertura;média;ind_repetidos
0;0010001010110100000000000000010110110100010;0.433716;5889;1001100101000001000100000000111000011000010;0.0204743;278;0.152506;1
1;0110001010110110000000000010010100011000000;0.504124;6845;0100001000010101010001000000100100001001101;0.0561202;762;0.187207;1
2;1000001011000001100100100011000100110000000;0.518044;7034;1101000100000000000000011000010010111100010;0.0514067;698;0.213221;1
3;0100001010010000001110000101010100011000000;0.513478;6972;0100001100010000000001101110001001000110000;0.0754898;1025;0.245096;4
4;0000001010000000001110000110100001111001000;0.488437;6632;0000010000010101001000001010010111000000101;0.0874208;1187;0.273892;2
5;0000001010110010100100001011010100100000000;0.655104;8895;1010001000111000100100010001100000001010000;0.0796141;1081;0.307493;2
6;0000101010010010101010000100010100011000000;0.614671;8346;0101000000010001110110000001100000100000110;0.149875;2035;0.335521;2
7;0100001110000001101010000100010100011000000;0.648917;8811;0010000100111000100100011001011000000001000;0.167624;2276;0.366262;3
8;0000011010100010010010001101010000010010000;0.668213;9073;1000001100010000010110011100000100100000100;0.163868;2225;0.399697;7
9;0000001110000001101010101101000000110000000;0.711371;9659;0100001100000001101100011001010000000010001;0.223523;3035;0.433008;6
10;0000011110000001101010000100010100011000000;0.698777;9488;0000101000010011000010101000011101010000000;0.249079;3382;0.458912;4
11;0000011010100010000010001100010100010001010;0.708646;9622;0000000000110001100010010110110100011000000;0.219694;2983;0.471038;2
12;0000011010000010101010000100010100110000100;0.705921;9585;0000001100001010000110001000011100011001000;0.186404;2531;0.501337;2
13;0000001010000001110010100111010100010000000;0.714833;9706;0010001000110010100000100010011000011000010;0.165857;2252;0.529298;3
14;0000001010000001110010100101100100110000000;0.709677;9636;0000011000110001110000100100100100001000001;0.151642;2059;0.552722;3
15;0000111010100010010000101110010000010000000;0.720504;9783;0100101010011000000001010101000000010011000;0.231919;3149;0.567696;4
16;0100001010010011110000000111000100010000000;0.713139;9683;0010001001000001000110000100011010110000100;0.187583;2547;0.597299;3
17;0010101010000011110000000111000100010000000;0.72426;9834;0100010110000010101010000001100100011000000;0.299529;4067;0.598473;5
18;0000101010100001101010100101000100010000000;0.730299;9916;0000010110100011000010100000110000111000000;0.298424;4052;0.60748;5
19;0000011110100010101000100111000000010000000;0.745986;10129;0001010010010011100010100111000100000000000;0.353218;4796;0.619552;8
20;0000011010100001100110001101000100010000000;0.764546;10381;0000110000100001001000101100010100010101000;0.21034;2856;0.623698;5
21;0000011010100011101000100111000000010000000;0.742598;10083;1000111010001100010000100101000000011000000;0.303137;4116;0.643326;11
22;0000011010100001101010001101000100010000000;0.766829;10412;0000010000100011001001100110010101010000000;0.342245;4647;0.633727;5
23;0000011010100000101010101101000100010000000;0.734718;9976;0001011000010010011000100101000010010010000;0.287892;3909;0.618288;7
24;0000011010100000101010101101000100010000000;0.734718;9976;0000011001100000100110000111000000101001000;0.319119;4333;0.616054;7
25;0000011010100001101010001101000000110000000;0.766534;10408;0000001000100001001101100011010100010010000;0.357711;4857;0.612032;4
26;0000101010100001101010001101000000110000000;0.752099;10212;0001010010100010101001100010010100000000001;0.258433;3509;0.607922;3
27;0000101010100001101010001101000000110000000;0.752099;10212;0100000000100010101000100011001100110100000;0.238695;3241;0.638887;3
28;0000011010100001101010001101000000110000000;0.766534;10408;1000001001100011001100100011000000110000000;0.332229;4511;0.644986;5
29;0000111010100010010010001101000000110000000;0.761821;10344;0000011000000001101010001101000100110000010;0.394904;5362;0.660043;3
30;0000011010100001000110001101000100110000000;0.754603;10246;0010011000100001101010100110000001100000000;0.298277;4050;0.658571;4
31;0000011010100010011010001101000000110000000;0.778171;10566;0000001001010010101100000111000001110000000;0.387907;5267;0.668144;3
32;0000011010100010011010001101000000110000000;0.778171;10566;0000010110100011000011011101000000001000000;0.414641;5630;0.676931;7
33;0000011010100010101010001111000000100000000;0.780822;10602;0000011000000000101010001111000000110001001;0.377302;5123;0.677241;9
34;0000011010100010011010001101000000110000000;0.778171;10566;1001011010100000100011000101001000100000000;0.404257;5489;0.670327;9
35;0000011010100010010010001111000100010000000;0.779275;10581;0000011001100010000100000101100101100010000;0.363161;4931;0.69122;7
36;0000011010100010101010001101000000110000000;0.779349;10582;0000011110000010100010011100000001100000010;0.410149;5569;0.698583;12
37;0000011010100010101010001111000000010000000;0.782663;10627;0001011010100010100100101001000100100000000;0.392547;5330;0.700144;15
38;0000011010100010101010001111000000010000000;0.782663;10627;0000010010010010101010000111000000100001010;0.376197;5108;0.690907;11
39;0000011010100010100010001111000100100000000;0.786419;10678;0000011100110001110100001001000100100000000;0.222566;3022;0.69015;14
40;0000011010100010100010001111000100100000000;0.786419;10678;0100010010100010100100101001000100110000000;0.329283;4471;0.684915;6
41;0000011010100010100010001111000100100000000;0.786419;10678;0100011010100010000110101100000000101000000;0.394904;5362;0.696892;11
42;0000011010100010100010001111000100010000000;0.787966;10699;0001011010100110100000001011000000100010000;0.355281;4824;0.691319;11
43;0000011010100010100010001111000100010000000;0.787966;10699;0000010010100010101110001100000100100000100;0.367433;4989;0.697844;15
44;0000011010100010100010001111000100010000000;0.787966;10699;0000010010100011000100011111000000100100000;0.441008;5988;0.718128;26
45;0000011010100010100010001111000100010000000;0.787966;10699;0000011010100001101010010011010000100000000;0.481072;6532;0.72096;17
46;0000011010100010100010001111000100010000000;0.787966;10699;0110001010000011000100001111000000100100000;0.485786;6596;0.723444;22
47;0000011010100010100010001111000100010000000;0.787966;10699;0000010010100110100010001111000000100001000;0.476064;6464;0.737709;28
48;0000011010100010100010001111000100010000000;0.787966;10699;0010111010100010000000001011000100010001000;0.568051;7713;0.744212;28
49;0000011010100010100010001111000100010000000;0.787966;10699;1000011010100010001110001001000100100000000;0.425026;5771;0.72692;29
50;0000011010100010100010001111000100010000000;0.787966;10699;0000010010100010100010001111000001011000000;0.503167;6832;0.749333;44
=============================================
geração;melhor;fitness;cobertura;pior;fitness;cobertura;média;ind_repetidos
0;0100000010100010011100100010000100110000100;0.523347;7106;1101010001001101000100000000000011000010010;0.0302696;411;0.147958;1
1;0001000000100110101000000101011010000010100;0.293195;3981;0110100001000000000000100001001000011101101;0.0519959;706;0.183686;3
2;0000101111001000000001100100010101010000000;0.497128;6750;1001000000001001100000001010100010011000110;0.0505229;686;0.218062;1
3;0000000111001011001000100100010101010000000;0.441965;6001;0100000101011000010001000001101000000001101;0.0585506;795;0.24293;2
4;0010000110101001001000000100011101010000000;0.567462;7705;1011010001000110000000000011110000100001000;0.107674;1462;0.271435;4
5;0001001010100000001011110100010100010000000;0.628959;8540;0001110000100001000000001110011011000000100;0.10517;1428;0.305086;3
6;0000001011100000001010100101001100010100000;0.630653;8563;0001110100010010101000010000010001001100000;0.142878;1940;0.340671;1
7;0000101010000010100100001110010100100010000;0.674105;9153;0010010000110000011100000100011101010000000;0.185521;2519;0.36436;3
8;0000101010000010100100001110010100100010000;0.674105;9153;0001001000100000100010001011001110100010000;0.115849;1573;0.392989;3
9;0010011010000010100100001110010100100000000;0.681617;9255;0001000011001000100100001010010100100010001;0.133083;1807;0.425465;4
10;0000001110000010110010100101000000110010000;0.70165;9527;0000011000000000101011100000001100110001001;0.170938;2321;0.459362;4
11;0010011010000010100100001110010100100000000;0.681617;9255;0000010000101100001000100100001100110001001;0.111136;1509;0.472494;3
12;0000011010100111010010000101000100100000000;0.738253;10024;0000011010101100010000000001100100001001010;0.234792;3188;0.519486;4
13;0000001010100010110010000101010100010000100;0.711961;9667;0000000111100000101100000001000101011000100;0.240315;3263;0.54551;4
14;0000011010000011001010000111000101010000000;0.72426;9834;0000001010000011100110000001000111010000001;0.314627;4272;0.571482;10
15;0001011010100010110010000101000100010000000;0.740904;10060;0010011000000000101011001101010100100000000;0.307041;4169;0.58783;4
16;0000011010000011001010000111000101010000000;0.72426;9834;0000111100101110001000000011000100000000001;0.24606;3341;0.569476;1
17;1000001010100010100010001111000100100000000;0.728605;9893;0001101000100010100000100001010100010000110;0.322581;4380;0.600935;5
18;1000001010100010100010001111000100010000000;0.73899;10034;0100001010000100110011000010000101010000001;0.292753;3975;0.625054;5
19;0000011110100010001010001111000000010000000;0.769627;10450;0000000110001000010110001010011100010000001;0.229489;3116;0.618599;4
20;0000011010100110010010001111000000010000000;0.767933;10427;0000001000101010100100100011000001010100001;0.199809;2713;0.620327;4
21;0000011010100110010010001111000000010000000;0.767933;10427;0000000110101111100010000000010100100100000;0.277655;3770;0.641774;5
22;0000011010100110010010001111000000010000000;0.767933;10427;0001100110001011100100100001000100010000000;0.260274;3534;0.640825;8
23;0000001010100010100110001111000100010000000;0.7616;10341;0000001010101011100100100100000110000010000;0.363897;4941;0.662645;12
24;0000011110100010001010001101000100100000000;0.76241;10352;1000000100001011000110001111000100010000000;0.355502;4827;0.663367;9
25;0000001010100010100110001111000100010000000;0.7616;10341;0001001110000001011010001001000100100000010;0.396597;5385;0.666175;4
26;0000011010100011000100001111000100010000000;0.77957;10585;0000101100001011001010000101000101000100000;0.38474;5224;0.662894;5
27;0000011010100010001010001111000100100000000;0.762262;10350;0000001010110111001000000011001100000010000;0.350493;4759;0.656189;9
28;0000011010100010001010001111000100100000000;0.762262;10350;0010000010000100100100001101000101011100000;0.234792;3188;0.65965;9
29;0000011010100010001010011111000100000000000;0.759169;10308;0100011010000010000010101110000001010001000;0.45316;6153;0.676934;5
30;0000011010100011000110001111000000010000000;0.765798;10398;0100011010001010000000010011100110000000001;0.188909;2565;0.671922;7
31;0000011010100010010010001111000100010000000;0.779275;10581;0000010000100001001011001111100100010000000;0.285314;3874;0.685211;7
32;0000011010100011000010001111000100100000000;0.772647;10491;0000011010100010100010000011100110000010000;0.38231;5191;0.668454;4
33;0000011010100010100110001111000100000000000;0.778097;10565;0100000010010010100010101110000010011000000;0.285314;3874;0.649962;4
34;0000011010100010100110001111000100000000000;0.778097;10565;1000010010100010010000101011000100010000100;0.291206;3954;0.656498;7
35;0000011010100010100010001111000100010000000;0.787966;10699;0010001100001010101110001011000000000000100;0.254382;3454;0.658971;6
36;0000011010100010100010001111000100010000000;0.787966;10699;0000011010100010000111001011000000100010000;0.381573;5181;0.669938;10
37;0000011010100010100010001111000100010000000;0.787966;10699;0000000100010000100010101111000100010000101;0.216821;2944;0.679188;6
38;0000011010100010100010001111000100100000000;0.786419;10678;0000011000000010110010001111100010100000000;0.358153;4863;0.695757;18
39;0000011010100010100010001111000100010000000;0.787966;10699;0000001010000100100110101110000110000010000;0.336206;4565;0.686334;18
40;0000011010100010100010001111000100010000000;0.787966;10699;0000010001100010101000001111000100010000100;0.317057;4305;0.695555;18
41;0000011010100010100010001111000100010000000;0.787966;10699;0100000110000010100110001011000110010000000;0.339004;4603;0.703514;20
42;0000011010100010100010001111000100010000000;0.787966;10699;0000010010101010010110001001000101010000000;0.316983;4304;0.699109;17
43;0000011010100010100010001111000100100000000;0.786419;10678;0010001110000010010010001011000010010000010;0.443143;6017;0.722198;24
44;0000011010100010100010001111000100100000000;0.786419;10678;0000010010000010000110001111000101010000100;0.446605;6064;0.722267;19
45;0000011010100010011010001111000000010000000;0.781411;10610;0000010010100011011010001001000100010010000;0.341435;4636;0.715546;22
46;0000011010100010010010001111000100010000000;0.779275;10581;1100011000000010010010001111000100100000000;0.358447;4867;0.714652;19
47;0000011010100010100010001111000100100000000;0.786419;10678;0000010000100010010110011111000100010000000;0.398881;5416;0.710412;21
48;0000011010100010101010001111000100000000000;0.781927;10617;0000010010000011010110001101000100010000100;0.409339;5558;0.716093;22
49;0000011010100010011010001111000000100000000;0.77957;10585;0000100000100010001110001111000100010000010;0.377596;5127;0.722281;29
50;0000011010100010100010001111000100010000000;0.787966;10699;0001011010100010000010001011000100000110000;0.362572;4923;0.717678;28
=============================================
geração;melhor;fitness;cobertura;pior;fitness;cobertura;média;ind_repetidos
0;0100011010010010111010000101010000000000000;0.479599;6512;0110001000100101000000000000010110101001010;0.0331418;450;0.170516;1
1;0010011010110010110010000101010000000000000;0.487553;6620;0100000100101000100001010000110000011110000;0.0501547;681;0.223289;1
2;0000101110100001000001100011000000100010010;0.545736;7410;0110001010000100000000011011000000011000011;0.081308;1104;0.263035;2
3;0000000010101110001001000101000100110001000;0.631168;8570;1100000001011110010011000000001000100100000;0.132641;1801;0.30205;1
4;0100001010000011000010001101000100110001000;0.707836;9611;0101001000100001000101100010011100000100000;0.0927972;1260;0.339722;2
5;0100001010000011000010001101000100110001000;0.707836;9611;1100101000000000000011010011000000000011011;0.103329;1403;0.361055;4
6;0000101110100001001001000101001100010000000;0.657829;8932;0000000100100010000001000001100111001100110;0.153705;2087;0.387659;3
7;0000101110100001001001000101001100010000000;0.657829;8932;1001000110000001010001110010000100100000001;0.178598;2425;0.425867;5
8;0000000010110011010000100101100100110000000;0.66512;9031;0000100110101000000100010101000011100000001;0.231846;3148;0.450886;1
9;0000011110100001100010000101000100110000000;0.729636;9907;1000000000100100010010100101000100110100100;0.220725;2997;0.482942;2
10;0000011110100010000010010101000100010001000;0.709015;9627;0100101100000110001111010100000010000000000;0.240463;3265;0.51634;4
11;0000111110000010000010001101000101010000000;0.736117;9995;1000111000100001000100011101000101000000000;0.26079;3541;0.527843;5
12;0000111010100001000010001101000101010000000;0.731919;9938;0100101100100001000010000001001001110000100;0.196052;2662;0.53788;2
13;0000111010100001000010001101000100010001000;0.739431;10040;0001001100101000001100001101000110000100000;0.275446;3740;0.563031;2
14;0000111010100001100010001101000100010000000;0.758285;10296;0010000100100011001010000001000111110000000;0.282958;3842;0.579766;3
15;0000111010100001100010001101000100010000000;0.758285;10296;1010101100000001001010001101000001010000000;0.260642;3539;0.619169;6
16;0000111010100011000010001101000100010000000;0.763662;10369;0010100110100010000000001100010101000000011;0.308146;4184;0.62358;2
17;0000011110000010011010001101000100010000000;0.776329;10541;0010001110000000001000001101110000100001001;0.335837;4560;0.63329;5
18;0000011110000010011010001101000100010000000;0.776329;10541;0000100100000101011110000101000100010100000;0.21962;2982;0.640652;8
19;0000011110000010011010001101000100010000000;0.776329;10541;0000110010100001100010001010001100011000000;0.319856;4343;0.667448;11
20;0000011110000010011010001101000100010000000;0.776329;10541;0000110010001011000010011101000100010000000;0.387318;5259;0.674876;10
21;0000011110000010011010001101000100010000000;0.776329;10541;0001101100000001000010001101000100010100001;0.410075;5568;0.68608;15
22;0000111010100011000000001101000100110000000;0.777508;10557;0000010010000011010100001101010100010010000;0.453601;6159;0.683377;10
23;0000011110000011010010001101000100010000000;0.772647;10491;0100011100000001000010011101000100010001000;0.426204;5787;0.686958;16
24;0000011110000011100010001101000100010000000;0.766976;10414;0000110110100011000110001001000100010000000;0.382531;5194;0.695151;21
25;0000011110000011100010001101000100010000000;0.766976;10414;0001100110010001001110000101100100000000000;0.388275;5272;0.709831;24
26;0000011110000011000010001111000100010000000;0.771837;10480;0100101100100011001010001110001000000000000;0.38474;5224;0.708271;27
27;0000011110000010100010001111000100010000000;0.779128;10579;0000101111000001010011001100001100000000000;0.404257;5489;0.706225;31
28;0000011110000010011010001101000100010000000;0.776329;10541;1000001010100011011010001001010100000000000;0.446163;6058;0.723541;29
29;0000011110000010011010001101000100010000000;0.776329;10541;0000010110000010010011001111000110000000000;0.450876;6122;0.723234;37
30;0000011110000011100000001111000100010000000;0.778833;10575;0000011110000001101010001001000110010000000;0.49617;6737;0.722062;32
31;0000011110000011100000001111000100010000000;0.778833;10575;0000111010000001100010001011000110010000000;0.42834;5816;0.724783;33
32;0000011110000011100000001111000100010000000;0.778833;10575;0000010110000010100010011111000000100001000;0.470246;6385;0.719399;32
33;0000011110000011100000001111000100010000000;0.778833;10575;0100011110000001100110001001000100010000000;0.481809;6542;0.71928;37
34;0000011010100010011010001111000000010000000;0.781411;10610;0000011010000011111010001101000100000000000;0.486228;6602;0.74236;49
35;0000011110000011100000001111000100010000000;0.778833;10575;0000010110001011100010001111000000010000000;0.503903;6842;0.726731;42
36;0000011010100010011010001101000100010000000;0.778465;10570;0000110010000010000010001111101100010000000;0.455295;6182;0.726722;56
37;0000011010100010011010001101000100010000000;0.778465;10570;0000101000000011100010001111010001010000000;0.456032;6192;0.729944;52
38;0000011010100010011010001101000100010000000;0.778465;10570;0010010010000011100010001101000100010000001;0.381058;5174;0.720483;49
39;0000011010100010011010001101000100010000000;0.778465;10570;0000011110000011100010001001000100010000100;0.48284;6556;0.730565;49
40;0000011010100010011010001101000100010000000;0.778465;10570;0000011100000010111011001101000100000000000;0.405583;5507;0.734802;59
41;0000011010100010011010001101000100010000000;0.778465;10570;0000011011000011100010001001000100011000000;0.324569;4407;0.740212;59
42;0000011010100010011010001101000100010000000;0.778465;10570;0000011101000001101010001101000100010000000;0.466637;6336;0.740457;61
43;0000011010100010011010001101000100010000000;0.778465;10570;0000010010000010011111001101000100010000000;0.403299;5476;0.743707;60
44;0000011010100011011000001101000100010000000;0.780822;10602;0000011111000010011010000001000101010000000;0.488584;6634;0.740502;56
45;0000011110000010011010001111000100000000000;0.778907;10576;0000010110000110010010001101010100000001000;0.445942;6055;0.745582;64
46;0000011010100010011010001111000000010000000;0.781411;10610;1000011000010010011010001101000100010000000;0.349168;4741;0.73659;64
47;0000011010100010011010001111000000010000000;0.781411;10610;0000011010100010011010101001000100010000000;0.530049;7197;0.740736;63
48;0000011010100010011010001111000000010000000;0.781411;10610;0000011010010010011010001001001100010000000;0.358595;4869;0.741782;67
49;0000011110000011011000001101000100010000000;0.783031;10632;0100011110000010011010001101000100000000000;0.551628;7490;0.758624;71
50;0000011110000011011000001101000100010000000;0.783031;10632;0000011010100010011010001001000110010000000;0.524157;7117;0.757089;71
=============================================
geração;melhor;fitness;cobertura;pior;fitness;cobertura;média;ind_repetidos
0;0001000010101011000010000110010101010000000;0.614597;8345;0011100000000100100000000111000001001001011;0.0523641;711;0.166579;1
1;1000000111000001100010000110010101010000000;0.591619;8033;0101100000001001000000100100100100100100101;0.0336574;457;0.21862;1
2;0000001010000000001000101101000100111000101;0.565032;7672;1010001001100000000000001100000001011110001;0.0645161;876;0.253316;3
3;0000001010000000001000101101000100110101100;0.582855;7914;1001001000011001000010000010010100010100100;0.078583;1067;0.299253;2
4;0010001010000010000000111110010100010000001;0.640816;8701;1100001000000100000000101001000100110101100;0.0505229;686;0.322042;1
5;0000001110100011001101101110000000000000000;0.675136;9167;0100101000100000000000110001110110001010000;0.151495;2057;0.345007;2
6;0000001110100011001100101110000000000000001;0.667329;9061;0101011100001001101011000000000000010001000;0.170644;2317;0.370899;1
7;0000001110100011001100101110000000000001000;0.676683;9188;0001011100000010000011001010000010001100010;0.182575;2479;0.385802;2
8;0000001010100010000000101111010100010000001;0.685668;9310;1000000100010100100000110110000000111000001;0.0701871;953;0.41394;2
9;0000001010100010000000101111010100010000001;0.685668;9310;0000010111000001100000001010010010110000001;0.213728;2902;0.449309;2
10;0000111010000110010000001110010100010000000;0.68611;9316;0010001000011000000010010100100001011010001;0.0863898;1173;0.475095;1
11;0000001110000010110010010101000001110000000;0.701061;9519;0000010110000010110000100010100100010100001;0.264325;3589;0.508926;4
12;0000011010001001000010101111000100010000000;0.708278;9617;0000000110010010100000101110001000000010101;0.221608;3009;0.533937;6
13;0000011110100010010000101100000100110000000;0.697746;9474;1010001000100110000000010010101100011000000;0.190676;2589;0.547998;4
14;0000001010100011000100001111010100010000000;0.722787;9814;0000010100001000100000111101000100110001000;0.203196;2759;0.582692;5
15;0000001110100011000000001110010100011000000;0.705995;9586;0000010110100010000010100000101001001101000;0.243924;3312;0.614577;13
16;0000011110000010001000101111000100010000000;0.718957;9762;0000010100000010000000101111011100100000010;0.306673;4164;0.628121;5
17;0000111010100010000000101111000100100000000;0.745986;10129;1000001000010110000000100111000100100001010;0.207173;2813;0.635432;11
18;0000011010100010010000101111000100100000000;0.754308;10242;0000010010100101000000101011000000111000001;0.254677;3458;0.646331;12
19;0000011010100010010000101111000100100000000;0.754308;10242;0000001101100010001001101100010000010100000;0.456547;6199;0.657914;8
20;0000011010100010010000101111000100100000000;0.754308;10242;0000011000101100010011100011000000100000001;0.158786;2156;0.645277;6
21;0000011010101011000000001111000100100000000;0.743482;10095;0000000110100010001010110000010110010000001;0.297098;4034;0.647725;5
22;0000011010100011001000001111000100010000000;0.756297;10269;0000110100100011100000001111010001000000000;0.413021;5608;0.667002;5
23;0000011010100011001000001111000100010000000;0.756297;10269;0010010010100000010001101011000000110001000;0.234792;3188;0.671508;5
24;0000011110000011010000001111000100010000000;0.785756;10669;0000011001100110001010001100010010100000000;0.366475;4976;0.673941;7
25;0000011110000011010000001111000100010000000;0.785756;10669;0100010101100010000000101111010100000000000;0.322286;4376;0.6756;10
26;0000011110000011010000001111000100010000000;0.785756;10669;0000011110001011000000101011000100000001000;0.341361;4635;0.652207;9
27;0000011010100011010000101111000100000000000;0.766092;10402;0100010110000011000000110011100100010000000;0.282589;3837;0.644373;7
28;0000101110000011010000001111000100010000000;0.767786;10425;0000101100100101010000101001000100000001100;0.171159;2324;0.660076;3
29;0000011010100011010000001110010000110000000;0.759317;10310;0000001010001111000000001011000100010010100;0.344749;4681;0.663556;4
30;0100011010100011010000001111000100000000000;0.763956;10373;0100001000000011000010101111000100100100000;0.383783;5211;0.665329;7
31;0000011110100011010000001111000100000000000;0.780233;10594;0000011010101011000000001011000100000100100;0.333407;4527;0.660376;13
32;0000011110100011010000001111000100000000000;0.780233;10594;0000011100000001000100001110010111000100000;0.296214;4022;0.679751;5
33;0000011010100111010000001111000100000000000;0.778907;10576;0000011000110011000001101011000100010000000;0.315805;4288;0.678544;8
34;0000011010100011010000001111000100010000000;0.787377;10691;0000011010100111000000101001000100100001000;0.357122;4849;0.69413;9
35;0000011010100011010000001111000100010000000;0.787377;10691;0000010010010111000000001111000101010000000;0.429813;5836;0.707052;18
36;0000011010100011010000001111000100010000000;0.787377;10691;0001011000100111010000001001000000110010000;0.288481;3917;0.69443;16
37;0000011010100011010000001111000100010000000;0.787377;10691;0010010010000011010000001111000110010000000;0.438577;5955;0.697846;19
38;0000011010100011010000001111000100010000000;0.787377;10691;0000001001110011100000000101000110000100010;0.303137;4116;0.717537;28
39;0000011010100011010000001111000100010000000;0.787377;10691;0000000011110011110010001011000000010000000;0.3379;4588;0.720026;20
40;0000011010100011010000001111000100010000000;0.787377;10691;0100011100000011000000001111000101001000000;0.387539;5262;0.729227;21
41;0000011010100011010000001111000100010000000;0.787377;10691;0000011011100011010100001011000100000000000;0.441523;5995;0.733286;26
42;0000011010100011010000001111000100010000000;0.787377;10691;0010010110000011010000001011000110010000000;0.334217;4538;0.7187;28
43;0000011010100011010000001111000100010000000;0.787377;10691;0000011010000001010000111101000001010010000;0.425541;5778;0.740909;41
44;0000011010100011010000001111000100010000000;0.787377;10691;0000010110001011010010001111000100000000000;0.46406;6301;0.756596;47
45;0000011010100011010000001111000100010000000;0.787377;10691;0010011110000011010000001111000000000000001;0.544042;7387;0.766306;52
46;0000011010100011010000001111000100010000000;0.787377;10691;0000011010100011010010001011000100000000100;0.434821;5904;0.754461;39
47;0000011010100011010000001111000100010000000;0.787377;10691;1000010010100011000100001111010100000000000;0.435042;5907;0.74376;42
48;0000011010100011010000001111000100010000000;0.787377;10691;0000011110000011010000011010100100010000000;0.572691;7776;0.751065;41
49;0000011010100011010000001111000100010000000;0.787377;10691;0100011110100001010000011010000100010000000;0.532847;7235;0.762727;61
50;0000011010100011010000001111000100010000000;0.787377;10691;0000011010100011010000001110000110010000000;0.639711;8686;0.769183;62
=============================================
