geração;melhor;fitness;cobertura;pior;fitness;cobertura;média;ind_repetidos
0;0000000010000010001000000010000000000000000;0.126528;1718;0000000000100000001000000000010000010000000;0;0;0.00800357;1
1;0000000010000010000010010000000000000000000;0.174842;2374;0000000000100000100000000100000100000000000;0;0;0.0131593;13
2;0000000010000010000010010000000000000000000;0.174842;2374;0001000000100000000000000000100010000000000;0;0;0.0235287;31
3;0000000010000010000010010000000000000000000;0.174842;2374;0000000000100000010000000000000100000001000;0;0;0.0351243;43
4;0000000010000011000010000000000000000000000;0.195684;2657;0000000000100000000000000010010000000010000;0;0;0.048298;52
5;0000000010100011000000000000000000000000000;0.198188;2691;0001000000100000000000000010000000000010000;0;0;0.063152;45
6;0000000010000011000000000000000000000000100;0.192959;2620;0000000000000100001000000000000100010000000;0;0;0.0780801;61
7;0000000010100011000000000000000000000000000;0.198188;2691;0000000100100000000000100000000100000000000;0;0;0.0960983;82
8;0000000010100011000000000000000000000000000;0.198188;2691;0010000000100001000000000010000000000000000;0;0;0.110367;94
9;0000000010100011000000000000000000000000000;0.198188;2691;0000000000100000001000100000000010000000000;0;0;0.124968;100
10;0000000010100011000000000000000000000000000;0.198188;2691;0010000000000001000000100000000000000000010;0;0;0.136151;122
11;0000000010100011000000000000000000000000000;0.198188;2691;0000000001000001000000100000000000000000100;0.00463986;63;0.150646;164
12;0000000010100011000000000000000000000000000;0.198188;2691;0000010000000010000000000000000000010000100;0.0181912;247;0.159474;181
13;0000000010100011000000000000000000000000000;0.198188;2691;0000000100100001000000000001000000000000000;0.000883783;12;0.168765;211
14;0000000010100011000000000000000000000000000;0.198188;2691;0000000001000000000000100000010000000001000;0;0;0.175324;231
15;0000000010100011000000000000000000000000000;0.198188;2691;1000000000100000001010000000000000000000000;0.00581824;79;0.182071;263
16;0000000010100011000000000000000000000000000;0.198188;2691;0000001000100010100000000000000000000000000;0.0894093;1214;0.185847;289
17;0000000010100011000000000000000000000000000;0.198188;2691;0000000010000001000000000100000000000000001;0.0967742;1314;0.190843;328
18;0000000010100011000000000000000000000000000;0.198188;2691;0000000000100001000000100000001000000000000;0.0132567;180;0.192111;337
19;0000000010100011000000000000000000000000000;0.198188;2691;0000000010001001001000000000000000000000000;0.0966269;1312;0.193033;342
20;0000000010100011000000000000000000000000000;0.198188;2691;0000000110000001100000000000000000000000000;0.111283;1511;0.194467;358
21;0000000010100011000000000000000000000000000;0.198188;2691;0000000010000001001000000000000001000000000;0.0975107;1324;0.194905;367
22;0000000010100011000000000000000000000000000;0.198188;2691;0000000000100001000000000000010010000000000;0;0;0.194885;377
23;0000000010100011000000000000000000000000000;0.198188;2691;0000000010100001000000000000001000000000000;0.11526;1565;0.194868;374
24;0000000010100011000000000000000000000000000;0.198188;2691;0000000010100001000000000000001000000000000;0.11526;1565;0.194965;379
25;0000000010100011000000000000000000000000000;0.198188;2691;0000000010100001000000000000000000000000010;0.116291;1579;0.194409;375
26;0000000010100011000000000000000000000000000;0.198188;2691;0000000010100001000000000000000000000000001;0.115407;1567;0.195303;377
27;0000000010100011000000000000000000000000000;0.198188;2691;0000000010100001000000000000001000000000000;0.11526;1565;0.193943;375
28;0000000010100011000000000000000000000000000;0.198188;2691;0100000010100001000000000000000000000000000;0.115555;1569;0.194677;370
29;0000000010100011000000000000000000000000000;0.198188;2691;0001000000100011000000000000000000000000000;0.132641;1801;0.195835;381
30;0000000010100011000000000000000000000000000;0.198188;2691;0000000010100001000000000000000000001000000;0.117838;1600;0.195774;377
31;0000000010100011000000000000000000000000000;0.198188;2691;0000000010100001000000000000000010000000000;0.115481;1568;0.19495;380
32;0000000010100011000000000000000000000000000;0.198188;2691;0000000010100001000000000000010000000000000;0.117248;1592;0.195117;378
33;0000000010100011000000000000000000000000000;0.198188;2691;0000000010100001000000000000000100000000000;0.115776;1572;0.195533;380
34;0000000010100011000000000000000000000000000;0.198188;2691;0000000010100001000000000000000000000000001;0.115407;1567;0.195477;376
35;0000000010100011000000000000000000000000000;0.198188;2691;0000000010100001000000000000000010000000000;0.115481;1568;0.195271;378
36;0000000010100011000000000000000000000000000;0.198188;2691;0000000010100001000000001000000000000000000;0.115555;1569;0.195327;380
37;0000000010100011000000000000000000000000000;0.198188;2691;0100000010100001000000000000000000000000000;0.115555;1569;0.196106;385
38;0000000010100011000000000000000000000000000;0.198188;2691;0000000000101011000000000000000000000000000;0.131463;1785;0.195737;381
39;0000000010100011000000000000000000000000000;0.198188;2691;0000000010100001000000001000000000000000000;0.115555;1569;0.19353;367
40;0000000010100011000000000000000000000000000;0.198188;2691;0100010010000001000000000000000000000000000;0.0989837;1344;0.195181;373
41;0000000010100011000000000000000000000000000;0.198188;2691;0010000010100001000000000000000000000000000;0.117322;1593;0.19587;381
42;0000000010100011000000000000000000000000000;0.198188;2691;0000000000000011000000000100000000000000100;0.112167;1523;0.195077;380
43;0000000010100011000000000000000000000000000;0.198188;2691;0000000010100001000000000000001000000000000;0.11526;1565;0.195662;380
44;0000000010100011000000000000000000000000000;0.198188;2691;0000000000100010000000000001000010000000000;0.075858;1030;0.195399;378
45;0000000010100011000000000000000000000000000;0.198188;2691;0000000010100001001000000000000000000000000;0.118574;1610;0.195726;382
46;0000000010100011000000000000000000000000000;0.198188;2691;0100000010100001000000000000000000000000000;0.115555;1569;0.195124;373
47;0000000010100011000000000000000000000000000;0.198188;2691;0000000010100001000000000000000000000000001;0.115407;1567;0.19517;376
48;0000000010100011000000000000000000000000000;0.198188;2691;0000000010100000000010000000000000000010000;0.100825;1369;0.194951;377
49;0000000010100011000000000000000000000000000;0.198188;2691;0000000010100001000000001000000000000000000;0.115555;1569;0.195008;379
50;0000000010100011000000000000000000000000000;0.198188;2691;0000000010100001000000000000000000100000000;0.115776;1572;0.195186;380
=============================================
geração;melhor;fitness;cobertura;pior;fitness;cobertura;média;ind_repetidos
0;0000000010000010000000000000000000001100000;0.127633;1733;0000001000001000001000000000000000000000010;0;0;0.010724;1
1;0000000000000000000000000101010000100000000;0.15584;2116;0100000000000000100000100000000000001000000;0;0;0.0192882;24
2;0000000010000011000000000000100000000000000;0.192886;2619;0000010000000000000100000001000000010000000;0;0;0.0307357;26
3;0000000010000011000010000000000000000000000;0.195684;2657;0000001000001000000000101000000000000000000;0;0;0.0417179;27
4;0000000010000011000000000100000000000000000;0.194359;2639;0001000000000000010000000001000000000000001;0;0;0.0559331;26
5;0000000010000011000000000100000000000000000;0.194359;2639;0001100000000000000000010000000000000010000;0;0;0.0750711;38
6;0000000010000011000000000010000000000000000;0.194579;2642;1000010000000000000000100000000000001000000;0;0;0.0915522;58
7;0000000010100011000000000000000000000000000;0.198188;2691;1000000000000001000000100000000000000000001;0;0;0.110253;70
8;0000000010000011000010000000000000000000000;0.195684;2657;0000000100100000000000100000000000100000000;0;0;0.124301;72
9;0000000010100011000000000000000000000000000;0.198188;2691;0000000000000001001000100000001000000000000;0.000220946;3;0.140592;104
10;0000000010100011000000000000000000000000000;0.198188;2691;0000000000100000000010000000000010001000000;0.000220946;3;0.156597;131
11;0000000010000011001000000000000000000000000;0.197231;2678;0000100000100000000010000000001000000000000;0.00154662;21;0.166661;163
12;0000000010100011000000000000000000000000000;0.198188;2691;0001100010000000000000000000000000000100000;0.0172338;234;0.173442;211
13;0000000010100011000000000000000000000000000;0.198188;2691;0000010010000000000000000000000001000000100;0.00854323;116;0.181859;208
14;0000000010100011000000000000000000000000000;0.198188;2691;0000000010000000000010000000000000010100000;0.0674621;916;0.184711;250
15;0000000010100011000000000000000000000000000;0.198188;2691;1000000000000001000000100000000100000000000;0;0;0.185383;276
16;0000000010100011000000000000000000000000000;0.198188;2691;0000000100000001000000100000000000100000000;0.00110473;15;0.188569;300
17;0000000010100011000000000000000000000000000;0.198188;2691;0000100010000001001000000000000000000000000;0.0983945;1336;0.189922;318
18;0000000010100011000000000000000000000000000;0.198188;2691;0010000010000001001000000000000000000000000;0.0978789;1329;0.189095;323
19;0000000010100011000000000000000000000000000;0.198188;2691;0000000010000001000000000000000000101000000;0.0957431;1300;0.190228;334
20;0000000010100011000000000000000000000000000;0.198188;2691;0010010000100001000000000000000000000000000;0.00139932;19;0.191029;346
21;0000000010100011000000000000000000000000000;0.198188;2691;0000000010000001001000000000000000001000000;0.0968478;1315;0.195067;366
22;0000000010100011000000000000000000000000000;0.198188;2691;0010000010000001000000000010000000000000000;0.0967005;1313;0.193466;364
23;0000000010100011000000000000000000000000000;0.198188;2691;0010000010100001000000000000000000000000000;0.117322;1593;0.195229;376
24;0000000010100011000000000000000000000000000;0.198188;2691;0000000010100001000000000000000001000000000;0.115702;1571;0.196293;384
25;0000000010100011000000000000000000000000000;0.198188;2691;0100000010100001000000000000000000000000000;0.115555;1569;0.196783;391
26;0000000010100011000000000000000000000000000;0.198188;2691;0000000010100001000000000010000000000000000;0.115702;1571;0.195848;383
27;0000000010100011000000000000000000000000000;0.198188;2691;0000000010100001000000000000000001000000000;0.115702;1571;0.19533;379
28;0000000010100011000000000000000000000000000;0.198188;2691;0000000010100001000000000000000000100000000;0.115776;1572;0.195871;384
29;0000000010100011000000000000000000000000000;0.198188;2691;0100000010100001000000000000000000000000000;0.115555;1569;0.194903;378
30;0000000010100011000000000000000000000000000;0.198188;2691;0000000010100001000000001000000000000000000;0.115555;1569;0.19587;383
31;0000000010100011000000000000000000000000000;0.198188;2691;0000000010100001000000000000000000000000001;0.115407;1567;0.195068;379
32;0000000010100011000000000000000000000000000;0.198188;2691;0100000010100001000000000000000000000000000;0.115555;1569;0.195801;384
33;0000000010100011000000000000000000000000000;0.198188;2691;0000000010100001000000000000001000000000000;0.11526;1565;0.195359;379
34;0000000010100011000000000000000000000000000;0.198188;2691;0000000010100001000000000000000100000000000;0.115776;1572;0.196639;387
35;0000000010100011000000000000000000000000000;0.198188;2691;0000000010100001000000000001000000000000000;0.117985;1602;0.196659;388
36;0000000010100011000000000000000000000000000;0.198188;2691;0000000010100001000000000010000000000000000;0.115702;1571;0.195147;378
37;0000000010100011000000000000000000000000000;0.198188;2691;0000000010100001000000000000000000100000000;0.115776;1572;0.195195;379
38;0000000010100011000000000000000000000000000;0.198188;2691;0000000010100001000000000000000000000000100;0.117764;1599;0.19625;385
39;0000000010100011000000000000000000000000000;0.198188;2691;0000100010100001000000000000000000000000000;0.118206;1605;0.196097;384
40;0000000010100011000000000000000000000000000;0.198188;2691;0000000010100001000000000000010000000000000;0.117248;1592;0.196317;383
41;0000000010100011000000000000000000000000000;0.198188;2691;0000000010100001000000001000000000000000000;0.115555;1569;0.195761;380
42;0000000010100011000000000000000000000000000;0.198188;2691;0000000010100001000000000000000000000000100;0.117764;1599;0.196413;383
43;0000000010100011000000000000000000000000000;0.198188;2691;0000000010100001000000001000000000000000000;0.115555;1569;0.195092;380
44;0000000010100011000000000000000000000000000;0.198188;2691;0000000010100001000000000000000000100000000;0.115776;1572;0.196208;378
45;0000000010100011000000000000000000000000000;0.198188;2691;0000000010100001000000000000001000000000000;0.11526;1565;0.194293;375
46;0000000010100011000000000000000000000000000;0.198188;2691;0000000010100001000000000000000000100000000;0.115776;1572;0.195891;380
47;0000000010100011000000000000000000000000000;0.198188;2691;0000000010100001000000000000000000000000001;0.115407;1567;0.195604;381
48;0000000010100011000000000000000000000000000;0.198188;2691;0000000010100001000000000010000000000000000;0.115702;1571;0.196073;381
49;0000000010100011000000000000000000000000000;0.198188;2691;0100000010100001000000000000000000000000000;0.115555;1569;0.194418;372
50;0000000010100011000000000000000000000000000;0.198188;2691;0000000010100001000000000000000001000000000;0.115702;1571;0.193697;372
=============================================
geração;melhor;fitness;cobertura;pior;fitness;cobertura;média;ind_repetidos
0;0000000100000011000000010000000000000000000;0.123288;1674;0000000000000001000000000000110001000000000;0;0;0.00928819;1
1;0000000010000000000010000001010000000000000;0.138017;1874;0000100001000000000000000000010010000000000;0;0;0.0168786;18
2;0000000010000000000010000001010000000000000;0.138017;1874;0000000000010000100000000000010000000100000;0;0;0.0257256;22
3;0000000000000011000010000000000000000010000;0.164015;2227;0000001000000001000000000001000000000000100;0;0;0.0398179;35
4;0000000011000011000000000000000000000000000;0.191928;2606;0100000000000001000000010000000010000000000;0;0;0.0547524;42
5;0000000010000011000000000000010000000000000;0.193843;2632;0100000000100000100000000000000001000000000;0;0;0.0689306;60
6;0000000010000011000000000000010000000000000;0.193843;2632;0000000100001000000000000000100000000000100;0;0;0.0878417;70
7;0000000010000011000000001000000000000000000;0.194138;2636;0000000000100000000000010001000000100000000;0;0;0.105013;91
8;0000000010000011000000000010000000000000000;0.194579;2642;0000000001000000000100000000010100000000000;0;0;0.11904;112
9;0000000010000011000010000000000000000000000;0.195684;2657;0001000000100000001000010000000000000000000;0;0;0.130346;123
10;0000000010100011000000000000000000000000000;0.198188;2691;0000010000100000000000000100000000000000100;0;0;0.141751;139
11;0000000010100011000000000000000000000000000;0.198188;2691;0000000000000001000010000000001000000000001;0.000368243;5;0.151918;156
12;0000000010100011000000000000000000000000000;0.198188;2691;0000000000000001000000000010001000000010000;0.000294594;4;0.160388;207
13;0000000010100011000000000000000000000000000;0.198188;2691;0000000000000001000001000000000001000000001;0;0;0.174226;234
14;0000000010100011000000000000000000000000000;0.198188;2691;0000100010000000000010000010000000000000000;0.0653263;887;0.182049;263
15;0000000010100011000000000000000000000000000;0.198188;2691;0100000000000001000000101000000000000000000;0.000662837;9;0.184316;272
16;0000000010100011000000000000000000000000000;0.198188;2691;0000010000010001000000000000000001000000000;0;0;0.185549;294
17;0000000010100011000000000000000000000000000;0.198188;2691;1000000010000001001000000000000000000000000;0.0967742;1314;0.189896;319
18;0000000010100011000000000000000000000000000;0.198188;2691;0000000010000001100000000000100000000000000;0.106422;1445;0.19215;336
19;0000000010100011000000000000000000000000000;0.198188;2691;0000000110000001001000000000000000000000000;0.103992;1412;0.192889;342
20;0000000010100011000000000000000000000000000;0.198188;2691;0000100100000001000010000000000000000000000;0.00287229;39;0.190951;341
21;0000000010100011000000000000000000000000000;0.198188;2691;0010000110100000000000000000000000000000000;0.0521432;708;0.190575;341
22;0000000010100011000000000000000000000000000;0.198188;2691;0000000110000001010000000000000000000000000;0.104876;1424;0.193424;350
23;0000000010100011000000000000000000000000000;0.198188;2691;0000000010100001000000000000000000010000000;0.116291;1579;0.193793;355
24;0000000010100011000000000000000000000000000;0.198188;2691;0000000010100001000000000000001000000000000;0.11526;1565;0.193942;366
25;0000000010100011000000000000000000000000000;0.198188;2691;0000000010100001000000000000000000000000100;0.117764;1599;0.195554;378
26;0000000010100011000000000000000000000000000;0.198188;2691;0000000010100001000000000000000010000000000;0.115481;1568;0.195909;381
27;0000000010100011000000000000000000000000000;0.198188;2691;0000000010100001000000000000001000000000000;0.11526;1565;0.195884;385
28;0000000010100011000000000000000000000000000;0.198188;2691;0000000010100001000000000000000000000001000;0.121078;1644;0.194759;373
29;0000000010100011000000000000000000000000000;0.198188;2691;0000000010100001000000000010000000000000000;0.115702;1571;0.195376;376
30;0000000010100011000000000000000000000000000;0.198188;2691;0000000010100001000000000010000000000000000;0.115702;1571;0.196494;381
31;0000000010100011000000000000000000000000000;0.198188;2691;0000000010100001000000000000000000000000010;0.116291;1579;0.196305;382
32;0000000010100011000000000000000000000000000;0.198188;2691;0000000010100001000000000000001000000000000;0.11526;1565;0.19559;382
33;0000000010100011000000000000000000000000000;0.198188;2691;0000000010100001000000000000000000000000001;0.115407;1567;0.196956;388
34;0000000010100011000000000000000000000000000;0.198188;2691;0100000010100001000000000000000000000000000;0.115555;1569;0.19637;383
35;0000000010100011000000000000000000000000000;0.198188;2691;0000000010100001000000000000000000000000001;0.115407;1567;0.194447;378
36;0000000010100011000000000000000000000000000;0.198188;2691;0100000010100001000000000000000000000000000;0.115555;1569;0.196671;387
37;0000000010100011000000000000000000000000000;0.198188;2691;0000000010100001000000000000001000000000000;0.11526;1565;0.196181;384
38;0000000010100011000000000000000000000000000;0.198188;2691;1000000010100001000000000000000000000000000;0.115776;1572;0.196543;386
39;0000000010100011000000000000000000000000000;0.198188;2691;0100000010100001000000000000000000000000000;0.115555;1569;0.195356;382
40;0000000010100011000000000000000000000000000;0.198188;2691;0000000010100001000000000000000000000000001;0.115407;1567;0.196244;386
41;0000000010100011000000000000000000000000000;0.198188;2691;0001000010100001000000000000000000000000000;0.118059;1603;0.195455;378
42;0000000010100011000000000000000000000000000;0.198188;2691;0000000010100001000000000000000000000000001;0.115407;1567;0.194916;379
43;0000000010100011000000000000000000000000000;0.198188;2691;0000000010100001000000000000001000000000000;0.11526;1565;0.194586;372
44;0000000010100011000000000000000000000000000;0.198188;2691;0000000010100001000000000000000100000000000;0.115776;1572;0.195436;378
45;0000000010100011000000000000000000000000000;0.198188;2691;0000000010100001000000000000001000000000000;0.11526;1565;0.19554;377
46;0000000010100011000000000000000000000000000;0.198188;2691;0000001010000001000000000000001000000000000;0.0978789;1329;0.193879;369
47;0000000010100011000000000000000000000000000;0.198188;2691;0000011010100000000000000000000000000000000;0.0625276;849;0.194921;376
48;0000000010100011000000000000000000000000000;0.198188;2691;0000000010100001000000000000000000100000000;0.115776;1572;0.195727;381
49;0000000010100011000000000000000000000000000;0.198188;2691;0000000010100001000000000000001000000000000;0.11526;1565;0.194948;378
50;0000000010100011000000000000000000000000000;0.198188;2691;0000000000100011000000000000001000000000000;0.13161;1787;0.196692;388
=============================================
geração;melhor;fitness;cobertura;pior;fitness;cobertura;média;ind_repetidos
0;0000000010000011000000000000000000010000000;0.192591;2615;1000000000001000000000001000000000000000010;0;0;0.0104084;2
1;0000000010000011000000010000000000000000000;0.192886;2619;0010000000100000000000001000000000000010000;0;0;0.0153964;18
2;0000000010000010000010000000000000000000100;0.1744;2368;0010000000000001000000000100000000000001000;0;0;0.0243856;26
3;0000000010000011000000000010000000000000000;0.194579;2642;0000001000000000000000000000000100010100000;0;0;0.0353099;26
4;0000000110000011000000000000000000000000000;0.197525;2682;1000001000000000001000000010000000000000000;0;0;0.0462276;38
5;0000000110000011000000000000000000000000000;0.197525;2682;0000010000000001000000000000000010000001000;0;0;0.0607056;51
6;0000000010000011000000000000000001000000000;0.192002;2607;0000000000100000000000010000001000000000001;0;0;0.0751598;56
7;0000000010000011000000000100000000000000000;0.194359;2639;0000000001000000000000010001000001000000000;0;0;0.0923834;68
8;0000000010000011000000000100000000000000000;0.194359;2639;0001000000000000100000000000000000000000011;7.36486e-05;1;0.112392;92
9;0000000010000011100000000000000000000000000;0.197599;2683;0000000000100000010000100000000000010000000;0;0;0.127364;107
10;0000000010100011000000000000000000000000000;0.198188;2691;0001000000000001000001000001000000000000000;0;0;0.138509;138
11;0000000010100011000000000000000000000000000;0.198188;2691;0000000000000001000001000000000000000010001;0;0;0.150567;169
12;0000000010100011000000000000000000000000000;0.198188;2691;0100000100000000000001010000000000000000000;0.000147297;2;0.162496;193
13;0000000010100011000000000000000000000000000;0.198188;2691;0000000000000001000001100000000000000001000;0.0392547;533;0.169588;207
14;0000000010100011000000000000000000000000000;0.198188;2691;0000000000100100000110000000000000000000000;0.0183385;249;0.174255;215
15;0000000010100011000000000000000000000000000;0.198188;2691;0000000100000001100000000000000001000000000;0.00235675;32;0.180063;241
16;0000000010100011000000000000000000000000000;0.198188;2691;0000100000100000000000001000001000000000000;0;0;0.184242;252
17;0000000010100011000000000000000000000000000;0.198188;2691;0000001000000010000010000100000000000000000;0.0767418;1042;0.187376;275
18;0000000010100011000000000000000000000000000;0.198188;2691;0000000010000000000010000000000000100001000;0.0667256;906;0.189707;310
19;0000000010100011000000000000000000000000000;0.198188;2691;0000000110000000100000000000000000100000000;0.0304169;413;0.19011;329
20;0000000010100011000000000000000000000000000;0.198188;2691;1000000010000001001000000000000000000000000;0.0967742;1314;0.191492;327
21;0000000010100011000000000000000000000000000;0.198188;2691;0000000100000010000000000000001001000000000;0.0209898;285;0.190438;331
22;0000000010100011000000000000000000000000000;0.198188;2691;0000000100000001100000000000010000000000000;0.00640742;87;0.191214;333
23;0000000010100011000000000000000000000000000;0.198188;2691;0000000010000001000000000010000010000000000;0.0956695;1299;0.190614;333
24;0000000010100011000000000000000000000000000;0.198188;2691;0000000110000001000000000000000100000000000;0.102961;1398;0.193079;352
25;0000000010100011000000000000000000000000000;0.198188;2691;0000000010100001000000000000000000000000001;0.115407;1567;0.194009;364
26;0000000010100011000000000000000000000000000;0.198188;2691;0000000010100001000000000000000000100000000;0.115776;1572;0.194286;370
27;0000000010100011000000000000000000000000000;0.198188;2691;0010000010100001000000000000000000000000000;0.117322;1593;0.194876;373
28;0000000010100011000000000000000000000000000;0.198188;2691;0000000010100001000000000000000100000000000;0.115776;1572;0.194459;368
29;0000000010100011000000000000000000000000000;0.198188;2691;0000000010100001000000000000000000000000001;0.115407;1567;0.194617;375
30;0000000010100011000000000000000000000000000;0.198188;2691;0000000010100001000000000000000010000000000;0.115481;1568;0.195976;380
31;0000000010100011000000000000000000000000000;0.198188;2691;0000000010100001000100000000000000000000000;0.119237;1619;0.196845;385
32;0000000010100011000000000000000000000000000;0.198188;2691;0000000010100001000000000000001000000000000;0.11526;1565;0.194557;374
33;0000000010100011000000000000000000000000000;0.198188;2691;0000001010100001000000000000000000000000000;0.11828;1606;0.196756;383
34;0000000010100011000000000000000000000000000;0.198188;2691;0100000010100001000000000000000000000000000;0.115555;1569;0.196629;386
35;0000000010100011000000000000000000000000000;0.198188;2691;0000000010100001000000000000001000000000000;0.11526;1565;0.195738;381
36;0000000010100011000000000000000000000000000;0.198188;2691;1000000010100001000000000000000000000000000;0.115776;1572;0.194814;381
37;0000000010100011000000000000000000000000000;0.198188;2691;0000000010100001000000000000001000000000000;0.11526;1565;0.194859;381
38;0000000010100011000000000000000000000000000;0.198188;2691;1000000010100001000000000000000000000000000;0.115776;1572;0.19569;380
39;0000000010100011000000000000000000000000000;0.198188;2691;0000000010100001000000000100000000000000000;0.11828;1606;0.195219;377
40;0000000010100011000000000000000000000000000;0.198188;2691;0000000010100001000000000001000000000000000;0.117985;1602;0.195488;381
41;0000000010100011000000000000000000000000000;0.198188;2691;0000000010100001000000000000000010000000000;0.115481;1568;0.195732;380
42;0000000010100011000000000000000000000000000;0.198188;2691;0000000010100001000000010000000000000000000;0.126602;1719;0.195553;382
43;0000000010100011000000000000000000000000000;0.198188;2691;0000000010100001000000000000000000100000000;0.115776;1572;0.195376;382
44;0000000010100011000000000000000000000000000;0.198188;2691;0000000010100001000000000000000000000000001;0.115407;1567;0.196536;385
45;0000000010100011000000000000000000000000000;0.198188;2691;0000000010100001000000000000000000000000001;0.115407;1567;0.196078;381
46;0000000010100011000000000000000000000000000;0.198188;2691;0000000010100001000000000010000000000000000;0.115702;1571;0.19721;386
47;0000000010100011000000000000000000000000000;0.198188;2691;0000000000100011000000000000000001000000000;0.131978;1792;0.196076;385
48;0000000010100011000000000000000000000000000;0.198188;2691;0100000010100001000000000000000000000000000;0.115555;1569;0.196609;384
49;0000000010100011000000000000000000000000000;0.198188;2691;0000000010100001000000000000000010000000000;0.115481;1568;0.195182;382
50;0000000010100011000000000000000000000000000;0.198188;2691;0000000010100001000000000000001000000000000;0.11526;1565;0.195064;377
=============================================
geração;melhor;fitness;cobertura;pior;fitness;cobertura;média;ind_repetidos
0;0000000011000010000000000000010000000000000;0.128959;1751;0000000000000000100000100001000000010000000;0;0;0.00971443;1
1;0000000011000010000000000000000000000001000;0.131831;1790;0000000000001000100000010000000000000010000;0;0;0.0162708;22
2;0000000010000010000001000000000000010000000;0.134703;1829;0100000000000001000000000000000100100000000;0;0;0.0263266;30
3;0000010010000011000000000000000000000000000;0.193254;2624;0010000000000000000000001000000001000000100;0;0;0.0380091;30
4;0000000010000010000000000001010000000000000;0.184121;2500;0001000001000000000000000001000000000010000;0;0;0.0492536;41
5;0000000010000011100000000000000000000000000;0.197599;2683;0000100001000000000000001000000100000000000;0;0;0.0622398;39
6;0000000010000011100000000000000000000000000;0.197599;2683;0000000000100000000000100000000000000001001;0;0;0.0786861;71
7;0000000010000011100000000000000000000000000;0.197599;2683;1000000000000001000010000000001000000000000;0;0;0.0929301;81
8;0000000010000011100000000000000000000000000;0.197599;2683;1000000000000100000000000001000000100000000;0;0;0.107107;89
9;0000000010000011100000000000000000000000000;0.197599;2683;0001000000000000000000100010000000010000000;0;0;0.120773;104
10;0000000010000011100000000000000000000000000;0.197599;2683;0000000001000001000000000000001001000000000;0;0;0.131432;115
11;0000000010100011000000000000000000000000000;0.198188;2691;1000000000000001000010000000100000000000000;0.00132567;18;0.148117;159
12;0000000010100011000000000000000000000000000;0.198188;2691;0000010000000001000001000000001000000000000;0;0;0.159342;180
13;0000000010100011000000000000000000000000000;0.198188;2691;0000000000000001001000000000001000000000010;0.000220946;3;0.165841;210
14;0000000010100011000000000000000000000000000;0.198188;2691;0000000000000001010000100010000000000000000;0.000368243;5;0.177714;261
15;0000000010100011000000000000000000000000000;0.198188;2691;0000000010000001000000001000000000000000010;0.0958904;1302;0.186752;294
16;0000000010100011000000000000000000000000000;0.198188;2691;0000000010001001001000000000000000000000000;0.0966269;1312;0.191433;328
17;0000000010100011000000000000000000000000000;0.198188;2691;0000000010001001001000000000000000000000000;0.0966269;1312;0.193466;352
18;0000000010100011000000000000000000000000000;0.198188;2691;0000000010100000100000010000000000000000000;0.0643688;874;0.191555;343
19;0000000010100011000000000000000000000000000;0.198188;2691;0000000010100000100000000000000000010000000;0.062233;845;0.192809;355
20;0000000010100011000000000000000000000000000;0.198188;2691;0000000010100001001000000000000000000000000;0.118574;1610;0.194741;367
21;0000000010100011000000000000000000000000000;0.198188;2691;0000001010100001000000000000000000000000000;0.11828;1606;0.194979;373
22;0000000010100011000000000000000000000000000;0.198188;2691;0000000000010011000000000000000000010000000;0.110915;1506;0.194305;371
23;0000000010100011000000000000000000000000000;0.198188;2691;0010000010100001000000000000000000000000000;0.117322;1593;0.194386;375
24;0000000010100011000000000000000000000000000;0.198188;2691;0000000010100001000000000000000000000000010;0.116291;1579;0.195634;383
25;0000000010100011000000000000000000000000000;0.198188;2691;0000000010100001000000000000001000000000000;0.11526;1565;0.194486;371
26;0000000010100011000000000000000000000000000;0.198188;2691;0000000010100001000000000000000000000000001;0.115407;1567;0.194664;380
27;0000000010100011000000000000000000000000000;0.198188;2691;0000000010100001000000000000000010000000000;0.115481;1568;0.19583;382
28;0000000010100011000000000000000000000000000;0.198188;2691;0000000010100001000000000000000000010000000;0.116291;1579;0.195802;382
29;0000000010100011000000000000000000000000000;0.198188;2691;0010000010100001000000000000000000000000000;0.117322;1593;0.19566;383
30;0000000010100011000000000000000000000000000;0.198188;2691;0000000010100001000000000000000001000000000;0.115702;1571;0.195943;379
31;0000000010100011000000000000000000000000000;0.198188;2691;0010000010100001000000000000000000000000000;0.117322;1593;0.196428;384
32;0000000010100011000000000000000000000000000;0.198188;2691;0000000010100001000000000000000000100000000;0.115776;1572;0.195627;378
33;0000000010100011000000000000000000000000000;0.198188;2691;0010000010100001000000000000000000000000000;0.117322;1593;0.194964;380
34;0000000010100011000000000000000000000000000;0.198188;2691;0000000010100001000000000000000100000000000;0.115776;1572;0.194986;379
35;0000000010100011000000000000000000000000000;0.198188;2691;0000000010100001000000000000000010000000000;0.115481;1568;0.194805;379
36;0000000010100011000000000000000000000000000;0.198188;2691;0000000010100001000000000000010000000000000;0.117248;1592;0.195829;383
37;0000000010100011000000000000000000000000000;0.198188;2691;0000000010100001000000001000000000000000000;0.115555;1569;0.19524;375
38;0000000010100011000000000000000000000000000;0.198188;2691;0000000010100001000000001000000000000000000;0.115555;1569;0.195138;376
39;0000000010100011000000000000000000000000000;0.198188;2691;0000000010100001000000000000000000000000001;0.115407;1567;0.19459;373
40;0000000010100011000000000000000000000000000;0.198188;2691;0000000010100001000000000000000010000000000;0.115481;1568;0.195726;380
41;0000000010100011000000000000000000000000000;0.198188;2691;0100000000100011000000000000000000000000000;0.131536;1786;0.196437;385
42;0000000010100011000000000000000000000000000;0.198188;2691;1000000010100001000000000000000000000000000;0.115776;1572;0.196346;388
43;0000000010100011000000000000000000000000000;0.198188;2691;0000000010100001000000000000100000000000000;0.115849;1573;0.196387;384
44;0000000010100011000000000000000000000000000;0.198188;2691;0010000010100001000000000000000000000000000;0.117322;1593;0.195303;379
45;0000000010100011000000000000000000000000000;0.198188;2691;0000000010100001000000000000000000000000010;0.116291;1579;0.195757;385
46;0000000010100011000000000000000000000000000;0.198188;2691;0000000010100001000000000010000000000000000;0.115702;1571;0.195961;383
47;0000000010100011000000000000000000000000000;0.198188;2691;0000000010100001000000000000000000100000000;0.115776;1572;0.195794;381
48;0000000010100011000000000000000000000000000;0.198188;2691;0000000010100001001000000000000000000000000;0.118574;1610;0.195817;383
49;0000000010100011000000000000000000000000000;0.198188;2691;0000000010100001000000000000000000000000001;0.115407;1567;0.194833;379
50;0000000010100011000000000000000000000000000;0.198188;2691;0000010010100001000000000000000000000000000;0.120784;1640;0.197244;391
=============================================
geração;melhor;fitness;cobertura;pior;fitness;cobertura;média;ind_repetidos
0;0000001010000010000000000000000010000000000;0.123509;1677;1000010000000000100000000000100000000000000;0;0;0.01012;1
1;0000000010000011000000000000000010000000000;0.191781;2604;0000000000000000101000000000000000001010000;0;0;0.0179275;16
2;0000000010000011000000000100000000000000000;0.194359;2639;1000000000000000000000000010001000000000100;0;0;0.0291089;27
3;0000000010000011000000010000000000000000000;0.192886;2619;1000000000000000000001000001000000000001000;0;0;0.0410631;29
4;0000000010000011000010000000000000000000000;0.195684;2657;0000001100000000001000000000000000000000010;0;0;0.0557766;36
5;0000000010000011000010000000000000000000000;0.195684;2657;0000000000001000100000000000000001000000001;0;0;0.0747421;56
6;0000000010000011000010000000000000000000000;0.195684;2657;0000100000000001000000000100000000000001000;0;0;0.0898763;50
7;0000000010000011000010000000000000000000000;0.195684;2657;0100000000000000100000000000000100000010000;0;0;0.112472;76
8;0000000010000011100000000000000000000000000;0.197599;2683;0000001000100001000000000000000000100000000;0;0;0.125199;91
9;0000000010000011100000000000000000000000000;0.197599;2683;0000010000000001000001000010000000000000000;0;0;0.138465;136
10;0000000010100011000000000000000000000000000;0.198188;2691;0000000000000000000101000000000010000000100;7.36486e-05;1;0.153736;171
11;0000000010100011000000000000000000000000000;0.198188;2691;0000100000000001011000000000000000000000000;0;0;0.165872;209
12;0000000010100011000000000000000000000000000;0.198188;2691;0000000000000010000000000101000000000000001;0.0212108;288;0.178553;263
13;0000000010100011000000000000000000000000000;0.198188;2691;0000100000000110000001000000000000000000000;0.0422006;573;0.188076;310
14;0000000010100011000000000000000000000000000;0.198188;2691;0000000010000001000000001000000000000000010;0.0958904;1302;0.191213;334
15;0000000010100011000000000000000000000000000;0.198188;2691;0000010010000001000000000000000000000000001;0.0985418;1338;0.192715;346
16;0000000010100011000000000000000000000000000;0.198188;2691;0000000010001001100000000000000000000000000;0.103918;1411;0.192374;345
17;0000000010100011000000000000000000000000000;0.198188;2691;1000000100000001000010000000000000000000000;0.00103108;14;0.192098;342
18;0000000010100011000000000000000000000000000;0.198188;2691;1000000010000000100010000000000000000000000;0.0811607;1102;0.193351;349
19;0000000010100011000000000000000000000000000;0.198188;2691;0000000010100001000000000000000001000000000;0.115702;1571;0.194477;357
20;0000000010100011000000000000000000000000000;0.198188;2691;0000000010010001000000000000000000000100000;0.104139;1414;0.195094;372
21;0000000010100011000000000000000000000000000;0.198188;2691;0000000010000001100000000000010000000000000;0.109147;1482;0.193411;368
22;0000000010100011000000000000000000000000000;0.198188;2691;0000000010100001000000000000000010000000000;0.115481;1568;0.19344;367
23;0000000010100011000000000000000000000000000;0.198188;2691;0000000010100001000000000000000000000010000;0.127191;1727;0.196059;379
24;0000000010100011000000000000000000000000000;0.198188;2691;0000000010100001000000000000000000000000010;0.116291;1579;0.196083;384
25;0000000010100011000000000000000000000000000;0.198188;2691;0000010010100001000000000000000000000000000;0.120784;1640;0.19641;386
26;0000000010100011000000000000000000000000000;0.198188;2691;0000001010100001000000000000000000000000000;0.11828;1606;0.195876;381
27;0000000010100011000000000000000000000000000;0.198188;2691;1000000010100001000000000000000000000000000;0.115776;1572;0.194859;381
28;0000000010100011000000000000000000000000000;0.198188;2691;0000000010100001000000000000100000000000000;0.115849;1573;0.195756;382
29;0000000010100011000000000000000000000000000;0.198188;2691;0000000010100001000000000000000000000000001;0.115407;1567;0.195286;385
30;0000000010100011000000000000000000000000000;0.198188;2691;0100000010100001000000000000000000000000000;0.115555;1569;0.196001;384
31;0000000010100011000000000000000000000000000;0.198188;2691;0000000010100001000000000000000100000000000;0.115776;1572;0.195908;383
32;0000000010100011000000000000000000000000000;0.198188;2691;0000000010100001000000000000000000000000100;0.117764;1599;0.194549;377
33;0000000010100011000000000000000000000000000;0.198188;2691;0000000010100001000000001000000000000000000;0.115555;1569;0.195452;375
34;0000000010100011000000000000000000000000000;0.198188;2691;0000000010100001000000000000010000000000000;0.117248;1592;0.194993;373
35;0000000010100011000000000000000000000000000;0.198188;2691;0000000010100001000000001000000000000000000;0.115555;1569;0.195627;377
36;0000000010100011000000000000000000000000000;0.198188;2691;0000000010100001000000000000000010000000000;0.115481;1568;0.195212;381
37;0000000010100011000000000000000000000000000;0.198188;2691;0000000010100001000000000000001000000000000;0.11526;1565;0.195643;383
38;0000000010100011000000000000000000000000000;0.198188;2691;0000000010100001000000000000000010000000000;0.115481;1568;0.194565;374
39;0000000010100011000000000000000000000000000;0.198188;2691;0000000010100001000000000000000000000000010;0.116291;1579;0.195196;374
40;0000000010100011000000000000000000000000000;0.198188;2691;0000000010100001000000000000100000000000000;0.115849;1573;0.194284;375
41;0000000010100011000000000000000000000000000;0.198188;2691;0000000010100001001000000000000000000000000;0.118574;1610;0.195891;381
42;0000000010100011000000000000000000000000000;0.198188;2691;0000000010100001000000000000000001000000000;0.115702;1571;0.195497;379
43;0000000010100011000000000000000000000000000;0.198188;2691;0000000010100001000000000000000000000000001;0.115407;1567;0.195843;384
44;0000000010100011000000000000000000000000000;0.198188;2691;0000000010100001000000000010000000000000000;0.115702;1571;0.195944;382
45;0000000010100011000000000000000000000000000;0.198188;2691;0000000010100001000000000000000000000000001;0.115407;1567;0.195506;377
46;0000000010100011000000000000000000000000000;0.198188;2691;0000000010100001000000000000000000000000010;0.116291;1579;0.19537;379
47;0000000010100011000000000000000000000000000;0.198188;2691;0000000010100001000000000001000000000000000;0.117985;1602;0.195483;377
48;0000000010100011000000000000000000000000000;0.198188;2691;0000000010100001000000000000000010000000000;0.115481;1568;0.196048;380
49;0000000010100011000000000000000000000000000;0.198188;2691;0000000010100001000000000000010000000000000;0.117248;1592;0.195662;378
50;0000000010100011000000000000000000000000000;0.198188;2691;0000000010100001000000001000000000000000000;0.115555;1569;0.195626;380
=============================================
geração;melhor;fitness;cobertura;pior;fitness;cobertura;média;ind_repetidos
0;0000000000100011000000000000000000000100000;0.137575;1868;0010000000100001000000000000000000100000000;0;0;0.00876878;2
1;0000000010100110000000000000000000000000000;0.1526;2072;0000000100001000000000000000000000001001000;0;0;0.0166107;23
2;0000000010000010000001000000000000000001000;0.139932;1900;0010000000010000100000000000000000000000001;0;0;0.0260116;32
3;0000000010000011000000000000000010000000000;0.191781;2604;0000000001000000000000000010011000000000000;0;0;0.0381803;32
4;0000000010000011000000000000000000000010000;0.192959;2620;0000000101000000001001000000000000000000000;0;0;0.0553384;43
5;0000000010000011000010000000000000000000000;0.195684;2657;0000001000000000000000001000100000000010000;0;0;0.0755275;56
6;0000000010000011100000000000000000000000000;0.197599;2683;0000000001000000100000100000000100000000000;0;0;0.100512;93
7;0000000010000011100000000000000000000000000;0.197599;2683;0000000000100000100000110000000000000000000;0;0;0.118436;102
8;0000000010000011100000000000000000000000000;0.197599;2683;0000000100000001100000000000000000100000000;0.00353513;48;0.138102;134
9;0000000010100011000000000000000000000000000;0.198188;2691;0000000000100000100000000100000000000000010;0;0;0.149521;172
10;0000000010100011000000000000000000000000000;0.198188;2691;0001000000000010000000001000000010000000000;0.0164973;224;0.164153;199
11;0000000010100011000000000000000000000000000;0.198188;2691;0000000100000001000001000000000000000000100;0.000736485;10;0.172565;220
12;0000000010100011000000000000000000000000000;0.198188;2691;0000000000000010000000000000000011000000010;0.0159817;217;0.180916;246
13;0000000010100011000000000000000000000000000;0.198188;2691;0000000000100001000000000000000000001001000;0.000589188;8;0.181716;267
14;0000000010100011000000000000000000000000000;0.198188;2691;0000000010000001000000000000000001001000000;0.0953012;1294;0.189534;313
15;0000000010100011000000000000000000000000000;0.198188;2691;0000000010000100000000001100000000000000000;0.0164236;223;0.190261;337
16;0000000010100011000000000000000000000000000;0.198188;2691;0000000110000001001000000000000000000000000;0.103992;1412;0.19011;333
17;0000000010100011000000000000000000000000000;0.198188;2691;0000000010001001100000000000000000000000000;0.103918;1411;0.191797;351
18;0000000010100011000000000000000000000000000;0.198188;2691;0000000010000001100000000000100000000000000;0.106422;1445;0.19364;364
19;0000000010100011000000000000000000000000000;0.198188;2691;0000000010000001100000000000000000001000000;0.104139;1414;0.193631;365
20;0000000010100011000000000000000000000000000;0.198188;2691;0000000000100001100000000000000000000000001;0.0117101;159;0.192274;358
21;0000000010100011000000000000000000000000000;0.198188;2691;0000000010100001000000000000000000010000000;0.116291;1579;0.19581;375
22;0000000010100011000000000000000000000000000;0.198188;2691;0000000010100001000000000000000100000000000;0.115776;1572;0.195446;379
23;0000000010100011000000000000000000000000000;0.198188;2691;0000000010100001000000000000000001000000000;0.115702;1571;0.195109;376
24;0000000010100011000000000000000000000000000;0.198188;2691;0000000010100001000000000000000001000000000;0.115702;1571;0.195192;373
25;0000000010100011000000000000000000000000000;0.198188;2691;0000000010100001000000000000000000010000000;0.116291;1579;0.195873;380
26;0000000010100011000000000000000000000000000;0.198188;2691;0000001010100001000000000000000000000000000;0.11828;1606;0.196874;390
27;0000000010100011000000000000000000000000000;0.198188;2691;0000000010100001000000000000000010000000000;0.115481;1568;0.19522;381
28;0000000010100011000000000000000000000000000;0.198188;2691;0000000010100001000000000000001000000000000;0.11526;1565;0.195688;378
29;0000000010100011000000000000000000000000000;0.198188;2691;0100000010100001000000000000000000000000000;0.115555;1569;0.19517;375
30;0000000010100011000000000000000000000000000;0.198188;2691;0000000010100001000000000000000000000000001;0.115407;1567;0.195418;378
31;0000000010100011000000000000000000000000000;0.198188;2691;0000000010100001000000000000000100000000000;0.115776;1572;0.196122;382
32;0000000010100011000000000000000000000000000;0.198188;2691;0000000010100001000000000000000010000000000;0.115481;1568;0.196227;383
33;0000000010100011000000000000000000000000000;0.198188;2691;0000000010100001000000000000000010000000000;0.115481;1568;0.195568;383
34;0000000010100011000000000000000000000000000;0.198188;2691;0000000010100001000000000000000000010000000;0.116291;1579;0.19596;381
35;0000000010100011000000000000000000000000000;0.198188;2691;0000000010100001000000000000001000000000000;0.11526;1565;0.195322;379
36;0000000010100011000000000000000000000000000;0.198188;2691;0000000010100001000000000100000000000000000;0.11828;1606;0.195679;379
37;0000000010100011000000000000000000000000000;0.198188;2691;0000000010100001000000000000000000000000010;0.116291;1579;0.194879;377
38;0000000010100011000000000000000000000000000;0.198188;2691;0100000010100001000000000000000000000000000;0.115555;1569;0.194994;373
39;0000000010100011000000000000000000000000000;0.198188;2691;0100000010100001000000000000000000000000000;0.115555;1569;0.195879;379
40;0000000010100011000000000000000000000000000;0.198188;2691;0100000010100001000000000000000000000000000;0.115555;1569;0.195813;380
41;0000000010100011000000000000000000000000000;0.198188;2691;0100000010100001000000000000000000000000000;0.115555;1569;0.195306;381
42;0000000010100011000000000000000000000000000;0.198188;2691;0000000010100001000000000000000100000000000;0.115776;1572;0.194956;374
43;0000000010100011000000000000000000000000000;0.198188;2691;0000000010100001000000000000010000000000000;0.117248;1592;0.194919;374
44;0000000010100011000000000000000000000000000;0.198188;2691;0000000000100011000000000000000010000000000;0.131757;1789;0.196351;387
45;0000000010100011000000000000000000000000000;0.198188;2691;0000000010100001000000000000001000000000000;0.11526;1565;0.194417;377
46;0000000010100011000000000000000000000000000;0.198188;2691;0100000010100001000000000000000000000000000;0.115555;1569;0.194954;379
47;0000000010100011000000000000000000000000000;0.198188;2691;0000000010100001000000001000000000000000000;0.115555;1569;0.196367;385
48;0000000010100011000000000000000000000000000;0.198188;2691;0000000000110010000000000000000000100000000;0.0816762;1109;0.194484;378
49;0000000010100011000000000000000000000000000;0.198188;2691;0000000010100001000000000000000010000000000;0.115481;1568;0.195731;384
50;0000000010100011000000000000000000000000000;0.198188;2691;0000000010100001000000000000001000000000000;0.11526;1565;0.195791;380
=============================================
geração;melhor;fitness;cobertura;pior;fitness;cobertura;média;ind_repetidos
0;0000000010000010000000000000000000000100001;0.127559;1732;1000000000000000000000000000000000110100000;0;0;0.00965312;1
1;0100000010000010000010000000000000000000000;0.171748;2332;0000000000100000000001000010000000000000010;0;0;0.0152464;12
2;0000000010000010000001000000000000000001000;0.139932;1900;0100000000000100000000000000000010000000010;0;0;0.0249284;20
3;0000000010000011010000000000000000000000000;0.191339;2598;1000000000000000000000100000100000000010000;0;0;0.034578;24
4;0000000010000011010000000000000000000000000;0.191339;2598;1000000000000001000000000000000001000000010;0;0;0.0473359;39
5;0000000010000011010000000000000000000000000;0.191339;2598;0010000000000001000000010000100000000000000;0;0;0.0654809;36
6;0000000010000011010000000000000000000000000;0.191339;2598;0000000000001000000000100000001000000010000;7.36486e-05;1;0.0857733;66
7;0000000010000011000000000001000000000000000;0.193475;2627;0010000000000001000100000000001000000000000;0;0;0.0995625;72
8;0000000010100011000000000000000000000000000;0.198188;2691;0000001000100000000000100000000000000000010;0;0;0.116149;95
9;0000000010100011000000000000000000000000000;0.198188;2691;0000000000000001000010000100000000000000001;0.0024304;33;0.131202;128
10;0000000010100011000000000000000000000000000;0.198188;2691;0010000010000000000000000000000000001001000;0.00795404;108;0.144631;167
11;0000000010100011000000000000000000000000000;0.198188;2691;0001000010000000000000000001000000000001000;0.00714391;97;0.154581;195
12;0000000010100011000000000000000000000000000;0.198188;2691;0010000000000001000010000000000000000001000;0.0131831;179;0.161918;228
13;0000000010100011000000000000000000000000000;0.198188;2691;0000000000000001000000100001010000000000000;0.00950066;129;0.167028;237
14;0000000010100011000000000000000000000000000;0.198188;2691;0000000000000010110000000000000000000010000;0.050302;683;0.172927;262
15;0000000010100011000000000000000000000000000;0.198188;2691;0000000000000010000000000100100000000000100;0.0162027;220;0.177684;272
16;0000000010100011000000000000000000000000000;0.198188;2691;0000001010000000000010000000000010000000000;0.0653263;887;0.184073;290
17;0000000010100011000000000000000000000000000;0.198188;2691;0000001010000001000100000000000000000000000;0.0988364;1342;0.188089;304
18;0000000010100011000000000000000000000000000;0.198188;2691;0000000010000000000010000000010000000000100;0.0680513;924;0.190067;318
19;0000000010100011000000000000000000000000000;0.198188;2691;0000000000100001000010000000000000010000000;0.025556;347;0.191011;334
20;0000000010100011000000000000000000000000000;0.198188;2691;0000000100100001000000000000000010000000000;0.000147297;2;0.193443;355
21;0000000010100011000000000000000000000000000;0.198188;2691;0000000010100001000000000000000001000000000;0.115702;1571;0.195807;373
22;0000000010100011000000000000000000000000000;0.198188;2691;0000000010100001000000000000000001000000000;0.115702;1571;0.19627;383
23;0000000010100011000000000000000000000000000;0.198188;2691;0000000010100001000000000000000000000000001;0.115407;1567;0.19578;384
24;0000000010100011000000000000000000000000000;0.198188;2691;0000000010100001000000000000000100000000000;0.115776;1572;0.195669;381
25;0000000010100011000000000000000000000000000;0.198188;2691;0000000010100001000000000000001000000000000;0.11526;1565;0.193881;372
26;0000000010100011000000000000000000000000000;0.198188;2691;0100000010100001000000000000000000000000000;0.115555;1569;0.196477;387
27;0000000010100011000000000000000000000000000;0.198188;2691;1000000010100000000000000000000100000000000;0.0451466;613;0.19531;380
28;0000000010100011000000000000000000000000000;0.198188;2691;0000000010100001000000000000000010000000000;0.115481;1568;0.195158;377
29;0000000010100011000000000000000000000000000;0.198188;2691;0000001000100011000000000000000000000000000;0.132936;1805;0.196322;383
30;0000000010100011000000000000000000000000000;0.198188;2691;0000000010100001000000000000001000000000000;0.11526;1565;0.195465;383
31;0000000010100011000000000000000000000000000;0.198188;2691;0000000010100001000000000001000000000000000;0.117985;1602;0.19601;379
32;0000000010100011000000000000000000000000000;0.198188;2691;0000000010100001000000000000000000000000010;0.116291;1579;0.195867;383
33;0000000010100011000000000000000000000000000;0.198188;2691;0000000010100001000000000000010000000000000;0.117248;1592;0.195291;376
34;0000000010100011000000000000000000000000000;0.198188;2691;0000000010100001000000000000010000000000000;0.117248;1592;0.195982;381
35;0000000010100011000000000000000000000000000;0.198188;2691;0000000010100001000000000000001000000000000;0.11526;1565;0.195653;384
36;0000000010100011000000000000000000000000000;0.198188;2691;0000000010100001000000000000000000100000000;0.115776;1572;0.194341;374
37;0000000010100011000000000000000000000000000;0.198188;2691;0000000010100001000000000000000000000000001;0.115407;1567;0.195752;380
38;0000000010100011000000000000000000000000000;0.198188;2691;0000000010100001000000000000000000000000100;0.117764;1599;0.196526;383
39;0000000010100011000000000000000000000000000;0.198188;2691;0000000010100001000000000000010000000000000;0.117248;1592;0.194626;372
40;0000000010100011000000000000000000000000000;0.198188;2691;0000000000000111000000000000000000000000010;0.114671;1557;0.194766;371
41;0000000010100011000000000000000000000000000;0.198188;2691;0000000010100001000000000000000000000000010;0.116291;1579;0.195591;380
42;0000000010100011000000000000000000000000000;0.198188;2691;0000000010100001000000000000000100000000000;0.115776;1572;0.195464;380
43;0000000010100011000000000000000000000000000;0.198188;2691;0000000010100001000000000000000010000000000;0.115481;1568;0.195429;375
44;0000000010100011000000000000000000000000000;0.198188;2691;0000000010100001000000001000000000000000000;0.115555;1569;0.195966;380
45;0000000010100011000000000000000000000000000;0.198188;2691;0000000010100001000000000001000000000000000;0.117985;1602;0.196185;381
46;0000000010100011000000000000000000000000000;0.198188;2691;0000000010100001000000000000000001000000000;0.115702;1571;0.195181;377
47;0000000010100011000000000000000000000000000;0.198188;2691;0000000010100001000000000000100000000000000;0.115849;1573;0.194748;375
48;0000000010100011000000000000000000000000000;0.198188;2691;0000000010100001000000000000001000000000000;0.11526;1565;0.195169;379
49;0000000010100011000000000000000000000000000;0.198188;2691;0000000010100001000000000000000000000000100;0.117764;1599;0.19607;385
50;0000000010100011000000000000000000000000000;0.198188;2691;0000000010100001000000000000000010000000000;0.115481;1568;0.195716;382
=============================================
geração;melhor;fitness;cobertura;pior;fitness;cobertura;média;ind_repetidos
0;0000010010000011000000000000000000000000000;0.193254;2624;0100000000001000000000000000000000010010000;0;0;0.0103509;2
1;0000000010000010000000010000000000000001000;0.13787;1872;0000000000010000010000000000100000000010000;0;0;0.0152333;10
2;0000000010000011000000000000000000100000000;0.192296;2611;0000000000010000010000000000100000000010000;0;0;0.0264074;24
3;0000000010000011000000000000000000000010000;0.192959;2620;0000001000000000000001000000000000100001000;0;0;0.0413756;37
4;0000000110000011000000000000000000000000000;0.197525;2682;1000000000010000100000000000000010000000000;0;0;0.0580366;40
5;0000000010000011100000000000000000000000000;0.197599;2683;0000000000100000001000000000000001000001000;0;0;0.0761401;48
6;0000000010100011000000000000000000000000000;0.198188;2691;0000000000000001000000000001000000010100000;0;0;0.0961346;68
7;0000000010100011000000000000000000000000000;0.198188;2691;0000000000000001000000010000001001000000000;0;0;0.110975;70
8;0000000010000011100000000000000000000000000;0.197599;2683;0000010000000001000000000001000000000100000;0;0;0.11996;72
9;0000000010000011100000000000000000000000000;0.197599;2683;0000000000000000100100000010010000000000000;0.000220946;3;0.13514;108
10;0000000010000011100000000000000000000000000;0.197599;2683;0010000000000001000000000000000000001010000;0;0;0.143448;132
11;0000000010000011100000000000000000000000000;0.197599;2683;0000100000000000000011000000000000000000001;0.00198851;27;0.1589;151
12;0000000010100011000000000000000000000000000;0.198188;2691;0000000010000000000000011100000000000000000;0.0111946;152;0.16705;164
13;0000000010100011000000000000000000000000000;0.198188;2691;0000000000000101000000000000000000000100001;0.00382972;52;0.175523;211
14;0000000010100011000000000000000000000000000;0.198188;2691;0000000010100000000000001000000000010000000;0.0454412;617;0.181573;243
15;0000000010100011000000000000000000000000000;0.198188;2691;0000000010000001000100001000000000000000000;0.0958168;1301;0.18826;290
16;0000000010100011000000000000000000000000000;0.198188;2691;0000100010000001000000000000000001000000000;0.0968478;1315;0.190119;316
17;0000000010100011000000000000000000000000000;0.198188;2691;0000001010000001000000000000000010000000000;0.0984681;1337;0.190688;327
18;0000000010100011000000000000000000000000000;0.198188;2691;0000010010000001000000000000100000000000000;0.0985418;1338;0.19295;343
19;0000000010100011000000000000000000000000000;0.198188;2691;0000001010000001100000000000000000000000000;0.109147;1482;0.192353;338
20;0000000010100011000000000000000000000000000;0.198188;2691;0000000110000001000000000000100000000000000;0.101414;1377;0.19415;355
21;0000000010100011000000000000000000000000000;0.198188;2691;0000000010000001100000000000000001000000000;0.104876;1424;0.193921;360
22;0000000010100011000000000000000000000000000;0.198188;2691;0000000010100001000000000000001000000000000;0.11526;1565;0.193971;362
23;0000000010100011000000000000000000000000000;0.198188;2691;0000000010100001000000001000000000000000000;0.115555;1569;0.195407;377
24;0000000010100011000000000000000000000000000;0.198188;2691;0000000010100001000000000000100000000000000;0.115849;1573;0.195913;380
25;0000000010100011000000000000000000000000000;0.198188;2691;0000000010100001000000000000010000000000000;0.117248;1592;0.196687;387
26;0000000010100011000000000000000000000000000;0.198188;2691;0000000010100001000000000000000000100000000;0.115776;1572;0.195437;380
27;0000000010100011000000000000000000000000000;0.198188;2691;0000000010100001000000000000000001000000000;0.115702;1571;0.196349;386
28;0000000010100011000000000000000000000000000;0.198188;2691;0000000010100001000000000000000010000000000;0.115481;1568;0.194956;380
29;0000000010100011000000000000000000000000000;0.198188;2691;0000000010100001000000001000000000000000000;0.115555;1569;0.195184;378
30;0000000010100011000000000000000000000000000;0.198188;2691;0000000010100001000000000001000000000000000;0.117985;1602;0.195328;376
31;0000000010100011000000000000000000000000000;0.198188;2691;0000000010100001000000000000000001000000000;0.115702;1571;0.195901;382
32;0000000010100011000000000000000000000000000;0.198188;2691;0000000010100001000000000000000001000000000;0.115702;1571;0.196672;388
33;0000000010100011000000000000000000000000000;0.198188;2691;0000000010100001000000000010000000000000000;0.115702;1571;0.19582;383
34;0000000010100011000000000000000000000000000;0.198188;2691;1000100000100010000000000000000000000000000;0.0768154;1043;0.196001;387
35;0000000010100011000000000000000000000000000;0.198188;2691;0000000010100001000000001000000000000000000;0.115555;1569;0.195294;376
36;0000000010100011000000000000000000000000000;0.198188;2691;0000000010100001000000000000000000000000001;0.115407;1567;0.195652;381
37;0000000010100011000000000000000000000000000;0.198188;2691;0100000010100001000000000000000000000000000;0.115555;1569;0.196394;384
38;0000000010100011000000000000000000000000000;0.198188;2691;0000000010100001000000000000100000000000000;0.115849;1573;0.195725;383
39;0000000010100011000000000000000000000000000;0.198188;2691;0100000010100001000000000000000000000000000;0.115555;1569;0.195685;378
40;0000000010100011000000000000000000000000000;0.198188;2691;0000000010100001000000000000000000000000010;0.116291;1579;0.194726;374
41;0000000010100011000000000000000000000000000;0.198188;2691;0100000010100001000000000000000000000000000;0.115555;1569;0.193833;373
42;0000000010100011000000000000000000000000000;0.198188;2691;0000000010100001000000000000100000000000000;0.115849;1573;0.195587;377
43;0000000010100011000000000000000000000000000;0.198188;2691;0000000000110010000000000000000000000000010;0.0807188;1096;0.195015;377
44;0000000010100011000000000000000000000000000;0.198188;2691;0000010010100001000000000000000000000000000;0.120784;1640;0.196463;387
45;0000000010100011000000000000000000000000000;0.198188;2691;0000000010100001000000000000000001000000000;0.115702;1571;0.195934;384
46;0000000010100011000000000000000000000000000;0.198188;2691;0000000010100001001000000000000000000000000;0.118574;1610;0.195183;377
47;0000000010100011000000000000000000000000000;0.198188;2691;0000000010100001000000000001000000000000000;0.117985;1602;0.195121;374
48;0000000010100011000000000000000000000000000;0.198188;2691;0000000010000001000000000000000101000000000;0.0963323;1308;0.194933;372
49;0000000010100011000000000000000000000000000;0.198188;2691;0100000010100001000000000000000000000000000;0.115555;1569;0.195168;376
50;0000000010100011000000000000000000000000000;0.198188;2691;0000000010100000000000000000000000101000000;0.0464722;631;0.195771;382
=============================================
geração;melhor;fitness;cobertura;pior;fitness;cobertura;média;ind_repetidos
0;0000000010000010000010000000100000000000000;0.172411;2341;0001000000000000000001000000000000010000010;0;0;0.0115533;1
1;1000000010000001000010000000000000000000000;0.148107;2011;0010100000000000000000001010000000000000000;0;0;0.0147542;15
2;0000000010000010000000100000000100000000000;0.150832;2048;0000000000100000100000000100000000000000010;0;0;0.0223906;22
3;0000000010000010000010000000000000000010000;0.174105;2364;0000000000010000000001000000001000010000000;0;0;0.0329507;33
4;0000000010000010000010000000000000000010000;0.174105;2364;0000000000000001000000100000000001000001000;0;0;0.0464105;32
5;0000000010000011000010000000000000000000000;0.195684;2657;1000000000000000000001000000000000000000101;0;0;0.0606774;49
6;0000000010000011001000000000000000000000000;0.197231;2678;1000000000000000010000000100000000000000001;0;0;0.0804375;55
7;0000000010000011001000000000000000000000000;0.197231;2678;0000000000100000000100000000000000010000010;0;0;0.100459;60
8;0000000010100011000000000000000000000000000;0.198188;2691;0000100000000001000000000000000000100000010;0;0;0.119731;94
9;0000000010100011000000000000000000000000000;0.198188;2691;0001000000000001000000010000000000010000000;0;0;0.132594;115
10;0000000010100011000000000000000000000000000;0.198188;2691;0000000000000010000000000000010010000000010;0.0156135;212;0.144445;139
11;0000000010100011000000000000000000000000000;0.198188;2691;0000000001100000000010000100000000000000000;0.0142142;193;0.156939;171
12;0000000010100011000000000000000000000000000;0.198188;2691;1100000000000001000000001000000000000000000;0.000220946;3;0.163626;186
13;0000000010100011000000000000000000000000000;0.198188;2691;0010000010000000000000000001000000100000000;0.00677567;92;0.171644;208
14;0000000010100011000000000000000000000000000;0.198188;2691;0000000100000001000001000000000000000010000;0.000294594;4;0.181971;260
15;0000000010100011000000000000000000000000000;0.198188;2691;0000010010000000000010000001000000000000000;0.0692296;940;0.187327;282
16;0000000010100011000000000000000000000000000;0.198188;2691;0000010000000010000100000000000000001000000;0.024525;333;0.187564;299
17;0000000010100011000000000000000000000000000;0.198188;2691;0000100010000001001000000000000000000000000;0.0983945;1336;0.189636;312
18;0000000010100011000000000000000000000000000;0.198188;2691;0000000010000001001000000000000000000001000;0.0999411;1357;0.191487;331
19;0000000010100011000000000000000000000000000;0.198188;2691;0000000000100001000000000000001001000000000;0;0;0.192172;345
20;0000000010100011000000000000000000000000000;0.198188;2691;0000010000100001001000000000000000000000000;0.000736485;10;0.192618;357
21;0000000010100011000000000000000000000000000;0.198188;2691;0000000010100001000000000001000000000000000;0.117985;1602;0.19579;376
22;0000000010100011000000000000000000000000000;0.198188;2691;0000000010100001000000000000001000000000000;0.11526;1565;0.194797;370
23;0000000010100011000000000000000000000000000;0.198188;2691;0000000010100001000000000000000000000000001;0.115407;1567;0.196346;384
24;0000000010100011000000000000000000000000000;0.198188;2691;0000000010100001000000000000000000100000000;0.115776;1572;0.195009;380
25;0000000010100011000000000000000000000000000;0.198188;2691;0000000010100001000000000000000100000000000;0.115776;1572;0.196599;387
26;0000000010100011000000000000000000000000000;0.198188;2691;0000000010100001000000000000001000000000000;0.11526;1565;0.194339;374
27;0000000010100011000000000000000000000000000;0.198188;2691;0000000010100001000000000010000000000000000;0.115702;1571;0.195432;381
28;0000000010100011000000000000000000000000000;0.198188;2691;1000000010100001000000000000000000000000000;0.115776;1572;0.196091;386
29;0000000010100011000000000000000000000000000;0.198188;2691;1000000010100001000000000000000000000000000;0.115776;1572;0.19598;384
30;0000000010100011000000000000000000000000000;0.198188;2691;0000000010100001000000000000000000001000000;0.117838;1600;0.195938;383
31;0000000010100011000000000000000000000000000;0.198188;2691;0000000010100001000000000000000100000000000;0.115776;1572;0.195474;381
32;0000000010100011000000000000000000000000000;0.198188;2691;0000000010100001000000000000000000000000001;0.115407;1567;0.194769;380
33;0000000010100011000000000000000000000000000;0.198188;2691;0000000010100001000000000000000100000000000;0.115776;1572;0.196293;383
34;0000000010100011000000000000000000000000000;0.198188;2691;0000000010100001000000000000100000000000000;0.115849;1573;0.195973;382
35;0000000010100011000000000000000000000000000;0.198188;2691;0000000010100001000000000000000000010000000;0.116291;1579;0.196446;389
36;0000000010100011000000000000000000000000000;0.198188;2691;0100000010100001000000000000000000000000000;0.115555;1569;0.195262;377
37;0000000010100011000000000000000000000000000;0.198188;2691;0000000010100001000000000000000000000000001;0.115407;1567;0.193978;372
38;0000000010100011000000000000000000000000000;0.198188;2691;0000000010100001000000000000001000000000000;0.11526;1565;0.195442;379
39;0000000010100011000000000000000000000000000;0.198188;2691;0000000010100001000000000000001000000000000;0.11526;1565;0.195211;379
40;0000000010100011000000000000000000000000000;0.198188;2691;1000000010100001000000000000000000000000000;0.115776;1572;0.195261;378
41;0000000010100011000000000000000000000000000;0.198188;2691;0100000010100001000000000000000000000000000;0.115555;1569;0.196032;382
42;0000000010100011000000000000000000000000000;0.198188;2691;0000000010100001000000000000000000100000000;0.115776;1572;0.195068;373
43;0000000010100011000000000000000000000000000;0.198188;2691;0000000010100001000000000000000010000000000;0.115481;1568;0.194644;374
44;0000000010100011000000000000000000000000000;0.198188;2691;0000000010100001000000000000001000000000000;0.11526;1565;0.195575;378
45;0000000010100011000000000000000000000000000;0.198188;2691;0000000010100001000000000000001000000000000;0.11526;1565;0.195723;380
46;0000000010100011000000000000000000000000000;0.198188;2691;0000000010100001000000000000000000100000000;0.115776;1572;0.196773;387
47;0000000010100011000000000000000000000000000;0.198188;2691;0000000010100001000000000000100000000000000;0.115849;1573;0.195503;379
48;0000000010100011000000000000000000000000000;0.198188;2691;0000000010100001000000000000000000100000000;0.115776;1572;0.196138;382
49;0000000010100011000000000000000000000000000;0.198188;2691;0000000010100001000000000010000000000000000;0.115702;1571;0.195065;381
50;0000000010100011000000000000000000000000000;0.198188;2691;0000000010100001000000000000000000000000001;0.115407;1567;0.194381;369
=============================================
