geração;melhor;fitness;cobertura;pior;fitness;cobertura;média;ind_repetidos
0;0000000010101110000000000111010001000011100;0.187804;2550;1001000100011000010000101000101101000001000;0.00110473;15;0.0412373;1
1;0001001010100011100000110011010000000000001;0.187436;2545;0100100100001100000000001011011110000100000;0.000662837;9;0.0614045;1
2;0000101010100011100000110011010000000000001;0.191781;2604;1000100000100100010000011000010100101000011;0.00360878;49;0.0756268;5
3;0000101010100011100000110011010000000001000;0.196494;2668;1000011000101110000000000010010001000011100;0.00471351;64;0.0930026;3
4;0000011010000010110010100011000010000001100;0.19539;2653;1001001010101100000000100000000101011000001;0.0159817;217;0.123151;2
5;0000000111110010100000100101010000000100001;0.23597;3204;1000100000100110100000000011100101011000000;0.00854323;116;0.141063;2
6;0100001010100011100000100101010000000100001;0.256076;3477;0000100000011110010010000010100100010101000;0.0263662;358;0.152136;1
7;0000011010000110010010100101010000000100001;0.263441;3577;0000011000100101110011010100010000000000010;0.0746796;1014;0.168962;6
8;1000001010000011100010100101010000000100001;0.27191;3692;0100001000010010110000100101000100010101000;0.0336574;457;0.176388;6
9;0000001010100011100010000101010010000100001;0.283842;3854;0100100010101000000110011011000000100000100;0.063485;862;0.187305;5
10;0000011010000011100010100101010000000010001;0.287745;3907;0000001010010001100001100011101000000100001;0.0734276;997;0.194898;4
11;0000011010000011100010100101010000000010010;0.287819;3908;0001001010010000100011100001000001101000100;0.0660627;897;0.206153;5
12;0000001010000011110110000101010000000010010;0.329872;4479;0000001000010010100011100101110000000100001;0.104434;1418;0.214115;1
13;0000001010000011010110100101010000000101000;0.32236;4377;0100001000000001110110100001010000100010001;0.0861688;1170;0.234466;4
14;0000011010000011110010100101010000100000000;0.312344;4241;1000011010000010100001100100010010101000000;0.129548;1759;0.241301;4
15;0000001010100110011010110101010000000000000;0.315731;4287;1000101000000110010010000001110000000001101;0.0509648;692;0.239606;5
16;0000011010000011110010100101010000000010000;0.31853;4325;1000001000000110010011000101011000000101000;0.0735749;999;0.245954;6
17;0000011010000011011010000111010000100000000;0.325821;4424;0000001010001110001000010001010000100100101;0.109294;1484;0.258662;6
18;0000001010000011111010110101010000000000000;0.335395;4554;0000011100100011110000000001110000100100000;0.100678;1367;0.272683;9
19;0000001010000011111010110101010000000000000;0.335395;4554;0000011000000001110010100111010000010001000;0.106864;1451;0.278497;14
20;0000001010100011010110100101110000000000000;0.338783;4600;0000011010000011010010010100110000100001000;0.207173;2813;0.294146;15
21;0000001010100011010110100101110000000000000;0.338783;4600;0001011000000011100010001101110000000001000;0.15098;2050;0.288184;9
22;0000011010100011111010000101010000000000000;0.34357;4665;1000010100000011100010100101001010000001000;0.139343;1892;0.28892;11
23;0000001010000011110110100101110000000000000;0.343055;4658;0000101000010011010011001101010000000001000;0.150759;2047;0.28693;11
24;0000001010100011010110100101110000000000000;0.338783;4600;0000011000010011110010100101010000100000000;0.1839;2497;0.292242;9
25;0000001010100011110110100101010000000000000;0.346148;4700;0000011010000001011100010111010000000000001;0.171601;2330;0.29228;12
26;0000001010100011010110000101110000000001000;0.341435;4636;0000001010100001010110100001110000000001100;0.19318;2623;0.302264;15
27;0000001010100011011110001101010000000000000;0.354839;4818;0000011010110011010000001001110000100000000;0.160333;2177;0.298611;12
28;0000001010100011110110000111010000000000000;0.346369;4703;0000110001100011010010001101110000000000000;0.154588;2099;0.304397;19
29;0000001010100011011110001101010000000000000;0.354839;4818;0100001100100011000010100111000100000100000;0.131021;1779;0.295827;10
30;0000001010100011011110001101010000000000000;0.354839;4818;0000111010100000010110101001110000000000000;0.152305;2068;0.300489;17
31;0000001110100011010110001101010000000000000;0.3488;4736;0010011000010011010010001101010000000010000;0.141994;1928;0.307851;20
32;0000001010100011010110001101110000000000000;0.346443;4704;0000101000000011010110100101110000000100000;0.184858;2510;0.316786;30
33;0000001010100011010110001101110000000000000;0.346443;4704;0010001010100011010010001100011000001000000;0.203638;2765;0.318041;36
34;0000001010000011110110101101010000000000000;0.349094;4740;0000001010010011010100001101100010000000100;0.181323;2462;0.321547;38
35;0000001010100011011110000101110000000000000;0.356754;4844;0000001000100010110110110101010000000000001;0.235896;3203;0.326037;45
36;0000001010100011011110000101110000000000000;0.356754;4844;0000001000100010110010111101110000000000000;0.218294;2964;0.327785;52
37;0000001010100011011110000101110000000000000;0.356754;4844;0010001010100010110110001101100000000000000;0.234644;3186;0.331114;59
38;0000001010100011011110000101110000000000000;0.356754;4844;0000001010100000110110110101011000000000000;0.238695;3241;0.336625;73
39;0000001110100011011110000101010000000000000;0.357637;4856;0000001110100001010100101101110000000000000;0.219031;2974;0.337241;72
40;0000001110100011011110000101010000000000000;0.357637;4856;0000101010100011010110001101100000000000000;0.273383;3712;0.34252;77
41;0000001110100011011110000101010000000000000;0.357637;4856;0100001010100011011110000001110000000000000;0.26646;3618;0.342109;77
42;0000001110100011011110000101010000000000000;0.357637;4856;0001101000000011110100110101010000000000000;0.141332;1919;0.336;66
43;0000001010100011110110000101110000000000000;0.356827;4845;0000001000000011110010110101110000100000000;0.188025;2553;0.341012;73
44;0000001010100011110110000101110000000000000;0.356827;4845;0000001010000001110110110101010000000100000;0.267933;3638;0.344798;75
45;0000001110100011011110000101010000000000000;0.357637;4856;0000001000000011110110110101110000000000000;0.220872;2999;0.342406;69
46;0000001110100011011110000101010000000000000;0.357637;4856;1000000010000011110110110101010000000000000;0.263367;3576;0.349091;76
47;0000001110100011011110000101010000000000000;0.357637;4856;0000001110100011011100000101110000000000000;0.283105;3844;0.352188;84
48;0000001110100011011110000101010000000000000;0.357637;4856;0100001010100011011110000001110000000000000;0.26646;3618;0.353329;92
49;0000001110100011011110000101010000000000000;0.357637;4856;0000001010100001011110000101111000000000000;0.265208;3601;0.35248;89
50;0000001110100011011110000101010000000000000;0.357637;4856;0000001000100011011110000101110000000000100;0.263367;3576;0.354416;94
=============================================
geração;melhor;fitness;cobertura;pior;fitness;cobertura;média;ind_repetidos
0;1110000010000010100010100001000011000011000;0.154146;2093;1001000000101000100000100110110000010100100;0.000147297;2;0.0412984;1
1;0000001111000001110110110000000000100000010;0.173221;2352;0011100000001100100000000001101110010010000;0.0024304;33;0.0650147;4
2;1001000010100110001000001101010000001000010;0.226322;3073;1010110010000000001000100000001000110101001;0.00883783;120;0.0892068;5
3;0000011010100110001000001101010000001000010;0.245102;3328;1000010111000100000001001000100010000011010;0.00714391;97;0.11425;4
4;0000000010101110001100001101010100000000001;0.236854;3216;1001000000100010001000011000010101010000101;0.0108263;147;0.131203;5
5;0000000110101010101010000101010000010001000;0.253277;3439;0000011110100001000000011000010001001000101;0.0286493;389;0.148691;2
6;0001011010100010101010000101010000010000000;0.270658;3675;0110100010100000001000011000010001010000101;0.00581824;79;0.156108;3
7;0010000010100011100110000101010000010001000;0.287156;3899;0010000001100010001000111000011010001000010;0.0267344;363;0.169132;4
8;0000000010100011100110000101010001010001000;0.286272;3887;0100010110101001001100000010000010100010000;0.0404331;549;0.180681;4
9;0000000010100011101010010101010000010001000;0.311386;4228;0010000001100010110100110001000010001010000;0.0707026;960;0.19363;1
10;0000000010100011101010010101010000010001000;0.311386;4228;0010100000100011001100000101010001010001000;0.0904404;1228;0.211249;5
11;0000000110100011001110000101010000010001000;0.315952;4290;0000011110000000100110000001001010101010000;0.0466195;633;0.225809;5
12;0000000010100011101010010101010000010001000;0.311386;4228;0000000010101001001101000000010101000001011;0.0586979;797;0.230902;4
13;0000000010100011101110010101010000000000100;0.321697;4368;0000010000101001101010010101010000010001000;0.0803506;1091;0.241089;6
14;0000000010100011101110010101010000000001000;0.322433;4378;0000100000100010111000100101010000100001001;0.0827073;1123;0.247916;6
15;0000010010100011010110000111010000010000000;0.332229;4511;0010000000100011101000010101000000100011100;0.0961114;1305;0.258554;13
16;0000010010100011010110000111010000010000000;0.332229;4511;1100011000100000011010010001010000001000100;0.0667256;906;0.275836;16
17;0000001010100011111010010101010000000000000;0.341435;4636;0000010000100001101110001100010000010100010;0.0939019;1275;0.275817;13
18;0000000110100011011110100101010000000000000;0.336721;4572;0110000010000001011110100101010000010000000;0.166667;2263;0.288559;21
19;0000000110100011011110000101010000000001000;0.334659;4544;0001000000100011110110010101010000000001000;0.203417;2762;0.299227;27
20;0000000010100011110110000101010000110000000;0.343423;4663;0100000010100001101110010001010000010100000;0.167698;2277;0.301048;28
21;0000000110100011101110010101010000000000000;0.333481;4528;0100001010100011101100010001010000000001000;0.198409;2694;0.305551;42
22;0000000110100011101110010101010000000000000;0.333481;4528;0000000010001011101010010101010000000001010;0.23376;3174;0.312301;55
23;0000001010100011101110010101010000000000000;0.34276;4654;0000000110100011101010011001010000000001000;0.244292;3317;0.313789;49
24;0000000110100011110110010101010000000000000;0.339299;4607;0000000000100011110110010101010000100000100;0.201429;2735;0.316966;48
25;0000001010100011110110010101010000000000000;0.351304;4770;0000001000100011001110010101010100000001000;0.243703;3309;0.318439;47
26;0000001010100011110110010101010000000000000;0.351304;4770;0000000000100011110110010101010100000001000;0.202165;2745;0.314705;41
27;0000001010100011110110000101010000000001000;0.349389;4744;0000001010100001110110010100010000110000000;0.193475;2627;0.312909;37
28;0000001010100011110110010101010000000000000;0.351304;4770;0000000000100011111110010101010000000001000;0.221461;3007;0.320611;43
29;0000000110100011111110000101010000000000000;0.353071;4794;0100000100100011101110000101010000000001000;0.233908;3176;0.318933;41
30;0000000110100011111110000101010000000000000;0.353071;4794;0000000010100011101100010101000100000001001;0.199514;2709;0.323855;42
31;0000001010100011111110000101010000000000000;0.364708;4952;0000001100110010011110000101010000000001000;0.207984;2824;0.326198;36
32;0000001010100011111110000101010000000000000;0.364708;4952;0010000110100001001110000101010000110000000;0.243629;3308;0.323913;29
33;0000001010100011111110000101010000000000000;0.364708;4952;0000001110000001110110000101000000110001000;0.15967;2168;0.31904;27
34;0000001010100011111110000101010000000000000;0.364708;4952;0000001010100011010100010101000000110001000;0.194948;2647;0.322713;26
35;0000001010100011111110000101010000000000000;0.364708;4952;0000001010100001011110010101000000110000000;0.187877;2551;0.327807;31
36;0000001010100011111110000101010000000000000;0.364708;4952;1000001010000011110110000100010000110000000;0.237222;3221;0.338439;48
37;0000001010100011111110000101010000000000000;0.364708;4952;1000000100100011110110000101010000000001000;0.241715;3282;0.337374;55
38;0000001010100011111110000101010000000000000;0.364708;4952;0010000010100011110110010001110000000000000;0.252688;3431;0.34663;69
39;0000001010100011111110000101010000000000000;0.364708;4952;0000001010100011110110000101100000000001000;0.284578;3864;0.349554;71
40;0000001010100011111110000101010000000000000;0.364708;4952;0000001010100011110110010100010100000000000;0.268007;3639;0.348777;72
41;0000001010100011111110000101010000000000000;0.364708;4952;0000001010100001111100000101010000000001001;0.207542;2818;0.349723;71
42;0000001010100011111110000101010000000000000;0.364708;4952;0010001010100011111110000001010000000000000;0.2834;3848;0.358608;89
43;0000001010100011111110000101010000000000000;0.364708;4952;0000001010100011110110100001110000000000000;0.26705;3626;0.358979;85
44;0000001010100011111110000101010000000000000;0.364708;4952;0000001010100011111110000101000000000010000;0.289954;3937;0.36212;94
45;0000001010100011111110000101010000000000000;0.364708;4952;0000001110100011111100000101010000000000000;0.307998;4182;0.363375;97
46;0000001010100011111110000101010000000000000;0.364708;4952;0000001010100011111110000001010000001000000;0.281927;3828;0.360787;92
47;0000001010100011111110000101010000000000000;0.364708;4952;0000001010100101111110000101010000000000000;0.282148;3831;0.361352;93
48;0000001010100011111110000101010000000000000;0.364708;4952;0100001000100011111110000101010000000000000;0.280233;3805;0.363055;96
49;0000001010100011111110000101010000000000000;0.364708;4952;0000001010100011111110000001010100000000000;0.288997;3924;0.363669;97
50;0000001010100011111110000101010000000000000;0.364708;4952;0000001000100011111110000101110000000000000;0.290544;3945;0.363451;97
=============================================
geração;melhor;fitness;cobertura;pior;fitness;cobertura;média;ind_repetidos
0;0000001110000011100010100101000010000100100;0.19782;2686;0101101100010100000001000000010000001001011;0.00110473;15;0.0439453;1
1;0000001110000011100010100100000010001000110;0.188025;2553;1010000000100100110001100000011100000000011;0.00294594;40;0.0631728;2
2;0000001110000011100010100100010100000000110;0.199956;2715;0001100011001100000000001010010011100000100;0.00368243;50;0.0834895;2
3;0000001110000011100010100100010100000000110;0.199956;2715;1101001100000010100000000000010010101000101;0.00589188;80;0.105113;3
4;0000001010000011100000011111010100000001000;0.269554;3660;0001100000010010101000000000011001110110000;0.0117101;159;0.118577;5
5;0000001010001010010100010111010001100000000;0.236265;3208;1001010001000001100001000000010111000101000;0.00537634;73;0.136234;6
6;0000000011110011000000011101010100000001000;0.235013;3191;0001010010011000101000000001000100001001110;0.0162027;220;0.149477;3
7;0000000011110011000000011101010100100000000;0.256223;3479;0100001010001000111000000110000011000101000;0.0206216;280;0.157215;3
8;0000000011110011000000011101010100100000000;0.256223;3479;1001101010101100000001000000100001100000010;0.00898512;122;0.166726;3
9;0000000011100011000000011101010100010010000;0.267197;3628;0000001110001000010110010110000011000001000;0.0729857;991;0.185155;7
10;0000001010000111000000011111010100010000000;0.268523;3646;0001000001110011000000011101010100000001000;0.0802033;1089;0.197268;4
11;0001001010000011001000011101010100100000000;0.27736;3766;0001011000001010000000011101010001001000100;0.0322581;438;0.20961;5
12;0000001010110011000010011101010000000000100;0.2929;3977;0000000001110010000010011101010001100001000;0.0804979;1093;0.218593;7
13;0000001010110011000010011101010000000000100;0.2929;3977;0001011000000111000000011101010001000000100;0.0427162;580;0.223858;10
14;0000001010000011011000011101010100010000000;0.306746;4165;0001001010010101000000001001100101100000001;0.0143615;195;0.233358;8
15;0000001010000111010010100101010100100000000;0.311754;4233;0000001000100010100010101001010101101000000;0.0887465;1205;0.237885;6
16;0000001010000011010111000101010100010000000;0.333333;4526;0001100010000101000000011101010010000000101;0.0350567;476;0.241276;8
17;0000001010000011010010001101010100010001000;0.318162;4320;0001001010100010000000111011010000010000100;0.133083;1807;0.256322;8
18;0000011010000011010010001101010100010000000;0.323243;4389;0001001000010011000010011101011000010000000;0.109736;1490;0.262494;10
19;0000001010000011011010100101111000000000000;0.311386;4228;0000001010000011000001010101100100010011000;0.148991;2023;0.260497;13
20;0000001010000011011010101101010100000000000;0.319266;4335;0001101000000011100000011100010100010100000;0.0501547;681;0.266599;17
21;0000001010000011011110100101010000000010000;0.333039;4522;0001011010110001001010100101000100000000000;0.148844;2021;0.274017;14
22;0000001010000011011110100101010000000000100;0.334364;4540;0000001010000011101000011100010100010100000;0.177125;2405;0.28017;9
23;0000001010000011011110100101010000000001000;0.336795;4573;0000001110010011000000011101000101010000000;0.150832;2048;0.288575;14
24;0000001010000011011110100101010000000001000;0.336795;4573;0000000010000101000010101101010100010001100;0.149212;2026;0.291856;14
25;0000001010100011011110001101010000000000000;0.354839;4818;0000001000000011110011001101100010000010000;0.170202;2311;0.292961;15
26;0000001010100011011110001101010000000000000;0.354839;4818;0000001000001010100110101101011001000000000;0.113492;1541;0.294368;22
27;0000001010100011011110001101010000000000000;0.354839;4818;0000001010000001010110011101001000000001010;0.143025;1942;0.302118;19
28;0000001010100011011110001101010000000000000;0.354839;4818;0000001000110001100110011101010000000100000;0.144793;1966;0.306267;16
29;0000001010000011111110001101010000000000000;0.353955;4806;0000000110100000111000101101011000001000000;0.157682;2141;0.311876;21
30;0000001010000011111110001101010000000000000;0.353955;4806;0000001100100001011010100101010000001001000;0.159817;2170;0.312632;19
31;0000001010000011111110001101010000000000000;0.353955;4806;0000000010100000111010011101010000000110000;0.191118;2595;0.312243;20
32;0000001010000011111110001101010000000000000;0.353955;4806;0000000110000011011010101011010000000000001;0.229636;3118;0.313449;23
33;0000001010000011111110001101010000000000000;0.353955;4806;0000001000000011111110001101010000000010000;0.21579;2930;0.315883;26
34;0000001010000011111110001101010000000000000;0.353955;4806;0000001000000010110110100101010101100000000;0.165267;2244;0.320586;40
35;0000001010000011111110001101010000000000000;0.353955;4806;0000001000000011111110001101010000000010000;0.21579;2930;0.327083;45
36;0000001010000011111110001101010000000000000;0.353955;4806;0000001010000011111010001011010100000000000;0.245765;3337;0.329711;46
37;0000001010000011111110001101010000000000000;0.353955;4806;0000001000000010111110101101010000000010000;0.184048;2499;0.325025;35
38;0000001010100011110110001101010000000000000;0.358595;4869;0000101010000011001110000110010000010010000;0.223965;3041;0.323528;32
39;0000001010100011110110001101010000000000000;0.358595;4869;0000001000000011110110000101110000100001000;0.183164;2487;0.328542;32
40;0000001010100011110110001101010000000000000;0.358595;4869;0000001010101011110010001001010000000001000;0.239358;3250;0.331683;36
41;0000001010100011111110000101010000000000000;0.364708;4952;0000001010000001011110001001010010001000100;0.142878;1940;0.327387;39
42;0000001010100011111110000101010000000000000;0.364708;4952;0000001000000011111110001101010000000010000;0.21579;2930;0.338058;52
43;0000001010100011111110000101010000000000000;0.364708;4952;0000000010000011110110011101010000000010000;0.269554;3660;0.344012;56
44;0000001010100011111110000101010000000000000;0.364708;4952;0000001010000011110110101100010000000000001;0.267344;3630;0.345044;56
45;0000001010100011111110000101010000000000000;0.364708;4952;0010001010100001110110000101010000000010000;0.266166;3614;0.347054;65
46;0000001010100011111110000101010000000000000;0.364708;4952;0000001010100011011110001100010000000001000;0.276992;3761;0.348688;70
47;0000001010100011111110000101010000000000000;0.364708;4952;0000001010100001110110001111010000000000000;0.27655;3755;0.353512;83
48;0000001010100011111110000101010000000000000;0.364708;4952;0000001010100011110110001100010000000000001;0.274267;3724;0.354403;86
49;0000001010100011111110000101010000000000000;0.364708;4952;1000000110000011111010001101010000000000000;0.296509;4026;0.357358;89
50;0000001010100011111110000101010000000000000;0.364708;4952;0000001010100011111110001001010000000000000;0.295404;4011;0.355786;86
=============================================
geração;melhor;fitness;cobertura;pior;fitness;cobertura;média;ind_repetidos
0;1000000010111011011001000000000010100000010;0.143762;1952;1011100100000100000100001000001000110100010;0.000662837;9;0.0379828;1
1;1000000010000010001110110010000001101000100;0.181838;2469;1010000000000100000000100010110001100101011;0.00110473;15;0.051076;2
2;1000010010000010001110110010000000001000110;0.198925;2701;1100010001100101000100000010000100001000011;0.00147297;20;0.0782383;3
3;0000010010000011100010110001000100100011000;0.207173;2813;0001000000001001001001011011000010001010010;0.0135513;184;0.0969332;1
4;0000010010100011100010111101100000000000000;0.236044;3205;1010001001010010000000000100000101101001010;0.0130358;177;0.114867;3
5;0001010110000011110110010001000000001000000;0.233319;3168;1010000001010011000000010101100100000000011;0.0206952;281;0.141186;3
6;0000001011000011110110010001000000001010000;0.241346;3277;1010000001100010110100000011100100000100000;0.0314479;427;0.15574;5
7;0000010010000011101010110001010000000100100;0.224186;3044;0000010110011001001100000100000001011000001;0.0166446;226;0.170121;4
8;0000010010001011001110110010100000000010000;0.229857;3121;0100010000000010000110001010100000011001110;0.0505966;687;0.182069;3
9;0000000011100111001110010001000000000011000;0.234939;3190;0000001001010011011000011100000010000001001;0.0616438;837;0.184225;2
10;0000000010100011110110010100000010100000100;0.244292;3317;0100100010010001001110010110000000000000101;0.106643;1448;0.192925;6
11;0000010010100011110110010100000010100000000;0.252173;3424;0000110011000001000110000111000001010000001;0.0891147;1210;0.200944;4
12;0000000010100011110110011100000001000000100;0.260127;3532;0100100010010100001110110110000000000000010;0.0994255;1350;0.201845;2
13;0000100110000011100110100101010000000000100;0.289512;3931;0000010111100000111010110000000000000000110;0.138386;1879;0.214756;3
14;0000000010100011111110011100000001000000000;0.282589;3837;0000010111100000111010110000000000010000100;0.1308;1776;0.220736;3
15;0100000010100011001010000111010010000001000;0.280748;3812;1010001000000010000111010100010100000000011;0.0774783;1052;0.228395;3
16;0000000010100011111110011100100000000000000;0.283768;3853;0010010010000001110110010100000010000001010;0.148328;2014;0.232535;3
17;0000010010000011111110000110000000000001100;0.270143;3668;0000010000100011001010000111010010001001000;0.142584;1936;0.233551;2
18;0000000010100011111110001110000000000000010;0.285462;3876;0100100010000001110110010110000000001001000;0.142289;1932;0.237782;4
19;0000000010100011111110001110000000000000010;0.285462;3876;0000010010100001010110011100010010000001000;0.16755;2275;0.243457;3
20;0000000010101010110111000111010000000000000;0.279202;3791;1000001000100001110010011010000000000011100;0.0659891;896;0.243957;3
21;0000000010101010110111000111010000000000000;0.279202;3791;1000000010100001101110001010000000100001010;0.164604;2235;0.246419;3
22;0000000010100011110111000111010000000000000;0.321255;4362;0000000000101010100111000111010000000001100;0.108042;1467;0.24719;5
23;0000000010100011110111000111010000000000000;0.321255;4362;0000100000101010010110000111010000101000000;0.116291;1579;0.247658;8
24;0000000010100011110111000111010000000000000;0.321255;4362;0000000010100101110110001001000000000100101;0.172706;2345;0.252606;9
25;0000100010100011100110000111010001000000000;0.288997;3924;0000100010101010110101000110000000000010100;0.153852;2089;0.258062;7
26;0000010010100011100110000111010001000000000;0.293931;3991;0100000010100011111100010000100000000000110;0.180439;2450;0.260733;12
27;0000000010100011011110000111010000000000001;0.309103;4197;0000010000100010111110100110100000000000001;0.171307;2326;0.259711;6
28;0000001010100011111110000110010000000000000;0.291648;3960;0000001010100000111110000110101000000000001;0.130432;1771;0.26288;4
29;0000001010100011111110000101000000010000000;0.29209;3966;0000100010100011011100010001000000010000110;0.195831;2659;0.265229;10
30;0000001010100011111110001101000000000000000;0.301812;4098;0000000010100101111110010100100000000000100;0.202092;2744;0.269627;9
31;0000000010110011111110000101010000000000000;0.333628;4530;0000000010100110011110010100100000011000000;0.2057;2793;0.272985;16
32;0000001010100011111110000101010000000000000;0.364708;4952;0000000011010001111110001101000000000000100;0.181617;2466;0.272849;20
33;0000001010100011111110000101010000000000000;0.364708;4952;0010001000100011111110000110010000000000000;0.216674;2942;0.285667;40
34;0000001010100011111110000101010000000000000;0.364708;4952;0000001010100001111110000100010000001000100;0.201502;2736;0.286626;40
35;0000001010100011111110000101010000000000000;0.364708;4952;1000000100100011111110000110000000000000100;0.20629;2801;0.292771;44
36;0000001010100011111110000101010000000000000;0.364708;4952;0000001010100101111110001000010000100000000;0.206879;2809;0.30233;51
37;0000001010100011111110000101010000000000000;0.364708;4952;0001001010100011011110000010010000000000100;0.255929;3475;0.314795;48
38;0000001010100011111110000101010000000000000;0.364708;4952;0000001000100010111110000101010101000000000;0.216232;2936;0.325882;47
39;0000001010100011111110000101010000000000000;0.364708;4952;0000001010100011111010100001010000000000001;0.253572;3443;0.339388;54
40;0000001010100011111110000101010000000000000;0.364708;4952;0000001010100010111110000001011000000000100;0.235086;3192;0.345184;56
41;0000001010100011111110000101010000000000000;0.364708;4952;1000001010100011011110000100010000000000100;0.264325;3589;0.3515;70
42;0000001010100011111110000101010000000000000;0.364708;4952;0001001110100011111110000000010000000000000;0.272647;3702;0.356718;83
43;0000001010100011111110000101010000000000000;0.364708;4952;0000001010110011111110000100010000000000000;0.288481;3917;0.362937;95
44;0000001010100011111110000101010000000000000;0.364708;4952;0000001010100001111110000101010000100000000;0.28502;3870;0.361407;92
45;0000001010100011111110000101010000000000000;0.364708;4952;0000001010101011111110000101000000000000000;0.286714;3893;0.362067;94
46;0000001010100011111110000101010000000000000;0.364708;4952;0000000010100011111110000101010100000000000;0.336427;4568;0.364222;98
47;0000001010100011111110000101010000000000000;0.364708;4952;0000001010100001111110000111010000000000000;0.289439;3930;0.362795;96
48;0000001010100011111110000101010000000000000;0.364708;4952;0000001010100001111110000101010000000000100;0.282221;3832;0.361657;94
49;0000001010100011111110000101010000000000000;0.364708;4952;0100001010100011111110000001010000000000000;0.282663;3838;0.360607;92
50;0000001010100011111110000101010000000000000;0.364708;4952;0000001010100011111100000101011000000000000;0.294962;4005;0.362574;93
=============================================
geração;melhor;fitness;cobertura;pior;fitness;cobertura;média;ind_repetidos
0;0110000110000010001000000111010000010100100;0.226175;3071;1100101001010100000000000000110100011000100;0.00110473;15;0.0376219;1
1;0110000110000010001000000111010000010100100;0.226175;3071;0100010000010100010000100001100010111000010;0.00110473;15;0.0545728;2
2;0110000110000010001000100111010000010100000;0.240315;3263;1000001101000010000000010011100100010011000;0.00817499;111;0.0708433;2
3;1000001111000010001000100111010000010000000;0.259906;3529;0010000101000000011001001000000110010110100;0.0158344;215;0.102455;2
4;0000001111000010001000100111010000010000100;0.260421;3536;0000010100010110010000101001001000010001100;0.0139196;189;0.119389;5
5;0000001111000010001000100111010000010000001;0.263146;3573;0001010000000011010000001001100100001001011;0.0223892;304;0.136063;1
6;0000001111000010001000100111010000010000001;0.263146;3573;1010000000001010010000000110100000011011010;0.00640742;87;0.14667;2
7;0000001111000010001000100111010000010000100;0.260421;3536;0000001111000000010100100000001111010100000;0.0301223;409;0.152099;1
8;0000001111000010001000100111010000010000100;0.260421;3536;0000010101100110000001000011010001000110000;0.0320371;435;0.168202;4
9;0000001110100010010100000111010000010000100;0.280822;3813;1010010010000001000010100000001111010100000;0.0836648;1136;0.180956;7
10;0000001110100010010010100111010000000000100;0.289439;3930;0000001100000110000100111000110110000010000;0.0207689;282;0.187148;7
11;0000001110100000100010100110010000110010000;0.343939;4670;0000001000110010110010000111001000000100100;0.0847695;1151;0.203378;10
12;0000001110100000100010100110010000110010000;0.343939;4670;0010111001000010001010000011010000010000100;0.0427898;581;0.2164;9
13;0000001110100010010010101101010000010000000;0.302327;4105;0000111001000110000000100111010000010000100;0.0697452;947;0.222835;7
14;0000000010110011010010000111010000010000100;0.307262;4172;0001000101000000001010101101010000011010000;0.0640742;870;0.230399;5
15;0000000010110011010010000111010000010000100;0.307262;4172;0000001101010001000110111010000000010000100;0.0642215;872;0.234683;5
16;0000000110100011010010100101010000110000000;0.322654;4381;0010100010110000010010101101000000010000100;0.0960377;1304;0.250259;7
17;0001001111100010001000000110010100010000000;0.405804;5510;0000101001000010001000011111010000011000000;0.0936073;1271;0.255809;9
18;0000101110100010001000000110011100010000000;0.396966;5390;0000000111010001011000101100010000000010100;0.0973634;1322;0.262156;5
19;0000001110100010001000100110011100010000000;0.401458;5451;0000000010111011001000000110011100010000000;0.146487;1989;0.265046;5
20;0000001110100010001000100110011100100000000;0.335985;4562;0000101011100010000100100011010000010010000;0.153484;2084;0.270944;9
21;0000001110100010001000100110010100110000000;0.45397;6164;0000001110100000011000100010011100010010000;0.0349831;475;0.27181;5
22;0000001110100011000000100101010100110000000;0.495286;6725;0000001110000011001000100110011100100000000;0.161585;2194;0.288581;13
23;0000001110100010001000000110011100010100000;0.395714;5373;0000000110100010001000010110011100010100000;0.13242;1798;0.287509;18
24;0000001110100010001000000110011100010100000;0.395714;5373;0010001100000011001010100110011000010000000;0.128959;1751;0.290732;19
25;0000001110100011001000100111000000110000000;0.444543;6036;0000001110000010101000000110011100010100000;0.132862;1804;0.300733;21
26;0000001110100011001000100111000000110000000;0.444543;6036;0000001010100010001000000110011100010100100;0.128075;1739;0.303782;18
27;0000001110100011001000100111000000110000000;0.444543;6036;0100001010110010001000100111000000110000000;0.141994;1928;0.306763;21
28;0000001110100011001000000111000000110001000;0.419649;5698;0000001010100010011010001011010010010000000;0.19075;2590;0.30859;21
29;0000001110100011000010000111000000110001000;0.449993;6110;0000000110110011001000000111000000110000001;0.152673;2073;0.312904;32
30;0000001110100011000010000111010000110000000;0.521284;7078;1000001010100011001000001001110000110000000;0.167477;2274;0.327109;36
31;0000001110100011000010000111010000110000000;0.521284;7078;0001100010100011001000000111100000110000000;0.152526;2071;0.332376;34
32;0000001110100011000010000111010000110000000;0.521284;7078;0000000100100011001010001111000000110001000;0.162763;2210;0.331866;31
33;0000001110100011000010000111010000110000000;0.521284;7078;0000000110100011001000000111000000110101000;0.164015;2227;0.337299;34
34;0000001110100011000010000111010000110000000;0.521284;7078;0010000010101011001000000111000000110100000;0.148181;2012;0.340126;29
35;0000001110100011000010000111010000110000000;0.521284;7078;0000000100000010001010001111010100110001000;0.128296;1742;0.336185;33
36;0000001110100011000010000111010000110000000;0.521284;7078;1000001100100011010010000011010000100010000;0.126307;1715;0.339932;33
37;0000001110100011000010000111010000110000000;0.521284;7078;0010000110100011001000000111000000110010000;0.160259;2176;0.350943;26
38;0000001110100011000010000111010000110000000;0.521284;7078;0000001110100011000011011110000000010000000;0.198336;2693;0.367897;36
39;0000001110100011000010000111010100010000000;0.533657;7246;1000001100100010011010000111000000110000000;0.0939756;1276;0.391514;37
40;0000001110100011000010000111010100010000000;0.533657;7246;0000001110000011001000000111000010111000000;0.153115;2079;0.414312;49
41;0000001110100011000010000111010100010000000;0.533657;7246;0000001010110011000000000111000010110010000;0.149801;2034;0.432455;54
42;0000001110100011000010000111010100010000000;0.533657;7246;0000001110100011001010100011000000110000000;0.200913;2728;0.468472;69
43;0000001110100011000010000111010100010000000;0.533657;7246;0000001110100011000010001101010000110000000;0.335543;4556;0.504169;87
44;0000001110100011000010000111010100010000000;0.533657;7246;0000001100101011000010000111010000110000000;0.22345;3034;0.503372;84
45;0000001110100011000010000111010100010000000;0.533657;7246;0000101100100011000010000111010000110000000;0.226101;3070;0.507738;89
46;0000001110100011000010000111010100010000000;0.533657;7246;0000000110100011000010000111010001110000000;0.312123;4238;0.512814;93
47;0000001110100011000010000111010100010000000;0.533657;7246;0000001101100011000010000111010100010000000;0.227942;3095;0.514868;95
48;0000001110100011000010000111010100010000000;0.533657;7246;0000001110010011000010000111010100010000000;0.295036;4006;0.515273;92
49;0000001110100011000010000111010100010000000;0.533657;7246;0010001100100011000010000111010100010000000;0.223965;3041;0.518171;95
50;0000001110100011000010000111010100010000000;0.533657;7246;0010001100100011000010000111010100010000000;0.223965;3041;0.516219;93
=============================================
geração;melhor;fitness;cobertura;pior;fitness;cobertura;média;ind_repetidos
0;0010000110001111101000001001000000100100000;0.149801;2034;1000001000011001010000000010010001010100101;0.00051554;7;0.0406503;1
1;0000000010000111100000011101000110010000001;0.150611;2045;0001001000111100001000101000010100100000010;0.00265135;36;0.0546325;4
2;0000001110010010010110100100000010101000000;0.190529;2587;0101100001001000110000000000000100111100100;0.00294594;40;0.0649543;3
3;0100000010010011000000100111010001010010000;0.187362;2544;1000010000111010000000001000001001000100111;0.00898512;122;0.0833348;2
4;0000001110010010000000100111010001010001000;0.230225;3126;0010010010011000000100000100010001000100111;0.0053027;72;0.0976204;2
5;0000000010110011000000100111010000100100010;0.248122;3369;0100000000011000100001111010010101000000001;0.0024304;33;0.128147;4
6;0000001010010010000010100111010000100100010;0.248343;3372;0100011011101000000000000101000010101001000;0.0215054;292;0.146782;3
7;0000000010100011000100100111010000001011000;0.248932;3380;0010000100000110101000100110010001010001000;0.0321844;437;0.163674;2
8;0000000010110010000010100111010000100100010;0.253056;3436;0100010011100001100100001000001001001001000;0.0483135;656;0.176443;3
9;0000000110000010100110101101010001000001000;0.271984;3693;0000000111101000101000010001001001001100000;0.0236412;321;0.185454;3
10;0000000010100011001110000101010100000011000;0.296435;4025;0100010000001111000010100001100000001001001;0.0970688;1318;0.195796;5
11;0000000010100011000110101101010001000001000;0.282221;3832;0010000011001110000010000001110000100100010;0.121962;1656;0.202047;2
12;0000000010110011010110000111010100000000000;0.315289;4281;0100000100010011000000100111010100000000101;0.0839593;1140;0.205368;1
13;0000001010110011000010000111010000010100000;0.302033;4101;0000000100010010010001101111010000000100010;0.0774046;1051;0.21347;7
14;0000001010100011001010100111010000010000000;0.336353;4567;0001000100000010100110101101011000001000000;0.106569;1447;0.223725;14
15;0000001010100011001010100111010000010000000;0.336353;4567;0001100011101000000000101111000000010000010;0.0254824;346;0.23046;4
16;0000001010100011001010100111010000010000000;0.336353;4567;0100010010100001000110001101000100100001000;0.119753;1626;0.244182;5
17;0000001010100011001010100111010000010000000;0.336353;4567;0000000010110001010100000111001000110100000;0.0821918;1116;0.254164;7
18;0000001010100011001010000111010000011000000;0.332376;4513;0010001010100101000010000011010100000000110;0.0930918;1264;0.264926;5
19;0000001110100011000000000111010100010000001;0.474665;6445;0000001000000010010110100101010001100100010;0.128738;1748;0.272392;5
20;0000001110100011000000000111110100010000000;0.480189;6520;0010001000000111000110100101010000100100000;0.136765;1857;0.273059;9
21;0000001110100010000000000111110100011000000;0.466048;6328;1000000001100011000100100101010000010011000;0.119016;1616;0.27867;8
22;0000001110100010000010000111110100010000000;0.485933;6598;0000000000110011001110000110010100010010000;0.16431;2231;0.287284;10
23;0000001110100010000010000111110100010000000;0.485933;6598;0000010000100010000110101101010100100100000;0.147813;2007;0.288316;10
24;0000001110100010000010000111110100010000000;0.485933;6598;0001100000000111001010000101010100010010000;0.151127;2052;0.294675;10
25;0000000110100011001010100111010000010000000;0.334438;4541;0001000100100011001010000111000100010001000;0.136618;1855;0.287329;18
26;0000001010000011011110100101010100000000000;0.329356;4472;0000001111100000001010100001011100010000000;0.154809;2102;0.289183;17
27;0000001010100011011010000111010100000000000;0.343129;4659;0000001010100011000010100110110001000010000;0.191707;2603;0.29336;19
28;0000001010000011011110000111010100000000000;0.345117;4686;0000000000101011011110100101010100000000000;0.206142;2799;0.297935;21
29;0000001010100011010110000111010100000000000;0.347768;4722;0000001110101001011100010100010100000000000;0.153852;2089;0.297631;16
30;0000001010100011010110000111010100000000000;0.347768;4722;0101000010100011001010100110010100000000000;0.205774;2794;0.309184;26
31;0000001010000011011110000101010100010000000;0.347989;4725;0000001000000011011110010101010100100000000;0.199588;2710;0.307022;21
32;0000001110100011011110000101010000000000000;0.357637;4856;0000001010100011000110000100110100000001010;0.211224;2868;0.312461;23
33;0000001010000011011110000111010000010000000;0.350346;4757;1000001010001010010110010011010100000000000;0.177198;2406;0.312481;29
34;0000001010000011011110000111010000010000000;0.350346;4757;0000001010101011010110000110010100000000000;0.237369;3223;0.322143;42
35;0000001010100011010110000111010000010000000;0.354839;4818;0010001010000011011100000011010100000001000;0.185668;2521;0.327847;48
36;0000001010100011010110000111010000010000000;0.354839;4818;0000001010000101011100000111010100000000001;0.180807;2455;0.32546;44
37;0000001010100011010110000111010000010000000;0.354839;4818;0000001000000011011110000111010100010000000;0.209015;2838;0.330209;51
38;0000001010100011010110000111010000010000000;0.354839;4818;0000001010100011001110000110010100010000000;0.238327;3236;0.335755;58
39;0000001010100011010110000111010000010000000;0.354839;4818;0000001000100011010110000111010000011000000;0.258875;3515;0.340171;62
40;0000001010100011010110000111010000010000000;0.354839;4818;0000001000000011011110000111010100010000000;0.209015;2838;0.339309;64
41;0000001010100011010110000111010000010000000;0.354839;4818;1000000010000011011110000111010000000000100;0.23354;3171;0.343715;74
42;0000001010100011010110000111010000010000000;0.354839;4818;0000001010000001111110000011011000010000000;0.171527;2329;0.346095;86
43;0000001010100011010110000111010000010000000;0.354839;4818;0000001010100011010111000011010000010000000;0.241052;3273;0.347652;88
44;0000001010100011010110000111010000010000000;0.354839;4818;0000001010100011010110000110011000010000000;0.239505;3252;0.349399;88
45;0000001010100011010110000111010000010000000;0.354839;4818;0000001010100001010110010111010010000000000;0.242598;3294;0.350642;91
46;0000001010100011010110000111010000010000000;0.354839;4818;0000001010100011010110000011011000010000000;0.234276;3181;0.351136;93
47;0000001010100011010110000111010000010000000;0.354839;4818;0000001010100011010111000011010000010000000;0.241052;3273;0.352407;94
48;0000001010100011010110000111010000010000000;0.354839;4818;1000001000100011010110000111010000010000000;0.257107;3491;0.352115;96
49;0000001010100011010110000111010000010000000;0.354839;4818;0000001000110011010110000111010000010000000;0.263956;3584;0.352595;96
50;0000001010100011010110000111010000010000000;0.354839;4818;0000101010100011010110000110010000010000000;0.248417;3373;0.352325;95
=============================================
geração;melhor;fitness;cobertura;pior;fitness;cobertura;média;ind_repetidos
0;0000000011000011100111101000000101000000100;0.199661;2711;1100100000011001000000000000111010100101000;0.000368243;5;0.0363389;1
1;0001000011000011100111101000000101000000000;0.195242;2651;0100001101001001000101001000000010101010000;0.000810134;11;0.051431;3
2;0001000011000011100111101000100000000000010;0.203196;2759;0001010000100001000100010001000101010010011;0.00360878;49;0.0645434;3
3;1000001010000111000001011101010000000000001;0.238106;3233;1010000000010110000000101010010110000000110;0.00611283;83;0.0816482;1
4;0000000110010010000000101101110001000010001;0.201723;2739;1000000110001000101001011000000100000010011;0.00707026;96;0.0956562;5
5;0000000110100111010001010101010000000000001;0.268154;3641;1100000101010001000001001100100010000000110;0.00456621;62;0.113122;1
6;0000100010000110101111100100101000000000000;0.203417;2762;1000001100100101000001010011100100010000000;0.00567094;77;0.127595;2
7;0000000010100000110111100101110001000000000;0.224849;3053;1011010000001010000000110001100000000101100;0.0196642;267;0.140967;3
8;1000101011000010110000010101010010000000000;0.228163;3098;0011000010010000010011000001100100100011000;0.0414641;563;0.150447;1
9;0000000010010011010010010111010100000001000;0.241935;3285;0100000000001101001000100100001101100011000;0.0048608;66;0.162012;2
10;0000000010010011010010010111010100000001000;0.241935;3285;0100000110111001000000110000100000100010010;0.0724702;984;0.174728;1
11;0000000010110011000110000111010100000001000;0.29511;4007;0010000001010010101110101000100010000000010;0.107821;1464;0.191636;4
12;0000000010110011000110000111010100000000001;0.2929;3977;0000000101000101011000100111100000000100010;0.0472087;641;0.197683;3
13;0000010010110010010010010111010100000000000;0.266239;3615;0100000110000001011001100001010010000010010;0.0959641;1303;0.207722;4
14;0000001010010011010010010101010100010000000;0.310208;4212;0000000100000111010010010011101000000011000;0.117028;1589;0.212481;8
15;0000001010010011010010010101010100010000000;0.310208;4212;0000100010010001010010010110110100000001000;0.0962587;1307;0.219334;9
16;0000001010010011010010010101010100010000000;0.310208;4212;1000010000010001010010111000010000000011010;0.0794668;1079;0.22326;5
17;0000000010100011101110010101010100000000000;0.318825;4329;0001000010101000101110011000010000000011000;0.107085;1454;0.231167;5
18;0000001010000011011010010111010000000010000;0.310134;4211;0000010000100001011110110110010100000000000;0.0978053;1328;0.235811;10
19;0000001010000011011010010101010000000011000;0.311533;4230;0000000100110011010111000100000010010000100;0.160701;2182;0.242382;7
20;0000000010100011101010010101010100100000000;0.31853;4325;0000000010010101111010011000001100000000100;0.133525;1813;0.25136;11
21;0000000010100011101110010101010000000001000;0.322433;4378;0100000010000001011110011001010100000001000;0.143467;1948;0.256535;16
22;0000001010100011101010000101010100010000000;0.344012;4671;0000000010010011110100011000000011000011000;0.162911;2212;0.258236;13
23;0000001010100011101010000101010100010000000;0.344012;4671;0100000010100010101010000101000110000100001;0.160112;2174;0.262066;15
24;0000000010100011101010010101010100010000000;0.324422;4405;0000000010000001110110000101010101101000000;0.164457;2233;0.265803;13
25;0000000110100011001110000101010100010000000;0.34033;4621;0000000000101011111000110101010000000001000;0.153631;2086;0.281473;19
26;0000000110100011001110000101010100010000000;0.34033;4621;0100010010000010101010010101010000000001001;0.185594;2520;0.294208;22
27;0000001010100011001010010101010100010000000;0.333702;4531;0000010100100011101000010100010100110000000;0.0831492;1129;0.292696;21
28;0000001010100011001010000101110100010000000;0.345633;4693;0000000000100000111010000101110101000001100;0.0759317;1031;0.300444;25
29;0000000010100011011010001111010100000000000;0.346737;4708;0000000001100011001010001101010100110000000;0.201134;2731;0.301855;21
30;0000000010100011011010001111010100000000000;0.346737;4708;0010001010100011001000000100110100000001100;0.147003;1996;0.302446;29
31;0000001010100011001010001101010100010000000;0.348947;4738;0000000000100111111010000101010100010000000;0.205406;2789;0.313377;28
32;0000001010100011001010001101010100010000000;0.348947;4738;0000000000100111101010010101010100010000000;0.202386;2748;0.311722;27
33;0000001010100011001010001101010100010000000;0.348947;4738;0000000000100111101000000111010100110000000;0.147886;2008;0.312313;37
34;0000001010100011001010001101010100010000000;0.348947;4738;0000000010100101001010001111000110010000000;0.154367;2096;0.314851;42
35;0000001010100011001010001101010100010000000;0.348947;4738;0010001010100011001010000111000100010000000;0.220136;2989;0.324894;47
36;0000001010100011001010001101010100010000000;0.348947;4738;0000100110100010011010010101000100010000000;0.194948;2647;0.331354;59
37;0000001010100011001010001101010100010000000;0.348947;4738;0000001010101011001010010001010100010000000;0.207173;2813;0.329289;54
38;0000001010100011001010001101010100010000000;0.348947;4738;0000001010100011111010000001010100010000000;0.255708;3472;0.334149;59
39;0000001010100011001010001101010100010000000;0.348947;4738;0000001010100011001010010001010100010100000;0.208131;2826;0.32979;59
40;0000001010100011001010001101010100010000000;0.348947;4738;0000000010100011011010010001010100011000000;0.230446;3129;0.329816;56
41;0000001010100011001010001101010100010000000;0.348947;4738;0100000000100011011010001101010100010000000;0.207173;2813;0.334304;63
42;0000001010100011001010001101010100010000000;0.348947;4738;0010001010100011001010001100010100010000000;0.22831;3100;0.334138;66
43;0000001010100011001010001101010100010000000;0.348947;4738;0100000000100011011010001101010100010000000;0.207173;2813;0.337122;76
44;0000001010100011001010001101010100010000000;0.348947;4738;0000001010100011001000001101010100011000000;0.291206;3954;0.34504;85
45;0000001010100011001010001101010100010000000;0.348947;4738;0000001010100011001010001001010100010000010;0.224702;3051;0.343441;85
46;0000001010100011001010001101010100010000000;0.348947;4738;0000001010110011001010001100010100010000000;0.231993;3150;0.346467;92
47;0000001010100011001010001101010100010000000;0.348947;4738;0000001010100011001010001001010100010001000;0.22588;3067;0.34133;87
48;0000001010100011001010001101010100010000000;0.348947;4738;0000001010100010001010101101010100010000000;0.320003;4345;0.347753;94
49;0000001010100011001010001101010100010000000;0.348947;4738;0000001010000011101010001101010100010000000;0.330019;4481;0.348376;96
50;0000001010100011001010001101010100010000000;0.348947;4738;0000101010100011001010001101000100010000000;0.230962;3136;0.34405;92
=============================================
geração;melhor;fitness;cobertura;pior;fitness;cobertura;média;ind_repetidos
0;0101010011000010010110010101010000000000000;0.196421;2667;1100011000100100000001100000000100101000011;0.00235675;32;0.0437701;1
1;1000100110000010010110010101010000000010000;0.255929;3475;0111000000010101010000101000010100010100000;0.00405067;55;0.0608992;1
2;0101001110100010000010000001110110000000000;0.208057;2825;0010011000000000000000111011000010001010101;0.00478716;65;0.0793946;2
3;0000100010100011111100000101010001000000000;0.267786;3636;1011110101010000000000100001010000100000010;0.00692296;94;0.11243;4
4;0000100010100011111100000101010000000010000;0.276403;3753;1000100010101000001000011100000000101001001;0.00972161;132;0.142827;2
5;0011001110100010010010000101100001000000000;0.225438;3061;1001000110000100100010000001110001000000011;0.0112682;153;0.149939;2
6;0001001010100011100110001101010000000000000;0.328914;4466;0101001100101010000001000101000100010010000;0.0221682;301;0.155841;3
7;0010101010100010100110001101010000000000000;0.275814;3745;0110101110100000010010000001101000000000010;0.0497864;676;0.170444;3
8;0000001010010011110010000101110001000000000;0.295404;4011;1100110010100000100001100001100000100010000;0.0500074;679;0.178538;1
9;0000001010100011010011000101110000000000001;0.304169;4130;0010101010100001100001100010100001000001000;0.0986891;1340;0.189561;4
10;0000001010100011010011000101110000000000010;0.305568;4149;0000101000110010000101100101100001000000010;0.0677567;920;0.197924;1
11;0000001010100011010011000101110001000000000;0.302106;4102;0101001100100000010010000001110000000111000;0.0354986;482;0.207778;5
12;0000001010100011010011000101110001000000000;0.302106;4102;1000101000010011100000100101010000000010010;0.0886729;1204;0.215195;2
13;0000001110100010111100001101010000000000000;0.320298;4349;0001011000100010101101010010010000000000010;0.0667992;907;0.219934;4
14;0000101010101011110010000101010000000000000;0.324275;4403;0000101000100010001111010000010000000010011;0.122183;1659;0.237977;4
15;0100001011100011110010000101010000000000000;0.31853;4325;0101011000100010010001001001010000000010010;0.0443364;602;0.239277;1
16;0000001110100010010110100101011000000000000;0.311902;4235;0010001000000010010101001101010101000000001;0.0645898;877;0.253176;4
17;0000001110100011000110001101010000000001000;0.318309;4322;0000001010100001000011101011011000100000000;0.123803;1681;0.262007;7
18;0000001010100010111110100101010000000000000;0.341361;4635;0100010000101010000011001101010001010000000;0.0796877;1082;0.268921;9
19;0000101010100011100110000101110000000000000;0.335616;4557;0000001100110011010010000001010100010000100;0.123656;1679;0.270879;3
20;0000111010100011100010000101110000000000000;0.330608;4489;0000001010101000010110100100011000010000010;0.124466;1690;0.272502;6
21;0000001010100010010110100101010100010000000;0.33186;4506;0010100100000011010010001101001000000110000;0.112314;1525;0.283097;10
22;0000101010100011100110000101110000000000000;0.335616;4557;0010100100000011010010100101010001000000010;0.143762;1952;0.290281;11
23;0000001010100011011110000101010000000000001;0.344528;4678;0000110000100011010010100101110001000000000;0.172632;2344;0.293585;15
24;0000001010110011011110000101010000000000000;0.343497;4664;0000011010100011001011001001010000100000000;0.219694;2983;0.302548;13
25;0000001010110011011110000101010000000000000;0.343497;4664;0000011010100001001011001100100000100000100;0.127338;1729;0.304697;21
26;0000101010100011011110000101010000000000000;0.349757;4749;0000001001101011010100100101010000000001000;0.192149;2609;0.309258;25
27;0000001010100011011110000101110000000000000;0.356754;4844;0000101010100011100100001100110000000000010;0.180071;2445;0.310972;23
28;0000001010100011011110000101110000000000000;0.356754;4844;0000111010100001001110001001110000000000000;0.173958;2362;0.310748;16
29;0000001010100011011110000101110000000000000;0.356754;4844;0000011000010011011110001100110000000000000;0.179334;2435;0.31476;24
30;0000001010100011011110000101110000000000000;0.356754;4844;0000101010100001010110000101100000010010000;0.17985;2442;0.319132;31
31;0000001010100011111110000101010000000000000;0.364708;4952;0000001010000001011110001101110000100000000;0.23759;3226;0.32217;29
32;0000001010100011111110000101010000000000000;0.364708;4952;0100101010110011011000000001010000000000010;0.175136;2378;0.321945;37
33;0000001010100011111110000101010000000000000;0.364708;4952;0000100010010011011110000101110000000000000;0.241494;3279;0.329231;44
34;0000001010100011111110000101010000000000000;0.364708;4952;0000101010010011011110000001010000000001000;0.247533;3361;0.335138;50
35;0000001010100011111110000101010000000000000;0.364708;4952;0000101000100011011110000101010000000000010;0.260495;3537;0.343654;70
36;0000001010100011111110000101010000000000000;0.364708;4952;0000001010100011011110000100110000000100000;0.263441;3577;0.342626;61
37;0000001010100011111110000101010000000000000;0.364708;4952;0001011000100011011110000101010000000000000;0.260274;3534;0.341464;49
38;0000001010100011111110000101010000000000000;0.364708;4952;0100001100000011111110000101010000000000000;0.262042;3558;0.34649;59
39;0000001010100011111110000101010000000000000;0.364708;4952;0000101100100011011110000101010000000000000;0.273457;3713;0.34945;69
40;0000001010100011111110000101010000000000000;0.364708;4952;0000001010100011101110001101000000000010000;0.276771;3758;0.352732;73
41;0000001010100011111110000101010000000000000;0.364708;4952;0000101010100011011110001100010000000000000;0.280454;3808;0.352569;75
42;0000001010100011111110000101010000000000000;0.364708;4952;0000001010100001111110000101010000000000010;0.281485;3822;0.35737;81
43;0000001010100011111110000101010000000000000;0.364708;4952;0001001000100011111110000101010000000000000;0.280601;3810;0.357204;82
44;0000001010100011111110000101010000000000000;0.364708;4952;0000001010110011111110000001010000000000000;0.28281;3840;0.362546;92
45;0000001010100011111110000101010000000000000;0.364708;4952;0000001010100001111110000101010010000000000;0.279496;3795;0.362538;95
46;0000001010100011111110000101010000000000000;0.364708;4952;0000001010100111111110000101000000000000000;0.290912;3950;0.362348;92
47;0000001010100011111110000101010000000000000;0.364708;4952;0000001010100001111110000101010000000010000;0.288555;3918;0.362016;94
48;0000001010100011111110000101010000000000000;0.364708;4952;0000001000100011111110000101010000000000001;0.281779;3826;0.361217;93
49;0000001010100011111110000101010000000000000;0.364708;4952;0000001010100011111110000100010000000010000;0.28826;3914;0.362157;93
50;0000001010100011111110000101010000000000000;0.364708;4952;1000001010100011111110000100010000000000000;0.285094;3871;0.362777;95
=============================================
geração;melhor;fitness;cobertura;pior;fitness;cobertura;média;ind_repetidos
0;0100000110000011000010000111011010000000001;0.233687;3173;0110000000011100001000010010010000110110000;0.000220946;3;0.0382707;1
1;0010000010000011111000100001000111000010000;0.170275;2312;1001001101000100000001000010000010000100111;0.00110473;15;0.055176;1
2;0010001010100010000000110101010000100000011;0.20872;2834;1100011000100000010000100000111000101000010;0.00427162;58;0.0729128;5
3;0000001110100110010011110000100000000010000;0.196642;2670;0000001100100001010000100001000111001010001;0.00662837;90;0.0863382;5
4;0000001110101010011001000001010000100100000;0.230962;3136;0100100001101001000100001010000011101000000;0.00449256;61;0.10402;1
5;0000001010100010001111000101010100000010000;0.283031;3843;0110001000000010000010010110100010100000011;0.0181175;246;0.12833;4
6;0000001010100010010011000101010100010010000;0.293416;3984;0000001110101000010001000110000001100000011;0.0193696;263;0.1515;6
7;0000001010100010001111000101010100000010000;0.283031;3843;0100001010101100100100000011000010000010100;0.00950066;129;0.163595;4
8;0000001010100011000111000101010100000010000;0.285167;3872;0100000000110101101000001000000111010010000;0.0221682;301;0.179175;4
9;0000001010100010001011000101010100100010000;0.290838;3949;1000001100000010010011010110010100000010000;0.0738695;1003;0.178923;5
10;0000001010100010001011000101010100100010000;0.290838;3949;0000001000001010110011000110010100000011000;0.0847695;1151;0.192349;2
11;0000001110100010000110000101010100010100000;0.290544;3945;0001010001010000001011000101010100100010000;0.0720283;978;0.202204;10
12;0000011010100010000110100101010100000001000;0.282589;3837;0100000111000110001100010010000010010010000;0.112019;1521;0.211618;3
13;0000011010100010000110100101010000000010010;0.286493;3890;0010001111000010010001000101000000100101000;0.12535;1702;0.213059;5
14;0000011010100010010010101101010100000000000;0.291943;3964;0000010000100000010010111101010100000101000;0.0746796;1014;0.216787;4
15;0000011010100011010010011101010000000000000;0.322507;4379;0000100001100001010110110100000000001010010;0.106643;1448;0.227718;4
16;0000011010100011010010011101010000000000000;0.322507;4379;0100001001000010010100100101010100100010000;0.0846958;1150;0.24036;10
17;0000001010100011010110000101010100000001000;0.327662;4449;0000010000110001010110100101010100000001000;0.0906614;1231;0.24737;6
18;0000001010100011010110000101010100100000000;0.34335;4662;0000110000100001010110100101000100100010000;0.105759;1436;0.256917;8
19;0000001010100011010110000101010100100000000;0.34335;4662;0000010000100010001110100101010100000001010;0.143762;1952;0.268059;5
20;0000011010100011001010000101010100100000000;0.324201;4402;0000000110100011110000011100010000000001001;0.175431;2382;0.280886;11
21;0000011010100011001010000101010100010000000;0.332671;4517;0000011010100001100110001001010100000001000;0.163721;2223;0.284409;10
22;0000001010100011100110000101010100100000000;0.339225;4606;0001011000100000000110101101010100000010000;0.13868;1883;0.28588;7
23;0000001010000011011110000101010100100000000;0.341729;4640;0000001100001011001010000100010101100010000;0.0997938;1355;0.288255;9
24;0000001010100011100110000101010100010000000;0.348284;4729;1000000010100010010100100101000100101000100;0.145677;1978;0.291869;14
25;0000001110100011001010000101010100010000000;0.350493;4759;0000101000000011001010000101011100100001000;0.141479;1921;0.296346;19
26;0000001110100011001010000101010100010000000;0.350493;4759;0000011010100011010100000001010100110000000;0.183532;2492;0.300813;23
27;0000001010100011010110000101010100010000000;0.351009;4766;0000011010100011100010000101000100110000000;0.22043;2993;0.309303;25
28;0000001010100011010110000101010100010000000;0.351009;4766;0000001000100010010110110100110100010000000;0.13706;1861;0.306903;27
29;0000001010100011100110000101010100010000000;0.348284;4729;0000011010100001011110000100011100000000000;0.177346;2408;0.309666;23
30;0000001010100011010110000101010100010000000;0.351009;4766;0100001000100011100100000111110000000000010;0.164752;2237;0.315207;25
31;0000001010100011010110000101010100010000000;0.351009;4766;0000001000000011101110010101010100000100000;0.180586;2452;0.311087;21
32;0000001010100011110110000101110000000000000;0.356827;4845;0000011000000111010110000101010000010100000;0.157755;2142;0.307034;20
33;0000001010100011010110001101110000000000000;0.346443;4704;0000011010000011010110000001010100010000001;0.216527;2940;0.309369;23
34;0000001010100011010110001101110000000000000;0.346443;4704;0000000000000011011110000101010100100000101;0.179334;2435;0.319508;37
35;0000001010100011011110000101110000000000000;0.356754;4844;0000001000000011011110001101110000000000001;0.181838;2469;0.325666;49
36;0000001010100011011110000101110000000000000;0.356754;4844;0000001010110011010110000011110000000000000;0.238548;3239;0.333104;58
37;0000001010100011011110000101110000000000000;0.356754;4844;0000101011100010010110001101100000000000000;0.225733;3065;0.335394;66
38;0000001010100011011110000101110000000000000;0.356754;4844;0001001010000111010110001001110000000000000;0.224554;3049;0.339431;73
39;0000001010100011011110000101110000000000000;0.356754;4844;0000001000100011011110000101110100000000000;0.257844;3501;0.343895;83
40;0000001010100011011110000101110000000000000;0.356754;4844;0000001000100011010110001101110100000000000;0.247091;3355;0.341481;81
41;0000001010100011011110000101110000000000000;0.356754;4844;0000001010100011010110001100110000000100000;0.24768;3363;0.343569;80
42;0000001010100011011110000101110000000000000;0.356754;4844;0000001000100011011110001101110000000000000;0.271616;3688;0.346885;82
43;0000001010100011011110000101110000000000000;0.356754;4844;0000001011100011010110001101100000000000000;0.266608;3620;0.352408;90
44;0000001010100011011110000101110000000000000;0.356754;4844;0000001010100001011110000101111000000000000;0.265208;3601;0.353909;93
45;0000001010100011011110000101110000000000000;0.356754;4844;0000001010100011011110000111100000000000000;0.280306;3806;0.355386;96
46;0000001010100011011110000101110000000000000;0.356754;4844;0000001010100011010110000111110000000000000;0.335543;4556;0.356542;99
47;0000001010100011110110000101110000000000000;0.356827;4845;0010001010100001011110000101110000000000000;0.265945;3611;0.353645;94
48;0000001010100011110110000101110000000000000;0.356827;4845;0000001010000011011110000101110010000000000;0.323096;4387;0.355957;96
49;0000001010100011110110000101110000000000000;0.356827;4845;0000001000100011011110000101110001000000000;0.258138;3505;0.354096;95
50;0000001010100011011110000101110000000000000;0.356754;4844;0000001010100001011110000101110010000000000;0.264177;3587;0.353511;93
=============================================
geração;melhor;fitness;cobertura;pior;fitness;cobertura;média;ind_repetidos
0;0010000010000011000000100101110001110000100;0.178819;2428;0011100100100100100000000010001010101000010;0.00051554;7;0.0424149;1
1;0010000010000011000000100101110001110000100;0.178819;2428;1010010001000110000000010100000001101000011;0.00184121;25;0.0555811;1
2;0100100011000010010110010001011000000100000;0.17845;2423;1101001000010000000010001100100001111000000;0.00589188;80;0.076632;3
3;0010000011000010001110111101000000000010000;0.215717;2929;1000100100101001000100000010111000000010100;0.000736485;10;0.103094;4
4;0000001110110000100000000111100000110100000;0.293121;3980;0010101010010000001100000011000001101000100;0.00692296;94;0.126249;1
5;0000000010000011011010110011100000000100100;0.217411;2952;0010101001000010010000100001110001100000100;0.0160554;218;0.134276;7
6;0000000010100111100000100101110001100000000;0.245176;3329;1010000010100001010000001110100001001000100;0.0334364;454;0.151539;4
7;0000001110100010001110100001010000010100000;0.272279;3697;0010010010000001011000010011100000010100100;0.0332891;452;0.159846;4
8;0000000011100010001100001111110000100000000;0.285756;3880;0000010001100110001100001001001100010100000;0.0291648;396;0.173329;4
9;0000000110100010001100001111110000100000000;0.298277;4050;0000000110100000001110110010010100101000000;0.0985418;1338;0.189743;8
10;0000001010100010001100001111110000100000000;0.30218;4103;0010000010001001000010010011100001000100101;0.0598763;813;0.202137;4
11;0000001010100010001100001111110000100000000;0.30218;4103;0000000011100000001100001101100001001110000;0.0674621;916;0.206956;7
12;0000001010100010001100001111110000100000000;0.30218;4103;0000000000000110011111010011110000000100000;0.110178;1496;0.21871;7
13;0000001110100011011010010011010000000000000;0.314553;4271;0000100000000010011110000111100000000110100;0.104507;1419;0.231199;13
14;0000000110100010001100001111110000100000000;0.298277;4050;0000101000000011011001000101110000000110000;0.101488;1378;0.230011;7
15;0000001010100010001110100101110001000000000;0.307409;4174;0010001110100010011000110000010000100000001;0.133009;1806;0.235385;5
16;0000000010100011101110000101110000000100000;0.307335;4173;0000000000100010001010010111111000001001000;0.0947857;1287;0.237648;7
17;0010000110100011010010000101010100100000000;0.313669;4259;0001000110100001011001110001010000000100000;0.120931;1642;0.238304;5
18;0000000010100011010011000101010000110010000;0.301591;4095;0100000000100010010100001101010110100010000;0.0841803;1143;0.239342;8
19;0000000110100011010011000101010000110000000;0.321402;4364;0010000110100001010100001101000010100100000;0.0816762;1109;0.250817;13
20;0000001110100010000000001101010110110000000;0.472014;6409;1000000111100110000100001000011000001000001;0.128738;1748;0.263745;18
21;0000000110100010010000001111010100110000000;0.408823;5551;1000000110100010010100001001010010110000000;0.152821;2075;0.266877;15
22;0000001110100010010000001100010100110100000;0.399028;5418;0000000101000010001010001111010100100000100;0.116733;1585;0.266539;17
23;0000001110100010011100000110010000110000000;0.438283;5951;0000101000000010011110001101000100100100000;0.116586;1583;0.270284;16
24;0000000010100011010110100111010000100000000;0.323538;4393;0100000100100110001110001100010000110000000;0.0977316;1327;0.271411;18
25;0000000110100011010010001111010000100000000;0.331934;4507;1001000101100000000010001101010100110000000;0.122625;1665;0.272037;22
26;0000001110100010010000000101010100110010000;0.477464;6483;0000001110101100010000001111010000100000000;0.166888;2266;0.279047;12
27;0000001110100110010000000101010100110000000;0.481956;6544;0000000110100000010000001111011000110100000;0.165046;2241;0.293883;17
28;0000001110100010010000000101010100110010000;0.477464;6483;0000000110100010001110001100010000110000001;0.188319;2557;0.29473;21
29;0000001110101010010000000101010100110000000;0.476138;6465;0000000110100010010011000001010010110010000;0.170054;2309;0.302025;27
30;0100001110100010010000000101010100110000000;0.478937;6503;0000000010100011110011000110010100100000000;0.21417;2908;0.31358;30
31;0000001110100010010000000111010100110000000;0.516055;7007;0000000000110011010010001111010000110000000;0.191707;2603;0.317075;30
32;0000000010100011011010001111010000010000000;0.351745;4776;0000000000100011011010001101010000110000001;0.206437;2803;0.315158;33
33;0000000010100011011010001111010000010000000;0.351745;4776;0000000110100000010110010101010100100010000;0.204154;2772;0.320667;41
34;0000000010100011011010001111010000010000000;0.351745;4776;0000000010100000011010001111010000110001000;0.196715;2671;0.325082;41
35;0000000010100011011010001111010000010000000;0.351745;4776;0000000010100011001011001101000000110000100;0.230741;3133;0.323724;38
36;0000000010100011011010001111010000010000000;0.351745;4776;0000000000100011011010001111010000011000000;0.211666;2874;0.325779;46
37;0000000010100011011010001111010000010000000;0.351745;4776;0000000110000011011010001110010000010010000;0.237811;3229;0.335866;62
38;0000000010100011011010001111010000010000000;0.351745;4776;0010000111100011011010000101000000100000000;0.235307;3195;0.333516;67
39;0000000010100011011010001111010000010000000;0.351745;4776;0000000010100011011010001011010100100000000;0.251878;3420;0.342026;82
40;0000000010100011011010001111010000010000000;0.351745;4776;0000000010100011011010001111000001100000000;0.256665;3485;0.342976;82
41;0000001010100011001010001111010000010000000;0.354691;4816;0000000000100011011010001111010000110000000;0.216895;2945;0.345019;86
42;0000001010100011001010001111010000010000000;0.354691;4816;0000000010100001011010001111010000011000000;0.260421;3536;0.346489;89
43;0000001010100011001010001111010000010000000;0.354691;4816;0000000010101011011010001110010000010000000;0.25394;3448;0.346535;87
44;0000001010100011001010001111010000010000000;0.354691;4816;0000001010100011001010001011010100010000000;0.236927;3217;0.346944;84
45;0000001010100011001010001111010000010000000;0.354691;4816;0000000010100011011010001011010000010000001;0.243924;3312;0.345673;81
46;0000001010100011001010001111010000010000000;0.354691;4816;0010001010100011001010001011010000010000000;0.227721;3092;0.340468;78
47;0000001010100011001010001111010000010000000;0.354691;4816;0000000110100011001010001011010000000011000;0.22264;3023;0.342955;77
48;0000001010100011001010001111010000010000000;0.354691;4816;0000001010100011001010001111000000010000100;0.237885;3230;0.346526;86
49;0000001010100011001010001111010000010000000;0.354691;4816;0000001010100011011010001110010000010000000;0.260937;3543;0.351574;94
50;0000001010100011001010001111010000010000000;0.354691;4816;0000001010110011001010001111000000010000000;0.23899;3245;0.351045;94
=============================================
