geração;melhor;fitness;cobertura;pior;fitness;cobertura;média;ind_repetidos
0;0000011000100001001010100101000010100000110;0.889454;12077;0001000000000000000000001000101011110101111;0.176315;2394;0.530686;1
1;0000011000100001001010001110011000000011000;0.898586;12201;0111000000010000010000100000001011100010101;0.181102;2459;0.612602;2
2;0010000110100000110000000100100000110110100;0.918103;12466;1011000000000000000001100100001001011111000;0.262042;3558;0.697779;3
3;0010000110100000110000000100100000110110100;0.918103;12466;0010000000000001011000100010000101001100111;0.331345;4499;0.762224;1
4;0010100110100000110000000100100000110010100;0.921417;12511;0010100000010111010010000100000010100000110;0.48122;6534;0.795145;1
5;0010100010100010010010000100100000110010100;0.911622;12378;0010101000100100110000000000100000110011100;0.586832;7968;0.817007;2
6;0010000110100000010100000111000001010010100;0.91361;12405;1000010000000010000001110100001000101100011;0.384224;5217;0.832854;3
7;0000101011000001010000010111000000010010100;0.927088;12588;0001010010010010010001111000001100000000100;0.469141;6370;0.855252;7
8;0000011010100000000010001100001100100011100;0.94933;12890;0101100010000000010000111000001100010010001;0.679702;9229;0.866063;1
9;0100011010100000000010011100000100010011000;0.951834;12924;0000001000111001000010010100100011100000100;0.768817;10439;0.880688;3
10;0000011010100000000001110111000000010010100;0.952718;12936;0000101001000000010000010111000000010110110;0.703344;9550;0.886365;6
11;0000011010100010000010001101000100010010100;0.95559;12975;0000011000000000010001110101110001011000000;0.698262;9481;0.893847;4
12;0000011010100001001010001100000100010010100;0.959493;13028;0000100010100010000001110100000011100010001;0.765798;10398;0.899743;5
13;0000011010100001001010001100000100010010100;0.959493;13028;0000100001000001010000011101100000010011100;0.490205;6656;0.9003;3
14;0000011010100000000010001110010100010010100;0.956768;12991;0001110000000010000000001101001100100110100;0.816836;11091;0.910541;4
15;0000011010100000100010001100000100010110100;0.969583;13165;0010011000010000100010001100000100010110100;0.790617;10735;0.914657;5
16;0000011110100000000010001100000100010110100;0.968405;13149;0000001100100000001010001100100010100011100;0.808661;10980;0.920689;4
17;0000011010100000010010001100100000010110100;0.969215;13160;0110000110010000000000000101001100010011100;0.794447;10787;0.92693;9
18;0000011010100000000010001100100100010110100;0.972824;13209;0000011100100100000000011101001000010010010;0.768523;10435;0.9305;5
19;0000011110100000000010001100100000010110100;0.972308;13202;0000011000100000010001101000001100010011100;0.667477;9063;0.933157;9
20;0000011010100000010010001100100000010110100;0.969215;13160;0000011000100100001011000101000100110010000;0.845264;11477;0.9443;9
21;0000011010100000010010001100100000010110100;0.969215;13160;0000000010100010100010001100001001100011010;0.847106;11502;0.939884;4
22;0000011010100000010010001100100000010110100;0.969215;13160;1000001110100000010011001000000001100010100;0.833849;11322;0.942189;11
23;0000011110100000000010001110000000010110100;0.973487;13218;1000001100110000000011001110000000010010100;0.837163;11367;0.946225;16
24;0000011110100000000010001110000000010110100;0.973487;13218;0000010100100000010010001100000101010101100;0.847842;11512;0.947914;11
25;0000011110100000000010001110000000010110100;0.973487;13218;0000010110000100110010001000100001010010100;0.773531;10503;0.950082;15
26;0000011110100000000010001100100000010110100;0.972308;13202;0000011100100000000011001100000100011010100;0.868169;11788;0.952357;17
27;0000011110100000000010001100100000010110100;0.972308;13202;0000011100100000010010001100001010010010100;0.861393;11696;0.955023;21
28;0000011110100000000010001100100000010110100;0.972308;13202;0000011100100000100011001100100000010110000;0.872072;11841;0.955551;18
29;0000011110100000000010001100100000011010100;0.973118;13213;0000011110100000010010001000100010010100100;0.886802;12041;0.959063;25
30;0000011110100000000010001110000000010110100;0.973487;13218;0000011110100010000010001000000100010110100;0.899985;12220;0.960807;32
31;0000011110100000000010001100100000010110100;0.972308;13202;0000011011110010000010001100000000000110100;0.90654;12309;0.963172;39
32;0000011110100000000010001100100000011010100;0.973118;13213;1000011110100000000010001000100000010110100;0.882972;11989;0.965408;52
33;0000011110100000000010001100100000011010100;0.973118;13213;0010011000100000000010001100100000011110100;0.857932;11649;0.963975;46
34;0000011110100000000010001100100000011010100;0.973118;13213;0000011110001000001010001100100000010100100;0.908234;12332;0.964697;44
35;0000011110100000000010001110000000010110100;0.973487;13218;0000011100100000000010101100100000010110100;0.870084;11814;0.962691;52
36;0000011110100000000010001110000000010110100;0.973487;13218;0000011100100000000010001100100000011110100;0.871189;11829;0.962942;56
37;0000011110100000000010001110000000010110100;0.973487;13218;0000011100100000000010001100100100010110100;0.875976;11894;0.966754;64
38;0000011110100000000010001110000000010110100;0.973487;13218;0001011010100000100000000100100000010110101;0.867433;11778;0.966298;69
39;0000011110100000000010001110000000010110100;0.973487;13218;1000001110100000000010001010000001010110100;0.871852;11838;0.966713;74
40;0000011110100000000010001110000000010110100;0.973487;13218;0000001110100000000010000110100000011110100;0.919281;12482;0.969839;81
41;0000011110100000000010001110000000011010100;0.973928;13224;0000011110100000000001001100100000010110100;0.928929;12613;0.968824;78
42;0000011110100000000010001110000000010110100;0.973487;13218;0000011100100000000010001101100000010110100;0.872588;11848;0.966469;77
43;0000001110100000100010001110000000010110100;0.97356;13219;0000001100100000100010001100100010011010100;0.874061;11868;0.96476;70
44;0000001110100000100010001110000000011010100;0.974002;13225;0001011010100000100010001000100000010110100;0.89321;12128;0.967107;77
45;0000001110100000100010001110000000011010100;0.974002;13225;0010011100100000100010001010000000010110100;0.818825;11118;0.968142;79
46;0000001110100000100010001110000000011010100;0.974002;13225;0000001110100000100010100100100000011010100;0.924142;12548;0.971525;88
47;0000001110100000100010001110000000011010100;0.974002;13225;0000011110100000100010001010000000011010100;0.910738;12366;0.97033;84
48;0000001110100000100010001110000000011010100;0.974002;13225;0000011110100000100010001000100000011010100;0.902784;12258;0.970414;82
49;0000001110100000100010001110000000011010100;0.974002;13225;0000011100100000100010001110000000011010100;0.894093;12140;0.970987;84
50;0000001110100000100010001110000000011010100;0.974002;13225;0000001100100000100010001100101000011010100;0.874797;11878;0.971206;89
=============================================
geração;melhor;fitness;cobertura;pior;fitness;cobertura;média;ind_repetidos
0;0000011010100001101000010001010000001100100;0.900353;12225;0110000000010000000000100010111010101001001;0.143836;1953;0.509314;1
1;1010010110010000001010000100000001010001010;0.865591;11753;0101000000010000000001010011000111000110001;0.179555;2438;0.558473;3
2;0000011010100001101000010100000001010001010;0.927014;12587;0101000000010000010100000000101101100000111;0.201502;2736;0.670553;6
3;0000011010100000001010100100010001010001010;0.94771;12868;0100000001010100010001101010000000001100011;0.249079;3382;0.723846;1
4;0010011010100000001010100100010001000001010;0.921933;12518;0010010000010000001010000000001100010011111;0.273604;3715;0.766148;3
5;0000011010100010000000111001000000010001011;0.911106;12371;0100100000010010000000110100101101000100100;0.38555;5235;0.77966;3
6;0000011010000010000000111101100000000110100;0.935631;12704;1000100010100000101100010000000010001101001;0.464649;6309;0.829593;6
7;0000011010000010000000111101100000000110100;0.935631;12704;0010100000011010000000111001000000010001011;0.423847;5755;0.820963;2
8;0000011011100000001010110100000100010010000;0.938356;12741;0010000000110100010010100101001001000100010;0.49919;6778;0.847386;3
9;0000001010100000100010000111010001010011000;0.944322;12822;0010001010010001101000010000000101010101000;0.708646;9622;0.865738;3
10;0000011010000010000000111101100000000111000;0.93681;12720;0000111010001010000100111001010000000010000;0.609589;8277;0.871532;5
11;0000011010100000100010000111000001010010100;0.957873;13006;0000011010010010001001110000010000000111000;0.593607;8060;0.87288;5
12;0000011010100000100010000111000001010011000;0.95861;13016;0010011000010011000001010101100001000100000;0.570113;7741;0.880813;3
13;0000011010100000100010000111000001010011000;0.95861;13016;0000111000000100101100100100000101010001000;0.703786;9556;0.890745;4
14;0000011010100000100010000111000001010011000;0.95861;13016;0000011001100000100000010011010101000000011;0.683459;9280;0.897372;7
15;0000011010100000100010000111000001010011000;0.95861;13016;0000011010000011001010010000000100010111000;0.770217;10458;0.914099;13
16;0000011010100000100010000111000001010011000;0.95861;13016;0000111100110000001010100111000000010000000;0.833849;11322;0.922929;7
17;0000001010100000110010000111000000010111000;0.960303;13039;0000001110100100001010100000010001011000001;0.868979;11799;0.930117;14
18;0000011010100010000010000111000000010111000;0.968847;13155;1000111010100000100010000000000001110101000;0.843644;11455;0.938034;23
19;0000011010100000000010010111000000011010100;0.966932;13129;0100011000100000101000110100000001010010100;0.836058;11352;0.94297;24
20;0000011010100000100010000111000000011011000;0.970393;13176;0000011001101000100010000111000000010011000;0.869863;11811;0.946235;27
21;0000011010100000000010010111000000011011000;0.967595;13138;0000101100101000000010000111010000000011100;0.795552;10802;0.951369;43
22;0000011010100000100010000111000000011010100;0.969878;13169;0000111000000000100010100111000000011010100;0.804316;10921;0.953362;36
23;0000011010100000100010000111000000011011000;0.970393;13176;0000011010100000100010000100000001011011100;0.92289;12531;0.959302;43
24;0000011010100000100010000111000000011011000;0.970393;13176;0000011010100000101010010100000000001011100;0.90573;12298;0.959487;38
25;0000011010100000000010000111100000011010100;0.973413;13217;0000011000100000000010010111000000011111000;0.866254;11762;0.959723;34
26;0000011010100000001010000111000000011011000;0.974223;13228;0000011000100000001010000111100000011011000;0.867359;11777;0.958811;40
27;0000011010100000001010000111000000011011000;0.974223;13228;0000011000100000001010000111100000011011000;0.867359;11777;0.961456;41
28;0000011010100000001010000111000000011011000;0.974223;13228;0000001010100000000010010111010000011010100;0.929739;12624;0.966256;49
29;0000011010100000001010000111000000011011000;0.974223;13228;0000011000100000100010000111100000011011000;0.885697;12026;0.966678;62
30;0000011010100000001010000111000000011011000;0.974223;13228;0000011010000000001010000111000000011011100;0.927456;12593;0.967717;62
31;0000011010100000001010000111000000011011000;0.974223;13228;0000011010100010100000000111000000011011000;0.938577;12744;0.969796;66
32;0000011010100000001010000111000000011011000;0.974223;13228;0000010010100000000010010111000001011011000;0.924437;12552;0.969594;69
33;0000011110100000000010001110000000011011000;0.974444;13231;1000011010100000001011000111000000010000100;0.932538;12662;0.970074;76
34;0000011110100000000010001110000000011011000;0.974444;13231;0000010010100010001010000111000000011011000;0.933495;12675;0.971975;82
35;0000011110100000000010001110000000011011000;0.974444;13231;1000010010100000001010000111000000011010100;0.930623;12636;0.971413;82
36;0000011110100000000010001110000000011011000;0.974444;13231;1000011010000000001010000111000000011011000;0.923921;12545;0.972017;88
37;0000011010100000001010000111000000011011000;0.974223;13228;0010011000100000001010000111000000011011000;0.864192;11734;0.970493;80
38;0000011010100000001010000111000000011011000;0.974223;13228;0000011000100000001010000111010000011011000;0.863235;11721;0.971749;90
39;0000011010100000001010000111000000011011000;0.974223;13228;0000011010000010001010000111000000011011000;0.947783;12869;0.973958;99
40;0000011010100000001010000111000000011011000;0.974223;13228;0000011000100000001010000111000000011011010;0.868095;11787;0.970854;92
41;0000011010100000001010000111000000011011000;0.974223;13228;0000011011000000001010000111000000011011000;0.938356;12741;0.972828;93
42;0000011010100000001010000111000000011011000;0.974223;13228;0000001010100000001011000111000000011011000;0.949698;12895;0.973502;95
43;0000011010100000001010000111000000011011000;0.974223;13228;0000011010101000001000000111000000011011000;0.933201;12671;0.97326;96
44;0000011010100000001010000111000000011011000;0.974223;13228;0000010011100000001010000111000000011011000;0.930476;12634;0.973036;95
45;0000011010100000001010000111000000011011000;0.974223;13228;0000011010100000001010000111100000011010000;0.951097;12914;0.97378;98
46;0000011010100000001010000111000000011011000;0.974223;13228;0000011000100000001010000111000000011011010;0.868095;11787;0.972377;93
47;0000011010100000001010000111000000011011000;0.974223;13228;0000011000100000001010000111000010011011000;0.863971;11731;0.971938;93
48;0000011010100000001010000111000000011011000;0.974223;13228;0000011000100000001010010111000000011011000;0.87465;11876;0.972855;96
49;0000011010100000001010000111000000011011000;0.974223;13228;0000011010100000001110000111000000011001000;0.95257;12934;0.973763;97
50;0000011010100000001010000111000000011011000;0.974223;13228;0000011010100000001010000111100000011001000;0.956695;12990;0.973925;97
=============================================
geração;melhor;fitness;cobertura;pior;fitness;cobertura;média;ind_repetidos
0;0000101011000100000010000110001101000000110;0.856754;11633;0110000000000000000001110000111101101000001;0.17602;2390;0.510768;1
1;0000101011000110000010000110011100000000100;0.891589;12106;1011000101000001000001001000100100000010110;0.237517;3225;0.591638;2
2;0000011110000010011010011110000000100000000;0.913242;12400;0010000000010000000101011000001001110010011;0.221977;3014;0.660466;4
3;0000001110000010011010010110000000100010010;0.920533;12499;0100000001001001001001000000101001010101010;0.247533;3361;0.721812;3
4;0000001110000010011010010110000000100010010;0.920533;12499;0001100001000100000010000111101000000001110;0.386434;5247;0.758163;2
5;0000011010100001001010011110001000100000000;0.929076;12615;0100001001000001000000001001011111000100010;0.308882;4194;0.798532;2
6;0000011010100001001010011100000000100010001;0.914126;12412;0010000100100101101000010000000000101001110;0.582707;7912;0.824794;3
7;0000001110000010101000010100100000011001010;0.934011;12682;0000001010000010011010011000011000001001010;0.572176;7769;0.852798;2
8;0000001010100010101000110110000000100010100;0.935484;12702;0101000110000000000011000000110101010000110;0.737517;10014;0.862962;2
9;0000001010100010101000110110000000100010100;0.935484;12702;1100000010000010001001010110000100010001001;0.80218;10892;0.881258;4
10;1000001010100010010010001100001000011001000;0.938503;12743;0001100010101000001010011000001000100010010;0.729489;9905;0.884364;2
11;0000001010100001001010001110001000010101000;0.940271;12767;0000001100101000010100001110001101000001000;0.689129;9357;0.892964;10
12;0001101010100110000010001100000000111000000;0.937546;12730;0000001100000001101010001111000100110000000;0.818604;11115;0.89727;6
13;0000001010100001011010001100000000110010100;0.948004;12872;0001101010000010001010001010001000010100001;0.768965;10441;0.896874;3
14;0000011010100010000010001100000100010101010;0.969068;13158;0000001000100001101010001110010010010000100;0.847768;11511;0.903372;2
15;0000011010100001000010001100000110010101000;0.958168;13010;0000001010100101001010010010000101000010010;0.832891;11309;0.907048;1
16;0000011010100000101010001100000100010101000;0.956916;12993;0001101000010001000010001110000101010010000;0.818088;11108;0.914906;5
17;0000011010100001100010001100000000010101100;0.965827;13114;0001101010110101100000001000001100000001000;0.7725;10489;0.921993;11
18;0000011010100001100010001100000000010101100;0.965827;13114;0000011000100001100010001010001000011101000;0.751289;10201;0.926829;8
19;0000011010100001100010001100000000010111000;0.963912;13088;0000111000100101001000001010000100010001010;0.783989;10645;0.930147;6
20;0000011010100001001010001100000000010111000;0.96811;13145;0000011000100001001000011010000100010111000;0.812343;11030;0.938672;13
21;0000011010100001000010001110000000010111000;0.971645;13193;0000011010000010001010001010000000110101001;0.827147;11231;0.943784;14
22;0000011010100001000010001110000000010111000;0.971645;13193;0001001000100001010010001100100100010001010;0.884593;12011;0.948936;20
23;0000011010100001000010001110000000010111000;0.971645;13193;0000011010100000001000110010001000010101001;0.868464;11792;0.952029;35
24;0000011010100000000010011110000000010111000;0.971793;13195;0000011001100000110110001100000000010101000;0.866696;11768;0.955669;27
25;0000011010100001000010001100100000010101100;0.973928;13224;0000011010100001000110001100100000000101100;0.912358;12388;0.957584;20
26;0000011010100001000010001100100000010101010;0.973413;13217;0000011010110001000010101000000000010101010;0.879143;11937;0.958828;24
27;0000011010100000001010001100000100010111000;0.972529;13205;1000011010100011000010001000000000010101100;0.879732;11945;0.960476;28
28;0000011010100000001010001100000100010111000;0.972529;13205;1000011010100001100010001000000000010111000;0.885477;12023;0.961713;32
29;0000011010100000000010001110100000010111000;0.972234;13201;0000110010100011000010000100001000010111000;0.88717;12046;0.96577;45
30;0000011010100001000010001110000000010101100;0.97356;13219;0000011010100001000010001000100000010111010;0.890558;12092;0.964412;41
31;0000011010100001000010001110000000010101100;0.97356;13219;0100011010100000000011001010000000010101100;0.896671;12175;0.965708;40
32;0000011010100001000010001110000000010101100;0.97356;13219;0000011000100001000010001110001000010111000;0.924216;12549;0.96874;46
33;0000011010100001000010001100100000010101100;0.973928;13224;0000111010100010000010001010000000010111000;0.893578;12133;0.966453;49
34;0000011010100001000010001100100000010101100;0.973928;13224;0000010010100010000010011110000000010110100;0.929371;12619;0.96753;51
35;0000011010100001000010001100100000010101100;0.973928;13224;0000011010000001000010001110000000010111001;0.936736;12719;0.969683;63
36;0000011010100001000010001100100000010101100;0.973928;13224;0000001010100001000010011010001000010111000;0.87627;11898;0.968921;72
37;0000011010100001000010001100100000010101100;0.973928;13224;0000010010100001000010001110000000010111100;0.932464;12661;0.970115;76
38;0000011010100001000010001100100000010101100;0.973928;13224;0000011010100001000010001010100000010101100;0.908234;12332;0.969351;76
39;0000011010100001000010001100100000010101100;0.973928;13224;0100011010100000000010001010000000010111100;0.897997;12193;0.970096;82
40;0000011010100001000010001100100000010101100;0.973928;13224;0000011010100001000110001010000000010111000;0.908381;12334;0.971595;86
41;0000011010100001000010001100100000010101100;0.973928;13224;0000011010100101000010001010000000010101100;0.901016;12234;0.970939;90
42;0000011010100001000010001100100000010101100;0.973928;13224;0000011010100001001010001010000000010101100;0.920901;12504;0.972552;93
43;0000011010100001000010001100100000010101100;0.973928;13224;0000010010100001000010001110100000010101100;0.937693;12732;0.972803;94
44;0000011010100001000010001100100000010101100;0.973928;13224;0000011110100001000010001100100000000101100;0.917293;12455;0.971997;95
45;0000011010100001000010001100100000010101100;0.973928;13224;0010011010000001000010001110000000010101100;0.938503;12743;0.97154;86
46;0000011010100001000010001100100000010101100;0.973928;13224;0000111010100001000010001100100000000101100;0.909633;12351;0.971486;93
47;0000011010100001000010001100100000010101100;0.973928;13224;0000011000100001000010001100101000010101100;0.925689;12569;0.972657;95
48;0000011010100001000010001100100000010101100;0.973928;13224;0000011110100001000010001100100000000101100;0.917293;12455;0.972957;95
49;0000011010100001000010001100100000010101100;0.973928;13224;0010011000100001000010001100100000010101100;0.924363;12551;0.97329;97
50;0000011010100001000010001100100000010101100;0.973928;13224;0000011010100001000010000100100010010101100;0.927603;12595;0.973216;98
=============================================
geração;melhor;fitness;cobertura;pior;fitness;cobertura;média;ind_repetidos
0;0001101010100010000001000101000000100011100;0.883635;11998;0101000000010000000000110010011111000000101;0.15503;2105;0.542291;1
1;0000011010010001001001010100001010010010000;0.900353;12225;0001000000010000000001010011100001001110101;0.225365;3060;0.643956;1
2;0010001110010010000100110101000000010000010;0.886066;12031;0010000000010000000000100101110100000101111;0.311091;4224;0.715075;1
3;0000001011100001001000000100000010110011010;0.904183;12277;1100001000001000001100110000011100000001001;0.31551;4284;0.765989;4
4;0000001110110010000100110101000000010000010;0.890706;12094;1010001000011010010001100000010000101000001;0.440713;5984;0.803119;5
5;0000010110100000010001100100010000110011000;0.930623;12636;0000000000000011100110111100000010011000100;0.501768;6813;0.823586;2
6;0000010110100000010001100100010000110011000;0.930623;12636;0100000000100000010000010111010010011010100;0.675357;9170;0.843802;6
7;0000001110000001010000110101000000110011000;0.930328;12632;0001010100000100010010001100100000111000100;0.718294;9753;0.860537;2
8;1000001010100000110010001100000000110011000;0.950655;12908;0101100011100000000100010001010100001001000;0.795036;10795;0.877097;1
9;0000011010100000000110010100010000111000100;0.943291;12808;0110010011100000000010000000010000110011010;0.786198;10675;0.886916;3
10;0100001010100010100010001100000000110011000;0.94852;12879;0001101100100000010100000100000000111010100;0.746502;10136;0.892133;5
11;0000011010100010000110001101000000011000010;0.947857;12870;1000001000100100000110001100010010110010000;0.790617;10735;0.896418;4
12;0010001010100000110010001100000000110011000;0.953233;12943;1000001000100000000111000100010001110011000;0.792311;10758;0.902419;4
13;0000011010100010000110000111000000010011000;0.956179;12983;0001100110000010010100001000000000111100100;0.728752;9895;0.908188;1
14;0000011010100010000110000111000000010011000;0.956179;12983;0001000110100000000011110100000000010100101;0.849831;11539;0.915433;5
15;0000011010100000000010001100001000111011000;0.966858;13128;0010010000100010100110110100010000001000010;0.602519;8181;0.916926;3
16;0000001110100000011010000110000000011010010;0.959567;13029;0000110110100010000000010100001000101011000;0.851966;11568;0.924967;5
17;0000001110100000011010000110000000011010010;0.959567;13029;0100011000100000011010001110000000011010000;0.841729;11429;0.926576;7
18;0000011010100001001010001100000000110011000;0.960009;13035;0100011100000000001110000110000000011010010;0.793342;10772;0.92831;1
19;0000011010100000100110001100000000011010100;0.965017;13103;0100011100000100001110000110000000010011000;0.791354;10745;0.928018;3
20;0000011010100001001100010100000000110011000;0.958315;13012;0010010000000100100010001111001000010100100;0.733687;9962;0.929932;6
21;0000011110100000001010001100000000110011000;0.963028;13076;0100001000100000110010001101000000110011000;0.838857;11390;0.937117;4
22;0000011010100000100010001110000000010101100;0.967668;13139;1000011010000000001100010100000000110011100;0.881499;11969;0.939867;6
23;0000011010100000100010001110000000010110100;0.971203;13187;0000110100100000000010000111000000110011001;0.837752;11375;0.939614;13
24;0000011010100000100010001110000000010111000;0.971719;13194;0000011100100000001010001101000000110010100;0.862866;11716;0.944928;6
25;0000011010100000100010001110000000010111000;0.971719;13194;0000011000100000001110001110010000110010000;0.822433;11167;0.947117;12
26;0000011010100000100010001110000000011011000;0.972161;13200;0000011000100000111100001100000000110011000;0.760274;10323;0.94641;5
27;0000011010100000100010001110000000011011000;0.972161;13200;0000011000100000010010001110000100010100101;0.849683;11537;0.951577;10
28;0000011010100000100010001110000000011011000;0.972161;13200;0000011000100000011010001000011000011011000;0.819487;11127;0.954476;24
29;0000011110100000000010001110000000011011000;0.974444;13231;0000010010100010001010000010000000010111110;0.734571;9974;0.957249;22
30;0000010110100000100010001110000000011011000;0.973928;13224;0000011000100000001111001110000000001011000;0.848579;11522;0.959347;30
31;0000011110100000000010001110000000011011000;0.974444;13231;0000011100100000110010001000000000011111000;0.831124;11285;0.961814;32
32;0000010110100000100010001110000000011011000;0.973928;13224;0000011000100000001110001110000000011011000;0.862645;11713;0.962257;34
33;0000010110100000100010001110000000011011000;0.973928;13224;0000101000100000001010001110000001011010100;0.834954;11337;0.965322;55
34;0000010110100000100010001110000000011011000;0.973928;13224;0000011000100000001010001110000000011011010;0.86537;11750;0.966052;58
35;0000010110100000100010001110000000011011000;0.973928;13224;0100011010100000001110001100000000011001000;0.94469;12827;0.970008;65
36;0000010110100000100010001110000000011011000;0.973928;13224;0000010010100000010010001110000000011011100;0.942186;12793;0.970855;74
37;0000010110100000100010001110000000011011000;0.973928;13224;0010010110100000100010001110000000011010000;0.949256;12889;0.972051;85
38;0000011110100000000010001110000000011011000;0.974444;13231;0000011000100000101010001110000000011011000;0.882531;11983;0.970312;83
39;0000011110100000000010001110000000011011000;0.974444;13231;0000011000110000100010001110000000010111000;0.887465;12050;0.96973;82
40;0000011110100000000010001110000000011011000;0.974444;13231;0000010110100001100010001010000000011011000;0.896671;12175;0.971505;89
41;0000011110100000000010001110000000011011000;0.974444;13231;0000011100100000000010011110000000011011000;0.883046;11990;0.972606;97
42;0000011110100000000010001110000000011011000;0.974444;13231;0000011100100000100010001110000000011011000;0.89483;12150;0.971683;93
43;0000011110100000000010001110000000011011000;0.974444;13231;0000010110100000100010001110000000001011001;0.949919;12898;0.973055;94
44;0000011110100000000010001110000000011011000;0.974444;13231;0000011100100001000010001110000000011011000;0.934453;12688;0.97146;88
45;0000001110100000100010001110000000011011000;0.974518;13232;0000010100100000100010101110000000011011000;0.875387;11886;0.97116;86
46;0000001110100000100010001110000000011011000;0.974518;13232;0000011110100000100010001010000000011011000;0.911254;12373;0.969834;81
47;0000001110100000100010001110000000011011000;0.974518;13232;0000010110100000100010011010000000011011000;0.899322;12211;0.969109;79
48;0000001110100000100010001110000000011011000;0.974518;13232;0000011100100000100010001110000000011011000;0.89483;12150;0.97067;83
49;0000001110100000100010001110000000011011000;0.974518;13232;0000011100100000100010001110000000011011000;0.89483;12150;0.970975;88
50;0000001110100000100010001110000000011011000;0.974518;13232;0000011110100000000011001010000000011011000;0.90897;12342;0.969999;82
=============================================
geração;melhor;fitness;cobertura;pior;fitness;cobertura;média;ind_repetidos
0;1000001111000010001010001011100000100000000;0.874945;11880;0001001100010100010001000000101011000001001;0.187583;2547;0.488917;1
1;1000001111000010001010001011100000100000000;0.874945;11880;0011001001010100010000000010001011000010001;0.186257;2529;0.574904;4
2;0000001110000011001010000011100000011000100;0.890043;12085;0101100000010000000000110000101011011001000;0.178377;2422;0.630597;1
3;0000001110000011001010010011100000011000000;0.901016;12234;0001010011011000010000000010001011000110000;0.346958;4711;0.705254;3
4;0000011010100011001000000110000110100010000;0.89866;12202;1100000000000000000000110010100001101011101;0.212992;2892;0.734756;2
5;0000101010101000001010100110010010100000000;0.905877;12300;0101000000001001000010101000101010110000010;0.312933;4249;0.766666;2
6;0000011010110000000110011101000000010010000;0.928487;12607;0000000101001101000010011001000000001001101;0.441376;5993;0.805106;1
7;0000001011100000001010111100100000011000000;0.923258;12536;0000110010010000000010001001011010101000100;0.566799;7696;0.828105;3
8;0000001011100000001010011101000000010011000;0.926646;12582;0000001101000000001010001101000010110000101;0.657608;8929;0.842405;2
9;0000011110000010001010000101000000010011100;0.93136;12646;0010001010010000000010110010010000101001010;0.755929;10264;0.863126;4
10;0000011010101000000010011100000010010011000;0.947783;12869;0011010010000010001011010101000000000010010;0.628001;8527;0.866621;4
11;0000011010101000000010011100000010010011000;0.947783;12869;1000000110000001001010010010010000101011000;0.79371;10777;0.887022;12
12;0000011010101000000010011100000010010011000;0.947783;12869;0010001000010000100010011101000000101011000;0.757181;10281;0.898134;5
13;0000011010101000000010011100000000110011000;0.951097;12914;0001001100000001001010010101000000011011000;0.830387;11275;0.907483;8
14;0000011010101000000011001100000010010011000;0.949551;12893;0000011100001000000010011100000010010011001;0.774562;10517;0.905106;3
15;0000011010100000001011011100000000010010100;0.959199;13024;0000001100000000011011011100000010010011000;0.775298;10527;0.908429;2
16;0000011010100000001011011100000000010010100;0.959199;13024;0000011000101000001000011101000000111010000;0.734423;9972;0.913126;14
17;0000011010100010001010000101000000010110100;0.963028;13076;0000011100010001001011010001000000010010100;0.821991;11161;0.924957;17
18;0000011010101000001010000101000000011011000;0.958462;13014;0000011010101001010011010000000000010011000;0.865444;11751;0.930164;12
19;0000011010100000001010000101000000111010010;0.967742;13140;0000001100000010001010010100001010011011000;0.856385;11628;0.931721;9
20;0000011010101000000010000101000000111010010;0.962071;13063;0000011010101110000001010100000000011000001;0.840404;11411;0.937567;16
21;0000011010101000001010000100100000011011000;0.962734;13072;0000011000101000001010011101000000010011000;0.854618;11604;0.939481;21
22;0000011010110000001010000110000000010111000;0.967521;13137;0010011010110010000010011000000010011000000;0.847916;11513;0.941382;17
23;0000011010100000001010001110000000010111000;0.970762;13181;0001010010101000001010000000100000011011001;0.735749;9990;0.940626;19
24;0000011010100000000010001110000001010111000;0.969215;13160;0001011000101000000010011100000010010011000;0.84578;11484;0.947674;27
25;0000011010100000100010000111000000010111000;0.970246;13174;1000011000100000000010011110000010010011000;0.857122;11638;0.950164;21
26;0000011010100000000010001110000000111010010;0.970246;13174;0000011010100010000010011000000000011011010;0.87141;11832;0.953861;32
27;0000011010100000000010001110000000111011000;0.972382;13203;0000011010100011000010011000000000010111000;0.881352;11967;0.956759;28
28;0000011010100000000010001110000000111011000;0.972382;13203;0000011010100010000010011100000000000111100;0.910664;12365;0.959255;31
29;0000011010100000000010001110000000111011000;0.972382;13203;0000011000100000001010011110000100010011000;0.859479;11670;0.959398;42
30;0000011010100000001010000111000000010111000;0.973928;13224;0000011000100000001010011011000000010111000;0.861614;11699;0.962655;50
31;0000011010100000001010000111000000010111000;0.973928;13224;0000011000100000000010001101000011010111000;0.849978;11541;0.963844;52
32;0000011110100000000010001110000000010111000;0.974002;13225;0000011000100000001010001110000000110111000;0.864339;11736;0.960937;49
33;0000011110100000000010001110000000010111000;0.974002;13225;0000011000100100100010000011000000010111100;0.834512;11331;0.966375;52
34;0000011110100000000010001110000000011011000;0.974444;13231;0000011010000000100010001110000000010111100;0.932022;12655;0.969307;58
35;0000011110100000000010001110000000011011000;0.974444;13231;0010011000100000001010000111000000010111000;0.863898;11730;0.966703;61
36;0000011110100000000010001110000000011011000;0.974444;13231;0000011000100000101010000111000000010111000;0.884961;12016;0.970384;73
37;0000011110100000000010001110000000011011000;0.974444;13231;0000011100100000000010001110000000111011000;0.875755;11891;0.969493;69
38;0000011110100000000010001110000000011011000;0.974444;13231;0000011110000000001010000111000000010111000;0.934232;12685;0.971147;67
39;0000011110100000000010001110000000011011000;0.974444;13231;0000010010110000001010000111000000010111000;0.932464;12661;0.970455;65
40;0000011110100000000010001110000000011011000;0.974444;13231;0000011100100000001010000111000000010111000;0.877596;11916;0.969222;67
41;0000011110100000000010001110000000011011000;0.974444;13231;0000011000100000001010000111000001011011000;0.864045;11732;0.969758;67
42;0000011110100000000010001110000000011011000;0.974444;13231;0000011110100000001000000111000000011011000;0.940418;12769;0.97252;76
43;0000011110100000000010001110000000011011000;0.974444;13231;0000011110100000001000000111000000011011000;0.940418;12769;0.971914;77
44;0000011110100000000010001110000000011011000;0.974444;13231;0000011000100000001110000111000000011011000;0.86537;11750;0.967732;75
45;0000011110100000000010001110000000011011000;0.974444;13231;0000011000100000011010000111000000011011000;0.8706;11821;0.969524;70
46;0000011110100000000010001110000000011011000;0.974444;13231;0000011000100000001010000111000001011011000;0.864045;11732;0.97062;78
47;0000011110100000000010001110000000011011000;0.974444;13231;0000001010100000001010001110000000111011000;0.944469;12824;0.972174;82
48;0000011110100000000010001110000000011011000;0.974444;13231;0000011100100000001010000111000000011011000;0.877891;11920;0.970022;76
49;0000011110100000000010001110000000011011000;0.974444;13231;0000011000100000001010011110000000011011000;0.871925;11839;0.969229;70
50;0000011110100000000010001110000000011011000;0.974444;13231;0000011110000000001010001110000000011011000;0.93136;12646;0.970062;69
=============================================
geração;melhor;fitness;cobertura;pior;fitness;cobertura;média;ind_repetidos
0;0000010010101000011000000011001100010101000;0.874797;11878;0010000000000000000000101000101111101100101;0.159228;2162;0.533216;1
1;0000100110100101000001001001000000110011000;0.879069;11936;0110000000000000001001000000111101101100001;0.221535;3008;0.61474;6
2;0001100110100100100000101011000000010010000;0.897997;12193;1011000000010000000100001001100111010100000;0.253498;3442;0.678652;1
3;0000011010100000101000000111010100000001010;0.924658;12555;0001110100010101000001001001010000100000001;0.39402;5350;0.756017;5
4;0000100110100001100000001100000001010110100;0.921933;12518;0010010000010000000001101100001001010110100;0.38172;5183;0.780742;3
5;0000100110100000100100100011000000110010100;0.921638;12514;0100001000000010010001001001000011100110010;0.519959;7060;0.811828;1
6;0000011010100100100000101011000000010110000;0.924731;12556;0001010000000001000001101100000001010110101;0.401753;5455;0.829593;2
7;0000011010100000010000001100000010011100110;0.940566;12771;0001000010010000010010001001011000100101001;0.532553;7231;0.842093;4
8;0000011010100000010000011001000001010110100;0.931139;12643;0001100011000001000000001000000011110110010;0.647223;8788;0.86382;8
9;0000011010100000010000001100000010011100110;0.940566;12771;0110001000100111100000000000000001110001010;0.67359;9146;0.872786;4
10;1000011010100000010000011100000000011010100;0.948814;12883;0100010000100010010000011001000001010110100;0.623509;8466;0.88178;3
11;0000011110100001000000001001000000110010110;0.938209;12739;1000001000100100100000101010000000110110100;0.668213;9073;0.885885;3
12;0000101010100000010010001100000010010100110;0.952497;12933;1000001000100100100000011001000000110010110;0.733098;9954;0.889889;2
13;0000011010100001001000011001000000110010100;0.95176;12923;0010001000100100101000001001000000110010110;0.74989;10182;0.89964;4
14;0000101010100000010010001100000001010111000;0.957505;13001;1000001010100100100000011000000011011000001;0.785094;10660;0.904653;2
15;0000011010100001001000011001000000110010100;0.95176;12923;0000011000010000100000010001100000110110101;0.656871;8919;0.901815;3
16;0000011010100100001010001001000000011000110;0.954706;12963;0000000010110011011000001000000010110011000;0.687067;9329;0.90534;1
17;0000011010100100001010001001000000011000110;0.954706;12963;0000010010100101001000001000000100110011010;0.790617;10735;0.916607;7
18;0000011010100000001010001100000000110110100;0.972308;13202;0000011000100100011100001101000000000110001;0.737296;10011;0.921341;3
19;0000011010100000101010001001000000010111000;0.960745;13045;0000000100100100011000001001000010110111000;0.676315;9183;0.926885;11
20;0000011010100000001010001011000000010111000;0.967005;13130;0000011000100000101100001001000000111000110;0.759096;10307;0.935467;12
21;0000011010100000001010001001000000110111000;0.969141;13159;0000011000100100010001001100000000110110100;0.7929;10766;0.936593;15
22;0000011010100000001010001100000000110111000;0.972824;13209;0000011000100000001010001011000010010111000;0.85204;11569;0.938545;12
23;0000011010100000001010001100000000110111000;0.972824;13209;0000010000100000101010001001010000110110100;0.806231;10947;0.942629;16
24;0000011010100000000010001011000100010111000;0.971866;13196;0000011000101000001000001011000000110111000;0.74142;10067;0.942059;10
25;0000011010100000000010001011000100010111000;0.971866;13196;0000011000100000000010001100010100101111000;0.852703;11578;0.944846;15
26;0000011010100000000010001011000100010111000;0.971866;13196;0000011000100000001011001001000010010100110;0.82317;11177;0.947242;14
27;0000011010100000000010001011000100010111000;0.971866;13196;0000011000100000101010001100000010010100110;0.872514;11847;0.946473;15
28;0000011010100000000010001011000100010111000;0.971866;13196;0000010010100010001010001000000000010111110;0.765061;10388;0.94782;19
29;0000011010100000000010001011000100010111000;0.971866;13196;0010011000100000000110001011000000010111000;0.849094;11529;0.944112;11
30;0000011010100000000010001011000100010111000;0.971866;13196;0001011000100000000110001100100000100111000;0.839814;11403;0.943799;9
31;0000011010100000000010001111000000010111000;0.971056;13185;0100011000100000000110001001000000011000111;0.805494;10937;0.948764;18
32;0000011010100000000010001111000000010111000;0.971056;13185;0000010010101001001010101000000000010111000;0.762042;10347;0.95027;18
33;0000011010100000000010001111000000010111000;0.971056;13185;0001011010100010010010001000000000011000110;0.891958;12111;0.954598;24
34;0000011010100000000010001111000000010111000;0.971056;13185;0000011000100001001010001101000000010111000;0.920681;12501;0.960388;29
35;0000011010100000000010001111000000010111000;0.971056;13185;0000011000100000000010001111000100010111000;0.863971;11731;0.963368;41
36;0000011010100000001010001100000100010111000;0.972529;13205;0001011010000100000010000011000100011000110;0.870894;11825;0.962236;46
37;0000011010100000001010001100000100010111000;0.972529;13205;0000011000100100001010000011000100010111000;0.862645;11713;0.963293;45
38;0000011010100000001010001100000100010111000;0.972529;13205;0000011010100000001010001000001000010111010;0.916262;12441;0.964512;48
39;0000011010100000001010001100000100010111000;0.972529;13205;0000010010100001001010000011000100010111000;0.912064;12384;0.965536;57
40;0000011010100000001010000111000000010111000;0.973928;13224;0000011000100000001010001111000000010111000;0.863456;11724;0.964235;60
41;0000011010100000001010000111000000010111000;0.973928;13224;1000011000100000000010001111001000010101000;0.845043;11474;0.965654;65
42;0000011010100000001010000111000000010111000;0.973928;13224;0000011000100000001010000111000100010111000;0.866696;11768;0.967234;71
43;0000011010100000001010000111000000010111000;0.973928;13224;0000011010000000001010001100000101010111000;0.923111;12534;0.968112;73
44;0000011010100000001010000111000000010111000;0.973928;13224;0000011000100000000010001111000100010111000;0.863971;11731;0.968427;77
45;0000011010100000001010000111000000010111000;0.973928;13224;0001010010100000001010001100000100010111000;0.934968;12695;0.970827;85
46;0000011010100000001010000111000000010111000;0.973928;13224;0000011000100000001010001100000100110111000;0.866107;11760;0.969889;84
47;0000011010100000001010000111000000010111000;0.973928;13224;0000011010100000001010001111000000010110000;0.949698;12895;0.972083;85
48;0000011010100000001010000111000000010111000;0.973928;13224;0000011010000000001010001111000000010111000;0.923258;12536;0.972296;91
49;0000011010100000001010000111000000010111000;0.973928;13224;0000011010000000001110000111000000010111000;0.924142;12548;0.972307;92
50;0000011010100000001010000111000000010111000;0.973928;13224;0000011010000000001110000111000000010111000;0.924142;12548;0.972875;94
=============================================
geração;melhor;fitness;cobertura;pior;fitness;cobertura;média;ind_repetidos
0;0000010010110001101110010100000000100010000;0.871041;11827;0110000000000000000001011010001101000010111;0.167624;2276;0.491156;1
1;0000000110100000001111000100101000100001010;0.879585;11943;1001000000010100000001110000001011000100110;0.174473;2369;0.599152;3
2;0000000010100000000011010110110100000111000;0.889454;12077;1010000000010000000001100011001010011100010;0.186404;2531;0.702737;3
3;0000010110100001011000011010000100010100000;0.913389;12402;1001000000000000001111000100101000100001011;0.319708;4341;0.738688;2
4;0000000110100000010001110100110100010001000;0.904331;12279;0110000000000001000001011101010010010000011;0.395566;5371;0.782374;3
5;0000001010000010100110001100000100110001010;0.89947;12213;0000110010000110000001000101110000001100001;0.562307;7635;0.812326;4
6;0000100111100000100110001100000000110000001;0.911254;12373;1001010000010010100110001100000000100100010;0.498085;6763;0.830697;2
7;0000100111100000010010100100000100100101000;0.912064;12384;0100010010000110000000111000010000100101100;0.542127;7361;0.842103;4
8;0000001110100000100110001100000000110100001;0.943733;12814;0001010010000010100110101000110000010001000;0.615481;8357;0.855985;1
9;0000010110100001001100000100010100011000010;0.932538;12662;0000010010000010100111001100010000000011010;0.65039;8831;0.867398;3
10;0000010110100000110110001100000000010100001;0.933053;12669;1001010010001010100010001000000000100110001;0.449256;6100;0.866879;1
11;0000010110100001001110001100000000010100001;0.935705;12705;1000011000100000110100001100000000110100001;0.747386;10148;0.881378;3
12;0000010110100000110110001100000000010100010;0.943585;12812;1000010010000001001100000100110001001001010;0.620121;8420;0.887679;5
13;0000010110100000110010001100001000010101000;0.951171;12915;0100100010100010100000001000000000110111001;0.717042;9736;0.896888;3
14;0000010110100000110010001100001000010101000;0.951171;12915;0001110110100000100100000000010001001001010;0.819856;11132;0.906986;6
15;0000010110100001000100001100000000111001100;0.949698;12895;0100100100101000100111001100000000010001000;0.808661;10980;0.913114;11
16;0000010110100001000100001100000100010110100;0.955811;12978;0000010101000001000011001101000000010010110;0.819708;11130;0.921816;3
17;0000011010100000100110001110000000010011000;0.957063;12995;0100000110100101001100001100000000100011000;0.870673;11822;0.924247;7
18;0000010110100000100110001110000000010011000;0.959199;13024;0000010100100000011110100100000000110011000;0.837531;11372;0.925481;10
19;0000011010100001000100011101000000010011000;0.955737;12977;0000010000100000100110001110000100110100100;0.811165;11014;0.928986;18
20;0000011010100001000100001100000100011011000;0.965091;13104;0000110100100000100000101101000100010011000;0.810576;11006;0.931576;14
21;0000011010100001000100001100000100011011000;0.965091;13104;0000010100100000000111001100000101110100000;0.808661;10980;0.933147;15
22;0000011010100001000100001100000100011011000;0.965091;13104;0000010100100000000110001100010100010101010;0.839593;11400;0.938526;23
23;0000011010100001000100001100000100011011000;0.965091;13104;0000110010101001001100000000000000110111000;0.7616;10341;0.941245;20
24;0000011010100000100010001100000100011011000;0.97113;13186;0000010110100011000101001000000100010011000;0.875239;11884;0.948203;37
25;0000011010100001000010001100000100011011000;0.970393;13176;0000011100100000100010001000000100110111000;0.861541;11698;0.95287;46
26;0000011010100000100010001100100000010111000;0.970614;13179;0000001010100011000100001100100010010110000;0.91987;12490;0.959465;64
27;0000011010100000100010001100000100011011000;0.97113;13186;0000011010100001000100001000000100011111000;0.902416;12253;0.961446;70
28;0000011010100000100010001100000100011011000;0.97113;13186;0000011010100000101000001000100100011011000;0.893136;12127;0.96231;72
29;0000011010100000000010001110000100011011000;0.972603;13206;0000011010100001000110001000000000111011000;0.910075;12357;0.963822;77
30;0000011010100000000010001110000100011011000;0.972603;13206;0000011010100000000000001101000110011011000;0.916409;12443;0.964538;72
31;0000011010100000000010001110000100011011000;0.972603;13206;0000011000100001100010001100000100011011000;0.921343;12510;0.96701;80
32;0000011010100000000010001100100100010111000;0.973339;13216;0000011010000001000010101100000100011011000;0.934453;12688;0.967729;77
33;0000011010100000000010001100100100010111000;0.973339;13216;0000011010100001100010001000000100011011000;0.902342;12252;0.967321;69
34;0000011110100000000010001110000000011011000;0.974444;13231;0000011001100000100010001100100000011011000;0.887612;12052;0.96632;63
35;0000011010100000000010001100100100011011000;0.973781;13222;0000011010100001000000001100110000111010000;0.924142;12548;0.968391;68
36;0000011010100000000010001100100100011011000;0.973781;13222;0000011010100001000010001000100000010111100;0.890779;12095;0.968736;75
37;0000011010100000000010001100100100011011000;0.973781;13222;0100010010100001000010001100100000011011000;0.923037;12533;0.968174;67
38;0000011010100000000010001100100100011011000;0.973781;13222;0000010010100001000010001110000100011011000;0.930844;12639;0.970073;73
39;0000011010100000000010001100100100011011000;0.973781;13222;0000011100100000000010001100100100010111000;0.876712;11904;0.967755;69
40;0000011010100000000010001100100100011011000;0.973781;13222;0000010110100000000000001100101100011011000;0.893283;12129;0.969732;75
41;0000011010100000000010001100100100011011000;0.973781;13222;0000011100100000000010001100100100011011000;0.877154;11910;0.968019;76
42;0000011010100000000010001100100100011011000;0.973781;13222;0000011100100000000010001100100100011011000;0.877154;11910;0.970528;83
43;0000011010100000000010001100100100011011000;0.973781;13222;0000011110100000000010001000100100011011000;0.905509;12295;0.969267;82
44;0000011010100000000010001100100100011011000;0.973781;13222;0000011100100000000010001100100100011011000;0.877154;11910;0.969487;82
45;0000011010100000000010001100100100011011000;0.973781;13222;0000011000100000000010011100100100011011000;0.874356;11872;0.972031;92
46;0000011010100000000010001100100100011011000;0.973781;13222;0010011010100000000010001000100100011011000;0.897187;12182;0.972323;96
47;0000011010100000000010001100100100011011000;0.973781;13222;0000011010100000000010010100100100011011000;0.939976;12763;0.972397;93
48;0000011010100000000010001100100100011011000;0.973781;13222;0000001010101000000010001100100100011011000;0.94307;12805;0.972984;97
49;0000011010100000000010001100100100011011000;0.973781;13222;0000010010100000000010001100100100011111000;0.929887;12626;0.972813;96
50;0000011010100000000010001100100100011011000;0.973781;13222;0000010010100000001010001100100100011011000;0.92996;12627;0.971585;91
=============================================
geração;melhor;fitness;cobertura;pior;fitness;cobertura;média;ind_repetidos
0;0000110110110100000000001100000001001001100;0.86213;11706;0110000000010000000000110000110110100000111;0.168655;2290;0.537783;1
1;0001010010100100001000100101100000010110000;0.880616;11957;1000010000110100001000000000101001010011010;0.268302;3643;0.61123;2
2;0001010010100100001000100101100000010110000;0.880616;11957;0001000000010000000001001100111001100000111;0.346664;4707;0.680735;3
3;0000110110100101010100000100001000011000000;0.900353;12225;0100000000010001001010000001011000110000111;0.460893;6258;0.736438;1
4;0001011100100001110010001001000000010001000;0.881426;11968;0100110000000010000100011001101100100010000;0.451613;6132;0.772927;5
5;0000011000100010001000001110010000001100110;0.923774;12543;0000000001011010000110000010100101001100100;0.389085;5283;0.799304;1
6;0000011000100010001000001110010000010100110;0.926351;12578;0001000011000010000100011000100101001001010;0.435189;5909;0.809973;3
7;0000101010000011010000100101000000110001010;0.905509;12295;0100010010010000000101101000000101001001100;0.436957;5933;0.822725;4
8;0001010010100110100010001100000100011000000;0.923111;12534;0000111000000011110000100101000001000010100;0.606496;8235;0.839887;2
9;0010010010100001000010001110000100001010100;0.925541;12567;0001010010011011100010001000000000010000110;0.477611;6485;0.848376;4
10;0001011010110001000010001100000000011000100;0.945132;12833;0001010010101000000010001000100100110001010;0.790617;10735;0.875957;4
11;0001011010110001000010001100000000011000100;0.945132;12833;0001010010100100000010000000000110010101110;0.688393;9347;0.878548;2
12;0001011010110001000010001100000000011000100;0.945132;12833;1000110010000000100101011000000100001010100;0.481293;6535;0.886609;4
13;0000010110100001000010001110010000011000100;0.937325;12727;0010001010001001000010001000000100010101110;0.73597;9993;0.896052;5
14;0000110110100001000010001100000000111000100;0.949845;12897;0101010010100000000110001000000101001010010;0.727058;9872;0.900417;3
15;0000011010100001000010000111000100001010100;0.961114;13050;0011010010100001010011000000000100011000010;0.722934;9816;0.904634;7
16;0000010110100000110010001100000000011010100;0.964501;13096;0000010100000001000110001110010100010000110;0.813816;11050;0.915084;10
17;0000011010100101000010001100000000011010010;0.962145;13064;0000011000100100100010100011100000010100100;0.830903;11282;0.918961;3
18;0000011110100000000010000101000100010101100;0.968037;13144;0010000000110001000010101100000100011100010;0.815952;11079;0.923505;13
19;0000011010100101000010001100000000011000110;0.96347;13082;0000010100100000100100001111000000011010100;0.769038;10442;0.929461;13
20;0000010110100000100010001110000000011010010;0.971866;13196;0010010010100001000010001010000001010101100;0.764987;10387;0.930283;8
21;0000010110100000100010001110000000011011000;0.973928;13224;0000010100100000100110000110100000011000110;0.865812;11756;0.942548;17
22;0000010110100000100010001110000000011010010;0.971866;13196;0000110101100000000010001100000000110101100;0.849241;11531;0.945171;23
23;0000001110100000100010001100000100011010100;0.972971;13211;0000110010100001000100001010000000011010110;0.786566;10680;0.946468;16
24;0000011110100000000010001110000000011010010;0.972382;13203;0100110110000001000010101110001000001000000;0.866475;11765;0.950805;13
25;0000011110100000000010001110000000011010010;0.972382;13203;0000010100100000100010001110000001011010010;0.872883;11852;0.951551;13
26;0000011110100000000010001110000000011010010;0.972382;13203;0010110110000000000010001100000100011010010;0.898439;12199;0.955725;17
27;0000001110100000100010001100100000011010100;0.973192;13214;0000010110100000100010011000000100011010010;0.897481;12186;0.959239;28
28;0000011110100000000010001110000000011010010;0.972382;13203;0000011100100000000010001110000000011011100;0.876933;11907;0.958374;27
29;0000011110100000000010001110000000011010100;0.973928;13224;0001010100100000100010001110000000011010010;0.874429;11873;0.963956;40
30;0000011110100000000010001110000000011010100;0.973928;13224;0010011000100000100010001101000000011010010;0.874135;11869;0.961585;42
31;0000001110100000100010001110000000011010100;0.974002;13225;0010010100100000100010001100000100011010100;0.875018;11881;0.962442;45
32;0000001110100000100010001110000000011010100;0.974002;13225;0000011010100000100010001010000000011010011;0.901532;12241;0.961908;40
33;0000001110100000100010001110000000011010100;0.974002;13225;0000010011100000100010001010000000011110010;0.778023;10564;0.961407;47
34;0000001110100000100010001110000000011010100;0.974002;13225;0000001110000000000010001110000001011011100;0.90352;12268;0.966813;56
35;0000001110100000100010001110000000011010100;0.974002;13225;0000010110100100000000001110000100011010100;0.890485;12091;0.968719;69
36;0000001110100000100010001110000000011010100;0.974002;13225;1000001110100001000010001110000000001010100;0.930844;12639;0.969508;76
37;0000001110100000100010001110000000011010100;0.974002;13225;0100001110100000100010001010000000011010100;0.904404;12280;0.970483;82
38;0000001110100000100010001110000000011010100;0.974002;13225;0000011110000000100010001110000000011010100;0.934379;12687;0.971145;81
39;0000001110100000100010001110000000011010100;0.974002;13225;0000000110100000100010001110001000011010100;0.944764;12828;0.972645;89
40;0000001110100000100010001110000000011010100;0.974002;13225;0000001110100100100010001010000000011010100;0.902416;12253;0.971534;91
41;0000001110100000100010001110000000011010100;0.974002;13225;0000011110000000100010001110000000011010100;0.934379;12687;0.972296;92
42;0000001110100000100010001110000000011010100;0.974002;13225;0000001100101000100010001110000000011010100;0.874724;11877;0.971253;92
43;0000001110100000100010001110000000011010100;0.974002;13225;0000001110000000100010001110000000011110100;0.932759;12665;0.972237;93
44;0000001110100000100010001110000000011010100;0.974002;13225;0000001110000000100011001110000000011010100;0.931728;12651;0.972981;97
45;0000001110100000100010001110000000011010100;0.974002;13225;0000001110101000100010000110000000011010100;0.939535;12757;0.973344;97
46;0000001110100000100010001110000000011010100;0.974002;13225;0010001110100000100010001010000000011010100;0.902858;12259;0.971519;92
47;0000001110100000100010001110000000011010100;0.974002;13225;1000001110100000100000001110000000011010100;0.932464;12661;0.973017;96
48;0000001110100000100010001110000000011010100;0.974002;13225;0100001110100000100010001010000000011010100;0.904404;12280;0.972097;95
49;0000001110100000100010001110000000011010100;0.974002;13225;0000001110100000100000001110000000011010101;0.934011;12682;0.972352;93
50;0000001110100000100010001110000000011010100;0.974002;13225;0000001101100000100010001110000000011010100;0.882899;11988;0.971949;95
=============================================
geração;melhor;fitness;cobertura;pior;fitness;cobertura;média;ind_repetidos
0;0000100000100000100010001100110100010101010;0.83812;11380;0101000000001000000001011000101001001100110;0.172853;2347;0.498214;1
1;0000001010000011100010001100100100000101010;0.892252;12115;0101100000000100010000000000111011110010000;0.224923;3054;0.589189;2
2;0001001000100010000010000100110100010101010;0.902931;12260;0011000000000000011101100000011100001000101;0.278171;3777;0.693332;2
3;0001001000100010000010000100110100010101010;0.902931;12260;0010100000000100000100101000001011101100010;0.230741;3133;0.724849;3
4;0000001000100010000010001100110100010101010;0.899249;12210;0000000000010100011100010101100100000101010;0.394093;5351;0.774676;4
5;0000010010000010100011000100110100010101000;0.903889;12273;1010010000010100100010110101001000000001000;0.496465;6741;0.8148;6
6;0100001110110000100010001100000000010100010;0.943143;12806;0001000000100011001001001000110000010101100;0.550007;7468;0.837179;4
7;0110001110100000100010001100000000010100010;0.946899;12857;0100001100000100000010001100110100110000010;0.662542;8996;0.850274;2
8;0100001010100001110010001100000000010100010;0.945058;12832;0100010001000000100011000101110010010000010;0.439019;5961;0.847232;1
9;0000001110000000100010001100110000010101010;0.934232;12685;0000001100011000100010001101100100010000010;0.67845;9212;0.864715;2
10;0110001110100000000010001100010000010010100;0.928855;12612;1000010011000100111000000000100000100110001;0.454485;6171;0.862595;1
11;0000011011000000100010011100100100010100000;0.932022;12655;1000011011000010100011000000100000110000010;0.71881;9760;0.883084;3
12;0001101110100000001010001100000100011000000;0.944985;12831;0001001010001000000010010100001101000101010;0.794962;10794;0.893618;3
13;0000011010100001100010001100000100000101010;0.942407;12796;1011001100000000100010000101110100010000000;0.658786;8945;0.896956;1
14;0000011110100000001010000101000100010101000;0.957284;12998;0000011011000001101010001000000000001101010;0.553174;7511;0.878589;4
15;0000011010100001100000001100000010011001010;0.943512;12811;1000011001000100100010000100100000111000010;0.713507;9688;0.898337;3
16;0000011010100000100110001100000000011001010;0.961114;13050;1000010101000100100010000110000000111000010;0.689056;9356;0.908033;8
17;0000001110100000100010001110000000011001100;0.970762;13181;0000001101000100100011001100001000101010000;0.762483;10353;0.911333;7
18;0000011010100000000010001111000000001101010;0.963691;13085;0010001000100010100000001001101100001100100;0.802475;10896;0.915233;8
19;0000001110100000110010001100000000011000110;0.964354;13094;0001001110000101100010001000000011011000000;0.832229;11300;0.92402;8
20;0000011010100001000010001100000000110100110;0.970762;13181;0000000101000000101010001101001000011010010;0.716011;9722;0.925636;4
21;0000011010100001000010001100000000110100110;0.970762;13181;0000001100000001101010001000100000011011010;0.708352;9618;0.931397;8
22;0000010110100000100010001110000000011010010;0.971866;13196;0000001100101000010010001100000000110100110;0.844749;11470;0.93821;7
23;0000011010100001000010001110000000011000110;0.973118;13213;0010001110100100000010001100100000001000110;0.873472;11860;0.945838;17
24;0000011010100001000010001110000000011000110;0.973118;13213;0000111110000000000100001100100000010100101;0.845927;11486;0.947059;14
25;0000010110100000100010001110000000011010010;0.971866;13196;0000011000100001001010001111000000010000110;0.90271;12257;0.952641;16
26;0000011010100001000010001100000100011001010;0.973487;13218;0000011110100001100010001000000000110100010;0.896671;12175;0.955239;20
27;0000011010100001000010001100100000011000110;0.973855;13223;0000010010100001001000000101010000110100110;0.896745;12176;0.955837;17
28;0000011010100001000010001100100000011000110;0.973855;13223;0000011000100001010010011000000100011001010;0.777139;10552;0.957507;33
29;0000011010100001000010001100100000011000110;0.973855;13223;0000001111100001010010001000000100011000010;0.896966;12179;0.962462;30
30;0000011010100001000010001100100000011001010;0.974149;13227;0000010000100011000010001100100100011001010;0.888496;12064;0.962873;39
31;0000011010100001000010001100100000011001010;0.974149;13227;0001010010100001000010011010000000011010100;0.76241;10352;0.960646;35
32;0000011010100001000010001100100000011001010;0.974149;13227;0000111010100000000010011010000000011010100;0.892399;12117;0.964041;43
33;0000011010100001000010001100100000011001100;0.974739;13235;0000010110100001000001001110000000011010010;0.914494;12417;0.965476;48
34;0000011010100001000010001100100000011001100;0.974739;13235;0000101010000001000000011110100000011000110;0.909118;12344;0.967112;52
35;0000011010100001000010001100100000011001100;0.974739;13235;0000010010100001000010001100000100110100110;0.933348;12673;0.970268;62
36;0000011010100001000010001100100000011001100;0.974739;13235;0000001100100000100010001100000100011010110;0.877817;11919;0.968311;72
37;0000011010100001000010001100100000011001100;0.974739;13235;0000010010100001000010011110000000011010010;0.929739;12624;0.971781;79
38;0000011010100001000010001100100000011001100;0.974739;13235;1000001010100001000010001100100000011001010;0.946089;12846;0.973088;86
39;0000011010100001000010001100100000011001100;0.974739;13235;0000011000100001000010001100101000011001010;0.92532;12564;0.973248;91
40;0000011010100001000010001100100000011001100;0.974739;13235;0000011110100001000010001000100000011001010;0.900059;12221;0.970921;84
41;0000011010100001000010001100100000011001100;0.974739;13235;1000011010100001000010001000100000011001100;0.890853;12096;0.971549;89
42;0000011010100001000010001100100000011001100;0.974739;13235;0000011010100001010010001100100000001001100;0.917808;12462;0.972814;91
43;0000011010100001000010001100100000011001100;0.974739;13235;0000011010100001000010001100100001001001100;0.921049;12506;0.973112;92
44;0000011010100001000010001100100000011001100;0.974739;13235;0000011010100001000010000100100000011001101;0.925173;12562;0.973276;93
45;0000011010100001000010001100100000011001100;0.974739;13235;0000011010100001000000001100100000011001110;0.953749;12950;0.974249;97
46;0000011010100001000010001100100000011001100;0.974739;13235;0000011010100000000110001100100000011001100;0.967079;13131;0.974662;99
47;0000011010100001000010001100100000011001100;0.974739;13235;1000011010100001000010001000100000011001100;0.890853;12096;0.972259;94
48;0000011010100001000010001100100000011001100;0.974739;13235;0000001010100001000010001100110000011001100;0.94933;12890;0.974194;97
49;0000011010100001000010001100100000011001100;0.974739;13235;0000011010100011000010000100100000011001100;0.924216;12549;0.973048;96
50;0000011010100001000010001100100000011001100;0.974739;13235;0000011010100001000010000100100000011011100;0.924363;12551;0.972418;93
=============================================
geração;melhor;fitness;cobertura;pior;fitness;cobertura;média;ind_repetidos
0;0000100110000010100000010110100001010001010;0.85425;11599;0110000000010000000000000010110011011110001;0.147297;2000;0.520709;1
1;0000100110000010100000000101000110101010100;0.863677;11727;0100100001000100000101010000110000000011101;0.205921;2796;0.610176;1
2;0001000110100001000100000101000100101010010;0.906687;12311;0110000000101000000100110000000010101011001;0.270437;3672;0.683234;3
3;0001010110100000000100001000000100111001010;0.906687;12311;0100110000000000100000100010100010101011001;0.256812;3487;0.738478;2
4;0000000110100000000100110100000100111011000;0.905362;12293;0001100000000100001000111000010000111001010;0.316983;4304;0.769186;2
5;0001011110000010000000010100010000110001010;0.907276;12319;0010000010000110001000111000010000011001010;0.565621;7680;0.811257;4
6;0000001110100000000100110100000000111011000;0.93077;12638;1000000101100000010010100010001000101010010;0.57085;7751;0.824522;3
7;0000001110100000000100110100000000111011000;0.93077;12638;0000110101001000000100100000000100111011000;0.604581;8209;0.849876;2
8;0000001110100000100010001110000100101000100;0.935337;12700;0000010010000110100101010101001000001001000;0.6199;8417;0.860851;2
9;0000001110100000100010001110000000101000110;0.947341;12863;0010101100100100011000001010000100101000000;0.7057;9582;0.885309;7
10;0000001110100000100000001110000100011001010;0.952349;12931;0001001100100000000101110100001000110100000;0.76624;10404;0.890816;6
11;0000001110100000100000001110000100011001010;0.952349;12931;0000001100100000000100011100010001101001010;0.712181;9670;0.900179;8
12;0000001010100000100110001001000100011001010;0.955811;12978;0000001100000000100100111100000100011001010;0.722419;9809;0.902355;6
13;0000010110100000100000011100000000111011000;0.956105;12982;1000001000000000110010001010000100111011000;0.638901;8675;0.901693;3
14;0000001010100000101010001100000100010011010;0.955369;12972;0000001000001000100110001001000110110100010;0.701134;9520;0.907324;10
15;0000011010100000000110001001000100011001010;0.958904;13020;0000001100100000100000001110100000111010100;0.750552;10191;0.911557;7
16;0000011010100000000110001001000100011001010;0.958904;13020;0000001001110000100100001110000000101101000;0.724186;9833;0.91363;8
17;0000011010100000000110001001000000111011000;0.960966;13048;1000001100110000000110001001000100010011000;0.824864;11200;0.919827;4
18;0000011010100000010010001100000000111010100;0.968037;13144;0000001100100000100000001110000100111001100;0.763515;10367;0.924138;8
19;0000011010100000000110001100000100011011000;0.966564;13124;0000010100100000100000011100100000111011000;0.788702;10709;0.929202;3
20;0000011010100001000010001100000000111001010;0.971424;13190;0000010100100000100100001101000000111011000;0.770658;10464;0.93299;13
21;0000011010100001000010001100000000111001010;0.971424;13190;0000010010000001100110001001000100011011000;0.888791;12068;0.939535;8
22;0000011010100001000010001100000000111001010;0.971424;13190;0000101000101000000110001001000000111011000;0.820813;11145;0.937071;9
23;0000011010100000000110001110000000011011000;0.970172;13173;0000001111100000000110000011000000001011100;0.863677;11727;0.943751;14
24;0000001110100000100010001100000000111011000;0.973118;13213;0000101000100000000100001100100100111011000;0.731477;9932;0.9395;13
25;0000001110100000100010011100000000011011000;0.969289;13161;0000101100100000000110000100100000011011100;0.818677;11116;0.945321;14
26;0000001110100000100010001110000000011011000;0.974518;13232;0000001100110000000010001001010000111011000;0.823612;11183;0.946095;15
27;0000001110100000100010001110000000011011000;0.974518;13232;0000001000100000100010101101000000111011000;0.844602;11468;0.951318;21
28;0000001110100000100010001110000000011011000;0.974518;13232;0001101000100000000110001100000000111011000;0.853366;11587;0.952599;24
29;0000001110100000100010001110000000011011000;0.974518;13232;0000101000100000000110001100000000111011010;0.838931;11391;0.955103;27
30;0000001110100000100010001110000000011011000;0.974518;13232;0000001100110100000110001100000000011011000;0.862424;11710;0.958844;34
31;0000001110100000100010001110000000011011000;0.974518;13232;0000101010000000010010001110000000011011001;0.907056;12316;0.961702;36
32;0000001110100000100010001110000000011011000;0.974518;13232;0000101100100000000110001100000000011111000;0.854176;11598;0.963937;44
33;0000001110100000100010001110000000011011000;0.974518;13232;0000001100100000100010001110000000011011001;0.876418;11900;0.964076;50
34;0000001110100000100010001110000000011011000;0.974518;13232;0000001100100000100010001110010000011011000;0.876197;11897;0.965727;60
35;0000001110100000100010001110000000011011000;0.974518;13232;0000001100100000000010001110000000111111000;0.837605;11373;0.96542;67
36;0000001110100000100010001110000000011011000;0.974518;13232;0000001110100000110000001100000100111001000;0.928929;12613;0.971324;83
37;0000001110100000100010001110000000011011000;0.974518;13232;0000001100100000110010011100000000011011000;0.884519;12010;0.971924;87
38;0000001110100000100010001110000000011011000;0.974518;13232;0000001110100000100000001100000100111011000;0.933716;12678;0.969631;79
39;0000001110100000100010001110000000011011000;0.974518;13232;0000001110100000100000001110000100011011000;0.937472;12729;0.972699;89
40;0000001110100000100010001110000000011011000;0.974518;13232;0000001100100000100010001110001000011011000;0.879806;11946;0.971167;89
41;0000001110100000100010001110000000011011000;0.974518;13232;0000001110100100100000001110000000011011000;0.934821;12693;0.973009;91
42;0000001110100000100010001110000000011011000;0.974518;13232;0000011110000000100010001110000000011011000;0.939535;12757;0.97341;92
43;0000001110100000100010001110000000011011000;0.974518;13232;0000001110100000101010001010000000011011000;0.921564;12513;0.972884;92
44;0000001110100000100010001110000000011011000;0.974518;13232;0000001100100000100010001110000000011011010;0.879585;11943;0.97207;94
45;0000001110100000100010001110000000011011000;0.974518;13232;0000001100100000100010001111000000011011000;0.877964;11921;0.972851;94
46;0000001110100000100010001110000000011011000;0.974518;13232;0000001110110000100000001110000000011011000;0.93298;12668;0.972833;92
47;0000001110100000100010001110000000011011000;0.974518;13232;0000001110100000100010010110000000011011000;0.944027;12818;0.973542;93
48;0000001110100000100010001110000000011011000;0.974518;13232;0000001110110000100010001110000000011001000;0.951687;12922;0.973643;94
49;0000001110100000100010001110000000011011000;0.974518;13232;0000011110100000100010001110000000011010000;0.951466;12919;0.974002;97
50;0000001110100000100010001110000000011011000;0.974518;13232;0000001110010000100010001110000000011011000;0.945353;12836;0.973642;95
=============================================
