geração;melhor;fitness;cobertura;pior;fitness;cobertura;média;ind_repetidos
0;0010011010101110010010101101100100111010011;0.855428;11615;1101100001101100100101100000011111110000111;0.156356;2123;0.471557;1
1;0101011111100101011110001111100110100000000;0.851083;11556;1101001100011100101000011010111010101011100;0.198336;2693;0.549792;4
2;1000111010110101001100101101000000111010111;0.848726;11524;0111001100111100010110010011001001001100111;0.250331;3399;0.609774;2
3;0001011110100101011110001111100000110001011;0.853366;11587;1011010001111000001001100001100111111110100;0.199219;2705;0.674082;2
4;0100111111100111000011101110110100010010000;0.860878;11689;0110101001011101100100001110011110001010101;0.279202;3791;0.7116;3
5;0001011110100101011110011101000100011110010;0.882457;11982;0011011001010000111011011101101100011100100;0.37686;5117;0.743905;3
6;0001011110100101011010101101100100011011100;0.878038;11922;0100100101111010000111111011100010111001000;0.378333;5137;0.773341;7
7;0001011110100101011110011101000100011110010;0.882457;11982;1001110110010011101000011010000000111111110;0.462292;6277;0.7959;5
8;0001111011100010100111101111100100010000110;0.877081;11909;1100110110101111101110000100000101001001110;0.472161;6411;0.808266;4
9;0000111110110001011011001111100000011011010;0.88091;11961;0000111000101111010110001011110000101111001;0.545662;7409;0.818823;6
10;0010011110100110110110001111000100111100010;0.888128;12059;1011110000000111011110011101100001110011000;0.473487;6429;0.825518;9
11;0000011111100110101010101111100100010011010;0.899396;12212;0101011001100010010110111001010110101011010;0.496318;6739;0.831703;7
12;0001011110110011010110001111000100011111000;0.896082;12167;0000110110000111111011101010010001010011110;0.459493;6239;0.83518;11
13;0000111011100011010110111111000100010011010;0.895124;12154;1000110111100001011010000111110010001010111;0.581382;7894;0.8446;7
14;0000111011100011010110111111000100111100000;0.900648;12229;0010010111101110101111011101000001000011010;0.564001;7658;0.846309;3
15;0000111111100011100010011111100100011101000;0.899249;12210;0011010011101110100010101011110100010011010;0.576374;7826;0.853328;8
16;0010111010100110101010001111000100011111010;0.907129;12317;0000011000100110011110001101001110101111110;0.586684;7966;0.856083;3
17;0000011011100011100010111111100100011111000;0.903005;12261;0000110111011110100110001100011000111101010;0.610326;8287;0.859662;12
18;0000011111100111011110001101000100011011010;0.898439;12199;0001011010111111001101101001000100101011010;0.538445;7311;0.863269;7
19;0000111111100111000110001111000100011101100;0.906245;12305;0100111100100000111000101110010100111011110;0.677272;9196;0.86591;12
20;0000011111100010101010011111000000111111010;0.908897;12341;0001110000111111011110001011100100011011000;0.447268;6073;0.865595;6
21;0000111011100011001010011111000000111111010;0.908676;12338;0001111001101111000010001101110001010001111;0.576079;7822;0.867222;11
22;0000011111100110101110001101000100011111010;0.908529;12336;0100111011100111110010101011100100000011010;0.567683;7708;0.870777;13
23;0001111010100111000110001111000100011101110;0.912506;12390;0000111111100111011100011101001000001011010;0.66755;9064;0.8735;14
24;0000011111100111011010001101000100011111010;0.912064;12384;0000111111000111110010011111100000000111010;0.65584;8905;0.876381;13
25;0000111010100111011010001111000100011111010;0.912285;12387;0000110011100111001110001111000001011101110;0.67602;9179;0.877443;7
26;0000011011100111010010101111000100011101110;0.916777;12448;0010011001101011100011011101000100101101110;0.599794;8144;0.877104;10
27;0000011011100111010010101111000100011101110;0.916777;12448;0100111011100111011110001001000000011101110;0.572986;7780;0.876845;16
28;0000011011100111010010101111000100011101110;0.916777;12448;0100011011100111110010101110000100101011010;0.758285;10296;0.883514;20
29;0000111010100111010010101111000100011101110;0.916998;12451;1000111011110010100010101101100110001011010;0.657608;8929;0.884699;23
30;0000011011100111010010101111000100011101110;0.916777;12448;0001111001100101101000001111010100011111010;0.701723;9528;0.887412;19
31;0000111011100111000110001111000100011111010;0.919502;12485;0000110011110101100110011111000001010011011;0.641994;8717;0.887725;17
32;0000111010100111010010101111000100011101110;0.916998;12451;0000011001101110101110001111010100001111010;0.606128;8230;0.888341;11
33;0000111011100111010010001111000100011111010;0.919944;12491;0001111011100011010110101101000100001101110;0.683017;9274;0.889837;15
34;0000111011100111010010001111000100011111010;0.919944;12491;0000111001110011010010111101000100011101110;0.730078;9913;0.892346;27
35;0000111011100111010010001111000100011111010;0.919944;12491;0000110011000111110110001111010000011111010;0.599278;8137;0.892655;26
36;0000111011100111010010001111000100011111010;0.919944;12491;0011011010010110100110001111010000011111010;0.76079;10330;0.892518;29
37;0000111011100111010010001111000100011111010;0.919944;12491;0010110011000111001110001111000100011101110;0.581676;7898;0.893648;44
38;0000111011100111010010001111000100011111010;0.919944;12491;0000111011000110101010101101000110001111110;0.592282;8042;0.895685;50
39;0000111011100111010010001111000100011111010;0.919944;12491;0000110011100111011110001101000100011101110;0.690529;9376;0.900316;60
40;0000111011100111010010001111000100011111010;0.919944;12491;0000110011110111010010101101000100011101110;0.67278;9135;0.900212;66
41;0000111011100111010010001111000100011111010;0.919944;12491;0000110011100111110010001101100100011111010;0.683606;9282;0.901411;86
42;0000111011100111010010001111000100011111010;0.919944;12491;0000111001100111110010101111000100000111110;0.637576;8657;0.901753;94
43;0000111011100111010010001111000100011111010;0.919944;12491;0001111011010111001010001011000100011111010;0.610399;8288;0.902975;120
44;0000111011100111010010001111000100011111010;0.919944;12491;0000011111100111100110001010000110011111010;0.733245;9956;0.907154;145
45;0000111011100111010010001111000100011111010;0.919944;12491;0000111011100111001100001110000101011111010;0.778539;10571;0.908999;187
46;0000111011100111010010001111000100011111010;0.919944;12491;1000111011100111000110001110000100011101110;0.777655;10559;0.909809;216
47;0000111011100111010010001111000100011111010;0.919944;12491;0000111010110111010010001110000101011101110;0.779938;10590;0.911058;251
48;0000111011100111010010001111000100011111010;0.919944;12491;0000111011100111010010001110000100011111110;0.790175;10729;0.915029;303
49;0000111011100111010010001111000100011111010;0.919944;12491;0000111011110111010010001011000100011111010;0.805715;10940;0.916528;329
50;0000111011100111010010001111000100011111010;0.919944;12491;0000111011100111010010001110000101011111010;0.783989;10645;0.916182;340
=============================================
geração;melhor;fitness;cobertura;pior;fitness;cobertura;média;ind_repetidos
0;0010101110101101100010001100110101100110011;0.816541;11087;0011010101011100110000000000111011111001111;0.169465;2301;0.480693;1
1;0010101110101101100010101100110101110000110;0.845412;11479;1000100000001101100111011000101111101101011;0.227795;3093;0.556517;6
2;0000001111000011100011111111000100110111010;0.848358;11519;0111100001011100110000001011111000111110010;0.246723;3350;0.620045;2
3;1010011011100001110110011111000100010111000;0.871557;11834;1110101000011010111000110110101110000001101;0.319856;4343;0.679399;2
4;0100011010100010110011111111000000111110100;0.878627;11930;0110100100111010101001001000011110011100111;0.281853;3827;0.714009;3
5;0100011110101011010100001110010100101110110;0.864487;11738;0110101000111001101101001011011101010000011;0.406319;5517;0.749222;2
6;0100011110100010111010001111000100110111010;0.87686;11906;0101000011101101101011011000000010110101111;0.385845;5239;0.781369;2
7;0001011111100111010010001111000110100111000;0.882531;11983;1001111000000001011101001111010101011011100;0.53513;7266;0.802928;3
8;0010111011110110100010001111000100010111010;0.891663;12107;0100110010101110011011011011000011110001010;0.471277;6399;0.818021;5
9;0100011110110110111010001111000100010001110;0.89483;12150;0011011001101101001110001111000010100111001;0.50464;6852;0.825868;7
10;0000111111100011001110101111000100010001110;0.898954;12206;0011111000011011100110110111000000010111010;0.489542;6647;0.832694;5
11;0000111111100011001110101111000100010001110;0.898954;12206;0101001010111110111000001001001000110111011;0.557519;7570;0.844477;4
12;0000111010110011010000111111000100110111010;0.898218;12196;0101001010011110111010001111000100001101011;0.612388;8315;0.850594;5
13;0000111010110011010000111111000100110111010;0.898218;12196;0011011010110111100111011001000000110111000;0.600383;8152;0.855574;10
14;0000011111100111100011011111000100010111000;0.897776;12190;0100101011100111000011101101010001100011110;0.647371;8790;0.858624;13
15;0000111011100011001110101111000000111111000;0.901606;12242;0100111001100011001110111110000010100110110;0.488879;6638;0.860131;6
16;0000011111100110100010011111000100111111000;0.903299;12265;0101011011101011010011101001000010110100110;0.58639;7962;0.862357;1
17;0000011010110111010000111111000100011110110;0.904699;12284;0100111001100011111010001111000000101110110;0.628517;8534;0.866292;6
18;0000011111100110100110001111000000111101110;0.913242;12400;0010110100001111001010101111000100010111110;0.498969;6775;0.867322;15
19;0000111011100110110010001111000000111110110;0.910812;12367;1001111011100111010010001010000001101110110;0.487332;6617;0.868048;3
20;0000011111100110100010111111000000111111000;0.910149;12358;0000110110010011010110001011000001111111110;0.494329;6712;0.866155;6
21;0000011111100110100010111111000000111111000;0.910149;12358;0100111000110111101010001011000101011111000;0.536603;7286;0.869525;8
22;0000011111100110100010111111000000111111000;0.910149;12358;0000111001110111101110001111000010100011010;0.639711;8686;0.875204;17
23;0000011111100110100010111111000000111111000;0.910149;12358;1000110011100001001110101111000000101111110;0.595301;8083;0.879305;12
24;0000111011100111100110001111000100011111000;0.910738;12366;0100111010110011101000111101000000001111110;0.599499;8140;0.877104;9
25;0000111011100111010010011111000000111111000;0.910812;12367;0000111110010110100010111111000000001111110;0.648107;8800;0.881893;12
26;0000011110100111110010001111000100011101110;0.912653;12392;1000111011000111101010001111100000100111010;0.659449;8954;0.882835;13
27;0000111011100111001010001111000100011101110;0.915967;12437;0001011011100111001110101100000000011101111;0.69156;9390;0.884783;14
28;0000111011100111000110001111000100011110110;0.918471;12471;0000111011100110100011011011001100001111100;0.550007;7468;0.882409;15
29;0000111011100111000110001111000100011111100;0.91825;12468;0010110010100111101010101101000000111111001;0.666372;9048;0.885674;12
30;0000111010110111010010001111000100011111100;0.917661;12460;0100011000110110101111101111000100001110100;0.602813;8185;0.886199;16
31;0000111011100111010010001111000100011110110;0.919208;12481;0010011000110111111010101100100100011111000;0.604581;8209;0.886203;15
32;0000111011100111010010001111000100011110110;0.919208;12481;0010101011101011011010011001000000111111010;0.633967;8608;0.885108;18
33;0000111011100111010010001111000100011110110;0.919208;12481;0000011111000011111110011011000000011111100;0.621078;8433;0.886929;18
34;0000111011100111010010001111000100011111010;0.919944;12491;0000111111000010111110011011000000011111010;0.626749;8510;0.890498;20
35;0000111011100111010010001111000100011110110;0.919208;12481;0000111010110111011010101101000100001111100;0.700619;9513;0.89153;28
36;0000111011100111010010001111000100011111010;0.919944;12491;0000110111110110101010001011010000101111100;0.596406;8098;0.891354;45
37;0000111011100111010010001111000100011111010;0.919944;12491;0010110011000111100110011111000100011111000;0.589851;8009;0.893579;43
38;0000111011100111010010001111000100011111010;0.919944;12491;0100110011100110110010101101000101010111010;0.664089;9017;0.896915;51
39;0000111011100111010010001111000100011111010;0.919944;12491;0000111011110111011010001001000100011111100;0.670865;9109;0.900353;88
40;0000111011100111010010001111000100011111010;0.919944;12491;0000111011100111101110001011001000101111000;0.57409;7795;0.901212;116
41;0000111011100111010010001111000100011111010;0.919944;12491;0000111011100111010010001110000101011111010;0.783989;10645;0.904656;141
42;0000111011100111010010001111000100011111010;0.919944;12491;0000111011100111101010011110000100011111000;0.787745;10696;0.907589;186
43;0000111011100111010010001111000100011111010;0.919944;12491;0000111011000111011010001111000100001111101;0.684563;9295;0.908881;232
44;0000111011100111010010001111000100011111010;0.919944;12491;0000111011100111010010101110000100011111100;0.786787;10683;0.91174;269
45;0000111011100111010010001111000100011111010;0.919944;12491;0010111011100111010010001110000100011111010;0.787598;10694;0.914973;312
46;0000111011100111010010001111000100011111010;0.919944;12491;0000111011100111010010001110100100011111100;0.797025;10822;0.916275;342
47;0000111011100111010010001111000100011111010;0.919944;12491;0000111011101111010010001110000100011111010;0.782516;10625;0.917168;356
48;0000111011100111010010001111000100011111010;0.919944;12491;0000111011100111010010001110100100011111010;0.797982;10835;0.918116;367
49;0000111011100111010010001111000100011111010;0.919944;12491;0000111011100111010010001011000100011111110;0.812417;11031;0.918347;374
50;0000111011100111010010001111000100011111010;0.919944;12491;0000111011100111011010001110000100011111010;0.795773;10805;0.918325;378
=============================================
geração;melhor;fitness;cobertura;pior;fitness;cobertura;média;ind_repetidos
0;0000111010111010001010011111000010111110100;0.873766;11864;1111001001011101000000111000001111001011011;0.161438;2192;0.479205;1
1;0100011110101110011000011111000001110010110;0.841729;11429;1111111000111100001101010001001100100001101;0.222124;3016;0.552756;1
2;0000011111100111100000101111000000111101101;0.879069;11936;0010111101011100011111010000110011101000010;0.245029;3327;0.609483;2
3;0001101110100110111010010110101100110011000;0.854544;11603;1111001001111000111101100010010100100010110;0.24768;3363;0.666397;3
4;0000110110110011000101011110110100011101100;0.85447;11602;0010101000011100110110000111101111100010101;0.318604;4326;0.717922;5
5;1100011110100001011010101101010100011110100;0.85992;11676;0000110001110110100011010011001101111010011;0.414273;5625;0.750667;6
6;0100111011100111000000001111110100101001110;0.879143;11937;0111100110001000010111100100110110100011110;0.435337;5911;0.768774;3
7;0000011110100011010101011110110100011101100;0.877743;11918;1101001001000101100100011101110101100011101;0.360583;4896;0.791884;3
8;1000111011100011010010001111011100010011010;0.885108;12018;1011101000000110101100010111011001101001011;0.417366;5667;0.797681;3
9;1000111011100011010010001111011100010011010;0.885108;12018;0101010110010111100111001001000000110111011;0.420901;5715;0.811971;2
10;0001111111100011001010001110010100011100110;0.892326;12116;1001111010100110011010001000100111100111100;0.495655;6730;0.821674;5
11;1000011010100110101010111111000100011100110;0.891663;12107;0000010110101101101101101011101110001001100;0.430034;5839;0.829267;2
12;0000111011100011000010101111001000111111100;0.901974;12247;0100110011110011001110011010110000110101010;0.476285;6467;0.836314;7
13;0000111111100001110010101111000100011101100;0.900722;12230;0011011100101101011110001001010100011011100;0.517823;7031;0.842464;3
14;0000111111100001110010101111000100011101100;0.900722;12230;1001011001100101011110001000001100110111011;0.402268;5462;0.849093;1
15;0000111011100111010010011111100100010011100;0.90271;12257;0000111011000011010110011010110110010011110;0.569892;7738;0.857239;7
16;0000111111100111010010001111100100010011100;0.903447;12267;0100010011100011011011101110010100001110110;0.573428;7786;0.859781;5
17;0000111011100011010010011111000100011111100;0.915746;12434;1000110011100111010010101100011100101110010;0.581013;7889;0.86358;7
18;0000111011100011010010011111000100011111100;0.915746;12434;0100111111100011111110001000000100000111110;0.519075;7048;0.867699;14
19;0000111011100011010010011111000100011111100;0.915746;12434;0001111010010111001010111011000100011110100;0.611946;8309;0.871864;11
20;0000111011100111010010001111000100011110110;0.919208;12481;0001011010100111110110101001000100011111100;0.630211;8557;0.874725;9
21;0000111010100111011010001111000100011110110;0.911695;12379;0010111010100111000010111110100010110011100;0.750037;10184;0.878791;7
22;0001111010100111001010001111000100011101110;0.914052;12411;0000110011100101110110111111000100000011110;0.607085;8243;0.878393;11
23;0000111011100111000110101111000100011110100;0.913095;12398;0000111111110111010110001010100100010110010;0.734055;9967;0.881635;10
24;0000111011100111010010101111000100011101100;0.91582;12435;0000111000001111011010101111000110011011100;0.648328;8803;0.884241;18
25;0000111011100111010010001111000100011111100;0.918987;12478;0000111010110111011010001011000000011111110;0.669539;9091;0.884442;22
26;0000111011100111010010001111000100011111010;0.919944;12491;0000011011100111001110011001000100101111110;0.559287;7594;0.882817;14
27;0000111011100111010010001111000100011111100;0.918987;12478;0000110011100111011010101101001010110101100;0.657313;8925;0.885291;11
28;0000111011100111010010001111000100011111100;0.918987;12478;0000011011110111011010001001100100011111010;0.658639;8943;0.885988;15
29;0000111011100111010010001111000100011111100;0.918987;12478;0000111001100111010110011101000011010111100;0.568493;7719;0.883025;16
30;0000111011100111010010001111000100011111010;0.919944;12491;0010111011100111010110001110000100010111100;0.772942;10495;0.88961;25
31;0000111011100111010010001111000100011111100;0.918987;12478;0000111011000111010010011011100100011011110;0.594638;8074;0.889537;19
32;0000111011100111010010001111000100011101110;0.91906;12479;0000110011100111010110011111000000011101110;0.669981;9097;0.890702;24
33;0000111011100111010010001111000100011111010;0.919944;12491;0000111011100111011010001101000100001111110;0.703859;9557;0.89054;30
34;0000111011100111010010001111000100011111010;0.919944;12491;0000111011110111000110001001001100011110110;0.636471;8642;0.894;33
35;0000111011100111010010001111000100011111010;0.919944;12491;0000111010000111110010011011000100011111110;0.596774;8103;0.895704;51
36;0000111011100111010010001111000100011111010;0.919944;12491;0000010011100111111010011111000001011011100;0.657092;8922;0.898607;65
37;0000111011100111010010001111000100011111010;0.919944;12491;0000111011000111010010001111000100001111111;0.67683;9190;0.900467;91
38;0000111011100111010010001111000100011111010;0.919944;12491;0000111001100111111010001111000100001111010;0.646266;8775;0.902829;123
39;0000111011100111010010001111000100011111010;0.919944;12491;0100111011100011110010001110000100011111010;0.776624;10545;0.907273;156
40;0000111011100111010010001111000100011111010;0.919944;12491;0000110011100111011010001111000110001110110;0.633746;8605;0.909646;197
41;0000111011100111010010001111000100011111010;0.919944;12491;0001111011000111010010001011001100011101110;0.591766;8035;0.910733;245
42;0000111011100111010010001111000100011111010;0.919944;12491;0000111011100111001110101011000000011111010;0.671601;9119;0.913595;300
43;0000111011100111010010001111000100011111010;0.919944;12491;0000111001100111010010001111000100111111010;0.86213;11706;0.917356;337
44;0000111011100111010010001111000100011111010;0.919944;12491;0000111011100111010010001011000100111111010;0.84416;11462;0.917885;358
45;0000111011100111010010001111000100011111010;0.919944;12491;0000111011110111010010001110000100011111010;0.783473;10638;0.918007;366
46;0000111011100111010010001111000100011111010;0.919944;12491;0100111011000111010010001111000100011111010;0.875239;11884;0.918992;377
47;0000111011100111010010001111000100011111010;0.919944;12491;0100111011100111010010001110000100011111010;0.78583;10670;0.917766;373
48;0000111011100111010010001111000100011111010;0.919944;12491;0000111011100111110010001110000100011111010;0.78826;10703;0.918328;379
49;0000111011100111010010001111000100011111010;0.919944;12491;1000111011000111010010001111000100011111010;0.874282;11871;0.918887;382
50;0000111011100111010010001111000100011111010;0.919944;12491;0000111001100111010011001111000100011111010;0.856238;11626;0.919147;388
=============================================
geração;melhor;fitness;cobertura;pior;fitness;cobertura;média;ind_repetidos
0;0000011010101010110001011101011100110110110;0.84357;11454;0101110101110100110001010010111001010010011;0.197967;2688;0.492885;1
1;1010111010100110011111001110110000110000100;0.845338;11478;1001101000011110001000000001100111111111101;0.225291;3059;0.563679;4
2;0010111010100011001100000111100101011001111;0.850862;11553;0111101001110100100001100011100101101011010;0.223818;3039;0.629279;6
3;0000111110100011110010011101100110110100100;0.865886;11757;1001101100100101100001101001100110101101101;0.290175;3940;0.686295;3
4;0000111110110111010010001111000101101010010;0.878259;11925;1101110000111010000110110010001100011100111;0.339225;4606;0.735674;4
5;0000111110110011110010001101000101101011100;0.878259;11925;1010001010000010110111110010111000011111010;0.400648;5440;0.762843;7
6;0000011110110011101100011100010001110111010;0.875902;11893;0001110011101100001011000011101010110110011;0.39181;5320;0.783881;5
7;0000011110110111001110001110110000110001110;0.88393;12002;1110100111000111101000001110010000100111011;0.505524;6864;0.800539;4
8;0001111110100110110010111111000000100010110;0.878627;11930;0010010000110101101101101101110001111100010;0.420533;5710;0.811952;1
9;0000111011101111001100001101000101110001110;0.885329;12021;1110011000100001000101111111100101000110110;0.48063;6526;0.818212;4
10;0010111010110110101010011111001000111100000;0.888349;12062;1010011100111011011101101101000100000100110;0.561718;7627;0.830196;8
11;0000111110100011100110011111000100100111010;0.892547;12119;0110110000100010111110011101001000111101010;0.469141;6370;0.831185;8
12;0000111110100111010010011111001000110011010;0.895124;12154;1010001110000111111111011101000000000010111;0.549786;7465;0.838593;11
13;0000111111100101000110001111000100011110110;0.901164;12236;0010011000101011011110011111000100001011101;0.61224;8313;0.849024;4
14;0010011011100101100110001111000100011110110;0.901753;12244;0010011111001111111100101100000100001111000;0.537413;7297;0.850473;5
15;0000111111100111000110001111000100011010110;0.906908;12314;0010110110000111101111001101001101100011000;0.59265;8047;0.855861;8
16;0000111111100111000110001111000100011010110;0.906908;12314;0010111011100011111110011001000000100110110;0.541759;7356;0.855921;9
17;0000111111100111000110001111000100011101010;0.906614;12310;0010011001100011100110011011000101100101111;0.431801;5863;0.861406;13
18;0000111110100111001110001111000100011100110;0.9019;12246;0010111010010011000011011010011000111011110;0.544263;7390;0.864018;5
19;0000011111100111011010101101000100011011010;0.901237;12237;0010010111100011101110011101010000010011101;0.64553;8765;0.867296;7
20;0000111110100111001010111111000000011110010;0.903152;12263;1001111010001111001110011101000000101011010;0.587936;7983;0.866625;8
21;0000011110100111010010001111100100011111100;0.908455;12335;0001011011100001111011101001000001111011010;0.618648;8400;0.876507;12
22;0000011110100111010010001111100100011111100;0.908455;12335;0000010100111011001110011111000110001101110;0.541096;7347;0.875835;12
23;0000011110100111010010001111100100011111010;0.909412;12348;0000011011001011101110101111100000101011100;0.642952;8730;0.878613;12
24;0000011110100111010010001111100100011111100;0.908455;12335;0010110111100111000110011001100000111100110;0.50788;6896;0.87833;8
25;0000111011100111000110001111100100011111000;0.910959;12369;0000010101100011110110011101010100011011110;0.590735;8021;0.878497;16
26;0000111011100111000110001111100100011111000;0.910959;12369;0000110001110111001110101101110100110100010;0.595743;8089;0.880756;15
27;0000111011100111000110001111100100011111000;0.910959;12369;0000111011101111011110001011000110001100010;0.562454;7637;0.87952;17
28;0000111011100111000110001111000000111111010;0.916188;12440;0000111100110111001010111101000000101011110;0.613713;8333;0.881995;15
29;0000111011100111000110001111000000111111010;0.916188;12440;0000110011101111010010001101000010111111010;0.660996;8975;0.883849;19
30;0000111011100111000110001111000000111111010;0.916188;12440;0000111101100111101010011001000000111111010;0.589336;8002;0.883965;18
31;0000111011100111000110001111000000111111010;0.916188;12440;0000110111100110101110010101010000011101110;0.673295;9142;0.886018;22
32;0000111011100111010010001111000000111111010;0.916556;12445;0010010111100111001101011011010100011010010;0.784357;10650;0.887876;20
33;0000111011100111000110001111000000111111010;0.916188;12440;0000111111100111001110011001000000100111110;0.609147;8271;0.887343;35
34;0000111011100111000110001111000000111111010;0.916188;12440;0000110011000111001111001111000001111011010;0.570261;7743;0.886107;32
35;0000111011100111000110001111000100011111010;0.919502;12485;0000110011100110010110001111001100001111101;0.595596;8087;0.889588;39
36;0000111011100111000110001111000100011111010;0.919502;12485;0001111001100111011110001111000000101011010;0.639417;8682;0.891988;47
37;0000111011100111000110001111000100011111010;0.919502;12485;1000110011100111010010001101000100011110111;0.664236;9019;0.891685;44
38;0000111011100111010010001111000100011111010;0.919944;12491;0001111001101111101010001011000000111011010;0.542716;7369;0.892356;51
39;0000111011100111000110001111000100011111010;0.919502;12485;0000111011100111010010001001010110011111010;0.717852;9747;0.894629;63
40;0000111011100111010010001111000100011111010;0.919944;12491;0000111011100111101010101111000000001011110;0.690897;9381;0.896531;83
41;0000111011100111010010001111000100011111010;0.919944;12491;0001111011100111010110001110000100001111010;0.758727;10302;0.897732;82
42;0000111011100111010010001111000100011111010;0.919944;12491;1000011011100111001110001110000000111111001;0.762704;10356;0.898547;78
43;0000111011100111010010001111000100011111010;0.919944;12491;1000010011100111010011011101000000111110110;0.635292;8626;0.896926;103
44;0000111011100111010010001111000100011111010;0.919944;12491;1000110011100111010010101011000000111111010;0.512741;6962;0.900873;129
45;0000111011100111010010001111000100011111010;0.919944;12491;0000111001100111000110001011000101111111010;0.734423;9972;0.905087;186
46;0000111011100111010010001111000100011111010;0.919944;12491;0000111011100111010110101110000100011110010;0.781264;10608;0.909171;210
47;0000111011100111010010001111000100011111010;0.919944;12491;0000111011100111000110101111000000001111110;0.683974;9287;0.910727;244
48;0000111011100111010010001111000100011111010;0.919944;12491;0000111011100111011110001111000000001111010;0.69399;9423;0.912929;282
49;0000111011100111010010001111000100011111010;0.919944;12491;0000111101100111000110001011000101011111010;0.748196;10159;0.91632;333
50;0000111011100111010010001111000100011111010;0.919944;12491;0000111011100111110110001001000100011111010;0.661364;8980;0.916221;351
=============================================
geração;melhor;fitness;cobertura;pior;fitness;cobertura;média;ind_repetidos
0;1100011010110011010010011110011010010011100;0.832744;11307;1011101001010101000100001000111101100110111;0.1853;2516;0.488281;1
1;0111101010110011010010011110010010010011100;0.834438;11330;1111010000011110000101110011010011000100111;0.252909;3434;0.554285;2
2;0000101110111101110010101111000101100000110;0.856901;11635;1010111100010101110001100010101011001110001;0.254603;3457;0.623533;2
3;0000011111100111100010011111000100111000101;0.874135;11869;1010011000001101001001100010001100111111111;0.313301;4254;0.68596;1
4;0110111110000010010111011111000100010011010;0.86051;11684;0101100101100010101000111010101010110101101;0.314848;4275;0.722499;7
5;0010101111100011010100001111010100010001111;0.871189;11829;0011010100101101000100110100111010111001101;0.345854;4696;0.74366;3
6;1000011110110001111010001101000100011011110;0.880763;11959;1011010011001001010111010000011110110101001;0.362204;4918;0.767523;2
7;0000011110110111100011001111001100010011010;0.889233;12074;1101100010000111010111001110100100010111010;0.496612;6743;0.786694;2
8;0010101110110111000110001111010100010011010;0.88091;11961;1100101101101001101110000011011010011011000;0.484828;6583;0.80425;2
9;0000011110110011100011001111001100110011010;0.882825;11987;0111000100000001101111011001011111111000010;0.34902;4739;0.817557;6
10;0000011111100111100010001111000100010110111;0.896524;12173;1001011101110111000010111011000110000100110;0.429371;5830;0.823857;7
11;0000011111100111100110001111100100010001110;0.899838;12218;0110110010100111010100101011001000110001111;0.489174;6642;0.829986;5
12;0000011110110011101100001111000100011101110;0.90654;12309;0001101110001011100011001011001111001010110;0.483282;6562;0.834333;3
13;0000011110110111100010001111100000111010110;0.898733;12203;0110010110010001010010101010011101010111110;0.417219;5665;0.844401;4
14;0000011110110011000110101111000100011111100;0.899912;12219;0001111010110011101100001111010010001011010;0.688982;9355;0.85448;3
15;0000111111100011000010001111001100011101110;0.901679;12243;1000011010110011010111101001001101010011010;0.589041;7998;0.856889;7
16;0000111110100111000010001111001100011101110;0.903078;12262;0000111110010101001111111001000100010011110;0.600383;8152;0.86366;13
17;0000111110100111000010001111001100011101110;0.903078;12262;0001011010100011010111001101101000100111101;0.619532;8412;0.866159;5
18;0000111110100111000010001111100100011101110;0.90816;12331;0000111011100111100010001011011101000011110;0.619973;8418;0.870985;11
19;0000111010100111000010101111100100011101110;0.90816;12331;0000111100100111111010011011000010100011110;0.520401;7066;0.870505;8
20;0000011111100011011010001111000100011110110;0.908676;12338;0010111011100111101110001100000000100011111;0.582413;7908;0.873342;12
21;0000111110100111001010001111000100011111100;0.908897;12341;0001110110110111011010001011000100100011110;0.751142;10199;0.875744;7
22;0000111011100111000110001111000100011110110;0.918471;12471;0001111010000111110010101111001100000111010;0.681396;9252;0.879015;11
23;0000011011100111101010001111000100011110110;0.911474;12376;0001111010100111000110101010110100001011110;0.547061;7428;0.879173;9
24;0000011110110111100010001111000100011111010;0.912064;12384;0000110110110110100110001111100010000111110;0.598026;8120;0.880282;5
25;0000011110110111100010001111000100011111010;0.912064;12384;0011010011110011010010011101000110011111000;0.630063;8555;0.88032;9
26;0000011110100111010010001111000100011111110;0.913168;12399;0010110011110011011010001111100000001110110;0.578141;7850;0.880871;17
27;0000011011100111100110001111000100011111010;0.913095;12398;0000010011000111010110001111001100011111110;0.576963;7834;0.881962;12
28;0000111011100011000110001111000100011111110;0.913537;12404;0010111011000010100110011011000100111011110;0.743556;10096;0.88562;16
29;0000111011100111010010011111000100011111000;0.914199;12413;0000110001100011111010001110100101111100011;0.718294;9753;0.887623;16
30;0000111011100111010010001101000100111110110;0.913758;12407;0000111011100011110100101100000100111101101;0.757991;10292;0.888833;26
31;0000111011100111010010001111000100011111010;0.919944;12491;0100011011100111100010101010000100111110110;0.713507;9688;0.892805;25
32;0000011011100111100110001111000100011111010;0.913095;12398;0000111000110111110010101111000000011111010;0.726617;9866;0.891501;17
33;0000011111100111100010001111000100011111010;0.912874;12395;0011111010100111111010001011000000011111000;0.645898;8770;0.892401;11
34;0000111011100110100110001111000100011101110;0.917735;12461;0001011011100111110010101110000000111110100;0.769112;10443;0.892571;22
35;0000011110110111010010001111000100011111010;0.916409;12443;0010011001100011101110001111000000011111110;0.725733;9854;0.891026;22
36;0000011111100111010010001111000100011111100;0.916262;12441;0010011011100111010110001011000000011111110;0.639711;8686;0.892322;16
37;0000111010110111010010001111000100011110110;0.917882;12463;0000111011100111100111001001100000111101100;0.632125;8583;0.893388;23
38;0000111010110111010010001111000100011110110;0.917882;12463;0000110010110111010110111111000001011101000;0.656135;8909;0.894353;26
39;0000111011100111010010001111000100011111010;0.919944;12491;0000011101000111101010011111100000011101110;0.713581;9689;0.895472;29
40;0000111010110111010010001111000100011111010;0.918618;12473;0010111010000111110010011011000100011111010;0.602813;8185;0.89681;35
41;0000111011100111010010001111000100011110110;0.919208;12481;0101011011001111100010001111000100001111010;0.655398;8899;0.899598;70
42;0000111010110111010010001111000100011111010;0.918618;12473;0000111011110010100110101011000000111110110;0.789292;10717;0.902607;70
43;0000111011100111010010001111000100011110110;0.919208;12481;1000011100110101100110001111000100011101110;0.759685;10315;0.903672;90
44;0000111011100111010010001111000100011111010;0.919944;12491;0000111011100111000011101110000100011111100;0.769922;10454;0.905276;99
45;0000111011100111010010001111000100011110110;0.919208;12481;0000111011100111100010101110000100011110110;0.770879;10467;0.906517;132
46;0000111011100111010010001111000100011111010;0.919944;12491;0000010110110111010010001110000100111111110;0.766313;10405;0.906528;139
47;0000111011100111010010001111000100011111010;0.919944;12491;0000111010110111010010001011000000111111110;0.806083;10945;0.908273;164
48;0000111011100111010010001111000100011111010;0.919944;12491;0010111010110111011010001110000100011100110;0.781558;10612;0.911152;211
49;0000111011100111010010001111000100011111010;0.919944;12491;0000111011100111010010001110100010011111010;0.773825;10507;0.910617;227
50;0000111011100111010010001111000100011111010;0.919944;12491;0000110011100111010010001101101100011101110;0.668802;9081;0.911291;263
=============================================
geração;melhor;fitness;cobertura;pior;fitness;cobertura;média;ind_repetidos
0;0100111110110010101000111110010001011011000;0.849094;11529;1011110101101000100001100000111000101110111;0.182501;2478;0.494099;1
1;0010011110010010011011001111000000011101111;0.859184;11666;1110010100101001001001111001100111011001100;0.242156;3288;0.56171;6
2;0000011111110001101110011100110100101101000;0.856164;11625;0111101011001000110000101000111111100110100;0.285609;3878;0.634076;3
3;0000111110111011101010001111000001101000110;0.855722;11619;0110100001111001000100111000110001101011111;0.219767;2984;0.690232;4
4;0000111110100110000010001111101110010011110;0.870968;11826;1101100011110000010010001011101110010011011;0.352629;4788;0.737635;3
5;0000111111100011011110001101100000111101000;0.889822;12082;1110010110101100001110011000001111011001001;0.342981;4657;0.76936;2
6;0000011110100111101010011111000000110111001;0.885771;12027;1101101101010010000111101011000110011101000;0.394167;5352;0.792385;1
7;0000011111100111011000011101100100110001110;0.89181;12109;0011001100001101011110101101100010100011110;0.417219;5665;0.802589;3
8;0000011111100111011000011101100100110001110;0.89181;12109;1001101011010100101111011100110000010101001;0.479526;6511;0.818219;6
9;0000011111100010010010011111100110011111000;0.888349;12062;0100011010000011101110111101001001010101110;0.56923;7729;0.828637;3
10;0000111110100111010010001111100100010111010;0.900353;12225;1010110101001111010000011111000010010111010;0.444395;6034;0.834931;10
11;0000011110110111010010111111000000111100100;0.90352;12268;0110011110010011110101101101001100000110100;0.608484;8262;0.839999;2
12;0000011110110011011010011111000000111011010;0.898365;12198;0010011000110011100010011111100011101101100;0.586684;7966;0.844175;10
13;0000111110100111010010001111000100110111010;0.900427;12226;1000010110000111101001011101001110100101110;0.550965;7481;0.847725;9
14;0010111010100111001010111111000100011101000;0.902637;12256;0110100011100011011100001101010110011011100;0.621446;8438;0.851737;7
15;0000111110110011000110011111000000111110100;0.903447;12267;0110111010001111001100001101010010100111001;0.570629;7748;0.855984;8
16;0000011110110011010010001111000110011111010;0.904478;12281;0000110100110110111000011111100010100111010;0.524009;7115;0.858256;8
17;0000011110110111011010001101000100111101100;0.902784;12258;0100011001100111011010011101000111010111000;0.708425;9619;0.864908;8
18;0000111110110111001010001101000100011111100;0.907276;12319;0010110010100101011010111101100000011111100;0.585432;7949;0.870222;9
19;0000111110100011010010011111000000111111100;0.907497;12322;0000010100110111010110111101100100011111000;0.58499;7943;0.873384;5
20;0000111110100011010010011111000000111111010;0.908455;12335;0001110110110011100010011011100000111011010;0.734571;9974;0.875583;12
21;0000011110100111011010001111000100011110110;0.910075;12357;0100111010100111011010011001001100001101110;0.53734;7296;0.873388;17
22;0000111010110011010010011111000100111111000;0.908897;12341;0100010010110011011110011011100100011111000;0.494918;6720;0.876931;26
23;0000011110100111011010101101000100011101110;0.910001;12356;0000011100110011011110111001000100011110110;0.554795;7533;0.88152;29
24;0000011110110111010010101111000100011101010;0.912137;12385;0001011100110101100011001111000000111111010;0.78421;10648;0.884894;20
25;0000011111100011010110001111000100011101110;0.911327;12374;1000010110110111011110001110000000111101100;0.734276;9970;0.885789;18
26;0000011111100111010010001101000100111110110;0.911843;12381;0010010110100111110010101011000001110110110;0.718442;9755;0.888771;29
27;0000011110100111010010101111000100011101110;0.915378;12429;0100010110110011011010111011000100011010110;0.703859;9557;0.890085;24
28;0000011110100111010010101111000100011101110;0.915378;12429;0000011010110111011010101011000001011110110;0.646855;8783;0.890702;28
29;0000011111100111010010001111000100011110110;0.916483;12444;0000011101000111110010101101000100011111101;0.712255;9671;0.890449;38
30;0000011111100111010010001111000100011101110;0.916335;12442;0001011010111110011010001101001000011110110;0.773015;10496;0.892968;32
31;0000011110110111010010001111000100011111010;0.916409;12443;0010011100100100111010011111000100011101110;0.724481;9837;0.895147;47
32;0000011110110111010010001111000100011111010;0.916409;12443;0000011100100101011011001111000100111101110;0.752909;10223;0.89507;42
33;0000011111100111010010001111000100011101110;0.916335;12442;0100111001100111011010001101000100011101110;0.741125;10063;0.897082;53
34;0000111011100111010010001111000100011101110;0.91906;12479;0000010110100111110010101011000100011111110;0.732067;9940;0.89823;56
35;0000111011100111010010001111000100011101110;0.91906;12479;0100010101100110111010001111000000111111100;0.801075;10877;0.899798;58
36;0000111011100111010010001111000100011101110;0.91906;12479;0100001110110111011010001110000100011101110;0.828914;11255;0.900617;64
37;0000111011100111010010001111000100011111010;0.919944;12491;0000111011000011010011101111100000011110110;0.771984;10482;0.901998;72
38;0000111011100111010010001111000100011111010;0.919944;12491;0000111000100111011010001111010000011111110;0.735307;9984;0.902243;83
39;0000111011100111010010001111000100011111010;0.919944;12491;0000111010100111010010011110000100011111110;0.778392;10569;0.90326;99
40;0000111011100111010010001111000100011111010;0.919944;12491;0001111010100111010010001011000110011111100;0.799529;10856;0.905286;128
41;0000111011100111010010001111000100011111010;0.919944;12491;0000111001101011011110001110000100011101110;0.733171;9955;0.906717;146
42;0000111011100111010010001111000100011111010;0.919944;12491;0000111011100011010010011011001100011101110;0.796877;10820;0.908625;183
43;0000111011100111010010001111000100011101110;0.91906;12479;0100011011100111010010011011000100011110110;0.793195;10770;0.909218;207
44;0000111011100111010010001111000100011111010;0.919944;12491;0001011011110111010010001110000000111111100;0.769922;10454;0.910863;241
45;0000111011100111010010001111000100011111010;0.919944;12491;0000111010100111100110001110000100111101110;0.807483;10964;0.912143;265
46;0000111011100111010010001111000100011111010;0.919944;12491;0000111010110111010010001011000100011110111;0.803211;10906;0.911903;284
47;0000111011100111010010001111000100011111010;0.919944;12491;0000011011100111010010001110000110111110110;0.8038;10914;0.91386;311
48;0000111011100111010010001111000100011111010;0.919944;12491;0000011111100111010010001011100100011110110;0.845191;11476;0.914826;322
49;0000111011100111010010001111000100011111010;0.919944;12491;1000111011100111010010001110000100011111010;0.783547;10639;0.915158;337
50;0000111011100111010010001111000100011111010;0.919944;12491;0000111011100111110010001110000100011110110;0.787598;10694;0.9162;348
=============================================
geração;melhor;fitness;cobertura;pior;fitness;cobertura;média;ind_repetidos
0;0100011110110111101100001100010100110111000;0.863161;11720;1000100100111101101000011000001011111111001;0.188909;2565;0.49085;1
1;0001111111100001101010100101010111010000110;0.849904;11540;1110011101001101100001110010101010011010010;0.215496;2926;0.564918;1
2;0001101110100001100100111110011101010101010;0.841729;11429;1101110101101100111000010010010101011010001;0.257107;3491;0.617051;6
3;0010101010100011000111111111000111010000110;0.846885;11499;1011101001000100111110000010011001011110110;0.268081;3640;0.670418;3
4;0000011111101001110110001110010000111111000;0.87546;11887;1111010101110000110011010010011000110011010;0.261379;3549;0.71303;6
5;0000011011101001110110001110010000111111100;0.855722;11619;1001000101001011100100111111100110101110000;0.427088;5799;0.744392;4
6;0000011111101001110110001110110000110010110;0.867875;11784;0100111001101101010110000010000011110111101;0.371704;5047;0.766012;6
7;0010101110100011111010011100010000111110100;0.87303;11854;0001110011000011111001110110011001010100011;0.471351;6400;0.783774;2
8;0000011111100111111100001111001010011100000;0.880395;11954;1001101011010100010111001000010101011011110;0.350125;4754;0.798461;2
9;0000011111100011100111001110010100011110010;0.888054;12058;0100110101000011110011001110110001110011001;0.488143;6628;0.814861;4
10;0000011111100011100111001110010100011110010;0.888054;12058;0001111001000011101110011100001100111000111;0.556341;7554;0.822844;3
11;0000111111100010100111001110010100011110010;0.885477;12023;0001111100110101101011001011110101001100000;0.462955;6286;0.825891;6
12;0000011111100011010100011111001100011111000;0.891589;12106;0110010111010110010000111110110100000111010;0.516203;7009;0.835204;10
13;0000011111100110110010011101100000111101010;0.889233;12074;0101010111100110010110001101001010011111000;0.602813;8185;0.839673;6
14;0000111111100011000111011111000100011101000;0.89645;12172;0000111101100110110011010101000111000110011;0.550302;7472;0.846604;6
15;0000111111100011000111011111000100011101000;0.89645;12172;0100111010110101101110100101010010100001110;0.671086;9112;0.852113;4
16;0000011110100110101010011101010100011110110;0.897334;12184;0000110110110110011110011010010101000011011;0.481882;6543;0.852188;6
17;0001011110100110110010001101000100111101110;0.903447;12267;0000111101100101001111011001001110100010110;0.427824;5809;0.85786;7
18;0001011110100110110010001101000100111101110;0.903447;12267;0001111001110110011010001111010100001011010;0.615555;8358;0.862853;5
19;0000111110100110110010001101000100111101110;0.908455;12335;1001011010110111001111101101000100001101000;0.66269;8998;0.864763;6
20;0000111111100011010010111111000100010111000;0.901827;12245;1000111001101101001110001101000110011100011;0.584843;7941;0.865359;4
21;0000111110100010100110101111000100011101110;0.903962;12274;0010110101110110010010101111100000011100110;0.586169;7959;0.865472;11
22;0000011110100110101010111111000000011111010;0.905583;12296;0001111001100110111010011111001000101101000;0.601856;8172;0.867746;5
23;0000111111100010101010011101000100011111010;0.906614;12310;0001111011000011101111110101100000010110001;0.567904;7711;0.8725;15
24;0000111111100110100110001111000100011101010;0.907129;12317;0001111000100010101111101101100100011101010;0.708646;9622;0.875337;6
25;0000011111100011101010111111000000011111000;0.905951;12301;0000111011110111000110101101001101001100010;0.659375;8953;0.875519;10
26;0000011110100110101010101111000100011101110;0.911769;12380;0000111011100111100010111101100100001101100;0.669244;9087;0.878078;15
27;0000111111100111010110001111000100011101000;0.908529;12336;0011110011000111001010011111000100011100110;0.575563;7815;0.877768;9
28;0000111111100111000110001111000100011111000;0.912358;12388;0000111011100111101010101001000100011011110;0.663352;9007;0.88012;13
29;0000111011100110100110001111000100011111010;0.915083;12425;0111010011100110101010011110001100001111000;0.469068;6369;0.881237;11
30;0000111111100111000110001111000100011111000;0.912358;12388;0100011111100111101010111001000100001111000;0.600015;8147;0.884546;19
31;0000011110100111011010001111000100011101110;0.911695;12379;1000110011110111101010111101000100011100000;0.664604;9024;0.885411;14
32;0000111110100111000110001111000100011110110;0.913242;12400;0000010101100111011010111101100100011111000;0.601119;8162;0.887322;21
33;0000111011100111000110011111000100011111000;0.913242;12400;0000111011100011101011001110000101011011010;0.770585;10463;0.88963;14
34;0000111110100111010010001111000100011111100;0.913684;12406;0000011110100111010111101011000100101011100;0.811975;11025;0.889856;20
35;0000111011100111010010101111000100011101010;0.915672;12433;0010011100100111111010011110000100011100110;0.744587;10110;0.890635;23
36;0000011111100111010010001111000100011111100;0.916262;12441;0000111011100010110010101110001100111111000;0.797172;10824;0.8934;28
37;0000011011100111010010101111000100011101110;0.916777;12448;0001111001100011001110101101100100011111000;0.736117;9995;0.894174;29
38;0000111011100111010010101111000100011101100;0.91582;12435;0100111011100011101010011001000100011111010;0.664015;9016;0.893122;41
39;0000011011100111010010101111000100011101110;0.916777;12448;0000111011100011001010101110000100011111110;0.785462;10665;0.896011;49
40;0000111011100110101010001111000100011101110;0.91663;12446;0100110111100110001010101001100100011111010;0.529386;7188;0.895328;40
41;0000111011100110101010001111000100011101110;0.91663;12446;0000010111100111011010101110000100011101110;0.753204;10227;0.896506;53
42;0000111011100111010010001111000100011101110;0.91906;12479;0000010100100111110110111101000100011101110;0.608337;8260;0.895767;46
43;0000111011100111010010001111000100011101110;0.91906;12479;0001011110000110101010101110000100011111110;0.761231;10336;0.896434;41
44;0000011111100111010010001111000100011111010;0.917219;12454;0000011011100111110010101110000100011101011;0.773752;10506;0.898598;53
45;0000011111100110110010001111000100011101110;0.918029;12465;0000011101100111101010001011000101011101110;0.763883;10372;0.899031;48
46;0000011111100110110010001111000100011101110;0.918029;12465;0001011001100111010010101111010100001111100;0.628443;8533;0.898971;66
47;0000011111100110110010001111000100011101110;0.918029;12465;0000010010100111111010101101000100011111110;0.665488;9036;0.898865;63
48;0000011111100110110010001111000100011101110;0.918029;12465;0011011111100101010010010110000100011111100;0.803506;10910;0.901455;66
49;0000011111100110110010001111000100011101110;0.918029;12465;0001010011100110101110101111000000011101110;0.66976;9094;0.901192;78
50;0000011111100110110010001111000100011101110;0.918029;12465;0000011011100111100010001011100100011111101;0.773089;10497;0.903909;105
=============================================
geração;melhor;fitness;cobertura;pior;fitness;cobertura;média;ind_repetidos
0;0000111111100001011010100101110101111000100;0.848726;11524;1011101000101000001000110000111110101110111;0.170791;2319;0.477709;1
1;0000111111110001011010100111010001100011010;0.854986;11609;1101100000111000111000110001101111000011110;0.204227;2773;0.546755;1
2;1000111010100111011000001101111000111100010;0.861025;11691;1111010001101101100100011100011001001011100;0.239873;3257;0.613778;3
3;0000111110100011011100111101000000111001011;0.866033;11759;1100011000101100101101111010100101100001110;0.263146;3573;0.673785;2
4;0000111111100011011100111101000000111110000;0.881647;11971;1011110000101001000001100110001001111011111;0.272794;3704;0.709748;7
5;0000111111100011011100101101000000111110010;0.887907;12056;1100010110101010011101110011100110001001001;0.394388;5355;0.750168;4
6;0001111110110010110010101101000000111110010;0.878038;11922;0101101100010111011110000001101010110110010;0.41442;5627;0.781153;5
7;0000011110110111101010011101000100110110010;0.89262;12120;0011001101111111000000111010110000100101011;0.366549;4977;0.790245;5
8;0000011111100011101111001110011000011101000;0.877522;11915;0100010101100100111011100111001010010001111;0.441891;6000;0.802876;5
9;0000011110110111101010011101000100011110001;0.892694;12121;1001101001001111101010011010110001001110001;0.375976;5105;0.813754;8
10;0000011110100010110010011111100001111011100;0.887023;12044;1100101011010111101011100100000001011110100;0.443512;6022;0.821982;4
11;0000011110100011011010011101000100011111110;0.901237;12237;0000111100110111101010011001000101010100111;0.551701;7491;0.833817;4
12;0000111110100111011010101111000100000011110;0.894167;12141;0100110100110000111011111111101000011010000;0.478347;6495;0.838877;4
13;0000011110100111011010101111000100010011110;0.896303;12170;0000010110101011110100111010110010010101110;0.456474;6198;0.844314;6
14;0000111011100010100110011111000100011110110;0.907056;12316;0000010110110011101101011101000101001011110;0.565989;7685;0.852566;7
15;0000111110100111011010101111000100011101000;0.900795;12231;0001011010000110101011011110111100000110110;0.650685;8835;0.856916;5
16;0000111010110110100011001111000100011101110;0.909707;12352;0001111000110110101010011001110000101111100;0.552217;7498;0.858757;6
17;0000111010110110100011001111000100011101110;0.909707;12352;1010110011100010100011101111100000010100111;0.626307;8504;0.865766;7
18;0000111010100110110010011111000100011111010;0.907645;12324;0101111101100110101100111011000000010001110;0.522242;7091;0.867706;4
19;0000011111100010110010011111000100011111010;0.910885;12368;0000111110100111001010111001110000010111100;0.701061;9519;0.873246;11
20;0000011110110011010010011111000100011110110;0.908602;12337;0001111110010011101000101001100100011101110;0.636544;8643;0.876889;10
21;0000111111100011001010101111000000011111010;0.906761;12312;0000111011100011011011011001000100011111100;0.665415;9035;0.878175;7
22;0000111010110111000010001111100100011101110;0.912137;12385;0000110110100011011110011110000101011111000;0.746649;10138;0.880728;16
23;0000111110110011010010001111000100011111100;0.911474;12376;0000110011100011011011101111000000011011110;0.665488;9036;0.882944;12
24;0000011110110011011010001111000000011111110;0.906024;12302;0000111000101110101010011011001100111010110;0.711592;9662;0.883376;19
25;0000111110100111001010001111000100011101110;0.910664;12365;0000111010110110111010001101000110000111110;0.685152;9303;0.885582;12
26;0000111110100111000110001111000000111111010;0.912064;12384;0000111001110011011010011111000000100111110;0.634851;8620;0.885833;11
27;0000011110100111100110001111000000111111010;0.909633;12351;0010111001100110101110101111000000011010110;0.707173;9602;0.884816;10
28;0000111010110110100010101111000100011111100;0.914273;12414;0100111010100111010110011011000000011111100;0.640595;8698;0.885279;17
29;0000011111100110110010001111000100011111010;0.913463;12403;0000111101100110100010101110000101011111100;0.710046;9641;0.888222;14
30;0000111011100110100110001111000000111111010;0.911843;12381;0000111011100110101110001011100000011101110;0.673663;9147;0.888644;24
31;0000111011100110100110001111000100011111010;0.915083;12425;0100110010110111100110001111000000011101110;0.668213;9073;0.887927;15
32;0000111011100111000110001111000100011111100;0.91825;12468;0000110010110110101011101111000010011011010;0.66976;9094;0.887947;17
33;0000111011100111000110001111000100011111100;0.91825;12468;1000110011100111011001001111000100001111010;0.616438;8370;0.88591;15
34;0000111011100111000110001111000100011111010;0.919502;12485;0010111011100110101010111011000000011101100;0.66129;8979;0.888506;16
35;0000111010110111010010001111000100011111010;0.918618;12473;0000110100110111001110101111000000011101110;0.625718;8496;0.890094;21
36;0000111011100111010010001111000100011111010;0.919944;12491;0000111001100111010110001111000100001111110;0.633525;8602;0.889924;14
37;0000111011100111010010001111000100011110110;0.919208;12481;0000110010110111011010001111000000011111110;0.683017;9274;0.891327;22
38;0000111011100111010010001111000100011110110;0.919208;12481;0100111110000111010110011011000000011111010;0.630137;8556;0.893442;34
39;0000111011100111010010001111000100011111010;0.919944;12491;0000111100101111001011011111000000001111010;0.632273;8585;0.892584;24
40;0000111011100111010010001111000100011111010;0.919944;12491;0100110010110011001110011111000001011101100;0.648034;8799;0.892088;25
41;0000111011100111010010001111000100011101110;0.91906;12479;0000111100110100101010101111000100111111000;0.758138;10294;0.893626;24
42;0000111011100111010010001111000100011111010;0.919944;12491;0001111010110110100010111110000100011101010;0.759464;10312;0.895216;34
43;0000111011100111010010001111000100011111010;0.919944;12491;0000111011001111000110101011000100011111010;0.572249;7770;0.893968;26
44;0000111011100111010010001111000100011111010;0.919944;12491;0000111101000111001011011111000000011110110;0.716011;9722;0.896524;43
45;0000111011100111010010001111000100011111010;0.919944;12491;0000111001100111010010111111000000011110110;0.724113;9832;0.898152;49
46;0000111011100111010010001111000100011111010;0.919944;12491;0000111000110111101011001101000100011110110;0.734792;9977;0.898427;47
47;0000111011100111010010001111000100011111010;0.919944;12491;0000010010010111110110011111000100011101110;0.58639;7962;0.898117;61
48;0000111011100111010010001111000100011111010;0.919944;12491;1000111010110011100110001011000100011111010;0.792311;10758;0.902653;68
49;0000111011100111010010001111000100011111010;0.919944;12491;1000011011100111011010011110000100010111100;0.766387;10406;0.906423;109
50;0000111011100111010010001111000100011111010;0.919944;12491;0000111010110101011010101110000100011101110;0.780675;10600;0.908081;161
=============================================
geração;melhor;fitness;cobertura;pior;fitness;cobertura;média;ind_repetidos
0;0010011011110110110110000111011000010111000;0.827662;11238;1110010001011100000010110110010011001101111;0.198262;2692;0.47956;1
1;0010011011110110110110000111011000010111000;0.827662;11238;0000100101111001001101111011100101100101001;0.256371;3481;0.553924;2
2;0010101110110011100110011111001000011001100;0.849315;11532;1101011100101000011000100010100010011111111;0.288334;3915;0.64129;3
3;0010101110110011000110001111000111100001110;0.861246;11694;1011001001100101011001100011001011010101011;0.246723;3350;0.697263;5
4;0011011111100001011010101111000000100110110;0.863087;11719;0101110111000001101100100010101101101010101;0.358668;4870;0.732728;3
5;0100011010110110100010101111000110010011110;0.887318;12048;1110000010111111000110000000111110101001101;0.349904;4751;0.755385;3
6;1000101110100011111000011111000100011101010;0.87465;11876;1010111001100101010001001111010011000100111;0.404993;5499;0.779059;4
7;0000011111100101010010101111100000111011010;0.889895;12083;0101101001000101101011100111000000100111111;0.413168;5610;0.797169;7
8;0000011011100011011010101111010100011111000;0.890706;12094;0101011000111100011011001111100010011011000;0.529165;7185;0.815199;4
9;0000011111100101010010101111100000111011010;0.889895;12083;1010000010010011101100111111000011110101010;0.499558;6783;0.822733;5
10;0000011110110010110010001111000100111111001;0.883635;11998;1010100110011011001111010110110100001011000;0.523788;7112;0.825606;2
11;0000011010110110101110011111100000111101000;0.891589;12106;0010101010111010101110101000110110101100001;0.504493;6850;0.837144;7
12;0010011110100111010010111111000100111100000;0.894462;12145;1000011010110011110010101001110000010111101;0.558919;7589;0.845555;5
13;0000011111100111011000101111100000010011110;0.892841;12123;1001110010100011100010111110011100001001101;0.559582;7598;0.848197;6
14;0010111011100011111010101101000100111100000;0.890779;12095;0110011101100100101010101111100001101011000;0.704227;9562;0.853757;4
15;0000011110110111101110001111000100011101000;0.904183;12277;0010110010110010111010101011001110100001110;0.472161;6411;0.853106;7
16;0000111110110011010010101111000000111111000;0.901532;12241;1000000110110111101111101111000000001110010;0.571513;7760;0.857507;9
17;0000011110110011011010011101000100011111100;0.907129;12317;1001101000000011111000101111100110011101100;0.61607;8365;0.864065;8
18;0000011110110011011010011101000100011111100;0.907129;12317;0000110010110011001110001111110110001111000;0.605317;8219;0.86466;3
19;0000011110100111010110001111000100011111010;0.910296;12360;0001111100101011011010011011000010011011010;0.566799;7696;0.868561;8
20;0000111010110011001110001111000100011111010;0.910812;12367;0010111110001110100010111011000010011100011;0.576374;7826;0.870597;13
21;0000111110100110101010001111000100011101110;0.911548;12377;0011000110110111001010001011100000011111110;0.493593;6702;0.872015;6
22;0000111110100111010010101111000100011101010;0.91037;12361;0000111010110111110010001001100100011101110;0.658492;8941;0.875336;9
23;0000111010110111010010101111000100011111000;0.911033;12370;0010100100010010011110011111001100011111100;0.46266;6282;0.877217;13
24;0000011110110110100010101111000100011111010;0.914199;12413;0000010110110011011010100101100101001111011;0.541611;7354;0.878108;11
25;0000011110110110100010101111000100011111100;0.913905;12409;0010111111000011101111001011000010010011100;0.611946;8309;0.879668;13
26;0000111010110110100010101111000100011111100;0.914273;12414;0000010110110111101010011101100100001111100;0.581455;7895;0.879199;7
27;0000111011100110100010101111000100011111100;0.915746;12434;0000011010110111001010101001101100101111100;0.547503;7434;0.883131;10
28;0000111011100110100010101111000100011111100;0.915746;12434;0000111100010111011001101111000100001011110;0.612461;8316;0.884787;11
29;0000011110110111010010001111000100011111010;0.916409;12443;0010111010110111011010101011000100001111000;0.58499;7943;0.883448;17
30;0000111010110110101010001111000100011101110;0.915157;12426;0001110001100111011010001111000001011101110;0.51473;6989;0.883025;12
31;0000011110110110100010101111000100011111100;0.913905;12409;0001111011100111011000011001001110011101000;0.646561;8779;0.886703;10
32;0000011110110110110010001111000100011101110;0.917072;12452;0000110110100111010110101111000000001111110;0.606864;8240;0.885402;14
33;0000011110110111010010001111000100011111010;0.916409;12443;0000011100110101110010011110000110011101110;0.628001;8527;0.888307;8
34;0000111011100111010010001111000100011111010;0.919944;12491;0001011010110111100010101110000000111111100;0.756444;10271;0.890061;19
35;0000111010110011010010011111000100011111010;0.915378;12429;0000111011100110111011001101000000011111010;0.796583;10816;0.891207;21
36;0000111011100111010010001111000100011111010;0.919944;12491;0000111000111011010010011111000000011111110;0.708425;9619;0.8923;20
37;0000111011100111010010001111000100011111010;0.919944;12491;0000111010110111101010011011000110001110010;0.576963;7834;0.891078;22
38;0000111011100111010010001111000100011111010;0.919944;12491;0000110000110111011010001111000001111011110;0.535351;7269;0.892102;24
39;0000111011100111010010001111000100011111010;0.919944;12491;0001111000110111100010101111000000101111010;0.632346;8586;0.89221;22
40;0000111011100111010010001111000100011111010;0.919944;12491;0000111011100111010010101010000100110111110;0.724775;9841;0.895921;34
41;0000111011100111010010001111000100011111010;0.919944;12491;0000010011100111111010101111000100001111010;0.621446;8438;0.89573;27
42;0000111011100111010010001111000100011111010;0.919944;12491;0000111011010111010010001011001100011111010;0.587789;7981;0.89686;31
43;0000111011100111010010001111000100011111010;0.919944;12491;1000111010110011001010101110001100011101100;0.767271;10418;0.89929;44
44;0000111011100111010010001111000100011111010;0.919944;12491;0000111011100110100010101110000100011101111;0.769185;10444;0.899746;64
45;0000111011100111010010001111000100011111010;0.919944;12491;1000111011100110100110101001000100011101110;0.645603;8766;0.900076;78
46;0000111011100111010010001111000100011111010;0.919944;12491;0000111010110111011010000110000100111101110;0.809177;10987;0.90367;101
47;0000111011100111010010001111000100011111010;0.919944;12491;0010101010100111110010101011000010011111010;0.620636;8427;0.903161;119
48;0000111011100111010010001111000100011111010;0.919944;12491;0000111011100111100010101110000100011101110;0.773678;10505;0.904654;112
49;0000111011100111010010001111000100011111010;0.919944;12491;0000111001100110001010101111001100001111110;0.61688;8376;0.906232;146
50;0000111011100111010010001111000100011111010;0.919944;12491;0001111010110110110000101110000100011101110;0.768375;10433;0.907978;172
=============================================
geração;melhor;fitness;cobertura;pior;fitness;cobertura;média;ind_repetidos
0;0101011111100110010010101100110100111000100;0.848726;11524;1011101000001001011000001010011111101100111;0.208131;2826;0.486073;1
1;0100101111100110010010101100110100111001100;0.848358;11519;0011101001010001100100011000111010101011111;0.206363;2802;0.558723;4
2;0100101111100110010010101100110100111001010;0.847621;11509;1100010100010001110010010001101111110101101;0.240021;3259;0.618202;4
3;1001011011101011010100101111000101010011000;0.853439;11588;0101001100011110101100001000110100101101111;0.288629;3919;0.679274;2
4;0000111111100111010000101111100000110101001;0.857711;11646;1111101100010101100001100001001101011010011;0.217484;2953;0.720628;4
5;0000111111100111010000101111100000110011100;0.889085;12072;1001000111001100010100111011000011111011001;0.29673;4029;0.748337;3
6;0000111110010011100010011111001000111101010;0.877228;11911;0010100011111100101001010011010101101100011;0.386066;5242;0.772885;6
7;0001111110010011100010001111001000111101010;0.874797;11878;0011110101101011011010001011001000110101001;0.448667;6092;0.791745;4
8;0000111111000111000010011111001000111101010;0.880247;11952;0101100001001111001000101110111110011000110;0.374945;5091;0.793707;3
9;0000111110100011101010101110010101010011010;0.87848;11928;0011000100110001110000011110111001100111110;0.355207;4823;0.808166;3
10;0000111110110011000110101111000100110011010;0.892547;12119;0100000111000011110101111011000001111011010;0.45316;6153;0.816586;2
11;0000011110100111010100111101000100110111010;0.890853;12096;1100010011001011101011010101011111010000100;0.508838;6909;0.830601;2
12;0000011011100110100110011111110100010011100;0.88938;12076;0001100100110010101110000101101001111001111;0.527766;7166;0.84054;3
13;0010111010110011000011111111000000111101000;0.895714;12162;1010111111001011000100111011000000101110010;0.506334;6875;0.844492;3
14;0000011110101111110010001111000000111100110;0.893872;12137;0100111000100110100110101111010110001000111;0.581529;7896;0.851137;4
15;0000111110100110101110011111000000111100010;0.895493;12159;0100010011000110100110011111110100010101011;0.606201;8231;0.854607;3
16;0000111110100110101110011111000000011110010;0.898586;12201;0010101010100001110111001001001101101111100;0.507291;6888;0.85932;10
17;0000111111100111000110101111000000110111000;0.900353;12225;0001110011001011001010011101000100110111110;0.553763;7519;0.860807;12
18;0000011110110011100010011111000000111111100;0.90654;12309;0001111111001011001010011101000000100111110;0.640816;8701;0.865882;4
19;0000011111100010100110011111000000111111010;0.90897;12342;0000111000110110011010001111101010101110010;0.579467;7868;0.867648;5
20;0000011111100010100110011111000000111111010;0.90897;12342;0001111010101010001110101001100100011111010;0.644719;8754;0.871182;11
21;0000111011100011000110011111000000111111010;0.912432;12389;1001110001000011110011011111010000110011100;0.546251;7417;0.871435;13
22;0000111011100011000110011111000000111111010;0.912432;12389;0001011010111011101010111001000000110110110;0.613566;8331;0.872866;9
23;0000111011100011000110011111000000111111010;0.912432;12389;0000011111000111101110001011000001011111100;0.620047;8419;0.878192;16
24;0000111011100011000110011111000000111111010;0.912432;12389;0000111110011011010010101101010000101111100;0.661659;8984;0.881125;22
25;0000011110110011010010011111000000111111100;0.910149;12358;0010110100010011101110011101000100011111100;0.499484;6782;0.880659;16
26;0000011110110011010010011111000000111111100;0.910149;12358;0000110010110111000110011111010001101101010;0.587126;7972;0.883779;16
27;0000111110110011010010001111000100011111100;0.911474;12376;0000110100110011100110111111000000011110110;0.612756;8320;0.88234;17
28;0000111110110011010010001111000100011111010;0.912432;12389;0100111001000011000110011111000000111111110;0.642952;8730;0.885802;15
29;0000111010110011000110011111000000111111010;0.911106;12371;0100110100100110110010011100110100011111100;0.588746;7994;0.884993;16
30;0000111110100111000110001111000100011111010;0.914273;12414;0010011100110111010110011110000000111011010;0.726838;9869;0.885448;8
31;0000111110100111000110001111000100011111010;0.914273;12414;0100111001100011000110111111000000011111010;0.703196;9548;0.886785;8
32;0000111110100111000110001111000100011111010;0.914273;12414;1000111011000111100110001011000100011111010;0.581529;7896;0.886689;16
33;0000011110110111010010001111000000111111010;0.914126;12412;1000010110110111010010011110000000111111010;0.727427;9877;0.885384;15
34;0000011110110111010010001111000100011101110;0.915525;12431;0000110011100111001010011011001000111111010;0.520253;7064;0.888297;22
35;0000011110110111010010001111000100011101110;0.915525;12431;0000111001100111000110011110000000111111101;0.72043;9782;0.88765;19
36;0000011110110111010010001111000100011101110;0.915525;12431;0000111010100111101010011101000100001111101;0.684416;9293;0.889781;17
37;0000011110110111010010001111000100011101110;0.915525;12431;0000111011100111010110011011000000011111100;0.654588;8888;0.891005;23
38;0000111011100111000110001111000000111111010;0.916188;12440;0001011010010011001110001111000001101111101;0.656061;8908;0.891233;19
39;0000111010100111010010101111000100011101110;0.916998;12451;0100111010111011001010111111000000001111000;0.677125;9194;0.893258;19
40;0000111010100111010010101111000100011101110;0.916998;12451;0000111010101111010110001011000100001111110;0.561055;7618;0.891321;27
41;0000111011100111000110001111000100011111010;0.919502;12485;1000111011110010000110011011000000111111010;0.7602;10322;0.894541;33
42;0000111011100111010010001111000100011111010;0.919944;12491;0000110111100111110110001001000000111111100;0.533878;7249;0.894939;42
43;0000111011100111000110001111000100011111010;0.919502;12485;0000110010110011001110011011100000111111010;0.526587;7150;0.89679;46
44;0000111011100111000110001111000100011111010;0.919502;12485;0010011100101111010010101011000100011101110;0.742377;10080;0.898257;55
45;0000111011100111010010001111000100011111010;0.919944;12491;0000110001110111010010001111000100111111100;0.756371;10270;0.900182;45
46;0000111011100111010010001111000100011111010;0.919944;12491;0001111001100111010010101111000100001111010;0.643173;8733;0.898567;58
47;0000111011100111010010001111000100011111010;0.919944;12491;1000111011100111000010101110000100011101110;0.763662;10369;0.900796;70
48;0000111011100111010010001111000100011111010;0.919944;12491;1010111011000111010010001111000000011111010;0.780527;10598;0.90327;72
49;0000111011100111010010001111000100011111010;0.919944;12491;0000111011100111000110011110000100011101110;0.777287;10554;0.903285;92
50;0000111011100111010010001111000100011111010;0.919944;12491;0000111010100111010110101110000100011111010;0.777066;10551;0.904358;104
=============================================
