geração;melhor;fitness;cobertura;pior;fitness;cobertura;média;ind_repetidos
0;0011011110100111101100001111010100100000101;0.562159;7633;0101110001011111001100000010101011010110011;0.0633378;860;0.188167;1
1;0010011110100110101100001111010100011111000;0.62071;8428;0111110101000101000001101100011001000111111;0.0589188;800;0.217704;1
2;0010011110100110101100001111010100011111000;0.62071;8428;0110111001011001001011100111101000000101101;0.118648;1611;0.25981;3
3;0010011110100111101100001111010100011101000;0.634924;8621;0011101100010110001011000011010010100111111;0.129842;1763;0.287289;2
4;0010011110100111101100001101010101110011000;0.622698;8455;0111101001100001000110111111000011000101110;0.138975;1887;0.328059;3
5;0000011110100111101100000111010100111001101;0.652011;8853;1110010010111001101100001011010101011101000;0.157019;2132;0.362028;3
6;0000011110110001101110101111110101110000000;0.660922;8974;0010011010110001101011000011111101100111000;0.226175;3071;0.392548;2
7;0000011110110001101110101111110101110000000;0.660922;8974;1010000011100010011100101011010101011011011;0.239652;3254;0.442775;2
8;1000111110100011101110100101110100110010000;0.673884;9150;1010011110110000101110100001100100111010101;0.196494;2668;0.493636;3
9;1000011110100011101110001111010101110001000;0.706731;9596;0010011100110000101110100101100100111011101;0.161364;2191;0.510551;2
10;0000011110100011011010011111010100111001100;0.703417;9551;0011001100100111101110001011000110111100100;0.248932;3380;0.546489;2
11;0000111110100011101110001111010110110000001;0.727353;9876;0001010111100111101110000110110011100000110;0.310134;4211;0.574649;4
12;0000011110100011011110011111010100111100000;0.707763;9610;0100101101101010011110001111100100011010001;0.20408;2771;0.589847;3
13;0001011110101011111110000111010101110000000;0.716821;9733;1000011101100101101110100011110000110101010;0.162984;2213;0.61084;2
14;0000111111100011101110001111010101110000000;0.728237;9888;0000010110101011100110100110011100011111100;0.301075;4088;0.631392;6
15;0011011110100011111110000111010101110000000;0.720725;9786;0000001100101111101010100111010001111001101;0.363087;4930;0.643766;2
16;0000111110101011101110001111010101110000000;0.725806;9855;0000011110100111011010011011000100011111100;0.332671;4517;0.651249;4
17;0000111110101011101110001111010101110000000;0.725806;9855;0110011110100011011000010101111001110001100;0.372146;5053;0.655882;6
18;0000011110100111111110101111010100110000000;0.725365;9849;1000011100100111011010101111110101010001000;0.398807;5415;0.654825;8
19;0010011110100011111110101111010100110000000;0.728163;9887;0001011110010011101110011100010111110000010;0.323906;4398;0.667009;7
20;0000111110100011011110011111010101110000000;0.731698;9935;0000111010101011110110100111010111010100000;0.444911;6041;0.672325;6
21;0000111110100011111110101111010100110000000;0.743408;10094;0011000010101011011110000111011100111001001;0.385992;5241;0.683797;7
22;0000111110100011111110101111010100110000000;0.743408;10094;0000111110010011111110000011010110110010010;0.371115;5039;0.675611;4
23;0000111110100011111110101111010100110000000;0.743408;10094;0001011010101011111110101011010101110000000;0.374797;5089;0.687656;12
24;0000111110100011111110001111010100110001000;0.742967;10088;1000111010100011011110101011111100110000000;0.379216;5149;0.695575;9
25;0000111110100011111110001111010100110100000;0.739726;10044;0000111011111111101110001110010101100000000;0.359405;4880;0.698443;10
26;0001111110100011101110001111010100110000010;0.743482;10095;0000110110101011111010000111010111110000010;0.558919;7589;0.707548;15
27;0001111110100011101110001111010100110000010;0.743482;10095;0000011111100111111110101111010000010001000;0.478274;6494;0.709288;16
28;0000111110100011111110001111110100110000000;0.745102;10117;0100110010100011111110001111011101110000000;0.445353;6047;0.714743;13
29;0000111110100011111110001111110100110000000;0.745102;10117;0100111110000011101110001111110100010000011;0.461335;6264;0.708645;17
30;0000111110100011111110001111110100110000000;0.745102;10117;0000110110100011111110000111010100110101010;0.581161;7891;0.714748;14
31;0001111110100011111110001111010100110000000;0.751583;10205;0100110110100011111100001111010100110011000;0.544557;7394;0.722153;24
32;0001111110100011111110001111010100110000000;0.751583;10205;0001111110001001111110001111011000110001000;0.379585;5154;0.713251;24
33;0001111110100011111110001111010100110000000;0.751583;10205;0000111100101011111111001101011100110000000;0.416998;5662;0.719168;29
34;0001111110100011111110001111010100110000000;0.751583;10205;0001110110100011111110001011110100110000001;0.379143;5148;0.717893;28
35;0001111110100011111110001111010100110000000;0.751583;10205;0000110110100011110110001111010101110001100;0.579393;7867;0.724851;38
36;0001111110100011111110001111010100110000000;0.751583;10205;0100111110100011100110101011010101110000001;0.585285;7947;0.730314;39
37;0001111110100011111110001111010100110000000;0.751583;10205;0001110110100011111110001111010100110000001;0.588452;7990;0.729728;52
38;0001111110100011111110001111010100110000000;0.751583;10205;0000111100101011111110001111010100110001000;0.587789;7981;0.727402;51
39;0001111110100011111110001111010100110000000;0.751583;10205;0100110110100001111111001111010100110001000;0.521947;7087;0.726529;49
40;0001111110100011111110001111010100110000000;0.751583;10205;0001111100100011111110001111011100110000000;0.586979;7970;0.727193;43
41;0001111110100011111110001111010100110000000;0.751583;10205;0001111110000011111110001111110100010001000;0.482914;6557;0.727893;46
42;0001111110100011111110001111010100110000000;0.751583;10205;1000110110100011111110001111010100110100000;0.581529;7896;0.730602;48
43;0001111110100011111110001111010100110000000;0.751583;10205;0001111100101011111110001111010100110000000;0.584401;7935;0.729384;53
44;0001111110100011111110001111010100110000000;0.751583;10205;0001111010001011111110001111010100110000100;0.455811;6189;0.732781;55
45;0001111110100011111110001111010100110000000;0.751583;10205;0000110110100011111110001111110100110000100;0.597363;8111;0.740843;63
46;0001111110100011111110001111010100110000000;0.751583;10205;0001110110101011111110001111010100110000000;0.586021;7957;0.741807;80
47;0001111110100011111110001111010100110000000;0.751583;10205;0001111110100001111110001111010100110001000;0.680439;9239;0.748541;85
48;0001111110100011111110001111010100110000000;0.751583;10205;0001110110100011111110011111010100110000000;0.58963;8006;0.747454;91
49;0001111110100011111110001111010100110000000;0.751583;10205;0001111110100001111110001111010100110000100;0.67764;9201;0.749298;94
50;0001111110100011111110001111010100110000000;0.751583;10205;0011111110100011111110001011010100110000000;0.637207;8652;0.749499;97
=============================================
geração;melhor;fitness;cobertura;pior;fitness;cobertura;média;ind_repetidos
0;1110011111000110100010000111011100110000011;0.536898;7290;1001110101101101010000011010010101101110001;0.0315952;429;0.178246;1
1;1110011111000110100010000111011100110000011;0.536898;7290;0111100001111100001111011011001010001001010;0.0972897;1321;0.211653;1
2;1110011111000110100010001111011100110000010;0.562601;7639;0110101101100000111101100011001010001101011;0.109957;1493;0.251678;4
3;1100011011100110100010000111011110110100100;0.539255;7322;0111101011001001011101000100010111101001010;0.141994;1928;0.282227;1
4;0100011111100110100010010111011110110000010;0.59729;8110;1100011011010101111001000011010101011000101;0.156135;2120;0.292755;1
5;0100011111100110100010010111011100110000110;0.611725;8306;0010100110110101100010000011111110110100011;0.188614;2561;0.32147;2
6;0001001111100010011110001111011100010011100;0.620931;8431;1000110100111010001101010101011100110110010;0.200913;2728;0.361762;1
7;0000011111100110110010010111011100110001100;0.651421;8845;1100011111110110100101010000011100110000011;0.195169;2650;0.399576;1
8;0001001111100111100110001111010100110001100;0.678966;9219;1000110111101110110010000100011010110100011;0.218;2960;0.442693;1
9;0001001111100011010110100111011100110000110;0.660848;8973;0000011111011010100110000110111101011100010;0.238106;3233;0.48075;4
10;0001011111100110100110001111010100110001100;0.662837;9000;1001001111111100101010001011011101100000001;0.205479;2790;0.525703;8
11;0100011110101111100111001111010100110000000;0.688246;9345;1100111100110110100010001011111110110000000;0.185447;2518;0.533528;3
12;0000011111100110011110001111010100110011000;0.682133;9262;1100111101110110100010001111011000110100000;0.287966;3910;0.551421;3
13;0100011111100011011110010111010100110000100;0.701208;9521;1110001100000010111110010111011100100001101;0.265061;3599;0.568563;3
14;0000111111100010011110001111010100110011000;0.697084;9465;1110001110000110110010010010010101110001111;0.216821;2944;0.59766;3
15;0000011111100011011110010111010100110000110;0.703786;9556;0100101001000110011110001111010100110110011;0.233024;3164;0.614902;3
16;0000111111100011011010010111010100110000110;0.708499;9620;0010101111000110100111001111000100010110110;0.275593;3742;0.62282;6
17;0010011111100011011110001111010100110001000;0.716969;9735;0010001111101110011110010111010000011100010;0.394756;5360;0.63865;4
18;0010011110100011011110001111010100110000110;0.719325;9767;0001001111001111011110011111010100100100000;0.420533;5710;0.647218;5
19;0000111110100011011110001111010100110000110;0.735675;9989;0010011101100110011110101111010100010100100;0.346958;4711;0.655117;7
20;0000111110100011011110001111010100110000110;0.735675;9989;0000111101100110100110001111010110110000110;0.501252;6806;0.656314;6
21;0000111110100111010110001111010100110001100;0.719252;9766;0000001011110111011110001111010100010011010;0.449698;6106;0.658798;4
22;0000111110110011011110001111010100110000100;0.731772;9936;0100011110000111011111001110110000110010100;0.322654;4381;0.665016;6
23;0001111110100011101110001111010100110000100;0.743998;10102;1000001110110001011110101011110100111001000;0.52261;7096;0.675931;4
24;0001111110100011101110001111010100110000100;0.743998;10102;0010101101000011101110001111011100110001100;0.35668;4843;0.67517;8
25;0000111110100011011110001111010100110001100;0.736265;9997;0100111111100110011110101101010100010000100;0.464575;6308;0.689612;9
26;0000111110100011011110001111110100110000100;0.736706;10003;1110000110100011011110001111010100110100100;0.534247;7254;0.705117;20
27;0001111110100011011110001111010100110000100;0.742377;10080;0100111101100011010110001111010100110010100;0.564516;7665;0.705734;20
28;0000111110100011111110001111010100110000100;0.742819;10086;0010110110100011011110001111010100111010000;0.57409;7795;0.711259;21
29;0000111110100011111110001111010100110000100;0.742819;10086;0100110111100011011110001111010100110000001;0.573133;7782;0.709935;22
30;0001111110100011011110001111010100110000100;0.742377;10080;0100010110100111011110001111010100110010001;0.550081;7469;0.718033;28
31;0001111110100011011110101111010100110000000;0.74304;10089;0001110110101110011110001111010100110001000;0.534615;7259;0.719891;33
32;0001111110100011011110001111110100110000000;0.744071;10103;0100110110100011011110001111010100110010010;0.57549;7814;0.72834;51
33;0001111110100011011110001111110100110000000;0.744071;10103;0010110110100111011110001111010100110000001;0.578362;7853;0.727724;62
34;0001111110100011011110001111110100110000000;0.744071;10103;0001111100100011011110001111010110110010000;0.577552;7842;0.731159;61
35;0001111110100011111110001111010100110000000;0.751583;10205;0001111100100011011110001111010110110000100;0.569451;7732;0.730082;63
36;0001111110100011011110001111110100110000000;0.744071;10103;0001111100100011011110001111110100110000100;0.581971;7902;0.733611;69
37;0001111110100011111110001111010100110000000;0.751583;10205;0001111100100011011110001111110100110000100;0.581971;7902;0.734128;76
38;0001111110100011111110001111010100110000000;0.751583;10205;0001111110110011011110001011110100110000000;0.627044;8514;0.736908;75
39;0001111110100011111110001111010100110000000;0.751583;10205;0001111110100001011110101111010100110000100;0.687657;9337;0.740712;85
40;0001111110100011111110001111010100110000000;0.751583;10205;0001111100100011111110001111010100110000100;0.589409;8003;0.736498;76
41;0001111110100011111110001111010100110000000;0.751583;10205;0011111100100011111010101111010100110000000;0.615923;8363;0.733946;67
42;0001111110100011111110001111010100110000000;0.751583;10205;0001111110000011111110001111010000110010010;0.472971;6422;0.736615;72
43;0001111110100011111110001111010100110000000;0.751583;10205;0001110110100011110110001111110101110000000;0.584917;7942;0.743008;83
44;0001111110100011111110001111010100110000000;0.751583;10205;0001111110100011111110001011110100110000000;0.644204;8747;0.744377;89
45;0001111110100011111110001111010100110000000;0.751583;10205;0001111100100011111110001111110100110000000;0.598173;8122;0.743588;84
46;0001111110100011111110001111010100110000000;0.751583;10205;0001111100100011111110001111010110110000000;0.586242;7960;0.746083;88
47;0001111110100011111110001111010100110000000;0.751583;10205;0001111100110011111110001111010100110000000;0.588084;7985;0.745325;92
48;0001111110100011111110001111010100110000000;0.751583;10205;1001111110100011111110001110010100110000000;0.694359;9428;0.749551;97
49;0001111110100011111110001111010100110000000;0.751583;10205;0001111110100001111110001111010100110000100;0.67764;9201;0.749868;97
50;0001111110100011111110001111010100110000000;0.751583;10205;0001011110100011111110011111010100110000000;0.731404;9931;0.751176;97
=============================================
geração;melhor;fitness;cobertura;pior;fitness;cobertura;média;ind_repetidos
0;1110001110110011010010100110010111010010001;0.51171;6948;0111010101011100101000110110100100111001100;0.067683;919;0.176473;1
1;1010001110110011010010100110010111011010001;0.516497;7013;1011010101011010100001000110111101101000110;0.0471351;640;0.206692;1
2;0110100110100110011000001111010101110110001;0.463839;6298;1101001010011000001000101111100001011011111;0.093681;1272;0.228115;3
3;1001000110001011111011001111110101000001001;0.37465;5087;1101000101100101000010111111001011010100101;0.0866107;1176;0.254776;2
4;0101001110110101000010101111110110101000001;0.457726;6215;0011110000101001011111010001111100100001101;0.128369;1743;0.274028;2
5;0100011010101010100000010111110111110000111;0.506702;6880;0111001101110010011110010001010011100001101;0.164973;2240;0.293098;1
6;0000111110101010100000011111010011110000111;0.554058;7523;0101110110000100101111010101000110101001110;0.167919;2280;0.319959;5
7;0000001111100111010101010111010011110000011;0.57409;7795;0101110110011001011011011001010010110100100;0.178377;2422;0.32262;1
8;0000001111100111010101010111011100110100100;0.615039;8351;1110101011011000101111000011010101000011001;0.136986;1860;0.341237;2
9;0000001111100111010101010111011100110100100;0.615039;8351;0101001100101010011110011001011010110100110;0.160627;2181;0.380187;6
10;0100001110100011011010101111010010110100101;0.624761;8483;1001100110010101000010010111010111111000011;0.215643;2928;0.399853;1
11;0000011111100111010101010111010100110001100;0.659817;8959;0101011100111010010111000010110100011000111;0.161806;2197;0.447087;6
12;0000011111100111010101010111010100110001100;0.659817;8959;0010101111100101010101011010011000110100101;0.165709;2250;0.476055;2
13;0000011111100111010101010111010100110100100;0.649654;8821;0100111110010101111000101011110000111000001;0.229268;3113;0.496696;2
14;0000001111100111010111010111010100110001100;0.669981;9097;0001111100110000011001101111010001111000110;0.266239;3615;0.538133;4
15;0010001110110011011011010111010100110001100;0.665341;9034;1010111111100111000000101110110010101000100;0.299897;4072;0.563854;3
16;0000101111100111010111010111010100110000100;0.682427;9266;0010101110010101010011010101011100111101000;0.31006;4210;0.57941;2
17;0001101110100011010111010111010100110000101;0.677419;9198;0000011111001011011011101110110000111000100;0.311754;4233;0.587491;3
18;0000011110100111011010010111010101110010010;0.688319;9346;0100101111010111011011010011001100010100100;0.26646;3618;0.580504;3
19;0000101110100111011010010111010100110101010;0.690234;9372;0000100101110111011010010111000110110100110;0.256444;3482;0.591128;3
20;0000101110100111011010010111010100110001110;0.694653;9432;0000101101100110011010010111011101010010110;0.290617;3946;0.60383;1
21;0000111110100111011010010111010100110000110;0.711519;9661;0001001001100101110100011111011100111001001;0.247754;3364;0.616344;8
22;0000111110100111011010010111010100110000110;0.711519;9661;0010001100110110011011010111000101110010110;0.375239;5095;0.631038;5
23;0000111110100111011011010111010100110001000;0.713802;9692;0001000111100101110100011110010100111100110;0.329283;4471;0.633836;4
24;0000111110100111011010010111010100110000110;0.711519;9661;0100101110100011011010110111011010010001100;0.423037;5744;0.64982;3
25;0000011110100111111010010111011100110001000;0.712181;9670;0010001011000111110010001111110110110010010;0.409781;5564;0.650387;3
26;0000111110100011111011010111010100110000100;0.723155;9819;0010101111000011011011010111110100100000011;0.41744;5668;0.650905;7
27;0000111110100011111011000111110100111000000;0.718515;9756;0000111010100011111011010110011101100001010;0.345338;4689;0.655973;3
28;0000111110100111010110011111010100110001000;0.725806;9855;0101011100100101011010110111110100100011000;0.297393;4038;0.661376;6
29;0000011110100111011110011111010100110001000;0.72588;9856;0010101110010111011010010111010110100000110;0.403299;5476;0.661934;5
30;0000111110100111111010010111010100110001000;0.731256;9929;0000011101110111011010010111100110010101000;0.263809;3582;0.660907;8
31;0000111110100111011110010111010100110001000;0.725954;9857;0010111010100011010011010011010110110011010;0.330314;4485;0.673186;10
32;0000111110100111011110010111010100110001000;0.725954;9857;0000010010100111110110110111010100110100110;0.420975;5716;0.675019;10
33;0000011110100111110110011111010100110001000;0.726396;9863;0001111110100111110110010011010000110101000;0.424658;5766;0.679221;12
34;0000111110100111110010011111010100110001000;0.734865;9978;0000111100100111011110010101110110110001000;0.403152;5474;0.684184;13
35;0000011110100111111110010111010100110001000;0.727648;9880;0000010111110111011110000111110100111000000;0.558109;7578;0.682753;12
36;0000111110100111111110010111010100110000000;0.732582;9947;0000010101100111010111010111110100111000010;0.33569;4558;0.674887;16
37;0000011110100111111110010111010100110001000;0.727648;9880;0000011110000111110110010101110101110001100;0.444027;6029;0.678474;14
38;0000111110100111110010011111010100110001000;0.734865;9978;0010011110101011010110010101101101110001000;0.565032;7672;0.697234;22
39;0000011110100111110110011111010100110001000;0.726396;9863;0000011100100111110110011111010110110001000;0.576815;7832;0.700313;33
40;0000111110100111111010010111010100110001000;0.731256;9929;0001011100100111110110010011011100110001100;0.28664;3892;0.693858;37
41;0000111110100111111010010111010100110001000;0.731256;9929;0000011010100111110111010111110100100001100;0.454559;6172;0.699955;37
42;0000111110100111111010010111010100110001000;0.731256;9929;0000011111100111110110110011110000110001000;0.411106;5582;0.71017;61
43;0000111110100111111010010111010100110001000;0.731256;9929;0000011100100111110110011111110100110001000;0.592429;8044;0.716374;65
44;0000111110100111111010010111010100110001000;0.731256;9929;0000010110100111110111011111010100110001000;0.569009;7726;0.716014;72
45;0000111110100011111010010111010100110001010;0.729194;9901;0000011010100111111110011111110100010001000;0.48365;6567;0.713455;67
46;0000111110100011110110011111010100110001000;0.736633;10002;0000010110100111110110011111110100110001000;0.580866;7887;0.717428;66
47;0000111110100011110110011111010100110001000;0.736633;10002;0100111110100111111110000111010100100001000;0.630137;8556;0.72147;67
48;0000111110100111110010011111010100110001000;0.734865;9978;0000010110100111111110010111010100110101000;0.569303;7730;0.720708;75
49;0000111110100111110010011111010100110001000;0.734865;9978;0000011110100111111110011001110100110001000;0.434011;5893;0.71128;61
50;0000111110100111110010011111010100110001000;0.734865;9978;0000010110100111111110010111010100111001000;0.570924;7752;0.721704;71
=============================================
geração;melhor;fitness;cobertura;pior;fitness;cobertura;média;ind_repetidos
0;0100001010111110010010000111000111111110001;0.440934;5987;1100100100010101110001011010110011110111000;0.0550891;748;0.185806;1
1;1011011110101010101010011110000101010010010;0.474002;6436;1100111100011000011000110000111000111110101;0.0595817;809;0.21549;3
2;0011011110101010101010011110000001111000101;0.454191;6167;1011011000101001110000000110001110011111101;0.0776256;1054;0.250412;1
3;0111011110101010001010011110000001111000101;0.431286;5856;0111001110101100000111001000110001110111001;0.131757;1789;0.271667;2
4;0111011110101010001010010100010101111100100;0.484902;6584;0011100111101000010101110110001001110101010;0.129327;1756;0.291754;1
5;0011011110101010001010011110010100101101010;0.460819;6257;1001000101101010101101100100001100101101111;0.119679;1625;0.313368;2
6;1000101110110111000010110101010101111000100;0.566357;7690;0011001100101010001010011110010101011101101;0.164384;2232;0.332316;2
7;1000011110101010001010011110001100110010111;0.49919;6778;1011100100010110110001001101110110100101100;0.11828;1606;0.337782;2
8;1000011110101010001010011110001100110010111;0.49919;6778;1100010011101001001110011110010001110010101;0.22043;2993;0.359144;8
9;1011001110101010010010110111010101010010001;0.585727;7953;0011100110010110110000111010100111111000100;0.18228;2475;0.366744;3
10;0110011111110010110010100111010100010100100;0.611504;8303;1100101110010011100001101110010111000110100;0.216969;2946;0.37941;4
11;0110011111110010110010100111010100010100001;0.609147;8271;0011101111000111110000111110000001110000011;0.251068;3409;0.401899;1
12;0000111110101011001110001111110100010000110;0.688025;9342;0110011010101010001010011010111000111100110;0.2166;2941;0.411031;1
13;0000111110101011001110001111110100011000100;0.680513;9240;1100011101110010110000111110010110010010001;0.139122;1889;0.421944;3
14;0000111110101011001110001111110101010100000;0.675652;9174;0110011100111101100110100011010010101100100;0.111136;1509;0.432763;1
15;0100011110100011111010001111110101110000000;0.709751;9637;0110011011010110100000111110010101101010100;0.191265;2597;0.464863;2
16;0000111110100011111110001101011100110001000;0.699588;9499;0100101101100111100100100111100001110100101;0.196936;2674;0.488964;3
17;0000011110100011111110100111011100010000110;0.672043;9125;0110010111110010110010101011000101110010100;0.258801;3514;0.517439;2
18;0000111110110011111110001101010100110001000;0.700324;9509;1010110110100111000010101111000101010011001;0.271174;3682;0.564596;6
19;0000011110100011111110100111110100110000010;0.721093;9791;0010111100100011111110100011011100010000110;0.307704;4178;0.594926;9
20;0000111110100011111110100111110100110000000;0.733834;9964;1001010111110010010010100101011100110101100;0.357343;4852;0.603728;3
21;0000111110110011111010001111110100110000000;0.733245;9956;0100010100111011100011100101010101110101001;0.286861;3895;0.626531;3
22;0000111110100011111110100111010100110000001;0.728679;9894;0000111100111011011110001101110100110001000;0.403152;5474;0.646692;3
23;0000111110100011101110001111010100110001100;0.739652;10043;0110011111011111010011000111010100010001000;0.378774;5143;0.658516;5
24;0000111110100011111110101111010100110000000;0.743408;10094;0100011110101111100110101011110000110001000;0.379953;5159;0.688444;11
25;0000111110100011111110101111010100110000000;0.743408;10094;0100010110101111100110101111010100110001000;0.528649;7178;0.694396;12
26;0000111110100011110110001111110100110001000;0.736706;10003;0000111100101001111010001111010101110101000;0.462071;6274;0.690268;11
27;0000111110100011111110101111010100110000000;0.743408;10094;0000010010110011111110101111010100110011000;0.432391;5871;0.705991;11
28;0000111110100011111110101111010100110000000;0.743408;10094;0000110110100011101010101111011100110101000;0.550376;7473;0.710155;15
29;0000111110100011111110001111110100110000000;0.745102;10117;0000111100101011110110001111010100110001100;0.577331;7839;0.715544;15
30;0000111110100011111110101111010100110000000;0.743408;10094;0000111100100011111110100111110100010011000;0.444543;6036;0.71296;22
31;0000111110100011111110001111010100110001000;0.742967;10088;0010011100000011111110001111110100110011000;0.3801;5161;0.714708;24
32;0000111110100011111110101111010100110000000;0.743408;10094;0000111110100001111110101011010100110011000;0.583223;7919;0.721892;24
33;0000111110100011111110101111010100110000000;0.743408;10094;0000111110100011111110101111010100100001000;0.648623;8807;0.724903;24
34;0000111110100011111110101111010100110000000;0.743408;10094;0000111010110011111110001111010100011000100;0.478274;6494;0.719073;29
35;0001111110100011111110001111010100110000000;0.751583;10205;0100111100100011111110001111010100110001000;0.589115;7999;0.719531;19
36;0001111110100011101110001111110100110000000;0.744513;10109;0100110100100011111110001111110100110000100;0.373472;5071;0.716828;26
37;0001111110100011111110001111010100110000000;0.751583;10205;0101101100100011111110001111010100110000100;0.56923;7729;0.715144;19
38;0001111110100011111110001111010100110000000;0.751583;10205;0001111101100111111010001111010100010000010;0.417956;5675;0.715957;25
39;0001111110100011111110001111010100110000000;0.751583;10205;0000111101100011110010001111110100111001000;0.577552;7842;0.718281;25
40;0000111110100011111110001111110100110000000;0.745102;10117;0001101011100011101110001111110100100011000;0.452791;6148;0.719459;28
41;0010111110100011111110001111010100110000000;0.747901;10155;0000111110000011111111001101010100110001100;0.47113;6397;0.725074;40
42;0010111110100011111110001111010100110000000;0.747901;10155;0000110110100011101111001111010100110000101;0.572028;7767;0.726403;43
43;0010111110100011111110001111010100110000000;0.747901;10155;0010111110100011111110001011010100110000100;0.633083;8596;0.731314;52
44;0001111110100011111110001111010100110000000;0.751583;10205;0000110110100011111110001111110100110000001;0.595228;8082;0.731692;46
45;0001111110100011111110001111010100110000000;0.751583;10205;0010110110100011111110001111010100110000100;0.588231;7987;0.726037;50
46;0001111110100011111110001111010100110000000;0.751583;10205;0001111110001011111110001111010100100001000;0.464796;6311;0.727834;41
47;0001111110100011111110001111010100110000000;0.751583;10205;0000110110100011111110001111010100110100010;0.584622;7938;0.732259;48
48;0001111110100011111110001111010100110000000;0.751583;10205;0001111010100011111110001111011100100000100;0.481809;6542;0.72821;48
49;0001111110100011111110001111010100110000000;0.751583;10205;0000111100101011111110011111010100110000000;0.591692;8034;0.730594;49
50;0001111110100011111110001111010100110000000;0.751583;10205;0001111100100011111110101111010100110000000;0.617469;8384;0.730218;50
=============================================
geração;melhor;fitness;cobertura;pior;fitness;cobertura;média;ind_repetidos
0;0010011110010110100100110110100101110010011;0.422006;5730;1010101100010100110001100100101100111010111;0.0595817;809;0.189317;1
1;1010011110010110100100110111100100110001100;0.470025;6382;1001110011111100010001101011000100010101101;0.0937546;1273;0.217206;4
2;0111101111100000101110101100010100110001100;0.48608;6600;1101000100110001010011010110001011110010111;0.074606;1013;0.239199;1
3;1010001111101010011111010100010100110001100;0.534909;7263;0011010011010101111000110010011001100101011;0.138312;1878;0.271443;1
4;0010111111100010101100101100010100110101100;0.564884;7670;0111110110110000111000010000100011101110011;0.100678;1367;0.286601;4
5;1010001111101010011111010100010100110100010;0.528797;7180;1001010000111010011011010011101111100000101;0.12071;1639;0.317062;3
6;1000101110100010111011100110011100010101010;0.567241;7702;1111001101000000111011100110101100010101010;0.135808;1844;0.33424;5
7;0000111110101110011111010110010100110100000;0.620563;8426;1010100101001011110100001110000101110101101;0.14332;1946;0.348678;2
8;1010001111101010101111100101010100110001000;0.612535;8317;0110111111100000110100001110001101000101011;0.163573;2221;0.371016;2
9;0010011110101010111111000110010100110101000;0.631978;8581;0110101101101000111011100110110000011100010;0.151053;2051;0.404456;4
10;0000111111100010111011100110010100110101000;0.651863;8851;1010001011101110010101100110011101010001100;0.231772;3147;0.435885;1
11;0100111110100010111011100110011100110000010;0.64251;8724;0111101110001001101110001110001100010011010;0.213507;2899;0.454598;6
12;0100111110100010111011100110010100110101000;0.64796;8798;1111001100100010111011100100110101100001010;0.209604;2846;0.49094;1
13;0010011110100111010110010111011100110001000;0.694138;9425;0111001100110010101011010110001110010101010;0.159449;2165;0.532957;2
14;0100011110101010111011100111010100110001000;0.683679;9283;0110101111101010101011101010010100010001100;0.259832;3528;0.570601;3
15;0100011110100110101110100111010100110000110;0.686699;9324;1100001110001110111111100110010100010001010;0.297246;4036;0.586284;2
16;1000111110100010111011100111010100110001000;0.702165;9534;0011110101100010011011000111010101110101000;0.280454;3808;0.583427;3
17;0010011110100010111011000111010110110011000;0.683017;9274;0111010111100010111011000111000000111110000;0.301517;4094;0.601148;6
18;0010111110100010111011000111010100110010100;0.69782;9475;1110011110100111111011000011000100000101001;0.297687;4042;0.600532;1
19;0100011111100011101110100111010100110100000;0.695537;9444;1011101110100110101010100111110000010011000;0.401826;5456;0.61634;2
20;0000111110110111101110100111010100110000000;0.718884;9761;0100101110110010111011101011010100010101000;0.381205;5176;0.628293;2
21;0100011111100011111110100111010100110000000;0.714096;9696;0011011110100111111010100011010100010011000;0.403962;5485;0.634225;2
22;0000111110100110101110101111010100110001000;0.720209;9779;1000110111100010111010100011010110110001010;0.333996;4535;0.627008;1
23;0100011111100011101110101111010100110000000;0.708867;9625;0110100110100010111011101011110110110000000;0.319561;4339;0.639319;3
24;0010101110100011111110101111010100110000000;0.718515;9756;0101011100100011101011100011010100110011010;0.285167;3872;0.639103;6
25;0100011110100011111110101111010100110000000;0.721829;9801;0110101101100111011010010101010110110001000;0.347032;4712;0.638318;3
26;0000111110100011111110101111010100110000000;0.743408;10094;0101010110100010001111101101010110110001010;0.401164;5447;0.65778;3
27;0010111110100011001111101111010100110000000;0.720872;9788;0001101010100010101110110111010100011101001;0.419281;5693;0.654982;3
28;0010111110100011001111101111010100110000000;0.720872;9788;0010101100110111011010100011010100111100001;0.267197;3628;0.661398;5
29;0010111110100011111100101111010100110000000;0.722787;9814;0011010111100101111110101111010100100000000;0.412432;5600;0.6671;9
30;0000111110100011101110101111010100110001000;0.737664;10016;0010110110110011011010100111010110110000100;0.541685;7355;0.674127;7
31;0000111110100011101110101111010100110010000;0.736706;10003;0110101101100011011110000101010100110100011;0.355575;4828;0.667628;6
32;0000111110100011101110101111010100110000100;0.737517;10014;0111111010100011001111001101010110110000000;0.455074;6179;0.669432;5
33;0000111110100011101110101111010100110001000;0.737664;10016;0010101110100011101110111011010001110010000;0.397408;5396;0.686897;9
34;0000111110100011101110101111010100110000100;0.737517;10014;0010011011010011011110101111010101110000000;0.450655;6119;0.698907;19
35;0000111110100011111110001111010100110000100;0.742819;10086;0000111111001011011110101011010101110000000;0.375239;5095;0.693502;13
36;0000111110100011111110001111010100110000100;0.742819;10086;0000111111101011101110111010010100010010000;0.342613;4652;0.690334;10
37;0000111110100011111110001111010100110000100;0.742819;10086;1010111100000111101110010111010110110000000;0.362351;4920;0.692192;8
38;0000111110100011111110001111010100110000100;0.742819;10086;0000111111101011011010111011010101010000000;0.411033;5581;0.694633;20
39;0001111110100011101110101111010100110000000;0.744071;10103;0010111010100011111010001011010100111000101;0.379658;5155;0.706572;20
40;0001111110100011101110101111010100110000000;0.744071;10103;1000111110000111101110001111010001110000100;0.45257;6145;0.709572;27
41;0000111110100011101110101111110100110000000;0.738032;10021;1000110110100011101110101111010100110000001;0.569598;7734;0.717104;32
42;0010111110100011101110101111010100110000000;0.739873;10046;0000111101101011011110010111010100110000100;0.561423;7623;0.721234;46
43;0000111110100011111110101111010100110000000;0.743408;10094;1000111111101011010110101001010100110000100;0.391737;5319;0.720031;50
44;0001111110100011101110101111010100110000000;0.744071;10103;0000111110100011101110111011010100101000100;0.421343;5721;0.724532;58
45;0001111110100011101110101111010100110000000;0.744071;10103;0001111110100011101110101111010000101000100;0.489616;6648;0.725268;60
46;0000111110100011111110101111010100110000000;0.743408;10094;0000111110100011100110101100110100110001101;0.604286;8205;0.726685;62
47;0000111110100011111110101111010100110000000;0.743408;10094;0100011110100001100110111111010100110010100;0.659155;8950;0.734076;75
48;0001111110100011101110011111010100110000000;0.744366;10107;0100110110100011101110101111010100110001000;0.575048;7808;0.732537;76
49;0000111110100011101110011111010100110001000;0.740463;10054;0001111010100011101110111111010100110000000;0.682207;9263;0.734846;80
50;0000111110100011101110011111010100110001000;0.740463;10054;0000111110100011101110101011010100110001100;0.621962;8445;0.734839;83
=============================================
geração;melhor;fitness;cobertura;pior;fitness;cobertura;média;ind_repetidos
0;0000100110111011110110100111110001010010010;0.424952;5770;1101110100111001010100100011100001110101001;0.0598763;813;0.198287;1
1;0100100110110011110110100111110001010010010;0.425468;5777;1011000100111101100111001100000110111010010;0.0905141;1229;0.236152;2
2;0000100110110011111110100111110001010010010;0.440713;5984;0010010111111000010110010011010010011010111;0.150832;2048;0.265412;2
3;0100110110110011110110100111110000100001001;0.424437;5763;1011001110111000001010010011100110100001111;0.115776;1572;0.286886;2
4;0100110110110011110110100111110000100001001;0.424437;5763;1100100101111110010111010001110011100000001;0.143394;1947;0.301494;3
5;1000111010110011110110100111110000100001001;0.444543;6036;0011110001100010110101101111110001000110010;0.185742;2522;0.324277;3
6;0000001110111010000011010111010011111101100;0.551628;7490;1000111001011010011010111100100100001110110;0.191707;2603;0.347743;2
7;0100001110110011110110100111110000110010100;0.641405;8709;1100111001000010110011101111110001000110010;0.206437;2803;0.361755;3
8;0100001110100011110110100111110000110101010;0.641994;8717;0010111000010101100111110111010011001101000;0.16188;2198;0.378314;1
9;0000111110100011110110100111110000110001010;0.676904;9191;0011101011010011010011010011110000101101100;0.256812;3487;0.398761;2
10;0000111110100011110110100111110000110001010;0.676904;9191;0100111000000010111011011111110101011000010;0.250258;3398;0.415812;3
11;0000111110100011110110101111110000110001000;0.690823;9380;1010101101100001011110100111110001010001010;0.265577;3606;0.446213;2
12;0001111110100011110110100111110001110000000;0.677714;9202;1010100011000111011110010111110011000010001;0.286566;3891;0.46296;1
13;0000111110100011110110000111110000110011001;0.670791;9108;1000111010110110100111100111101000110001000;0.302401;4106;0.479277;2
14;0000111110100011110110000111110100110100100;0.71417;9697;1000110100000111010110100111110000110001111;0.274488;3727;0.516635;2
15;0000111110100011100110101111110100110001000;0.719031;9763;0100111111101000100100100111110011010010001;0.276919;3760;0.543915;4
16;0000111111100011110110000111110100110001000;0.717779;9746;1010010110100011110111110110111000110000000;0.30925;4199;0.580986;7
17;0000111111100011110110000111110100110001000;0.717779;9746;0100101010110011101110100110110000110001101;0.317793;4315;0.596868;4
18;1000111110100011101110100111110100110000000;0.719546;9770;1011010110100011110111100111100000110000010;0.328693;4463;0.633164;5
19;0001111110100011101110000111010100110001001;0.725217;9847;0000101010100011101110111011110100110001010;0.369053;5011;0.639517;3
20;0001111110100011101110001111010100110001000;0.744145;10104;0100101110100001110011101011110100011010100;0.328473;4460;0.661928;6
21;0000111110100011101110001111010110110001000;0.732067;9940;0110101100101011101110000111011100010001001;0.352261;4783;0.660054;5
22;0001111110100011101110001111010100110000010;0.743482;10095;0100101100100011010011100111111001111000001;0.340698;4626;0.66364;1
23;0101111110100011101110001111010100110000000;0.739284;10038;0000111101110011010110000011110100111011000;0.282074;3830;0.680858;5
24;0101111110100011101110001111010100110000000;0.739284;10038;0001110100100111011110001111110100110000010;0.363382;4934;0.677169;2
25;0010111110100011011110001111110100110000000;0.740094;10049;0000101110100011111110001010110010110011001;0.330314;4485;0.683838;2
26;0000111110100011110110011111110100110000000;0.736927;10006;0100111100000011011110100111110100110011000;0.384151;5216;0.688101;8
27;0000111110100011101110001111110100110001000;0.738106;10022;0110011110000111101110100011100100110001100;0.309619;4204;0.675722;5
28;0010111110100011101110001111110100110000000;0.740315;10052;0100111100100011011110001011111001110001000;0.269627;3661;0.679806;6
29;0001111110100011101110001111010100110000010;0.743482;10095;0100111101100111001110001111100100010010001;0.283105;3844;0.678387;7
30;0010111110100011101110001111110100110000000;0.740315;10052;0010111000100011101110001111110100110011000;0.408749;5550;0.688897;7
31;0001111110100011101110001111010100110001000;0.744145;10104;0010111110110011011110100010011100110000100;0.492488;6687;0.687526;8
32;0001111110100011101110001111010100110001000;0.744145;10104;0000011111100111011110001010110101110001000;0.486817;6610;0.696473;12
33;0001111110100011111110001111010100110000000;0.751583;10205;0001110110100011101010001111110110110100000;0.56378;7655;0.704389;8
34;0001111110100011101110001111110100110000000;0.744513;10109;0010101100100011101110011111010101110001000;0.565474;7678;0.703354;13
35;0001111110100011101110001111110100110000000;0.744513;10109;0001111100100011101110001111110100110000100;0.589409;8003;0.708423;15
36;0001111110100011101110001111110100110000000;0.744513;10109;0000110110100111011110101101010101110000100;0.457799;6216;0.705631;17
37;0010111110100011101110001111010100110000010;0.739284;10038;0000110111100011101110000101111100110001001;0.44086;5986;0.709901;21
38;0000111110100011111110001111110100110000000;0.745102;10117;0110111110000011011110001011110100110000100;0.365002;4956;0.712137;25
39;0001111110100011101110001111110100110000000;0.744513;10109;0000111110000011011110001111110101010000011;0.461703;6269;0.723519;33
40;0000111110100011111110001111110100110000000;0.745102;10117;0001110110100011101110001011110100110100100;0.360068;4889;0.720743;39
41;0000111110100011111110001111110100110000000;0.745102;10117;0001111110100011101110001001110100110001100;0.440787;5985;0.720225;39
42;0000111110100011111110001111110100110000000;0.745102;10117;0000111110100011101110001111110000011100010;0.487701;6622;0.720868;40
43;0000111110100011111110001111110100110000000;0.745102;10117;0001111110000011101110011111010000110000101;0.4673;6345;0.724424;40
44;0010111110100011111110001111010100110000000;0.747901;10155;0001111110000011101110011110010101110000100;0.571071;7754;0.724607;33
45;0000111110100011111110001111110100110000000;0.745102;10117;1001111100100011101110001111111100010000000;0.407792;5537;0.720148;29
46;0000111110100011111110001111110100110000000;0.745102;10117;0000110110100110101110011111110100110000100;0.552732;7505;0.724044;35
47;0001111110100011111110001111010100110000000;0.751583;10205;0001111100101011101110001111110100110000000;0.581529;7896;0.721996;29
48;0001111110100011111110001111010100110000000;0.751583;10205;0001111010100011111110001011010100110001001;0.391737;5319;0.718501;25
49;0001111110100011111110001111010100110000000;0.751583;10205;0000111110000011111110011011010000111000110;0.348063;4726;0.720893;27
50;0001111110100011111110001111010100110000000;0.751583;10205;0001111010100011101110001101110100110000110;0.488879;6638;0.722477;35
=============================================
geração;melhor;fitness;cobertura;pior;fitness;cobertura;média;ind_repetidos
0;1111111110000110100010110101010100000000111;0.343865;4669;0110101001010100111000110000011011111001101;0.0655472;890;0.1788;1
1;0000011111100110011100100100011101110101100;0.516055;7007;0011110101011000100100001010010111011101110;0.0742377;1008;0.208752;3
2;0000011111100110011100100100011101110101100;0.516055;7007;1111100111000001010001110110101101110010000;0.106201;1442;0.241133;3
3;0000011111100111111010010111010100000011010;0.453233;6154;1001011010101100001100101011110111010000101;0.118574;1610;0.262133;3
4;0100001110100001110100111111011010111000100;0.540433;7338;0100110001011101100101111101011010010010100;0.0980999;1332;0.295012;2
5;0100011110100011011111001111010100000011010;0.449845;6108;1011101010100000110100111011011010111000100;0.136839;1858;0.31722;6
6;0010011110100011011100001110110100110000111;0.617543;8385;0000111010101001110001110100110111010011010;0.212255;2882;0.344416;5
7;0010011110100011011100001110110100110011001;0.62616;8502;0000011001011100100111100101011101100101110;0.155398;2110;0.371385;4
8;0010011110100011011100001110110100110011001;0.62616;8502;0010011101110011111100010011010110010000110;0.216011;2933;0.39679;7
9;1010001110100011011100001111110100110000101;0.626086;8501;0000011101101001111110101101110010010010100;0.279644;3797;0.405452;3
10;0100001110100011111110010111011100110000001;0.690529;9376;1010011111000011110100111110100000110001001;0.283473;3849;0.421958;1
11;0100001110100011010110011111110100011011000;0.646192;8774;0010010110110001101101110011010110110000101;0.22971;3119;0.428771;1
12;0100001110100011010110011111110100110000101;0.674694;9161;0110001101100111011101001011110110000001100;0.192591;2615;0.435769;2
13;0000001110100011011110110111110100010000111;0.655177;8896;0001011011101001111110011110010100011001000;0.278392;3780;0.468967;3
14;0001011110100010110110101111010100110000101;0.700471;9511;1111101100100001011110010111111100000000100;0.247312;3358;0.48871;3
15;0000001110100011111111110111010100110000100;0.699219;9494;1101001100101011100101011011010100110000101;0.184048;2499;0.493892;3
16;0100011110100010110110101111010100111001000;0.69237;9401;0101001101110011011111000111001100100001010;0.253277;3439;0.507005;3
17;0100001111110011110110010111010100110000100;0.686625;9323;0100101011100000111111011111100100100000101;0.232508;3157;0.529086;1
18;0000011110100011011111010111010101110000100;0.700619;9513;0100001101100011001110101110111101100000011;0.245323;3331;0.559869;5
19;0100011110100011110110001111110100110000100;0.718221;9752;1010001110001011011110011110110100010010100;0.306967;4168;0.582102;5
20;0000011110100011110110011111110100110000100;0.721829;9801;0000011100110011010110011111111100010000101;0.368685;5006;0.600387;5
21;0000011110100011110110011111110100110000100;0.721829;9801;0000001100111101101111010111010100011000110;0.263588;3579;0.598736;3
22;0001011110100011011111010111010100110000100;0.709825;9638;1101011101100011010100011110010110011001000;0.183238;2488;0.618543;6
23;0000111110100011011110001111010100111000100;0.730815;9923;0010011110000011011110001110010101011000111;0.316983;4304;0.631852;5
24;0000111110100011111010001111110100110000100;0.737885;10019;0100011110100011011110101001110110110000100;0.403668;5481;0.646001;6
25;0000111110100011111110001111010100110000010;0.742746;10085;0100000110101011011110001111011110000010110;0.403373;5477;0.654542;7
26;0000111110100011111110001111010100110000010;0.742746;10085;0000100010100011011111010111111100111000100;0.413463;5614;0.671914;12
27;0000111110100011111110001111010100110000010;0.742746;10085;0100111110000011011110010011110110110000100;0.358227;4864;0.689806;17
28;0000111110100011101110001111010100110001100;0.739652;10043;0000010100101011011110110111010100110100110;0.352703;4789;0.686735;8
29;0000111110100011111110001111010100110000100;0.742819;10086;0000110110100011101110001111110101110000100;0.581824;7900;0.699967;12
30;0000111110100011101110001111010100110001100;0.739652;10043;0010111110100011111110000011110000111000010;0.437693;5943;0.701799;10
31;0000111110100011111110001111010100110000010;0.742746;10085;0000111110100011110110001011010100111000101;0.604213;8204;0.709806;23
32;0000111110100011111110001111010100110000010;0.742746;10085;0000111110101011111110001111010000100010010;0.488879;6638;0.713189;27
33;0001111110100011111010011111010100110000000;0.746133;10131;0000111110000011111110001101010100110001101;0.467447;6347;0.710824;24
34;0000111110100011111110001111110100110000000;0.745102;10117;0001011110100011110110000011110101110000110;0.587126;7972;0.714666;22
35;0000111110100011111110001111110100110000000;0.745102;10117;0000110110100011111110101111010100110010000;0.589262;8001;0.718503;32
36;0000111110100011111110001111010100110000100;0.742819;10086;0001110110100011101110001111010110110010000;0.572765;7777;0.721833;37
37;0000111110100011111110001111010100110000100;0.742819;10086;0000110110100111111110001111010100110000100;0.589925;8010;0.72187;37
38;0001111110100011101110001111010100110000100;0.743998;10102;0001111100100011101110001111011100110000010;0.575711;7817;0.72608;42
39;0001111110100011101110001111010100110000100;0.743998;10102;0001111110100011101110001011110100110000100;0.632273;8585;0.728103;49
40;0001111110100011101110001111010100110000100;0.743998;10102;0000110110100011101110001111110100110001100;0.58882;7995;0.728222;57
41;0001111110100011101110001111010100110000100;0.743998;10102;0010110110100011101110001111010100110001100;0.579982;7875;0.729637;61
42;0001111110100011101110001111010100110000100;0.743998;10102;0000110110100011101110011111010100110001100;0.580719;7885;0.726743;66
43;0001111110100011101110001111010100110000100;0.743998;10102;0001111010100011101110001011010100111001100;0.383709;5210;0.7211;57
44;0001111110100011101110001111010100110000100;0.743998;10102;0100101110100011101110001110110100110001100;0.660701;8971;0.729509;56
45;0001111110100011101110001111010100110001000;0.744145;10104;0100110110100011101110001111010100110001100;0.576005;7821;0.727904;59
46;0001111110100011101110001111010100110001000;0.744145;10104;0001111100100011001110001111010100110101100;0.568861;7724;0.724888;58
47;0001111110100011101110001111010100110001000;0.744145;10104;0001110110100011101111001111010100100000110;0.449256;6100;0.720785;49
48;0001111110100011101110001111010100110001000;0.744145;10104;0001111110100011101110001111011000010001100;0.502283;6820;0.718653;40
49;0001111110100011101110001111010100110001000;0.744145;10104;0010110110110011101110001111010100110001000;0.573796;7791;0.724596;49
50;0001111110100011101110001111010100110001000;0.744145;10104;1000110110100011101110001111010100110001100;0.574901;7806;0.714943;38
=============================================
geração;melhor;fitness;cobertura;pior;fitness;cobertura;média;ind_repetidos
0;1100001100010111100110110111110101000010001;0.317793;4315;1111100101010101100100000010110010100101111;0.0454412;617;0.16634;1
1;1101011111100111000010010111000100010001110;0.545367;7405;1010110001110101010001101001000101110110101;0.069156;939;0.196756;3
2;1101001111100111000010010111000100011110001;0.512299;6956;1110010110001101011000100010100110101011011;0.0891884;1211;0.23709;2
3;0010101110101010110011001011000101110110010;0.406761;5523;0011101100101111110001000000011101110110001;0.14634;1987;0.256785;2
4;0010101110101010110111001011000100110110010;0.434453;5899;0110010010011101010101110110000101110110010;0.158418;2151;0.288291;3
5;1100001010110011110110001111000100110110010;0.542643;7368;1111110010010001110100010101111010010001100;0.148844;2021;0.314635;2
6;0011001111100001001010001111110101110001010;0.584843;7941;1100011100010110110111001011000100110110001;0.165636;2249;0.346403;2
7;0011001110100011100110010111110001110001010;0.628443;8533;1011000101110010111110101001110000001110001;0.218957;2973;0.375267;1
8;0011001110100111100110010111110100011010000;0.629548;8548;0011011010101001110111001011000100111100010;0.25232;3426;0.398054;4
9;0011011010100011001010001111110101110001010;0.652084;8854;0011001111100001101000010101011110101010101;0.255708;3472;0.417804;1
10;0010111110100011011100101111010100010010001;0.681912;9259;1100101000101010110110010111000100111110010;0.217779;2957;0.459346;5
11;0010101110100011100110010111111100110001000;0.683606;9282;1100011011110101100110101001010101100001010;0.245765;3337;0.500821;4
12;0010101110100011101110001111011100111000000;0.697967;9477;1111010010110011110010001001000100110101011;0.269922;3665;0.516117;3
13;0001111110100011001110001111010100011100010;0.690897;9381;1100011010100011100101001110110101010001011;0.25534;3467;0.551699;2
14;0000111111100011101010000111011101110010000;0.69237;9401;0001110110000011001101001110110100111100110;0.278833;3786;0.569729;1
15;0000111110100011100110100111110100110010100;0.701502;9525;1010101000110011011110000111100111110000010;0.271542;3687;0.587039;4
16;0000111111100011001110001111010101110010000;0.710635;9649;1111011010100111001010001011010100011100010;0.28421;3859;0.598017;2
17;0001111110100011001010101111010100111000010;0.704154;9561;0010011111000111101110001010011100111000010;0.297466;4039;0.610647;4
18;0000111110100011101110001111110100111000000;0.732361;9944;0000101110100011100111110111100101000110001;0.361762;4912;0.619721;1
19;0001111110100011001110001111010101110010000;0.72264;9812;1101001111000011101110010011110100110100000;0.320371;4350;0.627763;1
20;0000111110100011011110001111010101110010000;0.731109;9927;0010110110111010001110011111000110010001010;0.280454;3808;0.633024;6
21;0001111110100011011110001111010100110010000;0.742009;10075;0010101100000011111110001111110101110000100;0.370084;5025;0.634137;4
22;0011011110100011011110001111110100110000000;0.725806;9855;0110101110100111101010101011011000010010001;0.355428;4826;0.660037;3
23;0001111110100011011110101111010100110000000;0.74304;10089;0010111100100011101110011111011000110000001;0.409412;5559;0.660768;2
24;0010111110100011101110001111010100110010000;0.737664;10016;0011110110100011001010001011110001110100110;0.27876;3785;0.668496;6
25;0010111110100011101110001111010101110000000;0.734571;9974;0011111110100011110100001111010001010101000;0.449551;6104;0.673779;6
26;0010111110100011101110001111010101110000000;0.734571;9974;0011111100100111101010011111010000111000000;0.410591;5575;0.683173;7
27;0010111110100011011110001111010101110000000;0.734865;9978;0011110101100010101010101111010100110101000;0.309398;4201;0.680088;7
28;0001111110100011110110001111010100110000010;0.741052;10062;0010111110100011010011001101010111011000001;0.44712;6071;0.68769;9
29;0001111110100011011110001111010100110000010;0.742304;10079;0011110110100011010110001011010100110100011;0.339814;4614;0.691104;15
30;0010111110100011111110001111010100110000000;0.747901;10155;0000111110000111111110000101011100110000011;0.448151;6085;0.701114;13
31;0010111110100011111110001111010100110000000;0.747901;10155;0010111110110011011110001011000100110110000;0.508691;6907;0.71597;20
32;0001111110100011111110001111010100110000000;0.751583;10205;0001111110100011111011001011010100100010010;0.431433;5858;0.709957;14
33;0001111110100011111110001111010100110000000;0.751583;10205;0010111110100011111010001001010101110101000;0.429003;5825;0.716944;22
34;0001111110100011111110001111010100110000000;0.751583;10205;0011110110100011111110001111010100010010000;0.473413;6428;0.72019;22
35;0001111110100011111110001111010100110000000;0.751583;10205;0000110110110011111110001111010100110000010;0.586463;7963;0.716205;20
36;0001111110100011111010001111010100110000010;0.745176;10118;0101101100100011110110001111011110110000000;0.550597;7476;0.713517;14
37;0001111110100011111010101111010100110000000;0.745397;10121;0000110110101011110010111111010110110000000;0.559213;7593;0.720912;20
38;0001111110100011011110101111010100110000000;0.74304;10089;0001111110100011110110001111110000011000010;0.492635;6689;0.721253;29
39;0010111110100011111110001111010100110000000;0.747901;10155;0000110110100011111110001111010100110100010;0.584622;7938;0.720585;26
40;0010111110100011111110001111010100110000000;0.747901;10155;0010111100101011110110001111010100110000010;0.570555;7747;0.725202;37
41;0010111110100011111110001111010100110000000;0.747901;10155;0001111100100011111110001111010100110000010;0.588378;7989;0.723039;22
42;0001111110100011111110001111010100110000000;0.751583;10205;0000111101100011111110001111010100110000010;0.590072;8012;0.723982;29
43;0001111110100011111110001111010100110000000;0.751583;10205;0000111110101011111110001010010100111000010;0.51554;7000;0.721008;41
44;0001111110100011111110001111010100110000000;0.751583;10205;0001110110100011111110001111010101110000000;0.587347;7975;0.726791;41
45;0001111110100011111110001111010100110000000;0.751583;10205;0001111100100011111100101111010100110000001;0.565032;7672;0.729868;45
46;0001111110100011111110001111010100110000000;0.751583;10205;0001111100100011111110001111010100110000010;0.588378;7989;0.728234;40
47;0001111110100011111110001111010100110000000;0.751583;10205;0001111110100011110110101101010000110000110;0.494034;6708;0.729629;55
48;0001111110100011111110001111010100110000000;0.751583;10205;0000111110100011111110001011010101110000010;0.625055;8487;0.73375;60
49;0001111110100011111110001111010100110000000;0.751583;10205;0001111110100011111110001011010100110000010;0.636986;8649;0.735621;58
50;0001111110100011111010001111010100110001000;0.745986;10129;0000110110100011111110011111010100110100000;0.584917;7942;0.732383;53
=============================================
geração;melhor;fitness;cobertura;pior;fitness;cobertura;média;ind_repetidos
0;1110111111010010101101010110000100110000010;0.447783;6080;1111010001111101001101000000101011011010100;0.0442628;601;0.184695;1
1;1101101110100110011100011111000100110000010;0.599057;8134;1101110101100000001100000110111110100111100;0.0816762;1109;0.22942;1
2;0010101111110001110011101110000000110010110;0.457726;6215;1110111101000010101001000110010100101010111;0.108558;1474;0.258642;1
3;0010101111110001110011101110010000110000110;0.520916;7073;1011011110010101001001101000111110000011001;0.115849;1573;0.278109;3
4;0010101111110001110011101110010100110000100;0.592724;8048;1110011110011001000011110110100111010001000;0.156061;2119;0.3079;1
5;0000011110101110101110010111000100111100010;0.619753;8415;1110101010010000101111010010000011110101110;0.142142;1930;0.337457;5
6;0000011110101110101110010111110100110000010;0.671527;9118;0010100101110001110011101101001111100000110;0.156724;2128;0.371586;1
7;0000011110100011111011101110010101110000100;0.661732;8985;0011011101101111011000001011001100110000110;0.153631;2086;0.405527;3
8;0010011110101110101110100111110100110000000;0.685447;9307;1010111011011111000100000011011010110010001;0.200177;2718;0.434935;5
9;0010011110101110101010101111010100110000100;0.674179;9154;1010001010101101001111010111001100100100011;0.21498;2919;0.476444;2
10;0010011110101110101011101111010100110000000;0.675799;9176;0101011110101110101110010010010100011100010;0.270953;3679;0.525569;4
11;0000011111101011100111000111010100110000110;0.676609;9187;1101010100101110101000101111010100110000110;0.220356;2992;0.57059;5
12;0000011110110011011011110111010100110000100;0.689129;9357;0001011111010001110011001110100000110111010;0.224628;3050;0.576939;5
13;0001011110100011011011110111010100110000100;0.698041;9478;0110011010101110101011101010011000110100100;0.253572;3443;0.574138;7
14;0010011110101110011010110111110100110000000;0.674031;9152;0011011010101001000111010111011011110000100;0.325379;4418;0.581094;1
15;1001011110101011011010100111110100110000000;0.690087;9370;0110001111001010011011001011010110110100001;0.266902;3624;0.582798;4
16;0000111110101010101110111111010100110000000;0.718957;9762;0000101100111010110110101011010110110000101;0.240683;3268;0.596821;2
17;0000111110101010101110111111010100110000000;0.718957;9762;0000011010101110011111111011011100010000010;0.308514;4189;0.616066;8
18;0000111110101010101110111111010100110000000;0.718957;9762;0000011100101011000111011111111101010000100;0.359626;4883;0.634615;9
19;0000111110100010101110111111010100110000100;0.726175;9860;0010000111101110101111011111001100110000000;0.421343;5721;0.635706;2
20;0000111110101010101110111111010100110000000;0.718957;9762;0000101100101110101010011111111101100000010;0.291133;3953;0.643769;2
21;0000111110101010101110111111010100110000000;0.718957;9762;0000011100101110101110111111010100111000000;0.530932;7209;0.666799;13
22;0000111110100010111010111111010100110000100;0.724481;9837;1000011100101101100110011101110100110100010;0.257475;3496;0.669062;10
23;0000111110101011011110101111010100110000000;0.730962;9925;0001011011101001110110110111110000110010000;0.403741;5482;0.668588;4
24;0000111110100011101010111111110100110000000;0.726617;9866;0110011110101011011101111011010000110000000;0.379069;5147;0.670334;4
25;0000111110100011101010011111110100110000100;0.729636;9907;0000011100110010101110110111110100110010100;0.552806;7506;0.686742;11
26;0000111110100011101110111111010100110000000;0.737958;10020;0000111100100011101010111011110100110000101;0.324716;4409;0.680926;11
27;0000111110100011101110111111010100110000000;0.737958;10020;0011011010101011101010110011010100110001100;0.332523;4515;0.683504;11
28;0000111110100011111110001111110100110000000;0.745102;10117;0000110100110010111110110101111100110000100;0.335248;4552;0.688253;12
29;0010111110100011101110001111010100110000100;0.7398;10045;0001111100101010111110111011010100110000000;0.288702;3920;0.686884;12
30;0000111110100011111110001111110100110000000;0.745102;10117;0001111110001010101010111011010100110100100;0.331418;4500;0.695966;14
31;0000111110100011111110001111110100110000000;0.745102;10117;0000110110100011101110111110110100110000100;0.486375;6604;0.711099;16
32;0000111110100011111110001111110100110000000;0.745102;10117;1000111000100011101110111111110000110010000;0.428487;5818;0.710779;29
33;0000111110100011111110001111110100110000000;0.745102;10117;0000111110100011111110001011110100100001100;0.441008;5988;0.709972;26
34;0000111110100011111110001111110100110000000;0.745102;10117;1000110110100011101110001111010100110001100;0.574901;7806;0.716528;36
35;0001111110100011101110011111010100110000000;0.744366;10107;0000111111100011101110011101010100010001100;0.494182;6710;0.722806;36
36;0001111110100011101110001111010100110000100;0.743998;10102;0000111100100011101110001111110101110000100;0.586169;7959;0.724487;34
37;0000111110100011111110001111110100110000000;0.745102;10117;0010111110000011111110001111010100100010010;0.468184;6357;0.723377;38
38;0001111110100011101110001111010100110001000;0.744145;10104;0000111101100011111110001011110100110000100;0.324127;4401;0.724019;41
39;0001111110100011101110011111010100110000000;0.744366;10107;0000110110100011101110111111010100110001000;0.583444;7922;0.731644;53
40;0001111110100011101110001111110100110000000;0.744513;10109;0000110110100011111110011101110100110000100;0.476653;6472;0.719761;42
41;0001111110100011101110001111110100110000000;0.744513;10109;0000110110100011101110111111010100110000100;0.582634;7911;0.724525;41
42;0001111110100011101110001111010100110001000;0.744145;10104;0000110110100010111110101111110110110000000;0.575858;7819;0.726994;42
43;0001111110100011111010001111010100110001000;0.745986;10129;0010110110100011101110001111010100110001100;0.579982;7875;0.726915;42
44;0001111110100011111110001111010100110000000;0.751583;10205;0000110110100011101111001111110100110000100;0.583297;7920;0.729969;48
45;0001111110100011111110001111010100110000000;0.751583;10205;0000111110100001111110001111010101110000100;0.665415;9035;0.732661;54
46;0001111110100011111110001111010100110000000;0.751583;10205;0001111110100011111110011011010100010001000;0.449035;6097;0.731677;58
47;0001111110100011111110001111010100110000000;0.751583;10205;0000111110100011101110001011110100110001100;0.626896;8512;0.73282;61
48;0001111110100011111110001111010100110000000;0.751583;10205;0000111100100011111110001111110100110001000;0.601561;8168;0.735411;66
49;0001111110100011111110001111010100110000000;0.751583;10205;0001110111100011101110001111010100110000100;0.578141;7850;0.735044;68
50;0001111110100011111110001111010100110000000;0.751583;10205;0001110110100011111110001111010100110000100;0.589483;8004;0.733725;67
=============================================
geração;melhor;fitness;cobertura;pior;fitness;cobertura;média;ind_repetidos
0;0110001110000011000000100110111101111001111;0.415967;5648;1001100100011101100001111100001101100110101;0.0346148;470;0.188355;1
1;0110001110000011010011001111001110111000011;0.481661;6540;1110101100100001010000101001101110011011101;0.0455885;619;0.213381;3
2;0011001110100010001001111100111101111010000;0.494182;6710;1110100111101000101101010011010010101000110;0.0980999;1332;0.242589;3
3;0001101111110110000010110111010010110011000;0.566873;7697;1010110011001101001001110111001110101000100;0.117617;1597;0.275505;2
4;0011001110100010001011110111010111010110000;0.591324;8029;1101011000000011101001001111001110111000011;0.171159;2324;0.306124;3
5;0011001110100010011010011110010101110110100;0.598321;8124;1100111101010000111001010110000111000001111;0.11769;1598;0.33921;3
6;0011001110100010001011010111010110110101010;0.619384;8410;0011001100100001100110101011011100111000111;0.149875;2035;0.388145;2
7;0011001110101010011011010111010100111001000;0.624982;8486;1100010111011100100110101100110101010000110;0.145456;1975;0.406523;5
8;0001111111100010111010000111000110111000001;0.627338;8518;0101101010110010001001011100110110110111000;0.213581;2900;0.437966;1
9;0001111111100010111010010110010100110001010;0.644498;8751;0001101000111010011010011110111101110001000;0.196568;2669;0.463311;2
10;0001111110100011011010000111011000110010011;0.663868;9014;0101111100100011001001110110111100100010010;0.188319;2557;0.487229;1
11;0001101110100011100110010111011100110001001;0.678156;9208;1100101100100011011010100110111101010011000;0.25534;3467;0.504911;2
12;0001101110101011011011000111010100110001010;0.67823;9209;0011001100100010011111011110011000110100110;0.200766;2726;0.52522;4
13;0000111110100011111110010111010100110000001;0.728237;9888;0011111010110010010110110111100000110011000;0.331934;4507;0.565977;3
14;0000111110100011111110010111010100110000001;0.728237;9888;0011101100100011110011000110011111100001010;0.230078;3124;0.587514;7
15;0000111110100011111110010111010100110000001;0.728237;9888;0000111111100000110010100101111101010011010;0.348431;4731;0.606071;7
16;0000111110100011111110010111010100110000001;0.728237;9888;0011101110000011010111000011011000111000111;0.270806;3677;0.613705;3
17;0000111110100011111110000111010100111000010;0.727058;9872;0011101100100011110011000111111100100000110;0.362793;4926;0.620268;4
18;0000111110100011111110010111010100110010000;0.729857;9910;0101111100000011111000100111010101110010010;0.329577;4475;0.623514;7
19;0000111110100011111110100111010100110001000;0.730888;9924;0110111100101010011010110011010100111000001;0.222271;3018;0.646516;5
20;0010111110100011111110010111010100110000000;0.734423;9972;1000111100000011111110010111110100110001000;0.37546;5098;0.665163;5
21;0010111110100011111110010111010100110000000;0.734423;9972;1001111110100011100110101011010101010000001;0.403889;5484;0.655276;5
22;0000111110100011111010001111110100110010000;0.735454;9986;1000111100100011111100010111010100101010100;0.345927;4697;0.668416;6
23;0000111110100011111010001111110100110000010;0.737369;10012;1011100000100011011111010111010100110001001;0.281706;3825;0.679466;4
24;0000111110100011111010001111110100110000010;0.737369;10012;0000111111101011010110010011110100100000110;0.393357;5341;0.679471;3
25;0001111110100011110110001111010100110001000;0.741935;10074;0010111101100010011010100111010110111000010;0.496833;6746;0.683656;5
26;0000111110100011111010001111110100110000100;0.737885;10019;0000111011100011011110011010010100110101010;0.340698;4626;0.692263;11
27;0000111110100011111010001111110100110000100;0.737885;10019;0001111100100011110100001111010101110010010;0.52342;7107;0.695218;2
28;0000111110100011111010001111110100110000010;0.737369;10012;0000111110100011111110010001010100111100010;0.423847;5755;0.690089;6
29;0001111110100011111010001111010100110000010;0.745176;10118;0011111100000011110110111011011000110000010;0.278907;3787;0.695404;7
30;0001111110100011111010001111010100110000010;0.745176;10118;0001111100000111011010011111011100110000010;0.360362;4893;0.698317;4
31;0000111110100011111110011111010100110000000;0.742967;10088;0001111110100011111010001111010101001001000;0.496539;6742;0.703455;10
32;0000111110100011111110011111010100110000000;0.742967;10088;0101110110100011111010001011010100110000011;0.365591;4964;0.710247;17
33;0001111110100011111010001111010100110000010;0.745176;10118;0001111110100011111010011111010100000000110;0.505671;6866;0.709316;13
34;0001111110100011111010001111010100110000010;0.745176;10118;0000111110001011111110001101010100110110000;0.463839;6298;0.717463;19
35;0001111110100011111010001111010100110000010;0.745176;10118;0010010110100011111010001111011100110001010;0.552217;7498;0.719465;13
36;0001111110100011111010001111010100110000010;0.745176;10118;0001110110100011111010001111010100110010001;0.576153;7823;0.71561;14
37;0001111110100011111010001111010100110000010;0.745176;10118;0000111100110011110110001111010100111010000;0.579909;7874;0.721099;19
38;0001111110100011111010001111010100110000100;0.745692;10125;0101110110100011111010001111011100110000000;0.574606;7802;0.716924;22
39;0001111110100011111010001111010100110001000;0.745986;10129;0110101100100011111010001111110100110000010;0.566505;7692;0.7171;16
40;0001111110100011111010001111110100110000000;0.745471;10122;0001111110100011111010001111110001100000001;0.494476;6714;0.719347;27
41;0001111110100011111010001111010100110001000;0.745986;10129;0010110111100011111000001111110100010000011;0.405288;5503;0.714549;27
42;0001111110100011111010001111010100110001000;0.745986;10129;0001111100100011111010001111010100110010100;0.59103;8025;0.725148;26
43;0001111110100011111110001111010100110000000;0.751583;10205;0001111110000011110110001110010101100010110;0.340551;4624;0.721669;34
44;0001111110100011111110001111010100110000000;0.751583;10205;0001010110100011111110001111010101110000010;0.569009;7726;0.73062;41
45;0001111110100011111110001111010100110000000;0.751583;10205;0001110110100011011110001111110100110000010;0.589704;8007;0.732393;52
46;0001111110100011111110001111010100110000000;0.751583;10205;0001111110100011111010001111010100000001110;0.50626;6874;0.731076;55
47;0001111110100011111110001111010100110000000;0.751583;10205;0001110110100011111010101111010100110100000;0.577405;7840;0.736949;60
48;0001111110100011111110001111010100110000000;0.751583;10205;0001111100100011111000001111110100110010010;0.539107;7320;0.73511;72
49;0001111110100011111110001111010100110000000;0.751583;10205;0001111100100011111010001111110100110001000;0.595007;8079;0.736921;75
50;0001111110100011111110001111010100110000000;0.751583;10205;0011111100100011111010001111010100110001000;0.592503;8045;0.737721;73
=============================================
