geração;melhor;fitness;cobertura;pior;fitness;cobertura;média;ind_repetidos
0;0000000010101110000000000111010001000011100;0.187804;2550;0111000000001001000000110000011010110100000;0.000441891;6;0.0407135;1
1;0000000010000011110010101000100000100101001;0.203491;2763;0000100001010000100000011000011001011001001;0.0024304;33;0.0559361;1
2;0001010010100010000001000101010000110010001;0.213802;2903;1000010101101000001100000000101000110000100;0.00162027;22;0.073567;2
3;1000011010010011011011000000010000000000010;0.202607;2751;0010011000001001000001010000111000010001100;0.00839593;114;0.09222;5
4;0100001110100010000011000110000000110000100;0.345559;4692;0111100010010000000000000011100110000101000;0.00353513;48;0.108579;3
5;0100001110100010000011000110000000110000100;0.345559;4692;0000001010101000001000011000111000100010001;0.0111946;152;0.124046;4
6;0100001110100010000011000110000000110000100;0.345559;4692;1000000001000001010000100011100010011010001;0.00751215;102;0.13615;4
7;1000001110100010000011000110000000110000100;0.344675;4680;0001010000110100001100110000101001000000010;0.00986891;134;0.152459;2
8;0000000110100011000010000111010000100010010;0.293048;3979;1010011011001000000110000000100010010001000;0.0323317;439;0.165749;7
9;0000000110101011000011000101010100100000000;0.295552;4013;1000010000100010000010010001100100110110000;0.0401385;545;0.1799;4
10;0000000010100011110010000111010100000000001;0.310134;4211;0010000000011001100110110000101000010000001;0.0290912;395;0.188225;6
11;0000000010100011010010001101010100110000000;0.323538;4393;0000010000101100011100100000100110100000010;0.0296067;402;0.194116;5
12;0000001010100011010010000111010100010000000;0.332302;4512;0000011100010110001010000110000010010100000;0.0335837;456;0.204022;3
13;0010000010100011011010000111010000010000000;0.32862;4462;0100000010000001001000011100010101001001010;0.041906;569;0.209812;9
14;0000000010100011101010000101110100100000000;0.323538;4393;0110001000110100100110010000010000001001000;0.0450729;612;0.215168;4
15;0000000110100011001010101111010000000000000;0.318456;4324;1000101001001011000010000111010000001000000;0.0859479;1167;0.220796;7
16;0000011010100011010010000101010100100000000;0.329577;4475;1001000001100010010011011100000001000010000;0.0823391;1118;0.219407;8
17;0000001110100011101110000101010000000000000;0.348505;4732;0010110110100001000010000100011000100000010;0.0838121;1138;0.226393;14
18;0000001011100011101110000101010000000000000;0.335764;4559;0000000111100000001000000011111010001001000;0.0237885;323;0.230188;8
19;0000001011100011101110000101010000000000000;0.335764;4559;0000001010101000011010001110011000000000001;0.0762262;1035;0.235201;7
20;0000001110100011101110000101010000000000000;0.348505;4732;0000000100000001010110110000011101100001000;0.0667992;907;0.245208;11
21;0000001010100011010110000101110100000000000;0.332744;4518;1000001101010011000110000011010000010000000;0.0919134;1248;0.252223;17
22;0000001010100011101110000101010000001000000;0.332744;4518;0000101000010011010010000101010001001000001;0.11828;1606;0.254208;7
23;0010001110100010000010000110010000110000010;0.389969;5295;0000010110000001010101010001011000010001000;0.0702607;954;0.258417;6
24;0000101110100010000010000110010000110000010;0.392989;5336;0000011010010000000010101110010101010000000;0.0772573;1049;0.261266;8
25;0000101110100010000010000110010000110000010;0.392989;5336;1110001010100001000000100101000110100000000;0.0646634;878;0.265649;10
26;0000101110100010000010000110010000110000010;0.392989;5336;0000010100100011000100011001010110000001000;0.0723229;982;0.267934;10
27;0000101110100010000010000110010000110000010;0.392989;5336;0000001110100000100010001001010100000000111;0.11688;1587;0.272192;8
28;0000001011100011011110000101010000000000000;0.344528;4678;0000000100100001100110000101010000100001101;0.108263;1470;0.27407;19
29;0000001110100011001010000111010000010000000;0.351893;4778;0010010011000000101110100001010000100001000;0.111651;1516;0.276074;21
30;0000001110100011001010000111000100010000000;0.494476;6714;1000001000000011001010000101111010000000010;0.115039;1562;0.277666;12
31;0000001010000011110110000101010000110000000;0.347768;4722;0010001101100010010010100001010010010000000;0.093681;1272;0.278505;13
32;0000001010100011001110000111010000010000000;0.347327;4716;1010001001000010000010100111110000010000000;0.10193;1384;0.277599;18
33;0000001010100011011110000101110000000000000;0.356754;4844;0010011000000001001010100111110100000000000;0.0887465;1205;0.279217;20
34;0000001110100011000110000111000100010000000;0.480851;6529;0000000100100001101010100111110000000000100;0.120342;1634;0.280029;16
35;0000001010100011001010001111010000010000000;0.354691;4816;0000001000100011010001010100110000110001000;0.0762999;1036;0.277142;18
36;0000001010100011010110000101010100010000000;0.351009;4766;0010000000101010100100000111010100110000000;0.0757844;1029;0.277235;18
37;0000001010100011001010001111010000010000000;0.354691;4816;1000001010100000010010011001010000110100000;0.0693769;942;0.281518;20
38;0000000110100011001010001111010000010000000;0.353145;4795;0000011000100111001000000101000000111000010;0.0584033;793;0.277774;21
39;0000001010100000001001001111010100110000000;0.406687;5522;0010100000100100101010100101010000110000000;0.0856533;1163;0.282557;22
40;0000101110100010001000100110010000110000000;0.391516;5316;1010000010110010000110000011010000010000010;0.144498;1962;0.282933;16
41;0000001110100010001010100110010000110000000;0.439903;5973;0010001000010011000100100111010100010000000;0.112903;1533;0.283296;27
42;0000001110100011000010000101010100110000000;0.524157;7117;0000010010100001101000100110010100110000000;0.129548;1759;0.282257;30
43;0000001010100011010110000111010000010000000;0.354839;4818;0000101100000001010110100101001000110000000;0.0753425;1023;0.285738;28
44;0000000110100001001010000111010100110000000;0.375313;5096;1000100010100000110100100011011000010000000;0.062454;848;0.288897;25
45;0000001010100011011110000101110000000000000;0.356754;4844;0000001001010010010110010101010101000000000;0.0940492;1277;0.290812;43
46;0000001010100011010110000111010000010000000;0.354839;4818;0000001000100001101110001111000010001000000;0.0925026;1256;0.290564;41
47;0000001010100010000110000111010100110000000;0.48122;6534;0000011010100001001010100101000100010000001;0.147739;2006;0.294195;35
48;0000001010100010000110000111010100110000000;0.48122;6534;0000001100000011010110000110110000010010000;0.145603;1977;0.295212;40
49;0000001010100010000110000111010100110000000;0.48122;6534;0101001000110010100011000101000100100000000;0.0631168;857;0.297199;52
50;0000001110100011000010000111010100010000000;0.533657;7246;0000000011000001010110011101100010100000000;0.125276;1701;0.293748;37
=============================================
geração;melhor;fitness;cobertura;pior;fitness;cobertura;média;ind_repetidos
0;0110000110000010001000000111010000010100100;0.226175;3071;1100101001010100000000000000110100011000100;0.00110473;15;0.0411779;1
1;0001001110000010001000000111010000010100100;0.242009;3286;0110100001101000000100010001100110000000010;0.00301959;41;0.0583858;5
2;0000010110000010001000010111010000010100100;0.227942;3095;0001001000101001000011000110011100000000010;0.00419797;57;0.0742657;2
3;0000000110000011100010010101010010001010000;0.254014;3449;0110001000100001000000010111000001000110001;0.00198851;27;0.0944486;2
4;0000000110000011100010010101010010001010000;0.254014;3449;0000000100011000000001111000110000100100011;0.0022831;31;0.110417;8
5;0000001010000011001010010101010010001010000;0.279275;3792;1000110001000000101000100001101000011000100;0.00633378;86;0.130373;8
6;0100001010000011001010010101010000001000100;0.282958;3842;0011000010001001011000000100001001010010100;0.0181175;246;0.147063;4
7;0000001011000010110010000111010100000001000;0.279791;3799;1010000100001001010010100010000010100000101;0.00655472;89;0.161502;4
8;0000001010000011001010010101010000000111000;0.291722;3961;0011010010010001000000001011011000001010000;0.0181912;247;0.169855;4
9;0000001010000011001010000101010000000101110;0.295994;4019;0110001010001101001000001001001100000001000;0.0111209;151;0.180521;6
10;0000001110000010000010010111010100110000000;0.461261;6263;1000001000100010000010010100010010011010001;0.0440418;598;0.188032;5
11;0000001010000011011110000101010000100000010;0.316247;4294;0011010100111000000100000110010000010010000;0.0162763;221;0.194164;5
12;0000001010100011000010010111010000010001000;0.311607;4231;0101010100000010000010010111010010000001000;0.0380027;516;0.198617;6
13;0000001110100010000010010111010000110000000;0.48203;6545;0000001011001000001000010110010001000011100;0.0184121;250;0.207122;4
14;0000001110100010000010010111010000110000000;0.48203;6545;0010001010110000010010010100100001010000100;0.06621;899;0.210655;2
15;0000001110100010000010010111010000110000000;0.48203;6545;1010001000000111000100000101000100000101010;0.0220946;300;0.213276;9
16;0000001010100010000010000111100100110010000;0.382531;5194;0000011100100010001010000111001000000100100;0.0639269;868;0.218134;8
17;0000001010100010000010000111100100110010000;0.382531;5194;0001000110000001000010000110000110110001001;0.0600236;815;0.225272;10
18;0000001010100010000010000111100100110010000;0.382531;5194;1000000000100001101000000101011000001010101;0.0416851;566;0.227926;7
19;0000001110100010000010000111100000110010000;0.414789;5632;0000001000100010000010000111100100100011010;0.0560465;761;0.238895;7
20;0000001110100010000010000111100000110010000;0.414789;5632;0000001100001100010010100101001000001011000;0.0384445;522;0.240221;3
21;0000001010100011010110100101010000000001000;0.33407;4536;1000001000100010010010001011010000010001010;0.0708499;962;0.247725;4
22;0000001110100011100110000101010000010000000;0.33105;4495;0000001101110000010010100101000010100100000;0.0416114;565;0.251501;10
23;0000001010100011100110001101010000010000000;0.332229;4511;0000001110000101100100000111000000100100001;0.0459567;624;0.256816;13
24;0000001010100011010110000101110000000010000;0.337384;4581;0000001000000010100110010101111010000000010;0.0841066;1142;0.262675;20
25;0000001010100011110110000101010000000100000;0.339225;4606;1000101000000101100010010101010100010000000;0.0711445;966;0.267458;20
26;0000001010000011111010000111010000010000000;0.345559;4692;0000011110000101000110010001011100000000000;0.100678;1367;0.27387;20
27;0000001010100011111010001101010000000000000;0.354029;4807;0000011001000010100010010101010001001000010;0.0594344;807;0.27627;19
28;0000001010100011011110001101010000000000000;0.354839;4818;0000011100100001000111000101010000000001100;0.153042;2078;0.284839;17
29;0000001010100011101110000101110000000000000;0.350641;4761;0000011000001001100110101101010010000000000;0.0816762;1109;0.284352;17
30;0000001010000011111110010101010000000000000;0.345854;4696;1000001010100100000110000111010010000000010;0.131757;1789;0.287805;21
31;0000001010100011011110001101010000000000000;0.354839;4818;0010100001100001110010010101010000000000001;0.0654736;889;0.285611;26
32;0000001010100011110110000101010000000001000;0.349389;4744;0000011000001010011000100101010000001000101;0.0536898;729;0.289041;32
33;0000001010000011110110101101010000000000000;0.349094;4740;0000101010100001101000100111001000000001000;0.111283;1511;0.296594;43
34;0000001010100011100110000111010000010000000;0.350273;4756;0000000100000001110110110100110010010000000;0.0805715;1094;0.29762;51
35;0000001010100011110110001101010000000000000;0.358595;4869;0000001000001010010111010001011100010000000;0.0953749;1295;0.304117;45
36;0000001010100011110110001101010000000000000;0.358595;4869;0000001010010011101001000111000001010000000;0.16976;2305;0.29784;51
37;0000001010100011110110001101010000000000000;0.358595;4869;0000001100001010110010000100010100010000011;0.0503756;684;0.297145;48
38;0000001010100011110110001101010000000000000;0.358595;4869;0000001000010111110100010101010000000010000;0.114523;1555;0.297618;47
39;0000001010100011110110001101010000000000000;0.358595;4869;0001001000000001011110000101010100100010000;0.120415;1635;0.30011;56
40;0000001010100011110110001101010000000000000;0.358595;4869;0001001000000011101100001101010000000110000;0.110988;1507;0.303298;52
41;0000001010100011110110001101010000000000000;0.358595;4869;0000001001000011011110010001010010010000000;0.164973;2240;0.302579;51
42;0000001010100011111110000101010000000000000;0.364708;4952;0001001001000011110100000101010000100000010;0.103918;1411;0.305135;64
43;0000001010100011111110000101010000000000000;0.364708;4952;1100010000000010010110000101010000100101000;0.0843276;1145;0.305733;66
44;0000001010100011111110000101010000000000000;0.364708;4952;1000001100100011100100010001111000000000000;0.0834438;1133;0.304707;53
45;0000001010100011111110000101010000000000000;0.364708;4952;0000111000000011110100000101010010100000000;0.113419;1540;0.305262;52
46;0000001010100011111110000101010000000000000;0.364708;4952;1100001000000010011110000101110000000000100;0.101414;1377;0.305377;56
47;0000001010100011111110000101010000000000000;0.364708;4952;0000101000001011010010010101011000000100000;0.127265;1728;0.306575;67
48;0000001010100011111110000101010000000000000;0.364708;4952;0010001000000010010110001101011100010000000;0.119163;1618;0.310298;78
49;0000001010100011111110000101010000000000000;0.364708;4952;0001001000010101010110000101010010000001000;0.0827073;1123;0.310464;81
50;0000001010100011111110000101010000000000000;0.364708;4952;0000001001010011010110000101010010000010000;0.152526;2071;0.312566;92
=============================================
geração;melhor;fitness;cobertura;pior;fitness;cobertura;média;ind_repetidos
0;0100000110000011000010000111011010000000001;0.233687;3173;0101101000010100001001000000010000010010101;7.36486e-05;1;0.0392271;1
1;0100000110000011000010000101011010000110000;0.240757;3269;1001000001001000010001000010100101000010110;0.00220946;30;0.0549415;2
2;0000101010000010000110000111010000000001110;0.246428;3346;0001100100001100000000001000000110010011011;0.00132567;18;0.0704761;2
3;0000101010100010000110000111010000010100000;0.283252;3846;1000001100100001100001000000000010110101010;0.00596553;81;0.0934388;4
4;0000101010000010001110000111010000010000010;0.287671;3906;1100000000010110000001000110011001000001100;0.00375608;51;0.114803;3
5;1000001010000010001110000111010000000001100;0.258801;3514;1001001000010101100001100110000000000001100;0.00861688;117;0.132551;3
6;0100001110100010000110000111010000010000000;0.285609;3878;0000110101101001000000010000101000001100100;0.00721756;98;0.147094;4
7;1000001010110011000010001101010000000000010;0.284578;3864;1001010110000000000001100011100001011000000;0.0237148;322;0.158011;1
8;1000001010110011000010001101010000000000010;0.284578;3864;0110001110000001000100011000000000100010011;0.0128148;174;0.16859;3
9;0000000010100010100110110101010100000000100;0.291722;3961;0000100010111000001010000111000100001000100;0.0493445;670;0.17828;4
10;0000001010000011001110000101011000000011000;0.301517;4094;0110000010001000000101100001101000100100010;0.0265871;361;0.187463;4
11;0000001010110011001010001101010000000000010;0.309766;4206;1100001001000010110000001101001000000001001;0.0279128;379;0.194186;2
12;0000001010110011001010001101010000000000001;0.311681;4232;1000010000000111000100011101010000000000110;0.0674621;916;0.200848;6
13;0000001010100010011010100101010000100001000;0.304389;4133;0101011000000001011001011000000010000011000;0.0294594;400;0.209063;7
14;0000101010000011011010001101010000000001000;0.314479;4270;0000010010000001001100011001100000011000110;0.0523641;711;0.211033;9
15;0000001010100011011010001101010000000001000;0.335101;4550;1100000010001101010100110000000010001000010;0.0531743;722;0.215671;5
16;0000001010100011011010001101010000000010000;0.330535;4488;0001010000001101010010100101010100000100000;0.0578141;785;0.216116;6
17;0000001010000011011110100101010000000001000;0.336795;4573;0001100010011000110010110000100010000000100;0.0732803;995;0.221476;4
18;0000001010000011010110110101010000000000100;0.332376;4513;0000011000001110000110000111110000000001000;0.0671675;912;0.223132;3
19;0000001010100011011110100101010000000000000;0.346222;4701;0000000100010001011010011000001010110010000;0.0453675;616;0.227839;7
20;0000001010000011011110100101010000000000010;0.333775;4532;0000101010001101010000000110010100000000101;0.0171601;233;0.231969;12
21;0000001010000011011110100101010000000001000;0.336795;4573;0000010110100000010010011100010000010100010;0.0761526;1034;0.235258;5
22;0000001010000011011110100101010000000001000;0.336795;4573;0000101011000000001000110100010001000101010;0.0285756;388;0.242062;9
23;0000001010000011011010001101010100010000000;0.33569;4558;0000011110000001111000010000110000010000010;0.0648844;881;0.244906;4
24;0000001010100011010110001101010000000000100;0.339446;4609;0001100010000001011100000101011000010100000;0.0740168;1005;0.248648;13
25;0000001010000011011110100101010000000000100;0.334364;4540;0110001001100101000110100101000000000001000;0.0476506;647;0.255512;12
26;0000001010100011100110011101010000000000000;0.335543;4556;0010101000110010000011100001000000110010000;0.094712;1286;0.259837;16
27;0000001010100011011110000101010000010000000;0.344307;4675;0000100011100001010100100001010000000001101;0.112461;1527;0.268009;33
28;0000001010100011011110000101010000000000001;0.344528;4678;0000000010100000100100111111001100000000100;0.0430108;584;0.267857;16
29;0000001010100011010110000111010000010000000;0.354839;4818;0000000000100001100110111101010000000000101;0.094933;1289;0.275519;24
30;0000001110100011011110000101010000000000000;0.357637;4856;0000110000100011000100011101011000000001000;0.0940492;1277;0.281541;27
31;0000001010100011111110000101010000000000000;0.364708;4952;0000001010000001010110001110010000010110000;0.138459;1880;0.283794;25
32;0000001010100011111110000101010000000000000;0.364708;4952;0001001000100101001100000101011001000000100;0.109147;1482;0.284787;23
33;0000001010100011111110000101010000000000000;0.364708;4952;0000001010110000010010100111100010000000100;0.105391;1431;0.29357;30
34;0000001010100011110110001101010000000000000;0.358595;4869;0000101101000001011110011001000000010000000;0.0939019;1275;0.297351;47
35;0000001110100011101000000110010100010000000;0.432759;5876;0001000000100111010100001101110000000000100;0.102224;1388;0.298511;39
36;0000001010100011110110001101010000000000000;0.358595;4869;1000001010100001000110001101100001000000100;0.125718;1707;0.300081;52
37;0000001010100011111110000101010000000000000;0.364708;4952;0000001000100001001110001111010000000001001;0.1512;2053;0.30255;52
38;0000001110100010000110000111010100100000000;0.434526;5900;1000001010100001010010000111100100000100000;0.125571;1705;0.300985;63
39;0000001010100011110110001101010000000000000;0.358595;4869;0011001100100011001000010001110000000000100;0.0674621;916;0.304529;73
40;0000001010100011110110001101010000000000000;0.358595;4869;0000001000100011010110000001011001000001001;0.153557;2085;0.304048;55
41;0000001010100011110110001101010000000000000;0.358595;4869;0010001001000011110100000101010000001000001;0.104876;1424;0.304863;57
42;0000001010100011110110001101010000000000000;0.358595;4869;0100001000100011010100000101110001000000010;0.155104;2106;0.303414;63
43;0000001010100011110110001101010000000000000;0.358595;4869;0010011000100011100110001001010000100000000;0.162911;2212;0.30309;68
44;0000001010100011110110001101010000000000000;0.358595;4869;0001001000000011010110001111010000001000000;0.155472;2111;0.308517;71
45;0000001010100011110110001101010000000000000;0.358595;4869;1000001000010011010110000111010100000000000;0.168287;2285;0.305605;75
46;0000001010100011110110001101010000000000000;0.358595;4869;0010001010101011001100000111000000001000000;0.167698;2277;0.307648;84
47;0000001010100011111110000101010000000000000;0.364708;4952;0000001111101001011000010100110000000000000;0.14494;1968;0.308272;78
48;0000001010100011111110000101010000000000000;0.364708;4952;0000001010100001010110001100110000000000110;0.164825;2238;0.30856;83
49;0000001010100011111110000101010000000000000;0.364708;4952;0000001000000011001110000111110110000000000;0.160112;2174;0.307948;82
50;0000001010100011111110000101010000000000000;0.364708;4952;0000001000110011001110000100010100000010010;0.159523;2166;0.310789;72
=============================================
geração;melhor;fitness;cobertura;pior;fitness;cobertura;média;ind_repetidos
0;1010101110101000000000000111000000110000000;0.28119;3818;0010001100100000000001010000110010110010010;0.000441891;6;0.0401335;1
1;0000001010110011011010000000000100110000010;0.20489;2782;1001101000001000001001000011001001000000101;0.00051554;7;0.0610834;4
2;0000000110100011000010011101000000100010010;0.201355;2734;0010100001011000001100100000100110001001000;0.00117838;16;0.0817953;4
3;0100001110001010000110000101010000001000100;0.222492;3021;1010100011001100001000000100001000010100010;0.00265135;36;0.101277;3
4;0100000010010111011110010001000000000010000;0.234497;3184;1001110000001110000000010000110000000011001;0.00493445;67;0.122593;2
5;0000001010110010001010010101010000110000000;0.289292;3928;1011000000010011001000011000001010100000010;0.0191486;260;0.142873;4
6;0000001010100010000000100111001100110100000;0.358079;4862;0010001000101101100011000000000000111010000;0.0176757;240;0.161767;5
7;0000001010110010001010010101010000000010100;0.273457;3713;0001100100001010100100000011001100100100000;0.00596553;81;0.170552;7
8;0000101010100110001110010101010000000000000;0.289144;3926;1010000000110100111011000000000100100000010;0.0221682;301;0.182067;3
9;0000000010100111000110000101011100010000000;0.294668;4001;0000110101000011010000000001011000001011000;0.0316689;430;0.185878;4
10;0000001010100011001010100101110000000000100;0.312859;4248;0011001110000100100110000000010000100100100;0.0462513;628;0.192373;5
11;0000001010100010001010010101110000000010100;0.2834;3848;0000001000010110010100110001100010100000010;0.0345412;469;0.200257;5
12;0000000010100011111010010101010001000000000;0.313154;4252;0000101010000001110100000011000000011101000;0.0668729;908;0.204531;7
13;0000001010000011010110110101010000000001000;0.332818;4519;0000001000100110101101010000000100100100001;0.0418324;568;0.208672;6
14;0000001010000011010110110101010000000001000;0.332818;4519;1000000111100100000000100001101010100010000;0.0360878;490;0.217323;6
15;0000001010100011010110110101010000000000000;0.335985;4562;0110001001100001001111000010001001000000000;0.0234202;318;0.223633;8
16;0000001110000011010110110101010000000000000;0.335027;4549;0000011010010100001010000001010010110001000;0.0338783;460;0.23144;13
17;0000001010100011111010000101010000000000100;0.33871;4599;0101001100100010001010001001010000000010001;0.077331;1050;0.236478;8
18;0000001010100011111110000101010000000000000;0.364708;4952;0100001010000001100011000101000111000001000;0.0913242;1240;0.245418;21
19;0000001010100011111110000101010000000000000;0.364708;4952;0100001000110010101010000100010100000010010;0.0763735;1037;0.247689;14
20;0000001010100011111110000101010000000000000;0.364708;4952;1010101010100001111000001001000100000000000;0.0917661;1246;0.252823;16
21;0000001010100011110110000101010000000000010;0.347695;4721;0000001110010100101010010100000000100010100;0.0673884;915;0.259024;10
22;0000001010100011110110000101010000000001000;0.349389;4744;0000000100000001110110111101010000000001000;0.105833;1437;0.262522;17
23;0000001010000011111110000101010000000000100;0.34114;4632;0000001010001000011010010101001001000100001;0.0660627;897;0.26589;14
24;0000001010100011110110000101010000000000010;0.347695;4721;0010010100000010000110100101011000001000100;0.0872735;1185;0.272884;14
25;0000001010100011110110000101010000000000010;0.347695;4721;0000101010001000011010100101000101000001000;0.102445;1391;0.273587;15
26;0000001010100011110110000101010000000000010;0.347695;4721;0001000111000001010100100100010100100010000;0.0792458;1076;0.278672;16
27;0000000010100011111110001101010000000000000;0.34961;4747;0000001100100111011000110001010010000000000;0.128222;1741;0.27999;21
28;0000001010100011111110000101010000000000000;0.364708;4952;0000001000000111011100100101010000000001100;0.129327;1756;0.280323;14
29;0000001110100011011110000101010000000000000;0.357637;4856;0010001000000011011100000101110000000001001;0.0860215;1168;0.283703;25
30;0000001110100011011110000101010000000000000;0.357637;4856;0000001000100100110110100101000011000000001;0.0804242;1092;0.28598;27
31;0000001110100011011110000101010000000000000;0.357637;4856;0000001000001110111010000100110010000010000;0.0912506;1239;0.288181;23
32;0000001010100011111110000101010000000000000;0.364708;4952;0100001000001101101010000101010000000001010;0.0639269;868;0.288194;22
33;0000001010100011111110000101010000000000000;0.364708;4952;1000100010000101000110000101010100100000100;0.110546;1501;0.289338;26
34;0000001110100011110110000101010000000000000;0.355796;4831;0000101000000001010110101111010000000001000;0.104213;1415;0.293143;31
35;0000001110100011110110000101010000000000000;0.355796;4831;0000001000100001110100110101010100000000100;0.144867;1967;0.291239;30
36;0000001010100011110110000101110000000000000;0.356827;4845;0000001000000011011101000101010000000101100;0.112682;1530;0.291931;26
37;0000001010100011110110000101010000000001000;0.349389;4744;0000001000000011010110001101010010100000001;0.150611;2045;0.292678;31
38;0000001010100011110110000101110000000000000;0.356827;4845;0000011010000001110000110101000010100000100;0.0879364;1194;0.290998;32
39;0000001010100011011110001101010000000000000;0.354839;4818;0000011010000100010110101001010000101000000;0.118353;1607;0.295141;27
40;0000011110100001100000000111010000110000000;0.385992;5241;0010001100100010101010100001010000100000100;0.107969;1466;0.290585;25
41;0000001110100011011110000101010000000000000;0.357637;4856;0110001010000001001110010101000010000010000;0.1199;1628;0.288004;23
42;0000001010100011011110000101110000000000000;0.356754;4844;0100101100000010010110000100110000100100000;0.0824864;1120;0.293678;42
43;0000001010100011110110000101110000000000000;0.356827;4845;0000001010100001011100001001110000001000100;0.103329;1403;0.293322;24
44;0000001010100011110110000101110000000000000;0.356827;4845;0010011000000001101110000101110000000010000;0.097658;1326;0.296979;40
45;0000001010100011011110000101110000000000000;0.356754;4844;0010100100100001010010100111010000001000000;0.0997938;1355;0.302771;52
46;0000001010100011111110000101010000000000000;0.364708;4952;0000001001000010010110100101110000011000000;0.12999;1765;0.305789;53
47;0000001010100001010010000111010100110000000;0.444469;6035;0010001100000001011111100101100000000000000;0.131684;1788;0.308018;70
48;0000001010100011111110000101010000000000000;0.364708;4952;0000101000100011101100000001010000100001100;0.118353;1607;0.311796;76
49;0000001010100011111110000101010000000000000;0.364708;4952;1000001000000011011110000101110100000000000;0.164163;2229;0.313039;93
50;0000001010100011111110000101010000000000000;0.364708;4952;1000000000100011011110000101010110000000000;0.167109;2269;0.314016;92
=============================================
geração;melhor;fitness;cobertura;pior;fitness;cobertura;média;ind_repetidos
0;0000000010000011010011010010000010100010110;0.194064;2635;0100100100011000000001000100011010101000010;0;0;0.0430431;1
1;0000000010100011000111000101110000101000000;0.268375;3644;1101001000101000000001000000010011100001100;0.00132567;18;0.0585804;1
2;0000000010100001000111000111110000101000000;0.213213;2895;1100001000001001010000000000111011100000100;0.00051554;7;0.0746117;4
3;0000000010100011111000110100000101000000010;0.202828;2754;0101000000101100000100100100000010110100001;0.00198851;27;0.0925492;3
4;0000000010100011011110000000001100001000101;0.226322;3073;1000010100000110000000010000010010111001001;0.00471351;64;0.111615;5
5;0000000010100011000110010101010000000001101;0.289292;3928;1010001000100101100000000100010000010101001;0.00508175;69;0.126764;4
6;0000000110100011001000010111010000010000001;0.288334;3915;0100000100101001000100110010000011010000100;0.00662837;90;0.144344;7
7;0010101110100001100010000100000100110000000;0.327441;4446;0101001000101000101010000010000011000101000;0.0139196;189;0.155826;3
8;0010101110100001100010000100000100110000000;0.327441;4446;0110001000010010000100100100000010101100010;0.0144351;196;0.165924;2
9;0000011010010011100010000101010000000011000;0.279938;3801;1000000101101100000000010000100001100100110;0.00368243;50;0.171688;5
10;0000000010101011010110000101110000001000000;0.288187;3913;0000010011000001101000010010000110100000011;0.0362351;492;0.178581;5
11;0001001010001011010110000101010000001000000;0.292532;3972;0001000011000001000100101001001001110100000;0.0451466;613;0.185526;7
12;0000001010100011000110000101010000000001110;0.306083;4156;0001001110001000001001000110010100000010100;0.015098;205;0.18858;6
13;0001101010100011000110000101010010000000000;0.295183;4008;1000001001010010010100001001000010100001010;0.0340993;463;0.195215;9
14;0000001010100011000010001111010000010000001;0.322212;4375;0011001101100010000000001000000010000101110;0.0265135;360;0.202374;6
15;0000001010100011010110000101010000000001010;0.330682;4490;0101010000101110000100001101010000000000010;0.0447047;607;0.206524;9
16;0000101010100011001110000101010000000100000;0.314479;4270;1000000011100001000100001110110000010000010;0.048829;663;0.209314;8
17;0000001010100011001010000101110010000001000;0.31065;4218;0001000000110010010101000101000001100001100;0.0562675;764;0.217533;10
18;0000001011100011001010000101110000000000010;0.312491;4243;0001000000010001011011000101010000001010001;0.0583296;792;0.220741;6
19;0000001010100011000110001101010100100000000;0.324127;4401;0001000010100100011010000001010011010000100;0.0662837;900;0.226111;12
20;0000001010100011000110001101010100100000000;0.324127;4401;0000111000000011011000001001000001110000010;0.0590661;802;0.227875;8
21;0000011010100011001110000101010000000000010;0.326558;4434;0000100000100000110010001101011001000001001;0.06621;899;0.237029;9
22;0000001110100011011110000101010000000000000;0.357637;4856;0000000000000111001100001101010010000001011;0.0761526;1034;0.246518;3
23;0000001110100011011110000101010000000000000;0.357637;4856;0000001100100110101010000100110100000010000;0.0810134;1100;0.25693;10
24;0000001110100011011110000101010000000000000;0.357637;4856;0001000000101001001110110101010100000000000;0.073354;996;0.262924;11
25;0000011010100011010110010101010000000000000;0.340035;4617;0000011100100011000000001001011100000000011;0.0480925;653;0.266312;12
26;0000001110100011001010000111010000010000000;0.351893;4778;0000001000100010001011000001010101100000011;0.0614965;835;0.271345;16
27;0000001110100011001010000111010000010000000;0.351893;4778;0000011000100001110110101000010000010000100;0.0939019;1275;0.277543;7
28;0000001110100011001010000111010000010000000;0.351893;4778;0000101000010011000010000101010000101000011;0.08801;1195;0.273863;9
29;0000001110100011001010000111010000010000000;0.351893;4778;0000001010001001101010100101000100010000010;0.133378;1811;0.277326;16
30;0000001010100011010110000101010100010000000;0.351009;4766;0001000100000001101010010101010000010001010;0.0860952;1169;0.277687;17
31;0000001010100011010110000101010100010000000;0.351009;4766;1000001110100001011100001000010000000110000;0.0979526;1330;0.280619;25
32;0000001010100011110110001101010000000000000;0.358595;4869;0010000100101011001000001101010000000000110;0.143688;1951;0.285761;20
33;0000001010100011010110000111010000010000000;0.354839;4818;0000000000110101101010100101010001000000010;0.0608337;826;0.286247;15
34;0000001010100011010110000111010000010000000;0.354839;4818;0000110010100000010100000101010100010000101;0.14553;1976;0.286779;19
35;0000001110100011011110000101010000000000000;0.357637;4856;0001000100000111010110000101010101000000000;0.128369;1743;0.28718;18
36;0000001110100001000010000111010100010010000;0.444322;6033;0001001110000011101100010100000001000000001;0.158492;2152;0.292593;21
37;0000011010100011011110000101010000000000000;0.353292;4797;0000101000000011010100101101011000000010000;0.127486;1731;0.291581;19
38;0000001010100011011110001101010000000000000;0.354839;4818;0001100010100101010110000100010000000000110;0.151569;2058;0.294255;29
39;0000001010100011111010001101010000000000000;0.354029;4807;0000001100100001110010001011010000000001010;0.0692296;940;0.296305;26
40;0000001010100011011110001101010000000000000;0.354839;4818;1000000000100011010110001101011000010000000;0.155693;2114;0.297983;40
41;0000001010100011111110000101010000000000000;0.364708;4952;0100011010000001010110001101000000000001001;0.140963;1914;0.299649;40
42;0000001110100011000100000111010100010000000;0.497275;6752;0000010111100001010100011011010000000000000;0.0844749;1147;0.301333;33
43;0000001010100011110110001101010000000000000;0.358595;4869;1000000111000001000011011001010100010000000;0.0845485;1148;0.301713;46
44;0000001010100011110110001101010000000000000;0.358595;4869;0000001010100001001110000111001000000010100;0.152305;2068;0.303751;49
45;0000001010100011110110001101010000000000000;0.358595;4869;0001011000000111010110001001010100000000000;0.149654;2032;0.30348;54
46;0000001010100011110110001101010000000000000;0.358595;4869;1000011000100011011010001100011000000000000;0.167771;2278;0.306508;59
47;0000001010100011111110000101010000000000000;0.364708;4952;1000000100101001010000101101010010000000100;0.0914715;1242;0.307628;67
48;0000001010100011110110001101010000000000000;0.358595;4869;0100001000000011101110000111110000000000000;0.17057;2316;0.308554;69
49;0000001010100011110110001101010000000000000;0.358595;4869;0000000011000001011110101101010000000010000;0.189498;2573;0.311174;79
50;0000001010100011110110001101010000000000000;0.358595;4869;0000000100100001110110001001010100001010000;0.077331;1050;0.311008;79
=============================================
geração;melhor;fitness;cobertura;pior;fitness;cobertura;média;ind_repetidos
0;0000000011001011010000100101010010110000000;0.20489;2782;0001000000101101000000010100011010010010001;0.000147297;2;0.0431174;1
1;0001010010000011111010000100000001000011000;0.230667;3132;0101100101000100000000011000000001011000101;0.00051554;7;0.0607404;2
2;0001010010000011111010000100000001000011000;0.230667;3132;1100000001001000110001000100000110100010001;0.000957431;13;0.0826104;6
3;0000000011000011100010110000000000010111100;0.219767;2984;0110100000001010000000100001011001100000011;0.00132567;18;0.106505;6
4;0100000110110010001001000101010100000000010;0.241199;3275;1010001101000010000100101000011000001000100;0.0113419;154;0.128268;6
5;0000000010000111111010101100000010000001000;0.251436;3414;1010100000110001001100100010000000011001000;0.00434526;59;0.147824;5
6;0010011110100011100010000001010000100000000;0.290764;3948;0000100110000001001100000100001010101100100;0.0171601;233;0.158603;4
7;0000011110100111010010000001010000100000000;0.289071;3925;1110000000100010010100000111001000101000000;0.0280601;381;0.168762;2
8;0000110010100011000110100101011000000000000;0.279496;3795;1100001011000001001100000010100011100000000;0.023052;313;0.178134;4
9;0000100110000011110111000101010000000000000;0.306378;4160;0001010010001000101000110100100001100100000;0.0135513;184;0.187688;4
10;0100100010100011011110000101010000000000000;0.316615;4299;0100100000100010110000000011110100000000110;0.0182648;248;0.190886;4
11;0000011110000011000111000101010000000001000;0.296214;4022;0001010001000110010000101100100010010010000;0.0232729;316;0.194693;5
12;0000001010100011010110000101010001100000000;0.31691;4303;0001001001000111001100000001110001001000000;0.0466195;633;0.203834;6
13;0000001010100011010110000101010000001010000;0.321329;4363;1010010000000010100111010101000000100100000;0.0860215;1168;0.205735;7
14;1000100010100011011110000101010000000000000;0.315952;4290;0010000000100110000010100110010001101000010;0.066431;902;0.21049;6
15;0000100010100011111110000101010000000000000;0.341803;4641;0000000101010101011010000010010000000110010;0.0396966;539;0.212896;8
16;0000001011100011110010000101010000000100000;0.317131;4306;1000001000100001110110000001010011000100000;0.0681986;926;0.21797;4
17;0000001010000011110110000111010000100000000;0.346737;4708;0001110000010010011010000101001000001001000;0.0712181;967;0.226343;9
18;0000000010100011111110000101010000000100000;0.333407;4527;0000100000000010001110000101011101000010100;0.0765208;1039;0.233261;6
19;0000000010100011110110000111010000100000000;0.342834;4655;0000000001100000100011100111010000100110000;0.0818972;1112;0.238577;14
20;0000001010100011111110000101010000000000000;0.364708;4952;0000010001100011000000100111010000000001101;0.08801;1195;0.24306;10
21;0000001010000011111110100101010000000000000;0.353366;4798;0000010000110001111110000010010100000000100;0.105244;1429;0.244318;18
22;0000001010000011111110100101010000000000000;0.353366;4798;0010101010100001110000010110110000000000000;0.0793195;1077;0.25155;13
23;0000001010000011111110100101010000000000000;0.353366;4798;0100000000010010111100110010000000001001001;0.062233;845;0.257458;20
24;0000001010000011111110100101010000000000000;0.353366;4798;0000010010101000000110001101010000011000010;0.127854;1736;0.263594;22
25;0000001010100011111110000101010000000000000;0.364708;4952;0000000000100001110110100101011000000010010;0.113566;1542;0.268568;27
26;0000000010100011011010001111010000010000000;0.351745;4776;1000000001110001101110100101010000000000000;0.0793931;1078;0.272668;23
27;0000001110100011101110000101010000000000000;0.348505;4732;0010011010000001000111001001010000010100000;0.114082;1549;0.27235;13
28;0000001110100010011000001111000000110000000;0.462513;6280;0000010000100001110110001101010000010000010;0.108779;1477;0.276916;15
29;0000001110100011011110000101010000000000000;0.357637;4856;1100000011000001010010001001011000000010100;0.0846222;1149;0.277528;17
30;0000001010100011110110000101010000000001000;0.349389;4744;0100001000100001100011010001110000000100001;0.0467668;635;0.277339;17
31;0000001010100011111010000101110000000000000;0.349757;4749;0000000010000000110010011101010000101100100;0.0871999;1184;0.279353;23
32;0000001010100011111110000101010000000000000;0.364708;4952;0000000000100101011110000111010000001010000;0.0852114;1157;0.281059;22
33;0000001010100011111110000101010000000000000;0.364708;4952;0010000010110000101010001110110000010000000;0.0978053;1328;0.281437;22
34;0000001010100011110110001101010000000000000;0.358595;4869;0010001000000101001110010101010000000001010;0.0913979;1241;0.279605;18
35;0000001010100011101110001101010000000000000;0.354618;4815;0010000000001110010110000101100000001001010;0.0690087;937;0.286098;18
36;0000001110100011011110000101010000000000000;0.357637;4856;0001001000101011001010000100110000001001000;0.117101;1590;0.282412;7
37;0000001110100011011110000101010000000000000;0.357637;4856;0100000010100001001001010001010100100101000;0.0712181;967;0.284822;17
38;0000001110100011011110000101010000000000000;0.357637;4856;0000100001100111101100000101010000000000100;0.116365;1580;0.284181;17
39;0000001110100011011110000101010000000000000;0.357637;4856;0010101000100101010010000101000011000001000;0.0383709;521;0.284563;21
40;0000001010100011110110001101010000000000000;0.358595;4869;0000010000101111001010010100010100000000100;0.134703;1829;0.286505;15
41;0000001110100011011110000101010000000000000;0.357637;4856;0010101000000010011010010101000001000100010;0.0830019;1127;0.28609;20
42;0000001110100011011110000101010000000000000;0.357637;4856;1000001000100011010010000100110010100000001;0.105244;1429;0.292253;36
43;0000001110100011011110000101010000000000000;0.357637;4856;0000001001001111011100000101010000000001000;0.0830756;1128;0.293822;39
44;0000001010100011110110001101010000000000000;0.358595;4869;1010101110000010010100100011000001000000000;0.135661;1842;0.297045;45
45;0000001010100011110110001101010000000000000;0.358595;4869;0000000000010011111010010101110000000000010;0.168876;2293;0.301493;53
46;0000001010100011110110001101010000000000000;0.358595;4869;0000001000100001100110100101010110000000001;0.127486;1731;0.300593;58
47;0000001010100011110110001101010000000000000;0.358595;4869;0000001000100101011010000111010000001000010;0.132936;1805;0.301454;54
48;0000001010100011111110000101010000000000000;0.364708;4952;0000011010100011001100000100110000010001000;0.171822;2333;0.30511;67
49;0000001010100011111110000101010000000000000;0.364708;4952;0001001000100001110110000111000000000100010;0.0877154;1191;0.30728;81
50;0000001010100011111110000101010000000000000;0.364708;4952;0010001000000011111100000111010000000001000;0.132494;1799;0.306153;71
=============================================
geração;melhor;fitness;cobertura;pior;fitness;cobertura;média;ind_repetidos
0;1000001110000010110000010101010000000011000;0.226322;3073;1001100000011001000000111001100110000000000;0.000220946;3;0.0406413;1
1;1000001110000010110000010101011000000000010;0.222271;3018;0101001000011100001000000000110100010001001;0.000957431;13;0.0599608;3
2;0001010010000111111010100001000000000010000;0.224849;3053;0100100001101000000000001001111101010000000;0.0048608;66;0.079337;4
3;0000000110000011111111000100000100100000000;0.263073;3572;0001010100100001000001001001001010100100001;0.00125203;17;0.0964945;3
4;0000000110000011111111000100000100100000000;0.263073;3572;0101000001001000100010000110011011000000001;0.00324054;44;0.120074;4
5;0011001010000011100010001101110000000000000;0.284431;3862;0110100100100000000011001010001001000100100;0.00390337;53;0.141195;5
6;0000001011000010001010000111110000010100000;0.279864;3800;1000011010011000000100101011000010000000100;0.0122993;167;0.155192;2
7;0000111010000011011000010101010000000100000;0.26646;3618;0011001010000001100000010011000000010110001;0.0332155;451;0.171836;4
8;0000111010000011011000010101010000000100000;0.26646;3618;0101001011010001010000001100100001000000001;0.0287229;390;0.179321;9
9;0000001110000011110010001101010000010000000;0.310797;4220;1000100110000000110000010101000101100000001;0.0164236;223;0.185269;3
10;0000001010000011110010001101010000000001001;0.305421;4147;0000000000100101001110010000110101010000001;0.0397702;540;0.192942;11
11;0000011010000011110010100101010000001000000;0.312785;4247;0000100010001000001011010100010101101000000;0.0459567;624;0.199794;9
12;0000001010000011100110010101010000110000000;0.325453;4419;0000101100001001001010010100010010000011000;0.0434526;590;0.203303;8
13;0000001110100011001110001101000000000001000;0.313816;4261;0010001000000011110000001101010100000001010;0.084033;1141;0.20964;9
14;0000001110100011101110001101000000000000000;0.338047;4590;1000000010110000110000101001000010000101001;0.0323317;439;0.209423;5
15;0000000010100111011010010101010000000001000;0.315437;4283;0000000010100100111000110000010100000101010;0.0640742;870;0.217255;4
16;0000000011100011011010001101010010000000000;0.309398;4201;0000011000100010010010000110010100001100001;0.0712918;968;0.219421;7
17;1000001010000011010110011101010000000000000;0.318383;4323;0000001110000001111000010000110000011000010;0.0447047;607;0.225826;11
18;0000010010100011110110000101011000000000000;0.32015;4347;0010101010101001000010000100010000100001010;0.0894093;1214;0.226252;4
19;0000001010100011110110000101011000000000000;0.341435;4636;0100001000010110010000011101011000010000000;0.0508175;690;0.228174;6
20;0000001010000011011111000101010000000010000;0.332302;4512;0001001000000010101010001101010000000001011;0.0849904;1154;0.230404;4
21;0000001010100011011110010101010000000000000;0.346222;4701;0001000000100100110011001101000001010010000;0.0512594;696;0.234553;3
22;0000000010100011110110000101010000110000000;0.343423;4663;0001001010000000101001010001110000001000011;0.0286493;389;0.241399;7
23;0000001010100011011110000101010000000010000;0.345191;4687;0100000000110110110000000101011000100000100;0.0568567;772;0.249014;16
24;0000001010100011010110000101010000110000000;0.350714;4762;1100001010000001011101000001000000011010000;0.0658418;894;0.253236;17
25;0000001010000011110110000111010000010000000;0.353218;4796;0100000101010011010100000101011010000000000;0.0645161;876;0.256108;15
26;0000001010100011110110000101010100000000000;0.341435;4636;0000000001100101011010100111010000000000001;0.0748269;1016;0.260934;15
27;0000001010100011110110000101010000000001000;0.349389;4744;0000010000100010011001001101010100101000000;0.105465;1432;0.264914;19
28;0000001010100011110110000101010000000001000;0.349389;4744;0001000010110100111000000100110001000100000;0.0623803;847;0.267969;13
29;0000001010000011110110000101010100010000000;0.348431;4731;0001000001000011111000010101010000100001000;0.0950066;1290;0.270897;17
30;0000001010000011110110000101010100010000000;0.348431;4731;1001000000100110010000010101010000000001110;0.065179;885;0.275125;14
31;0000001010100011110110000101010000000001000;0.349389;4744;0000101010000000001110100101100010000001010;0.118059;1603;0.274614;14
32;0000001010000011110110000111010000010000000;0.353218;4796;0000001000001101010011010101010010000000001;0.0508175;690;0.273576;17
33;0000001010100011110110000101110000000000000;0.356827;4845;0001000000110111100010000011010000001001000;0.123214;1673;0.278466;15
34;0000001010100011011110000101110000000000000;0.356754;4844;0010001000100001001010010101010001000011000;0.128885;1750;0.283141;17
35;0000001010100011010110000111010000010000000;0.354839;4818;1000001000000110100110010101010000010000010;0.0839593;1140;0.286165;11
36;0000001010100011011110000101110000000000000;0.356754;4844;0010001100100111010001000101000100000001000;0.0793195;1077;0.285785;26
37;0000001010100011110110000101110000000000000;0.356827;4845;0100001000000010011100100101111000000010000;0.0780675;1060;0.289456;20
38;0000001010100011010110000111010000010000000;0.354839;4818;0000111000100010110100110100010010000000000;0.0947857;1287;0.287562;12
39;0100011110100011000000000101000100110000000;0.405804;5510;0000101000001011101100010101010100000000000;0.10193;1384;0.286885;16
40;0000001010100011011110000101110000000000000;0.356754;4844;0100011100100011000000000101000100110100000;0.0579614;787;0.289563;20
41;0000001010100011111110000101010000000000000;0.364708;4952;0000001001000010011110000101011011000000000;0.102224;1388;0.292464;27
42;0000001110100011011110000101010000000000000;0.357637;4856;0100001000000111110011000100111000000000000;0.14089;1913;0.29121;23
43;0000001010100011011110000101110000000000000;0.356754;4844;0000001001101011000010000100010110010000010;0.096406;1309;0.293273;30
44;0000001110100011011110000101010000000000000;0.357637;4856;0001001010101001011000110101000000000000100;0.114082;1549;0.297351;42
45;0000001010100011111110000101010000000000000;0.364708;4952;0000001000010011100010001101110000100100000;0.133009;1806;0.298101;36
46;0000001010100011111110000101010000000000000;0.364708;4952;0000110010100001011000001101011001000000000;0.145456;1975;0.302234;46
47;0000001010100011111110000101010000000000000;0.364708;4952;0001001000100010001111000001110100010000000;0.0895566;1216;0.298308;35
48;0000001010100011111110000101010000000000000;0.364708;4952;0000101001000011001010011101010000000000100;0.148034;2010;0.301678;57
49;0000001010100011111110000101010000000000000;0.364708;4952;0001001010110001010010000100011001000100000;0.110988;1507;0.307633;71
50;0000001110100011000010000111010000110000000;0.521284;7078;0010001100100010111110010001010000000000000;0.15179;2061;0.310887;67
=============================================
geração;melhor;fitness;cobertura;pior;fitness;cobertura;média;ind_repetidos
0;0000101110100011010010000001000000110001000;0.200103;2717;1000001100101000010001100011001000100000100;0.000220946;3;0.043871;1
1;1000000010001011100111001100000000000100010;0.194064;2635;0100010011000000000100001000011001011000011;0.00103108;14;0.0626943;2
2;1000000010001011100110110000000110000010000;0.208204;2827;1010010100101100000001000100010010100000010;0.00125203;17;0.0828115;4
3;0100010110000011100010000101010000010000001;0.245765;3337;0011100001000100100000010011100000101000100;0.002725;37;0.106093;4
4;0000010010100011110011001100100100000000000;0.233981;3177;0010110010100000000100001011001100011000000;0.0048608;66;0.119603;2
5;0000100110100011100010001101010000000100000;0.299897;4072;1011100011000000010000010000010010000010011;0.00544999;74;0.138176;7
6;0000101010100011010010011101010000000000000;0.318898;4330;1010010000000110100001010011001001000001000;0.00596553;81;0.149226;3
7;0000110010100011010010011101010000000000000;0.301517;4094;0101010000101010000101001000100001010001000;0.0127412;173;0.163521;6
8;1000010010100011010010011101010000000000000;0.293195;3981;0001000101110001000000011011010000000001100;0.0271763;369;0.17369;4
9;0000000011110011001010100101010001000000000;0.291796;3962;0000100000100101000000111101010000000110010;0.036456;495;0.184388;5
10;0000000010100011010110000101010001000010001;0.290102;3939;0000000000110100000101110111000011100000000;0.0240831;327;0.194169;6
11;0000010010100011110010011101010000000000000;0.31691;4303;1000010010100101100000010001000100101000001;0.0427162;580;0.20121;7
12;0000000011100011110110001101010000000000000;0.329798;4478;1100010100000010101101010010100000000010000;0.0291648;396;0.208879;3
13;0000010010100011111110000101010000000000000;0.34578;4695;0010010010000000111000000001110000010010101;0.0508911;691;0.216382;3
14;0000001010000011011110100101110000000000000;0.340035;4617;0100000001110010110000000101000001001000101;0.0283547;385;0.220621;9
15;0000001010100011010110011101010000000000000;0.340404;4622;1000000001100001111010000101010001000010000;0.0694506;943;0.222853;8
16;0000001010000011110110000101110000000000100;0.332965;4521;0000001000100000111110110000111001000000000;0.0862425;1171;0.228134;10
17;0000000010100011111110000101010000000000100;0.336132;4564;0001010000000110001110000101011001000010000;0.0755634;1026;0.232886;14
18;0000001010100011110010011101010000000000000;0.335985;4562;1000011010100100100010001100001000000000101;0.0391074;531;0.242406;21
19;0000001010100011111110000101010000000000000;0.364708;4952;1000100000101001110010000101011001000000000;0.050081;680;0.247572;17
20;0000010010100011111110000101010000000000000;0.34578;4695;1000000000100010110000100101110101001000000;0.0658418;894;0.254006;14
21;0000001010000011111110000101010100000000000;0.340551;4624;0001000001100010110100000101000110000001100;0.0651053;884;0.255399;9
22;0000001010000011111110000101110000000000000;0.348505;4732;0000100010000101010010001111110000000100000;0.117175;1591;0.265821;12
23;0000001010100011010110001101010000000000010;0.339078;4604;0011000000101001111010000101010000000000100;0.0684195;929;0.269808;18
24;0000001010100011101110000101110000000000000;0.350641;4761;0000001001000001011110010111010000000010000;0.0991309;1346;0.274861;26
25;0000001110100011011110000101010000000000000;0.357637;4856;0110001010000001011010011001010000000000100;0.124761;1694;0.27649;26
26;0000001110100011011110000101010000000000000;0.357637;4856;0000011000000001101010010111010001000010000;0.0790249;1073;0.280466;26
27;0000011010100011011110000101010000000000000;0.353292;4797;1000011000000001111010000101010000000100010;0.0888938;1207;0.279482;20
28;0000001010100011111110000101010000000000000;0.364708;4952;0000001000000001111010100101010000100001010;0.0969215;1316;0.282937;15
29;0000101010100011011110000101010000000000000;0.349757;4749;0000010000100101101100101101010100000000000;0.0771837;1048;0.283918;12
30;0000000010100011111110001101010000000000000;0.34961;4747;0000001000001111110000010101011000000000100;0.0723965;983;0.285685;19
31;0000001010100011011111000101010000000000000;0.3474;4717;0000111010000001111000000100010000110000100;0.113492;1541;0.290643;26
32;0000001010100011110110001101010000000000000;0.358595;4869;0010001001000111010100000101011000000000010;0.0670938;911;0.291038;37
33;0000001010100011010110000101010000110000000;0.350714;4762;0100001000000001111110010001110000000000010;0.106717;1449;0.293768;35
34;0000001010000011111110100101010000000000000;0.353366;4798;0000001000001011010110001100110000110000000;0.141111;1916;0.295323;36
35;0000001010100011111110000101010000000000000;0.364708;4952;1100001010100001001010000001110101000000000;0.109368;1485;0.297537;49
36;0000001010100011110110000101110000000000000;0.356827;4845;0000001000100001000110010101100000100010101;0.0635587;863;0.297067;37
37;0000001010100011110110000101110000000000000;0.356827;4845;0001001000100011101100000111000000000010100;0.119679;1625;0.297255;54
38;0000001010100011110110000101110000000000000;0.356827;4845;0000001001110010101100001101010001000000000;0.150538;2044;0.301772;54
39;0000001010100011111110000101010000000000000;0.364708;4952;0010011000100010011010101001010000000000010;0.132715;1802;0.302635;50
40;0000001010100011111110000101010000000000000;0.364708;4952;0000100000000011011110001100010100000001001;0.169097;2296;0.30056;38
41;0000001010100011111110000101010000000000000;0.364708;4952;0000001000110001101110100001010000101000000;0.0727648;988;0.301984;55
42;0000001010100011111110000101010000000000000;0.364708;4952;0000001000110010001010000101011010100100000;0.141773;1925;0.30451;50
43;0000001010100011111110000101010000000000000;0.364708;4952;0010000010000001110110000101111000000001000;0.152526;2071;0.307226;72
44;0000001010100011111110000101010000000000000;0.364708;4952;0000101010101011101000000100010000100010000;0.163132;2215;0.310205;66
45;0000001010100011111110000101010000000000000;0.364708;4952;0000001010101001010100000111010000000000011;0.147444;2002;0.310522;73
46;0000001010100011111110000101010000000000000;0.364708;4952;0000001000000010111110000101010100000100100;0.130063;1766;0.312684;69
47;0000001010100011111110000101010000000000000;0.364708;4952;1000001000101010011110000101110000000000000;0.190161;2582;0.313717;78
48;0000001010100011111110000101010000000000000;0.364708;4952;0010001110000001101110000110010100000000000;0.14575;1979;0.313142;98
49;0000001010100011111110000101010000000000000;0.364708;4952;0000001010000011111000010001010000001100010;0.180144;2446;0.320426;114
50;0000001010100011111110000101010000000000000;0.364708;4952;0100001010100001011110010001010000000001000;0.185226;2515;0.318912;115
=============================================
geração;melhor;fitness;cobertura;pior;fitness;cobertura;média;ind_repetidos
0;0000000011100110010100100101010000000010100;0.238032;3232;1001100001010000000000101001000110101000010;0.000220946;3;0.0417762;1
1;0000000011100110010100110101010000000010000;0.238842;3243;1010010000101100010000100000010110010000010;0.00103108;14;0.0647496;4
2;0100010110100010010100100101010000000010000;0.251583;3416;0000001100100100001000100011000110100110000;0.00301959;41;0.0815188;3
3;0000000010100011111010101100010000000000010;0.268891;3651;0010010001000001000010101000001111010000100;0.010679;145;0.105227;5
4;0000000011110011010100100101010000000010000;0.275667;3743;1100100011010000100100001000010000010100010;0.0103844;141;0.125529;5
5;0000001110000011001010001101010000000100001;0.289586;3932;1000010000011100000111000000010110010000010;0.00567094;77;0.143046;6
6;0000001010000011011010001101010001000100000;0.297393;4038;0001000100000010101010000000001011111000001;0.0225365;306;0.156931;5
7;1000001010000011011010001101010001000000000;0.294447;3998;1100000110101000100000101000110001010000000;0.0144351;196;0.172348;7
8;0000101010000011011010001101010001000000000;0.305641;4150;1000010100001110010000110110000000000100001;0.013625;185;0.1811;7
9;0000001010000010011110110101010000100000000;0.305126;4143;1001010100100001100010010000100001000010100;0.0214317;291;0.189553;4
10;0000000110000011100110101101010000000010000;0.300191;4076;1100000100000010001010000101000000110100011;0.0399912;543;0.197695;6
11;0000001010000011010110001101110000000000100;0.324422;4405;0000001001000010101010000000010000011111100;0.0671675;912;0.20329;9
12;0000001010000011010110000111010000010000010;0.334512;4542;1001011001000011000000001001010000110100000;0.0223155;303;0.207266;7
13;0000000010100011001010001101010000110001000;0.329504;4474;1001101010000001000100100001000100000010110;0.0478716;650;0.214242;3
14;0000011010000011010110001101010000000000100;0.325821;4424;0010000100000101010110000100110000010100010;0.0562675;764;0.218938;12
15;0000001010000011010110101101010000000001000;0.336058;4563;0010101000101110010000000100010100100000010;0.0051554;70;0.224196;7
16;0000001010000011010110101101010000000001000;0.336058;4563;0000101010100000000100010011011000110000010;0.0207689;282;0.228162;5
17;0000001010100011011110100101010000000000000;0.346222;4701;0000110000000011000000010111010110000000110;0.0469878;638;0.236265;8
18;0000001110000011011110100101010000000000000;0.337531;4583;1001000100001000100110101001010001000010000;0.0465459;632;0.240233;9
19;0000001110100010010000000101001100110100000;0.393578;5344;0000001010100000100110011001000001000010110;0.0901458;1224;0.245046;11
20;0000001010000011110110001101010000010000000;0.333407;4527;0010001110000000011000101001010100100100000;0.057004;774;0.244057;9
21;0000001010100011001110101101010000000000000;0.333039;4522;1000000001001011010000001101110000000000110;0.0620121;842;0.252524;9
22;0000001110100010011000000101001100110000000;0.439019;5961;0000010000100001011011001100010100001000100;0.0765208;1039;0.257136;7
23;0000001010000011010110100111010100000000000;0.340625;4625;0001011001000110000000000101110000000001110;0.0254824;346;0.260702;10
24;0000001010100011110110000101010000100000000;0.341066;4631;1000011000000010101000101101010000110000000;0.104949;1425;0.264887;10
25;0000000110100011011010000111010000100000000;0.341508;4637;0000001000000011010100001101111100000000010;0.0787303;1069;0.270225;18
26;0000001110100011100110001101010000000000000;0.342098;4645;0000001100100001011110010100110000000000001;0.0925762;1257;0.271366;15
27;0000000010100011011110000101010000110000000;0.34033;4621;0000001000000011110100010101010010010000001;0.103918;1411;0.274;20
28;0000001010100011110010001101110000000000000;0.343644;4666;0000001010000101110010001001110110000000000;0.116659;1584;0.274752;22
29;0000001110100001010010000101010100110000000;0.454412;6170;0101001000000011000110011001010000100001000;0.124319;1688;0.276669;14
30;0000001010100011101110001101010000000000000;0.354618;4815;0000101010100001100100000011010000100001010;0.0745323;1012;0.275724;18
31;0000001010100011110110000101010000000001000;0.349389;4744;0000001010100001000110010100011000010101000;0.134556;1827;0.280981;19
32;0000001010100011010110000101010100010000000;0.351009;4766;0000010100100001000010100101110000101001000;0.0886729;1204;0.282618;24
33;0000001010100011110110000101010000000000100;0.34821;4728;0000001001000011010010000101010101000000011;0.113419;1540;0.28534;22
34;0000001010100011101110001101010000000000000;0.354618;4815;0000101000000001101010011101010100000001000;0.0945647;1284;0.285549;23
35;0000001010000011110110000111010100000000000;0.347989;4725;0000111010100001010100000101000100000001010;0.102445;1391;0.284713;21
36;0000001010100011101110001101010000000000000;0.354618;4815;0101000000001011010011001100010100000000100;0.116217;1578;0.287255;22
37;0000001110100011011110000101010000000000000;0.357637;4856;0001001010100101011001000000010100010001000;0.0625276;849;0.28816;18
38;0000011010100011011110000101010000000000000;0.353292;4797;0000011000100001001110000101110000000100010;0.151863;2062;0.295843;23
39;0000001110100011011110000101010000000000000;0.357637;4856;0100001000100001111010010101010000000000100;0.151127;2052;0.291654;17
40;0000001010100011111110000101010000000000000;0.364708;4952;0000001001000010111110010101010000001000000;0.12999;1765;0.291515;29
41;0000001010100011110110000101110000000000000;0.356827;4845;0000000100010001111010110101010000000001000;0.0944911;1283;0.294002;30
42;0000001010100011111110000101010000000000000;0.364708;4952;1001001000100010011110001000011000010000000;0.108853;1478;0.298896;47
43;0000001010100011111110000101010000000000000;0.364708;4952;0100001001000011001110000101011000010000000;0.130211;1768;0.30127;45
44;0000001010100011111110000101010000000000000;0.364708;4952;0000001001100011011000100111000001000000001;0.128369;1743;0.304877;62
45;0000001010100011111110000101010000000000000;0.364708;4952;0000110000100111001010011100010000000000100;0.154883;2103;0.305042;53
46;0000001010100011111110000101010000000000000;0.364708;4952;1000001000000011011010000101011000001000001;0.12314;1672;0.303374;58
47;0000001010100011111110000101010000000000000;0.364708;4952;0000000110100011000100001001110101000000100;0.1526;2072;0.308597;65
48;0000001010100011111110000101010000000000000;0.364708;4952;0000000100000111011110000101010000100000001;0.151127;2052;0.305696;66
49;0000001010100011111110000101010000000000000;0.364708;4952;0000001110111000010100000111010000000000010;0.143394;1947;0.31033;82
50;0000001010100011111110000101010000000000000;0.364708;4952;0000001100100011011010000001010100010000010;0.152158;2066;0.312914;100
=============================================
geração;melhor;fitness;cobertura;pior;fitness;cobertura;média;ind_repetidos
0;0000000010000110001111001000001000100011100;0.181028;2458;1100010101001000000000000110000010100101100;0.000736485;10;0.0405719;1
1;1010000010100010011110100001001000001000000;0.210856;2863;1010100100000100000000101011000000100100101;0.000441891;6;0.0588152;5
2;0000111010000011000000100101010110100000000;0.263588;3579;0001100000010101000000110000000110110010001;0.00176757;24;0.0787074;4
3;1010000010100010011110001101000000000010000;0.212476;2885;1001000110100100001000001001001010010000100;0.00581824;79;0.0939267;3
4;0000110010100010011110001101000000000010000;0.234423;3183;1110001000010001010001100000010100000010010;0.00648107;88;0.11148;3
5;0000001010000010100111101111010000000000000;0.295699;4015;0101100010000000000100000010110001100100110;0.00250405;34;0.128657;1
6;0000000110100110001010000110010100110000000;0.305862;4153;1110000001001000110100000001100001010000010;0.0109736;149;0.147764;4
7;0000111010110010001110000101010000000000000;0.286566;3891;0011000110000000000100100100101001011000010;0.00618648;84;0.164472;6
8;0100000010100011001110100101010000000000010;0.295552;4013;1000100010001100000000110101000000001001110;0.0423479;575;0.178726;9
9;0001001110100011001010100001010001000000000;0.27655;3755;1000110000001101000011010000000001001001100;0.0372662;506;0.187015;5
10;0001011010000010110110100101010000000000000;0.304979;4141;1000000101100001101011001000100001000001000;0.0256297;348;0.190768;10
11;0000001010010010111110100101010000000000000;0.317941;4317;1100000110000000010010000001101000110101000;0.019075;259;0.199637;4
12;0000101110000010011110100101010000000000000;0.315216;4280;0000010000001010101010000001000111110100000;0.0329209;447;0.206804;5
13;0000001010000011011110000101010000000001001;0.321402;4364;1001010001100100001100000101010000000000011;0.0458094;622;0.211027;8
14;0000000010100011111110001101010000000000000;0.34961;4747;0010000011000001011100000010000010000101011;0.0412432;560;0.215901;6
15;0000000010100011111110001101010000000000000;0.34961;4747;0000000000101010011100000100010001010111000;0.060981;828;0.221229;9
16;0000000010100011111110001101010000000000000;0.34961;4747;1010000101000100111010001001010000000000001;0.0599499;814;0.231086;5
17;0000001010100011011110000101011000000000000;0.343202;4660;0000000000010011100100100111101100100000000;0.082781;1124;0.236239;8
18;0000101010000011011110000101010000000010000;0.329356;4472;1100000010100000011100011001010000000010100;0.0683459;928;0.241159;18
19;0000001010100011011110000101010000000001000;0.346148;4700;0100000010000000101110001101001001000011000;0.0902195;1225;0.246369;17
20;0000001010100011011110000101010000000001000;0.346148;4700;0100000010010101100110001100010000010010000;0.117838;1600;0.248315;16
21;0000011010100011001110000101110000000000000;0.339078;4604;0000000010000000111100100101110010000010100;0.0830756;1128;0.254308;21
22;0000000010100011110110000111010000100000000;0.342834;4655;0000001000100110001111001001110000000000010;0.106864;1451;0.262439;13
23;0000001010100011011110000101010000000010000;0.345191;4687;0100001000000110010101100101010010000001000;0.073133;993;0.263979;11
24;0000001010100011011110000101010000000010000;0.345191;4687;0000000110100001110101001100010001001000000;0.111357;1512;0.271427;16
25;0000001010100011011110000101010001000000000;0.342245;4647;0000001001000001011110100101010001000010000;0.110178;1496;0.273751;17
26;0000001010100011010110010101110000000000000;0.342613;4652;0000001000010010010011010101110000100000010;0.0920607;1250;0.275042;20
27;0000001110100011011110000101010000000000000;0.357637;4856;0000001001100101010001001101010000000010010;0.114892;1560;0.276587;15
28;0000001010100011011110001101010000000000000;0.354839;4818;1100100010100001010011000101001000100000000;0.113271;1538;0.282495;25
29;0000001010100011011110000101110000000000000;0.356754;4844;1000001000100010001111010001010000001010000;0.113492;1541;0.287938;33
30;0000001010100011011110000101110000000000000;0.356754;4844;0000101100000010001110101101100000000000001;0.134924;1832;0.289359;34
31;0000001010100011011110000101110000000000000;0.356754;4844;0000000001100101011110100001110001000000000;0.0848431;1152;0.293409;41
32;0000001010100011011110000101110000000000000;0.356754;4844;0000000100100001011110000101010000101000001;0.122109;1658;0.296221;40
33;0000001010100011111110000101010000000000000;0.364708;4952;0001011000000010010110010101010000010100000;0.10598;1439;0.297932;43
34;0000001010100011110110000101110000000000000;0.356827;4845;0000000100100011110000011101011000000010000;0.163352;2218;0.298299;51
35;0000001010100011110110000101110000000000000;0.356827;4845;0000011000000011001110100011010000000011000;0.174547;2370;0.303429;55
36;0000001010100011111110000101010000000000000;0.364708;4952;1100011000000010001111100101010000000000000;0.137355;1865;0.304868;55
37;0000001010100011111110000101010000000000000;0.364708;4952;1000001000000011010110000101010000010000011;0.146855;1994;0.303597;57
38;0000001010100011111110000101010000000000000;0.364708;4952;0100001010110011010100000101000000100000001;0.167256;2271;0.305781;60
39;0000001010100011111110000101010000000000000;0.364708;4952;0000011000000010011110000101010001010010000;0.118501;1609;0.306152;67
40;0000001110100011011110000101010000000000000;0.357637;4856;0000001000000011011010101101110000010000000;0.194874;2646;0.310107;68
41;0000001010100011111110000101010000000000000;0.364708;4952;0000100000100001011110001101010001000000100;0.0984681;1337;0.308058;63
42;0000001010100011111110000101010000000000000;0.364708;4952;0000001000000001011110000111010000000011001;0.0972161;1320;0.305254;58
43;0000001010100011110110000101110000000000000;0.356827;4845;0000001100100010011110100001010010000000010;0.149727;2033;0.305819;67
44;0000001010100011110110000101110000000000000;0.356827;4845;0000001010100100011110000111000000000100010;0.115186;1564;0.304661;80
45;0000001010100011111110000101010000000000000;0.364708;4952;0000000100101001011110100101010000010000000;0.136397;1852;0.313867;99
46;0000001010100011111110000101010000000000000;0.364708;4952;0000001000010010011110001101010000001100000;0.117469;1595;0.315215;105
47;0000001010100011111110000101010000000000000;0.364708;4952;1000001010100001111010000101000000000000011;0.174842;2374;0.317132;110
48;0000001010100011111110000101010000000000000;0.364708;4952;0001001000000011010110001111010100000000000;0.17985;2442;0.318376;131
49;0000001010100011111110000101010000000000000;0.364708;4952;0000001010100001110110000001010010000010100;0.188025;2553;0.321492;134
50;0000001010100011111110000101010000000000000;0.364708;4952;0000001010100010011100010100010000000101001;0.183017;2485;0.326155;157
=============================================
