geração;melhor;fitness;cobertura;pior;fitness;cobertura;média;ind_repetidos
0;0000000010101110000000000111010001000011100;0.187804;2550;1001000100011000010000101000101101000001000;0.00110473;15;0.0412373;1
1;0000011110100110000100000111010000010000000;0.281853;3827;1100100101110000001000001000110000010100000;0.00891147;121;0.0961254;1
2;0000001110100110100000000111010000110000000;0.462439;6279;1010001000000001100100101001010100010000001;0.0315952;429;0.156579;1
3;0000001110100110100000000111010000110000000;0.462439;6279;1000000001100010011010000010010001000001011;0.0656209;891;0.202814;6
4;0000001110100011100000000111010000110000000;0.48122;6534;1000101010000000111000100001000100110000001;0.0329209;447;0.222636;4
5;0000001110100011100000000111010000110000000;0.48122;6534;0000000100100110001110001111000100010000000;0.109957;1493;0.256506;16
6;0000001110100010011000000111010000110000000;0.504714;6853;0000011110001001010010110101000000100000000;0.12616;1713;0.272358;11
7;0000001110100010000000001111010100110000000;0.508101;6899;0000001100100010100101001111000100100000000;0.0564884;767;0.271365;7
8;0000001110100010100000000111010100110000000;0.500957;6802;0010011000000010100010001111010100100000000;0.106569;1447;0.289851;4
9;0000011110100010000000000111010100110000000;0.506407;6876;0000001110101110001000100110000000010000001;0.141479;1921;0.331468;15
10;0000001110100010010000000111010100110000000;0.516055;7007;0000011100100100100000101110011000010000000;0.0133304;181;0.336451;14
11;0000001110100010001000001111010100010000000;0.522536;7095;0000011100000011100100001110000100110000000;0.0980999;1332;0.363871;17
12;0000001110100010001000001111010100010000000;0.522536;7095;0000011110000100101000001111000000110000000;0.0726911;987;0.388702;24
13;0000001110100010001000000111010100110000000;0.529018;7183;0000001100100011001000001011010100110000000;0.11688;1587;0.424845;30
14;0000001110100010001000000111010100110000000;0.529018;7183;0000001101100010101000001110010100010000000;0.0741641;1007;0.447712;28
15;0000001110100010001000000111010100110000000;0.529018;7183;0100001100100010100000100011010100110000000;0.0655472;890;0.461215;39
16;0000001110100010001000000111010100110000000;0.529018;7183;0000001010100010001000101011010100110000000;0.193033;2621;0.470547;50
17;0000001110100010001000000111010100110000000;0.529018;7183;0000001100110010010000001111010100010000000;0.174621;2371;0.484579;66
18;0000001110100010001000000111010100110000000;0.529018;7183;0100001000100010001000001111010100110000000;0.189645;2575;0.496494;60
19;0000001110100010001000000111010100110000000;0.529018;7183;0000001110100010001000011111010000010000000;0.299529;4067;0.508153;77
20;0000001110100010001000000111010100110000000;0.529018;7183;0000001100100010001000000111010100110100000;0.341729;4640;0.511444;78
21;0000001110100010001000000111010100110000000;0.529018;7183;0000001110100010001000001011010100110000000;0.417882;5674;0.519632;82
22;0000001110100010001000000111010100110000000;0.529018;7183;0000100110100010001000000111010100110000000;0.394241;5353;0.524817;91
23;0000001110100010001000000111010100110000000;0.529018;7183;0000001100100110001000000111010100110000000;0.344896;4683;0.522941;91
24;0000001110100010001000000111010100110000000;0.529018;7183;0000001100100010001000000111010101110000000;0.344602;4679;0.519763;90
25;0000001110100010001000000111010100110000000;0.529018;7183;0000001110100010001000000110010101110000000;0.451613;6132;0.528244;99
26;0000001110100010001000000111010100110000000;0.529018;7183;0000001100100010001000000111010100110000100;0.338857;4601;0.524812;96
27;0000001110100010001000000111010100110000000;0.529018;7183;1000001100100010001000000111010100110000000;0.338783;4600;0.523632;95
28;0000001110100010001000000111010100110000000;0.529018;7183;0000001110100010001000000011010100111000000;0.390485;5302;0.526628;97
29;0000001110100010001000000111010100110000000;0.529018;7183;1000000110100010001000000111010100110000000;0.393357;5341;0.525208;95
30;0000001110100010001000000111010100110000000;0.529018;7183;1000000110100010001000000111010100110000000;0.393357;5341;0.525203;94
31;0000001110100010001000000111010100110000000;0.529018;7183;0000001100100010001000001111010100110000000;0.375018;5092;0.52508;95
32;0000001110100010001000000111010100110000000;0.529018;7183;0000001110100011001000000011010100110000000;0.412358;5599;0.525527;96
33;0000001110100010001000000111010100110000000;0.529018;7183;0000001100101010001000000111010100110000000;0.338783;4600;0.524551;93
34;0000001110100010001000000111010100110000000;0.529018;7183;0000000110100010001000000111011100110000000;0.394977;5363;0.523642;91
35;0000001110100010001000000111010100110000000;0.529018;7183;0000001110100001001000000111010100110000000;0.442996;6015;0.525405;94
36;0000001110100010001000000111010100110000000;0.529018;7183;1000001110100010001000000110010100110000000;0.446973;6069;0.52607;92
37;0000001110100010001000000111010100110000000;0.529018;7183;0000001100100010001000100111010100110000000;0.353955;4806;0.523794;94
38;0000001110100010001000000111010100110000000;0.529018;7183;0000001110100010001000000011010100110100000;0.391958;5322;0.524311;94
39;0000001110100010001000000111010100110000000;0.529018;7183;1000001100100010001000000111010100110000000;0.338783;4600;0.522678;94
40;0000001110100010001000000111010100110000000;0.529018;7183;0000001100100010001001000111010100110000000;0.347548;4719;0.522561;93
41;0000001110100010001000000111010100110000000;0.529018;7183;0000010110100010001000000111010100110000000;0.395051;5364;0.525691;96
42;0000001110100010001000000111010100110000000;0.529018;7183;0000001100100010001010000111010100110000000;0.372883;5063;0.525224;95
43;0000001110100010001000000111010100110000000;0.529018;7183;0000001110100010001000000110010100110000010;0.447783;6080;0.527304;97
44;0000001110100010001000000111010100110000000;0.529018;7183;0000001100100010001000000111010100110000010;0.338857;4601;0.525135;94
45;0000001110100010001000000111010100110000000;0.529018;7183;0000001110100010001000000111010100100000100;0.42915;5827;0.527148;96
46;0000001110100010001000000111010100110000000;0.529018;7183;0001000110100010001000000111010100110000000;0.394167;5352;0.523852;93
47;0000001110100010001000000111010100110000000;0.529018;7183;0000001110100110001000000011010100110000000;0.396745;5387;0.523766;93
48;0000001110100010001000000111010100110000000;0.529018;7183;0000001110100010001000000111011000110000000;0.482914;6557;0.527963;97
49;0000001110100010001000000111010100110000000;0.529018;7183;0000001110100011001000000011010100110000000;0.412358;5599;0.524517;94
50;0000001110100010001000000111010100110000000;0.529018;7183;0000001110000010011000000111010100110000000;0.485639;6594;0.527576;96
=============================================
geração;melhor;fitness;cobertura;pior;fitness;cobertura;média;ind_repetidos
0;0001100010000010011110100000110000000011000;0.214391;2911;1101100101000000010000000000001110000000111;0.00110473;15;0.0394079;1
1;1000010010100010011110100100010000100000000;0.231183;3139;0010100001000001000100100001001001010101001;0.00110473;15;0.074975;1
2;0000011010100010111110100010010000000000000;0.25313;3437;0101001100000001000010001000101000110110000;0.00471351;64;0.122313;1
3;0000101010100010100010100111010000100000000;0.288334;3915;1110011000000010100000000010100010110000001;0.0155398;211;0.169023;2
4;0000011010000010111110010101010000000000000;0.301296;4091;0100001001010101101000000100010100100000100;0.0245986;334;0.205833;2
5;0000001010000010110110100111010000100000000;0.328473;4460;0000010100100010011110001010010100010000000;0.118648;1611;0.224014;4
6;0000000110100011110110000101010000010000000;0.333186;4524;0000011010000000111110101010010000000000001;0.143909;1954;0.243834;6
7;0000000110100011110110000101010000010000000;0.333186;4524;0000011110000000011110010011010000100000000;0.107085;1454;0.243581;4
8;0000011010000011111010001101010000000000000;0.336648;4571;0000010000100010011110010011010000100000001;0.110399;1499;0.25212;2
9;0000010110100011110110000101010000000000000;0.340772;4627;0000000111100010111100100010010000100000000;0.182427;2477;0.26963;9
10;0000001010000011110110000101010100010000000;0.348431;4731;0000011100000111100011100100010000100000000;0.147813;2007;0.28741;17
11;0000001110100011110110000101010000000000000;0.355796;4831;0001010010100000011100000111010000110000000;0.169907;2307;0.294557;16
12;0000001010100011111110000101010000000000000;0.364708;4952;0100001000000011110110000101010100010000000;0.20084;2727;0.303215;18
13;0000001110100011011110000101010000000000000;0.357637;4856;0000010000100010110110101101010000000010000;0.186625;2534;0.314535;19
14;0000001010100011111110000101010000000000000;0.364708;4952;0100001000000011110110100101010010000000000;0.200471;2722;0.320365;26
15;0000001010100011111110000101010000000000000;0.364708;4952;0000011010100000101110101100010000010000000;0.162027;2200;0.325437;31
16;0000001010100011111110000101010000000000000;0.364708;4952;0000000000100111111100100111010000000000000;0.178745;2427;0.325903;32
17;0000001010100011111110000101010000000000000;0.364708;4952;0001001010100011001110100001010001000000000;0.228752;3106;0.336175;38
18;0000001010100011111110000101010000000000000;0.364708;4952;0010001000100011110110000101010000000010000;0.266681;3621;0.338814;36
19;0000001010100011111110000101010000000000000;0.364708;4952;0000001010100001111110001111000000000000000;0.222566;3022;0.340017;47
20;0000001010100011111110000101010000000000000;0.364708;4952;0000001100100011110010001101010000000000010;0.255855;3474;0.343111;51
21;0000001010100011111110000101010000000000000;0.364708;4952;0001001010100011110110001100010000000000000;0.274635;3729;0.347518;69
22;0000001010100011111110000101010000000000000;0.364708;4952;0000001000100011111110000101010000001000000;0.281853;3827;0.349069;66
23;0000001010100011111110000101010000000000000;0.364708;4952;0000000110100011110110000011010000010000000;0.248785;3378;0.351106;72
24;0000001010100011111110000101010000000000000;0.364708;4952;0000011010100011110110000101000000000000001;0.268228;3642;0.352165;79
25;0000001010100011111110000101010000000000000;0.364708;4952;0000101010100011110110000100010000010000000;0.263367;3576;0.35233;77
26;0000001010100011111110000101010000000000000;0.364708;4952;0000001000100011111110000101010000000001000;0.288629;3919;0.358856;89
27;0000001010100011111110000101010000000000000;0.364708;4952;0000001000100011111110000101110000000000000;0.290544;3945;0.359286;89
28;0000001010100011111110000101010000000000000;0.364708;4952;0000001010101011111100000101010000000000000;0.292458;3971;0.360699;90
29;0000001010100011111110000101010000000000000;0.364708;4952;0000001010100001111110000101010000100000000;0.28502;3870;0.360847;93
30;0000001010100011111110000101010000000000000;0.364708;4952;0000000010100011111110000101010000000000010;0.336206;4565;0.364423;99
31;0000001010100011111110000101010000000000000;0.364708;4952;0000001010100001111110000101010000010000000;0.288039;3911;0.362255;96
32;0000001010100011111110000101010000000000000;0.364708;4952;0010001000100011111110000101010000000000000;0.28038;3807;0.36342;97
33;0000001010100011111110000101010000000000000;0.364708;4952;0000001010100011101110001101010000000000000;0.354618;4815;0.364607;99
34;0000001010100011111110000101010000000000000;0.364708;4952;0010001010100011111110000100010000000000000;0.286419;3889;0.36237;95
35;0000001010100011111110000101010000000000000;0.364708;4952;0000001010100011111110010001010000000000000;0.286272;3887;0.362346;96
36;0000001010100011111110000101010000000000000;0.364708;4952;0000001000100011111110000101010000100000000;0.283179;3845;0.362873;96
37;0000001010100011111110000101010000000000000;0.364708;4952;0000001010100011111110100100010000000000000;0.289292;3928;0.361981;93
38;0000001010100011111110000101010000000000000;0.364708;4952;0000001010100001111110000101010000000010000;0.288555;3918;0.363272;97
39;0000001010100011111110000101010000000000000;0.364708;4952;0000001010100001111110000111010000000000000;0.289439;3930;0.363042;95
40;0000001010100011111110000101010000000000000;0.364708;4952;0000001010100001111110000101010000000000001;0.282295;3833;0.362426;94
41;0000001010100011111110000101010000000000000;0.364708;4952;0000001010100011111110000111000000000000000;0.293342;3983;0.363069;95
42;0000001010100011111110000101010000000000000;0.364708;4952;0000001010100010111110000101010000100000000;0.31146;4229;0.363354;97
43;0000001010100011111110000101010000000000000;0.364708;4952;0000001000100011111110000101010000010000000;0.286198;3886;0.360876;94
44;0000001010100011111110000101010000000000000;0.364708;4952;0000011010100001111110000101010000000000000;0.283326;3847;0.361025;94
45;0000001010100011111110000101010000000000000;0.364708;4952;0000001011100011111110000100010000000000000;0.289586;3932;0.36297;96
46;0000001010100011111110000101010000000000000;0.364708;4952;0000001010100011101110000101010000100000000;0.337089;4577;0.364432;99
47;0000001010100011111110000101010000000000000;0.364708;4952;0000001010100011111110000001010010000000000;0.283252;3846;0.362275;93
48;0000001010100011111110000101010000000000000;0.364708;4952;0000001010100011111110000001010000000000100;0.28583;3881;0.363514;97
49;0000001010100011111110000101010000000000000;0.364708;4952;1000001010100001111110000101010000000000000;0.278392;3780;0.359381;92
50;0000001010100011111110000101010000000000000;0.364708;4952;0000011000100011111110000101010000000000000;0.284946;3869;0.357292;87
=============================================
geração;melhor;fitness;cobertura;pior;fitness;cobertura;média;ind_repetidos
0;0000000010100010101010011001010100000001100;0.203123;2758;0101100000001000000001110110010000110000010;0.00132567;18;0.0507873;1
1;0100001010100010000110010111011000000000000;0.256812;3487;1000001100001001010000010011100011000100000;0.00220946;30;0.0990713;1
2;0000001010100010010000101111000100110000000;0.380542;5167;0000101100010100001010000010011101000010000;0.00788039;107;0.153225;1
3;0000001110100010000110000101010100110000000;0.49153;6674;0000000000010100000011100111010000110100001;0.070408;956;0.194775;2
4;0000001110100010000110000101010100110000000;0.49153;6674;1000010000001001110011011000000000100110000;0.0511121;694;0.21936;4
5;0000001110100010000110000101010100110000000;0.49153;6674;0000110000100010010100100111010000010000010;0.104065;1413;0.245077;6
6;0000001110100010000110000101010100110000000;0.49153;6674;0000000110100001111000000101100100100010000;0.114597;1556;0.271404;9
7;0000001110100010100110000111000000110000000;0.439976;5974;0001001011000001100010100111000000010100000;0.119163;1618;0.269467;6
8;0000001110100010100110000111000000110000000;0.439976;5974;0000101110100010101100101000010100000000000;0.168729;2291;0.277995;4
9;0000001110100010100110000111000000110000000;0.439976;5974;1000001110000010110100000011010000110000000;0.161732;2196;0.287175;10
10;0000001110100010001000100101010100110000000;0.4891;6641;1000011010000011010000101011011000000000000;0.16129;2190;0.28978;15
11;0000001110100010001000100101010100110000000;0.4891;6641;0001011010100010000010101101000000110000000;0.185594;2520;0.298229;10
12;0000001110100010010010000101010100110000000;0.492782;6691;0000001000000011101100001101010100100010000;0.136176;1849;0.299177;9
13;0000001110100010010010000101010100110000000;0.492782;6691;0000001100000010001100110101110100100000000;0.15724;2135;0.317303;12
14;0000001110100010010010000101010100110000000;0.492782;6691;0000000100000110001110100101010100110000000;0.145677;1978;0.30791;6
15;0000001110100010010010000101010100110000000;0.492782;6691;0000001100000011010110001100010100110000000;0.14715;1998;0.317838;17
16;0000001110100011100000000101010100110000000;0.482693;6554;0000001100100011010110001001000100110000000;0.157461;2138;0.321426;24
17;0000001110100010001010000101010100110000000;0.50162;6811;0100001110100100010010000111010000000100000;0.158492;2152;0.329291;24
18;0000001110100011000010000111010100010000000;0.533657;7246;0000101010110010010010000100010100110000000;0.166225;2257;0.32816;16
19;0000001110000011000010000111010100110000000;0.502136;6818;0000001110010010100010000111000100100100000;0.14008;1902;0.324078;14
20;0000001110100011000010000111000100110000000;0.509059;6912;0100011110100000011010001100010100000000000;0.154367;2096;0.330727;10
21;0000001110100011000010000111010000110000000;0.521284;7078;0000000110000000110110100111000100110000000;0.136471;1853;0.340038;13
22;0000001110100011000010000111010100010000000;0.533657;7246;0000010100000011110000000111010100110000000;0.104213;1415;0.356769;18
23;0000001110100011000010000101010100110000000;0.524157;7117;0000001110110000110110000011000100100000000;0.105907;1438;0.383886;26
24;0000001110100011000010000101010100110000000;0.524157;7117;0000001010100010100010000011010100110000001;0.169023;2295;0.416581;37
25;0000001110100011000010000101010100110000000;0.524157;7117;0000001110000011010010001101000100110000000;0.206216;2800;0.438322;42
26;0000001110100011000010000101010100110000000;0.524157;7117;1000001110100011110000000101000100100000000;0.215569;2927;0.462941;55
27;0000001110100011000010000111010100010000000;0.533657;7246;0000001110000011000010000111000100110000100;0.395272;5367;0.495235;68
28;0000001110100011000010000111010100010000000;0.533657;7246;0000001110100011100010000011010100010000000;0.275151;3736;0.50285;82
29;0000001110100011000010000101010100110000000;0.524157;7117;0000001100100011000010000101010100110010000;0.235233;3194;0.504341;85
30;0000001110100011000010000101010100110000000;0.524157;7117;1000001110100011000010000001010100110000000;0.255929;3475;0.510085;81
31;0000001110100011000010000101010100110000000;0.524157;7117;0000000110110011000010000101010100110000000;0.306599;4163;0.504575;83
32;0000001110100011000010000101010100110000000;0.524157;7117;0000001100100011000010000101010100111000000;0.225365;3060;0.509064;89
33;0000001110100011000010000111010100010000000;0.533657;7246;0000001110000011000011000101010100110000000;0.300412;4079;0.518506;94
34;0000001110100011000010000111010100010000000;0.533657;7246;0000001110100011000011000001010100110000000;0.256223;3479;0.518784;96
35;0000001110100011000010000111010100010000000;0.533657;7246;0001001100100011000010000101010100110000000;0.224481;3048;0.510498;92
36;0000001110100011000010000111010100010000000;0.533657;7246;0000001110100011000010000001110100110000000;0.263515;3578;0.51165;90
37;0000001110100011000010000111010100010000000;0.533657;7246;0000001100100011000010000101010110110000000;0.227869;3094;0.51812;96
38;0000001110100011000010000111010100010000000;0.533657;7246;0000001100110011000010000101010100110000000;0.226911;3081;0.513235;93
39;0000001110100011000010000111010100010000000;0.533657;7246;0000001110100011001010000101010100010000000;0.350493;4759;0.521896;96
40;0000001110100011000010000111010100010000000;0.533657;7246;0000001100100011000011000101010100110000000;0.241862;3284;0.51897;95
41;0000001110100011000010000111010100010000000;0.533657;7246;0000011110100011000010000101010100100000000;0.313964;4263;0.516186;92
42;0000001110100011000010000111010100010000000;0.533657;7246;0010000110100011000010000101010100110000000;0.30682;4166;0.514492;91
43;0000001110100011000010000111010100010000000;0.533657;7246;0000001100100011010010000101010100110000000;0.251142;3410;0.515517;90
44;0000001110100011000010000111010100010000000;0.533657;7246;0000011110100011000010000001010100110000000;0.258285;3507;0.510532;91
45;0000001110100011000010000111010100010000000;0.533657;7246;0000101100100011000010000111010100010000000;0.225659;3064;0.505436;86
46;0000001110100011000010000111010100010000000;0.533657;7246;0000001100100011000010000101010100110100000;0.231183;3139;0.507741;88
47;0000001110100011000010000111010100010000000;0.533657;7246;0000001110000011000010000101010100110000100;0.291869;3963;0.50136;85
48;0000001110100011000010000111010100010000000;0.533657;7246;0000001100100011000010010101010100110000000;0.238769;3242;0.5101;88
49;0000001110100011000010000111010100010000000;0.533657;7246;0010001010100011000010000111010100010000000;0.307335;4173;0.509027;88
50;0000001110100011000010000111010100010000000;0.533657;7246;0000001010100011000010000101010100110000100;0.307925;4181;0.508682;87
=============================================
geração;melhor;fitness;cobertura;pior;fitness;cobertura;média;ind_repetidos
0;1010001010010010000000000101011001000010100;0.171969;2335;1000011100011000001000000000001000100100111;0.000736485;10;0.0447732;1
1;0000010110000011111011100001010000000000000;0.23899;3245;0101101000100000000000001001010010101100010;0.000883783;12;0.0829165;1
2;0000000010100011110100101101010000010000000;0.289807;3935;0000001000100110010100000011000110011001000;0.0117101;159;0.145547;1
3;0000001110100011001110001101010000000000000;0.339373;4608;0000011011100000001100000011010000101010000;0.0482398;655;0.188305;1
4;0000000110100011110110010101010000000000000;0.339299;4607;0000010100000011110000000101000100110000110;0.0443364;602;0.217182;3
5;0000000110100011101010000101010100100000000;0.33488;4547;0000011010100000001000001101000000101100110;0.0290175;394;0.234752;8
6;0000001110100011001110100101010000000000000;0.330977;4494;1000000100100001110100100101010000110000000;0.124761;1694;0.249028;9
7;0000000010100011111110000101010000010000000;0.339004;4603;0000011100000000111110101110010000000000000;0.125055;1698;0.264072;9
8;0000001010100011001110000101010100010000000;0.342098;4645;0000010010110001101010000111000000000010000;0.144204;1958;0.273458;10
9;0000001110100011011010001101010000000000000;0.34195;4643;0000000100100001111110100111010000000000000;0.158123;2147;0.290554;20
10;0000001010000011111110100101010000000000000;0.353366;4798;0000010100000011001110001101010100010000000;0.175504;2383;0.298952;22
11;0000001010100011111110000101010000000000000;0.364708;4952;0000010110100001111000001101010000100000000;0.188098;2554;0.307718;21
12;0000001010100011111110000101010000000000000;0.364708;4952;0000010100000011001100100111010000110000000;0.142436;1934;0.309046;20
13;0000001010100011111110000101010000000000000;0.364708;4952;0000011110000001100010001101011100000000000;0.194948;2647;0.318802;18
14;0000001010100011111110000101010000000000000;0.364708;4952;0000010100100011010100101101010000010000000;0.190676;2589;0.322432;25
15;0000001010100011111110000101010000000000000;0.364708;4952;0000001110000011101110000111000000100000000;0.242525;3293;0.326155;36
16;0000001010100011111110000101010000000000000;0.364708;4952;0000010110100011111100000001010000000000010;0.213875;2904;0.334814;45
17;0000001010100011111110000101010000000000000;0.364708;4952;0000001010100011011110000101000001100000000;0.263956;3584;0.338414;49
18;0000001010100011111110000101010000000000000;0.364708;4952;0000010010000011111110000101010000000100000;0.269406;3658;0.345451;54
19;0000001010100011111110000101010000000000000;0.364708;4952;0000001100100011011010001101010000000010000;0.261158;3546;0.35009;68
20;0000001010100011111110000101010000000000000;0.364708;4952;0000001010100011101110001001010001000000000;0.265208;3601;0.352968;76
21;0000001010100011111110000101010000000000000;0.364708;4952;0000001010100001111110000101010000001000000;0.279128;3790;0.357918;83
22;0000001010100011111110000101010000000000000;0.364708;4952;0000001010100011111110000101000000000010000;0.289954;3937;0.360609;87
23;0000001010100011111110000101010000000000000;0.364708;4952;0000001010100011111100000101010000000010000;0.303579;4122;0.362797;94
24;0000001010100011111110000101010000000000000;0.364708;4952;0000001010100011111100010101010000000000000;0.312491;4243;0.363306;95
25;0000001010100011111110000101010000000000000;0.364708;4952;0000001010100001111110000111010000000000000;0.289439;3930;0.361492;93
26;0000001010100011111110000101010000000000000;0.364708;4952;0000001010100001111110000101010100000000000;0.285535;3877;0.362673;95
27;0000001010100011111110000101010000000000000;0.364708;4952;0000001010100011111110000100010000000010000;0.28826;3914;0.361772;94
28;0000001010100011111110000101010000000000000;0.364708;4952;0000000010100011111110100101010000000000000;0.336574;4570;0.364426;99
29;0000001010100011111110000101010000000000000;0.364708;4952;0000001010100001111110000101010000000001000;0.284946;3869;0.362112;93
30;0000001010100011111110000101010000000000000;0.364708;4952;0000001010100001111110000101010000000010000;0.288555;3918;0.362471;96
31;0000001010100011111110000101010000000000000;0.364708;4952;0000001010100011111110000100010000000000010;0.288923;3923;0.362705;96
32;0000001010100011111110000101010000000000000;0.364708;4952;0001001010100011111110000001010000000000000;0.283621;3851;0.361358;93
33;0000001010100011111110000101010000000000000;0.364708;4952;1000001010100001111110000101010000000000000;0.278392;3780;0.362362;95
34;0000001010100011111110000101010000000000000;0.364708;4952;1000001000100011111110000101010000000000000;0.27957;3796;0.362666;95
35;0000001010100011111110000101010000000000000;0.364708;4952;0000001000100111111110000101010000000000000;0.284431;3862;0.361649;95
36;0000001010100011111110000101010000000000000;0.364708;4952;0000001010100001111110000101010000100000000;0.28502;3870;0.360351;92
37;0000001010100011111110000101010000000000000;0.364708;4952;0000001010100111111110000100010000000000000;0.289071;3925;0.363475;97
38;0000001010100011111110000101010000000000000;0.364708;4952;0000001010100001111111000101010000000000000;0.293489;3985;0.363193;97
39;0000001010100011111110000101010000000000000;0.364708;4952;0000001010101011111110000001010000000000000;0.281853;3827;0.361086;94
40;0000001010100011111110000101010000000000000;0.364708;4952;0000001010100011111110000001010000000000001;0.283694;3852;0.362541;97
41;0000001010100011111110000101010000000000000;0.364708;4952;0000001010110011111110000001010000000000000;0.28281;3840;0.361822;95
42;0000001010100011111110000101010000000000000;0.364708;4952;0000000010100011111110000101010000000010000;0.335543;4556;0.363773;96
43;0000001010100011111110000101010000000000000;0.364708;4952;0000001000100011111110000101010010000000000;0.280085;3803;0.362559;96
44;0000001010100011111110000101010000000000000;0.364708;4952;0000001010101011111110000100010000000000000;0.28502;3870;0.363281;96
45;0000001010100011111110000101010000000000000;0.364708;4952;0000001010100011111110000100010000100000000;0.288481;3917;0.362265;95
46;0000001010100011111110000101010000000000000;0.364708;4952;0000001010100011111110000001010000000000100;0.28583;3881;0.361737;94
47;0000001010100011111110000101010000000000000;0.364708;4952;0000001010100011111110000001010100000000000;0.288997;3924;0.361786;94
48;0000001010100011111110000101010000000000000;0.364708;4952;0000001010100001111110000101010000100000000;0.28502;3870;0.362831;96
49;0000001010100011111110000101010000000000000;0.364708;4952;0000001010100011111110000001010000000000100;0.28583;3881;0.363215;98
50;0000001010100011111110000101010000000000000;0.364708;4952;0000001010100011111110000101000000000001000;0.290912;3950;0.362336;94
=============================================
geração;melhor;fitness;cobertura;pior;fitness;cobertura;média;ind_repetidos
0;0000001010100010000000100101100100011110000;0.169834;2306;0100100000010100010000100000001001111001001;0.00117838;16;0.0393828;1
1;0000000110100010110110000101010100010000000;0.309177;4198;0010010100110100010001000000100101000010001;0.00331418;45;0.0863684;2
2;0000000110100010110110000101010100010000000;0.309177;4198;1111000000000000000011110000101010000000011;0.00670202;91;0.127369;2
3;0000011110100010010010000100010100110000000;0.427603;5806;0000011000001111001000000011000000110100001;0.0242304;329;0.161502;4
4;0000001110100010110010000111010000010000000;0.31308;4251;0000011100100000111000001011110000000001000;0.0790249;1073;0.180668;3
5;0000011110100011100000001110000100010000000;0.373177;5067;0000010010110001111000000011000100110000000;0.081308;1104;0.199887;6
6;0000011110100011001000000100010100110000000;0.410001;5567;0000000110100000110110000100001110010010000;0.0948593;1288;0.221589;6
7;0000011110100010101000000100010100110000000;0.407424;5532;0000001010100000111110001101000000110000000;0.163647;2222;0.240916;4
8;0000001010000011011110000101010100010000000;0.347989;4725;0000011101100011001011000100010001000000000;0.13787;1872;0.241049;7
9;0000001010000011011110000101010100010000000;0.347989;4725;0000001100100010110100101100010100000000010;0.103255;1402;0.258934;12
10;0000000010100011011010001101010000110000000;0.34659;4706;0000011000100010001110100101000100010000010;0.130063;1766;0.267019;11
11;0000001110100011010110001101010000000000000;0.3488;4736;0000010000100010111110000011000100000101000;0.143099;1943;0.27534;10
12;0000001010100011111010000101010000010000000;0.339741;4613;0000000110100010101100110001010000010010000;0.17278;2346;0.289539;17
13;0000001010000011111110100101010000000000000;0.353366;4798;0000001010100000111010101001010100010000000;0.153705;2087;0.295632;15
14;0000001010100011110010000101010100010000000;0.351745;4776;0000001100100010110010000101010101000010000;0.184121;2500;0.303233;21
15;0000001010100011110010000101010100010000000;0.351745;4776;0000000110101010010110000001010100010000010;0.173442;2355;0.307044;20
16;0000001010100011110010000101010100010000000;0.351745;4776;0000101001100010010110000111010100000000000;0.207173;2813;0.314599;28
17;0000001110100011001010000111010000010000000;0.351893;4778;0000001100100011101110000111000000100000000;0.192002;2607;0.309652;17
18;0000001010100011110110001101010000000000000;0.358595;4869;0010001000100010111100000101010100010000000;0.205627;2792;0.318199;15
19;0000001010100011110010000111010000010000000;0.353366;4798;0000011010001011010100001001010100010000000;0.176536;2397;0.326614;34
20;0000001010100011010110000111010000010000000;0.354839;4818;0000000110100011100110100111000000010000000;0.230152;3125;0.328722;30
21;0000001010100011010110000111010000010000000;0.354839;4818;0010001010000011011010000110010100010000000;0.220577;2995;0.335411;44
22;0000001010100011010110000111010000010000000;0.354839;4818;0000001010100011110010100100010100010000000;0.234718;3187;0.33761;47
23;0000001010100011010110000111010000010000000;0.354839;4818;0000001010100001110110000110010100010000000;0.190455;2586;0.334681;51
24;0000001010100011010110000111010000010000000;0.354839;4818;0000001010100011110100000011000100010000001;0.173958;2362;0.33695;55
25;0000001010100011010110000111010000010000000;0.354839;4818;0000001010100011010110000100110100010000000;0.239873;3257;0.339116;60
26;0000001010100011010110000111010000010000000;0.354839;4818;0001001010100011110010000111000000010000000;0.238179;3234;0.343733;68
27;0000001010100011010110000111010000010000000;0.354839;4818;1000001000100011010110000101010100010000000;0.253646;3444;0.347645;79
28;0000001010100011010110000111010000010000000;0.354839;4818;0000001010100011110010000011010000010000010;0.229342;3114;0.346964;82
29;0000001010100011010110000111010000010000000;0.354839;4818;0000011010100011010110000110010000010000000;0.251878;3420;0.34995;90
30;0000001010100011010110000111010000010000000;0.354839;4818;0000101000100011110010000111010000010000000;0.271027;3680;0.352074;95
31;0000001010100011010110000111010000010000000;0.354839;4818;0000001010100011010110000111000000010010000;0.249669;3390;0.351501;94
32;0000001010100011010110000111010000010000000;0.354839;4818;0000001010100011010110000110010100010000000;0.244071;3314;0.35106;93
33;0000001010100011010110000111010000010000000;0.354839;4818;0000001010110011010110000110010000010000000;0.243261;3303;0.350554;91
34;0000001010100011010110000111010000010000000;0.354839;4818;0000001010100011010110000101010000010000100;0.328841;4465;0.354114;96
35;0000001010100011010110000111010000010000000;0.354839;4818;0100001010100011010110000011010000010000000;0.235602;3199;0.351841;95
36;0000001010100011010110000111010000010000000;0.354839;4818;0000001000100011010110000111010000010000100;0.268154;3641;0.352676;96
37;0000001010100011010110000111010000010000000;0.354839;4818;0000001010100011010110000110011000010000000;0.239505;3252;0.35046;93
38;0000001010100011010110000111010000010000000;0.354839;4818;0000001010100111010110000011010000010000000;0.239726;3255;0.352451;95
39;0000001010100011010110000111010000010000000;0.354839;4818;0000001110100001010110000111010000010000000;0.279864;3800;0.352049;95
40;0000001010100011010110000111010000010000000;0.354839;4818;0000011010100001010110000111010000010000000;0.272058;3694;0.352645;94
41;0000001010100011010110000111010000010000000;0.354839;4818;0000001110100001010110000111010000010000000;0.279864;3800;0.352491;95
42;0000001010100011010110000111010000010000000;0.354839;4818;0000001010100011010110001111000000010000000;0.258359;3508;0.351803;93
43;0000001010100011010110000111010000010000000;0.354839;4818;0010001010100011010110000110010000010000000;0.242304;3290;0.349766;91
44;0000001010100011010110000111010000010000000;0.354839;4818;0000001010100011010110000110011000010000000;0.239505;3252;0.351534;95
45;0000001010100011010110000111010000010000000;0.354839;4818;0100001010100011010100000111010000010000000;0.278833;3786;0.352465;94
46;0000001010100011010110000111010000010000000;0.354839;4818;0000001000100011010110000111010000010100000;0.264619;3593;0.352522;95
47;0000001010100011010110000111010000010000000;0.354839;4818;1000001010100011010110000110010000010000000;0.239431;3251;0.349558;94
48;0000001010100011010110000111010000010000000;0.354839;4818;0000001010100011010110000110011000010000000;0.239505;3252;0.350335;92
49;0000001010100011010110000111010000010000000;0.354839;4818;0000001010100011010101000111010000010000000;0.296583;4027;0.353053;95
50;0000001010100011010110000111010000010000000;0.354839;4818;0000001010100011010110000011010001010000000;0.236633;3213;0.352252;96
=============================================
geração;melhor;fitness;cobertura;pior;fitness;cobertura;média;ind_repetidos
0;0010001010000010011100101100000101000000100;0.178966;2430;0001100100111000000000010000110000100010011;0.000736485;10;0.0429312;1
1;0000001110000010100010001111010100000001000;0.266092;3613;0010100001001000001001101100101000100000100;0.00463986;63;0.0839483;1
2;0000001010001011111100000101010100000000000;0.289733;3934;0000000101001101000101001001001010010000001;0.00508175;69;0.122301;1
3;0000001110100001010010100100010100110000000;0.405583;5507;1000011000000011001000010100010101110000000;0.0338047;459;0.170954;2
4;0000011010100010101000001110000100110000000;0.385403;5233;0000001100101011001000000010100100110100000;0.0619384;841;0.198929;3
5;0000000110000011101010001101010000110000000;0.318604;4326;0100001100100011000100000110001100100000100;0.0489026;664;0.219769;6
6;0000001110100011000010000101010100110000000;0.524157;7117;1000001100100011000110000010000100110000001;0.103844;1410;0.23741;6
7;0000001110100010101000000111010100010000000;0.511047;6939;0010000100010011000010000101010100110100000;0.123877;1682;0.251016;8
8;0000001110100111000010000110010000110000000;0.442186;6004;0000000100000010110010100110000110110010000;0.0970688;1318;0.248135;5
9;0000001110100111000010000110010000110000000;0.442186;6004;0000000010110001111100000110011000000000100;0.121815;1654;0.260633;11
10;0000001010100011000010000111010100110000000;0.516645;7015;1000011010100010000100001001010001110000000;0.138165;1876;0.276964;8
11;0000001010100011000010000111010100110000000;0.516645;7015;0010011110000001000110000111000100100000000;0.104139;1414;0.286052;16
12;0000001010100011000010000111010100110000000;0.516645;7015;0000011100000011100010000111000100110000000;0.14553;1976;0.311769;24
13;0000001010100011000010000111010100110000000;0.516645;7015;0000001110000001010000110110010001110000000;0.0640006;869;0.321307;23
14;0000001010100011000010000111010100110000000;0.516645;7015;0100011011000010010000000110010100011000000;0.109589;1488;0.349242;27
15;0000001010100011000010000111010100110000000;0.516645;7015;0000001010100011001000101110000100100100000;0.180144;2446;0.379915;26
16;0000001010100011000010000111010100110000000;0.516645;7015;0000101110000001010010100111000000100000100;0.121594;1651;0.393922;32
17;0000001110100011000010000111010000110000000;0.521284;7078;0000000110100011001000101010010100110000000;0.181028;2458;0.409241;40
18;0000001110100011000010000111010100010000000;0.533657;7246;0000001010100011000010100111000101010000000;0.196715;2671;0.44486;49
19;0000001110100011000010000111010100010000000;0.533657;7246;0000001001100011000010000111010100110000000;0.218294;2964;0.467963;56
20;0000001110100011000010000111010100010000000;0.533657;7246;0000001000100011000010000111010100110000010;0.21498;2919;0.475599;65
21;0000001110100011000010000111010100010000000;0.533657;7246;0000011010100011000010000110010100010010000;0.189792;2577;0.481523;72
22;0000001110100011000010000111010100010000000;0.533657;7246;0001001000100011000010000111010100110000000;0.215275;2923;0.477407;75
23;0000001110100011000010000111010100010000000;0.533657;7246;0000001110000011000010100111010000110000000;0.305126;4143;0.477047;74
24;0000001110100011000010000111010100010000000;0.533657;7246;0000001010100011100000000101010100111000000;0.266608;3620;0.483621;72
25;0000001110100011000010000111010100010000000;0.533657;7246;0000001000100011000011000111010100110000000;0.23133;3141;0.470956;69
26;0000001110100011000010000111010100010000000;0.533657;7246;0000001110100011000011000001010100110000000;0.256223;3479;0.487341;70
27;0000001110100011000010000111010100010000000;0.533657;7246;1000001010100011000010000101010100110000000;0.306452;4161;0.498323;78
28;0000001110100011000010000111010100010000000;0.533657;7246;0000001010100011000010000111010100011000000;0.306746;4165;0.508698;82
29;0000001110100011000010000111010100010000000;0.533657;7246;0000001110101011000010000011010000110000000;0.256444;3482;0.509842;83
30;0000001110100011000010000111010100010000000;0.533657;7246;0001001110100011000010000011010100010000000;0.257402;3495;0.520784;90
31;0000001110100011000010000111010100010000000;0.533657;7246;0000001100100011000010000111010100010100000;0.231256;3140;0.526693;95
32;0000001110100011000010000111010100010000000;0.533657;7246;0000001110000111000010000111010100010000000;0.294152;3994;0.525408;95
33;0000001110100011000010000111010100010000000;0.533657;7246;0000001110010011000010000111010100010000000;0.295036;4006;0.528532;97
34;0000001110100011000010000111010100010000000;0.533657;7246;0000000110100011000010000111010100010001000;0.307483;4175;0.526448;96
35;0000001110100011000010000111010100010000000;0.533657;7246;0000001100100011000010000111010100010100000;0.231256;3140;0.520966;93
36;0000001110100011000010000111010100010000000;0.533657;7246;0000011110000011000010000111010100010000000;0.292458;3971;0.522203;95
37;0000001110100011000010000111010100010000000;0.533657;7246;0000000110100011000110000111010100010000000;0.324422;4405;0.528415;95
38;0000001110100011000010000111010100010000000;0.533657;7246;0000001110100011000010100111010100000000000;0.315658;4286;0.529066;96
39;0000001110100011000010000111010100010000000;0.533657;7246;0000001110100011000010100111010100000000000;0.315658;4286;0.530389;97
40;0000001110100011000010000111010100010000000;0.533657;7246;0000001110100011000010000011010100010000010;0.257696;3499;0.521412;95
41;0000001110100011000010000111010100010000000;0.533657;7246;0000000110100011000010010111010100010000000;0.312196;4239;0.531443;99
42;0000001110100011000010000111010100010000000;0.533657;7246;0000001110100011000010010011010100010000000;0.263294;3575;0.527945;97
43;0000001110100011000010000111010100010000000;0.533657;7246;0000001110100011100010000011010100010000000;0.275151;3736;0.524972;94
44;0000001110100011000010000111010100010000000;0.533657;7246;0000001100100011000010001111010100010000000;0.246723;3350;0.524837;95
45;0000001110100011000010000111010100010000000;0.533657;7246;0000001100100011000110000111010100010000000;0.245397;3332;0.520582;93
46;0000001110100011000010000111010100010000000;0.533657;7246;0000001100100011000010000111010100011000000;0.225438;3061;0.513965;91
47;0000001110100011000010000111010100010000000;0.533657;7246;0000001110100011000010010101010100010000000;0.321108;4360;0.529997;97
48;0000001110100011000010000111010100010000000;0.533657;7246;0000101110100011000010000111000100010000000;0.460156;6248;0.532922;99
49;0000001110100011000010000111010100010000000;0.533657;7246;0000000110101011000010000111010100010000000;0.305936;4154;0.525667;95
50;0000001110100011000010000111010100010000000;0.533657;7246;0000001100100011000010000111110100010000000;0.239284;3249;0.529135;96
=============================================
geração;melhor;fitness;cobertura;pior;fitness;cobertura;média;ind_repetidos
0;0001000011000011010011001000000100100010010;0.171675;2331;1100100000101100000001000010000001101001001;0.000220946;3;0.0410222;1
1;0000011010000011110110000010000100100010000;0.228016;3096;0010011000010001000000001010010110000111000;0.00110473;15;0.0847408;1
2;0000000110100010000110001111010000110000000;0.291501;3958;0001000011000000101000100110001001010000101;0.0144351;196;0.120423;1
3;0000000110000011100110000111010100100000000;0.297687;4042;0000010100101010010100001001001000010000011;0.0205479;279;0.156203;1
4;0000001110000010011000100111000100110000000;0.395566;5371;0000011000010001101010000101001000110001000;0.0547209;743;0.191591;3
5;0000001110100010101000001111000100100000000;0.37929;5150;0000010000100010011001011110010010100000000;0.0771837;1048;0.215724;2
6;0000001110100010101000001111000100100000000;0.37929;5150;0000100100000010011100101111010000000000100;0.0889674;1208;0.230325;7
7;0000001010000011011110000101010000110000000;0.347327;4716;0010001110100010100001000011000001100000001;0.12859;1746;0.25042;10
8;0000001110100010101000000111010100010000000;0.511047;6939;0000001010000110100001000111000100101000010;0.119679;1625;0.268282;6
9;0000001110100010101000000111010100010000000;0.511047;6939;0000010110100001011110000110010100000000000;0.174326;2367;0.284708;11
10;0000001110100010101000000111010100010000000;0.511047;6939;0000000110110001100100001110010100000100000;0.0873472;1186;0.296384;15
11;0000001110100010101000000111010100010000000;0.511047;6939;0000001100100011010110001001010000010000100;0.176683;2399;0.298046;5
12;0000000110100010001000001111010100110000000;0.429592;5833;0000000100100011101000000111010100010000100;0.190602;2588;0.298422;9
13;0000000110100010001000001111010100110000000;0.429592;5833;0000101010001011001010000111000100100000000;0.183238;2488;0.309185;17
14;0000001110100000100100000111010100110000000;0.409781;5564;0000001110000011100010001001010000010100010;0.189129;2568;0.31821;29
15;0000001110100000100100000111010100110000000;0.409781;5564;0000000110100000100100000111011100010000010;0.152158;2066;0.313929;28
16;0000001110100000100100000111010100110000000;0.409781;5564;0000000010000011011110000101110010100000000;0.228237;3099;0.332207;42
17;0000001110100000100100000111010100110000000;0.409781;5564;0000001011000000101100001111010100010000000;0.20791;2823;0.331838;32
18;0000001110100000100100000111010100110000000;0.409781;5564;0000001010000000100100000111110100111000000;0.161069;2187;0.324501;36
19;0000001110100000100100000111010100110000000;0.409781;5564;0000001010100011100100000111001100100000000;0.160922;2185;0.312323;34
20;0000001110000011000100000111010100110000000;0.478568;6498;0010001110100000100100000111010000000100001;0.136618;1855;0.311215;36
21;0010001010100000100100000111010100110000000;0.362425;4921;0000001000000011001110000111010100110000000;0.173958;2362;0.323682;43
22;0000001010100011010110000101010000110000000;0.350714;4762;0010001010100000110100000101010100011000000;0.187877;2551;0.326512;51
23;0000001010100011010110000111010000010000000;0.354839;4818;0000000110100001011110000100010000110000010;0.166372;2259;0.335973;64
24;0000001010100011010110000111010000010000000;0.354839;4818;0000001010000011011110000001010100101000000;0.234865;3189;0.339836;73
25;0000001010100011010110000111010000010000000;0.354839;4818;0000001010000011011110000110010000110000000;0.250184;3397;0.341964;78
26;0000001010100011010110000111010000010000000;0.354839;4818;0000001010000001011110000111010000010000010;0.251142;3410;0.346527;86
27;0000001010100011010110000111010000010000000;0.354839;4818;0000001010000011011110000011010000010000001;0.236485;3211;0.343493;83
28;0000001010100011010110000111010000010000000;0.354839;4818;0000001010100010011110000011010000110000000;0.215054;2920;0.345071;82
29;0000001010100011010110000111010000010000000;0.354839;4818;0000001010100011010110000011010001010000000;0.236633;3213;0.346533;85
30;0000001010100011010110000111010000010000000;0.354839;4818;0000001010100011010110000110010010010000000;0.242451;3292;0.347952;86
31;0000001010100011010110000111010000010000000;0.354839;4818;0000001010100011011100000111010000010000000;0.311681;4232;0.352845;92
32;0000001010100011010110000111010000010000000;0.354839;4818;0000000010100011010110000111010001010000000;0.318383;4323;0.353974;94
33;0000001010100011010110000111010000010000000;0.354839;4818;0000001010100011010110000111000000010100000;0.243188;3302;0.352217;94
34;0000001010100011010110000111010000010000000;0.354839;4818;0001001010100011010110000011010000010000000;0.238032;3232;0.350772;94
35;0000001010100011010110000111010000010000000;0.354839;4818;0000001000110011010110000111010000010000000;0.263956;3584;0.352673;96
36;0000001010100011010110000111010000010000000;0.354839;4818;0000001010100011010110001110010000010000000;0.255192;3465;0.352927;98
37;0000001010100011010110000111010000010000000;0.354839;4818;0001001010100011010110000111000000010000000;0.246649;3349;0.352942;97
38;0000001010100011010110000111010000010000000;0.354839;4818;0000101010100011010110000011010000010000000;0.243188;3302;0.352194;94
39;0000001010100011010110000111010000010000000;0.354839;4818;0000001010100111010110000110010000010000000;0.249374;3386;0.352618;96
40;0000001010100011010110000111010000010000000;0.354839;4818;0000001000100011010110100111010000010000000;0.2943;3996;0.354005;98
41;0000001010100011010110000111010000010000000;0.354839;4818;1000001010100011010110000011010000010000000;0.234202;3180;0.350989;94
42;0000001010100011010110000111010000010000000;0.354839;4818;0000001010100011010110000110010000110000000;0.244145;3315;0.353488;98
43;0000001010100011010110000111010000010000000;0.354839;4818;0100001010100011010110000111000000010000000;0.243777;3310;0.352447;96
44;0000001010100011010110000111010000010000000;0.354839;4818;0000001010100011010110000111010000010000000;0.354839;4818;0.354839;100
45;0000001010100011010110000111010000010000000;0.354839;4818;0000001010100011010110000111000001010000000;0.247165;3356;0.351349;95
46;0000001010100011010110000111010000010000000;0.354839;4818;0000001010101011010110000110010000010000000;0.239505;3252;0.349337;94
47;0000001010100011010110000111010000010000000;0.354839;4818;0100001010100011010110000111000000010000000;0.243777;3310;0.35098;93
48;0000001010100011010110000111010000010000000;0.354839;4818;0000001010100011010110000011110000010000000;0.241641;3281;0.349853;91
49;0000001010100011010110000111010000010000000;0.354839;4818;0000011000100011010110000111010000010000000;0.268817;3650;0.35099;93
50;0000001010100011010110000111010000010000000;0.354839;4818;0000001010001011010110000111010000010000000;0.325306;4417;0.354308;98
=============================================
geração;melhor;fitness;cobertura;pior;fitness;cobertura;média;ind_repetidos
0;0000000010110011101100010000101001010000000;0.154883;2103;0001010100101100100000000000110111000000010;0.00110473;15;0.0424584;1
1;1000001110100010011000000100110011000000000;0.216748;2943;1100000000011000100100100001000001000101101;0.0048608;66;0.0754596;2
2;0000011110100010011100011100010000000000000;0.265429;3604;0000001100100001000100101000101001000110010;0.0050081;68;0.109864;1
3;0000001010100000100110000111010100110000000;0.403594;5480;0001001100110000011000000100110011000100000;0.0346148;470;0.150717;3
4;0000001010100000100100100111010100110000000;0.370673;5033;0001010010000001010000111001001010010010000;0.0484607;658;0.192493;5
5;0000001010100000100100100111010100110000000;0.370673;5033;0000001010100000100100100111001100100010000;0.0428635;582;0.227054;4
6;0000001110000011011110100101010000000000000;0.337531;4583;0000110000000001101110100101010000010010000;0.109221;1483;0.239006;4
7;0000001110000011011110100101010000000000000;0.337531;4583;0000010110000000111110101101000100000000000;0.15584;2116;0.251682;9
8;0000000010100011101010001111010100000000000;0.340404;4622;0000011110000000111110100001010000100000000;0.153925;2090;0.266891;4
9;0000000010100011101110000111010000010000000;0.338562;4597;1000010110010010100010000100010000010001100;0.136913;1859;0.272377;6
10;0000001010000011001110001101010100010000000;0.331787;4505;0001011110000010010110000001010010100000000;0.182059;2472;0.285308;10
11;0000001010000011111010101101010000000000000;0.342171;4646;0000001010000011001110001011011010000000000;0.210708;2861;0.297268;8
12;0000000010100011111110001101010000000000000;0.34961;4747;0000000110000011110010000011011100100000000;0.180807;2455;0.301678;7
13;0000000010100011111110001101010000000000000;0.34961;4747;0000010010000001111010001101010000001001000;0.166372;2259;0.302232;6
14;0000001010100011111010001101010000000000000;0.354029;4807;0000101010100001001110000011010000100001000;0.148181;2012;0.303478;10
15;0000001010000011111110001101010000000000000;0.353955;4806;0000001000000111101010001100010100110000000;0.144572;1963;0.304498;14
16;0000001010000011111110001101010000000000000;0.353955;4806;0000001010100001100100101110010100100000000;0.119458;1622;0.309339;18
17;0000001010100011101010000101010000110000000;0.343497;4664;0000001010000011001110001011010000110000000;0.221019;3001;0.311066;15
18;0000000010100011011010001111010000010000000;0.351745;4776;0000011000000001111010100101010100100000000;0.121741;1653;0.312867;15
19;0000001010100011101110001101010000000000000;0.354618;4815;0000001000000011101110100100010100110000000;0.192223;2610;0.318755;19
20;0000001010100011101110001101010000000000000;0.354618;4815;0000000110100010100110001111000000110000000;0.183459;2491;0.318816;21
21;0000001010100011101110001101010000000000000;0.354618;4815;0000001010110011001010001101000100100000000;0.232288;3154;0.322896;27
22;0000001010100011101110001101010000000000000;0.354618;4815;0000001010100011101100001011010000100000000;0.199367;2707;0.329685;35
23;0000001010100011001010001111010000010000000;0.354691;4816;0000001010100011011000001101000100100010000;0.214538;2913;0.330066;31
24;0000001010100011001010001111010000010000000;0.354691;4816;0000001000100001101110001101010000110000000;0.199293;2706;0.325009;25
25;0000001010100011001010001111010000010000000;0.354691;4816;0000000010100011110010000011010000110100000;0.208057;2825;0.325004;21
26;0000001010100011001010000110010100110000000;0.442407;6007;0010001010000001001010001111010100010000000;0.231477;3143;0.330373;35
27;0000001110100010001010000111010100100000000;0.444174;6031;0000000100100011010010001111010100100000000;0.236854;3216;0.338809;48
28;0000001110100010001010000111010100100000000;0.444174;6031;0000000000100011111110001111000000100000000;0.224186;3044;0.337758;47
29;0000001110100010001010000111010100100000000;0.444174;6031;0000001010100000111010001111010000010000000;0.251952;3421;0.339555;51
30;0000001110100010001010000111010000110000000;0.498674;6771;0000001010100011001011000111000000010000010;0.218663;2969;0.334103;50
31;0000001010100001001010001111000100110000000;0.378333;5137;0000011010100011000010001011011000010000000;0.194727;2644;0.33353;55
32;0000001010100001001010001111000100110000000;0.378333;5137;0000011010100011001000001111010000010000000;0.294521;3999;0.34326;63
33;0000001010100011001000001111000100110000000;0.409412;5559;0100001000100001001010001111000100110000000;0.0943438;1281;0.341831;75
34;0000001010100011001000001111000100110000000;0.409412;5559;0000001010100011001011001111000000100000000;0.238695;3241;0.347071;82
35;0000001010100011001000001111000100110000000;0.409412;5559;0000001010100011101000001111000000011000000;0.17985;2442;0.346872;86
36;0000001010100011001000001111000100110000000;0.409412;5559;0000001010100011001010001101000100110000000;0.240757;3269;0.34962;90
37;0000001010100011001000001111000100110000000;0.409412;5559;0000001010100011001010001011010000010000100;0.229415;3115;0.354472;94
38;0000001010100011001000001111000100110000000;0.409412;5559;0000001010100011101000001111000100010000000;0.191339;2598;0.350199;86
39;0000001010100011000010001111000100110000000;0.434232;5896;0000001000100011001010001111000100110000000;0.179408;2436;0.355235;85
40;0000001010100011001010001110000100110000000;0.440566;5982;0000001010100011001010001011000100110000000;0.222566;3022;0.355973;78
41;0000001110100011001000001111000100010000000;0.453454;6157;0000001000100011001010001111000100110000000;0.179408;2436;0.351415;67
42;0000001110100011001000001111000100010000000;0.453454;6157;0000001000100011001100001111000100110000000;0.144498;1962;0.375091;77
43;0000001110100011000010001111000100010000000;0.482914;6557;0000001010100011000000001111001110010000000;0.151863;2062;0.385061;69
44;0000001010100011000000001111010100110000000;0.475328;6454;0000000010110011001000001110000100110000010;0.172117;2337;0.39814;71
45;0000001110100010001000001111000100110000000;0.494329;6712;0000001000100011001010001111000100110000000;0.179408;2436;0.407038;70
46;0000001110100011001010000111000100010000000;0.494476;6714;0000001110000011001000001111000100011000000;0.175873;2388;0.407615;64
47;0000001110100011001010000111000100010000000;0.494476;6714;0000001100100011001010001111000000110000000;0.16269;2209;0.408979;58
48;0000001010100011000010000111010100110000000;0.516645;7015;0010001000100011000010001111000100110000000;0.14008;1902;0.423481;56
49;0000001110100011000010000111000100110000000;0.509059;6912;0000001010100011100000001101000100110100000;0.167403;2273;0.42387;53
50;0000001110100011000010000111000100110000000;0.509059;6912;1000001010100011001000000011000110110000000;0.14553;1976;0.422062;53
=============================================
geração;melhor;fitness;cobertura;pior;fitness;cobertura;média;ind_repetidos
0;1000010010010011001010000000010101100100000;0.153925;2090;1010110100010000001000100001000001010100010;0.000810134;11;0.039525;1
1;0000001110100000011010101111010000000000000;0.226175;3071;0100100100110000001000010000000010010101101;0.00788039;107;0.0800781;2
2;0000001010100001010110001101010100000000010;0.24525;3330;0011010010001001000000001001010000101011000;0.0128885;175;0.112451;2
3;0000011110100010001010000110010100010000000;0.423185;5746;1100000101000010000010001001010011100000001;0.0239358;325;0.162104;1
4;0000001110100011000110000100010100110000000;0.46185;6271;0000111100000011001000000001010100110000010;0.0381499;518;0.216274;4
5;0000001110100011000110000100010100110000000;0.46185;6271;0001001111000000010010100100010100110000000;0.0915451;1243;0.233667;7
6;0000001110100011000110000101000100110000000;0.471277;6399;0001011110100001000010001001000101001000000;0.0943438;1281;0.239801;10
7;0000001110100011000110000110010100010000000;0.471498;6402;0000001010000000010110101110000100110100000;0.125644;1706;0.261388;10
8;0000001010100010000100001111010100110000000;0.484902;6584;1000011010000001000010001111000100110000000;0.115113;1563;0.263079;12
9;0000001110100010000100100111010100010000000;0.485639;6594;0000000010101000010010100110000110110100000;0.0847695;1151;0.270884;11
10;0000101110100010010000000101010100110000000;0.478937;6503;0000011010101000110010100110000100100000000;0.107085;1454;0.278608;11
11;0000101110100010010000000101010100110000000;0.478937;6503;0000011000000011100100001101010100110000000;0.140153;1903;0.289761;14
12;0000001110100011010000000101010100110000000;0.492561;6688;0001101010000010100010101010000100110000000;0.167256;2271;0.309224;29
13;0000001110100011010000000101010100110000000;0.492561;6688;0000010110100010001110000100010100110000000;0.174621;2371;0.318372;26
14;0000001110100011010000000101010100110000000;0.492561;6688;0000001010100010101010100010010100110000000;0.188761;2563;0.321414;18
15;0000001110100011010000000101010100110000000;0.492561;6688;0000011010101000101010100110000100010000000;0.10819;1469;0.332036;26
16;0000001110100011010000000101010100110000000;0.492561;6688;0000011010000010110100100110010100010000000;0.18309;2486;0.339114;34
17;0000001110100011000010000101010100110000000;0.524157;7117;0000011000100011001010100110000100110000000;0.173295;2353;0.344096;36
18;0000001110100011000010000101010100110000000;0.524157;7117;0000001000100011001010100110000100110000100;0.158344;2150;0.359854;37
19;0000001110100011000010000101010100110000000;0.524157;7117;0000001010110010101000100101000100110000000;0.157755;2142;0.383475;45
20;0000001110100011000010000101010100110000000;0.524157;7117;0000011010100010000010100110100100011000000;0.167992;2281;0.389866;40
21;0000001110100011000010000101010100110000000;0.524157;7117;0000011010100010000100100110000011110000000;0.141479;1921;0.393655;35
22;0000001110100011000010000101010100110000000;0.524157;7117;0000001000100010101010100110000110110000000;0.116217;1578;0.397629;37
23;0000001110100011000010000101010100110000000;0.524157;7117;0000011110100010000010100011000000110000010;0.167919;2280;0.411883;39
24;0000001110100011000010000101010100110000000;0.524157;7117;0000010100100010000010100111010100110000000;0.166151;2256;0.416924;39
25;0000001110100011000010000101010100110000000;0.524157;7117;0000001110110000000010110011000100110000000;0.231919;3149;0.443012;48
26;0000001110100011000010000111010100010000000;0.533657;7246;0000001100100011001010000101010100110000000;0.261894;3556;0.459798;49
27;0000001110100011000010000111010100010000000;0.533657;7246;0000101010100011000010000111000101010000000;0.19075;2590;0.470941;49
28;0000001110100011000010000111010100010000000;0.533657;7246;0000101110100010001100100111000100000000000;0.223965;3041;0.475497;50
29;0000001110100011000010000111010100010000000;0.533657;7246;0000001110000011100010100011000100110000000;0.191339;2598;0.485589;57
30;0000001110100011000010000111010100010000000;0.533657;7246;0000001100100011000010001101010100110000000;0.245397;3332;0.504176;75
31;0000001110100011000010000111010100010000000;0.533657;7246;0000001110100010001110000001010100110000000;0.244292;3317;0.505667;76
32;0000001110100011000010000111010100010000000;0.533657;7246;0000001100100011001000000111010100110000000;0.379879;5158;0.516349;76
33;0000001110100011000010000111010100010000000;0.533657;7246;0100001110100010000010000101010100010000100;0.269112;3654;0.507308;69
34;0000001110100011000010000111010100010000000;0.533657;7246;0000000110100010001001100111010100010000000;0.285462;3876;0.516145;78
35;0000001110100011000010000111010100010000000;0.533657;7246;1000001110100010001010000101010100010000000;0.293269;3982;0.514222;75
36;0000001110100011000010000111010100010000000;0.533657;7246;0000001010101011000010000111010100010000000;0.306452;4161;0.50273;62
37;0000001110100011000010000111010100010000000;0.533657;7246;0000001110000011000010000111010000110000100;0.291427;3957;0.500043;67
38;0000001110100011000010000111010100010000000;0.533657;7246;0110001010100001000010000111010100010000000;0.210708;2861;0.504567;66
39;0000001110100011000010000111010100010000000;0.533657;7246;0010000110100011000010000111010100010000000;0.307041;4169;0.510742;72
40;0000001110100011000010000111010100010000000;0.533657;7246;0000001100100011000010000111010100010100000;0.231256;3140;0.504864;76
41;0000001110100011000010000111010100010000000;0.533657;7246;0001001110000011000010000111010100010000000;0.290985;3951;0.522326;86
42;0000001110100011000010000111010100010000000;0.533657;7246;0000011110100011000010000011010100010000000;0.258506;3510;0.522512;91
43;0000001110100011000010000111010100010000000;0.533657;7246;0000001110100011000010000011010100010000010;0.257696;3499;0.518593;91
44;0000001110100011000010000111010100010000000;0.533657;7246;0000001110010011000010000111010100010000000;0.295036;4006;0.526307;96
45;0000001110100011000010000111010100010000000;0.533657;7246;0000001100110011000010000111010100010000000;0.227206;3085;0.51476;91
46;0000001110100011000010000111010100010000000;0.533657;7246;0000001010100011000010000111011100010000000;0.309177;4198;0.523268;93
47;0000001110100011000010000111010100010000000;0.533657;7246;0000001110000011000010000111010100011000000;0.291501;3958;0.523731;92
48;0000001110100011000010000111010100010000000;0.533657;7246;0000001110100011000011000011010100010000000;0.256444;3482;0.517929;90
49;0000001110100011000010000111010100010000000;0.533657;7246;0000001110101011000010000011010100010000000;0.256223;3479;0.524277;94
50;0000001110100011000010000111010100010000000;0.533657;7246;0000001100100011000010000111010100010000010;0.224996;3055;0.525339;96
=============================================
geração;melhor;fitness;cobertura;pior;fitness;cobertura;média;ind_repetidos
0;0000001111000110110100000000011010000010000;0.143025;1942;0000100100011000100001010010000001100100011;0.00125203;17;0.0358551;1
1;0010010010100011011111000000000001010000000;0.249006;3381;0110100010001100001100000000011000101000010;0.00125203;17;0.0897356;1
2;0000000110100011000010100111010000100010000;0.29673;4029;0010000100110101100100001000010110000001000;0.00765945;104;0.133121;1
3;0000000110000011100110101101010000000001000;0.305421;4147;0001010011100000000100011010011001100000000;0.0162027;220;0.165539;2
4;0000011110100010011110100001010000000000000;0.316983;4304;0000011000100100100110100011010100100000000;0.0518486;704;0.198408;3
5;0000001110000011011010000101010000110000000;0.319635;4340;0000001100100010000010001010010000111010010;0.0441891;600;0.221594;6
6;0000011010100011110010000101010000000100000;0.327147;4442;0000010110100001011100101000010000010000010;0.132862;1804;0.239518;5
7;0000000110100011011010000101010000110000000;0.34357;4665;0000001110100000110010100110010000100000100;0.166151;2256;0.257771;13
8;0000001010100011011010000101010000110000000;0.344749;4681;0000011100000010111100100101000000110000000;0.112093;1522;0.281061;13
9;0000001010000011010110100111010000010000000;0.346001;4698;0000000110100010001110100011010000100100000;0.197599;2683;0.292891;5
10;0000000010100011110110000111010000010000000;0.34902;4739;0000000000100001110110110111010000010000000;0.125571;1705;0.305161;10
11;0000001110100011001000000111010000110000000;0.501989;6816;0000001100100011011010000011010000110000000;0.156503;2125;0.313151;21
12;0000001110100011001000000111010000110000000;0.501989;6816;0000011000000011001010100101010010110000000;0.182207;2474;0.314017;23
13;0000001110100011001000000111010000110000000;0.501989;6816;0000001110000011001010100001010000111000000;0.195611;2656;0.325717;25
14;0000001110100011010000000111010000110000000;0.489689;6649;0000001010100011010010001110010000110000000;0.227648;3091;0.320513;24
15;0000001110100011010000000111010000110000000;0.489689;6649;0000001010000011011010000011010100010000100;0.215054;2920;0.325458;30
16;0000001110100011010000000111010000110000000;0.489689;6649;0000001000000011001110101111010000010000000;0.218442;2966;0.322142;29
17;0000001110100011010000000111010000110000000;0.489689;6649;0000011010000011011010100001010000110000000;0.228531;3103;0.318489;26
18;0000001010000011111110100101010000000000000;0.353366;4798;0000001010000011010110100011010100000000100;0.237664;3227;0.322768;30
19;0000000010100011011010001111010000010000000;0.351745;4776;0000001010000011011010101100010000110000000;0.248048;3368;0.326482;28
20;0000001010100011001010001111010000010000000;0.354691;4816;0000001000000010011110101101010000110000000;0.182059;2472;0.323119;29
21;0000001010100011001010001111010000010000000;0.354691;4816;0000001000000001110110100111010000110000000;0.135366;1838;0.329037;45
22;0000001010100011001010001111010000010000000;0.354691;4816;0000001000000011010110100111010000010000010;0.216527;2940;0.333216;45
23;0000001010100011001010001111010000010000000;0.354691;4816;0000001010000011010110100001010000110000010;0.235013;3191;0.333901;45
24;0000001010100011111110000101010000000000000;0.364708;4952;0000001110000011011010100101000000100010000;0.231551;3144;0.337216;53
25;0000001010100011111110000101010000000000000;0.364708;4952;0000001010000011010110100011011000010000000;0.227574;3090;0.339771;70
26;0000001010100011111110000101010000000000000;0.364708;4952;0000001010100011011010100011010000010000000;0.242819;3297;0.34564;75
27;0000001010100011111110000101010000000000000;0.364708;4952;0000001010100011011010001011010000010000000;0.2507;3404;0.343726;77
28;0000001010100011111110000101010000000000000;0.364708;4952;0000001010100011011010000011110000100000000;0.238032;3232;0.343565;78
29;0000001010100011111110000101010000000000000;0.364708;4952;0001001010100011011010000111000000010000000;0.24606;3341;0.340773;74
30;0000001010100011111110000101010000000000000;0.364708;4952;0000010000100011011010001111010000010000000;0.209972;2851;0.338496;68
31;0000001010100011111110000101010000000000000;0.364708;4952;0000001010100111011010000110010000010000000;0.246944;3353;0.339027;71
32;0000001010100011111110000101010000000000000;0.364708;4952;0000001100100011001010000111010000010100000;0.256812;3487;0.341847;72
33;0000001010100011111110000101010000000000000;0.364708;4952;0000001000100011011010000011010100010001000;0.165046;2241;0.337978;70
34;0000001110100011001010000110010100010000000;0.484681;6581;0000001100000011011010000111010001010000000;0.239358;3250;0.343022;66
35;0000001110100011001010000110010100010000000;0.484681;6581;0010001110100011001010000010010100010000000;0.192886;2619;0.345655;74
36;0000001110100011001010000110010100010000000;0.484681;6581;0100001010100011001010100110010000010000000;0.212697;2888;0.347206;71
37;0000001110100011001010000110010100010000000;0.484681;6581;0000011010100011010010000011010100010000000;0.217484;2953;0.345732;68
38;0000001110100011001010000110010100010000000;0.484681;6581;0010001010100011001010000110000110010000000;0.200987;2729;0.340905;64
39;0000001110100011001010000110010100010000000;0.484681;6581;0000001010100001011010000111100000010100000;0.168434;2287;0.346415;69
40;0000001110100011001010000110010100010000000;0.484681;6581;0000001010100011001010000110110100010000000;0.221682;3010;0.349717;78
41;0000001110100010001010000111010000110000000;0.498674;6771;0000001010100011001010000110010100010100000;0.215643;2928;0.353781;85
42;0000001110100011001010000110010100010000000;0.484681;6581;0000001010100011001010000110010100010000001;0.217558;2954;0.346611;84
43;0000001110100011001010000110010100010000000;0.484681;6581;0000001010100011001010000110010100010000100;0.21881;2971;0.353762;89
44;0000001110100011001010000110010100010000000;0.484681;6581;0000101010100011001010000110010100010000000;0.217411;2952;0.348667;85
45;0000001110100011001010000110010100010000000;0.484681;6581;0000001010100011001010100110010100010000000;0.220725;2997;0.3545;88
46;0000001110100011001010000110010100010000000;0.484681;6581;0000001010100011001010001110010100010000000;0.244587;3321;0.355581;91
47;0000001110100011001010000110010100010000000;0.484681;6581;0010001010100011001010000110010100010000000;0.216158;2935;0.346372;88
48;0000001110100011001010000110010100010000000;0.484681;6581;0000001010100011001010000110010100010010000;0.217926;2959;0.350793;90
49;0000001110100011001010000110010100010000000;0.484681;6581;0000001010100011001010010110010100010000000;0.221535;3008;0.353213;92
50;0000001110100011001010000110010100010000000;0.484681;6581;0000001110000011001010000110010100010010000;0.202681;2752;0.348956;91
=============================================
