geração;melhor;fitness;cobertura;pior;fitness;cobertura;média;ind_repetidos
0;0000001010100010000000000001010011000000000;0.734202;9969;1010100000011000000000000000010000001000100;0.0307851;418;0.283208;1
1;0000001010100000000000000111000000110000000;0.800044;10863;0000100000011100000000000010011000010000000;0.094712;1286;0.501688;2
2;0000001110100000000010000110000000100000000;0.834806;11335;0110000000000001010101000001000000000000001;0.20165;2738;0.663043;4
3;0000001110100000000010000110000000100000000;0.834806;11335;0010100000000010000010000100100100000001000;0.369716;5020;0.715472;5
4;0000011010100000000010000110000000100000000;0.860436;11683;0000000000100000010000100101100010000100000;0.356459;4840;0.760037;8
5;0000011010100000000010000100000100100000000;0.858742;11660;0000000110000010000100001010000100100000000;0.639196;8679;0.792034;20
6;0000001010100000100010000110000000010000000;0.863677;11727;0010001110000010000000000011000000010000000;0.707247;9603;0.802718;23
7;0000001010100000100010000110000000100000000;0.862572;11712;0000101000000000000010001110000000110000000;0.645382;8763;0.813914;28
8;0000001010100000100010000110000000100000000;0.862572;11712;0000001010101001000010100010000000000000000;0.731698;9935;0.822558;36
9;0000001010100000100010000110000000010000000;0.863677;11727;0000001000100001000000000111000000010000010;0.734276;9970;0.82363;36
10;0000001010100000000010001100000000110000000;0.865665;11754;0000001000101000000010000111000000100000000;0.714465;9701;0.830538;50
11;0000001010100001000010001100000000100000000;0.869789;11810;0000001110100000000010000000000100100001000;0.756592;10273;0.831516;51
12;0000001010100000000010001110000000100000000;0.869568;11807;0000001000110000001010000110000000100000000;0.731698;9935;0.830823;44
13;0000001010100000001010000110000000010000000;0.868022;11786;0000001110000000000000000101000100110000000;0.716895;9734;0.832821;41
14;0000001010100000001010000110000000010000000;0.868022;11786;0010001000100000000010000110000100100000000;0.701208;9521;0.829691;37
15;0000001010100000000010001100000100010000000;0.863898;11730;0000001000100000000010000100010100110000000;0.711298;9658;0.83759;38
16;0000001010100000000010001100000100010000000;0.863898;11730;0000000100100000100010000110000100010000000;0.71255;9675;0.838591;39
17;0000001010100000000010001100000100010000000;0.863898;11730;0000001100100000000010000101000000110000000;0.749669;10179;0.8424;48
18;0000001010100000000010001100000100010000000;0.863898;11730;0000001000100000000010000111000000110000000;0.718884;9761;0.844518;57
19;0000001010100000000010001100000100010000000;0.863898;11730;0100000100100000000010000101000100010000000;0.710488;9647;0.850778;68
20;0000001010100000000010001100000100010000000;0.863898;11730;0000011000100000000010000101000000110000000;0.783547;10639;0.850929;66
21;0000001010100000000010001100000100010000000;0.863898;11730;0000001000100000100010000110000100010000000;0.740536;10055;0.853029;71
22;0000001010100000000010001100000000110000000;0.865665;11754;0000001000100000000010000101000100110000000;0.717484;9742;0.849292;62
23;0000001010100000100010000101000000010000000;0.864118;11733;0000001000100000000010000101000100110000000;0.717484;9742;0.851281;72
24;0000001010100000101010000100000100000000000;0.873398;11859;0000001000100000000010000111000000110000000;0.718884;9761;0.848312;68
25;0000001010100000101010000100000100000000000;0.873398;11859;0000001000100000000010001101000100010000000;0.722934;9816;0.851585;74
26;0000001010100000101010000100000100000000000;0.873398;11859;0000001000100000010010000100000100110000000;0.725144;9846;0.849247;64
27;0000001010100000000010001100000000110000000;0.865665;11754;0000001000100000000010001101000000110000000;0.724775;9841;0.850394;68
28;0000001010100000000010001100000100010000000;0.863898;11730;0000001000100000000011000101000000010100000;0.717042;9736;0.849491;69
29;0000001010100000000010001100000000110000000;0.865665;11754;0000001000100000000010000101000000110000001;0.717263;9739;0.853978;80
30;0000001010100000000010001100000000110000000;0.865665;11754;0000001000101000000010000101000000110000000;0.716011;9722;0.851496;78
31;0000001010100000011010000100000000010000000;0.871999;11840;0000001000100000000010001100000100110000000;0.723744;9827;0.851658;72
32;0000001010100000011010000100000000010000000;0.871999;11840;0010001010101000000010000100000000100000000;0.782074;10619;0.851973;70
33;0000001010100000011010000100000000010000000;0.871999;11840;0000001110100000100010000000000100010000000;0.786861;10684;0.853295;72
34;0000001010100000010010001100000000100000000;0.871557;11834;0000001000100000000010001101000000110000000;0.724775;9841;0.850072;65
35;0000001010100000010010001100000000100000000;0.871557;11834;0000001000100000000010001101000000110000000;0.724775;9841;0.847393;64
36;0000001010100000010010001100000000100000000;0.871557;11834;0000001000100000000010001100000100110000000;0.723744;9827;0.845903;56
37;0000011010100001000010000101000000000000000;0.871852;11838;0000001000100000010010000101000000110000000;0.743187;10091;0.849487;56
38;0000011010100000000010001100000000100000000;0.879585;11943;0010000000100001000010000101000000110000000;0.768965;10441;0.84845;54
39;0000001010100000000110001100000000010000000;0.875092;11882;0000001000100000010010000101000100010000000;0.741346;10066;0.846863;56
40;0000001010100000010010001100000000010000000;0.880616;11957;0000001000100000000010001110000000110000000;0.73052;9919;0.845928;54
41;0000011010100000000010001100000100000000000;0.88172;11972;0000001010100010000000000110000100010000000;0.762042;10347;0.848004;54
42;0000011010100000000010001100000100000000000;0.88172;11972;0000001010100001000000000110000100010000000;0.767933;10427;0.850023;63
43;0000011010100000000010001100000100000000000;0.88172;11972;0000001110100000000010000000000000110000100;0.763073;10361;0.852595;65
44;0000011010100000000010001100000100000000000;0.88172;11972;0000001000100000000010001100000100110000000;0.723744;9827;0.849106;66
45;0000101010100000000010001100000000010000000;0.879806;11946;0000001010100011000010000000000000110000000;0.764546;10381;0.852413;58
46;0000001010100000000010001100000000010000100;0.872809;11851;0000001100100000000010000100000100110000000;0.717042;9736;0.846823;60
47;0000001010100000000010001100000000010010000;0.876639;11903;0000001000100000000011001100000000110000000;0.737001;10007;0.850682;60
48;0000001010100000000010001100000000010010000;0.876639;11903;0000001000100000000010001110000000110000000;0.73052;9919;0.85063;62
49;0000001010100000010010001100000000010000000;0.880616;11957;0000001100100000000010000110000100010000000;0.716674;9731;0.853139;66
50;0000011010100000000010001100000000010000000;0.888643;12066;0000001000100000000010001110000100010000000;0.728605;9893;0.849679;55
=============================================
geração;melhor;fitness;cobertura;pior;fitness;cobertura;média;ind_repetidos
0;0110000010100000000000000100000101100000000;0.707983;9613;0110000000000000000000000000001110010001001;0.0478716;650;0.281198;1
1;0000000110100000000001000111000000010000000;0.807041;10958;0100001000010000000001001000001100000100000;0.0911769;1238;0.496067;3
2;0000000110100000000010000111000000100000000;0.854765;11606;0000010101010001100001000000000000000001000;0.23376;3174;0.636701;3
3;0000001010100000000010000111000000100000000;0.858374;11655;0000100010000110000010100001000000010000000;0.492488;6687;0.732264;8
4;0000001010100000000010000111000000100000000;0.858374;11655;0000000110000111000000000010000000110000000;0.606128;8230;0.766627;6
5;0000001010100000000010000111000000100000000;0.858374;11655;1000001110000000000000000110000100100000000;0.660996;8975;0.787664;15
6;0000001010100000000010000111000000100000000;0.858374;11655;0000100010000000000000000111000100110000000;0.673;9138;0.800118;16
7;0000000110100000000010000111000000010000000;0.855502;11616;0000000100100000000011000111000000100000000;0.711298;9658;0.805294;13
8;0000001010100001001010000100000000100000000;0.861467;11697;0000000010000011000010000011100000100000000;0.699956;9504;0.818074;23
9;0000000110100000000010001110000000100000000;0.863308;11722;0000001010000011000010000010000100100000000;0.670423;9103;0.821534;21
10;0000001010100001001010000100000000010000000;0.871483;11833;0000000101100000000000001110000000110000000;0.591251;8028;0.825209;19
11;0000001010100000000010001110000000010000000;0.870673;11822;0000000000100010000010000110000100110000000;0.7289;9897;0.832201;32
12;0000001010100000000010001110000000010000000;0.870673;11822;0000000110100001001010000000000100000100000;0.764177;10376;0.839908;35
13;0000001010100000000010001110000000100000000;0.869568;11807;0000001000100000001010000111000000010000000;0.730078;9913;0.841914;39
14;0000001010100000000010001110000000100000000;0.869568;11807;0000100000100000001010000100000100100100000;0.68228;9264;0.839885;36
15;0000001010100000000010001110000000100000000;0.869568;11807;0000001100100000000010000110000100010000000;0.716674;9731;0.841514;44
16;0000001010100000000010001110000000100000000;0.869568;11807;1000001000100000000010000110000000100010000;0.689277;9359;0.842105;39
17;0000001010100001000010001100000000100000000;0.869789;11810;0000000010100010001010001010000000100000000;0.653852;8878;0.845681;55
18;0000001010100010000010001100000000010000000;0.870084;11814;0000000010100000000010000101000010100000010;0.762262;10350;0.848381;49
19;0000001010100000000010001110000000010000000;0.870673;11822;0000001000100000000010010111000000100000000;0.733834;9964;0.847343;57
20;0000001010100010000010001100000000010000000;0.870084;11814;0000001010100010000010000100000001010000000;0.812638;11034;0.851744;65
21;0000001010100000000010001110000000010000000;0.870673;11822;0000001000100000000010000111000000010000010;0.728679;9894;0.850146;57
22;0000001010100000000010001110000000010000000;0.870673;11822;0000001000100000000010000111000100010000000;0.716969;9735;0.85214;68
23;0000001010100000100010001100000000100000000;0.879953;11948;0000001010000000000010001100000110100000000;0.786419;10678;0.854429;70
24;0000001010100000100010001100000000010000000;0.889012;12071;0000001000100000000010001110000100010000000;0.728605;9893;0.854092;62
25;0000001010100000100010001100000000100000000;0.879953;11948;0000000010100010000011001000000100010000000;0.63949;8683;0.847879;57
26;0000001010100000100010001100000000010000000;0.889012;12071;0000001010100000000010001010000000100010000;0.788702;10709;0.851104;51
27;0000001010100000100010001100000000100000000;0.879953;11948;0000001000100000000010001111000000010000000;0.729636;9907;0.847202;52
28;0000001010100000100010001100000000100000000;0.879953;11948;0000001110100000000010000010000010100000000;0.749374;10175;0.849132;54
29;0000011010100000000010001100000000010000000;0.888643;12066;0000001000100000000010001110000100100000000;0.728458;9891;0.853562;63
30;0000001010100000100010001100000000100000000;0.879953;11948;0000001000100000000010101101000000100000000;0.725659;9853;0.850472;56
31;0000001010100000100010001100000000100000000;0.879953;11948;0000001000100100000010000110000100100000000;0.705995;9586;0.850078;47
32;0000001010100000100010001100000000010000000;0.889012;12071;0000001100100000000010000111000000010000000;0.7493;10174;0.855114;58
33;0000001010100001000010001100000000010000000;0.878848;11933;0000001000100000000010001110000100100000000;0.728458;9891;0.856371;73
34;0000001010100001000010001100000000010000000;0.878848;11933;0000001100100100000010000110000000010000000;0.738327;10025;0.858213;75
35;0000001010100001000010001100000000010000000;0.878848;11933;0000011000100000000010001110000000010000000;0.788187;10702;0.854718;75
36;0000001010100001000010001100000000010000000;0.878848;11933;0000000010100001000000001110010000010000000;0.782442;10624;0.855611;78
37;0000001010100001000010001100000000010000000;0.878848;11933;0000001000100000000010001111000000000100000;0.726617;9866;0.855512;81
38;0000001010100001000010001100000000010000000;0.878848;11933;0000001000100010000000100110010000010000000;0.767639;10423;0.859574;87
39;0000011010100000000010001100000000010000000;0.888643;12066;1000001110100000000000000110000000010000000;0.751952;10210;0.857597;73
40;0000011010100000000010001100000000010000000;0.888643;12066;0000001001100000000010001110000000010000000;0.737885;10019;0.857369;69
41;0000001010100001000010001100000000010000000;0.878848;11933;0000001000100010000010010010000000110000000;0.674105;9153;0.855159;70
42;0000001010100001000010001100000000010000000;0.878848;11933;0000001000100000000010000110000100110000000;0.684121;9289;0.854743;69
43;0000001010100001000010001100000000010000000;0.878848;11933;0000001000110000000010001110000000010000000;0.736485;10000;0.85425;64
44;0000001010100001000010001100000000010000000;0.878848;11933;0000001010100001000000000110000000110000000;0.769996;10455;0.852294;64
45;0000001010100001000010001100000000010000000;0.878848;11933;0000001010100000000010001010000001010000000;0.792237;10757;0.85304;61
46;0000001010100000000010001100000000010100000;0.887244;12047;0000001000100000000010001110000000110000000;0.73052;9919;0.8575;70
47;0000001010100000000010001100000000010100000;0.887244;12047;0000001000100000000010001111000000010000000;0.729636;9907;0.856854;68
48;0000001010100000000010001100000000010100000;0.887244;12047;0000001000100000000011001110000000010000000;0.741494;10068;0.853186;63
49;0000001010100000000010001100000000010100000;0.887244;12047;0001001000100000000010001100000000010000001;0.740242;10051;0.859225;70
50;0000001010100000000010001100000000010100000;0.887244;12047;0000001000001001000010001110000000010000000;0.734644;9975;0.851196;53
=============================================
geração;melhor;fitness;cobertura;pior;fitness;cobertura;média;ind_repetidos
0;0000000110110000000000000011010001000000000;0.715938;9721;0000000000011000100001000000100101001000000;0.0880837;1196;0.311198;1
1;0000001110100000000010000110010000000000000;0.824201;11191;0010000001110000100000010000000100000000010;0.129548;1759;0.486346;1
2;0000001010000010000000011111000000000000000;0.797319;10826;0001101000010000000000001000000000100010100;0.154957;2104;0.642053;1
3;0000000010100010000010000111000000010000000;0.825895;11214;0000001100000001000000000001100100100010000;0.496539;6742;0.711037;6
4;0000001010100010010000000101000000010000000;0.831566;11291;0000100100000110000000001010010000000010000;0.373472;5071;0.73369;10
5;0000000110100000000010000111000100000000000;0.855428;11615;0000000011000110000010000001001000010000000;0.47577;6460;0.760567;9
6;0000000110100000000010000110010100000000000;0.846075;11488;0000001100000010000000001111000000100000000;0.690529;9376;0.78271;13
7;0000001010100000000010000101000100010000000;0.858079;11651;0000001010000011100010000010000000010000000;0.635882;8634;0.786944;22
8;0000001010100000000010000101000100100000000;0.856754;11633;0000001000000011000010001100001001000000000;0.505155;6859;0.793168;9
9;0000001010100000000010000101000100010000000;0.858079;11651;0000000010100010000010010001000000000001100;0.455958;6191;0.804692;26
10;0000001010100000100010000101000000010000000;0.864118;11733;0000000010100001000110100001000100000000000;0.732803;9950;0.818063;30
11;0000001010100000100010000101000000010000000;0.864118;11733;0000001010000011000010000001000100010000000;0.745102;10117;0.82727;45
12;0000001010100000101010000101000000000000000;0.858153;11652;0000001110000110000010010100000000000000000;0.743261;10092;0.832172;55
13;0000001010100000001010000111000000000000000;0.862645;11713;0010001010100001000010000001000100000000000;0.791206;10743;0.839144;60
14;0000001010100000001010000110000100000000000;0.86758;11780;0000001010100100000010000001000100010000000;0.785241;10662;0.843134;64
15;0000001010100000100010000101000000010000000;0.864118;11733;0000001000100001000010000110000100000100000;0.777655;10559;0.844554;66
16;0000001010100001000010001100000100000000000;0.871999;11840;0000001000100001000010000110000100010000000;0.769922;10454;0.845262;66
17;0000101010100000000010001100000100000000000;0.872883;11852;0000001010100010000000000101000001100000000;0.770437;10461;0.846784;75
18;0000001010100001000010001100000000010000000;0.878848;11933;0000001000100001000010000111000000010000000;0.797098;10823;0.848379;73
19;0000001010100001000010001100000000010000000;0.878848;11933;0000001110100001000000000110000000010000000;0.777066;10551;0.848055;67
20;0000001010100001000010001100000000010000000;0.878848;11933;0000000010100001000010000110000000110000000;0.795846;10806;0.850116;73
21;0000001010100001000010001100000100000000000;0.871999;11840;0000001000100000000010000101000000111000000;0.742304;10079;0.849362;74
22;0000001010100001000010001100000100000000000;0.871999;11840;0000001000101000000010000101000000110000000;0.716011;9722;0.847412;58
23;0000001010100000100010001100000100000000000;0.882162;11978;0100001010100001000010001000000100000000000;0.760495;10326;0.847673;52
24;0000001010100000100010001100000000010000000;0.889012;12071;0000001000100001000000000101000100110000000;0.723597;9825;0.845897;49
25;0000011010100000000010001100000000010000000;0.888643;12066;0000001010000011000010000001000000110000000;0.745765;10126;0.844636;37
26;0000001010100000100010001100000000010000000;0.889012;12071;0000001111100000000000000100000000110000000;0.753056;10225;0.848446;41
27;0000101010100000000010001100000000010000000;0.879806;11946;0000001000100000000010001101000000110000000;0.724775;9841;0.848505;44
28;0000001010100000000010001100000000010100000;0.887244;12047;0000001000100000000010000111000000010000100;0.730373;9917;0.847723;47
29;0000001010100001000010001100000000010000000;0.878848;11933;0000001010000000000010000111000100010000000;0.784946;10658;0.852002;52
30;0000001010100000000010001110000000010000000;0.870673;11822;0000010000100000000010101110000000010000000;0.721829;9801;0.84859;47
31;0000011010100000000010001100000000010000000;0.888643;12066;0000011100100000000010000001000100010000000;0.724996;9844;0.851621;49
32;0000011010100000000010001100000000010000000;0.888643;12066;0000001010000000000010000110000100110000000;0.752099;10212;0.853198;54
33;0000001010100000000010001100000000010100000;0.887244;12047;0000001000100000000010000111000100000000100;0.728237;9888;0.851277;48
34;0000001010100000000010001100000000010100000;0.887244;12047;0000001010000000000010001100000100110000000;0.79128;10744;0.858088;55
35;0000001010100000000010001100000000010100000;0.887244;12047;0000001000100000000010000111000100000000100;0.728237;9888;0.844375;45
36;0000001010100000000010001100000000010100000;0.887244;12047;0000001010000000001010000010000100110000000;0.646561;8779;0.846164;43
37;0000001010100000000010001100000000010100000;0.887244;12047;0000000010100000001010001010001000010000000;0.648328;8803;0.850876;50
38;0000001010100000001010000100000000010100000;0.880837;11960;0000001000100000001010001110000000010000000;0.730594;9920;0.846685;43
39;0000001010100001000010001100000000010000000;0.878848;11933;1000001110100000000010000100000000010000000;0.801885;10888;0.855848;61
40;0000001010100001000010001100000000010000000;0.878848;11933;0000001010100011000010000001000000010000000;0.793858;10779;0.853132;62
41;0000001010100001000010001100000000010000000;0.878848;11933;0010001010100000000010000001000000110000000;0.792753;10764;0.85798;69
42;0000011010100000000010001100000000010000000;0.888643;12066;0000001000100000000010001110000000010010000;0.746649;10138;0.855059;58
43;0000001010100000000010001100000000011000000;0.884887;12015;0000001010100010000010000010000000010000001;0.75232;10215;0.857114;64
44;0000001010100000010010001100000000010000000;0.880616;11957;0000001000100000010010000110000000110000000;0.727574;9879;0.846095;52
45;0000101010100000000010001100000000010000000;0.879806;11946;0000001000100000001010000101000000110000000;0.725438;9850;0.850504;56
46;0000001010100001000010001100000000010000000;0.878848;11933;0000001100100000000010000111000000010000000;0.7493;10174;0.850619;55
47;0000001010100001000010001100000000010000000;0.878848;11933;0000001010100001000010001000001000010000000;0.777139;10552;0.852147;57
48;0000011010100000000010001110000000000000000;0.887981;12057;0000001110000000000010000110000100010000000;0.784357;10650;0.855353;62
49;0000001010100000100010001100000000010000000;0.889012;12071;0000001000100001000010000110000000110000000;0.771837;10480;0.855907;59
50;0000001010100000100010001100000000010000000;0.889012;12071;0000001000100001000010000011000000110000000;0.751731;10207;0.85289;62
=============================================
geração;melhor;fitness;cobertura;pior;fitness;cobertura;média;ind_repetidos
0;0000000110100000001000011000000100100000000;0.742009;10075;1101000000011000000000010000000100000010000;0.0327736;445;0.312248;1
1;0000001010100000000010000101000001100000000;0.822065;11162;1101000000000000000000000110001001000010000;0.0764472;1038;0.49568;1
2;0000001010100000000010000111000000100000000;0.858374;11655;0100000001001100100000110000000000000100000;0.0978053;1328;0.665367;2
3;0000001010100000000010000100000000111000000;0.851672;11564;0100000010000111000001000001000000010000000;0.413168;5610;0.726508;5
4;0000000110100000000010000101000100100000000;0.853071;11583;0100001010000010000010000001000000000000011;0.438945;5960;0.760293;9
5;0000001010100000000010011100000000010000000;0.871189;11829;0000000010100001000000100010000100110000000;0.614597;8345;0.787051;13
6;0000001110100000000010001100000100000000000;0.862351;11709;0100011000000000000010000110000000101000000;0.629106;8542;0.800966;17
7;0000001010100000000010001110000100000000000;0.870231;11816;0000001000000000000010000111000100110000000;0.585874;7955;0.815469;21
8;0000001010100000000010001110000000010000000;0.870673;11822;0000001100100000000010000101010100000000000;0.708131;9615;0.825033;29
9;0000001010100000000010001110000000010000000;0.870673;11822;0000001000100011000010000001000100100000000;0.742156;10077;0.835373;38
10;0000001010100000000010001110000000010000000;0.870673;11822;0000001000100000100010000011000100100000000;0.719841;9774;0.836686;46
11;0000001010100001000010001100000000010000000;0.878848;11933;0000001100100000000010000101000100100000000;0.746502;10136;0.846418;55
12;0000001010100001000010001100000000010000000;0.878848;11933;0000000100110000000010000100000100110000000;0.681175;9249;0.847234;59
13;0000001010100000000010001110000000010000000;0.870673;11822;0000001000100000000010000101000100110000000;0.717484;9742;0.847252;54
14;0000001010100000000010001110000100000000000;0.870231;11816;0000001000100000000010000101000100110000000;0.717484;9742;0.84205;52
15;0000001010100000000010001110000100000000000;0.870231;11816;0000000110000000000010000101001100010000000;0.774267;10513;0.848097;54
16;0000001010100000000010001110000000010000000;0.870673;11822;0000001001100000000010001110000100000000000;0.737443;10013;0.849167;56
17;0000001010100000000010001110000000010000000;0.870673;11822;0000001000100000000010001110000100010000000;0.728605;9893;0.850359;58
18;0000001010100000000010001110000000010000000;0.870673;11822;0000011010000000100010001010000100000000000;0.689498;9362;0.851312;65
19;0000001010100000000010001110000000010000000;0.870673;11822;0000001000100000000010000111000100010000000;0.716969;9735;0.855275;72
20;0000001010100000000010001110000000010000000;0.870673;11822;0001001000100000000010000111000100000000000;0.737222;10010;0.849055;64
21;0000001010100000000010001110000000010000000;0.870673;11822;0000001000100000000010001111000000010000000;0.729636;9907;0.853858;74
22;0000001010100000000010001110000000010000000;0.870673;11822;0000001000100000000010001110000100010000000;0.728605;9893;0.856234;73
23;0000001010100000000010001110000000010000000;0.870673;11822;0000001000100000000010001111000000010000000;0.729636;9907;0.852229;69
24;0000001010100001000010001110000000000000000;0.875313;11885;0000011000100000000010001110000100000000000;0.787745;10696;0.854482;70
25;0000001010100001000010001110000000000000000;0.875313;11885;0000000110100000000110000110000000000000100;0.78885;10711;0.852298;67
26;0000001010100001000010001110000000000000000;0.875313;11885;0000001000100000000010001111000000010000000;0.729636;9907;0.851523;73
27;0000101010100000000010001110000000000000000;0.879143;11937;0000000011000000000010000110000100110000000;0.717263;9739;0.850338;63
28;0000001010100001000010001110000000000000000;0.875313;11885;0000001010100010000010001010000000010000000;0.794742;10791;0.855086;70
29;0000001010100001000010001100000000010000000;0.878848;11933;0000001010100010000000000110000000110000000;0.764104;10375;0.855948;69
30;0000001010100001000010001100000000010000000;0.878848;11933;0000001010100001000011000010000000010000000;0.775519;10530;0.860107;76
31;0000001010100001000010001100000000010000000;0.878848;11933;0100001010100001000000000110000100000000000;0.770143;10457;0.856597;68
32;0000001010100001000010001100000000010000000;0.878848;11933;0000001010100001000010001010000000000010000;0.76101;10333;0.856415;67
33;0000001010100001000010001100000000010000000;0.878848;11933;0000001110100000000000000110000000110000000;0.755045;10252;0.851065;68
34;0000001010100001000010001100000000010000000;0.878848;11933;0000001110100011000000000110000000000000000;0.734497;9973;0.85032;67
35;0000001010100001000010001100000000010000000;0.878848;11933;0100001000100000000010001110000000010000000;0.730225;9915;0.84961;63
36;0000001010100001000010001100000000010000000;0.878848;11933;0000000010100000000010000110000100110000000;0.772573;10490;0.850185;53
37;0000001010100001000010001100000000010000000;0.878848;11933;0000001010100001000000000110000100010000000;0.767933;10427;0.851864;59
38;0000001010100001000010001100000000010000000;0.878848;11933;0000001100100000000011001100000000010000000;0.763367;10365;0.849825;45
39;0000001010100000100010001110000000000000000;0.884814;12014;0000001100100000000010001110000000010000000;0.760421;10325;0.853544;51
40;0000001010100000100010001110000000000000000;0.884814;12014;0000001010101000000000000111000000010000000;0.79592;10807;0.855191;51
41;0000001010100000100010001110000000000000000;0.884814;12014;0000001010100011000000000110000000000000001;0.729857;9910;0.855265;59
42;0000001010100000100010001110000000000000000;0.884814;12014;0000000010100000100010000110000000000001010;0.768228;10431;0.854522;55
43;0000001010100000100010001110000000000000000;0.884814;12014;0000001000100000000010001110000010000001000;0.728531;9892;0.850614;53
44;0000001010100000100010001100000000010000000;0.889012;12071;0000001110100001000010001010000000000000000;0.776992;10550;0.850317;54
45;0000001010100000100010001100000000010000000;0.889012;12071;0000001110100000000000000110000000110000000;0.755045;10252;0.854252;56
46;0000001010100001000010001110000000000000000;0.875313;11885;0000101010000000000010001010000000010000100;0.662174;8991;0.846262;56
47;0000001010100001000010001110000000000000000;0.875313;11885;0000001110100010001000000010000000010000000;0.724923;9843;0.847069;56
48;0000001010100001000010001110000000000000000;0.875313;11885;0000001000110000000010001110000000100000000;0.735381;9985;0.850529;59
49;0000001010100001000010001100000000010000000;0.878848;11933;0000001000100000000010000100000100110000001;0.686773;9325;0.851023;52
50;0000001010100000100010001110000000000000000;0.884814;12014;0000001100100010000010000110000000000000001;0.773383;10501;0.851475;51
=============================================
geração;melhor;fitness;cobertura;pior;fitness;cobertura;média;ind_repetidos
0;0010001110100010000100000000000000000000010;0.709751;9637;0100010000001001001000000000001001000100000;0.0923553;1254;0.297518;1
1;0000000110100000000110100100000000010000000;0.803432;10909;0100000100000000011000001000000001010000010;0.143983;1955;0.53028;1
2;0000001010100010000010000100000100010000000;0.83569;11347;0100000000000100010010011100000001000000000;0.233981;3177;0.677654;1
3;0000001010100000000010001100000100010000000;0.863898;11730;0000000100000011010010000101001000000000000;0.497496;6755;0.748307;3
4;0000001010100000000010001101000100000000000;0.860731;11687;1100000100100001000010000010000100000000000;0.550155;7470;0.774923;9
5;0000001010100000000010001101000100000000000;0.860731;11687;0010000110000010100000000000000100110000000;0.602445;8180;0.787756;10
6;0000000110100000000010001110000000010000000;0.864045;11732;0000000100000001000010000110000100110000000;0.653778;8877;0.804175;24
7;0000000110100000001010000110000000010000000;0.856606;11631;0000001010000010000010000010000100110000000;0.662837;9000;0.81428;28
8;0000000110100000000010001110000000010000000;0.864045;11732;0000001100100000000010000111000000010000000;0.7493;10174;0.821928;40
9;0000000110100000000010001110000000010000000;0.864045;11732;0000000110000001000011000101000100000000000;0.75011;10185;0.828641;40
10;0000001010100000001010000100000100010000000;0.861467;11697;0000000100100000000010000111000100010000000;0.71255;9675;0.832774;44
11;0000001010100000100010000101000000010000000;0.864118;11733;0000000100100000000011000111000000010000000;0.717558;9743;0.834386;42
12;0000001010100000100010000101000000010000000;0.864118;11733;0000000110100001000010000000000100010001000;0.747165;10145;0.841161;51
13;0000001010100001001010000100000000010000000;0.871483;11833;0000001000100001000010000110000100010000000;0.769922;10454;0.844096;53
14;0000001010100001001010000100000000010000000;0.871483;11833;1000001000100000000010000101000100010000000;0.715717;9718;0.846512;57
15;0000001010100000001010000110000000010000000;0.868022;11786;0000001100100000001010000100000100010000000;0.751657;10206;0.848091;56
16;0000001010100000001010000110000000010000000;0.868022;11786;0000000010100000000010000110000100110000000;0.772573;10490;0.849074;60
17;0000001010100000001010000110000000010000000;0.868022;11786;0000001010100000000010000011000000001001000;0.782663;10627;0.848903;57
18;0000001010100000101010000100000000010000000;0.881205;11965;0000001000100000000110000111000000010000000;0.73354;9960;0.847328;54
19;0000001010100000101010000100000000010000000;0.881205;11965;0000001000100000001010000111000000010000000;0.730078;9913;0.847094;55
20;0000001010100000101010000100000000010000000;0.881205;11965;0000001010000000000010000111000100010000000;0.784946;10658;0.851476;59
21;0000001010100000001010000100000000011000000;0.878333;11926;0000001000100000000010000111000100010000000;0.716969;9735;0.848729;62
22;0000001010100000001010000100000000011000000;0.878333;11926;0000001000100000000010000110000100011000000;0.713286;9685;0.845439;52
23;0000001010100000101010000100000000010000000;0.881205;11965;0000001000100000000010000111000100010000000;0.716969;9735;0.848505;62
24;0000001010100000101010000100000000010000000;0.881205;11965;0100001010100000000010000010000000010000100;0.750037;10184;0.848711;56
25;0000001010100000101010000100000000010000000;0.881205;11965;0000001001100000000010000111000000010000000;0.726396;9863;0.852103;64
26;0000001010100000101010000100000000010000000;0.881205;11965;0000101000100000000010000110000000110000000;0.72507;9845;0.846273;53
27;0000001010100000101010000100000000010000000;0.881205;11965;0000001001100000000010000111000000010000000;0.726396;9863;0.85226;60
28;0000001010100000101010000100000000010000000;0.881205;11965;0000001000100000000010000111000000110000000;0.718884;9761;0.849784;59
29;0000001010100001001010000100000000010000000;0.871483;11833;1000000010100000000010000110000100010000000;0.772279;10486;0.85178;58
30;0000001010100001001010000100000000010000000;0.871483;11833;1000001000100000000010000101000100010000000;0.715717;9718;0.84867;58
31;0000001010100001001010000100000000010000000;0.871483;11833;0000001000100000000010000111000100010000000;0.716969;9735;0.843964;53
32;0000001010100001001010000100000000010000000;0.871483;11833;0000001000100001000010000011000000110000000;0.751731;10207;0.84923;60
33;0000001010100000000010001110000000010000000;0.870673;11822;0000001000100000000010000111000000110000000;0.718884;9761;0.84999;62
34;0000001010100000000010001110000000010000000;0.870673;11822;0000001000100000000010100111000000010000000;0.728973;9898;0.853106;65
35;0000001010100000000010001110000000010000000;0.870673;11822;0000001001100000000010000101000000110000000;0.726838;9869;0.851645;62
36;0000001010100000000010001110000000010000000;0.870673;11822;0000001010000000000000001011000000110000001;0.687509;9335;0.854292;69
37;0000001010100000000010001110000000010000000;0.870673;11822;0000001000100000000010000111000000110000000;0.718884;9761;0.845552;56
38;0000001010100000000010001110000000010000000;0.870673;11822;0000001000100000000010000111000000110000000;0.718884;9761;0.845786;56
39;0000001010100000000010001110000000010000000;0.870673;11822;0000001010100000000000000110000100110000000;0.744587;10110;0.846455;58
40;0000001010100000000010001110000000010000000;0.870673;11822;0000001110100001000000000110000000010000000;0.777066;10551;0.850375;62
41;0000001010100000000010001110000000010000000;0.870673;11822;0100001000100000100000001110000000010000000;0.646929;8784;0.845082;54
42;0000001010100000000010001110000000010000000;0.870673;11822;0000001011100010000010000001000100000000000;0.766829;10412;0.851323;62
43;0000001010100000000010001110000000010000000;0.870673;11822;0000000001100000100010000110000000110000000;0.678377;9211;0.845321;53
44;0000001010100000000010001110000000010000000;0.870673;11822;0000001000100000000010001100000100110000000;0.723744;9827;0.847139;58
45;0000001010100000000010001110000000010000000;0.870673;11822;0000001000100000000011000101000000110000000;0.730741;9922;0.848876;53
46;0000001010100001000010001100000100000000000;0.871999;11840;0000001100100000000010000101000000110000000;0.749669;10179;0.84963;56
47;0000001010100000000010001110000000010000000;0.870673;11822;0000001010100100000010001010000000010000000;0.786566;10680;0.85085;57
48;0000001010100000000010001110000000010000000;0.870673;11822;0000001000000000000010001111000000110000000;0.61283;8321;0.84762;52
49;0000001010100000000010001110000000010000000;0.870673;11822;0000001100000000000010001101000000110000000;0.612535;8317;0.848715;55
50;0000001010100000000010001110000000010000000;0.870673;11822;0000001000100000001010000111000000010000000;0.730078;9913;0.853484;61
=============================================
geração;melhor;fitness;cobertura;pior;fitness;cobertura;média;ind_repetidos
0;0000000010100100100100000110000000000000010;0.75313;10226;0011000000000000000000000000100110001010001;0.0827073;1123;0.313766;1
1;0000000110000010000010010100000000110000000;0.789807;10724;1010000000000000001000010000101001001000000;0.0681249;925;0.502842;1
2;0000001010100010000010000111000000000000000;0.834806;11335;1000010000001100101000000001000000100000000;0.22669;3078;0.651836;1
3;0000001010100001000010000111000000000000000;0.847842;11512;0001010101000000000000000000010100110000000;0.495802;6732;0.735808;8
4;0000001010100000000010000100000100010000100;0.838341;11383;0000100000000000000010000111000010110000000;0.59103;8025;0.765531;4
5;0000001010100000000010000111000000100000000;0.858374;11655;0000001100000000000110000110000000110000000;0.614376;8342;0.781698;6
6;0000011010100000000010000101000000010000000;0.86213;11706;0000001000000000000110000100010100100001000;0.620931;8431;0.79314;11
7;0000011010100000000010000101000000010000000;0.86213;11706;0010011000100010000010000010000000010000000;0.651937;8852;0.812972;24
8;0000011010100000000010000101000000010000000;0.86213;11706;0000000100100000000010010110000100010000000;0.691634;9391;0.82876;29
9;0000011010100000000010000101000000010000000;0.86213;11706;0000001000100000000010000111000100000100000;0.72205;9804;0.833275;40
10;0000011010100000000010000101000000010000000;0.86213;11706;0000001000100000100010000110000100010000000;0.740536;10055;0.841512;51
11;0000011010100000000010000101000000010000000;0.86213;11706;0000000100100000000010000111000100010000000;0.71255;9675;0.844189;60
12;0000011010100000000010000101000000010000000;0.86213;11706;0000000000100000000010000111000100110000000;0.690161;9371;0.848965;67
13;0000011010100000000010000101000000010000000;0.86213;11706;0000001010110000000010000001000000110000000;0.784652;10654;0.854701;79
14;0000011010100000000010000101000000010000000;0.86213;11706;0000001100100000000010000111000000100000000;0.748196;10159;0.849905;72
15;0000011010100000000010000101000000010000000;0.86213;11706;0000001000100000000010000111000000110000000;0.718884;9761;0.850205;78
16;0000011010100000000010000101000000010000000;0.86213;11706;0000001000100000000010000111000000110000000;0.718884;9761;0.849738;72
17;0000001010100000100010000101000000010000000;0.864118;11733;0000001000100000000010000111000000110000000;0.718884;9761;0.852582;72
18;0000001010100000100010000101000000010000000;0.864118;11733;0000001010100000000000000101001000110000000;0.79754;10829;0.855077;78
19;0000001010100000100010000101000000010000000;0.864118;11733;1000001000100000000010000101000000110000000;0.717558;9743;0.851403;76
20;0000001010100000100010000101000000010000000;0.864118;11733;0000001010000000000010000101000100110000000;0.785462;10665;0.85499;78
21;0000001010100000100010000101000000010000000;0.864118;11733;0000001000100000100010000101000000110000000;0.761894;10345;0.853467;77
22;0000001010100000000010000101000000110000000;0.85992;11676;0000101000100000000010000101000000110000000;0.756592;10273;0.854146;85
23;0000001010100000000010000101000000110000000;0.85992;11676;0000001110100000000010000100000000110000000;0.836132;11353;0.85903;94
24;0000001010100000000010000101000000110000000;0.85992;11676;0100001010000000000010000101000000110000000;0.786346;10677;0.857297;93
25;0000001010100000000010000101000000110000000;0.85992;11676;0010001110000000000000000101000000110000000;0.725586;9852;0.857924;98
26;0000001010100000000010000101000000110000000;0.85992;11676;0000001010100000000000000111000000110000000;0.800044;10863;0.858584;96
27;0000001010100000000010000101000000110000000;0.85992;11676;0000001010100010000010000100000000110000000;0.837458;11371;0.859695;99
28;0000001010100000000010000101000000110000000;0.85992;11676;0000001000100000000010000101000000110001000;0.735675;9989;0.858194;98
29;0000001010100000001010000100000000110000000;0.863235;11721;0000001100100000000010000101000000110000000;0.749669;10179;0.856898;94
30;0000001010100000001010000100000000110000000;0.863235;11721;0000001010100000000000000111000000110000000;0.800044;10863;0.858864;95
31;0000001010100000001010000100000000110000000;0.863235;11721;0000001010001000000010000101000000110000000;0.78502;10659;0.858194;95
32;0000001010100000001010000100000000110000000;0.863235;11721;0000001010101000000000000101000000110000000;0.797319;10826;0.858702;93
33;0000001010100000001010000100000000110000000;0.863235;11721;0000001000100000000010000101000100110000000;0.717484;9742;0.856229;92
34;0000001010100000001010000100000000110000000;0.863235;11721;0000001100100000001010000100000000110000000;0.753425;10230;0.857092;88
35;0000001010100000001010000100000000110000000;0.863235;11721;0000001010100000000000000101000000110000100;0.806967;10957;0.856738;84
36;0000001010100000001010000100000000110000000;0.863235;11721;0000001000000100001010000101000000110000000;0.608779;8266;0.854458;85
37;0000001010100000001010000100000000110000000;0.863235;11721;0000101000100000001010000100000000110000000;0.75777;10289;0.855787;86
38;0000001010100000100010000101000000010000000;0.864118;11733;0000001000100000001010000101000000110000000;0.725438;9850;0.854098;83
39;0000001010100000001010000100000000110000000;0.863235;11721;0000000010100000100010000101000000110000000;0.821255;11151;0.856822;84
40;0000001010100000001010000100000000110000000;0.863235;11721;0000001100100000000010000101000000110000000;0.749669;10179;0.851187;74
41;0000001010100000001010000100000000110000000;0.863235;11721;0000000010100000001010000101000000110000000;0.817425;11099;0.855785;87
42;0000001010100000001010000100000000110000000;0.863235;11721;0000001000100000000010000101000100110000000;0.717484;9742;0.85498;84
43;0000001010100000001010000100000000110000000;0.863235;11721;0000001000100000000010000111000000110000000;0.718884;9761;0.846416;76
44;0000001010100000001010000100000000110000000;0.863235;11721;0000001000100000001010000101000000110000000;0.725438;9850;0.852275;84
45;0000001010100000001010000110000000100000000;0.866917;11771;0000001000100000001010000101000000110000000;0.725438;9850;0.852027;83
46;0000001010100000001010000110000000100000000;0.866917;11771;0000001000100000001010000101000000110000000;0.725438;9850;0.851722;80
47;0000001010100000001010000110000000100000000;0.866917;11771;0000001010000000000010000111000000110000000;0.786861;10684;0.852361;84
48;0000001010100000001010000110000000100000000;0.866917;11771;0000001010100000001000000110000000110000000;0.814258;11056;0.852149;80
49;0000011010100000001010000100000000100000000;0.875239;11884;0000001000100000001010000110000000110000000;0.727721;9881;0.848336;72
50;0000011010100000001010000100000000100000000;0.875239;11884;0000001000100010000010000010000100110000000;0.658934;8947;0.849561;75
=============================================
geração;melhor;fitness;cobertura;pior;fitness;cobertura;média;ind_repetidos
0;0100001010000000000010010110000000000100000;0.738916;10033;0100000000000100000000101000000111000000001;0.0623803;847;0.288273;1
1;0000001010100010000010000110000000010000000;0.838931;11391;0000000000000100000001001000000101001010010;0.112314;1525;0.469683;1
2;0000001010100010000010000110000000010000000;0.838931;11391;0010000000000000000010110000000010010001100;0.23597;3204;0.649123;6
3;0000001010100010000010000110000000010000000;0.838931;11391;0000001001000010000110000000000101000000001;0.322433;4378;0.713496;2
4;0000001010100001000010000100000100100000000;0.845117;11475;0000010000100010001011000001000100000000000;0.536972;7291;0.758869;10
5;0000001010100000000010000111000000010000000;0.859479;11670;0000001101000100000000100100000100001000000;0.504714;6853;0.771371;15
6;0000001010100000000010000111000000010000000;0.859479;11670;0000001100000010000000001001000100010000001;0.669244;9087;0.796414;15
7;0000001010100000000010001111000000000000000;0.867212;11775;0001000010100010000010000010000100100000000;0.679408;9225;0.808086;23
8;0000001010100010000010001100000000010000000;0.870084;11814;0000001010000011000000000010000000110010000;0.621667;8441;0.811355;28
9;0000001010100001001010000100000000010000000;0.871483;11833;0000001010100011000010000010000000010000000;0.763956;10373;0.827108;32
10;0000001010100001001010000100000000010000000;0.871483;11833;0000000100100001000010000100000100110000000;0.753572;10232;0.83511;50
11;0000001010100001000010001100000000010000000;0.878848;11933;0000000110100100000010000100000100000100000;0.759758;10316;0.840651;44
12;0000001010100001001010000100000000010000000;0.871483;11833;0100000010100001000010000100000000010000010;0.755045;10252;0.846494;58
13;0000001010100001001010000100000000010000000;0.871483;11833;1000001000100000001010000110000000010000000;0.726027;9858;0.849209;60
14;0000001010100000000010001110000000010000000;0.870673;11822;0000001000100000010010000111000000010000000;0.743703;10098;0.848367;57
15;0000001010100000001010001100000000010000000;0.868758;11796;0000000010100001000010000110000000010000100;0.801223;10879;0.851398;68
16;0000001010100000001010001100000000010000000;0.868758;11796;0000001010000000010010000100100100010000000;0.797098;10823;0.85122;62
17;0000001010100001000010001100000000010000000;0.878848;11933;0000001000100000010010000110000100010000000;0.725659;9853;0.851541;68
18;0000001010100001000010001100000000010000000;0.878848;11933;0000001000100000001010000111000000100000000;0.728973;9898;0.850474;67
19;0000001010100001000010001100000000010000000;0.878848;11933;0000001000100000010010000111000000010000000;0.743703;10098;0.850035;66
20;0000001010100001000010001100000000010000000;0.878848;11933;0000001000100000000010000111000000010001000;0.735013;9980;0.849287;60
21;0000011010100000001010000100000000010000000;0.885256;12020;0000001010100000000000000111000000110000000;0.800044;10863;0.853394;65
22;0000011010100000001010000100000000010000000;0.885256;12020;0100001000100000000010000110000100010000000;0.68854;9349;0.840363;51
23;0000011010100000001010000100000000010000000;0.885256;12020;0000001000100000010010000100000101010000000;0.728237;9888;0.843504;54
24;0000011010100000001010000100000000010000000;0.885256;12020;0000001000100000000010000111000100010000000;0.716969;9735;0.845347;53
25;0000011010100000001010000100000000010000000;0.885256;12020;0010001000100000000010000110000100010000000;0.701355;9523;0.843188;42
26;0000011010100000001010000100000000010000000;0.885256;12020;0000001100100000000010000111000000010000000;0.7493;10174;0.845532;47
27;0000011010100000001010000100000000100000000;0.875239;11884;0000000001100000000010000111000000110000000;0.703933;9558;0.840978;47
28;0000011010100000001010000100000000100000000;0.875239;11884;0000001000100000100010000110000100010000000;0.740536;10055;0.841255;40
29;0000001010100000001010000100000000010010000;0.869937;11812;0000001000100000010010000101000100010000000;0.741346;10066;0.844942;49
30;0000011010100000001010000100000000010000000;0.885256;12020;0000001110100000000010000001100000100000000;0.776698;10546;0.849979;56
31;0000001010100000101010000100000000010000000;0.881205;11965;0000001010000000000010000111000000110000000;0.786861;10684;0.85136;52
32;0000001010100000001010000100000000010010000;0.869937;11812;0000001000100000001010010111000000000000000;0.737222;10010;0.851411;57
33;0000001010100000001010000100000000010010000;0.869937;11812;0000000010100000000010100011000000110000000;0.76948;10448;0.850084;62
34;0000001010100000001010000100000000010010000;0.869937;11812;0000001010100001100010000010000000010000000;0.795036;10795;0.852597;68
35;0000001010100000001010000100000000010010000;0.869937;11812;0000000010000001001010000111000000010000000;0.788408;10705;0.852886;58
36;0000001010100000001010000100000000010010000;0.869937;11812;0000001110100000000000000110000100010000000;0.752983;10224;0.846925;50
37;0000001010100000011010000100000000010000000;0.871999;11840;0000001000100000001010000111000000010000000;0.730078;9913;0.844915;48
38;0000001010100000011010000100000000010000000;0.871999;11840;0000001000100000100010000110000001010000000;0.745618;10124;0.845614;56
39;0000001010100000011010000100000000010000000;0.871999;11840;0000001100100000100010000110000000010000000;0.772721;10492;0.848186;57
40;0000001010100000011010000100000000010000000;0.871999;11840;0000001110100000001010000010000000010000000;0.790396;10732;0.851355;61
41;0000001010100000011010000100000000010000000;0.871999;11840;0000001000100000000010001101000000110000000;0.724775;9841;0.850662;62
42;0000001010100000011010000100000000010000000;0.871999;11840;0000001000100000001010000101000000110000000;0.725438;9850;0.854187;71
43;0000001010100000011010000100000000010000000;0.871999;11840;0000001010000000010010000110000100010000000;0.791501;10747;0.852252;66
44;0000001010100000011010000100000000010000000;0.871999;11840;0000001010100000000000000111000100010000000;0.797982;10835;0.853862;66
45;0000001010100000011010000100000000010000000;0.871999;11840;0000001000100000000010000111000000110000000;0.718884;9761;0.850896;57
46;0000001010100000101010000100000000010000000;0.881205;11965;0000001000100000010010000111000000010000000;0.743703;10098;0.852145;58
47;0000001010100000101010000100000000010000000;0.881205;11965;0000001110100000000010000010000010010000000;0.757549;10286;0.849662;61
48;0000001010100000101010000100000000010000000;0.881205;11965;0000001000100000001010000110000100010000000;0.725806;9855;0.850295;52
49;0000011010100000001010000100000000010000000;0.885256;12020;0001001010100001001010000000000000010000000;0.782295;10622;0.854064;52
50;0000011010100000001010000100000000010000000;0.885256;12020;0000011000100000010010000111000000000000000;0.763883;10372;0.854137;50
=============================================
geração;melhor;fitness;cobertura;pior;fitness;cobertura;média;ind_repetidos
0;0000000010100000000100101100000100000000010;0.770217;10458;0000000001001000000000011010000001000000101;0.0856533;1163;0.285545;1
1;0000000010100000000110001110000000010000000;0.825895;11214;0001000000000100100000100000011001000000010;0.0702607;954;0.4711;1
2;0000000110100001000010000100000100010000000;0.835322;11342;0000100000001101000000000011000000010100000;0.15422;2094;0.631801;2
3;0000001010100001000010000100000100010000000;0.846443;11493;0000000001000100010010000010000010010100000;0.197967;2688;0.721539;6
4;0000000110100000000010000111000100000000000;0.855428;11615;0000000000100010010010000101000011000000000;0.508838;6909;0.759907;12
5;0000001010100000000010001011000100000000000;0.860215;11680;1000000000000010011010000011000100000000000;0.384961;5227;0.783285;13
6;0000001010100001000010001100000000010000000;0.878848;11933;0000001000000001000000000111000100010100000;0.589557;8005;0.799464;16
7;0000001010100001000010001100000000010000000;0.878848;11933;0000000010000011000000000101000100000101000;0.69782;9475;0.809696;18
8;0000001010100000000010001100000000110000000;0.865665;11754;0000001000100000000010100010000100110000000;0.568935;7725;0.813896;27
9;0000001010100000000010001100000000110000000;0.865665;11754;0000001000100010000010001000000100011000000;0.671969;9124;0.829353;39
10;0000001010100000000010001100000000011000000;0.884887;12015;0000001000100010000010001000000100110000000;0.683164;9276;0.830401;43
11;0000001010100000000010001100000000011000000;0.884887;12015;0000001100100000000010000110010100000000000;0.742672;10084;0.831686;39
12;0000001010100000000010001100000000011000000;0.884887;12015;0000001010100010000010100010000100000000000;0.74989;10182;0.838974;48
13;0000001010100000000010001110000100000000000;0.870231;11816;0000001000000001000010000111000000110000000;0.716895;9734;0.836218;37
14;0000001010100000000010001110000100000000000;0.870231;11816;0000101000100000000010001100000000110000000;0.757623;10287;0.840035;48
15;0000001010100000101010000100000000010000000;0.881205;11965;0000010000100000000010000111000000110000000;0.721977;9803;0.842685;54
16;0000001010100000000010001100000000110000000;0.865665;11754;0000001000100000010010000101000000110000000;0.743187;10091;0.844927;61
17;0000001010100000000010001100000100010000000;0.863898;11730;0000001000100000100011000100000000110000000;0.750921;10196;0.84724;61
18;0000001010100000100010000101000000010000000;0.864118;11733;0000001000100001000010000100000100110000000;0.767933;10427;0.852054;70
19;0000001010100000000010001100000000110000000;0.865665;11754;0010001000100000000010000101000000110000000;0.734792;9977;0.849832;66
20;0000001010100000100010000101000000010000000;0.864118;11733;0000001000100000000010000101000100110000000;0.717484;9742;0.849445;68
21;0000001010100000100010001100000000010000000;0.889012;12071;0000001000100000000010000101010000110000000;0.715201;9711;0.847696;64
22;0000001010100001001010000100000000010000000;0.871483;11833;0010001000100000000010000100000100110000000;0.701797;9529;0.849994;65
23;0000001010100000100010001100000100000000000;0.882162;11978;0100001010100000000010000100000000010000010;0.805641;10939;0.850708;56
24;0000001010100000100010001100000100000000000;0.882162;11978;0000001000100000000010000101000000111000000;0.742304;10079;0.851653;61
25;0000001010100000100010001100000100000000000;0.882162;11978;1000001110100000000010000010000000010000000;0.747975;10156;0.845208;53
26;0000001010100000000010001100000000010000010;0.871336;11831;0000001000100000000010000111010000100000000;0.713654;9690;0.845816;47
27;0000011010100000001010000100000000010000000;0.885256;12020;0000001110100000000010001000000000110000000;0.794742;10791;0.847457;50
28;0000011010100000001010000100000000010000000;0.885256;12020;0000001110100000000000000100000100110000000;0.754308;10242;0.845043;46
29;0000001010100000000010001110000000010000000;0.870673;11822;0000001000110000000010000101000000110000000;0.725291;9848;0.842989;51
30;0000001010100000100010001100000000010000000;0.889012;12071;0010001110110000000000000101000000000000000;0.748417;10162;0.846247;47
31;0000001010100000000010001100100000010000000;0.870379;11818;0000000100100000000010000111000000110000000;0.714391;9700;0.847601;60
32;0000001010100000000010001100000000110000000;0.865665;11754;0000001000100000000010000111000000110000000;0.718884;9761;0.850688;65
33;0000001010100000000010001100000000110000000;0.865665;11754;0000001000100000000010100101000000110000000;0.729489;9905;0.854501;75
34;0000001110100000000010001100000000010000000;0.8692;11802;0100001000100000000010000101000000110000000;0.719104;9764;0.851067;69
35;0000001010100000000010001100000000110000000;0.865665;11754;0000001000100000000010000111000000010000001;0.718736;9759;0.852401;75
36;0000001010100000000010001100000000110000000;0.865665;11754;0000001000100000000010000100000000110000011;0.696494;9457;0.85096;74
37;0000001010100000100010001100000000010000000;0.889012;12071;0000001010100000000010000001000010110000000;0.793931;10780;0.853805;73
38;0000001010100000100010001100000000010000000;0.889012;12071;0000000010100100000010000101100000010000000;0.771616;10477;0.856583;75
39;0000001010100001000010001100000000010000000;0.878848;11933;0000001000100000100010000101000000110000000;0.761894;10345;0.85321;69
40;0000001010100001000010001100000000010000000;0.878848;11933;0000001000110000000010001100000000110000000;0.731477;9932;0.853127;70
41;0000001010100000100010001100000000010000000;0.889012;12071;0000001000100000000010000100001000110100000;0.716748;9732;0.847987;54
42;0000001010100000000010001100000000110000000;0.865665;11754;0000001000100000000010001101000100010000000;0.722934;9816;0.847534;64
43;0000001010100000000010001100000000110000000;0.865665;11754;0010001000100000000010000101000000110000000;0.734792;9977;0.85084;68
44;0000001010100000000010001100000000010100000;0.887244;12047;0000001000100000000011000111000000010000000;0.730815;9923;0.847575;65
45;0000001010100000000010001100000000110000000;0.865665;11754;0000001000100000000010000111000000110000000;0.718884;9761;0.845958;66
46;0000001010100000000010001100000000110000000;0.865665;11754;0010001010100000000000000100000100110000000;0.755855;10263;0.845433;61
47;0000001010100000010010001100000000100000000;0.871557;11834;0000001000001000100010001100000000110000000;0.627854;8525;0.849351;69
48;0000001010100000010010001100000000100000000;0.871557;11834;0010001000100000000010001100000000110000000;0.739873;10046;0.846836;65
49;0000001010100000000010011100000000010000000;0.871189;11829;0000001000100000000010010101000100010000000;0.73376;9963;0.84885;70
50;0000001010100000000010001100000000110000000;0.865665;11754;0000001000100000000010001101000100100000000;0.721608;9798;0.850414;75
=============================================
geração;melhor;fitness;cobertura;pior;fitness;cobertura;média;ind_repetidos
0;0000001010000100000000011111000000000000000;0.733392;9958;0001100000010000000000000010100000000101001;0.0666519;905;0.321653;1
1;0000001010000100000010011100000000100000000;0.804021;10917;0000000001100100000100000000001101000001000;0.119458;1622;0.505982;1
2;0000000110100010000000000111000100000000000;0.815437;11072;0101000100010000000000000000011000010000010;0.153925;2090;0.636373;1
3;0000001010100000000010000101000100010000000;0.858079;11651;0010000000000011001010000001000100100000000;0.393578;5344;0.732585;4
4;0000001010100000000010000111000000100000000;0.858374;11655;1000000100100011000010000010000000010000000;0.572617;7775;0.770239;7
5;0000001010100001000010000100000100010000000;0.846443;11493;0000000100000100000010001101000000110000000;0.615334;8355;0.780029;10
6;0000000110100000000010000111000100000000000;0.855428;11615;0000000110000000010000000011000100100000010;0.656798;8918;0.792543;10
7;0000001010100000000010000101000100010000000;0.858079;11651;0000000000000110010010000110000100010000000;0.662984;9002;0.796337;9
8;0000011010100000000010000110000000010000000;0.861541;11698;0000000010100010010000000011010100000000000;0.703417;9551;0.809162;16
9;0000001010100001000010001100000000010000000;0.878848;11933;0000001000000000000010001101001100010000000;0.608926;8268;0.814249;21
10;0000001010100000000010001100000000011000000;0.884887;12015;0000000110000001000010001010000000110000000;0.678671;9215;0.824668;28
11;0000001010100001000010001100000000010000000;0.878848;11933;0000000010100001000010000010000000110001000;0.686184;9317;0.827859;30
12;0000001010100001000010001100000000010000000;0.878848;11933;0000000110100010000010000000001100010000000;0.7289;9897;0.832822;31
13;0000001010100001000010001100000100000000000;0.871999;11840;0000000100100000000010000111000100100000000;0.712402;9673;0.840767;36
14;0000001010100000000010001100100000010000000;0.870379;11818;0000001000100000000010000111000100010000000;0.716969;9735;0.842145;39
15;0000001010100000000010001100100000010000000;0.870379;11818;0000001000100001000010000101100000001000000;0.737001;10007;0.838578;33
16;0000001010100000000010001100100000010000000;0.870379;11818;0000001000100000000010001100100100010000000;0.73295;9952;0.836756;33
17;0000001010100000000010001100100000010000000;0.870379;11818;0000001100100000000010000111000000100000000;0.748196;10159;0.83826;32
18;0000001010100000000010001110000000010000000;0.870673;11822;0000001001100001000010001000001100000000000;0.579025;7862;0.842631;43
19;0000001010100000000010001110000000010000000;0.870673;11822;0000001000100000000010000111000100010000000;0.716969;9735;0.844866;45
20;0000001010100000010010001110000000000000000;0.877817;11919;0000001000100000000010000110110000010000000;0.721019;9790;0.848406;43
21;0000001010100001000010001100000100000000000;0.871999;11840;0000001000100000000010000101000100110000000;0.717484;9742;0.848733;49
22;0000001010100001000010001100000000010000000;0.878848;11933;0000001000100000000010001111000000100000000;0.728531;9892;0.851122;53
23;0000101010100000000010001100000000010000000;0.879806;11946;0000000011100000000010000100000100110000000;0.7711;10470;0.852293;50
24;0000001010100000010010001100000000010000000;0.880616;11957;0000001000100000000010000101000000110000001;0.717263;9739;0.850262;48
25;0000001010100000000010001100000000010000100;0.872809;11851;0000001100100000000010000100000100110000000;0.717042;9736;0.851882;45
26;0000011010100000000010001100000100000000000;0.88172;11972;0000001000100010000010011000000100010000000;0.654515;8887;0.842545;36
27;0000001010100001000010001100000100000000000;0.871999;11840;0000001000100001000010000100000100110000000;0.767933;10427;0.84881;36
28;0000001010100001001010000100000000010000000;0.871483;11833;0000001000100000000010000111000100010000000;0.716969;9735;0.847057;43
29;0000001010100000010010001100000000010000000;0.880616;11957;0000001000100000100010000111000000010000000;0.764546;10381;0.849724;44
30;0000001010100000000010001100000000010100000;0.887244;12047;0000000000100001000010001110000000110000000;0.761526;10340;0.850173;46
31;0000011010100000000010001110000000000000000;0.887981;12057;0000000100100000000010001101000000110000000;0.721167;9792;0.84677;43
32;0000001010100000010010001100000000010000000;0.880616;11957;0000001010100000000000000111000100010000000;0.797982;10835;0.851965;47
33;0000001010100000000010001100000000010100000;0.887244;12047;0100001010100010000010001010000000000000000;0.747165;10145;0.84963;53
34;0000001010100000000010001100000000010100000;0.887244;12047;0000001010000011000010100100000001000000000;0.713581;9689;0.845723;44
35;0000001010100000000010001100000000010100000;0.887244;12047;1000001010100001000010001010000000000000000;0.760937;10332;0.852748;57
36;0000001010100000000010001100000000010100000;0.887244;12047;0000001000000001000010000100000100110100000;0.719031;9763;0.850895;50
37;0000001010100000000010001100000000010100000;0.887244;12047;1000001010100001001000000000000000110000000;0.712108;9669;0.850308;56
38;0000001010100000000010001100000000010100000;0.887244;12047;0000001010100001000000000100000100110000000;0.766902;10413;0.847578;50
39;0000001010100001000010001100000000010000000;0.878848;11933;0000000110000000000010000110000100010000010;0.746281;10133;0.851357;64
40;0000001010100001000010001100000000010000000;0.878848;11933;0000001000100100001010000100000001010000000;0.738769;10031;0.851397;55
41;0000001010100000000010001100000000011000000;0.884887;12015;0010001000100100001010000100000000010000000;0.748785;10167;0.853316;58
42;0000001010100001000010001100000000010000000;0.878848;11933;0000001000100000000010001110000000010001000;0.746575;10137;0.852844;65
43;0000001010100000100010001100000000010000000;0.889012;12071;0000001010100010000000000100000000110100000;0.791501;10747;0.85378;63
44;0000001010100000100010001100000000010000000;0.889012;12071;0010001000100000000010001100000100010000000;0.738106;10022;0.855726;66
45;0000001010100000100010001100000000010000000;0.889012;12071;0000001010100001000010001000000000010000010;0.782589;10626;0.85669;62
46;0000001010100000100010001100000000010000000;0.889012;12071;0000001000000001000010001100000000110000100;0.738916;10033;0.856185;61
47;0000001010100000100010001100000000010000000;0.889012;12071;0000001010100001000010000000000101010000000;0.767271;10418;0.857306;58
48;0000001010100000100010001100000000010000000;0.889012;12071;1000001000100001001010000100000000010000000;0.791575;10748;0.8578;58
49;0000001010100000100010001100000000010000000;0.889012;12071;0000000010100001010010001000000000110000000;0.659596;8956;0.855077;59
50;0000001010100000100010001100000000010000000;0.889012;12071;0000001010000001000010000110000000110000000;0.795625;10803;0.860555;69
=============================================
geração;melhor;fitness;cobertura;pior;fitness;cobertura;média;ind_repetidos
0;0000000010010110010000000100000100100000000;0.732214;9942;0001000001010000000000000000101010010000100;0.0795404;1080;0.283653;1
1;0000000010100000001010000110000000110000000;0.812343;11030;0100010000000001001000000010001000010000010;0.125718;1707;0.499937;2
2;0000000110100000000010000110000000110000000;0.821255;11151;0001000100110000000000000000110001001000000;0.178598;2425;0.621001;2
3;0000101010100000010010000010010000000000000;0.827662;11238;0100100000010001000010000000001000110000000;0.247238;3357;0.70649;3
4;0000001010100000000010001100000100010000000;0.863898;11730;0100000100000000001000101001000100010000000;0.515245;6996;0.737536;2
5;0000001010100000000010001100000000110000000;0.865665;11754;0000000000100011000000001101010000000000100;0.490868;6665;0.75483;3
6;0000001010100000000010001100000100100000000;0.862572;11712;0010000110000011000000000001000100000100000;0.633009;8595;0.775527;13
7;0000001010100000000010001100000100100000000;0.862572;11712;1000001000000000000010001110000000110000000;0.611578;8304;0.784562;14
8;0000001010100000001010000110000000010000000;0.868022;11786;0000000110000010000010000010000100110000000;0.650317;8830;0.795527;17
9;0000001010100000001010000110000000010000000;0.868022;11786;0000001100000110000000001100000100010000000;0.696347;9455;0.807282;16
10;0000001010100000001010000110000000010000000;0.868022;11786;0100001000101000000010000110000000000001000;0.653925;8879;0.816205;20
11;0000001010100000000010001110000000010000000;0.870673;11822;0000000010100010000110000011000000010000000;0.74304;10089;0.825123;27
12;0000001010100001000010001100000100000000000;0.871999;11840;0000001000100000001010000110000000110000000;0.727721;9881;0.830211;33
13;0000001010100001000010001100000100000000000;0.871999;11840;0000001010100010000010000000000100011000000;0.777876;10562;0.838471;44
14;0000001010100001000010001100000100000000000;0.871999;11840;0000001000100001000000000110000000110001000;0.703933;9558;0.839584;46
15;0000001010100001000010001100000100000000000;0.871999;11840;0000001000100000000010000101000100011000000;0.744808;10113;0.843471;43
16;0000001010100001000010001100000100000000000;0.871999;11840;0000001000100000001010001110000000010000000;0.730594;9920;0.84201;37
17;0000001010100001000010001100000000010000000;0.878848;11933;0000001010100001000010001000000100000010000;0.759169;10308;0.844187;42
18;0000001010100000000010001100000000011000000;0.884887;12015;0000001000100001000010000100000000110010000;0.778392;10569;0.847174;38
19;0000011010100000000010001110000000000000000;0.887981;12057;0000101010000000000000001101000100100000000;0.730594;9920;0.845454;33
20;0000011010100000000010001110000000000000000;0.887981;12057;0001001000100000000010000101000100010000000;0.736265;9997;0.841873;30
21;0000001010100000100010001110000000000000000;0.884814;12014;0000001000100000000010001101000100010000000;0.722934;9816;0.839349;33
22;0000011010100000000010001100000000010000000;0.888643;12066;0000001001100011000000000011000000010000000;0.667182;9059;0.843687;39
23;0000001010100000000010001110000000010000000;0.870673;11822;0000001000100000000010001110000000110000000;0.73052;9919;0.845379;49
24;0000001010100001000010001110000000000000000;0.875313;11885;0000001000100001100010000010001000010000000;0.607969;8255;0.845;52
25;0000001010100001000010001110000000000000000;0.875313;11885;0000001000100100000010001010000100010000000;0.609368;8274;0.844554;53
26;0000001010100001000010001110000000000000000;0.875313;11885;0000001000100000000010000111000100010000000;0.716969;9735;0.845452;48
27;0000101010100000000010001110000000000000000;0.879143;11937;0000001000100000000010000111000100010000000;0.716969;9735;0.848231;48
28;0000011010100000000010001110000000000000000;0.887981;12057;0000001000100000000010000111010100000000000;0.714317;9699;0.846425;50
29;0000011010100000000010001110000000000000000;0.887981;12057;0000001000100000000010000101001000110000000;0.715569;9716;0.845091;43
30;0000011010100000000010001110000000000000000;0.887981;12057;0010001000100000000010000101000100010000000;0.73295;9952;0.850154;46
31;0000001010100000100010001110000000000000000;0.884814;12014;0000001000100000000011001110000000010000000;0.741494;10068;0.852097;54
32;0000011010100000000010001110000000000000000;0.887981;12057;0000001010100010000010000110000001000000000;0.799971;10862;0.850699;46
33;0000001010100000100010001100000000010000000;0.889012;12071;0000001000100000000010001110000001010000000;0.733687;9962;0.854509;57
34;0000001010100000100010001100000000010000000;0.889012;12071;0000001110100000000010000011000000010000000;0.797025;10822;0.85796;60
35;0000001010100000100010001100000000010000000;0.889012;12071;0000001010000000000010001110010100000000000;0.794962;10794;0.853684;45
36;0000001010100000100010001100000000010000000;0.889012;12071;0000001010100000100010000000000110010000000;0.780896;10603;0.852054;46
37;0000001010100000100010001100000000010000000;0.889012;12071;0000001010100010000000000110000100010000000;0.762042;10347;0.850388;38
38;0000001010100000100010001100000000010000000;0.889012;12071;0000001010100001000010001000000010010000000;0.781853;10616;0.852749;43
39;0000001010100000100010001100000000010000000;0.889012;12071;0000001100100001000000000111000000010000000;0.758285;10296;0.852868;53
40;0000001010100000100010001100000000010000000;0.889012;12071;0000001000100000000010001111000000010000000;0.729636;9907;0.849799;47
41;0000001010100000100010001100000000010000000;0.889012;12071;0000000010100001000010100101000000010000000;0.785167;10661;0.85897;63
42;0000001010100000100010001100000000010000000;0.889012;12071;0000001010100001000000000110000000110000000;0.769996;10455;0.857301;58
43;0000001010100000100010001100000000010000000;0.889012;12071;0000001000100000011010000100000000010000010;0.744955;10115;0.863704;63
44;0000001010100000100010001100000000010000000;0.889012;12071;0000001000100000000010000111000000110000000;0.718884;9761;0.860294;55
45;0000001010100000100010001100000000010000000;0.889012;12071;0000001110100001000000100100000000010000000;0.767565;10422;0.85697;56
46;0000001010100000100010001100000000010000000;0.889012;12071;0000001100100000000010000111000000100000000;0.748196;10159;0.856249;50
47;0000001010100000100010001100000000010000000;0.889012;12071;0000000010101010100010000110000000000000000;0.744366;10107;0.856198;43
48;0000001010100000100010001100000000010000000;0.889012;12071;0000000010100011000010000101000000010000000;0.784946;10658;0.856013;43
49;0000001010100000100010001100000000010000000;0.889012;12071;0000001100100000000010001100000000110000000;0.75556;10259;0.852874;42
50;0000001010100000100010001100000000010000000;0.889012;12071;0000001000100000000011000101000000110000000;0.730741;9922;0.853319;47
=============================================
