geração;melhor;fitness;cobertura;pior;fitness;cobertura;média;ind_repetidos
0;0000101001000001001100010000010011100100100100;0.124342;1228;0010100010010000100100110001000001000110010001;0.00202511;20;0.0337556;1
1;0000000000001011000100000010110010101011100100;0.157351;1554;1100001001000100100000101000010001001010000101;0.00202511;20;0.0460855;2
2;0000001100100110000110000000011001100100000110;0.296679;2930;1001100100001100100000100010000001001101001000;0.00405022;40;0.0641555;1
3;0000001100100110000110000000011001100100000110;0.296679;2930;0111001000110101000000001000000001010001001010;0.00769542;76;0.0814854;3
4;0000001100100110000110000000011001000000011110;0.291717;2881;0000001001000001110110010000011110001000000010;0.0331106;327;0.0949737;5
5;0000100000000110010110001000011001000000011110;0.185298;1830;1000100001000001000100010000010011101010001100;0.0131632;130;0.0997509;2
6;0001100101000011001100000110011000000000100010;0.196841;1944;0000101011000101010000001010100001000000001101;0.0275415;272;0.109982;2
7;0000000100100110000100000110010010100100010110;0.301033;2973;0000110100000101101001100100011001000000001000;0.0166059;164;0.122748;5
8;0000000100100110000100000110010010110000100110;0.34761;3433;0100011000001011000001000010100001000001111000;0.0417173;412;0.136152;1
9;0000000100100110000100000110010010110000100110;0.34761;3433;0000010100100100000110000000001110100101100010;0.0511341;505;0.150116;4
10;0000000100100110000100000110010010110000100110;0.34761;3433;0001000101100011010101000000000000100001110100;0.0514378;508;0.16587;4
11;0000100000100111000110000100110000000000101110;0.36938;3648;0001001000100011000101100110000010010001100000;0.0284528;281;0.183509;7
12;0000000100000111000101000110110001000000100110;0.409275;4042;0000011101010001000100000000001101000000101110;0.0571081;564;0.209454;8
13;0000000100000111000101000110110001000000100110;0.409275;4042;0010001100001010011110001000011000000000101000;0.101053;998;0.242297;8
14;0000100000000111000101000110110001000000100110;0.41292;4078;0000011000101111100000100000010000000000111100;0.0891049;880;0.264562;11
15;0000100100000110000101100010010000000100101110;0.415047;4099;0000001100010001000100001100111000001100000110;0.108141;1068;0.301534;21
16;0000100100000110000101100010010000000100101110;0.415047;4099;0100000100100110001100001010000010000100100110;0.115026;1136;0.314866;12
17;0000100000000110000101000110010000010110100110;0.422033;4168;0000100110000011000100000110000001000100110110;0.119785;1183;0.314061;6
18;0000100100000110000101000110010000011000100110;0.43388;4285;0000001000000110000100010110000010100100100111;0.116241;1148;0.339735;10
19;0000101100000110010101000010010000010000100110;0.431956;4266;0000100000100110000111000110000000010100001110;0.103584;1023;0.340783;7
20;0000101100000110010101000010010000000100100110;0.436513;4311;0000110000100110000100000110010010000100010011;0.0676387;668;0.340497;7
21;0000101100000110010101000010010000000100100110;0.436513;4311;1000100000100110000101100100000000110000100110;0.100142;989;0.349438;16
22;0000100100000110010101000010010000011000100110;0.443601;4381;0010100100000011000101100100011000010100000010;0.0930539;919;0.365465;10
23;0000100100000110010101000010010000011000100110;0.443601;4381;0000101100000100010111100000010000000100101100;0.194816;1924;0.374439;12
24;0000100100000110010101000010010000011000100110;0.443601;4381;0000100100000010110100000110110000011100000100;0.151073;1492;0.38384;10
25;0000100100000110010101000010010000011000100110;0.443601;4381;0000100000100110000001000100010010011000100111;0.151073;1492;0.37465;13
26;0000100100000110011101000010010000000000110110;0.450182;4446;0000101000110010000101100100010100000000100101;0.123228;1217;0.395135;25
27;0000101100000110010101000010010000000000101110;0.465371;4596;0000001100000110010001000110010010010100100100;0.168591;1665;0.40656;25
28;0000101000000110010101000010010000010000101110;0.455853;4502;0000100000100110010101000011010000011000000110;0.199878;1974;0.412984;34
29;0000100100000110010101000010010000000100101110;0.458283;4526;0000001100001110010101000010000000011000110010;0.206156;2036;0.418597;41
30;0000101100000110010101000000010000001000101110;0.46294;4572;0000110110000110000101000010010000011000100010;0.230154;2273;0.421684;41
31;0000100000000110010101000100010000011000101110;0.471648;4658;0000100100010110010101001000000000011000100110;0.193297;1909;0.42255;51
32;0000100100000110010101000010010000001000101110;0.456764;4511;0000100100000110010101000010010100011000100100;0.243115;2401;0.422195;50
33;0000100100000110010101000010010000001000101110;0.456764;4511;0000101100000000010101000000010000001010101111;0.2339;2310;0.431191;57
34;0000100100000110010101000000010000011000101110;0.467396;4616;0000100100000110010101000010010000001010101100;0.239368;2364;0.427018;56
35;0000100100000110010101000000010000011000101110;0.467396;4616;0000100100000110100101100010000000001000101110;0.159984;1580;0.42597;56
36;0000100100000110010101000000010000011000101110;0.467396;4616;0000100100001010010101000010010000011000100110;0.254151;2510;0.426957;60
37;0000100100000110010101000000010000011000101110;0.467396;4616;0010100100000110010101000110000000000100101010;0.209802;2072;0.417512;54
38;0000100100000110010101000000010000011000101110;0.467396;4616;0000100100000110010001000010000000011010101110;0.192487;1901;0.429349;58
39;0000100100000110010101000000010000011000101110;0.467396;4616;0000100100001110010101000000000000101010101010;0.196031;1936;0.423036;57
40;0000100100000110011101000000010000001000101110;0.475597;4697;0000100100000110010100001000000000101010101110;0.164642;1626;0.444269;75
41;0000100100000110011101000000010000001000101110;0.475597;4697;0000100100000110010101000000010001010100101100;0.238659;2357;0.441968;79
42;0000100100000110011101000000010000000010101110;0.476812;4709;0000100100000110010101000000010000011000111010;0.275415;2720;0.447368;81
43;0000100100000110011101000000010000001000101110;0.475597;4697;0000100100100110010101000000000000011000101110;0.227116;2243;0.450686;83
44;0000100100000110011101000000010000001000101110;0.475597;4697;0000100100000110010101100000010000011000101100;0.231774;2289;0.454087;83
45;0000100100000110011101000000010000001000101110;0.475597;4697;0001100100000100011101000000010000011000101100;0.217193;2145;0.449924;84
46;0000100100000110011101000000010000001000101110;0.475597;4697;0000100100000110010101000001010000011000101100;0.233293;2304;0.454704;91
47;0000100100000110011101000000010000001000101110;0.475597;4697;0000100100000110010101100000010000011000101100;0.231774;2289;0.454957;90
48;0000100100000110011101000000010000001000101110;0.475597;4697;0000110100000110010101000000010000011000101100;0.232584;2297;0.456036;89
49;0000100100000110011101000000010000001000101110;0.475597;4697;0010100100000110010001000000010000011000101110;0.250405;2473;0.455541;89
50;0000100100000110011101000000010000001000101110;0.475597;4697;0000100100000110010101000000000010011000101110;0.22823;2254;0.458301;90
=============================================
geração;melhor;fitness;cobertura;pior;fitness;cobertura;média;ind_repetidos
0;0001011010000010010000000110110001100000100001;0.118165;1167;0010111010000001000001001001011110000100000000;0.0009113;9;0.0309579;1
1;0001000001000110001000000010110100010100100011;0.163629;1616;0010010010011011001001010000000000101000001100;0.00334143;33;0.0422529;3
2;0001000001000110001000000010110100010100100011;0.163629;1616;1110010000101000001000101000000001101100000100;0.00526529;52;0.0597458;2
3;0000100001000011010001000000110000000101111010;0.177906;1757;0000010001010100100000100110001100101010000010;0.0140745;139;0.0705701;1
4;0100000001010111000100000010010100010000101010;0.167983;1659;1000010000110101010000000110100000010001000101;0.0150871;149;0.0873562;1
5;1000101000000111000100000110101000000000010110;0.295565;2919;1010000000100011010010000100010011100000101000;0.0270352;267;0.106769;3
6;0000101000000111000100001110101000000000010110;0.335865;3317;0100100001000110110000010100000001101100100000;0.0224787;222;0.126145;5
7;0000001000100110001100000100111000000000100111;0.353989;3496;0010100001000001010000000110010110100001101000;0.0384771;380;0.139472;2
8;0000101000010110110100001000011000000000100110;0.360672;3562;1000000110001001010001001000010001000100101001;0.0617659;610;0.149036;2
9;0001101000000111000100001000110000000000100111;0.3548;3504;0010100000100100011000000011011001000110000010;0.0433374;428;0.157916;3
10;0000101000000111000100001110001000000000101110;0.356116;3517;0000100010010110100000011100010000000100101010;0.0761442;752;0.180067;6
11;0000101000000110001100000100110000000100101110;0.375962;3713;0000101001000111010000000100101000010001000110;0.0530579;524;0.191161;5
12;0001101000000110000100000100110000000100101110;0.365128;3606;0010001000100100001010001001010100000010000111;0.0294654;291;0.206174;4
13;0000100100000110110100000000110000010000101110;0.378493;3738;0010001011100100001100000010100000000001000111;0.0288578;285;0.23916;9
14;0000000100000110000101010100110000000100101110;0.408566;4035;0010011011000010000100000001110010000001000110;0.0665249;657;0.266272;7
15;0000000100000110000101010100110000000100101110;0.408566;4035;0001000100000110101010100101010000000001000110;0.081207;802;0.28447;10
16;0000000100000110000101010100110000100000101110;0.386493;3817;0000000100010010001100010101010000000110010110;0.0475901;470;0.302523;6
17;0000101000000110000101000100110000000100101110;0.418692;4135;0000101000010110001100010000000000001010010111;0.0469826;464;0.299523;5
18;0000101100000110100101000000010000000100101110;0.41535;4102;0000101000000111000110000100101000000001101010;0.131227;1296;0.318291;4
19;0000101100000110100101000000010000000100101110;0.41535;4102;1000101000100110100000000100100010000100101100;0.0534629;528;0.339529;7
20;0000100100000110010100000110010000000100101110;0.418489;4133;0000100110000000010011010100110010000000101100;0.077258;763;0.345969;10
21;0000001010000110010101000110010000000000101110;0.448765;4432;0000010100000111101100000100000000000010101110;0.140745;1390;0.350563;15
22;0000001010000110010101000110010000000000101110;0.448765;4432;0000110100000110001100000001000000001000101111;0.127278;1257;0.354521;8
23;0000001010000110010101000110010000000000101110;0.448765;4432;0000000100000110011100000101000010001000101110;0.131025;1294;0.36516;13
24;0000100100000110010101000100010000010000101110;0.456156;4505;0000101100001110110010000000000000000100101110;0.142062;1403;0.371603;17
25;0000100100000110010101000100010000010000101110;0.456156;4505;0000000100000110100101100110010000000100100011;0.183779;1815;0.374127;6
26;0000100100000110010101000100010000000000111110;0.460713;4550;0000100101000001010100000100110000000100001111;0.130113;1285;0.366765;11
27;0000101000000110010101000110010000000000101110;0.461017;4553;0000001110000110001100000000100000001100101110;0.172945;1708;0.386454;13
28;0000101000000110010101000110010000000000101110;0.461017;4553;0000100000000110010001000110010001100000100111;0.163426;1614;0.396528;22
29;0000100100000110010101000110010000000000101110;0.463548;4578;0000110000000111010100000110110000000000011100;0.13629;1346;0.411912;19
30;0000001000000111011101000100010000000000101110;0.464358;4586;0000101100000101010101000110000000000000111010;0.215674;2130;0.425397;21
31;0000100100000110010101000110010000000000101110;0.463548;4578;0000101000000110010001000100000100000101101110;0.167173;1651;0.425524;25
32;0000100100000110010101000110010000000000101110;0.463548;4578;0001101000000110010001000100000000100000111110;0.206055;2035;0.428755;28
33;0000100100000111010101000010010000000000101110;0.465168;4594;0000001000000110110101000110010000000100101010;0.263568;2603;0.44154;40
34;0000100100000110010101000110010000000000101110;0.463548;4578;0000001000000100010101000100010011000100101110;0.256784;2536;0.451007;61
35;0000100100001110010101000100010000000000101110;0.467294;4615;0000000000000111010101000100010000010100101110;0.284224;2807;0.453972;67
36;0000100000000110010101000110010000000000111110;0.468307;4625;0000101100000110010100000110010000000000101110;0.393682;3888;0.456626;68
37;0000100100001110010101000100010000000000101110;0.467294;4615;0001100100000110000101000110010000000000101110;0.392365;3875;0.458905;72
38;0000100100001110010101000100010000000000101110;0.467294;4615;0000001010001110010100000110010000000000101110;0.377177;3725;0.459353;79
39;0000100000000111010101000110010000000000101110;0.465269;4595;0000110100000110010101000110010000000000101100;0.381936;3772;0.459814;79
40;0000100000000110010101000110010000000000111110;0.468307;4625;0010100100001100000101000110010000000000101110;0.379506;3748;0.459969;85
41;0000100100000110011101000100010000000000101110;0.468003;4622;0000100100000110010100100110010000000000101110;0.383252;3785;0.45936;82
42;0000100100000110011101000100010000000000101110;0.468003;4622;0001100100000110000101000110010000000000101110;0.392365;3875;0.459676;80
43;0000100100000110011101000100010000000000101110;0.468003;4622;0000100100100110000101000110010000000000101110;0.388821;3840;0.461666;88
44;0000100100000110011101000100010000000000101110;0.468003;4622;0000100100000110000101000110010000000001101110;0.389125;3843;0.459935;87
45;0000100100000110011101000100010000000000101110;0.468003;4622;0000100000000111010111000110000000000000101110;0.246659;2436;0.454679;78
46;0000100100000110011101000100010000000000101110;0.468003;4622;1000100000000110110101000110010000000000101100;0.196233;1938;0.454755;77
47;0000100000000110011101000100010000001000101110;0.476104;4702;0000100100001110011101000010010000000000101100;0.215877;2132;0.456633;76
48;0000100000000111011101000100010000000000101110;0.470028;4642;0000100000000010011111000110010000000000101110;0.266302;2630;0.456879;72
49;0000100000000110011101000100010000000010101110;0.472458;4666;0000100000000110111101000100000010000000101110;0.197246;1948;0.454697;63
50;0000100000000111011101000100010000000000101110;0.470028;4642;0000100000000001010101000100010000100010101111;0.215269;2126;0.460327;75
=============================================
geração;melhor;fitness;cobertura;pior;fitness;cobertura;média;ind_repetidos
0;1000001100010011011010000000010000000000111010;0.108951;1076;0100011001000101010000001100000000100011001001;0.000708789;7;0.0324453;1
1;0100101100000100000000110100010101000000100011;0.130923;1293;0011000110010000100011101011000000000100000010;0.00303767;30;0.0429263;1
2;0100101100001100000000100110010000000010001110;0.251721;2486;0000100111010010000001010000001110000010000011;0.00435399;43;0.0552643;5
3;0100000000000000011111010000011100010000101010;0.172033;1699;0011001000000001010001110010001100001010000001;0.0231875;229;0.0705751;2
4;0100101100000100000100000000011000110000100111;0.321284;3173;1010001001000001001000100101000001001010100010;0.00445525;44;0.0798501;1
5;0100001100000100000100000010011000110000100111;0.196638;1942;0111001000000100100001110000010101000000010010;0.0200486;198;0.0933809;2
6;0000100000000100011100010000010000001110100111;0.221041;2183;0000101110001010000000010000011011010000011000;0.0326043;322;0.11039;2
7;0000000000000100010101000000011110110001100110;0.206156;2036;1011000101000101000101101000000001001000000010;0.022985;227;0.126667;3
8;0100100100001010110100000000010000010000100111;0.205853;2033;1001010001100100000100000010011100101000010000;0.0285541;282;0.142362;7
9;0000100100000110010100000001011001100000000111;0.314297;3104;0001000001010011011000000000011000110110100000;0.0512353;506;0.149617;4
10;0100001100000110001100000010011000110000000110;0.310753;3069;0000100001010010010110000010001001010000000111;0.0399959;395;0.159518;5
11;0100001100000110001100000001010000100100100110;0.331106;3270;0001100001001010110111000000010000000010100001;0.0785743;776;0.173075;6
12;0100101100000110001100000000010000100100100110;0.373431;3688;0100110110000100000000000000111101010000001010;0.0604496;597;0.180113;6
13;0100101100000110001100000000010000100001100110;0.375658;3710;0000000000010111001100010000000010001100101110;0.101053;998;0.192395;7
14;0100101100000110001100000000010000001100100110;0.39996;3950;1000100000001100001100100000000000110100100111;0.0441474;436;0.182625;5
15;0100101101000110001100000000010000000100100110;0.373127;3685;0100000000010110001100000010010100001001010110;0.120292;1188;0.194497;7
16;0000100100010110000100001000010100010000101110;0.373329;3687;0100000000001110000100001000011000001111000110;0.0876873;866;0.194789;7
17;0000100100010110001101000010010001000000100110;0.388923;3841;0011100000000100001101100010000100100001100010;0.0738153;729;0.200811;6
18;0000110100000110001101000010010001000000100110;0.38548;3807;0100000100001010001100010110100000011010000010;0.0727015;718;0.211782;7
19;0000100100000110001101000010010001100000100110;0.385682;3809;0000001000000100001100000110011100110010000110;0.113305;1119;0.238056;12
20;0000100100000110010101000010010010000100100110;0.424767;4195;0001000010010100000101000100011100110000000110;0.0713852;705;0.238682;4
21;0000100100000110000101000010010010000100110110;0.411199;4061;0000001110000011000110010000010100110000000110;0.0898137;887;0.260296;9
22;0000100100000110000101000010010000011000110110;0.425881;4206;0000110100000110001001000000010100001011000110;0.111685;1103;0.271208;10
23;0000100100000110010101000010010000000100011110;0.426083;4208;0000110100010010001101000010100000001100100100;0.114115;1127;0.288442;8
24;0000100100000110010101000110010000000100100110;0.439044;4336;0000100100010110000000001010010010000100001111;0.100243;990;0.298675;11
25;0000100100000110010101000110010000000100100110;0.439044;4336;0000001100000110101100101000010000001110000010;0.0943702;932;0.315051;22
26;0000100100000110010101000010010000000100110110;0.446233;4407;0001100100001110010000001000010100000100001110;0.155022;1531;0.344992;17
27;0000100100000100010101000110010100000000110110;0.441272;4358;0000100100000101010100001000010010000110010110;0.150871;1490;0.360413;14
28;0000100100000110001101000000010000011010100110;0.440968;4355;0000100100000100010101000110000100000010100111;0.160389;1584;0.364405;15
29;0000100000000110010101000110010000000100110110;0.45808;4524;0000100100010110000001011000110000100000110010;0.153098;1512;0.385339;18
30;0000100100000110010101000110010000000000101110;0.463548;4578;0000000100001010010111000110010011000100000100;0.0928514;917;0.372252;17
31;0000100100000110010101000110010000000000101110;0.463548;4578;0000100100000100001101000110010010001100001100;0.122722;1212;0.373245;17
32;0000100100000110010101000110010000000000101110;0.463548;4578;0000101000100010000101100110000010000000110110;0.115128;1137;0.388163;27
33;0000100100000110010101000110010000000000101110;0.463548;4578;0000100100000110010111000110000011000000100010;0.149858;1480;0.412444;35
34;0000100100000110010101000110010000000000101110;0.463548;4578;0000000100000110010101000110010010000100110100;0.22823;2254;0.421434;37
35;0000100100000110010101000110010000000000101110;0.463548;4578;0000100000000110010101100110000001000100100110;0.207574;2050;0.430552;40
36;0000100100001110010101000100010000000000101110;0.467294;4615;0000100000000010010101010110010100000100100110;0.231571;2287;0.432829;44
37;0000100100001110010101000100010000000000101110;0.467294;4615;0000100000000110010101000110010000000110101100;0.237343;2344;0.430133;41
38;0000100000000110011101000100010000000100101110;0.467902;4621;0001110000000100010001000110010000000100101110;0.214257;2116;0.432257;36
39;0000100100000110011101000100010000000000101110;0.468003;4622;0000100001000110010101000110010000000000101101;0.198258;1958;0.42722;43
40;0000100000000110011101000100010000001000101110;0.476104;4702;0000010100000110010001010100010000000100101110;0.225192;2224;0.444957;51
41;0000100000000110011111000100010000000000101110;0.477116;4712;0000100000001110010101000100010010000100101100;0.232382;2295;0.443412;56
42;0000100000000110011111000100010000000000101110;0.477116;4712;0010100000000110000101000110010000000100101011;0.215978;2133;0.448697;66
43;0000100000000110011101000100010000001000101110;0.476104;4702;0000100000100110010001000110010000000100101110;0.240583;2376;0.450366;63
44;0000100000000110011101000100010000000000111110;0.469725;4639;0000100000000110010001000110010001000100101110;0.248785;2457;0.448433;62
45;0000100000000110011101000100010000000000111110;0.469725;4639;0000100000000110010101000111000001000000101110;0.231268;2284;0.445524;66
46;0000100000000110011101000100010000000000111110;0.469725;4639;0000100000000110010101000110000000000001111110;0.234305;2314;0.454006;78
47;0000100000000110011101000100010000000000111110;0.469725;4639;0000100000000110010101010110010000000100101010;0.268631;2653;0.45833;81
48;0000100000000110011101000100010000000000111110;0.469725;4639;0000100000100110010101000110010000000000111010;0.271567;2682;0.464246;90
49;0000100000000110011101000100010000000000111110;0.469725;4639;0000100000000110010001000110010000000001111110;0.250304;2472;0.464987;94
50;0000100000000110011101000100010000000000111110;0.469725;4639;0000100000000110010101000110010000100000111100;0.25729;2541;0.458072;89
=============================================
geração;melhor;fitness;cobertura;pior;fitness;cobertura;média;ind_repetidos
0;0000000000000101000001100011001011000001100111;0.104597;1033;0001000010010001110010000100101010101000000001;0.0018226;18;0.0317467;1
1;0000000100110010000010010011110100001000100010;0.119077;1176;0100001000010100100111100010000000101101000000;0.0027339;27;0.0401559;1
2;0000110010000110000110000010010000010000110101;0.150263;1484;1111000000001100100100001000000001010010000110;0.00607533;60;0.0502693;1
3;0000000100000010011110001001110000101000100100;0.146517;1447;0010111000100001011011010001000000000100000001;0.0018226;18;0.0589935;2
4;0000000101001100000111000000110000010010100110;0.194512;1921;1010001000001000000011001010000000000111100101;0.009113;90;0.0724615;2
5;0001000000100110000101000100110000010010100110;0.23552;2326;0101010000000010000100100111000000101001010100;0.0100243;99;0.0868175;2
6;0000000100001100001111000000110000010100110010;0.210207;2076;1100000000001110000010000000100111001110000001;0.0313892;310;0.10111;3
7;0001101100100000010100000100010000010010100110;0.315816;3119;0101010000010010011010001001010001010000000010;0.00860672;85;0.118803;3
8;0010101100100000000111000100010000000010000111;0.258303;2551;1010111100000000100100000001110000111000000000;0.0384771;380;0.129785;8
9;1000000100001010011101000100010000000000101110;0.257493;2543;0001001100100000000111000100110100100100000001;0.0231875;229;0.13663;3
10;0000001100100100010101000100010000001100100110;0.415452;4103;1110000000010100000110000100000000010100100111;0.0300729;297;0.153164;3
11;0000100000000110010101100100110000000000101110;0.453929;4483;1000000100001010011101000100100000101000100100;0.0752329;743;0.179717;5
12;0000100100001110011111000000010000000000100110;0.435601;4302;0000011100000100100101100000001100100010100100;0.0358445;354;0.189943;2
13;0000100100001110011101001000010000000000100110;0.409478;4044;1000001000010100001100001010110000001000001011;0.0763467;754;0.192595;1
14;0000100100001110011101000000010000000010100110;0.427299;4220;0010001100001110011100000100010000001001001000;0.0547793;541;0.206697;2
15;0000100100001110011100000100010000001000100110;0.402491;3975;0001001100100100001111000000000010000010001110;0.0572094;565;0.22741;2
16;0000100100001110010101000110010000000000110010;0.445018;4395;0001001100010100011011000000010101000010000010;0.0573107;566;0.240758;3
17;0000100100001110011101000000010000000010001110;0.444107;4386;1000100000000100011100000100010100000010101011;0.126873;1253;0.2441;2
18;0000100100000110010111000010010000000000110110;0.440462;4350;1001000000001110000101000100110100000000010011;0.0989267;977;0.256529;8
19;0000100100010100010101000110010000000000101110;0.451397;4458;0000100000010100011111001000010000100100000110;0.129202;1276;0.285329;8
20;0000100000000110010101000110010000010000110110;0.45322;4476;0000100100000110011011001000010000000001110100;0.128291;1267;0.311669;7
21;0000100100001100010101000110010000000000101110;0.455346;4497;0110100000000001011100000100110000001000100110;0.167477;1654;0.350023;10
22;0000100100000110010101000110010000000000110110;0.457068;4514;0000000100001010011000000111010000001010100110;0.128493;1269;0.363431;5
23;0000100100000110010101000110010000000000110110;0.457068;4514;0000100100001100000111000100010111000000100010;0.163224;1612;0.368983;18
24;0000100100000110010101000100110000000000101110;0.460207;4545;0001101100000100010101000110000100100000001100;0.125861;1243;0.36551;11
25;0000101100000110010101000010010000000000101110;0.465371;4596;0011100100001100000001000100010100000000110110;0.172539;1704;0.374793;11
26;0000101100001110010101000000010000000000101110;0.467598;4618;0000000100001110010001000101010100000000110110;0.20646;2039;0.383928;10
27;0000101100001110010101000000010000000000101110;0.467598;4618;0000101100010100001101000001000100000000110110;0.138619;1369;0.382051;10
28;0000101100001110010101000000010000000000101110;0.467598;4618;0001100100010010010001000001010100000000110110;0.174362;1722;0.395194;9
29;0000101100001110010101000000010000000000101110;0.467598;4618;0000100100000100010101000100011110100000001100;0.110976;1096;0.398667;14
30;0000100100000110011101000100010000000000101110;0.468003;4622;0000101100000110010001000010000000010100101110;0.195119;1927;0.408702;14
31;0000100100000110011101000100010000000000101110;0.468003;4622;0000101100001110010101000001010100000000101000;0.176387;1742;0.41062;14
32;0000100100000110011101000100010000000000101110;0.468003;4622;0000110100001111010001000000100000000000101110;0.189955;1876;0.42317;24
33;0000100100000110011101000100010000000000101110;0.468003;4622;0000100110010110011101000000110000000000100100;0.198562;1961;0.427065;28
34;0000100100000110011101000000010000001000101110;0.475597;4697;0000100101000110010101000000000000010000111110;0.219522;2168;0.442096;37
35;0000100100000110011101000100010000000000101110;0.468003;4622;0001101000001110010101000000010000010000110100;0.251924;2488;0.444513;34
36;0000100100000110011101000000010000010000101110;0.471851;4660;0000100100001110110101100000010000000000101100;0.208991;2064;0.430475;24
37;0000101100000110011101000000010000000000101110;0.479749;4738;0010100100001110010101100000000000000000101110;0.217598;2149;0.439891;42
38;0000100100000110011111000000010000000000101110;0.484508;4785;0000100101001010001101000000011000000000101110;0.197246;1948;0.438437;34
39;0000100100000110011111000000010000000000101110;0.484508;4785;0010100100001110001101000000010000000010101010;0.207675;2051;0.44204;48
40;0000100100000110011111000000010000000000101110;0.484508;4785;0000100100100110011101000000010000001000101100;0.232685;2298;0.441082;50
41;0000100100000110011111000000010000000000101110;0.484508;4785;0000100110001110011001000000010000000000111010;0.219218;2165;0.438276;44
42;0000100100000110011111000000010000000000101110;0.484508;4785;0010100100000110010101001001010000000000101010;0.246659;2436;0.452254;55
43;0000100100000110011111000000010000000000101110;0.484508;4785;0000100101010110011101000000000000000010100110;0.187019;1847;0.451713;57
44;0000100100000110011111000000010000000000101110;0.484508;4785;0000100000001110010101001000010000010000101110;0.279162;2757;0.457271;74
45;0000100100000110011111000000010000000000101110;0.484508;4785;0000101100001110011100000100000000000000101110;0.356825;3524;0.459046;75
46;0000100100000111011101000000010000000000101110;0.468712;4629;0000101100001110010100000001010000000000101110;0.389733;3849;0.461067;69
47;0000100100000110011111000000010000000000101110;0.484508;4785;0000101100001111010111000000000000000000101010;0.252228;2491;0.459321;67
48;0000100100000110011111000000010000000000101110;0.484508;4785;0000101100001110010001000000010000000001101110;0.379708;3750;0.458951;63
49;0000100100000110011111000000010000000000101110;0.484508;4785;0000100100001111010101000000010000000000111010;0.270757;2674;0.46086;73
50;0000100100000110011111000000010000000000101110;0.484508;4785;0100100100000110011101100000000000000000101110;0.256987;2538;0.460783;72
=============================================
geração;melhor;fitness;cobertura;pior;fitness;cobertura;média;ind_repetidos
0;0010000000001110000100001000111100001000111000;0.129303;1277;1111100011000000000100011000000010100000001001;0.000506278;5;0.0307483;1
1;0000100100000010110100110010001000000000111010;0.125456;1239;1110000000000011001000001000010100100011011000;0.00496152;49;0.0476519;1
2;1010001100010011001100010000110000000000100100;0.149453;1476;1101001001001010000001101000000000110010010000;0.00172134;17;0.0538103;3
3;0000100010000000000010000110110101010010110100;0.146517;1447;1011001000110001000001001000011000000100001100;0.00556906;55;0.06331;2
4;0001100000000100000000000110110101010010110100;0.164135;1621;1000011001000000100100001000100001010110000011;0.00354395;35;0.0730569;2
5;0010000000000010010100011110010000010100110001;0.153301;1514;0100010000010101100000010000000101101001001010;0.0164034;162;0.0842872;2
6;0010000000000010010101011110010000011001100000;0.170008;1679;0100100010010011100011000000111000000000011000;0.0133657;132;0.0941505;1
7;0000000000000010010101011110111000001000001010;0.225192;2224;0010000010010000100100000001100101100100110001;0.0279465;276;0.110189;4
8;0010000000000010010101100010010001001000101110;0.251721;2486;0100001001010001000000001001010000111001100001;0.0260227;257;0.113506;3
9;0000100000000000000100011110110101000000101110;0.224382;2216;1001100000010100000100100000101110000000111000;0.0270352;267;0.124152;2
10;0000100100100110000100000001010000001100101110;0.37738;3727;0100000010001010001100110000010101100000101000;0.0496152;490;0.14446;3
11;1000101100000110001100010000110010001000000100;0.2984;2947;1000100100100100000000101001011100000000001110;0.0291616;288;0.149098;2
12;0000101000000110000101000100011100010010100100;0.378392;3737;0000101000110100000100001000111110000010000100;0.0781693;772;0.168905;2
13;0000101000000110000101000100011100010010100100;0.378392;3737;0000100000010010000100100101100101001100100010;0.0883961;873;0.181924;4
14;0000101000000110001100011110110000000000100100;0.401377;3964;1010100000000000100101010110110100100000000100;0.0666262;658;0.187584;7
15;0000101000000110000100011110110000001000100100;0.402288;3973;0000010000000001101101000001110010001110100000;0.085966;849;0.215227;7
16;0000100000000110001101011100110000000000100110;0.401883;3969;1101000000000000000010011110110000001000100101;0.102369;1011;0.234874;3
17;0000100000000110001101011100110000000000100110;0.401883;3969;0000000000001000110110011100010100001001100100;0.0851559;841;0.250404;8
18;0000101000000110000101011110010100000000100100;0.404111;3991;0000100000000100001001011100010100001011100100;0.0810045;800;0.272057;7
19;0000100000000110000101011110010100000000100110;0.429526;4242;0000000000001101000101010101010000000101101100;0.124443;1229;0.311884;14
20;0000100000000110010101001100010100001000100110;0.420717;4155;0010101000100110000000001100110010010000100010;0.120494;1190;0.335376;11
21;0000101000000110000101011110010000000000100110;0.43469;4293;0000111010000100000101001100010010010000100100;0.124848;1233;0.353482;19
22;0000100000000110010101000100011100000000110110;0.442993;4375;0000101000100110000001011110100000000000101100;0.141049;1393;0.362191;11
23;0000100000000110010101000100011100000000110110;0.442993;4375;0000101000000110001101001110010011000000100000;0.171527;1694;0.374878;18
24;0000001000000110010101000100011100000000110110;0.437323;4319;0000101001000110000101011010110100000000100000;0.18226;1800;0.376084;20
25;0000001000000110010101000100010100001000110110;0.446638;4411;0000100000000110000101011100110000000110100100;0.173552;1714;0.392895;21
26;0000100000000110010101000100010100001000110110;0.45241;4468;0000001000000111110101000100000100001000100110;0.195119;1927;0.395868;25
27;0000100000000110010101000100010100010000110110;0.451701;4461;0000100101000010010101000100011100001000100100;0.182159;1799;0.406662;29
28;0000100000000110010101000100010100010000110110;0.451701;4461;0000101000000111000001000100011100001000110010;0.18469;1824;0.409484;48
29;0000100000000110010101000100010100001000110110;0.45241;4468;0000000100000110010001011100010100001000100110;0.178109;1759;0.413411;52
30;0000100100000110010101000100010100000000101110;0.452815;4472;0000100010000110010101001010010000000001100110;0.217801;2151;0.421786;54
31;0000100000000110010101000110010000001000110110;0.456156;4505;0000100000000111010101000110000100001000100110;0.221446;2187;0.418471;49
32;0000100000000110010101000100010100001000110110;0.45241;4468;0000100100000110011001000100010100001010100010;0.191069;1887;0.417066;42
33;0000100000000110010101000100010100001000110110;0.45241;4468;0000100000000110010101000110010100001001100100;0.211017;2084;0.418775;38
34;0000100100000110011101000000010000001100100110;0.466788;4610;0000001001000110010101000100000100011000100110;0.175273;1731;0.415931;35
35;0000100100000110011101000000010100000000101110;0.465776;4600;0000100000000110011101000100000100011000100110;0.19036;1880;0.404751;20
36;0000100000000110011101000100010100000000101110;0.465573;4598;0000100000010110110001000100010100001000010110;0.0920413;909;0.387661;19
37;0000100000000110011101000100010000001000110110;0.466991;4612;0000001001100010010101000110010000000001100110;0.180235;1780;0.398075;21
38;0000100000000110011101000100010100000000101110;0.465573;4598;0000100000000010010101100100010100000000110111;0.214763;2121;0.41351;20
39;0000100100000110011101000000010000001100100110;0.466788;4610;0000100100000100011101000100110000001000110100;0.214763;2121;0.408552;23
40;0000100000000110011101000100010000001000101110;0.476104;4702;0000100000001010010111000100000100001000101110;0.148744;1469;0.421571;30
41;0000100000000110011101000100010000001000101110;0.476104;4702;0000100001000110000101001100010100001000101010;0.202106;1996;0.427211;52
42;0000100000000110011101000100010000001000101110;0.476104;4702;0000100000000110010101000100110100001000101100;0.23147;2286;0.440168;53
43;0000100000000110011101000100010000001000101110;0.476104;4702;0000100000001110010101000100010100001000110100;0.222256;2195;0.435989;55
44;0000100000000110011101000100010000001000101110;0.476104;4702;0000100000000110011101000100000100001000101110;0.216991;2143;0.433243;53
45;0000100000000110011101000100010000001000101110;0.476104;4702;0000100000000110011001000101010000001000101110;0.229344;2265;0.445788;61
46;0000100000000110011101000100010000001000101110;0.476104;4702;0000000000000110011101000100010100001001001110;0.170717;1686;0.438007;66
47;0000100000000110011101000100010000001000101110;0.476104;4702;0000100000000110010101000100100000001000111110;0.216788;2141;0.438882;58
48;0000100000000110011101000100010000001000101110;0.476104;4702;0000100010000110011101000100000000001000101110;0.20727;2047;0.450976;68
49;0000100000000110011101000100010000001000101110;0.476104;4702;0000100000000110011101000100000000001000111110;0.21051;2079;0.459512;78
50;0000100000000110011101000100010000001000101110;0.476104;4702;0000100000000010011101100100010000001000101110;0.256278;2531;0.466918;86
=============================================
geração;melhor;fitness;cobertura;pior;fitness;cobertura;média;ind_repetidos
0;0010010010000000000001000000000101111101110010;0.0991292;979;0000001001100000101001100100010000110001010001;0.00131632;13;0.0303645;1
1;1001000000001101101111000000010000010000100100;0.123836;1223;0110000000011101100010010100000000010100001001;0.00151883;15;0.0413507;2
2;0000100100000000000110000000010110111011100010;0.1371;1354;1001110000001011010011000000000011000100000100;0.00435399;43;0.0517153;1
3;0001000101000110000100000011010010011000000110;0.161199;1592;0001111000001001000100001001000010011001010000;0.00425273;42;0.0650759;1
4;0000000000001011001100000010111000011001110000;0.168591;1665;1101110000000000000010011000000111010100000001;0.00617659;61;0.0783019;1
5;0000010000000100010111000000011000100101101010;0.198967;1965;0000010010100110100000010010010101101000000100;0.0228838;226;0.0899241;2
6;0101001000000000010101000000011000100101101010;0.196841;1944;1000000000010001100101000011011010010000010100;0.041211;407;0.108649;2
7;0000010000001010100100000010110000110100100110;0.190057;1877;0100000100010000100100000101110110010000010010;0.0283516;280;0.114547;4
8;0001000101000110000100000010110000100100100110;0.22175;2190;0001100001000011000001000011010101001001001000;0.0263264;260;0.12959;3
9;0001000100001010010001000010111001000000101010;0.213649;2110;1110000000001000100110010000011000010001110000;0.0330093;326;0.140858;3
10;0001000100001010010001000010111001000000101010;0.213649;2110;0010000010110000000101100000001100011001110000;0.0630822;623;0.15611;2
11;0001000101000110000100000010010100011000100110;0.249595;2465;0010000000001010010010100110110000101100000100;0.037262;368;0.166671;10
12;0001000100000100000110000110110000011000100110;0.254455;2513;0010000010100000010100000011110111010000000100;0.0569056;562;0.171909;2
13;0010001000000110000100000110110000011000100110;0.3871;3823;0010000100011010010000000110110011000000001010;0.0665249;657;0.181982;5
14;0010001000000110000100000110110000011000100110;0.3871;3823;0000010010100010000100001000011101010000100101;0.0935601;924;0.18657;4
15;0000001000000110000100000110110100010000110110;0.395808;3909;0010000000000110011000000010101000011000101110;0.126569;1250;0.199468;6
16;0000000100010110000100000110110000011000100110;0.390036;3852;0000010000000111001100000010101000110100100100;0.124949;1234;0.200494;2
17;0000100100000110000100000110110000011000100110;0.401377;3964;0011001000000110000000000110111100001100001000;0.0730053;721;0.209613;6
18;0000100100000110000100000110110000011000100110;0.401377;3964;0011001000000010000100010110110100010000011000;0.0648036;640;0.2138;5
19;0000100100000110000100000110110000011000100110;0.401377;3964;0000001001100100000100010010110001011001000010;0.0961928;950;0.222957;4
20;0000001000000110010100000110110000011000100110;0.415148;4100;0001000100001010000100010110010000011000101100;0.14277;1410;0.233406;11
21;0000001000000110010100000110110000011000100110;0.415148;4100;0010100000000110010100001010101001000000001110;0.113305;1119;0.255236;14
22;0000001000000110010100000110110000011000100110;0.415148;4100;0000010100001010000100100100111000011000000110;0.100749;995;0.278508;15
23;0000100100000110000101000010110000011000100110;0.429425;4241;0000100100000010001110000010101000010010101010;0.144492;1427;0.297877;17
24;0000100100000110001101001000010000011000100110;0.433374;4280;0000000001000110001100100100111000011000000110;0.127683;1261;0.312412;16
25;0000100100000110001101001000010000011000100110;0.433374;4280;0100001000000110000100101001110000011000000110;0.155832;1539;0.345473;21
26;0000101100000110000101000000011000011000100110;0.434791;4294;0000100100000110101001001000010000001010110010;0.154415;1525;0.340564;14
27;0000100000000110000101000110110000011000100110;0.440867;4354;0010011001000110000000000011110100001000100100;0.123532;1220;0.360747;18
28;0000100100000110000101000010110000011000100110;0.429425;4241;0000000100001110010000000110110000101100000110;0.152896;1510;0.358299;16
29;0000100000000110000101000110110000011000100110;0.440867;4354;0000000100001110010000000110110000101100000110;0.152896;1510;0.367399;23
30;0000100000000110000101000110110000011000100110;0.440867;4354;0000001000000110010100000110100000001100100111;0.166869;1648;0.372921;23
31;0000100000000110000101000110110000011000100110;0.440867;4354;0000110000110110000100000000011000011000100110;0.192183;1898;0.382564;22
32;0000100000000110000101000110110000011000100110;0.440867;4354;0000000000000110001001000110110100011000001110;0.158465;1565;0.382668;19
33;0000100000000110000101000110110000011000100110;0.440867;4354;0000000100100110000101000100001000001010101110;0.147023;1452;0.398102;18
34;0000100000000110000101000110110000011000100110;0.440867;4354;0000000100000110000101000010110010100100100110;0.212738;2101;0.390591;21
35;0000100000000110000101000110110000011000100110;0.440867;4354;1000001000000110000101000110001000011000100110;0.172945;1708;0.396986;18
36;0000100000000110000101000110110000011000100110;0.440867;4354;0000001000000110000111000100001000011000101110;0.16049;1585;0.394819;27
37;0000101000000110001101000100010000011000100110;0.443094;4376;0000000000000110000101000110001000011011100110;0.162414;1604;0.384848;27
38;0000101000000110001101000100010000011000100110;0.443094;4376;0000101100000100000101000100001100011001100100;0.142365;1406;0.40113;37
39;0000100000000110010101000100110000001100100110;0.446436;4409;0001100000000100100101000000011010011000100110;0.205043;2025;0.404841;28
40;0000100000000110010101000110010000011000100110;0.445018;4395;0010000100000110000101000100001000011000101110;0.154415;1525;0.410052;31
41;0000100000000110001111000100010000011000100110;0.446335;4408;0000011100100000000101000100011000011000100110;0.187424;1851;0.410413;39
42;0000100000000110001111000100010000011000100110;0.446335;4408;0000100001000110001101000110110000011000000100;0.150972;1491;0.408297;43
43;0000100000000110011101000100010000011000100110;0.454334;4487;0000100000000110000001000110111000011000100110;0.207675;2051;0.415291;48
44;0000100000000110011101000100010000011000100110;0.454334;4487;0000100000000110001101000110011000011000100100;0.203524;2010;0.417624;44
45;0000100000000110011101000100010000011000100110;0.454334;4487;0000100000000111100001000110010000011000100110;0.194613;1922;0.422325;48
46;0000100000000110011101000100010000011000100110;0.454334;4487;1000000000000110010101000110010000011000100110;0.236736;2338;0.421739;44
47;0000100000000110011101000100010000011000100110;0.454334;4487;0000100000000110010101000110000000011000110110;0.233698;2308;0.425819;60
48;0000100000000110010101000100010000011000110110;0.462738;4570;0000100000000110011101000100010000011001100100;0.225597;2228;0.433916;70
49;0000100000000110010101000100010000011000110110;0.462738;4570;0000100000100110010101000110000000011000100110;0.203119;2006;0.434704;77
50;0000100000000110010101000100010000011000110110;0.462738;4570;0000100000000010010101000110110000011000100110;0.241393;2384;0.434745;75
=============================================
geração;melhor;fitness;cobertura;pior;fitness;cobertura;média;ind_repetidos
0;0001000000000100010100000010011101001111010000;0.11371;1123;0111000010000000000101100101001100100010000001;0.00141758;14;0.0374473;1
1;0100111000100110000100000010010001000001001010;0.161503;1595;1000000110000001100001100101010101100010000000;0;0;0.0463386;2
2;0010001000100110000101000010010001000001101010;0.182868;1806;0110111001001001000000000001100010100100000100;0.0036452;36;0.0553736;5
3;0010101000000000100110000010011100011000100010;0.164034;1620;0001100110000101111000000100001001101000000000;0.00303767;30;0.0644937;2
4;0011000100000100100101000010010001000001101010;0.167072;1650;0100010001000010000000110111000000010010001101;0.0139733;138;0.0805883;1
5;0000100000001100000101000010010011000001111010;0.23228;2294;1010011010000101100010000000000001000001100011;0.0173147;171;0.0904718;1
6;0010101000000010000111000010010100001100100100;0.184791;1825;0010100000110110100101010000000001000000101001;0.0425273;420;0.110351;1
7;0100101000000100000101000110110001010000100010;0.244228;2412;0100100110000010000101011000011000001001010000;0.0309842;306;0.126401;1
8;0110100000000101010101000010010100000000101010;0.238052;2351;1100101000100000000100001000010011101000001100;0.0196436;194;0.142826;3
9;0000001000000010010101000000110001001001101110;0.249595;2465;0100100000110100100101001001001000000010100100;0.0304779;301;0.158379;4
10;0010101100001000000101000110010000010000100110;0.343864;3396;0010001010001000010100100000011101000100101000;0.0774605;765;0.168957;2
11;0100001000000010010101000010011000000100101110;0.261644;2584;0010111000100010000000000011011001000001000110;0.0774605;765;0.176543;2
12;0000001000001100010101000010011100000000101110;0.266505;2632;0010001010000100000001000011100000011000111100;0.036047;356;0.18392;2
13;0000101000000110010101000000110001100000100110;0.393175;3883;0100101100000000100001000100010001001001001110;0.107331;1060;0.198263;1
14;0000101000000110000101000000110001001001100110;0.372924;3683;0010001000100100000101100010010100010000011010;0.107432;1061;0.199273;3
15;0000101000000110000101000000110001001001100110;0.372924;3683;0010100101001100000101000010011000001000001100;0.0881936;871;0.206702;11
16;0000101000000110000101000000110001001001100110;0.372924;3683;0000110101000100000100010010100000010000111010;0.118064;1166;0.21543;7
17;0000101000000110000101000010110000101000100110;0.383354;3786;0010000100001000000101000110000000011100101110;0.130417;1288;0.223095;6
18;0000101000000110000101000010110000001100100110;0.421426;4162;1010101000000011000101000001010010000000110100;0.140745;1390;0.230336;8
19;0000101000000110000101000010110000001100100110;0.421426;4162;0000101000000110000100100001011010000100101010;0.152592;1507;0.245865;11
20;0000101000000100010101000100011000000100101110;0.450385;4448;0010000010000100001101000100010000111000001110;0.0939652;928;0.254716;13
21;0000101000000100010101000100011000000100101110;0.450385;4448;0010001000100100011101000010110000000000000111;0.160693;1587;0.2817;19
22;0000101000001110000101000000010000010100101110;0.427096;4218;0100101000010100000101000010000000010000101111;0.137505;1358;0.300305;11
23;0000001000001110001101000100010000000100110110;0.428109;4228;0000101001000001010101000100010010001100000110;0.113305;1119;0.300581;9
24;0000101000000010010101000110010000010000101110;0.43631;4309;0100101001000000010101000010100000000100101110;0.192082;1897;0.334561;15
25;0000101000000100110101000100110000000000101110;0.440563;4351;0100001100000000010101000100000010010100101110;0.151681;1498;0.346824;14
26;0000101000000010010101000110110000000000101110;0.44917;4436;0000101000000000010101100110010000010101000110;0.143175;1414;0.355298;13
27;0000101000000110010101000100010000000100101110;0.45565;4500;0000100000001110010001100110010000010000001110;0.150162;1483;0.35071;10
28;0000101000000110010101000100110000000000101110;0.457574;4519;0100101101000000001101000100010100010000001010;0.109761;1084;0.346327;11
29;0000100000000110010101000100010000010000101111;0.444917;4394;1000101000000000010101110100010000001000100110;0.166565;1645;0.355612;16
30;0000100000000110010101000100010000010100101110;0.462232;4565;0000101000000110000101010010011000010001001100;0.133961;1323;0.356876;12
31;0000100000000110010101000100010000010100101110;0.462232;4565;0100101000001010100101000100110000001000001010;0.148137;1463;0.364305;17
32;0000100000000110010101000110010000000100101110;0.463143;4574;0000001110000000010001001110010000000100101110;0.189753;1874;0.401142;25
33;0000100000001110010101000100010000000100101110;0.465168;4594;0000101000010100000101000101010100000100101100;0.165958;1639;0.402078;23
34;0000100000001110010101000110010000000000101110;0.462839;4571;0000100000010110010101000100000001010000101110;0.206966;2044;0.411342;14
35;0000100100000110010101000110010000000000101110;0.463548;4578;0001001000000010001101100101010000000100001110;0.152491;1506;0.41174;16
36;0000100000000110011101000100010000000100101110;0.467902;4621;0000101000000110110111000100100001010000000100;0.0890036;879;0.411349;17
37;0000100100001110010101000100010000000000101110;0.467294;4615;0100001010000110011100000100010000000100101100;0.193803;1914;0.414919;19
38;0000100100001110010101000100010000000000101110;0.467294;4615;0000100000010110000001000100110000100100101110;0.204334;2018;0.418248;15
39;0000100000000110011101000100010000000100101110;0.467902;4621;0000100001000110010001000100110000001000101110;0.23471;2318;0.431751;16
40;0000101000000110011101000000010000001000101110;0.474281;4684;0000000000010110010101000110011000000100101100;0.215371;2127;0.43034;21
41;0000101000000110011101000100010000000000101110;0.465776;4600;0000100100010110011001000100000000000100101110;0.164642;1626;0.433336;25
42;0000100000000110010101000110010000000000111110;0.468307;4625;0000100101000100010101100100010000001000101100;0.187019;1847;0.43849;34
43;0000100000000110010101000110010000000000111110;0.468307;4625;0000100000000110011101000100010000011000101100;0.246861;2438;0.447849;49
44;0000100000000110010101000110010000000000111110;0.468307;4625;0000100000001110010101100100001000000000101110;0.220737;2180;0.452824;54
45;0000101000000110011101000000010000001000101110;0.474281;4684;0000100100010010010101000110000000000000111110;0.222155;2194;0.451555;62
46;0000100000000110010101000110010000000000111110;0.468307;4625;0000101000000010011101000110010000000000111100;0.238558;2356;0.451165;53
47;0000100100000110011101000100010000000000101110;0.468003;4622;0000100010000110011001000100010000001000101110;0.227319;2245;0.452647;56
48;0000100000000110011101000100010000000010101110;0.472458;4666;0000101000000110011101000100000000000000111110;0.395403;3905;0.4598;67
49;0000101000000110011111000000010000000000101110;0.483293;4773;0000001000000110011011000110010000000000101110;0.240178;2372;0.453005;64
50;0000101000000110011111000000010000000000101110;0.483293;4773;0001001000000100011101010100010000000000101110;0.300527;2968;0.459406;74
=============================================
geração;melhor;fitness;cobertura;pior;fitness;cobertura;média;ind_repetidos
0;0001000000110000010100000010111001110000100010;0.150263;1484;1100001001101001010001100100100000000000000101;0.00121507;12;0.0356318;1
1;0001000000100000010100000010111001011000110010;0.175678;1735;1110100000000000111100010000000100000011000110;0.00526529;52;0.0506713;1
2;0000000100000100111100000001110010000000101110;0.169704;1676;1111000110100000100110100000000010000000100010;0.0045565;45;0.0572175;1
3;0001100101001000010100000010110000100000100110;0.176286;1741;0111000000001010010001110010101100000010000000;0.00769542;76;0.0727947;3
4;1000000100000010010101000010110010001000100110;0.207574;2050;0001000001010010010001001001001110000001100100;0.018631;184;0.0950314;3
5;0001000100000010010101000010110010001000100110;0.216991;2143;0001010100000001010100100000000001100110100011;0.026529;262;0.11308;1
6;1001000000000010010101000010011000100000101110;0.247367;2443;1001000000100100010010000010111000000010010011;0.0318955;315;0.133255;3
7;1001000000000010010101000010010010000100101110;0.245241;2422;0110000010001100110101000000000100100000100110;0.0549818;543;0.146872;2
8;0001001100000111001101000000010000100000001110;0.34032;3361;0010000110000011010000100000010110000001000111;0.0111381;110;0.168903;3
9;0001100001000110000100100100010000001100100110;0.348724;3444;0001001100000000011011000010011100100000101000;0.0752329;743;0.178084;1
10;0100100101000111010100000010010010000000000110;0.344269;3400;1001001000000000110100010010001000100000101110;0.0723977;715;0.193364;2
11;0001100100000110000101100110010000000000001110;0.336979;3328;0001000000001010001100001110010000000000011111;0.0861685;851;0.204071;3
12;0001100100000110000101100100010000000000101110;0.379506;3748;0001010001000110000101100000010000100001001110;0.086776;857;0.212954;4
13;0001100100000111010101000000010000100000001110;0.43712;4317;0001000000010110000110100100010010000100001110;0.103787;1025;0.240394;9
14;0000100000000110110100000100010010000100101110;0.394998;3901;0010000100000010100100100110010010000100001110;0.0730053;721;0.238013;6
15;0000100000000110110100000100010001000100101110;0.400061;3951;1100100000000101110001000000000010000100101110;0.104597;1033;0.243511;4
16;0001100100000111010101000000010000000100001110;0.440462;4350;0010000100000010000100100100110010011000001110;0.0905225;894;0.256014;7
17;0001100101000111010101000000010000000000001110;0.439044;4336;0010000110000010011101000000010001000101000110;0.116039;1146;0.275153;14
18;0000100100000111010101000000010000000001101110;0.449878;4443;0101000000000110110100000100010001000000001111;0.131126;1295;0.290976;9
19;0001100100000111010101000000010000000100001110;0.440462;4350;0001100000000111010100101100000000000100001110;0.129506;1279;0.29331;11
20;0001100100000111010101000000010000000000101110;0.450587;4450;1001000100000111010001000000110010000000101100;0.129708;1281;0.301898;10
21;0001100100000111010101000000010000000000101110;0.450587;4450;0001000100100111110000000000010000000100101110;0.171021;1689;0.323713;11
22;0001100100000111010101000000010000000000101110;0.450587;4450;0011100100000111010100000000100000000100101100;0.130822;1292;0.337781;14
23;0001100100000111010101000000010000000000101110;0.450587;4450;0000100000010111001100001000010010000100001110;0.153301;1514;0.342318;12
24;0001100100000111010101000000010000000000101110;0.450587;4450;0001100100000010110100001000000010010000101110;0.106622;1053;0.353;16
25;0000100100000111011101000000010000000000101110;0.468712;4629;0000100000010111010101001000001000000100001110;0.140036;1383;0.34676;4
26;0000100100000111011101000000010000000000101110;0.468712;4629;0010100110000010010100000100010000010100101100;0.152187;1503;0.352076;11
27;0000101100000110010101000100010000000000101110;0.455346;4497;0000100101000110010101001100100000000101100000;0.103179;1019;0.35661;5
28;0000101100000110010101000100010000000000101110;0.455346;4497;0000000101000111100111000000011000000000001110;0.14996;1481;0.3726;8
29;0000101000000110010101000100010000000100101110;0.45565;4500;0000100100000011000101000100100010010000101110;0.139429;1377;0.390795;16
30;0000100100000111010101000100010000000000101110;0.461017;4553;0001001100000101010001000110110000000100100010;0.184893;1826;0.401808;12
31;0000100100001110010101000000010000000100101110;0.4597;4540;0000110000000101010101000100010010010000101100;0.164642;1626;0.413544;16
32;0000100100000110011101000000010000000000111110;0.464054;4583;0010100000000110010101000100010010000100101010;0.247671;2446;0.420184;14
33;0000101000000101011101000100010000000000101110;0.461827;4561;0011001100010100010001000100010001000000100110;0.177805;1756;0.423485;17
34;0000001100000110011111000000010000000000101110;0.464763;4590;0001000100000111010101100100010000000000101100;0.240583;2376;0.431989;23
35;0000100100000110011111000000010000000000101110;0.484508;4785;0010100000000110011001000100010000000100101110;0.229951;2271;0.428874;20
36;0000100100000110011111000000010000000000101110;0.484508;4785;0000000101000100010101000100010000000100111110;0.262961;2597;0.44472;30
37;0000100000000111011101000100010000000000101110;0.470028;4642;0000101000000101011001000100011000000000101110;0.237951;2350;0.444398;32
38;0000100000000111011101000100010000000000101110;0.470028;4642;0000100100000010011101000110010000010000101010;0.259619;2564;0.438135;34
39;0000100000000111011101000100010000000000101110;0.470028;4642;0000100100000111011100000100010010000000111000;0.156642;1547;0.436;29
40;0000100000000111011101000100010000000000101110;0.470028;4642;0000100000000110011100000010110000000010101110;0.215573;2129;0.44179;34
41;0000100000000111011101000100010000000000101110;0.470028;4642;1000000000000111010101000110010000000100001110;0.222155;2194;0.443589;45
42;0000100000000111011101000100010000000000101110;0.470028;4642;0000110000000011011100000100110000000000101110;0.194006;1916;0.436023;53
43;0000100000000111011101000100010000000000101110;0.470028;4642;0000000100001110010101000110000000000010101110;0.228635;2258;0.439254;54
44;0000100000000110011101000100010000000010101110;0.472458;4666;0000100100000110111101000010010000000000101100;0.2097;2071;0.445536;53
45;0000100000000111011101000100010000000000101110;0.470028;4642;0000100001000111011101000100010000000000101100;0.210105;2075;0.44068;62
46;0000100000000111011101000100010000000000101110;0.470028;4642;0010100000000111011101000100010000000000101100;0.208789;2062;0.456089;73
47;0000100000000111011101000100010000000000101110;0.470028;4642;0000110001000110011101000100000000000000101110;0.202612;2001;0.449568;77
48;0000100000000111011101000100010000000000101110;0.470028;4642;0000100000000011011101000100010000000001101110;0.271669;2683;0.456559;84
49;0000100000000111011101000100010000000000101110;0.470028;4642;0000100000000111011101000100010000000000101101;0.20727;2047;0.454826;87
50;0000100000000111011101000100010000000000101110;0.470028;4642;0000100000010111011101000100010000000000101100;0.213751;2111;0.462212;92
=============================================
geração;melhor;fitness;cobertura;pior;fitness;cobertura;média;ind_repetidos
0;0100000000000110010010001000110101000100100110;0.141252;1395;1001001010010010001001110010000010010001000000;0.0009113;9;0.0329749;1
1;0101000000100000000100011000111010001100100010;0.123633;1221;0110100001011100000010010000100000000011011000;0.00394897;39;0.0436006;1
2;0000000000000100010111001110100100010010001010;0.1613;1593;1010000000101001100001010000000101000011010001;0.0018226;18;0.0525506;5
3;0001001000000101011000000010111100000100100100;0.15563;1537;0000001001100011000010101001100000001101010000;0.00506278;50;0.0636027;3
4;0010000000000101011001000010111100000100100100;0.150668;1488;1000011010000100000010000111101000001100010000;0.00243013;24;0.0696851;2
5;0000000000000100010110010000111010011010100010;0.185399;1831;0000101101000000010100110000000011110000000011;0.00668287;66;0.0803514;2
6;0000001000000100010111000000011010010010110010;0.196233;1938;0001001000001001000110000101001000000011011001;0.00627785;62;0.0882604;2
7;0000100000000101010101001100110000100000101010;0.243317;2403;1000011000010001011010001100100000000100101000;0.00486027;48;0.0996294;6
8;0000100000000101010101000100111000010010100010;0.203422;2009;1000000100110010001001001000010010010010110000;0.0237951;235;0.110797;4
9;0000100000000101010101000100110010001010100010;0.19917;1967;0000100101010001000100000110100101000001011000;0.0301742;298;0.120762;3
10;0000101001000101000100000100111000000010100110;0.356622;3522;1000000001100001010001010010011001010011000000;0.0334143;330;0.134122;3
11;0001101100000100000100000100111000010010100010;0.347003;3427;0010100000010001100001100010100000110000101010;0.0411098;406;0.146247;1
12;0001101100000100000100010000110000010010100110;0.340725;3365;0010101000000100110010000010000010000010101110;0.0419198;414;0.150618;1
13;0001101100000100000110000000010000010100101110;0.362191;3577;0010000000000000001011110000010010100111100010;0.0342244;338;0.154161;1
14;0000100000000111010101000000011000000100111010;0.261442;2582;0001101001000101000000100100001000010010100110;0.050324;497;0.163097;3
15;0000001001000111000100000100110000010010100110;0.366343;3618;0000100001001101100101010000000000010100001110;0.0619684;612;0.176419;3
16;0000101101000100000110000000010000010100101110;0.360774;3563;0000100001001011001111000000010000000101101000;0.0973066;961;0.19282;6
17;0000101100000000010101000100010001001000110110;0.397934;3930;0000110000000011011101000001000011010100000010;0.0581207;574;0.20041;3
18;0000101000000110011101000010010000010000100110;0.431247;4259;0010001100001000001110000000011001001000110010;0.116343;1149;0.216516;3
19;0000001000000110010101000100010001000000101111;0.439348;4339;0000000101000010000101110000110000100110000110;0.0921426;910;0.216688;6
20;0000101000000100010101000100010001000000101111;0.434285;4289;0000001000100100010100110100011000100010000110;0.0631835;624;0.219362;3
21;0000101000000100010101000100010001000000101111;0.434285;4289;0000001011000100000100000100111000101000011010;0.085966;849;0.229143;6
22;0000101000000100010101000100010001100000101110;0.437525;4321;0000110000000100010100110100011000000110000110;0.072904;720;0.234427;5
23;0000001100000100010101000100010001000000101111;0.427096;4218;0000100010000000110101000000011010000011101100;0.0784731;775;0.237727;4
24;0000101000000110010101000010110000000000101110;0.460814;4551;0000110000000100011000100000110010010100101010;0.130316;1287;0.262073;4
25;0000101000000110010101000100010000000100101110;0.45565;4500;0000100000100100010101010100110000011000101000;0.156946;1550;0.281932;7
26;0000101000000100010101000100010000001100101110;0.452714;4471;0001100000000011010101000100000001001100101100;0.132341;1307;0.292692;5
27;0000101100000110010111000000010000000000101110;0.467902;4621;0100101000100001010101000000011000000000011110;0.162009;1600;0.322617;6
28;0000101100000110010111000000010000000000101110;0.467902;4621;0000100001000011010011000100011000000100001110;0.120697;1192;0.348069;10
29;0000101100000110010111000000010000000000101110;0.467902;4621;0001011000000110010001000100010000000010101011;0.166667;1646;0.371282;11
30;0000101100000110010111000000010000000000101110;0.467902;4621;0000100110001100010101000100010000010100100100;0.188842;1865;0.389912;11
31;0000101100000110010111000000010000000000101110;0.467902;4621;1000101000000010000111000000010000000100101111;0.192993;1906;0.399567;15
32;0000101100000110010111000000010000000000101110;0.467902;4621;1000101000000110010010000100000100000000101111;0.0751316;742;0.3906;21
33;0000101100000110010111000000010000000000101110;0.467902;4621;0000000000001110010101010100010000010100001110;0.162313;1603;0.396872;23
34;0000101100000110010111000000010000000000101110;0.467902;4621;0000101000001100110101000100000000000100101110;0.192892;1905;0.425998;25
35;0000101100000110010111000000010000000000101110;0.467902;4621;0000001000001110010101000100101000000000101110;0.232382;2295;0.425409;16
36;0000101100000110010111000000010000000000101110;0.467902;4621;0000101000000010001001000100010010000100111110;0.185703;1834;0.429975;21
37;0000100000000110010101000110010000000000111110;0.468307;4625;0000100000001110010101100100000000000100101110;0.208485;2059;0.434044;27
38;0000101100000110010111000000010000000000101110;0.467902;4621;1000100100001100000101000110000001000000101110;0.141353;1396;0.440367;22
39;0000101100000110011101000000010000000000101110;0.479749;4738;0000100010000110010101100110010000000000101100;0.200891;1984;0.434097;23
40;0000101100000110011101000000010000000000101110;0.479749;4738;0000100100001010011101000110010000000000101010;0.258607;2554;0.441264;31
41;0000100100001110011101000000010000000000101110;0.467396;4616;0000100000010111010101000110000000000000101110;0.25162;2485;0.441379;41
42;0000100100000110011101000100010000000000101110;0.468003;4622;1000100000000110010011000100010000000010101110;0.21213;2095;0.444815;47
43;0000100100000110011101000100010000000000101110;0.468003;4622;0000100100001010011101000000010000010000101110;0.277845;2744;0.45055;48
44;0000100100000110011101000100010000000000101110;0.468003;4622;0000100100001110010001000000010001000000111110;0.245241;2422;0.455888;56
45;0000100100000110011101000100010000000000101110;0.468003;4622;0000100001001110011101000000010000000000101110;0.287161;2836;0.456769;71
46;0000100100001110011101000000010000000000101110;0.467396;4616;0000100000001110011101000100110000000000101010;0.274504;2711;0.457769;79
47;0000101100000110011101000000010000000000101110;0.479749;4738;0000100100001110010111000100000000000000101110;0.397023;3921;0.463581;78
48;0000100000001110011101000100010000000000101110;0.469725;4639;0000100100001110001101000100010000000000101110;0.402491;3975;0.465304;88
49;0000100100000110011101000000010000000010101110;0.476812;4709;0000100101001010011101000000010000000000101110;0.267922;2646;0.464829;92
50;0000100000001110011101000100010000000000101110;0.469725;4639;0000100100001111011101000000010000000000101100;0.214561;2119;0.4532;87
=============================================
geração;melhor;fitness;cobertura;pior;fitness;cobertura;média;ind_repetidos
0;0000001010010001000001010110010000000100011110;0.0983192;971;1010000000001010100001110001000000001001100011;0.0018226;18;0.0301002;1
1;0100101101000010000001010110010000000100001010;0.134771;1331;1010000110010000100001000000000000110010110101;0.00151883;15;0.0434994;3
2;0100101101000110000000000100010001100100001100;0.24433;2413;0100010100100001101010000000000010000110110100;0.00951802;94;0.0533273;1
3;0100101101000110000000000100010001100000001101;0.24109;2381;1100001110000000000010110000100010101100001000;0.00526529;52;0.0589642;2
4;0100101101000110000000000100010001100000001101;0.24109;2381;1000001001000000100011010010001101000000000111;0.00678412;67;0.0658343;2
5;1000100100010100000100010110110000000000110100;0.184184;1819;0000000110100001001001110010001001001100000100;0.0102268;101;0.0762961;4
6;0000101000000010000100110110010000000100101110;0.342143;3379;0010100011011001000000000100101000100100100010;0.0222762;220;0.0904162;4
7;0000101100000100000100010110110000000100110100;0.369988;3654;0000100100101000000000101100001000100000111101;0.0171122;169;0.104873;3
8;0000101100000100000100010110110000000100100110;0.381025;3763;1000100010100010001000001110000001000100101010;0.027339;270;0.134631;3
9;0100100100000100000100010110110000000100100110;0.377785;3731;0000010001000010100110010111010000101100000000;0.0392872;388;0.144178;1
10;0100101100000100000100001110110000000000100110;0.382645;3779;0000111001100011000001000011100010100000100000;0.0220737;218;0.151125;1
11;0000101100000100000100010110110000000000110110;0.389631;3848;1000001101100000110000000100000001000100101110;0.0500203;494;0.187195;3
12;0000101100000100000100001110110000000000110110;0.391758;3869;0110010010000100110000010110010100000000101000;0.0358445;354;0.194991;7
13;1000101100000100000100011110110000000000100100;0.391657;3868;0100100000000111010000100100100000100100101100;0.0647023;639;0.228399;6
14;0000101100000100000100010110110000000000110110;0.389631;3848;0001100100000110010000010110010000000001011100;0.10885;1075;0.245537;1
15;0000101100000100000100011110110000000000101100;0.393884;3890;0000111110100100000000000100110000100000011100;0.0467801;462;0.26696;3
16;0000101100000101010101000100010000000000110110;0.442082;4366;0100110110000100000110010100010001100100000000;0.0282503;279;0.279963;5
17;0000101100000101010101000100010000000000110110;0.442082;4366;1000100100001100000000110100010000100000111100;0.0722965;714;0.286195;6
18;0000101100000101010101000100010000000000110110;0.442082;4366;1000001101000100000110000010110100000010001100;0.0929526;918;0.313551;3
19;0000101100000101010101000100010000000000110110;0.442082;4366;0000111100000001010000000110000000010100110110;0.100041;988;0.334853;9
20;0000100100001101010101000100010000000000110110;0.451296;4457;0000100000000110100100010100100100100100100110;0.112799;1114;0.35079;7
21;0000101000000101010101000100110000000000110110;0.445322;4398;0000111100000101010001000110010000100000001100;0.0792831;783;0.355537;20
22;0000101100000101010101000010010000000000110110;0.433576;4282;0010101100000101010101000100000000100000101100;0.133252;1316;0.36734;15
23;0000101100000101010101000100010000000000101110;0.451701;4461;0000110100000001010001010110110000000000100110;0.175678;1735;0.378808;17
24;0000101100000101010101000100010000000000101110;0.451701;4461;0000101100000101010001000110111000000000010100;0.112191;1108;0.373959;22
25;0000101100000101010101000100010000000000101110;0.451701;4461;0000110100000101010000000110110001000000100110;0.174868;1727;0.378121;20
26;0000100100000101010101000100010000000000111110;0.456258;4506;0000110100000100010100000110100001000000110110;0.138821;1371;0.377826;27
27;0000101000000101011101000100010000000000101110;0.461827;4561;0000100100000101010101000100101001000000100110;0.176083;1739;0.391165;20
28;0000101000000101011101000100010000000000101110;0.461827;4561;0000101100000101010101000100100001000000100011;0.145606;1438;0.41026;28
29;0000101000000111010101000100010000000000101110;0.457776;4521;0000101000000101010111000100010000000001101100;0.18631;1840;0.41761;28
30;0000100100000110010101000110010000000000101110;0.463548;4578;0010101100000001110101000100010000000000101100;0.165755;1637;0.432533;38
31;0000100100001110010101000100010000000000101110;0.467294;4615;0000101000000101010101000011010000000000110110;0.260632;2574;0.439981;35
32;0000100100001110010101000100010000000000101110;0.467294;4615;0000100100000001010101000100010000000100101111;0.251215;2481;0.434012;36
33;0000100100001110010101000100010000000000101110;0.467294;4615;0000111000000011010101000101010000000000101100;0.182058;1798;0.439126;36
34;0000100100001110010101000100010000000000101110;0.467294;4615;0000100101010101010101000100000000000000101110;0.217699;2150;0.442393;47
35;0000100100000110011101000100010000000000101110;0.468003;4622;0000100100001100010101000100010000010001101100;0.190765;1884;0.440995;47
36;0000100100000110011101000100010000000000101110;0.468003;4622;0000100100001100010101000100010000010001101100;0.190765;1884;0.446132;52
37;0000100100000110011101000100010000000000101110;0.468003;4622;0000101100001110010100000100010000000000101110;0.396213;3913;0.455967;53
38;0000100100000110011101000100010000000000101110;0.468003;4622;0000101000000111010101000011010000000000101100;0.206966;2044;0.454846;64
39;0000101000000110011111000000010000000000101110;0.483293;4773;0000100100000110011100001001010000000000101110;0.374848;3702;0.457951;70
40;0000100100000110011101000100010000000000101110;0.468003;4622;0000101100001110000100000100010000000000111110;0.370292;3657;0.460986;72
41;0000100000001110011101000100010000000000101110;0.469725;4639;0000101100001110011100000100000000000000101110;0.356825;3524;0.459767;77
42;0000100000001110011101000100010000000000101110;0.469725;4639;0000100100001010011101000100010000000000111010;0.253544;2504;0.45833;69
43;0000100100000110011111000000010000000000101110;0.484508;4785;0000100000001010011101000100010000000010101110;0.259822;2566;0.459981;72
44;0000100100000110011111000000010000000000101110;0.484508;4785;0001100100001110010101000100010000000000101100;0.381227;3765;0.461467;77
45;0000100100000110011111000000010000000000101110;0.484508;4785;0000100000001110011101000101010000000000101100;0.207878;2053;0.457056;77
46;0000100100000110011111000000010000000000101110;0.484508;4785;0000100000001110011101001100000000000000101110;0.221952;2192;0.452297;67
47;0000100100000110011111000000010000000000101110;0.484508;4785;0000100000001110011011000100010000000000101110;0.239368;2364;0.449053;68
48;0000100100000110011111000000010000000000101110;0.484508;4785;0000100001001110011101000100010000000000101100;0.206865;2043;0.448178;72
49;0000100000000110011101000100010000001000101110;0.476104;4702;0010100000001110011101000100010000000000101100;0.207979;2054;0.457059;78
50;0000100000000110011101000100010000001000101110;0.476104;4702;0000100000001110011101010100010000000000101100;0.207068;2045;0.459826;90
=============================================
