geração;melhor;fitness;cobertura;pior;fitness;cobertura;média;ind_repetidos
0;0000100010100101111011010111111000011100100110;0.752936;7436;1111110011011001111001111001000001100101000000;0.194411;1920;0.514983;1
1;1100100000010010111101111100010100101111100010;0.760733;7513;0111000011110001101101111111000001100110000001;0.246456;2434;0.572459;1
2;1100100000000010111101101110111011001000111010;0.767112;7576;1100000001110100110011000010001111100111011101;0.305083;3013;0.613732;4
3;0000010100000111011111010110111101001101001100;0.784224;7745;1011101011101001001110000010001110100111010010;0.355306;3509;0.648964;3
4;0001100100000100011110000110011101111111101010;0.785034;7753;0011000011000100000011101010101110111110010111;0.371304;3667;0.677535;3
5;0000101000010011110111001110011110000101101110;0.788882;7791;0010011101110001100001011100111110001011001100;0.424868;4196;0.695423;3
6;0000101000100011110111001111011110000111100010;0.792224;7824;0111010010011101000001101101110100110011110000;0.445322;4398;0.709928;6
7;0000101000000011110111000111011110111001110010;0.795869;7860;1001011100010100100011001100101111110010110100;0.50891;5026;0.718952;6
8;0000001110100110010111000110111001111000110110;0.820879;8107;1000101001010011111001001000110110010101111010;0.513264;5069;0.733533;2
9;0000100100000111111110010110011101001101101010;0.819563;8094;1010100001000011100111010110101110100101111000;0.490077;4840;0.741047;6
10;0000101100100101010111000110111001111000110110;0.820778;8106;0010000010100110011011000110011101111111101000;0.563487;5565;0.750094;3
11;1000100000010110110111001110111101010100110010;0.819563;8094;1000001100100010111111111010100101001001101010;0.533718;5271;0.755832;5
12;0001100100010110111101001110011001010101110010;0.824018;8138;0010001101000011011011001101011101001101111000;0.563487;5565;0.76137;5
13;0000100001011110010111000111111001111000100110;0.826043;8158;0001011010010010010011011110001100011101100111;0.561563;5546;0.765929;5
14;0000001100011110011101001110011001011101101010;0.828372;8181;0000001000010011011011010110111100111011101010;0.619988;6123;0.774118;4
15;0000001100011110011101001110011001011011101100;0.830093;8198;0001010100110110111001011110000001111001101001;0.515897;5095;0.776722;6
16;0000100100101110010111001110111000110011100110;0.831004;8207;0001100000011011010100101000111101110100111011;0.642669;6347;0.78279;5
17;0000000100010110011101010110111001111110101100;0.831815;8215;1001100100010010011110011111001101110000111000;0.598825;5914;0.785378;3
18;0000100100001110010111010110111001011011100110;0.836979;8266;1001101000011010111001001111001101100110100100;0.524808;5183;0.787635;4
19;0000101000010111010101001110111001011110100110;0.83789;8275;0000000100011010011111001111001001111010111010;0.613204;6056;0.790118;6
20;0000000100011110011101001110111001011011100110;0.846294;8358;0010001000110100001001010110111001111111110010;0.619279;6116;0.795472;6
21;0000000100011110011101001110111001011011100110;0.846294;8358;0000010000010100011101010110111101111111110000;0.581207;5740;0.796911;5
22;0000001100011110011101001110011001111011100010;0.837586;8272;1000011100110110011001001010110011001011111000;0.570069;5630;0.797611;8
23;0000000100011110011111001110111010011001110010;0.844471;8340;0000000100011010010110110010111101111101101010;0.61857;6109;0.802636;6
24;0000000100011110011101010110111001011011100110;0.8468;8363;1000000100110010011101011110101001011011101010;0.615634;6080;0.80365;10
25;0000000100011110011111001110111010011001110010;0.844471;8340;1000001000011001101001011110111011011100100110;0.545768;5390;0.800099;7
26;0000000100001110010101010111111001011111100110;0.841535;8311;0000000100111100011011110110011011101010101100;0.651883;6438;0.802903;8
27;0000000100011110010101010110111001011110110110;0.842649;8322;1001000000011011011101000111111001000011111001;0.609964;6024;0.804315;10
28;0000100100011110010111010110111001111001100010;0.841231;8308;0001000000010110111111010111101000111100110010;0.736432;7273;0.807031;11
29;0000000100011110010111010110111001111000110110;0.846193;8357;1001000100010011111000010110111011011101100010;0.578574;5714;0.805987;8
30;0000100000011110011101010110111001011101110010;0.84275;8323;0000010100011010011101010011111011011010110010;0.645707;6377;0.807618;11
31;0000000100011110011101010110111001011001110110;0.845585;8351;0000100100110001011101000110101101111111100010;0.638011;6301;0.806451;7
32;0000100000011110011101010110111001011101110010;0.84275;8323;0000001000010101010111110011111100111101100010;0.673248;6649;0.80556;5
33;0000000100011110011101001110111001011111100010;0.852066;8415;0011000000000011011001011100111001111010110111;0.647327;6393;0.805856;10
34;0000000100011110011101001110111001011111100010;0.852066;8415;1000100000001010110011011111011101011010110010;0.631025;6232;0.805275;13
35;0000100000011110011101001110111001011111100010;0.850243;8397;1000000101010101010011010110111011111100110000;0.556298;5494;0.809186;11
36;0000100000011110011101010110111001011111100010;0.850851;8403;1001000100011011011001001111111000011001110010;0.637404;6295;0.812843;13
37;0000100000011110011101010110111001011111100010;0.850851;8403;0000000101011010001111010010111001111110110010;0.626266;6185;0.812625;14
38;0000100000011110011101010110111001011111100010;0.850851;8403;0000000100111010111111010010011001111001110010;0.647428;6394;0.814594;16
39;0000000100011110011101010110111001011111100010;0.852673;8421;0000000100111010011100001111101011011101101010;0.602369;5949;0.816929;14
40;0000000100011110011101010110111001011111100010;0.852673;8421;0100000100011100011001011110011011011011100011;0.672641;6643;0.819056;21
41;0000000100011110011101001110111001011111100010;0.852066;8415;1001100001110010011001010110011011011011110000;0.560855;5539;0.820487;11
42;0000000100011110011101001110111001011111100010;0.852066;8415;0000000101001010011101001110101010111111110010;0.636189;6283;0.820895;13
43;0000000100011110011101001110111001011111100010;0.852066;8415;0000000000110110011001011110111011111010100011;0.689652;6811;0.819404;15
44;0000000100011110011101001110111001011111100010;0.852066;8415;0000000101111010010101010110111001111111100000;0.687019;6785;0.819603;20
45;0000000100011110011101010110111001011111100010;0.852673;8421;0001000100011010011101011110101101011011100010;0.667072;6588;0.820367;11
46;0000100000011110011101010110111001011111100010;0.850851;8403;0000000000111110011111010110101001011111100010;0.736331;7272;0.820484;16
47;0000000100011110011101001110111001011111100010;0.852066;8415;0000000100101110111101111010101001011011100010;0.650162;6421;0.820296;19
48;0000000100011110011101001110111001011111100010;0.852066;8415;0000000101111110011101001010101001011010111010;0.643175;6352;0.819995;17
49;0000000100011110011101001110111001011111100010;0.852066;8415;0001000110011111110111001010101001010101100010;0.669502;6612;0.82108;14
50;0000000100011110011101001110111001011111100010;0.852066;8415;0100001101011100011101001110101001011110110000;0.67983;6714;0.820128;8
=============================================
geração;melhor;fitness;cobertura;pior;fitness;cobertura;média;ind_repetidos
0;0001110100100101011001010110011100111010110010;0.752126;7428;1011010011110001101101111001101100000111000000;0.240684;2377;0.522371;1
1;1000100110010101011101001110110000011011101010;0.783414;7737;1111100011000100111011000011100111000111000001;0.282604;2791;0.5809;3
2;0000101110010110010101000110111000111100101101;0.790603;7808;0111100011111100110110010001001100100001010101;0.313994;3101;0.636824;1
3;0000101110010110010101000111111101001000111100;0.791616;7818;0011110110100100101010100011000111000110110110;0.43874;4333;0.662834;2
4;1000100100000101011111010110011101010110100110;0.796679;7868;0100010011001100101110011111001010010110011010;0.404516;3995;0.684689;1
5;0000101011000111010111000110111010001101100110;0.792122;7823;1010010011001100101110010110101011010100101100;0.436209;4308;0.697876;3
6;0000100101001010011111011100110011001101100110;0.803362;7934;0001011110110110011010011001000110010101101100;0.453625;4480;0.716616;5
7;0000101101000110110111000110111010001101110010;0.803564;7936;1001010111000001001010001101111001011001011110;0.51691;5105;0.725688;2
8;0000101101000110110111000110111010001101100110;0.804779;7948;1010011001011010011101011100100010010101110010;0.538275;5316;0.735021;5
9;0000000100111010011111010110111010010100110110;0.812272;8022;1101110100000000110110111001001000110001110111;0.465776;4600;0.742126;8
10;0101100000011110011101010110111000001101110010;0.814804;8047;1000101011000010011011000111101100001100111011;0.519745;5133;0.750716;4
11;0000110000010110011111010110111010011001110010;0.827764;8175;1010000100011111111001001100100111010101100010;0.544856;5381;0.754757;1
12;0001011000010110011111010110111000011001110010;0.828777;8185;0100010101010100001001111010111101111101100000;0.481977;4760;0.757481;1
13;0000100100010110111101011110011010011011100010;0.822297;8121;0010100110000011111011111100111011001001001000;0.548198;5414;0.762974;5
14;0000100000010111110101010110110111011011100010;0.8226;8124;1000100100010010111111010010100111010101110010;0.572094;5650;0.765157;1
15;0000101000010111110101001110011010011111100010;0.82422;8140;0000010001010110011111011011001100011011110010;0.5403;5336;0.772137;6
16;0000101000011110011111010110011101001001110010;0.830194;8199;1101000101011100011011001111011000100001101100;0.615128;6075;0.775622;6
17;0000100100001110010111010110111010001111110010;0.834143;8238;0001001000010111011011001111000110001111100101;0.565006;5580;0.777618;5
18;0000101100001110010111010110111000011101110010;0.836574;8262;1001100000010000001111101010011111011101100011;0.545869;5391;0.781887;2
19;0000001100011110011101010110111110011001100010;0.838599;8282;0000110011010100011001010010011111010011111010;0.535439;5288;0.784065;3
20;0000000100011110011101001110111001010101110110;0.842649;8322;0101000101100001011011000111011101010101110010;0.583941;5767;0.787483;6
21;0000100100011110010111010110111001011100110010;0.844066;8336;1000110010001011011001000110101101110011100110;0.576954;5698;0.791462;5
22;0000000100011110011101001110111011111000110010;0.84194;8315;0000000100011010111001010110111101001101111010;0.61614;6085;0.794709;7
23;0001100000011110010111010110111001011001110010;0.840927;8305;1000010000100010110101111011111011001010110010;0.582928;5757;0.796762;13
24;0000000100011110011111010110111001011001110010;0.85004;8395;0100100001111010011111000100111001010111110000;0.713447;7046;0.800662;9
25;0000000100011110011111010110111001011001110010;0.85004;8395;0000011000001000110101101110111110011101100011;0.65725;6491;0.802165;6
26;0000000100011110011111010110111001011001110010;0.85004;8395;0100100101001101111110000110111001100011100010;0.729141;7201;0.803456;4
27;0000100000011110011111001110111011011000110010;0.84194;8315;0000000101011110010111010010101010110111110010;0.646719;6387;0.805436;12
28;0000001100011110010111001110111001011001110010;0.845585;8351;0000100010101010111111010110101001011101010010;0.642669;6347;0.808733;17
29;0000000100011111011101001110111001011001110010;0.844573;8341;0001000100010011011111101110101101001011100010;0.658465;6503;0.811128;16
30;0000001100011110010111001110111001011001110010;0.845585;8351;0000110100001001010111001011111001011011110010;0.66616;6579;0.810606;17
31;0000000100011110010111011110111001011001110010;0.847003;8365;0000100011101110011110001111110100110011000010;0.692689;6841;0.811655;12
32;0000100100011110010111010110111001011001110010;0.848825;8383;0000000110101100011011010110111001011101110010;0.66778;6595;0.812701;7
33;0000000100011110011111001110111001011001110010;0.849433;8389;0000000101101101010111001011111001011001110010;0.699474;6908;0.814384;9
34;0000000100011110011111001110111001011001110010;0.849433;8389;0000100110011110011110000101011011011101100010;0.735419;7263;0.816029;10
35;0000000100011110011111001110111001011001110010;0.849433;8389;0000000100111100111011110110011001011001110010;0.669401;6611;0.818014;13
36;0000000100011110011111010110111001011001110010;0.85004;8395;0000110010110110010011101110101000001111110010;0.625253;6175;0.817884;15
37;0000000100011110011111010110111001011001110010;0.85004;8395;0000000111100101011011010110011001111001110010;0.657047;6489;0.816189;13
38;0000000100011110010111010110111001111001110010;0.846699;8362;0000000100011011010111011100101001110011111010;0.630822;6230;0.816089;12
39;0000001100011110010111010110111001011001110010;0.846193;8357;0010001000111111011101010010101001011001110100;0.635075;6272;0.818604;21
40;0000100100011110010111010110111001011001110010;0.848825;8383;0000000010011111110011100110111011011010100010;0.673147;6648;0.818061;19
41;0000000100011110011111010110111001011001110010;0.85004;8395;0000001000010000011111010110111101111111100010;0.674868;6665;0.819704;23
42;0000000100011110011111010110111001011001110010;0.85004;8395;0000001001010101111110011010101001011011110010;0.553969;5471;0.820504;35
43;0000000100011110011111010110111001011001110010;0.85004;8395;0001000000010011011011011010111001011011101110;0.593358;5860;0.821695;34
44;0000000100011110011111010110111001011001110010;0.85004;8395;1000001100011110000101111010111101010001100110;0.717598;7087;0.822633;28
45;0000000100011110011111010110111001011001110010;0.85004;8395;0011001100011100011101001100110000110011110110;0.744937;7357;0.822727;24
46;0000000100011110011111010110111001011001110010;0.85004;8395;1001000100011101011111010010111001110000110010;0.710308;7015;0.822151;22
47;0000000100011110011111010110111001011001110010;0.85004;8395;0110001100011110110110000110110011011001100010;0.729749;7207;0.823171;22
48;0000000100011110011111010110111001011001110010;0.85004;8395;0000000101111110111111001010011001011011100000;0.669603;6613;0.822188;35
49;0000000100011110011111010110111001011001110010;0.85004;8395;0010000100001111011001111010111101010001110010;0.635682;6278;0.823533;32
50;0000000100011110011111010110111001011001110010;0.85004;8395;0001100100110110010110010110110100011011100110;0.754658;7453;0.826037;21
=============================================
geração;melhor;fitness;cobertura;pior;fitness;cobertura;média;ind_repetidos
0;0010011100000011000111011100110010110001111110;0.758404;7490;1110010010111011110000100101101110000011000110;0.248886;2458;0.514773;1
1;1000000101010111011101011101001001001100111010;0.739571;7304;1011011111110001001010000001001101101010100011;0.295059;2914;0.571972;3
2;0000000110010010011111001110101101010100110111;0.772479;7629;1011010111111100100011010001110000101010001001;0.276833;2734;0.616768;3
3;0001001100001110010101110110111010110101100010;0.798299;7884;1100000011111110100111110001000111110010000001;0.247975;2449;0.645079;1
4;0000000100001110010101110100111010111111100011;0.797388;7875;0110000111101111001011010001100110110010010100;0.310146;3063;0.66786;2
5;0010001100000010111111001110111101010100110010;0.815107;8050;1100011001001101101101001001001110110100110010;0.458789;4531;0.692532;3
6;0010001100010110010111001110111001011011100010;0.818651;8085;0010011001110110001011011100101011011001001100;0.421729;4165;0.706713;2
7;0100001100010110010111001110111001011011100010;0.820271;8101;0010011001011010100011100110111100011010101100;0.505468;4992;0.720777;6
8;0000001100010101011111001110111001011011100010;0.831511;8212;1001011100001100001101110010001111111010010100;0.510936;5046;0.731441;1
9;0000001100111011010111001110011001011011100010;0.821081;8109;1010000101010011000111101110101001111000010011;0.496861;4907;0.742646;5
10;0100001100011110010111001110011001011011100010;0.828676;8184;0010001111001001010111101101101110100001100010;0.515695;5093;0.750353;3
11;0100001100011110010111001110011001011011100010;0.828676;8184;0010000101011100011110001111001000110111111000;0.502633;4964;0.762097;1
12;0000100100011110010111001110011001011111100010;0.842244;8318;0110000001111010001111001111111100011000110000;0.542629;5359;0.764282;4
13;0000100100011110010111001110011001011111100010;0.842244;8318;1000001100111001110111001010011110001001101010;0.566626;5596;0.767078;4
14;0000100100011110010111001110011001011111100010;0.842244;8318;1000100101001011010011000111100101111011100010;0.531794;5252;0.774029;2
15;0000100000111110011111001110111010010001110010;0.830599;8203;0000110101010001110111000010101011001011110110;0.521264;5148;0.779273;3
16;0000101100010101011101001110111010111001100010;0.828878;8186;0000000010001110111011110010111101101100101010;0.578777;5716;0.781567;7
17;0000100100011110010111001110111010111001100010;0.836067;8257;0100000101000001110011001110111101010011110110;0.613102;6055;0.78481;7
18;0000100100011110010111000110111001010110110110;0.835662;8253;0110000000111101110101001010010001011011111010;0.563386;5564;0.788127;5
19;0000010100011110010111001110011001011001110110;0.833941;8236;0000000010011101010111101010111000111101110010;0.606015;5985;0.789582;5
20;0000000000000111111111001110111000111001110110;0.83789;8275;0000011001001010010111001010101101110011110110;0.59113;5838;0.79036;8
21;0000101000011111010101010110011001111001110010;0.83789;8275;0000100001110111011011001010101111010100110010;0.559741;5528;0.790279;7
22;0000101000011111010101010110011001111001110010;0.83789;8275;0000000100000011111111001111101011110001100011;0.625759;6180;0.793985;7
23;0000100000011110011101010110111101011001100110;0.84275;8323;0000000101011111101101010010101001001111110010;0.623329;6156;0.79562;3
24;0000100000011110011101010110111101011001100110;0.84275;8323;1100111100010110000111101011111001000001100010;0.65806;6499;0.796883;9
25;0000000100000110111111001110111001011001110110;0.844978;8345;0010100000100010101011001110101010011101111110;0.555994;5491;0.798775;11
26;0000000100000110111111001110111001011001110110;0.844978;8345;0000100001000000011111100110101101111011101110;0.630417;6226;0.801371;10
27;0000100100011110010111001110111001011001110010;0.848218;8377;0000110011011010000011010110111011011001110010;0.6048;5973;0.801081;5
28;0000100000000110111111001110111001011001110110;0.843763;8333;0000001000110110111111010010111000111111100000;0.701195;6925;0.804796;7
29;0000101000011110010101010110111001011011100110;0.841332;8309;0000001000111110010101101010101100011111110010;0.626164;6184;0.80365;7
30;0000001000011110010111001110111001011001110110;0.844674;8342;1000010100100111110011001110011101111001010000;0.589307;5820;0.802399;9
31;0000100000110110010111010110111001011001110110;0.844876;8344;0000100010111010110111000010111111111000100010;0.653706;6456;0.805471;14
32;0000100000110110010111010110111001011001110110;0.844876;8344;0000100000111110010011001010111000111110111010;0.674868;6665;0.808693;13
33;0000100000110110010111010110111001011001110110;0.844876;8344;0010010000101110110111001010111011010001110010;0.706156;6974;0.810486;5
34;0000100000010110111111010110111001011001110010;0.846193;8357;0100001000110010111111001010111101010100110010;0.680032;6716;0.810368;11
35;0000000100000110110111001110111001011011110110;0.845383;8349;0000010001000110110111010110101001110111110010;0.715472;7066;0.812542;15
36;0000100000011110010111010110111001011001110110;0.847003;8365;0100000000010110111101000111101111101001101010;0.703524;6948;0.812027;8
37;0000100000011110010111010110111001010111110010;0.847509;8370;0000001000011010111001111010111101110000110110;0.581916;5747;0.811436;8
38;0000100000011110010111011110111001011101100010;0.846497;8360;0101000000010010010111011110111101011101100010;0.724686;7157;0.81331;8
39;0000100000011110010111001110111001011111100010;0.846395;8359;0000000100111000011111001110110011111101110000;0.589206;5819;0.811584;8
40;0000000100011110010111010110111001010111110010;0.848522;8380;0000000111111010110101010010011101101011100010;0.60885;6013;0.811877;15
41;0000000100011110010111010110111001010111110010;0.848522;8380;1000100000101110010011110110101110011011001010;0.561563;5546;0.812279;14
42;0000100100011110010111010110111001011001110010;0.848825;8383;0000001000111100010111001110001101111110110010;0.660895;6527;0.81208;8
43;0000000100011110010111010110111001010111110010;0.848522;8380;0010110010101010010011001110110101011001111000;0.544654;5379;0.813639;6
44;0000000100011110010111010110111001010111110010;0.848522;8380;0000001000110011011101011110101101011101100010;0.63224;6244;0.814478;10
45;0000000100011110010111010110111001011001110110;0.848927;8384;0000000100011001110111001110111101011100110010;0.690867;6823;0.81695;11
46;0000100000011110010111010110111001010111110010;0.847509;8370;0000110000110100110111000110101111010111001010;0.656541;6484;0.817671;12
47;0000100000011110010111010110111001010111110010;0.847509;8370;0001000000101111011011010110111101011001100010;0.733698;7246;0.819996;16
48;0000100000011110010111010110111001011101100110;0.847914;8374;0110100000010110001010000110111101110110100111;0.703422;6947;0.818453;19
49;0000000100011110010111010110111001011101100110;0.848825;8383;0100000100101010011011010110111001010111110010;0.672641;6643;0.819442;23
50;0000100100011110010111010110111001011001110010;0.848825;8383;1000000000111010011111010110111001011011110000;0.593256;5859;0.822854;21
=============================================
geração;melhor;fitness;cobertura;pior;fitness;cobertura;média;ind_repetidos
0;0010000000000010100111111100111100110011110111;0.755569;7462;1110111011000111111010110000000110110010000001;0.21132;2087;0.513937;1
1;0011101000001010101111001100011011101010101010;0.758708;7493;1111110110000001111010011001010010010001010101;0.272175;2688;0.57183;3
2;0101111000001010011100001101111101011000110010;0.772681;7631;1111100110000001001001101100101110111011000100;0.34194;3377;0.61356;3
3;0001111000001010011100001101111101011001110010;0.788882;7791;1000011011011011001011010000011010111010001101;0.326954;3229;0.648037;1
4;0000101110010100011101011101110011001110100010;0.779972;7703;1100001100111011000010011101000111010010101011;0.418186;4130;0.670944;2
5;0000101000101110011110010110111000110100110110;0.803463;7935;0100001110111011000010010010011111001101101001;0.440158;4347;0.688534;5
6;0000101000101110011110010110011000111100110110;0.797185;7873;1100010110000101110011011100001001011010101101;0.44755;4420;0.704473;4
7;0000100100001111011101000110111001111001010110;0.80488;7949;1010100011000100110111101011011101000101010001;0.434083;4287;0.716907;5
8;0001100000011110110111001110011001010110110010;0.813994;8039;0000000101110011011010010010011101101111100110;0.524301;5178;0.725655;1
9;0001100000011110110111001110011001010110110010;0.813994;8039;1000010000010111110010001111100110101010101011;0.460612;4549;0.735278;3
10;0100100000011110010101010110110000011111111010;0.807918;7979;0101100010101110010001101010011000100111111010;0.615431;6078;0.744789;4
11;0000101100001111010111001110011001010010110110;0.815614;8055;1110010001001110011011110100111010010000110100;0.614014;6064;0.750129;5
12;0000101100010111010101010110011000111100110110;0.821588;8114;0010001000111010010011011101011111011000101010;0.58789;5806;0.756331;3
13;0000100000011110010111011100111101110010101010;0.827866;8176;1100000010101100011111010110001100101100110011;0.555184;5483;0.76118;2
14;0000101100011111010101010110011101110010100010;0.837485;8271;0001101100011000001010100110111111100110111000;0.577866;5707;0.765878;3
15;0000101100001110010101010110011101111011100010;0.835662;8253;0010001100110011110101011010011001101101101000;0.610267;6027;0.7717;6
16;0000101000010110110111000110111101000111100110;0.828068;8178;1000000001001010110011011111111001100011101100;0.511239;5049;0.776683;7
17;0000100000000110111111011101111001001110110010;0.830802;8205;0100001100001100110011001111000111101111101000;0.48471;4787;0.778861;7
18;0000101000001111011101010110111001111001100010;0.832422;8221;0001111011001000011011010110001101011010110100;0.497469;4913;0.781352;3
19;0000100100011111010101010110011101110011100010;0.838194;8278;0011000010011010011111010101111101111000100000;0.570676;5636;0.785992;8
20;0000100100010110110111010110111001001110110010;0.833637;8233;0100001000000011111010001100111110111001111010;0.61695;6093;0.788787;11
21;0000000100010111111101001110111001010111100010;0.833738;8234;0110101000101001010110010110101100011100111100;0.598015;5906;0.789485;7
22;0000100100001111011101010110111001011101100010;0.836877;8265;0110000000001011111111010101011000011101101010;0.679324;6709;0.793061;7
23;0000100000001110010111010111111101011101100010;0.839814;8294;0000011100100011110101010010101100011111110010;0.563082;5561;0.793915;8
24;0000100100001111010111010110111101001101100010;0.837282;8269;0000100110011100010010110110101001111110110010;0.575942;5688;0.796159;13
25;0000100000010110011101011110111001011011110010;0.839307;8289;0001101000100111111101010000011001100110100111;0.715573;7067;0.800664;11
26;0000100000010110011101011110111001011011110010;0.839307;8289;0101100001000110111111010010101001011110110000;0.587687;5804;0.802841;11
27;0000100000110110011101011110111001011101100010;0.840927;8305;0001000000001111111100011110011101111011000100;0.717193;7083;0.807262;11
28;0000001000011110010111011110111001011100100110;0.839004;8286;0000001010100001011101001110111101111011100010;0.678109;6697;0.804867;10
29;0000100000000110110111010110111001001111110110;0.844573;8341;1010010100000111111000011100011001111111100000;0.594876;5875;0.8063;10
30;0000100000000110110111010110111001001111110110;0.844573;8341;0000110000010110111011010110101010101101110010;0.656035;6479;0.806809;11
31;0000100000000110110111010110111001001111110110;0.844573;8341;0000000010011110110100101110111101101100010011;0.728838;7198;0.809932;12
32;0000100000010110111101010110111101011011100010;0.84518;8347;0001100011110100011100010110101000010111100111;0.723572;7146;0.809581;6
33;0000100000011110010111010110111001011011110010;0.848117;8376;0001100001011001011101010110110001111101110000;0.612799;6052;0.810008;13
34;0000100000011110010111010110111001011011110010;0.848117;8376;0000100001011010010011011100011101111001110011;0.640138;6322;0.813784;14
35;0000100000010110111101010110111101011011100010;0.84518;8347;0100100000101100010010111100011001111111110010;0.65806;6499;0.81395;17
36;0000100000010110111111010110111001011101100010;0.846294;8358;0000000000111111010111010011111101001100110010;0.730964;7219;0.815353;23
37;0000000100011110011101011100111001011111100010;0.84923;8387;1000101000010111110100010100111001011001100111;0.750203;7409;0.815291;12
38;0000100000010110111111010110111001011101100010;0.846294;8358;1000010011101110010001011100111000011111100010;0.66778;6595;0.815914;13
39;0000000100000110111101010110111001011011110110;0.846699;8362;0000110000110110011011110010101001011111100010;0.545464;5387;0.815665;8
40;0000000100000110111101010110111001011011110110;0.846699;8362;0000110000010010011011010110111101011111100010;0.655326;6472;0.815588;7
41;0000100000011110010111010110111001011011110010;0.848117;8376;0001000000010110111011010110111001111011110000;0.611685;6041;0.814917;11
42;0000100000000110111101010110111001011111110010;0.846699;8362;0000001000010101110111010110101001011111110010;0.687728;6792;0.81646;11
43;0000100000011110011111010110111001011001110010;0.847205;8367;0000000000010111111111110010101001010111110010;0.583941;5767;0.814564;12
44;0000000100010110111111010110111001011001110010;0.846598;8361;0001100000001011010111011010101101111001100110;0.680235;6718;0.817293;13
45;0000000100011110010111010110111001010111110010;0.848522;8380;0000001000011100110011010110111101011101100011;0.652997;6449;0.817569;15
46;0000100000010110111101010110111001011111100010;0.849737;8392;0000110000110100010111010110101101011011110010;0.726205;7172;0.817969;13
47;0000000100011110010111010110111001011011110010;0.848623;8381;0001100001101110010011110110011001011111100000;0.702714;6940;0.817215;16
48;0000100000010110111101010110111001011011110010;0.847104;8366;0000000000011110111111010010111001101111110000;0.60804;6005;0.817348;14
49;0000000100011110011111010110111001011101100010;0.849534;8390;0000000000010101111111010011110001111111100010;0.574929;5678;0.816314;12
50;0000100100011110010111010110111001011101100010;0.848724;8382;0000001000011000011111010110111101111010101010;0.672539;6642;0.818373;17
=============================================
geração;melhor;fitness;cobertura;pior;fitness;cobertura;média;ind_repetidos
0;0000001010110100111100011100111010011101100011;0.751418;7421;0011110001111000101000111101010010100111010001;0.246659;2436;0.513267;1
1;0010001000110011011111010010111101001100100110;0.779465;7698;1110101010111001001010100011011101100110001000;0.28706;2835;0.572203;6
2;0010001000110011011111010010111101001100100110;0.779465;7698;0000011111111011101011100111101010000000011000;0.34518;3409;0.614257;1
3;0101011010100110010100010110111001001001101110;0.790401;7806;1010001000111011111010100011100011100001010110;0.349129;3448;0.65;5
4;0010001101010100011101011100011101000011110110;0.797793;7879;1011111010000011001001100001100110101011110100;0.395403;3905;0.673874;3
5;0100101000011100011101011100011101000011110110;0.800121;7902;0010011001001100001001111110100111100100111010;0.460004;4543;0.692197;2
6;0001011000001010011111011100011011011011100010;0.816322;8062;1101011100000100101001111000101000000111110111;0.460814;4551;0.704999;3
7;0000101000010111010101101110111011110000100110;0.803463;7935;0010111010101000100011010110111000111100001101;0.475294;4694;0.717044;4
8;0001011100000111110101011100011001011011100010;0.823309;8131;0011110001001010010010001111001101010111101010;0.498582;4924;0.723828;3
9;0001011100000111110101011100011001011011100010;0.823309;8131;1100011000100101110111111100001001001011110000;0.526428;5199;0.737236;3
10;0000100101000111111101011100111001010101101000;0.815209;8051;1011101011001000111111011000001100011000110010;0.475901;4700;0.745381;4
11;0000101000110110011100010110111000010111101110;0.820676;8105;0110100001010000010001111100111011001001111011;0.507695;5014;0.752797;3
12;0000101000110110011111000110111101001001110010;0.832726;8224;0100001001001001010101111010011011011001111010;0.572398;5653;0.759162;4
13;0000100000110110010111011100011101001011110110;0.831612;8213;1111000100101000010111011010101001010111100010;0.55488;5480;0.76492;7
14;0000110000010110111101011100011001011011110010;0.829384;8191;0100011100111100011110000010101001101101110100;0.576549;5694;0.768915;4
15;0000101000010110011111000110111001011101100110;0.831308;8210;0000010000011100101111110110101101011101100100;0.499595;4934;0.772533;5
16;0000000100110110010111000110111101001101110110;0.834447;8241;0011001010000100111101000011101001111000111101;0.522884;5164;0.777412;2
17;0000101000110110010101000110111001011111100110;0.836067;8257;0110000110010010110011010111100001101001110110;0.552754;5459;0.78097;8
18;0000001000011111010101000110111001011111100110;0.83708;8267;0110000000110010011111010111101001001101110010;0.603483;5960;0.785426;11
19;0000101100001110010111010110111001111001100010;0.83627;8259;0000000010110110100111011100101101011101110010;0.676083;6677;0.788878;5
20;0000100000111110010111010110111001011101100010;0.841738;8313;0001011110000001011111011011011001010001100011;0.654719;6466;0.790699;4
21;0000001000011110011101010111111101111000100010;0.840117;8297;0010000111101001011111000100011101010101110010;0.623937;6162;0.792374;6
22;0000101100000110110101001110011001011111100110;0.836472;8261;0000001110101101010011000110111001011111110000;0.631936;6241;0.795057;4
23;0000100100011111010111010110111001110001100010;0.839712;8293;0100010101110010110110000010111000110111100110;0.694006;6854;0.798719;8
24;0000001100011110010111011100111001010111100010;0.83789;8275;1000001010010111011101010110101110011101100000;0.671122;6628;0.797932;6
25;0000001100001111010101010110111001011011110010;0.83789;8275;1110100000011010010111000110001001111001111010;0.654617;6465;0.799324;6
26;0000101000011110011111001110011001011101100010;0.839105;8287;0001011000011000110101010101111001110001111010;0.653301;6452;0.80046;4
27;0000100000011110011101010110110001111111100010;0.83951;8291;0111010100010010000011010100111101010111110010;0.573714;5666;0.799514;7
28;0000100000011110011101010110111010011011100110;0.8387;8283;0100101000111101010011010110101001110001101010;0.640138;6322;0.801912;3
29;0000000100011110010111010110011001111011100110;0.839915;8295;0010001101010110010111000100001011011101010111;0.688335;6798;0.801154;7
30;0000000100011110010111010110011001111011100110;0.839915;8295;0000100100000010110011011010011011111111110010;0.607128;5996;0.799432;1
31;0000000000000110110111001110111101001111110110;0.846598;8361;0000001011011100001011000110111101101111100010;0.608951;6014;0.80161;5
32;0000000100011110011101001110111000111101100110;0.841535;8311;0000100000110100100011000111111011011110111010;0.673755;6654;0.804713;3
33;0000000100011110011101010110111001111001110010;0.847307;8368;0000100000110100110011011110011101011111100010;0.705144;6964;0.804881;10
34;0000000100011110011101001110111000111101110010;0.844168;8337;0001110100010110011011111100111100001011100000;0.705043;6963;0.806845;13
35;0000000100011110011101001110111000111101110010;0.844168;8337;0101000110110110110001000110111101001101110000;0.65644;6483;0.80824;9
36;0000000100011110010111001110111101001011110010;0.844471;8340;0000001000011110010011001010111001111101111010;0.634974;6271;0.808669;9
37;0000000100011110011111010110111001011001110010;0.85004;8395;0000011001111100010011011110011001011101100010;0.645707;6377;0.811654;7
38;0000000100011110011111010110011001111001110010;0.844674;8342;0000100100111000011101010010111100111001111010;0.664034;6558;0.811092;10
39;0000100000001110010111001110111001111101100110;0.84356;8331;0001000100010111110001011110000101110101111010;0.601053;5936;0.811468;19
40;0000000000001110011111001110111101001101110110;0.844269;8338;0000000100111010011111001111011001111101100000;0.692183;6836;0.810417;2
41;0000000100001110011101010110111101011011100110;0.843256;8328;0010000100011011011000011110111001011111100010;0.579283;5721;0.80767;7
42;0000001100011110010111010110111001011001110010;0.846193;8357;0000001000010100111111011010111101100111110000;0.602673;5952;0.809358;8
43;0000000100011110011101010110111101011001110010;0.84842;8379;0000100010010011011101110010011101111001101010;0.664945;6567;0.809505;4
44;0000000100011110011101010110111101011001110010;0.84842;8379;0000010100111010011101001110001101011011101010;0.606723;5992;0.811867;15
45;0000000100011110011111001110111001011001110010;0.849433;8389;0010010100011111011011000110110001011111100000;0.637404;6295;0.811657;16
46;0000000100011110010111001110111001011001110110;0.84842;8379;0001000100111100011111001110001001011101110010;0.710409;7016;0.815579;3
47;0000000100011110010111001110111001011001110110;0.84842;8379;1001000100011100011011011110011001011100110010;0.67902;6706;0.815039;9
48;0000000100011110011111010110111001011001110010;0.85004;8395;1000000100110011011011001110111001111010100010;0.626671;6189;0.816199;10
49;0000000100011110010111001110111001011001110110;0.84842;8379;0001010000011110111111000111101001011001110000;0.612191;6046;0.816259;9
50;0000000100011110010111001110111001011101100110;0.848319;8378;0000000110011100011011010110111001011011100011;0.666464;6582;0.816291;6
=============================================
geração;melhor;fitness;cobertura;pior;fitness;cobertura;média;ind_repetidos
0;0000100001011100111111010110111001010011100010;0.8226;8124;1111100101101000111010010011001110001011000001;0.24838;2453;0.51722;1
1;0000100001011100111111010110111001010001010110;0.78706;7773;1001010011110000100110000101001110111011001101;0.225395;2226;0.576695;3
2;0000101100001111110100001010011011011111110000;0.765796;7563;1110011101001011111011011000011000001000011001;0.355508;3511;0.61912;3
3;0001000010010101010111011110111001001000111110;0.767315;7578;0000011111111001111100010100100011111001000100;0.366444;3619;0.652918;2
4;0000011110001111010111001110111001010001100010;0.812576;8025;0000111011010101101001100011001111110100000110;0.398947;3940;0.679291;3
5;0001001101010101011111010110111001010001100010;0.817132;8070;0100111010111011010011010110001101001010010001;0.379708;3750;0.697879;1
6;0000001101010101011111110110111001010001100010;0.814601;8045;0010100001011101110100011111100001111101001000;0.445322;4398;0.707656;2
7;0001101100010111010100000110111101001011101010;0.803665;7937;0011010001011110001000011110101001101110101010;0.499595;4934;0.720189;3
8;0000001110011111010101000110111001110011100010;0.819259;8091;0011001010011101011110011101001010101000011100;0.524909;5184;0.732482;3
9;0010001100100110011111011100111001011001100010;0.819664;8095;0001000011001011011011000110111010111100100011;0.585763;5785;0.739156;4
10;0001011100011110011111011100011001000001100011;0.814601;8045;0001001010011000101100100110101101001010111111;0.542932;5362;0.746462;2
11;0000100001001010011111001101111000111001110110;0.808829;7988;0010100001001001111110010010011101101011110010;0.547691;5409;0.752326;5
12;0000100000010111110111000110111001101110100110;0.827157;8169;0010001001101011011001000111011111100111010000;0.462738;4570;0.757344;5
13;0000001000001111111101001110111001011110100010;0.831308;8210;0000011100001110111001001001111001011111110000;0.563589;5566;0.765013;6
14;0001011000001110011111000110111001010101110010;0.835257;8249;0010001000101010110111010110101000110110111010;0.601762;5943;0.769868;4
15;0000001000001111111101001110111001010101110010;0.829891;8196;0001010000101110111000011111001001000011110111;0.543945;5372;0.773706;2
16;0000100000011110111101010110111001010101110010;0.834953;8246;0001100100011101010011011110111101000101001001;0.661705;6535;0.777691;4
17;0000100100001111010101010110111000111001110110;0.834042;8237;1010000100000000011111000011111101101001101111;0.564297;5573;0.781255;2
18;0000100000011111011101001110111001010101110010;0.839915;8295;0001011100101010011001011110101011011001010010;0.545768;5390;0.784702;4
19;0000101100010111110101000110111000111001110010;0.835763;8254;0010000000001101010111111110111011010101101000;0.581409;5742;0.788382;6
20;0001011000001111010101001110111001010101110010;0.830599;8203;1001101010000010110111111100111001100011010000;0.672742;6644;0.792514;5
21;0000000100011110011111001110111001011100110010;0.844269;8338;0010010010100111111111001010001001101100110010;0.551539;5447;0.793422;6
22;0000000100011110011111001110111001011001110010;0.849433;8389;1000100000101100111111010010011110001110110010;0.703827;6951;0.797069;9
23;0000001100001111011101010110111001011110100010;0.837991;8276;0001011000100110111111000010101000111001110011;0.651276;6432;0.799828;6
24;0000001100001111011101010110111001011110100010;0.837991;8276;1001011000011010011101000011111101010100110010;0.637606;6297;0.802322;4
25;0000100000001110011111001110111000111001110110;0.838295;8279;0000001110100101110011010010110111111100100010;0.552045;5452;0.802782;10
26;0000100100011110011101000110111101111000110010;0.840016;8296;0000011000010010111111100110111011110101100000;0.657047;6489;0.802676;4
27;0000001000011110011111010110111001011001110010;0.846497;8360;1010010100011010010111010110111001110100110000;0.66535;6571;0.804859;8
28;0000000100011110011111001110111001010101110010;0.844775;8343;0001010000010110011011001110111110001101110010;0.710409;7016;0.805092;5
29;0000000100011110011111001110111001010101110010;0.844775;8343;1001111000110000011010010110111001110101100010;0.597914;5905;0.807632;11
30;0000000100011110010111010110111001011111100010;0.848015;8375;0000001000110010111101011010111001110111100010;0.64996;6419;0.809505;8
31;0000000100011110010111010110111101101100110010;0.842345;8319;0001001000110101011111010010111001110101100010;0.712434;7036;0.813243;8
32;0000000100011110010111010110011001111001110110;0.844066;8336;0001000000101111111001001010111000110011110110;0.664844;6566;0.812514;5
33;0000000100011110010111010110011001111001110110;0.844066;8336;0001001000101111011001000010111101111001110010;0.656136;6480;0.814784;8
34;0000001000010110111101010110111001011111100010;0.848825;8383;0001000101001010010111011110011010111011110000;0.7016;6929;0.812562;12
35;0000101100001111010101001110111001010101110010;0.842446;8320;0000000000010111111111001110001001111101110010;0.724484;7155;0.811554;4
36;0000101000010110011101010110111001011111100010;0.841738;8313;0011000000100010110111010110011101111100110010;0.723775;7148;0.813627;7
37;0000001100011110011101001110111001011001110010;0.84194;8315;0100000100011110010111010010111000011111110001;0.721446;7125;0.813375;8
38;0000101000011110010101010110111001011111100010;0.844573;8341;0000000100111010011111010110101001110111100010;0.639226;6313;0.814226;16
39;0000100000011110010111011110111001011001110010;0.845585;8351;0000000000111110011101001110101001110111100011;0.716282;7074;0.817478;5
40;0000001000011110011101010110111001011111100010;0.850142;8396;0000010100010010011101010011111101110101110010;0.624443;6167;0.817269;6
41;0000001000011110011101010110111001011111100010;0.850142;8396;0100001000011010111011110110111001010101100010;0.639834;6319;0.816487;9
42;0000100000011110011101010110111001011111100010;0.850851;8403;0001000010011100011011011110111001011101100010;0.618469;6108;0.81654;12
43;0000000100001110011101011110111001011111100010;0.847003;8365;0000001000011011111110010110101001111101100010;0.598117;5907;0.816303;11
44;0000001000011110011111001110111001011101100010;0.846395;8359;0000000110011110111001001010111001011101110010;0.638416;6305;0.816123;11
45;0000000100011110011101001110111001011011110010;0.85004;8395;1010000100000010111001010111111101011011100010;0.614621;6070;0.816162;8
46;0000000100011110011111010110111001011101100010;0.849534;8390;0110001010011100011101001000111001011111100010;0.664642;6564;0.815115;8
47;0000000100011110011111010110111001011101100010;0.849534;8390;0000010100101010010111011001111101011001110010;0.63386;6260;0.814407;7
48;0000000100000110111101001110111001011111100110;0.848117;8376;0000000100011010011011010110111010011111110010;0.642365;6344;0.815995;9
49;0000001000011110011101001110111001011111100010;0.849534;8390;0001100110011110010111001010100101010011100110;0.714054;7052;0.818999;6
50;0000000100011110011101010110111001011011110010;0.850648;8401;0000100101011101011011001110001101010101110010;0.634164;6263;0.81996;14
=============================================
geração;melhor;fitness;cobertura;pior;fitness;cobertura;média;ind_repetidos
0;0000110000001101000101011100111101111000110111;0.776326;7667;1101010010011011101001110000101000100101011101;0.245747;2427;0.524805;1
1;0000110000001101000101011100111101111000110111;0.776326;7667;1010000001111011100111001001100110110001011001;0.274706;2713;0.586425;1
2;0010000100001110010001001101111110101110110110;0.76853;7590;0111000011111110011000011001000110010111001010;0.32503;3210;0.629623;2
3;0001111100001110010101100110111110000100100110;0.791515;7817;1001100001111001110001000101110011100110011100;0.403706;3987;0.66341;1
4;0001111100001110010101100110111110000100100110;0.791515;7817;0000101111101001110000100110101110100110001011;0.37262;3680;0.682233;4
5;0000001100110111010101111100111010001110100010;0.797793;7879;0111001101001000110110000000101111101100111001;0.420109;4149;0.696341;2
6;1000001000001110011111000110111010001111110100;0.804374;7944;0101011011100010100011101111000011010100110010;0.459397;4537;0.711224;5
7;0010001000001110111111000110111010011011100010;0.811766;8017;0000110011101010110001001101101101001001111010;0.476407;4705;0.725767;2
8;0100010100000110111111000110111010011011100010;0.81126;8012;0001010001011111011110010110000010111001110001;0.526529;5200;0.734791;1
9;0001110000000110111111000110111010011011100010;0.814196;8041;0000000011001101111110001100101011101110100011;0.481369;4754;0.741445;4
10;0000100100101101010111010110011101001101110010;0.826448;8162;0001001000110110110000100010111011110111101010;0.58546;5782;0.754689;3
11;0000101100110110010101000111011001011101100110;0.822702;8125;1000110000100000110011111110111111010000101010;0.524605;5181;0.759804;5
12;0000101100110110010101000111111001011101100010;0.827764;8175;0111010100001010110011110110010100001101101100;0.56936;5623;0.763014;9
13;0000101100001110110101010110011001011011110010;0.828068;8178;1001011000011011111011011110000001001001100011;0.497367;4912;0.764528;5
14;0000101100011101010111001110111010010011100010;0.830093;8198;0001001000111011110101010001011011011101100010;0.599433;5920;0.76884;3
15;0000101100000110110101010110111111011000100110;0.833435;8231;0010011011100100001101000110001111011011100011;0.567537;5605;0.77494;4
16;0000100000001111011111001110011001011101110010;0.835055;8247;0001011100101010111001011010111100101100100010;0.620292;6126;0.779046;1
17;0000100100110110010101010110111101110110100010;0.830194;8199;0011001011001111010001110110100111011001010000;0.446942;4414;0.780714;2
18;0000100100010101011111010110111001111100100010;0.835561;8252;0000001100010011111010101110001001111011110010;0.5;4938;0.783488;3
19;0000100000001111010111010111111001011100110010;0.834751;8244;0001010000010010011101011111011011001011111000;0.606926;5994;0.788387;5
20;0000101100001111110101001110011101111000100010;0.834245;8239;1000011010100110010101001011111001111110100000;0.66373;6555;0.79096;7
21;0000101100001111010101010110111001011101101000;0.835865;8255;0001011000001101010101011010011001011011111001;0.636999;6291;0.790424;7
22;0000100000110110011101010110111001111110100010;0.840522;8301;0001011100001010100011101110111011011011010000;0.528959;5224;0.794375;14
23;0000000100001110011111011110111101011000110010;0.833738;8234;0010000010101010110101010110101101101110110010;0.576549;5694;0.794713;7
24;0000100100010111110101000110111101011001100110;0.838194;8278;0001011011011011010101010110001100110100101010;0.617153;6095;0.798142;10
25;0000101100001110010101010110111001111110100010;0.840725;8303;0000001000100110100111110110101101011101111000;0.643884;6359;0.798929;10
26;0000101100001110010101010110111001111110100010;0.840725;8303;0101000110001010110101011000111001111000101011;0.622519;6148;0.800903;9
27;0000100100011110010101010110111001111110100010;0.842953;8325;0000100001011001110101011110111101100001101010;0.706764;6980;0.803762;8
28;0000000100011110011111010110111001011100110010;0.844876;8344;0010000110010000011101011110111101101011010010;0.61614;6085;0.804964;10
29;0000000100011110011111010110111001011100110010;0.844876;8344;0001000100001011010111010111111011110001110000;0.707473;6987;0.806452;13
30;0000001000011110011101010110111101011011100010;0.845585;8351;0001001101110100011101001010101101001011101001;0.567436;5604;0.806881;9
31;0000000100001110011111011110111001011101100010;0.843864;8334;0000000100011111111001011110111001010011101000;0.697145;6885;0.808658;8
32;0000100000001110011111011110111001011101100010;0.844066;8336;0000000100001110111011011110111001011100111000;0.695626;6870;0.807826;10
33;0000100000001110011111011110111001011101100010;0.844066;8336;0011011100000010011111010010101000111101101010;0.610672;6031;0.808178;4
34;0000100000001110011101010110111101111110100010;0.840219;8298;0001101101000100011111000010111111001011100010;0.736432;7273;0.808442;6
35;0000000100011110011101011110111001011101100010;0.843965;8335;0001000110001100101101101110101010111100101010;0.645504;6375;0.806403;5
36;0000000100011110011111010110111001111000110010;0.8468;8363;0010011100001010111001011010111101011100100010;0.577663;5705;0.806665;10
37;0000000100011110011111010110111001011101100010;0.849534;8390;0010001010001011011001010110111101011101100010;0.620697;6130;0.809181;8
38;0000000100011110011101010110111001011111100010;0.852673;8421;0000001100011001010111000011101101011111110010;0.526529;5200;0.807671;4
39;0000000100011110011111010110111001011101100010;0.849534;8390;0010000100001010110111001110101001111010110011;0.624949;6172;0.808823;9
40;0000000100011110011111010110111001011101100010;0.849534;8390;0000000100011110111010010010111101101101101010;0.618469;6108;0.809486;6
41;0000001000011110011111010110111001011101100010;0.847003;8365;0000000111011011000111010110101101011101100010;0.577967;5708;0.806397;4
42;0000000100111110010111010110111001011101100010;0.84275;8323;0011100100001000111110010111100111010100110010;0.615128;6075;0.809736;11
43;0000000100011110011111010110111001011101100010;0.849534;8390;0000000100011110111111011010101001011110100010;0.662616;6544;0.811522;5
44;0000000100011110011111010110111001011101100010;0.849534;8390;1000011000001010011001011110101011010111110010;0.547084;5403;0.813012;11
45;0000000100011110011111010110111001011101100010;0.849534;8390;0001100000001100011101011111101001011101110010;0.72904;7200;0.814529;7
46;0000000100011110010111011110111001011101100010;0.846902;8364;0001000100011010010111010110101011111001110010;0.661908;6537;0.813179;7
47;0000100100011110010111001110111101011001100010;0.844674;8342;0000010000001010011111111111111001011100110000;0.597205;5898;0.813183;9
48;0000100000011110011111001110111001011101100010;0.847104;8366;1000000100110010011011001110111001011011100011;0.615128;6075;0.814104;12
49;0000000100011110011101001110111101011011100010;0.848015;8375;0000000000101110011011010110111101111101010010;0.679627;6712;0.814259;5
50;0000000100011110011101001110111101011001110010;0.847813;8373;0000100000111010011101011110101001011101101010;0.674666;6663;0.81361;9
=============================================
geração;melhor;fitness;cobertura;pior;fitness;cobertura;média;ind_repetidos
0;0001111000000101010101101111110000010111110010;0.778352;7687;1101000111111000101010101010001100100001011101;0.257999;2548;0.517157;1
1;0001111000000101010101101111111000101001101010;0.780275;7706;1110100101001011110001010001101010010111010001;0.289186;2856;0.573682;3
2;0001101100011110110110001110010101001101001010;0.759619;7502;1100101010000111101010011001100000111011011001;0.291515;2879;0.612883;2
3;0000101110011110010111011100011000110100100110;0.7984;7885;1110000101100110001001000100100110110111011101;0.369988;3654;0.645682;4
4;0001000000101100011111000110111111011100100110;0.80083;7909;0100011100100011011011100110101111001100010001;0.411199;4061;0.668745;1
5;0000001010011111010110011110010001110110101010;0.787971;7782;0111000011010110111100010001101010000101110101;0.398238;3933;0.687349;3
6;0001000100001100001111000110111111011100101110;0.799311;7894;1000001101101000111011110110101110100110100000;0.436209;4308;0.708131;5
7;1000000100011010010111000110111111001110110010;0.80326;7933;0100100011111000111101110110100010101010101000;0.472863;4670;0.720535;2
8;0001111000010110010100000110111101001111110010;0.801539;7916;1010000010011011010001011100011010110101001111;0.475597;4697;0.730273;9
9;0001111000010110010100000110111101001111101010;0.81207;8020;1001100000101001011010000111110011001111111000;0.478433;4725;0.738527;5
10;0001111110001010011101010110111000101001100010;0.81774;8076;0000010010011001100111111110010001111100110010;0.542021;5353;0.740592;2
11;0000101100001110111111010110111010001001100010;0.813892;8038;0011000100011010010111100010011111001011011001;0.486533;4805;0.751557;3
12;1000000100011111011101001110111000011001110010;0.81936;8092;1000010101011000110100101010010000110111110111;0.481065;4751;0.75679;3
13;0001011000010110011101010110111110101001100010;0.826347;8161;1100101000001001111111011000010011010111100010;0.61452;6069;0.763797;2
14;0000000000011111011111001110111001011001110010;0.835257;8249;0000000101001011111001010111110101011001110100;0.578473;5713;0.770983;8
15;0000000000011111011111001110111001011001110010;0.835257;8249;1010111000011000000110011010011010111011110100;0.534427;5278;0.771379;4
16;0000101100010110010101010110111001011110100110;0.837586;8272;1000010100011010011111000011110011001100101011;0.560247;5533;0.778651;5
17;0000101100010110010101010110111001011110100110;0.837586;8272;1001010100011010010010111100111001111100110000;0.513771;5074;0.783895;6
18;0000001000001110011101001110111001011111100110;0.846395;8359;1000110000011000010111101010111011011001110010;0.572398;5653;0.784432;7
19;0000101000101110011111001110011001011001110010;0.833131;8228;0001000001010010110111010011011011011100111010;0.585055;5778;0.785603;3
20;0000100000110110011111000110111001111001110010;0.836675;8263;1000011100011001001101011000111000111001111010;0.577461;5703;0.787122;10
21;0000100100011110010111000110111001011100110110;0.838801;8284;0000111000011001011001001110011011011101110010;0.612394;6048;0.792768;13
22;0000001100011110011101000110111001011011110010;0.840219;8298;1000001000111011001111001000011001111111101000;0.515087;5087;0.791724;4
23;0000001000011110011111001110111001011001110010;0.845889;8354;1001000000100000011111101000011001111101110111;0.553463;5466;0.792596;8
24;0000100100011111010111000110111001011001110010;0.84599;8355;0000001100000101101011100010111011111110110010;0.546071;5393;0.796045;10
25;0000000100011111010111000111111001011001110010;0.839004;8286;0000000101000000111111011110111001011110111000;0.598319;5909;0.796727;9
26;0000000100011110010111001110111101011001110010;0.846092;8356;0000000000111010111111000110001011101101110011;0.548805;5420;0.79831;6
27;0000100100011111010111000110111001011001110010;0.84599;8355;0000000001000010111011011110111001011101110110;0.635176;6273;0.801679;10
28;0000000100011110010111001110111101111100100010;0.84113;8307;0000001111011010111101110010011001001001101010;0.722155;7132;0.805025;12
29;0000000100011110010111011110011001001111110010;0.839611;8292;0000000010111010110111001110101011011010110010;0.572904;5658;0.803199;5
30;0000100100011111010111000110111001011101100010;0.845889;8354;0000000110001010010111010110111011111101101000;0.705448;6967;0.806631;5
31;0000000100011110011101011110111000111001110010;0.84275;8323;0000000100111010011111100110101011011101100010;0.624139;6164;0.805965;9
32;0000100000011111010111001110111001011101100010;0.845585;8351;0100010100001011110111001110001011011110100100;0.618672;6110;0.807974;13
33;0000000100011111010111001110111001011101100010;0.84599;8355;0000001010010010111101011010111001011011100011;0.638416;6305;0.808881;10
34;0000000100011110011101010110111001011101110010;0.845889;8354;0000001001111110000111001010111011011001110001;0.658465;6503;0.812298;12
35;0000100000011111010111001110111001011101100010;0.845585;8351;0000010100011010110011101111111001001101100010;0.587991;5807;0.811571;6
36;0000100100011110010111010110111001011001110010;0.848825;8383;0000000110010010111011010110011110111101100010;0.608647;6011;0.811627;8
37;0000100000011110011111010110111001011001110010;0.847205;8367;0100000010011010010111011010111001001111110010;0.629202;6214;0.812958;9
38;0000100000011110011111010110111001011001110010;0.847205;8367;0000010000011010011111001111111101011000100011;0.698663;6900;0.815971;12
39;0000000100011110011101001110111101111000110010;0.847712;8372;0000000100111010111101001110101001011001110011;0.621405;6137;0.814166;9
40;0000100000011110011111010110111001011001110010;0.847205;8367;0001001001011110010011011010111101011001100010;0.662009;6538;0.815433;7
41;0000001000011110011101001110111001011111100010;0.849534;8390;0101000000011110011111011110001011010011100001;0.561462;5545;0.813404;7
42;0000000100011110011101001110111101011011100010;0.848015;8375;0000000100101110111001010110101101111101100010;0.599737;5923;0.815848;16
43;0000100000011110011111010110111001011001110010;0.847205;8367;0001000010011010001111001110111001011101100011;0.68874;6802;0.816726;10
44;0000000100011110011111010110111001111000110010;0.8468;8363;0000010100011011010111000011111101010101101010;0.603281;5958;0.816419;9
45;0000000100011110011111010110111001011001110010;0.85004;8395;0000000100111100010011001110111011111001110010;0.665654;6574;0.81733;11
46;0000000100011110011111010110111001011001110010;0.85004;8395;1010000000001111010011011100111001011101100011;0.682665;6742;0.81538;16
47;0000000100011110011111010110111001011001110010;0.85004;8395;0100000000111101011101011110111000011001111000;0.644795;6368;0.815599;6
48;0000000100011110011111010110111001011001110010;0.85004;8395;0000000110011010011001001110111111011001110010;0.619887;6122;0.815648;13
49;0000000100011110011111010110111001011001110010;0.85004;8395;0000001000011100011111011110101101011001110010;0.689753;6812;0.81927;12
50;0000000100011110011111010110111001011001110010;0.85004;8395;1000000100101110011001110110101101010101110010;0.592244;5849;0.820028;13
=============================================
geração;melhor;fitness;cobertura;pior;fitness;cobertura;média;ind_repetidos
0;0000000100011111010111011111000010010100110111;0.756885;7475;0101010000101001100011111001000111111110000101;0.229243;2264;0.519412;1
1;1001111010001100110101011100010010110100100011;0.760126;7507;1110101001110001101000111101101101000000010011;0.251924;2488;0.575208;3
2;1001111010001100110101011100110000011100101010;0.769441;7599;1010001001111011000000101011001110001111010110;0.345079;3408;0.631563;1
3;0000000100010110011110100110111111000110111100;0.781794;7721;1010001011111011000001101000100101111110100100;0.354192;3498;0.659001;2
4;0000100010010110101101010110011001011111110010;0.804577;7946;0111111011111001000100010000001000111111010100;0.370798;3662;0.678594;4
5;0100001100100110110101010110111000001101101110;0.796071;7862;1000001110101010101011011000110100110010101011;0.465674;4599;0.693469;3
6;0000000111010110101101010110011001010111110010;0.794856;7850;1100010100010011011011100101100001101010110110;0.518226;5118;0.711924;2
7;0000100110001010110111000110011001110110110110;0.801539;7916;0001110011010100100000110111001110101101001101;0.361887;3574;0.723816;3
8;0001011000100110010111011101111000000110110110;0.801235;7913;1000000100101010110111011001100100101111001110;0.451397;4458;0.734469;4
9;0000000100011110011101010110011010110110110110;0.81936;8092;0010000010101111010101111011100000011010101101;0.515188;5088;0.745666;4
10;0000000100011110011101010110011001011101101110;0.832827;8225;0010001100110110001111000011101110011001111000;0.54516;5384;0.747137;2
11;0000000110010110011101010110111001011101100011;0.823917;8137;0000011110001110011011111000111001001101011000;0.534123;5275;0.756526;3
12;0000100000100110111101010111111001011000110110;0.825233;8150;0000000111110110001000111101001010111001111010;0.479648;4737;0.760874;2
13;0000101000101111011101001110010001111101100010;0.82584;8156;0000000100111010011000110111110011111001011010;0.526428;5199;0.766298;2
14;0001111000011110011101001110010000111101100010;0.824119;8139;0010100001000100011111111011011100111101100000;0.530478;5239;0.768163;1
15;0000000110010110111101001110111001011001110010;0.835662;8253;1000000110010111011001010111000001011111101010;0.56531;5583;0.773619;7
16;0000000110010110111101001110111001011001110010;0.835662;8253;0000011010001111110001001110101101000101111010;0.564702;5577;0.778351;4
17;0000100100011111010111000110111001010011100110;0.837586;8272;0100010010010011011001010011111001010001110111;0.524301;5178;0.78256;8
18;0000000110010110111101001110111001011001110010;0.835662;8253;0010000100111110011111010010101101011000110010;0.644087;6361;0.785267;6
19;0000101100001110011101010110111001011001110010;0.837181;8268;0001100001100110111001110010111000111001111000;0.594269;5869;0.787654;3
20;0000000100011110011111010110111001010101110010;0.845383;8349;0000000110000011011011001111111011010001110011;0.604496;5970;0.79175;7
21;0000000100011110011111010110111001010101110010;0.845383;8349;0001000110010111111001001110011101011101001000;0.659275;6511;0.796267;7
22;0000100000000110111111010110111001011101110010;0.846193;8357;0110000101001110011010010111001001011111010010;0.50405;4978;0.79346;4
23;0000000100011110010111010110111001110101110010;0.843054;8326;0000110100110001011111011100001011001111010010;0.546679;5399;0.79983;13
24;0000000100011110010111010110111001011101110010;0.849332;8388;1101000000011100010111010110101001110101110010;0.603888;5964;0.800485;13
25;0000100100011110010111010110111001011101100010;0.848724;8382;0100100010011111011011001110101000111100001010;0.632037;6242;0.802816;10
26;0000100100011110010111010110111001011101100010;0.848724;8382;0000001001011110010011010110101001111101110010;0.607837;6003;0.805594;14
27;0000100100011110010111010110111001011101100010;0.848724;8382;0000011101011100010011001110111001011011101000;0.635885;6280;0.807245;22
28;0000000100011111010111010110111001111100100010;0.843155;8327;0010000010011100010111010110111100111111100000;0.561361;5544;0.808758;7
29;0000000100011110011101001110111101111100100010;0.843965;8335;0100000010011100011011000110111011011101110010;0.600344;5929;0.808387;11
30;0000000100010110111111010110111001011001110010;0.846598;8361;0000100000010000111111001110101001011111110011;0.577461;5703;0.809238;7
31;0000000100011111010111010110111001011001110010;0.846699;8362;0000010101001111011011010010111011011001100010;0.629607;6218;0.8113;5
32;0000100100011110010111010110111001011101100010;0.848724;8382;0001000100100010111011011110111101011001110000;0.585966;5787;0.810063;13
33;0000000100011110011111010110111001011101100010;0.849534;8390;0000010100011011000011010010111101011001111110;0.568044;5610;0.812571;10
34;0000100100011110011101010110111001011011100010;0.845484;8350;1000000100111110011001011011011001011011100010;0.626266;6185;0.813553;11
35;0000000100011111011101010110111001011011100010;0.844876;8344;0000000100110111011111010010100101010111100011;0.607938;6004;0.811742;9
36;0000000100010110111101010110111001011011110010;0.847509;8370;0011000100010101011101001110100101010110111010;0.679324;6709;0.812975;6
37;0000100100011110011101010110111001011011100010;0.845484;8350;0000100100011001010011010110111100010101111011;0.607128;5996;0.813457;9
38;0000000100011110011101011110111001011011100010;0.846092;8356;0010100000011011011011010110111010110101100010;0.665857;6576;0.814775;12
39;0000000100011111011101010110111001011001110010;0.84518;8347;0000000001101110011011001110111101010101110010;0.710612;7018;0.815613;8
40;0000000100011110011111001110111001011001110010;0.849433;8389;0000000100011110011111110010101101001001111010;0.644492;6365;0.816313;9
41;0000000100011110011101011110111001011011100010;0.846092;8356;0000100001110100011001000110111101010111111010;0.698562;6899;0.815997;14
42;0000100100011111010101010110111001011011100010;0.846294;8358;0000000100111011011011010110001101101011100110;0.577056;5699;0.816235;17
43;0000100100011110011101010110111001011011100010;0.845484;8350;0010100110011111111001010110100001010011100010;0.727015;7180;0.818268;15
44;0000000100011110011101010110111001011111100010;0.852673;8421;1000000101011010011001001110111101011101100010;0.611584;6040;0.816454;11
45;0000000100011110011101010110111001011111100010;0.852673;8421;0000010100110100011001010110011111011001111010;0.634872;6270;0.819142;23
46;0000000100011110011101010110111001011111100010;0.852673;8421;0001000010010111110011001110111001111001100010;0.702207;6935;0.821976;21
47;0000000100011110011101010110111001011111100010;0.852673;8421;0000000110011100011111101110101001011001100011;0.667882;6596;0.821827;13
48;0000000100011110011111001110111001011101100010;0.848927;8384;0010000100101011011101010111111001111001100000;0.681146;6727;0.822065;21
49;0000100100011110010111001110111001011001110010;0.848218;8377;0000000110011001011111110110111001011001100010;0.683374;6749;0.820345;26
50;0000000100011110011111001110111001011001110010;0.849433;8389;0000000110011000011111010111110101010011110010;0.656845;6487;0.821664;25
=============================================
geração;melhor;fitness;cobertura;pior;fitness;cobertura;média;ind_repetidos
0;0010010100001110010111011011011100110101010010;0.752633;7433;1111101001111001110010110001001100001000101001;0.211928;2093;0.51238;1
1;0001000010111110110001000110111011111000100110;0.766808;7573;0110011010011100100001111001100111110000010011;0.269947;2666;0.570197;1
2;0100001110010110110001000110111011111000100110;0.76934;7598;1110110011101010100010110001011100001010011010;0.293945;2903;0.613122;3
3;0010010100001110010111010101111001001110111000;0.777643;7680;1001110001101100101100111000100101010010110011;0.41211;4070;0.646689;3
4;0100001110010110010111001110110001110001100110;0.801337;7914;1101000010101110001011110001010100011110001011;0.379708;3750;0.666919;2
5;0000011101010100001101001110110010111000111110;0.780782;7711;0110000110111011010000001111100100110010111100;0.438032;4326;0.692011;3
6;0000101010000010001111011100011101110001111110;0.80083;7909;0101000110110001011101001111000110111101000010;0.49514;4890;0.705996;2
7;0100001100100110110111010110111001010010100110;0.807412;7974;0010000110111100001001101101101001011001001111;0.432361;4270;0.713824;4
8;0100001100100110110111010110111001010010100110;0.807412;7974;0111110100100000001011100111111100110110000001;0.432361;4270;0.725525;1
9;0001000010111110010111001110011101001011100010;0.811766;8017;0011001010011001010101010011101101001110100110;0.543641;5369;0.737107;7
10;0000101000101110010101011100111011011001100110;0.821486;8113;0101000001101001001100111110111100111001101000;0.517416;5110;0.743347;3
11;0000001100110110110111001110011101001011100010;0.823917;8137;0001000010111110010111011101001100110000111001;0.546375;5396;0.755076;2
12;0000000101001010111111010110111001011001100110;0.826043;8158;0011010110101000010111000110011101010100101011;0.650466;6424;0.762945;8
13;0000000101001010111111010110111001011001100110;0.826043;8158;1000011000101100011011011110011101010100011010;0.558019;5511;0.767371;6
14;0000101000101110010111010110111001101000110110;0.825334;8151;0001110111001000010111011100001000011111110010;0.615735;6081;0.773133;7
15;0000101000101110010111010110111001101000110110;0.825334;8151;0010010100010110000111101010001111010111101010;0.577157;5700;0.773243;6
16;0001011000001110010101011100111100110011110010;0.827562;8173;0000011010110010111001011010011101000101111010;0.544654;5379;0.774908;7
17;0000101000101111010111010110011101111000100010;0.829789;8195;0000110000101000010111110110101101011001101110;0.633759;6259;0.77857;2
18;0000001100101111010111010110011101111000100010;0.830296;8200;0001101010001011010001110110101101101001110010;0.591029;5837;0.779893;5
19;0000000100011110010111000110111110101011110010;0.834042;8237;1001011000001111010111000110000101011011111000;0.652997;6449;0.781464;3
20;0000100100011110010111010110011101111010100010;0.835662;8253;0001001000110010110011001110111001110100110011;0.623431;6157;0.785283;6
21;0000001000110110011111001110011101101001110010;0.833941;8236;0110000100111010111001000111010111010100110010;0.564297;5573;0.78546;4
22;0001011000001110010111010110011001001111110010;0.83789;8275;0000000110100010110111011010011101110110110010;0.640846;6329;0.784986;4
23;0001011000010110011101000110111101111000110010;0.835662;8253;0000011000101011111011000010111100110011010110;0.533921;5273;0.787664;6
24;0000101000110110011101001110111001011001110010;0.840927;8305;0000110110001010010010011110001101011011111010;0.521466;5150;0.787111;7
25;0000001000110110011101001110111001011001110110;0.840927;8305;0001011000100110110011001010010001110011111011;0.606825;5993;0.790773;6
26;0000001000110110011101001110111001011011110010;0.843155;8327;0101101001100100010011010110111111110000110000;0.661604;6534;0.794504;8
27;0001011000001110010111001110111001011001110010;0.846395;8359;0000000010011110110001001011111011010101101110;0.585055;5778;0.79551;4
28;0000101100001110010111001110111001011001110010;0.843155;8327;1000100101001100011011110010011101110000110011;0.598927;5915;0.796771;10
29;0000100000011110011111001110111010011001110010;0.841636;8312;1000101001110010011001001010111011010010111010;0.578878;5717;0.798558;8
30;0000100100011110010111010110111001011001110010;0.848825;8383;0000000010110010010111001011111111101011110000;0.55488;5480;0.798191;6
31;0000100000011110010111001110111001011001110110;0.846497;8360;1000001000111010011011001110111011010011100010;0.618165;6105;0.799678;9
32;0000100100011110010101010110111101011011100010;0.842244;8318;0101011010001101010111000111001001101010110010;0.672843;6645;0.80092;11
33;0000100100110110011101001110111001011001110010;0.842345;8319;0000011000000111110001011110101101011011110010;0.600749;5933;0.800811;6
34;0000000100001110011111010110111001011101110010;0.846193;8357;1001100000010100011100011011101101111001110010;0.56855;5615;0.801388;7
35;0000100100011111010111010110011001011001110010;0.844876;8344;0000000100101001010111110111011101011001110010;0.679425;6710;0.804707;7
36;0000100100011111010111010110011001011001110010;0.844876;8344;0010100001011110111111010111011000010011000100;0.689348;6808;0.806181;7
37;0000100100011111010101010110111001011011100010;0.846294;8358;0000100000110010010111101010111101111001100011;0.677197;6688;0.811643;7
38;0000001000011110010111010110111001011001110110;0.84518;8347;0000000110100100111101011010011001011011110011;0.678615;6702;0.812147;7
39;0000100000011110011111010110111001011001110010;0.847205;8367;0000000101001010111011010110111001011101110010;0.641454;6335;0.813364;10
40;0000100100011110010111010110111001011001110010;0.848825;8383;0001000000111011011001001110011101111011100010;0.607837;6003;0.814125;13
41;0000100100011110010111010110111001011001110010;0.848825;8383;0000001001011111111011010110000001011101110010;0.594168;5868;0.814034;9
42;0000100100011110010111010110111001011001110010;0.848825;8383;0101000000001000011111001111111101001011110010;0.646416;6384;0.815068;10
43;0000100100011110010111001110111001011001110010;0.848218;8377;0000100001011110010011010111101101101010110010;0.653807;6457;0.815732;13
44;0000000100011110010111001110111001011001110110;0.84842;8379;0001001000011010011101010010111101111001100011;0.65968;6515;0.815272;11
45;0000000100011110010111001110111001011001110110;0.84842;8379;0000100101100010111011010110101001111011100010;0.573613;5665;0.816293;16
46;0000000100011110010111001110111001011001110110;0.84842;8379;0001100000010010111101011010111001111011110000;0.632138;6243;0.816581;17
47;0000000100011110011101001110111011011110100010;0.847813;8373;1000100100011100111001001010111001011101110010;0.654516;6464;0.819209;22
48;0000000100011110011101001110111011011110100010;0.847813;8373;0001000110011000111111000110111001011001110010;0.703524;6948;0.818247;12
49;0000100000011110010111010110111001011101110010;0.84842;8379;0000001000011010010111011011011001111001110011;0.634771;6269;0.817333;7
50;0000000100011110011111001110111001011101100010;0.848927;8384;0000000000111010011111110110111001011111100000;0.58222;5750;0.818687;10
=============================================
