geração;melhor;fitness;cobertura;pior;fitness;cobertura;média;ind_repetidos
0;0000000000000000000000001110110000000000000000;0.0282503;279;1000000100010000000000001000000000000000001000;0;0;0.00112697;4
1;0000000000000000000000001110110000000000000000;0.0282503;279;0000001000001001100000000000000000000000001000;0;0;0.00136391;5
2;0000000000000000000000001110110000000000000000;0.0282503;279;0000000000000000000000000010000000000101001001;0;0;0.00172033;13
3;0000000000000000000000001111001000000000000000;0.019036;188;0000000010100000010000000100000010000000000000;0;0;0.00156541;12
4;0000000000000000000000011110000000010000000000;0.0581207;574;0000000000000000000000101000000000100000100010;0;0;0.00238153;16
5;0000000000000000000000011110000000010000000000;0.0581207;574;0000000010000000000000000000000000100001100010;0;0;0.00223775;17
6;0000000000000000000000011110000000010000000000;0.0581207;574;0000000010000000000000000001000010000100001000;0;0;0.00386999;21
7;0000000000000000000000011110000000010000000000;0.0581207;574;0000000000000000000000000101010000100000001000;0;0;0.00536857;20
8;0000000000000000000000011110000000010000000000;0.0581207;574;0000000000000000010000000100010100000000000100;0;0;0.00771061;27
9;0000000000000000000000011110000000010000000000;0.0581207;574;0000000000000010000000000000110000010000001000;0;0;0.00948056;31
10;0000000000000000000000011110000000010000000000;0.0581207;574;0000000000000000100000000110001100000000000000;0;0;0.0130255;31
11;0000000000000000000000011110000000010000000000;0.0581207;574;0000000000000010000000000100000000010000100010;0;0;0.0192608;47
12;0000000000000000000000011110000000010000000000;0.0581207;574;0000000000010000000000010100001000010000000000;0;0;0.0217082;42
13;0000000000000000000000011110000000010000000000;0.0581207;574;0000000000010000010001000010000000010000000000;0;0;0.0223957;41
14;0000000000000000000000011110000000010000000000;0.0581207;574;0100000000000000000001001000000100000000000100;0;0;0.0244664;45
15;0000000000000000000000011110000000000000000100;0.0601458;594;0000000000000000000101010000000000101000000000;0;0;0.0325395;51
16;0000000000000000000000011110000000000000000100;0.0601458;594;0000000000001000100001000000000000001000001000;0;0;0.0413386;59
17;0000000000000000000000011110000000000000000100;0.0601458;594;0000000000001000000001010000001000000100000000;0;0;0.0477927;73
18;0000000000000000000000011110000000000000100000;0.0620697;613;0000000001000000000001000101000000010000000000;0;0;0.0515189;77
19;0000000000000000000000011110000000000000100000;0.0620697;613;0000011000000000000000010010000000010000000000;0;0;0.0518702;77
20;0000000000000000000000011110000000000000100000;0.0620697;613;0000000000000000000000011100000000010000000001;0.00405022;40;0.0560622;87
21;0000000000000000000000011110000000000000100000;0.0620697;613;0000000000000000010000001110000000000000010000;0.00243013;24;0.0553514;80
22;0000000000000000000000011110000000000000100000;0.0620697;613;0100000000000000000000000110100000000000010000;0;0;0.054997;76
23;0000000000000000000000011110000000000000100000;0.0620697;613;0000000100000000000000011100000000000000000100;0.00232888;23;0.0554496;77
24;0000000000000000000000011110000000000000100000;0.0620697;613;0000000000001000000000001110000000000000000100;0.00324018;32;0.055881;75
25;0000000000000000000000011110000000000000100000;0.0620697;613;0000010000000000000000010110000000000000010000;0.00192386;19;0.0599302;89
26;0000000000000000000000011110000000000000100000;0.0620697;613;0000000000000000000000010111000000000000000100;0.00283516;28;0.059345;91
27;0000000000000000000000011110000000000000100000;0.0620697;613;0000000000010000000000001110000000001000000000;0.000607533;6;0.0587698;91
28;0000000000000000000000011110000000000000100000;0.0620697;613;0000000000000000010000010110000000000000100000;0.00901175;89;0.0599748;94
29;0000000000000000000000011110000000000000100000;0.0620697;613;0000010000000000000000011100000000000000100000;0.00739166;73;0.0585764;92
30;0000000000000000000000011110000000000000100000;0.0620697;613;0000000000100000000000011100000000000000100000;0.00779668;77;0.0596082;96
31;0000000000000000000000011110000000000000100000;0.0620697;613;0000000000000000000000111100000000000000100000;0.00739166;73;0.060555;97
32;0000000000000000000000011110000000000000100000;0.0620697;613;0100000000000000000000011010000000000000100000;0.0102268;101;0.0609995;97
33;0000000000000000000000011110000000000000100000;0.0620697;613;0000000100000000000000011100000000000000100000;0.00891049;88;0.0600507;94
34;0000000000000000000000011110000000000000100000;0.0620697;613;0000000000000000000000111100000000000000100000;0.00739166;73;0.0578626;90
35;0000000000000000000000011110000000000000100000;0.0620697;613;0000000000000000010000010110000000000000100000;0.00901175;89;0.059104;94
36;0000000000000000000000011110000000000000100000;0.0620697;613;0000000000000000000000011010000000000000100001;0.00992305;98;0.0589794;92
37;0000000000000000000000011110000000000000100000;0.0620697;613;0000000000000000100000011010000000000000100000;0.00992305;98;0.0606036;97
38;0000000000000000000000011110000000000000100000;0.0620697;613;0000010000000000000000011010000000000000100000;0.00992305;98;0.0595201;93
39;0000000000000000000000011110000000000000100000;0.0620697;613;1000000000000000000000011100000000000000100000;0.00739166;73;0.0580246;89
40;0000000000000000000000011110000000000000100000;0.0620697;613;0000000000000000000000010110000010000000100000;0.00921426;91;0.0600456;95
41;0000000000000000000000011110000000000000100000;0.0620697;613;0001000000000000000000011100000000000000100000;0.00779668;77;0.0604112;95
42;0000000000000000000000011110000000000000100000;0.0620697;613;0000000000000000000000011100000000000001100000;0.00739166;73;0.0574494;88
43;0000000000000000000000011110000000000000100000;0.0620697;613;0000000000000000100000011100000000000000100000;0.00739166;73;0.0584752;92
44;0000000000000000000000011110000000000000100000;0.0620697;613;0000000000000000000000010110000000000000100001;0.00901175;89;0.059514;91
45;0000000000000000000000011110000000000000100000;0.0620697;613;0000000000000000000000011100000000001000100000;0.00749291;74;0.0599707;95
46;0000000000000000000000011110000000000000100000;0.0620697;613;0000000000000000000000001110000000001000100000;0.0129607;128;0.0612091;98
47;0000000000000000000000011110000000000000100000;0.0620697;613;0000001000000000000000010110000000000000100000;0.0103281;102;0.0609417;95
48;0000000000000000000000011110000000000000100000;0.0620697;613;0000000000000000010000010110000000000000100000;0.00901175;89;0.0599636;95
49;0000000000000000000000011110000000000000100000;0.0620697;613;0000000000000000000000011010000010000000100000;0.0104293;103;0.0595535;93
50;0000000000000000000000011110000000000000100000;0.0620697;613;0000000000000000000000011010000000000100100000;0.0106318;105;0.0610136;97
=============================================
geração;melhor;fitness;cobertura;pior;fitness;cobertura;média;ind_repetidos
0;0000000000000000000000001110011000000000000000;0.027744;274;0010100000000000000000000000000001010000000010;0;0;0.00108951;2
1;0000000000000000000000001110011000000000000000;0.027744;274;0000000001010001000000001000000010000000000000;0;0;0.00127177;6
2;0000000000000000000000001110011000000000000000;0.027744;274;0000100000010000000001000000100000000010000000;0;0;0.00162009;9
3;0000000000000000000000001110011000000000000000;0.027744;274;0000000000000000100000100000100001001000000000;0;0;0.00265391;16
4;0000100000000000000000000010011000000000100000;0.028149;278;1000000000000000000000100110010000000000000000;0;0;0.00445626;21
5;0000000000001000000000000010011000000000100000;0.028149;278;0000010000000000000000001100010100000000000000;0;0;0.00567031;14
6;0000000000000000000000001110101000000000000000;0.0346294;342;0000010000000000000000001100010100000000000000;0;0;0.00780883;19
7;0000000000000000000000000010011000000000100100;0.0337181;333;0010000000000000000000000101100000010000000000;0;0;0.0101843;20
8;0000000000000000000000000010011000000001100000;0.0317943;314;0000000000000000000000001000100001010000100000;0;0;0.010321;18
9;0000000000000000000000000010011000000000100010;0.0338194;334;0000001000000000000000000010010000010000000001;0;0;0.0115654;20
10;0000000000000000000000000010011000000000100010;0.0338194;334;1000000000000000000000001010010000010000000000;0;0;0.0136351;20
11;0000000000000000000100000010011000000000100000;0.0392872;388;0000000000001000100000000110001000000000000000;0;0;0.0163173;27
12;0000000000000000000100000010011000000000100000;0.0392872;388;0000010000000000000000001100011000000000000000;0;0;0.0201782;35
13;0000000000000000000100000010011000000000100000;0.0392872;388;0000010000000000000000001100001000000000100000;0;0;0.02081;41
14;0000000000000000000100000010011000000000100000;0.0392872;388;0000000000000000000000010010101000000000100000;0;0;0.0214105;41
15;0000000000000000000000011110010000000000000000;0.0608546;601;0000000000000010000000100110001000000000000000;0;0;0.0222114;44
16;0000000000000000000000011110010000000000000000;0.0608546;601;0000000000000000000000001010001000000001000100;0;0;0.0228797;37
17;0000000000000000000000011110000000000000100000;0.0620697;613;0000010000000000000000000110101000000000000000;0;0;0.0224322;47
18;0000000000000000000000011110000000000000100000;0.0620697;613;0000000000100000000000001100101000000000000000;0;0;0.0262211;54
19;0000000000000000000000011110000000000000100000;0.0620697;613;0000000000000100000000000110101000000000000000;0;0;0.0288356;57
20;0000000000000000000000011110000000000000100000;0.0620697;613;0000000000010000000000000011000000000000101000;0.000607533;6;0.0327643;59
21;0000000000000000000000011110000000000000100000;0.0620697;613;0000000000000000000000001100011010000000000000;0;0;0.0315512;46
22;0000000000000000000000011110000000000000100000;0.0620697;613;0000010000000000000000010100001000000000000010;0;0;0.035967;54
23;0000000000000000000000011110000000000000100000;0.0620697;613;0000001000001000000000000010000000000000100001;0;0;0.0401894;57
24;0000000000000000000000011110000000000000100000;0.0620697;613;0000000000000000000000001010101000000000100000;0;0;0.0440411;57
25;0000000000000000000000011110000000000000100000;0.0620697;613;0000000000000000000000000101101000000000010000;0;0;0.0468176;57
26;0000000000000000000000011110000000000000100000;0.0620697;613;0000000000000000000000010110000000000100000010;0.00131632;13;0.0515462;65
27;0000000000000000000000011110000000000000100000;0.0620697;613;0000000000000100000000010110000000000000001000;0.00111381;11;0.0548391;73
28;0000000000000000000000011110000000000000100000;0.0620697;613;1000000001000000000000011100000000000000000000;0;0;0.054031;82
29;0000000000000000000000011110000000000000100000;0.0620697;613;0000000000000000000000011010000000000000100010;0.0128595;127;0.0593834;96
30;0000000000000000000000011110000000000000100000;0.0620697;613;0000000000000000000000011100000000000000100001;0.00739166;73;0.0598867;95
31;0000000000000000000000011110000000000000100000;0.0620697;613;0000000000000000000000010110000000000001100000;0.00941677;93;0.0600902;96
32;0000000000000000000000011110000000000000100000;0.0620697;613;0000000000000000000000011100000000000100100000;0.00749291;74;0.0599484;95
33;0000000000000000000000011110000000000000100000;0.0620697;613;0000000000000000000000011100000000000001100000;0.00739166;73;0.0589581;93
34;0000000000000000000000011110000000000000100000;0.0620697;613;0000000000000000000000011010000000000000100010;0.0128595;127;0.0615776;99
35;0000000000000000000000011110000000000000100000;0.0620697;613;0000000000000000010000010110000000000000100000;0.00901175;89;0.0595059;93
36;0000000000000000000000011110000000000000100000;0.0620697;613;1000000000000000000000011100000000000000100000;0.00739166;73;0.0599434;96
37;0000000000000000000000011110000000000000100000;0.0620697;613;0000000000000000000001010110000000000000100000;0.00901175;89;0.0579355;90
38;0000000000000000000000011110000000000000100000;0.0620697;613;0100000000000000000000011100000000000000100000;0.00749291;74;0.0604739;96
39;0000000000000000000000011110000000000000100000;0.0620697;613;0001000000000000000000011100000000000000100000;0.00779668;77;0.060482;97
40;0000000000000000000000011110000000000000100000;0.0620697;613;0000000000000000000000011100000000000000101000;0.00739166;73;0.0590402;92
41;0000000000000000000000011110000000000000100000;0.0620697;613;0010000000000000000000011100000000000000100000;0.00739166;73;0.0590938;93
42;0000000000000000000000011110000000000000100000;0.0620697;613;0000000000000000100000011100000000000000100000;0.00739166;73;0.0600041;96
43;0000000000000000000000011110000000000000100000;0.0620697;613;0000000000100000000000010110000000000000100000;0.00972054;96;0.0600912;96
44;0000000000000000000000011110000000000000100000;0.0620697;613;0001000000000000000000010110000000000000100000;0.00941677;93;0.0599403;95
45;0000000000000000000000011110000000000000100000;0.0620697;613;0000000000000010000000011100000000000000100000;0.00982179;97;0.0606005;96
46;0000000000000000000000011110000000000000100000;0.0620697;613;1000000000000000000000011100000000000000100000;0.00739166;73;0.0598684;93
47;0000000000000000000000011110000000000000100000;0.0620697;613;0000001000000000000000011100000000000000100000;0.00860672;85;0.0595323;93
48;0000000000000000000000011110000000000000100000;0.0620697;613;1000000000000000000000011100000000000000100000;0.00739166;73;0.0599849;96
49;0000000000000000000000011110000000000000100000;0.0620697;613;0000000100000000000000011100000000000000100000;0.00891049;88;0.0604902;96
50;0000000000000000000000011110000000000000100000;0.0620697;613;0000000000000001000000010110000000000000100000;0.0106318;105;0.0605944;97
=============================================
geração;melhor;fitness;cobertura;pior;fitness;cobertura;média;ind_repetidos
0;0000000000000000000000001110110000000000000000;0.0282503;279;0000001001000000000010000000000000010000100000;0;0;0.00100851;3
1;0000000000000000000000001110110000000000000000;0.0282503;279;0000000000000000000000010000011000001000001000;0;0;0.00138416;10
2;0000000000000000000000001110110000000000000000;0.0282503;279;0000000000001000000000000100110010000000000000;0;0;0.00250911;23
3;0000000000000000000000001110110000000000000000;0.0282503;279;0000000100000001000000000000000010000010000001;0;0;0.00349433;28
4;0000000000000000000000001110110000000000000000;0.0282503;279;0000000100000000000000001011100000000000000000;0;0;0.00456764;38
5;0000000000000000000000001110110000000000000000;0.0282503;279;0000000000010000000000001100000010000000000010;0;0;0.00625658;40
6;0000000000000000000000001110110000000000000000;0.0282503;279;0000000000010000000000001000100000010001000000;0;0;0.00840624;44
7;0000000000000000000000001110110000000000000000;0.0282503;279;0100000000000100000000000010100100000000000000;0;0;0.0105539;60
8;0000000000000000000000001110110000000000000000;0.0282503;279;0000000000100000000000001011000000010000000000;0;0;0.012899;52
9;0000000000000000000000001110110000000000000000;0.0282503;279;0000000000000000000000000111110000000000000000;0;0;0.0155812;58
10;0000000000000000000000011110010000000000000000;0.0608546;601;0000000000000000000001000110001000010000000000;0;0;0.0180154;65
11;0000000000000000000000011110010000000000000000;0.0608546;601;0000000000000000000000001010001000010000010000;0;0;0.0206653;70
12;0000000000000000000000001110110000000000000000;0.0282503;279;0000000000001000000000000110100000000000010000;0;0;0.0222459;76
13;0000000000000000000000001110110000000000000000;0.0282503;279;0000000000000000000000001100001000010000000100;0;0;0.0236017;80
14;0000000000000000000000001110110000000000000000;0.0282503;279;0000000000000000000001000110110000000000000000;0;0;0.0253129;87
15;0000000000000000000000001110110000000000000000;0.0282503;279;0000000000000000000000001100110000000000010000;0;0;0.0268114;92
16;0000000000000000000000001110110000000000000000;0.0282503;279;0000000000000000000000001100110000000000001000;0;0;0.0274413;97
17;0000000000000000000000001110110000000000000000;0.0282503;279;0000000000000000000001001010110000000000000000;0;0;0.0272104;94
18;0000000000000000000000001110110000000000000000;0.0282503;279;0000000000000000000000001100110000000100000000;0.000101256;1;0.027423;97
19;0000000000000000000000001110110000000000000000;0.0282503;279;0000000000000000000010001100110000000000000000;0;0;0.0262657;91
20;0000000000000000000000001110110000000000000000;0.0282503;279;0000000000000000000000001010110000000000010000;0;0;0.0272246;95
21;0000000000000000000000001110110000000000000000;0.0282503;279;0000000000000000100000001010110000000000000000;0;0;0.0272357;96
22;0000000000000000000000001110110000000000000000;0.0282503;279;1000000000000000000000001010110000000000000000;0;0;0.0273137;96
23;0000000000000000000000001110110000000000000000;0.0282503;279;0000001000000000000000000110110000000000000000;0.000810045;8;0.0272357;93
24;0000000000000000000000001110110000000000000000;0.0282503;279;0000000000000000000001001010110000000000000000;0;0;0.0273238;95
25;0000000000000000000000001110110000000000000000;0.0282503;279;0000010000000000000000000110110000000000000000;0;0;0.027097;95
26;0000000000000000000000001110110000000000000000;0.0282503;279;0000000000000000000010001100110000000000000000;0;0;0.0271334;94
27;0000000000000000000000001110110000000000000000;0.0282503;279;0000000000000000000010001010110000000000000000;0;0;0.0265634;92
28;0000000000000000000000001110110000000000000000;0.0282503;279;0000000010000000000000001010110000000000000000;0.000303767;3;0.0272458;96
29;0000000000000000000000001110110000000000000000;0.0282503;279;0000000000001000000000001010110000000000000000;0.00202511;20;0.0274878;96
30;0000000000000000000000001110110000000000000000;0.0282503;279;0000000000000000000000000110110000000000010000;0;0;0.0267426;93
31;0000000000000000000000001110110000000000000000;0.0282503;279;0000000000000000000000001100110000001000000000;0;0;0.0275142;97
32;0000000000000000000000001110110000000000000000;0.0282503;279;0000000010000000000000000110110000000000000000;0.000303767;3;0.0272792;95
33;0000000000000000000000001110110000000000000000;0.0282503;279;0000000000000000000000001100110000000000010000;0;0;0.0263629;92
34;0000000000000000000000001110110000000000000000;0.0282503;279;0000000000000000000000000110110000000010000000;0;0;0.0269218;94
35;0000000000000000000000001110110000000000000000;0.0282503;279;0000000000000000000000000111110000000000000000;0;0;0.0265583;94
36;0000000000000000000000001110110000000000000000;0.0282503;279;0000000000000000000000001100110000000000000001;0;0;0.0268611;95
37;0000000000000000000000001110110000000000000000;0.0282503;279;0000000000000000000001001100110000000000000000;0;0;0.0271203;94
38;0000000000000000000000001110110000000000000000;0.0282503;279;0000000000000000001000001100110000000000000000;0.00101256;10;0.0273218;94
39;0000000000000000000000001110110000000000000000;0.0282503;279;0000000000000010000000001110010000000000000000;0.0159984;158;0.0281278;99
40;0000000000000000000000001110110000000000000000;0.0282503;279;0000000001000000000000001010110000000000000000;0.000101256;1;0.0270859;93
41;0000000000000000000000001110110000000000000000;0.0282503;279;0000000000000000000000001010110000001000000000;0;0;0.027018;94
42;0000000000000000000000001110110000000000000000;0.0282503;279;0000000000000000000000001100110000000000000001;0;0;0.0273471;96
43;0000000000000000000000001110110000000000000000;0.0282503;279;0000000000000000000010001010110000000000000000;0;0;0.0275101;96
44;0000000000000000000000001110110000000000000000;0.0282503;279;1000000000000000000000000110110000000000000000;0;0;0.0275273;96
45;0000000000000000000000001110110000000000000000;0.0282503;279;0010000000000000000000001100110000000000000000;0;0;0.0263457;92
46;0000000000000000000000001110110000000000000000;0.0282503;279;0100000000000000000000001100110000000000000000;0.000101256;1;0.0275466;97
47;0000000000000000000000001110110000000000000000;0.0282503;279;0000000000000000000000001010110000000000001000;0;0;0.0272256;96
48;0000000000000000000000001110110000000000000000;0.0282503;279;0000000010000000000000001110010000000000000000;0.0106318;105;0.0277015;96
49;0000000000000000000000001110110000000000000000;0.0282503;279;0000000000000000001000001100110000000000000000;0.00101256;10;0.0278797;98
50;0000000000000000000000001110110000000000000000;0.0282503;279;0000100000000000000000001100110000000000000000;0.000405022;4;0.0277197;98
=============================================
geração;melhor;fitness;cobertura;pior;fitness;cobertura;média;ind_repetidos
0;0000000000000000000000001111100000000000000000;0.0200486;198;0000000000000000000000100000000000001011010000;0;0;0.000990279;1
1;0000000000000000000000001111001000000000000000;0.019036;188;1000000000011000000000000000000110000000000000;0;0;0.00082422;9
2;0000000000000000000000001111001000000000000000;0.019036;188;0011010000000000010000001000000000000000000000;0;0;0.00112394;6
3;0000000000000000000000001111001000000000000000;0.019036;188;0000000000000000000000001011001000000000000010;0;0;0.00183678;8
4;0000000000000000000000001111001000000000000000;0.019036;188;0000000000000000000000000110010000010010000000;0;0;0.00212232;11
5;0000000000000000000000001111001000000000000000;0.019036;188;0000000000100000000000000001110000000001000000;0;0;0.00177602;10
6;0000000000000000000000001111001000000000000000;0.019036;188;0000000010000000000000001010000010010000000000;0;0;0.00255974;12
7;0000000000000000000000001110001000000000000100;0.0173147;171;0000000010000000000000001010000010010000000000;0;0;0.00264378;10
8;0000000000000000000000001110010000010000000000;0.0165047;163;0000000000000010000000001000000010110000000000;0;0;0.00278453;12
9;0000000000000000000000011010001000010000000000;0.0227825;225;0010000000000000100000001000000000110000000000;0;0;0.00357128;13
10;0000000000000000000000011110000000000000000100;0.0601458;594;0000000010000001000000000010000010100000000000;0;0;0.0046294;11
11;0000000000000000000000011010001000010000000000;0.0227825;225;0000000000000010000000001011000000010000000000;0;0;0.00657857;20
12;0000000000000000000000011010001000000000100000;0.0271365;268;0000000001000000000000001010000010010000000000;0;0;0.00753746;25
13;0000000000000000000000011010101000000000000000;0.0334143;330;0000000000000000000100001000000000110000001000;0;0;0.0105751;26
14;0000000000000000000000011010001000000000100000;0.0271365;268;0000000100000000100000001000000000010000100000;0;0;0.0118368;34
15;0000000000000000000000011110000000000000000010;0.0601458;594;0000000000000000000000001010001000100000000100;0;0;0.0143216;50
16;0000000000000000000000011110001000000000000000;0.0602471;595;0000000100000000000000011000001000010000000000;0;0;0.0158394;41
17;0000000000000000000000011110001000000000000000;0.0602471;595;0000000000000000000000001010001000100001000000;0;0;0.0187414;36
18;0000000000000000000000011110001000000000000000;0.0602471;595;0000000000000001000000011000001000010000000000;0;0;0.0210682;46
19;0000000000000000000000011110001000000000000000;0.0602471;595;0100000000000000000000011000001000010000000000;0;0;0.0250425;55
20;0000000000000000000000011110001000000000000000;0.0602471;595;0000010000000000000000010010001000000000010000;0;0;0.0296051;64
21;0000000000000000000000011110001000000000000000;0.0602471;595;0000000000001000000000001010001000010000000000;0;0;0.0331865;66
22;0000000000000000000000011110000000000000100000;0.0620697;613;0000000000000000000000011000011000010000000000;0;0;0.0414155;62
23;0000000000000000000000011110000000000000100000;0.0620697;613;0000000000000000000100011000011000000000000000;0.00101256;10;0.0479799;63
24;0000000000000000000000011110000000000000100000;0.0620697;613;0000100000000000000000010110000000010000000000;0.00587282;58;0.0544846;70
25;0000000000000000000000011110000000000000100000;0.0620697;613;0000000000000000000000011100000000010000010000;0.00486027;48;0.0567183;76
26;0000000000000000000000011110000000000000100000;0.0620697;613;0000000000000000000000010110010000010000000000;0.0127582;126;0.0552491;77
27;0000000000000000000000011110000000000000100000;0.0620697;613;0000010000000010000000010110000000000000000000;0.000708789;7;0.0549301;76
28;0000000000000000000000011110000000000000100000;0.0620697;613;0000000001000000000000001110000000000000100000;0.013062;129;0.0564965;79
29;0000000000000000000000011110000000000000100000;0.0620697;613;0000000001000000000000001110001000000000000000;0.0169097;167;0.0581986;86
30;0000000000000000000000011110000000000000100000;0.0620697;613;0000000010000000000000001110000000000000100000;0.0131632;130;0.0598228;90
31;0000000000000000000000011110000000000000100000;0.0620697;613;0000000001000000000000010110000000000000100000;0.00931551;92;0.058704;90
32;0000000000000000000000011110000000000000100000;0.0620697;613;0000001000000000000100011100000000000000000000;0.00344269;34;0.05822;85
33;0000000000000000000000011110000000000000100000;0.0620697;613;0000000001000000000000011100000000000000100000;0.00749291;74;0.0567072;86
34;0000000000000000000000011110000000000000100000;0.0620697;613;0000000000000000000000011100000000000000100001;0.00739166;73;0.0567822;88
35;0000000000000000000000011110000000000000100000;0.0620697;613;0000000000000000000000011100000000000000101000;0.00739166;73;0.0579415;92
36;0000000000000000000000011110000000000000100000;0.0620697;613;0000000000000100000000010010000000000100100000;0.000810045;8;0.060395;96
37;0000000000000000000000011110000000000000100000;0.0620697;613;0000000000000000000000011100000100000000100000;0.0101256;100;0.0600274;96
38;0000000000000000000000011110000000000000100000;0.0620697;613;0000000010000000000000011100000000000000100000;0.00759417;75;0.0596781;95
39;0000000000000000000000011110000000000000100000;0.0620697;613;1000000000000000000000010110000000000000100000;0.00901175;89;0.0576611;90
40;0000000000000000000000011110000000000000100000;0.0620697;613;0000000000000000000000010110000000000000100001;0.00901175;89;0.0578484;89
41;0000000000000000000000011110000000000000100000;0.0620697;613;1000000000000000000000001110000000000000100000;0.0129607;128;0.0611109;96
42;0000000000000000000000011110000000000000100000;0.0620697;613;0000010000000000000000010110000000000000100000;0.00901175;89;0.0615108;98
43;0000000000000000000000011110000000000000100000;0.0620697;613;0000000000000000000000010110000000000000100010;0.0122519;121;0.0612587;98
44;0000000000000000000000011110000000000000100000;0.0620697;613;0000000000000000000000010110000000000100100000;0.00951802;94;0.0580934;92
45;0000000000000000000000011110000000000000100000;0.0620697;613;0000000000000000000000010111000000000000100000;0.0109356;108;0.0601023;94
46;0000000000000000000000011110000000000000100000;0.0620697;613;0000000000000000000000011110000000000000100000;0.0620697;613;0.0620697;100
47;0000000000000000000000011110000000000000100000;0.0620697;613;0000000000010000000000011100000000000000100000;0.00769542;76;0.0599444;96
48;0000000000000000000000011110000000000000100000;0.0620697;613;0000000000000000000000011100000000000100100000;0.00749291;74;0.0591748;94
49;0000000000000000000000011110000000000000100000;0.0620697;613;0000000000000000000000011100000000001000100000;0.00749291;74;0.057895;92
50;0000000000000000000000011110000000000000100000;0.0620697;613;0000000010000000000000011100000000000000100000;0.00759417;75;0.0594209;94
=============================================
geração;melhor;fitness;cobertura;pior;fitness;cobertura;média;ind_repetidos
0;0000000000000000000000001110101000000000000000;0.0346294;342;0000000000000000000000001101010100000000000000;0;0;0.00186513;1
1;0000000000000000000000001110101000000000000000;0.0346294;342;0000000001010000000000000001000000000000010001;0;0;0.00234204;9
2;0000000000000000000000000010011000000000100100;0.0337181;333;0000010000010101000000000001000000000000000000;0;0;0.00357736;16
3;0000000000000000000000000010011000000000100100;0.0337181;333;0000000000010000000000000010001010000000010000;0;0;0.00465067;21
4;0000000000000010000100000000110001000000000000;0.0230863;228;0010100000100000000000100000010000000000000000;0;0;0.00538882;23
5;0000000000000000000000001110100000000000100000;0.0307817;304;0000000000000000000000000011000110000001000000;0;0;0.00686412;22
6;0000000000000000000000001110100000000000100000;0.0307817;304;0000000000000000000000001000110100000010000000;0;0;0.00934184;32
7;0000000000000000000000001110100000000000100000;0.0307817;304;0000000000010001000000000100001000000000000100;0;0;0.0131167;44
8;0000000000000000000000011110100000000000000000;0.0591333;584;0000000000000000000000001101001000000000100000;0;0;0.0170413;58
9;0000000000000000000000011111000000000000000000;0.0587282;580;0000000000000000010000000110110000000000000000;0;0;0.0199322;63
10;0000000000000000000000011110000000100000000000;0.0589307;582;0000000000000000100000000110110000000000000000;0;0;0.0228139;62
11;0000000000000000000000011111000000000000000000;0.0587282;580;0010000000000000000000001100110000000000000000;0;0;0.0247975;68
12;0000000000000000000000011111000000000000000000;0.0587282;580;0000000000000000000010001010110000000000000000;0;0;0.0264146;75
13;0000000000000000000000011110000000000000100000;0.0620697;613;0000000000000000000000001010101000000000100000;0;0;0.0279759;71
14;0000000000000000000000011110000000000000100000;0.0620697;613;0000000000000000000000001010101000000000100000;0;0;0.0314135;79
15;0000000000000000000000011110000000000000100000;0.0620697;613;0000000000000000000000001010101000000000100000;0;0;0.0348319;78
16;0000000000000000000000011110000000000000100000;0.0620697;613;0000000000000000000000001100101000000000001000;0;0;0.0380073;69
17;0000000000000000000000011110000000000000100000;0.0620697;613;0000010000000000000000001110000000000000000001;0;0;0.0483526;75
18;0000000000000000000000011110000000000000100000;0.0620697;613;0000000000000001000000001110000000000001000000;0.00151883;15;0.052901;75
19;0000000000000000000000011110000000000000100000;0.0620697;613;0100000000000000000000001110000000000000000001;0;0;0.0547398;75
20;0000000000000000000000011110000000000000100000;0.0620697;613;0100000000000000000000011100000000000000100000;0.00749291;74;0.059023;84
21;0000000000000000000000011110000000000000100000;0.0620697;613;0000000000000000000000011101000000000000100000;0.00931551;92;0.0593854;91
22;0000000000000000000000011110000000000000100000;0.0620697;613;0010000000000000000000011100000000000000100000;0.00739166;73;0.0609701;97
23;0000000000000000000000011110000000000000100000;0.0620697;613;0000000000001000000000011100000000000000100000;0.00830296;82;0.0605195;95
24;0000000000000000000000011110000000000000100000;0.0620697;613;0000000000000000000100011100000000000000100000;0.0115431;114;0.0605357;96
25;0000000000000000000000011110000000000000100000;0.0620697;613;0000000000000000000000011100000010000000100000;0.00759417;75;0.0604294;96
26;0000000000000000000000011110000000000000100000;0.0620697;613;0000000000000000100000011100000000000000100000;0.00739166;73;0.0600932;96
27;0000000000000000000000011110000000000000100000;0.0620697;613;0000000000000000000000011100000000000000110000;0.00870798;86;0.0568237;87
28;0000000000000000000000011110000000000000100000;0.0620697;613;0000000000000001000000010110000000000000100000;0.0106318;105;0.060072;96
29;0000000000000000000000011110000000000000100000;0.0620697;613;0000000000000000010000011100000000000000100000;0.00739166;73;0.0569644;89
30;0000000000000000000000011110000000000000100000;0.0620697;613;0000000000000000000000010110000000000000100001;0.00901175;89;0.0584802;92
31;0000000000000000000000011110000000000000100000;0.0620697;613;0000000000000100000000010110000000000000100000;0.0111381;110;0.0606218;95
32;0000000000000000000000011110000000000000100000;0.0620697;613;0000000000000000000000010110000000000000100001;0.00901175;89;0.0579365;90
33;0000000000000000000000011110000000000000100000;0.0620697;613;0000000000000000000000011100000000000100100000;0.00749291;74;0.0589156;94
34;0000000000000000000000011110000000000000100000;0.0620697;613;0000000000000000000010010110000000000000100000;0.00901175;89;0.0606248;97
35;0000000000000000000000011110000000000000100000;0.0620697;613;0000000000000010000000011100000000000000100000;0.00982179;97;0.0605276;95
36;0000000000000000000000011110000000000000100000;0.0620697;613;0000000000000000000001011100000000000000100000;0.00739166;73;0.0604405;96
37;0000000000000000000000011110000000000000100000;0.0620697;613;0000000000000000000000011100000010000000100000;0.00759417;75;0.0587475;93
38;0000000000000000000000011110000000000000100000;0.0620697;613;0000000000100000000000011100000000000000100000;0.00779668;77;0.0589612;94
39;0000000000000000000000011110000000000000100000;0.0620697;613;0000000100000000000000011010000000000000100000;0.0112394;111;0.0605286;96
40;0000000000000000000000011110000000000000100000;0.0620697;613;0100000000000000000000011100000000000000100000;0.00749291;74;0.0592143;93
41;0000000000000000000000011110000000000000100000;0.0620697;613;1000000000000000000000011100000000000000100000;0.00739166;73;0.0601854;94
42;0000000000000000000000011110000000000000100000;0.0620697;613;0010000000000000000000011100000000000000100000;0.00739166;73;0.0604243;96
43;0000000000000000000000011110000000000000100000;0.0620697;613;1000000000000000000000011100000000000000100000;0.00739166;73;0.0599849;96
44;0000000000000000000000011110000000000000100000;0.0620697;613;0000000010000000000000010110000000000000100000;0.00921426;91;0.0601712;95
45;0000000000000000000000011110000000000000100000;0.0620697;613;0000000000000000100000011100000000000000100000;0.00739166;73;0.0585956;93
46;0000000000000000000000011110000000000000100000;0.0620697;613;0000001000000000000000011100000000000000100000;0.00860672;85;0.0600699;95
47;0000000000000000000000011110000000000000100000;0.0620697;613;0000000000000000000000011010000000000000110000;0.0108343;107;0.0609853;96
48;0000000000000000000000011110000000000000100000;0.0620697;613;0000000000000000000010011100000000000000100000;0.00739166;73;0.0589409;93
49;0000000000000000000000011110000000000000100000;0.0620697;613;0000000000000000010000011100000000000000100000;0.00739166;73;0.0599383;97
50;0000000000000000000000011110000000000000100000;0.0620697;613;0000000100000000000000011100000000000000100000;0.00891049;88;0.0599393;94
=============================================
geração;melhor;fitness;cobertura;pior;fitness;cobertura;média;ind_repetidos
0;0000000000000001000000001110100000000000000000;0.0191373;189;1000000001000100000000001000000000000000000001;0;0;0.000956865;1
1;0000000000000000000000001110100000010000000000;0.0194411;192;1000010011000010000000000000000000000000000000;0;0;0.00161401;7
2;0000000000000000000000001110100000010000000000;0.0194411;192;0000000000000000000000001101001000010000000000;0;0;0.00234002;16
3;0000000000000000000000001111100000000000000000;0.0200486;198;0000001000000000000000001001000100100000000000;0;0;0.00412718;23
4;0000000000000000000000001110100000000000100000;0.0307817;304;0000000000000000000000001001000001010100000000;0;0;0.00562475;28
5;0000000000000000000000001110100000000000100000;0.0307817;304;0000010000000000000000000011101000000000000000;0;0;0.00801843;39
6;0000000000000000000000011010101000000000000000;0.0334143;330;0000000000000000000000010010000010001001000000;0;0;0.0102187;41
7;0000000000000000000000011110100000000000000000;0.0591333;584;0000100000000000000000000000010000110000000010;0;0;0.014436;54
8;0000000000000000000000011110100000000000000000;0.0591333;584;0000010000000000000000000110100000000000000010;0;0;0.0173471;55
9;0000000000000000000000011110100000000000000000;0.0591333;584;0000001000000000000000000110100000000000000010;0;0;0.0197337;54
10;0000000000000000000000011110100000000000000000;0.0591333;584;0000000000000000000011001010100000000000000000;0;0;0.0227673;67
11;0000000000000000000000011110100000000000000000;0.0591333;584;0000000000000010000000001100101000000000000000;0;0;0.0269309;75
12;0000000000000000000000011110100000000000000000;0.0591333;584;0000000000000000000000101010101000000000000000;0;0;0.0310804;80
13;0000000000000000000000011110100000000000000000;0.0591333;584;0000000001000000000000000110101000000000000000;0;0;0.0344927;82
14;0000000000000000000000011110100000000000000000;0.0591333;584;0000000000000000000000001010101000000000100000;0;0;0.0396851;85
15;0000000000000000000000011110001000000000000000;0.0602471;595;0000000100000000000000001010101000000000000000;0;0;0.0470595;88
16;0000000000000000000100011110000000000000000000;0.0601458;594;0000000000000000000000000110101000000000010000;0;0;0.0508688;86
17;0000000000000000000000011110001000000000000000;0.0602471;595;0010000000000000000000011100100000000000000000;0.0135682;134;0.0553827;88
18;0000000000000000000000011110000000000000100000;0.0620697;613;0000000000000000000000011010100000000010000000;0.0168084;166;0.0570251;91
19;0000000000000000000000011110000000000000100000;0.0620697;613;0000000010000000000000011100100000000000000000;0.0136695;135;0.0569785;88
20;0000000000000000000000011110000000000000100000;0.0620697;613;0000000000000000000100011100000000000000001000;0.00131632;13;0.0539692;76
21;0000000000000000000000011110000000000000100000;0.0620697;613;0000000000000000000000011010000000000010000001;0.000607533;6;0.0555994;79
22;0000000000000000000000011110000000000000100000;0.0620697;613;0000000000000000000000011100001000000001000000;0.0135682;134;0.0571476;86
23;0000000000000000000000011110000000000000100000;0.0620697;613;0000000000000000000100011100000000000000010000;0.00212637;21;0.0555194;82
24;0000000000000000000000011110000000000000100000;0.0620697;613;0000100000000000000100001110000000000000000000;0.00708789;70;0.0566038;80
25;0000000000000000000000011110000000000000100000;0.0620697;613;0000000000010000000000010110000000000000000010;0.00162009;16;0.0590137;88
26;0000000000000000000000011110000000000000100000;0.0620697;613;0000000000000000000000010100001100000000100000;0;0;0.0567598;83
27;0000000000000000000000011110000000000000100000;0.0620697;613;0000000001000000000000010110000000000000100000;0.00931551;92;0.0561483;81
28;0000000000000000000000011110000000000000100000;0.0620697;613;0000001000000000000000001010001000000000100000;0.00141758;14;0.0576084;84
29;0000000000000000000000011110000000000000100000;0.0620697;613;0000000000001000000000011100000000000010000000;0.00121507;12;0.058298;87
30;0000000000000000000000011110000000000000100000;0.0620697;613;0000000000000000000001011100000001000000000000;0.00374646;37;0.058542;91
31;0000000000000000000000011110000000000000100000;0.0620697;613;1000000000000000000000010110000000000000100000;0.00901175;89;0.058947;92
32;0000000000000000000000011110000000000000100000;0.0620697;613;0000000000000000000000110110000000000000100000;0.00901175;89;0.0575517;90
33;0000000000000000000000011110000000000000100000;0.0620697;613;0000000000100000000000011010000000000000100000;0.0103281;102;0.0586119;92
34;0000000000000000000000011110000000000000100000;0.0620697;613;0000000010000000000000011100000000000000100000;0.00759417;75;0.0589409;94
35;0000000000000000000000011110000000000000100000;0.0620697;613;1000000000000000000000010110000000000000100000;0.00901175;89;0.0605529;96
36;0000000000000000000000011110000000000000100000;0.0620697;613;0000000000000010000000011100000000000000100000;0.00982179;97;0.0595728;94
37;0000000000000000000000011110000000000000100000;0.0620697;613;0000000000000000000000010110000000000000101000;0.00901175;89;0.0604517;96
38;0000000000000000000000011110000000000000100000;0.0620697;613;0000000000000000000000011100000000000100100000;0.00749291;74;0.0604081;95
39;0000000000000000000000011110000000000000100000;0.0620697;613;0000000000000000000000011010000000001000100000;0.0100243;99;0.0605732;97
40;0000000000000000000000011110000000000000100000;0.0620697;613;0000000010000000000000011100000000000000100000;0.00759417;75;0.0584397;93
41;0000000000000000000000011110000000000000100000;0.0620697;613;0000000100000000000000011100000000000000100000;0.00891049;88;0.0595444;95
42;0000000000000000000000011110000000000000100000;0.0620697;613;0000000000000000000010011100000000000000100000;0.00739166;73;0.0605013;97
43;0000000000000000000000011110000000000000100000;0.0620697;613;0000000000000000000000010110000000000000100001;0.00901175;89;0.0604213;94
44;0000000000000000000000011110000000000000100000;0.0620697;613;0000000010000000000000011100000000000000100000;0.00759417;75;0.0603281;93
45;0000000000000000000000011110000000000000100000;0.0620697;613;0010000000000000000000011100000000000000100000;0.00739166;73;0.0599586;95
46;0000000000000000000000011110000000000000100000;0.0620697;613;0000000000000000000010011100000000000000100000;0.00739166;73;0.0591698;93
47;0000000000000000000000011110000000000000100000;0.0620697;613;0000000000100000000000011100000000000000100000;0.00779668;77;0.0594421;94
48;0000000000000000000000011110000000000000100000;0.0620697;613;0000000100000000000000011100000000000000100000;0.00891049;88;0.0599079;94
49;0000000000000000000000011110000000000000100000;0.0620697;613;0000000000000000000000011100000000000001100000;0.00739166;73;0.0606248;96
50;0000000000000000000000011110000000000000100000;0.0620697;613;0000010000000000000000010110000000000000100000;0.00901175;89;0.0595748;95
=============================================
geração;melhor;fitness;cobertura;pior;fitness;cobertura;média;ind_repetidos
0;0000000000000000000000001110110000000000000000;0.0282503;279;0000000000000000100000000000001000110001000000;0;0;0.00145707;4
1;0000000000000000000000001111100000000000000000;0.0200486;198;0000100000101000010000000100000000000000000000;0;0;0.00136493;7
2;0000000000000000000000001111100000000000000000;0.0200486;198;0000000000000001100000000010010000000010000000;0;0;0.000976104;6
3;0000000000000000000000001111100000000000000000;0.0200486;198;0000000010000000000000001000100000000000010100;0;0;0.00110875;4
4;0000000000000000000000001110100000000100000000;0.018226;180;0000100000000000000000010010000000010000000001;0;0;0.000964966;10
5;0000000000000000010001000000000000000101000010;0.0301742;298;0000000000000100000000000010000000010100000010;0;0;0.00159073;9
6;0000000000000000000000001110100100000000000000;0.0189348;187;0000000000000000000000001001100000000100010000;0;0;0.00211523;15
7;0000000000000000000000001110001000010000000000;0.0228838;226;0010000001000000000000000000100110000000000000;0;0;0.00350547;18
8;0000000000000000000000001110001000010000000000;0.0228838;226;0000010000000000000100001001100000000000000000;0;0;0.00459801;24
9;0000000000000000000000001110001000010000000000;0.0228838;226;0000000000001000000000100000000000010001000100;0;0;0.00704334;35
10;0000000000000000000000001110001000010000000000;0.0228838;226;0000001000000000000000000110001000000000000010;0;0;0.00944613;48
11;0000000000000000000000001110010000000000100000;0.0214662;212;0000000000000000100000000011010001000000000000;0;0;0.0120575;61
12;0000000000000000000000001110010000000000100000;0.0214662;212;0000000000100000000000000010001100000000010000;0;0;0.0145585;66
13;0000000000000000000000011110010000000000000000;0.0608546;601;0000000000000000100000000110000100000000100000;0;0;0.0177896;72
14;0000000000000000000000011110010000000000000000;0.0608546;601;0000000000000000000000001100100100000000100000;0.00253139;25;0.0192912;79
15;0000000000000000000000011110010000000000000000;0.0608546;601;0000000000000000100000001010001100000000000000;0;0;0.0193661;77
16;0000000000000000000000011110010000000000000000;0.0608546;601;0000000000000000000000001100001100000000100000;0;0;0.0206825;74
17;0000000000000000000000011110000000000000100000;0.0620697;613;0000000000000000000000001100001100000000100000;0;0;0.0217882;68
18;0000000000000000000000011110000000000000100000;0.0620697;613;0000000000000000000000010100100000000000101000;0;0;0.0240594;70
19;0000000000000000000000011110000000000000100000;0.0620697;613;0000000000000000000000001100011100000000000000;0;0;0.0259579;73
20;0000000000000000000000011110000000000000100000;0.0620697;613;0000000000000000010000001010100000000000100000;0;0;0.0286756;70
21;0000000000000000000000011110000000000000100000;0.0620697;613;0000000000000000000000001100100010000000100000;0.000101256;1;0.0334873;72
22;0000000000000000000000011110000000000000100000;0.0620697;613;0000000000001000000000001100100000000000100000;0.00131632;13;0.0399777;72
23;0000000000000000000000011110000000000000100000;0.0620697;613;0000000000010001000000001100100000000000000000;0;0;0.0430195;71
24;0000000000000000000000011110000000000000100000;0.0620697;613;0010000000000000000000001100100000000000100000;0;0;0.0486928;71
25;0000000000000000000000011110000000000000100000;0.0620697;613;0001000000000000000000000110000000000000100100;0.00222762;22;0.0518581;73
26;0000000000000000000000011110000000000000100000;0.0620697;613;0000010000000000000000011100010000000000000000;0.00607533;60;0.0560906;84
27;0000000000000000000000011110000000000000100000;0.0620697;613;0000000000000000000000111100010000000000000000;0.00607533;60;0.056604;82
28;0000000000000000000000011110000000000000100000;0.0620697;613;0010000000000000000000011010000001000000000000;0.00405022;40;0.0576175;85
29;0000000000000000000000011110000000000000100000;0.0620697;613;0000000000001000000000010110000100000000000000;0.00465776;46;0.0586149;87
30;0000000000000000000000011110000000000000100000;0.0620697;613;0000000000000001000000011010010000000000000000;0.00810045;80;0.0587253;89
31;0000000000000000000000011110000000000000100000;0.0620697;613;0000000000000000000000011100000010000000100000;0.00759417;75;0.0599322;93
32;0000000000000000000000011110000000000000100000;0.0620697;613;1000000000000000000000010110000000000000100000;0.00901175;89;0.0589278;94
33;0000000000000000000000011110000000000000100000;0.0620697;613;0000100000000000000000011100000000000000100000;0.009113;90;0.0600547;95
34;0000000000000000000000011110000000000000100000;0.0620697;613;0000001000000000000000011100000000000000100000;0.00860672;85;0.0575051;89
35;0000000000000000000000011110000000000000100000;0.0620697;613;0000000000001000000000011100000000000000100000;0.00830296;82;0.0579031;90
36;0000000000000000000000011110000000000000100000;0.0620697;613;0000000000001000000000011010000000000000100000;0.0106318;105;0.0604669;95
37;0000000000000000000000011110000000000000100000;0.0620697;613;0000000000000000000000011100000000000000110000;0.00870798;86;0.0600325;95
38;0000000000000000000000011110000000000000100000;0.0620697;613;0000000000000010000000010110000000000000100000;0.0110369;109;0.0615311;98
39;0000000000000000000000011110000000000000100000;0.0620697;613;1000000000000000000000010110000000000000100000;0.00901175;89;0.0599798;93
40;0000000000000000000000011110000000000000100000;0.0620697;613;0000100000000000000000011100000000000000100000;0.009113;90;0.0610602;97
41;0000000000000000000000011110000000000000100000;0.0620697;613;0000000100000000000000010110000000000000100000;0.0103281;102;0.0610602;98
42;0000000000000000000000011110000000000000100000;0.0620697;613;0000000000000000000000001110000000000100100000;0.0135682;134;0.0611058;97
43;0000000000000000000000011110000000000000100000;0.0620697;613;0010000000000000000000010110000000000000100000;0.00921426;91;0.0595262;90
44;0000000000000000000000011110000000000000100000;0.0620697;613;0000000000000000100000011010000000000000100000;0.00992305;98;0.0600689;95
45;0000000000000000000000011110000000000000100000;0.0620697;613;0000000000000000000000011100000000000000101000;0.00739166;73;0.0605489;97
46;0000000000000000000000011110000000000000100000;0.0620697;613;0000000000000000001000010110000000000000100000;0.0106318;105;0.0611068;96
47;0000000000000000000000011110000000000000100000;0.0620697;613;0000001000000000000000011100000000000000100000;0.00860672;85;0.058063;93
48;0000000000000000000000011110000000000000100000;0.0620697;613;1000000000000000000000001110000000000000100000;0.0129607;128;0.0610764;97
49;0000000000000000000000011110000000000000100000;0.0620697;613;0000000000100000000000011010000000000000100000;0.0103281;102;0.0605286;96
50;0000000000000000000000011110000000000000100000;0.0620697;613;0000000000000000000000011100000100000000100000;0.0101256;100;0.0599059;93
=============================================
geração;melhor;fitness;cobertura;pior;fitness;cobertura;média;ind_repetidos
0;0000000000000000000000001110001010000000000000;0.0170109;168;0000001001000000000000100001000000000010000000;0;0;0.000766505;2
1;0000000000000000000000001110001000010000000000;0.0228838;226;0000000000000000010010000100000000000010000001;0;0;0.00145302;11
2;0000000000000000000000001110001000010000000000;0.0228838;226;0001000000000001000000000010000010010000000000;0;0;0.00221547;21
3;0000000000000000000000001110001000010000000000;0.0228838;226;0000000000000000001000000100000000000000010101;0;0;0.00299413;30
4;0000000000000000000000001110001000010000000000;0.0228838;226;0000000000000000000000000010100010010000001000;0;0;0.00441474;47
5;0000000000000000000000001110100000010000000000;0.0194411;192;0000010000000000000000001010000010010000000000;0;0;0.00518834;46
6;0000000000000000000000001110100000010000000000;0.0194411;192;0000000100000000100000000100100010000000000000;0;0;0.00686918;54
7;0000000000000000000000001110100000010000000000;0.0194411;192;0000000000000000000100000110100010000000000000;0.000101256;1;0.0089834;55
8;0000000000000000000000001110100000010000000000;0.0194411;192;1000000000010000000000001010000010000000000000;0;0;0.009758;50
9;0000000000000000000000001110100000010000000000;0.0194411;192;0000000000000000000000001000101000010010000000;0;0;0.0112161;59
10;0000000000000000000000001110100000010000000000;0.0194411;192;0000000000000010000000001000100100000000010000;0;0;0.0133556;74
11;0000000000000000000000001110100000010000000000;0.0194411;192;0000000010000000000000101010100000000000000000;0;0;0.0157868;77
12;0000000000000000000000001110100000100000000000;0.0203524;201;0000000100000000000000001010100010000000000000;0.000101256;1;0.0172044;82
13;0000000000000000000000001110100000100000000000;0.0203524;201;0000000000100000000000001010100010000000000000;0.000101256;1;0.0181683;85
14;0000000000000000000000001110100000100000000000;0.0203524;201;0000000000000000001000000110100000000000000100;0;0;0.0187961;92
15;0000000000000000000000001110100000100000000000;0.0203524;201;0000000000000000000010001110000000010000000000;0.00607533;60;0.0185794;91
16;0000000000000000000000001110100000100000000000;0.0203524;201;0000000000000000000001001110000000010000000000;0.00607533;60;0.0193236;96
17;0000000000000000000000001110100000100000000000;0.0203524;201;0000000000000000010000001110000000010000000000;0.00607533;60;0.0191403;92
18;0000000000000000000000001110100000100000000000;0.0203524;201;0000000000000000000000001100100000010000000010;0.00394897;39;0.0197053;96
19;0000000000000000000000001110100000100000000000;0.0203524;201;0000000000000000000000001101100000100000000000;0.00779668;77;0.0194188;90
20;0000000000000000000000001110100000100000000000;0.0203524;201;0000000000000100000000001100100000100000000000;0.00779668;77;0.0198005;92
21;0000000000000000000000001110100000100000000000;0.0203524;201;0000001000000000000000001100100000100000000000;0.00779668;77;0.0200253;96
22;0000000000000000000000011110100000000000000000;0.0591333;584;0000000000000001000000001100100000100000000000;0.00779668;77;0.0202086;94
23;0000000000000000000000011110100000000000000000;0.0591333;584;0000001000000000000000001100100000100000000000;0.00779668;77;0.0201326;93
24;0000000000000000000000011110100000000000000000;0.0591333;584;0000010000000000000000001100100000100000000000;0.00779668;77;0.0212819;96
25;0000000000000000000000011110100000000000000000;0.0591333;584;0000000000000000000001001100100000100000000000;0.00779668;77;0.0214834;88
26;0000000000000000000000011110100000000000000000;0.0591333;584;0000000000000001000000001100100000100000000000;0.00779668;77;0.0209012;89
27;0000000000000000000000011110100000000000000000;0.0591333;584;0000000000000000000000001100100000100000001000;0.00779668;77;0.0220484;84
28;0000000000000000000000011110100000000000000000;0.0591333;584;0000000000000000000000001010100000000011000000;0.000202511;2;0.0236553;88
29;0000000000000000000000011110100000000000000000;0.0591333;584;0000000000000000000000011000100000100000000010;0.00769542;76;0.0238528;88
30;0000000000000000000000011110100000000000000000;0.0591333;584;0000000001000000000000001010100000100000000000;0.00961928;95;0.0269087;86
31;0000000000000000000000011110000000000000000100;0.0601458;594;0000000000000000000000001100100000100000010000;0.00779668;77;0.0289469;76
32;0000000000000000000000011110000000000000100000;0.0620697;613;0000101000000000000000010100000000100000000000;0;0;0.0303362;62
33;0000000000000000000000011110000000000000100000;0.0620697;613;0000000000100000000000011010000000000001000000;0.00151883;15;0.0377916;56
34;0000000000000000000000011110000000000000100000;0.0620697;613;0000010000000000000000001100100000000000100000;0;0;0.0433486;59
35;0000000000000000000000011110000000000000100000;0.0620697;613;0000000001000000000000001011100000000000000000;0;0;0.0495819;61
36;0000000000000000000000011110000000000000100000;0.0620697;613;0000010000000000000000010010100000000000100000;0;0;0.0491981;59
37;0000000000000000000000011110000000000000100000;0.0620697;613;0000000000000010000000011100000000000010000000;0.000303767;3;0.0529608;69
38;0000000000000000000000011110000000000000100000;0.0620697;613;0010000000000000000000011100000000000000000100;0.000101256;1;0.0542832;69
39;0000000000000000000000011110000000000000100000;0.0620697;613;0000000000000010000010001100000000000000100000;0.000101256;1;0.0572682;80
40;0000000000000000000000011110000000000000100000;0.0620697;613;0100000000000000000000010110000000000000100000;0.00931551;92;0.0571689;81
41;0000000000000000000000011110000000000000100000;0.0620697;613;0000000000000000000001010110000000000000100000;0.00901175;89;0.0590493;90
42;0000000000000000000000011110000000000000100000;0.0620697;613;0000000000000000000000011100000000000000100001;0.00739166;73;0.0582595;91
43;0000000000000000000000011110000000000000100000;0.0620697;613;0000000000000000000000011101000000000010000000;0.00202511;20;0.0591303;93
44;0000000000000000000000011110000000000000100000;0.0620697;613;1000000000000000000000011100000000000000100000;0.00739166;73;0.0609539;97
45;0000000000000000000000011110000000000000100000;0.0620697;613;0000000000000000000000010110000000000000101000;0.00901175;89;0.061041;97
46;0000000000000000000000011110000000000000100000;0.0620697;613;0000000000000000000000011100000000000001100000;0.00739166;73;0.0589632;92
47;0000000000000000000000011110000000000000100000;0.0620697;613;0000001000000000000000011100000000000000100000;0.00860672;85;0.0600082;96
48;0000000000000000000000011110000000000000100000;0.0620697;613;0000000000000100000000011100000000000000100000;0.00972054;96;0.0600102;95
49;0000000000000000000000011110000000000000100000;0.0620697;613;0000000000000000010000011100000000000000100000;0.00739166;73;0.0588508;92
50;0000000000000000000000011110000000000000100000;0.0620697;613;0000000000000000001000011100000000000000100000;0.00840421;83;0.0595667;93
=============================================
geração;melhor;fitness;cobertura;pior;fitness;cobertura;média;ind_repetidos
0;0000000000000000010000000000000000001001001010;0.0204536;202;0000001000000000010001000000000000000000000101;0;0;0.000775618;1
1;0000000000000000010000000000000000001001001010;0.0204536;202;0000000100000000000000000001011100000000000000;0;0;0.00110571;7
2;1000000000000000000001000000000000010100000010;0.0156946;155;0000000000000110000100000010000000000100000000;0;0;0.000935601;8
3;0000000000000000000000001010100100010000000000;0.00789793;78;0000000000010000000000000001010001100000000000;0;0;0.0012819;21
4;0000000000000000000000001000000100011100000000;0.0305792;302;0000000000001000000000000111000000100000000000;0;0;0.00214561;16
5;0000000000000000000000001000000100011100000000;0.0305792;302;0000000000000000001000010000000000000000110001;0;0;0.00244735;21
6;0000000000000000000000001000000100011100000000;0.0305792;302;0000000000000000000000001000101000010000100000;0;0;0.00364419;23
7;0000000000000000000000001000000100011100000000;0.0305792;302;0000000000000000000001001000101000010000000000;0;0;0.0049271;27
8;0000000000000000000000001000000100011100000000;0.0305792;302;0000000000000000000000101000100001010000000000;0;0;0.00583637;28
9;0000000000000000000000001000000100011100000000;0.0305792;302;0000000000000000001000000001010000110000000000;0;0;0.00697043;33
10;0000000000000000000000001110100000010000000000;0.0194411;192;0000000000000000000001001000100000010000001000;0;0;0.0083789;32
11;0000000000000000000001000000010100011000000000;0.0226812;224;0000000000001000000001000000100001010000000000;0;0;0.00969725;35
12;0000000000000000000001000000010100011000000000;0.0226812;224;0000000000000000000000000110100000001000100000;0;0;0.0113183;44
13;0000000000000000000001000000010100011000000000;0.0226812;224;0000000000000000000001001000000010010100000000;0;0;0.0121902;51
14;0000000000000000000001000000010100011000000000;0.0226812;224;0000000000000010000000000100100000000000100010;0;0;0.0131065;53
15;0000000000000000000001000000010100011000000000;0.0226812;224;0000000000000001000000001000000000001100001000;0;0;0.0138285;55
16;0000000000000000000001000000001100011000000000;0.0237951;235;0000000000001000000001001100100000000000000000;0;0;0.0172783;74
17;0000000000000000000001000000001100011000000000;0.0237951;235;0000000000010000000001001000100000010000000000;0;0;0.0172185;78
18;0000000000000000000001000000001100011000000000;0.0237951;235;0000000000000000000001010000001100010000000000;0;0;0.0182533;83
19;0000000000000000000001000000001100011000000000;0.0237951;235;0000010000000000100001000000100000010000000000;0;0;0.0190583;86
20;0000000000000000000000011110001000000000000000;0.0602471;595;0001000000000000000001000000001100010000000000;0;0;0.0191393;83
21;0000000000000000000000011110001000000000000000;0.0602471;595;0000000000000000000000000010101100001000000000;0;0;0.0207068;84
22;0000000000000000000000011110001000000000000000;0.0602471;595;0000100000000000000001000010100000100000000000;0;0;0.020567;82
23;0000000000000000000000011110001000000000000000;0.0602471;595;0000000000000001000001000000101000100000000000;0;0;0.0219411;83
24;0000000000000000000000011110001000000000000000;0.0602471;595;0000000000000000000000001100001100001000000000;0;0;0.0214277;72
25;0000000000000000000000011110010000000000000000;0.0608546;601;0000010000000000000001000000010001100000000000;0;0;0.0230923;70
26;0000000000000000000000011110001000000000000000;0.0602471;595;0000000000000000000001000110110000000000000000;0;0;0.0232209;65
27;0000000000000000000000011110001000000000000000;0.0602471;595;0000000000010000000001100000010000000000000001;0;0;0.0285429;62
28;0000000000000000000000011110000000000000100000;0.0620697;613;0000000000000000000001000110101000000000000000;0;0;0.0342993;61
29;0000000000000000000000011110000000000000100000;0.0620697;613;0000010000000000000001000000001100001000000000;0;0;0.0375587;60
30;0000000000000000000000011110000000000000100000;0.0620697;613;0000000000000000000000001100110000000000010000;0;0;0.0402541;59
31;0000000000000000000000011110000000000000100000;0.0620697;613;0000000011000000000000001110000000000000000000;0.000405022;4;0.0483728;71
32;0000000000000000000000011110000000000000100000;0.0620697;613;0000100000000000000000011100001000000000000000;0.0137708;136;0.0559416;82
33;0000000000000000000000011110000000000000100000;0.0620697;613;1000000000000000000000010110001000000000000000;0.0147833;146;0.0566008;84
34;0000000000000000000000011110000000000000100000;0.0620697;613;0000000000010000000000010110000000000001000000;0.000607533;6;0.0569826;85
35;0000000000000000000000011110000000000000100000;0.0620697;613;0000000000000000000000011010001000000000000001;0.0172134;170;0.0592679;89
36;0000000000000000000000011110000000000000100000;0.0620697;613;0000000000000000000000011100000000000000110000;0.00870798;86;0.0587131;88
37;0000000000000000000000011110000000000000100000;0.0620697;613;0000000000000000000000010100101000000000100000;0.000303767;3;0.0565786;81
38;0000000000000000000000011110000000000000100000;0.0620697;613;0000000000010000000000011100000000000000100000;0.00769542;76;0.0582787;88
39;0000000000000000000000011110000000000000100000;0.0620697;613;0000000000000000000000011100000000000010100000;0.00769542;76;0.0601844;93
40;0000000000000000000000011110000000000000100000;0.0620697;613;0000000000000000100000011100000000000000100000;0.00739166;73;0.059351;92
41;0000000000000000000000011110000000000000100000;0.0620697;613;0000000000000000000000011100000010000000100000;0.00759417;75;0.0584286;92
42;0000000000000000000000011110000000000000100000;0.0620697;613;0000000000000000000000010110000000000000110000;0.0102268;101;0.0604689;95
43;0000000000000000000000011110000000000000100000;0.0620697;613;0000000000000000100000010110000000000000100000;0.00901175;89;0.0605215;97
44;0000000000000000000000011110000000000000100000;0.0620697;613;0000000000000000000000011100000000000001100000;0.00739166;73;0.0600963;95
45;0000000000000000000000011110000000000000100000;0.0620697;613;0000000000000000000010011100000000000000100000;0.00739166;73;0.0610673;97
46;0000000000000000000000011110000000000000100000;0.0620697;613;0000001000000000000000011010000000000000100000;0.0113406;112;0.0615624;99
47;0000000000000000000000011110000000000000100000;0.0620697;613;0000000000000000000000010110000010000000100000;0.00921426;91;0.0594867;94
48;0000000000000000000000011110000000000000100000;0.0620697;613;0000000000000000000000011010000000000100100000;0.0106318;105;0.0615554;99
49;0000000000000000000000011110000000000000100000;0.0620697;613;0000000000000000000000011100000000000001100000;0.00739166;73;0.0609043;96
50;0000000000000000000000011110000000000000100000;0.0620697;613;0000000000000000000000011100000000000000100001;0.00739166;73;0.0590007;93
=============================================
geração;melhor;fitness;cobertura;pior;fitness;cobertura;média;ind_repetidos
0;0000000000000000000000001110110000000000000000;0.0282503;279;0000000000000010000000010000010000010100000000;0;0;0.00135379;2
1;0000000000000000000000001110110000000000000000;0.0282503;279;0100000000000000001001000000000100000001000000;0;0;0.00180741;6
2;0000000000000000000000001110110000000000000000;0.0282503;279;0000100000000000000000000010100010100000000000;0;0;0.00236736;8
3;0000000000000000000000001110110000000000000000;0.0282503;279;0000100000000000000000000010000001000000000110;0;0;0.00446132;16
4;0000000000000000000000001110110000000000000000;0.0282503;279;0000010000000000000110000000001000000000001000;0;0;0.00651175;23
5;0000000000000000000000001110110000000000000000;0.0282503;279;0000000000101000000000000000001010010000000000;0;0;0.00890543;27
6;0000000000000000000000011110100000000000000000;0.0591333;584;0000000000001000000000000010000011100000000000;0;0;0.0103362;33
7;0000000000000000000000001110110000000000000000;0.0282503;279;0000000000001000100000000010100000010000000000;0;0;0.0127045;43
8;0000000000000000000000001110101000000000000000;0.0346294;342;0000000000100000000000001100100000000000000010;0;0;0.0144714;43
9;0000000000000000000000001110101000000000000000;0.0346294;342;0000000000000010000000001101001000000000000000;0;0;0.0183536;53
10;0000000000000000000000001110101000000000000000;0.0346294;342;0000000000000000000000001100010000010000000100;0.000303767;3;0.0218246;70
11;0000000000000000000000011110100000000000000000;0.0591333;584;0000000000000000000000001100110000001000000000;0;0;0.0247094;80
12;0000000000000000000000011110100000000000000000;0.0591333;584;0000000000000000010000001100110000000000000000;0;0;0.0281723;87
13;0000000000000000000000011110100000000000000000;0.0591333;584;0000000000000000000000001100101000000010000000;0;0;0.0302491;89
14;0000000000000000000000011110100000000000000000;0.0591333;584;0000000000000000000000101010110000000000000000;0;0;0.033552;83
15;0000000000000000000000011110100000000000000000;0.0591333;584;0000000000000000000100001010101000000000000000;0;0;0.0359569;83
16;0000000000000000000000011110100000000000000000;0.0591333;584;0000000000100001000000010100100000000000000000;0;0;0.0344957;73
17;0000000000000000000000011110001000000000000000;0.0602471;595;0001000000000000000000000110100000001000000000;0;0;0.0382544;70
18;0000000000000000000000011110001000000000000000;0.0602471;595;0000000000000000000000001100101000001000000000;0;0;0.045401;78
19;0000000000000000000000011110001000000000000000;0.0602471;595;0000100000000000000000001100101000000000000000;0;0;0.0525415;84
20;0000000000000000000000011110001000000000000000;0.0602471;595;0000000001000000000000010110100000000000000000;0.0162009;160;0.0560328;91
21;0000000000000000000000011110001000000000000000;0.0602471;595;0000000000000000000001010110000000000000000100;0.0009113;9;0.0577835;94
22;0000000000000000000000011110010000000000000000;0.0608546;601;0100000000000000000010011100000000000000000000;0;0;0.0547367;84
23;0000000000000000000000011110010000000000000000;0.0608546;601;0000000000001000000000011100001000000000000000;0.0146821;145;0.0583718;91
24;0000000000000000000000011110001000000000000000;0.0602471;595;0000000000000000000000001110010000000000010000;0.0128595;127;0.0565512;91
25;0000000000000000000000011110001000000000000000;0.0602471;595;0000000000000001000000010110001000000000000000;0.0154921;153;0.0571192;89
26;0000000000000000000000011110001000000000000000;0.0602471;595;0000000000010000000000011100001000000000000000;0.0137708;136;0.0578806;92
27;0000000000000000000000011110001000000000000000;0.0602471;595;0001000000000000000000011100001000000000000000;0.0136695;135;0.0576083;93
28;0000000000000000000000011110001000000000000000;0.0602471;595;0000000001000000000000010110001000000000000000;0.0148846;147;0.058476;94
29;0000000000000000000000011110001000000000000000;0.0602471;595;0010000000000000000000011100001000000000000000;0.0135682;134;0.0579303;93
30;0000000000000000000000011110001000000000000000;0.0602471;595;0000000000000000100000011100001000000000000000;0.0135682;134;0.0580639;95
31;0000000000000000000000011110010000000000000000;0.0608546;601;0000000001000000000000011010001000000000000000;0.0173147;171;0.0582128;94
32;0000000000000000000000011110010000000000000000;0.0608546;601;0000000000000000000000001110001000000010000000;0.0177197;175;0.0590846;95
33;0000000000000000000000011110010000000000000000;0.0608546;601;0000000000000000000000011100001000000000000100;0.0136695;135;0.0584963;94
34;0000000000000000000000011110010000000000000000;0.0608546;601;0000000000000100000000011010001000000000000000;0.0189348;187;0.0598328;97
35;0000000000000000000000011110010000000000000000;0.0608546;601;0000000000000000000000011010010000000000000010;0.0102268;101;0.057509;89
36;0000000000000000000000011110010000000000000000;0.0608546;601;0000000000000000000000001110010000000001000000;0.0106318;105;0.059279;95
37;0000000000000000000000011110010000000000000000;0.0608546;601;0000000000000000001000011100001000000000000000;0.0150871;149;0.0594369;95
38;0000000000000000000000011110010000000000000000;0.0608546;601;1000000000000000000000011100010000000000000000;0.00607533;60;0.0574088;91
39;0000000000000000000000011110010000000000000000;0.0608546;601;0000000000000000000000110110010000000000000000;0.00739166;73;0.0591848;96
40;0000000000000000000000011110010000000000000000;0.0608546;601;0000000000000010000000011010010000000000000000;0.00921426;91;0.0596152;96
41;0000000000000000000000011110010000000000000000;0.0608546;601;0000000000000000000000011100010000001000000000;0.00617659;61;0.0586614;94
42;0000000000000000000000011110010000000000000000;0.0608546;601;0000000000000000000000010110010000000000000001;0.00739166;73;0.0586502;93
43;0000000000000000000000011110010000000000000000;0.0608546;601;0000000010000000000000011100010000000000000000;0.00627785;62;0.0573866;92
44;0000000000000000000000011110010000000000000000;0.0608546;601;0000100000000000000000011100010000000000000000;0.00718915;71;0.0567456;92
45;0000000000000000000000011110010000000000000000;0.0608546;601;0000000000000000010000011010010000000000000000;0.00749291;74;0.0577187;94
46;0000000000000000000000011110010000000000000000;0.0608546;601;0000000000000000000000011100010000000001000000;0.00607533;60;0.0577491;94
47;0000000000000000000000011110010000000000000000;0.0608546;601;0000000000000000000000011100010000000001000000;0.00607533;60;0.0576893;93
48;0000000000000000000000011110010000000000000000;0.0608546;601;0000000000000000100000011100010000000000000000;0.00607533;60;0.0587029;94
49;0000000000000000000000011110010000000000000000;0.0608546;601;0000000000000000100000011100010000000000000000;0.00607533;60;0.059759;97
50;0000000000000000000000011110010000000000000000;0.0608546;601;0000000000000000000000110110010000000000000000;0.00739166;73;0.0584457;95
=============================================
