geração;melhor;fitness;cobertura;pior;fitness;cobertura;média;ind_repetidos
0;0000001000000110010100000110011001011000100010;0.608647;6011;1001100011000001110010100010000001000000010100;0.036047;356;0.2126;1
1;1000001000000100010100000110011001011000100010;0.589307;5820;1100000101000000100000010101000011000010111000;0.0749291;740;0.251962;2
2;0000100100000100011100000000010001001101110010;0.600243;5928;0111100000000000000000010001001100000110011011;0.106723;1054;0.294892;2
3;0000100000000110010001000110011101001000100010;0.628493;6207;1000100001010000000000110000010001100010010111;0.10966;1083;0.333586;2
4;0001000000000101011100000100011001001010100010;0.53949;5328;1111000001001010000101001000100000000001010100;0.127177;1256;0.360492;3
5;0100100000000010011100000100011001001010100010;0.574119;5670;1111000000001000100100000000000000111010101010;0.174565;1724;0.386358;3
6;0100100000000010011100000100011001001001100010;0.590421;5831;1000001000101000100100001000110100010000010101;0.189247;1869;0.434302;8
7;0000100000000010011100000100011001001001110010;0.626164;6184;0011010100001000100100000011000000001101100010;0.193094;1907;0.461336;1
8;0000100100000100010100000100011001001001101010;0.622823;6151;0101000000100001011000100100010110010000010010;0.170514;1684;0.486689;4
9;0001000000000110010100010110010000011010100010;0.621;6133;0000100000010011000100101000011001000001110001;0.266201;2629;0.522619;5
10;0000100000000100010101000100011001001001100110;0.656946;6488;0100010100000101011100000100000001011001000010;0.34275;3385;0.543694;5
11;0000100000000110010100010110010000011010100010;0.627683;6199;0000000000010100011100001001110010001100100010;0.335865;3317;0.557881;4
12;0000100000000100010101000110010001001000110110;0.624949;6172;0000100000000000011100010100011100001110110000;0.387201;3824;0.556209;4
13;0000100000000100010101000110010001001000110110;0.624949;6172;0000100000000101001000010000110000101010111010;0.3629;3584;0.568076;7
14;0000100100000100011101000100011000001001100010;0.629303;6215;0001000000000011111100000100010001001000111000;0.426995;4217;0.582503;11
15;0000000000000110010101000100011011000000110110;0.632341;6245;0001001000000100010100000110001000011010100011;0.454739;4491;0.59195;13
16;0000100000000100010101000100011110001001100010;0.629405;6216;0000100100000100110100010110010001000001110000;0.526934;5204;0.592954;7
17;0000000000000110010100010110010001001000110110;0.647833;6398;0100100000000000011100010110000000011010100011;0.355508;3511;0.585506;11
18;0000000000000110010100010110010001001000110110;0.647833;6398;0001001000100100110100000000010011000001110010;0.460612;4549;0.594607;13
19;0000100100000100011101010110010000000000110010;0.665047;6568;0001000000000010010101100100001001000000110111;0.42578;4205;0.595944;9
20;0000100100000100011101010110010000000000110010;0.665047;6568;0001000000000010010100010110010110001001100010;0.4919;4858;0.604847;8
21;0000000000001110010100010110010001001000110010;0.646821;6388;0000100000110100010001000101011001000000100011;0.476914;4710;0.604463;11
22;0000000100000110010101000110011001000001100010;0.651478;6434;1000010100000100011100000100011000010100110000;0.497772;4916;0.607031;10
23;0000000000000110010100010110010000001100110110;0.651175;6431;0000101000010000011100010110000001100001010010;0.34113;3369;0.60837;10
24;0000000000000110010101010110010000001000110110;0.670413;6621;0000000100000010010001000110011001001100110010;0.460713;4550;0.613842;14
25;0000000000000110010101010110010000001000110110;0.670413;6621;0000000000000010010001010110010000010110110110;0.454232;4486;0.619045;21
26;0000100000000110010101010110010000001000100110;0.672033;6637;0000000000000010010101000110101000101010110100;0.42659;4213;0.624004;20
27;0000100000000010010101010110110000001000100110;0.67659;6682;0000000000000110010101110100000000001110110010;0.47985;4739;0.625303;18
28;0000000000000010010101010110010000011000110110;0.671324;6630;0000100000000010010111110110000000001100100010;0.489368;4833;0.629623;25
29;0000000000000010010101010110010000011000110110;0.671324;6630;1100000100001010000100000100011000010100110010;0.533111;5265;0.63452;33
30;0000000000000010010101010110010000011000110110;0.671324;6630;0000000100000000010101010010110000001100110110;0.46132;4556;0.634859;25
31;0000000000000010010101010110010000011000110110;0.671324;6630;0000000001000010010111010010010000001000110110;0.447448;4419;0.639104;35
32;0000000000000010010101010110010000011000110110;0.671324;6630;0000100000000100010001010010110010000000111110;0.445221;4397;0.641711;46
33;0000000000000110010101010110010000011000100110;0.672944;6646;0110000000000110000101010010010000001000110110;0.560855;5539;0.651628;49
34;0000000000000110010101011110010000001000100110;0.675982;6676;0000010000100010010001010110010000001000110110;0.443094;4376;0.654519;58
35;0000000000000010010101010110010000011000110110;0.671324;6630;0000100100000110010101010010000000001000110110;0.561665;5547;0.660352;64
36;0000000000000010010101010110010000011000110110;0.671324;6630;0010000001000010010101010010010000001000110110;0.421324;4161;0.658611;67
37;0000000000000110010111010110010000001000100110;0.675577;6672;0000000000100010010101010110010100001000110100;0.536553;5299;0.663749;74
38;0000000000000110010111010110010000001000100110;0.675577;6672;0000000000000111010101010100010000001000110110;0.613811;6062;0.667176;81
39;0000000000001110010101010110010000001000100110;0.684083;6756;0000000000000110010101010010010000001001110110;0.594775;5874;0.666632;83
40;0000000000001110010101010110010000001000100110;0.684083;6756;0000000000000010010101010111000000011000110110;0.468712;4629;0.663756;77
41;0000000000000110110101010110010000001000100110;0.683779;6753;0001000000000010010101010010010000011000110110;0.483799;4778;0.666811;82
42;0000000000000110110101010110010000001000100110;0.683779;6753;1000000000000110010101010010010000001000110110;0.587789;5805;0.665049;69
43;0000000000000100010111010110010000001010100110;0.687323;6788;0000000000000110010011010111010000000000110110;0.602471;5950;0.664774;62
44;0000000000000110010101010110110000001000100110;0.686614;6781;0000000000010110010101010010010000101000100110;0.596497;5891;0.665552;64
45;0000000000000100010111010110010000001010100110;0.687323;6788;0000000000100110010111010010010000001000100110;0.612191;6046;0.666172;59
46;0000000000000100010111010110010000001010100110;0.687323;6788;0000000100000110010101010010010000001000110110;0.60004;5926;0.669903;62
47;0000000000000110010101010110110000001000100110;0.686614;6781;0000000100000110010101010010010000001000110110;0.60004;5926;0.668029;59
48;0000000000000110010101010110110000001000100110;0.686614;6781;0000000000000110010111010010010000001000101110;0.592244;5849;0.669422;59
49;0000000000000110010101010110110000001000100110;0.686614;6781;0000000100000110100101000110110000001000100110;0.607533;6000;0.675736;68
50;0000000000000110010101010110110000001000100110;0.686614;6781;0100000000000110010101010110100000001000100110;0.626671;6189;0.676936;71
=============================================
geração;melhor;fitness;cobertura;pior;fitness;cobertura;média;ind_repetidos
0;0000001000000110010100000110011001011000100010;0.608647;6011;0111000001011100110000010000000000101000000101;0.0509316;503;0.220986;1
1;0000001000000110010100000110011001011000100010;0.608647;6011;1000000011000011100110100100000000100101100000;0.135075;1334;0.295528;2
2;0000001000000110010100000110011000111000100010;0.606825;5993;0000000000001000000110110001000010011100101101;0.159781;1578;0.319868;1
3;0000001000000110010100000111011100010000010010;0.574524;5674;1100010001000001000000011000100000010010110011;0.125152;1236;0.349567;1
4;0010001000000110010101001000110100001000100010;0.592345;5850;0000000011000110010000011100100101000001100100;0.218408;2157;0.375326;5
5;0010000100100111011101000000010100000000100010;0.594876;5875;0010010011000000110101000000000000001000111011;0.189348;1870;0.415137;3
6;0000000110000110010101000100010001010010100010;0.611381;6038;1001001100001000000010001011000000000000111011;0.171729;1696;0.434839;5
7;0001001000100111010101000100010000010000100010;0.605002;5975;0010000011000000110101010110010010010000000100;0.236533;2336;0.462554;5
8;0001000000000110011100000110110000001000101010;0.63791;6300;0001000100000110000001110111001100100000000010;0.272479;2691;0.500502;2
9;0001000000000110011100000110110000001000101010;0.63791;6300;0101001000100101000101001100000000010101100000;0.288983;2854;0.5277;3
10;0000001000010010010101011100110000010000100010;0.650972;6429;0001010000100101010100000110000001000100100011;0.317132;3132;0.532013;3
11;0000001000000010010101001100110100011000100010;0.643074;6351;0010100000000010010001000100010000010111011010;0.322803;3188;0.542849;1
12;0010001000000010010101001110010000110000100010;0.632138;6243;0001100010100110000001001001010000110001000010;0.317234;3133;0.553514;2
13;0000001000000110010101001110010000110000100010;0.656237;6481;0010000100000110110001000101000001000101100010;0.356217;3518;0.565029;5
14;0000100000000111011101001110010000000000100010;0.681045;6726;0001001000100011010101000000000100001100101010;0.361989;3575;0.574026;8
15;0000001000000110110101001110010000001000100010;0.677197;6688;0101000000100110000010000110010001000101100010;0.396112;3912;0.585803;4
16;0000001000000110010101001110010000110000100010;0.656237;6481;0000001001000010010101101100000110000010100010;0.330296;3262;0.590432;6
17;0001000000000110011101001110010000000000100110;0.655934;6478;0010000001000010010001101110010001000010100010;0.38143;3767;0.590044;5
18;0000001000000110010101010110010001001000100010;0.660996;6528;0000000110001010010001001100010000011000110100;0.384062;3793;0.593241;4
19;0000100000000010010111001110010000011000100010;0.669907;6616;0000001001100010000101001110000000001000111010;0.407655;4026;0.599697;3
20;0000100000000010010111001110010000011000100010;0.669907;6616;0000000010001010010111001110010000011000100000;0.423856;4186;0.608487;6
21;0000101000000010011101001110010000010000100010;0.672134;6638;0010001000000110010001001100000001000101101010;0.345889;3416;0.614418;6
22;0000100000010110010101001110010000001000100010;0.677298;6689;0000100001000010011101001110000001000101100000;0.365128;3606;0.617783;6
23;0000100000010110010101001110010000001000100010;0.677298;6689;0000000000010010010011001110010000101001100010;0.401478;3965;0.624684;11
24;0000100000010110010101001110010000001000100010;0.677298;6689;0000001000000010010001001110010001111000100010;0.464358;4586;0.624328;9
25;0000000000000100010111001110110000001000100110;0.683475;6750;0010100000010010010111001110010000100000100000;0.513973;5076;0.634051;16
26;0000000000000110010111001110110000001000100010;0.678109;6697;0000001001000010010001001110010000001010101010;0.448866;4433;0.630989;15
27;0000001000001110010101001110010000001000100010;0.686108;6776;1100110000000010110101001010010000000000100010;0.467092;4613;0.637202;13
28;0000001000001110010101001110010000001000100010;0.686108;6776;0000001000100100011101001010010000001000100011;0.477623;4717;0.641386;16
29;0000001000000110011101001110010000001000100010;0.684488;6760;0000000000000111010111001110000001001000100010;0.544552;5378;0.650012;21
30;0000001000000100011101001110110000001000100010;0.681754;6733;0100000000010011011101001110010000001000000010;0.526225;5197;0.651769;15
31;0000001000000100010111001110010000001010100010;0.68064;6722;0000001000001100011101010111010001000000100000;0.513163;5068;0.646496;11
32;0000000000000110010111001110010000001000100110;0.680741;6723;0000101000000010010101001110010000001000011010;0.581713;5745;0.651613;16
33;0000100000000100010111001110010000001010100010;0.680842;6724;0000000000010010010101010110010000001010101010;0.561158;5542;0.651497;27
34;0000001000000110011101001110010000001000100010;0.684488;6760;0000000000010110010011010110010000001010100010;0.552248;5454;0.660547;35
35;0000000000000110010111001110010000001010100010;0.684893;6764;0000100000000110010111001010010000000010100110;0.581713;5745;0.659814;28
36;0000000000000110010111001110010000001010100010;0.684893;6764;0000001000000100110111001010010000001010100010;0.497064;4909;0.662666;36
37;0000100000000110011101001110010000001000100010;0.685399;6769;0000100001000100110110001110010000000000101100;0.541009;5343;0.657912;19
38;0000001000010110011101001110010000000000100010;0.686715;6782;0000101000100110010111001010000000000000100110;0.571891;5648;0.658554;24
39;0000100000010110011101001110010000000000100010;0.687627;6791;0000001000000100010111001110000100000100100011;0.479243;4733;0.65782;25
40;0000100000010110011101001110010000000000100010;0.687627;6791;0000000000000110110111001011000000000000101110;0.442183;4367;0.653479;28
41;0000001000001110011101001110010000000000100010;0.691778;6832;0000001000000110010111001010010000001010110000;0.515695;5093;0.651678;24
42;0000100000010110011101001110010000000000100010;0.687627;6791;0000001000000110110011001110010000001010100000;0.497975;4918;0.654617;26
43;0000100000010110011101001110010000000000100010;0.687627;6791;1000001000000100010111000110010001010100000010;0.558121;5512;0.66381;43
44;0000100000010110011101001110010000000000100010;0.687627;6791;0000001000001100011001001110010001000100100010;0.496254;4901;0.665654;43
45;0000100000000110011101001110110000000000100010;0.692183;6836;0001001100000000010111001110000000001010100010;0.468915;4631;0.663941;41
46;0000100000000110011101001110110000000000100010;0.692183;6836;0000001000010010011101001010010000001010100010;0.450182;4446;0.66025;37
47;0000100000000110011101001110110000000000100010;0.692183;6836;0000101000000110011111001010010000000000100010;0.58951;5822;0.667043;43
48;0000100000000110011101001110110000000000100010;0.692183;6836;0000100000011100010011001110010000000000110010;0.541009;5343;0.670274;50
49;0000100000000110011101001110110000000000100010;0.692183;6836;0000100000010100110110001110110000000000100010;0.579384;5722;0.668124;48
50;0000100000000110111101001110010000000000100010;0.692993;6844;0000100000010110011000001110110000000000100110;0.557513;5506;0.671958;53
=============================================
geração;melhor;fitness;cobertura;pior;fitness;cobertura;média;ind_repetidos
0;0000001000000110010100000110011001011000100010;0.608647;6011;1001100010010001000001100011000000100011000001;0.0197448;195;0.214807;1
1;0000001000000110010100000110011001011000100010;0.608647;6011;1100000001101100100001000100000011010010000100;0.0596395;589;0.249108;1
2;0010000100010010000100000110011001011000100010;0.571993;5649;0100000100001100001010000101100100001010001100;0.149352;1475;0.299397;3
3;0001001000000110010101000000001100011000100110;0.582321;5751;1000001000100000100000001000001110011000101110;0.16778;1657;0.31893;1
4;0001001000000110000100000110011001011000100010;0.59194;5846;0100111000000000000000011001011011011000001000;0.188032;1857;0.351261;3
5;0000011000000010010100001110010001001000001110;0.601357;5939;0001100010000001111000001010010000000001010011;0.163426;1614;0.369493;2
6;0000001000000010010100001110010000000010111110;0.639834;6319;0000001000101001000000100011111000010001000110;0.210308;2077;0.427624;7
7;0000001000000010000100000110011001011001001110;0.605812;5983;1100001000000001000000001011010101100000001110;0.208283;2057;0.44892;3
8;0000001000000010010100001110010001011000100110;0.614115;6065;1101000001100000000001001010011010000000001110;0.25567;2525;0.483262;6
9;0000100000000010000100000110110100011010100110;0.611887;6043;0000110010000000000000001001111100111000100100;0.299413;2957;0.508193;2
10;0000101000000110000100010110010000001100100110;0.625152;6174;1000001000100000010000000110111100100001000110;0.329283;3252;0.522706;2
11;0000001000000010000101000110111100010000100110;0.630923;6231;0000110000000000010100011000110000001101100011;0.319664;3157;0.538532;3
12;0000000100001010010100000110010100011000101010;0.627379;6196;0000111000000000001000011110000000011100001110;0.257797;2546;0.545211;4
13;0000001000000000000101000100110100011010101110;0.63386;6260;0000000000001010010100010010001000110010111010;0.363811;3593;0.566626;5
14;0000001000000010000100001110110100011000100110;0.634467;6266;0100001010000000000100000110100110001100100110;0.349635;3453;0.579237;13
15;0000000100000000000101000110110100010010101110;0.634569;6267;0001001000001010010100000110000100011000101100;0.390138;3853;0.57876;6
16;0000000000001010010101000100110100001000110110;0.639328;6314;0000000100000000000111010000011001011000101110;0.438437;4330;0.591254;10
17;0000000000001010010101010110010100011000000110;0.672033;6637;0000000100000000000101000110001001011001111010;0.412616;4075;0.591543;8
18;0000000000000110010101000110010100011000100110;0.650466;6424;0000100000000010000000000110001001011001111110;0.409376;4043;0.590124;8
19;0000000000000110010101000110010100011000100110;0.650466;6424;1000001000000010010100000110001100011100001010;0.326853;3228;0.59232;5
20;0000100000000010010101000110011001001000100110;0.65401;6459;1000000100000010010001000111011100000001100100;0.353787;3494;0.599773;12
21;0000100000000010010101000110011001010000100110;0.6613;6531;0001011000000010010001000010001000011100100110;0.349838;3455;0.604851;14
22;0000000100000010010101000110011001010000100110;0.660895;6527;0000001000000010000111000110001001001000111010;0.437019;4316;0.605952;6
23;0000000000001110010101000110111000010000100010;0.682159;6737;0010000100001010010101000110000001011001100000;0.322195;3182;0.604707;9
24;0000000000000010010100010110010100011000101110;0.663224;6550;0000100000000100010000000010111000001110101110;0.452916;4473;0.615062;13
25;0000100000000010010101000110011001001001100010;0.66454;6563;0000110000000000010100010010010000011010101110;0.458991;4533;0.613748;11
26;0000000000000110010101000110011001011000100010;0.665148;6569;0000000000010100010001000100011001011000101011;0.376974;3723;0.612343;16
27;0000100000000010010101000110011001001001100010;0.66454;6563;1001000100100010010100010110000100001000100010;0.395302;3904;0.613139;17
28;0000100000000000010101000110011001001001100110;0.666667;6584;0010000000000010010100010110011001011000100010;0.49676;4906;0.623602;22
29;0000100000000010010101000110011001001001100010;0.66454;6563;0000000000000010010000010110011000101100101110;0.444107;4386;0.622769;14
30;0000100000000010010101000110011001001001100010;0.66454;6563;0000000100000010010101000110001001011000101100;0.455751;4501;0.623172;13
31;0000100000000010010101000110011001001001100010;0.66454;6563;1000011000001000010100000110010100001001100010;0.382746;3780;0.624396;21
32;0000100000000010010101000110011001001001100010;0.66454;6563;0100100000000010010000010110010100011001001010;0.400365;3954;0.630081;29
33;0000000000000010010101000110011001001001100110;0.676387;6680;0000001000000010010001000110011001011000101100;0.460105;4544;0.633044;27
34;0000100000000010010101010110010000011000100110;0.668489;6602;0000100000000000010101000110001001011000101110;0.48147;4755;0.631891;33
35;0000100000000010010101010110010000011000100110;0.668489;6602;0000000010000010010101000100011110001000101010;0.494532;4884;0.62969;28
36;0000100000000010010101010110010000011000100110;0.668489;6602;0010100000000010010100100110010000011000100110;0.552248;5454;0.635892;35
37;0000000000000010010100010110010100011000101110;0.663224;6550;0000110000001010010100010110010000011000001100;0.539287;5326;0.635948;38
38;0000000000000010010101000110011000011000110110;0.664338;6561;0000000100000000000111010110011000011000101100;0.487242;4812;0.639564;43
39;0000000000000010010101000110111000011000100110;0.686918;6784;0000100000000011110100010100010000011000100110;0.571486;5644;0.647239;47
40;0000000000000010010101000110111000011000100110;0.686918;6784;0100000100000000100101000110011000011000100110;0.579081;5719;0.649785;54
41;0000000000000010010101000110111000011000100110;0.686918;6784;0000000100000010001101000110010000011000100111;0.577866;5707;0.655555;60
42;0000000000000010010101000110111000011000100110;0.686918;6784;0001100000000010010101000010011000011000100110;0.579587;5724;0.656884;67
43;0000000000000010010101000110111000011000100110;0.686918;6784;0000000100000010100101000110011000011000100110;0.605002;5975;0.658866;74
44;0000000000000010010101000110111000011000100110;0.686918;6784;0000000000000010010101001110110000011000100011;0.574524;5674;0.660253;77
45;0000000000000010010101000110111000011000100110;0.686918;6784;0000000100000010011101001010110000011000100010;0.488356;4823;0.65674;68
46;0000000000000100010101000110111000011000100110;0.686006;6775;0000000100001010010001001110110000011000100010;0.496659;4905;0.658708;72
47;0000000000000010010101000110111000011000100110;0.686918;6784;0000000100000010010101001010110100011000100010;0.49757;4914;0.655463;69
48;0000000000000010010101000110111000011000100110;0.686918;6784;0001000100000001010101010010001000011000100110;0.413021;4079;0.6628;73
49;0000000000000010010101000110111000011000100110;0.686918;6784;0000000000000010110101010010011000011000100110;0.488153;4821;0.662356;75
50;0000000000000010010101000110111000011000100110;0.686918;6784;0000000000000010110101000110101000011000100110;0.496254;4901;0.665909;74
=============================================
geração;melhor;fitness;cobertura;pior;fitness;cobertura;média;ind_repetidos
0;0000001000000110010100000110011001011000100010;0.608647;6011;1110010001101100000100010011000000000001010000;0.0474889;469;0.21001;1
1;0100001000000110010100000100011001011000100010;0.563994;5570;0010100000100001010000110010000010000110001101;0.0777643;768;0.255247;1
2;0011001000000110000100000110011001001000000110;0.526529;5200;0100100000001000000000011001000110010001100111;0.140239;1385;0.284978;1
3;0000001000000110010110000110011001001010000010;0.571183;5641;1100000000000000100001101000001000101010010111;0.0961928;950;0.319289;2
4;0110001000000010010100000110011000000000101110;0.590522;5832;1010001000000000000110001101001110010000010010;0.159376;1574;0.368972;2
5;0000000000000110100101001110011100001000000110;0.596294;5889;0011000000000100000000010011111011001001000010;0.254253;2511;0.430103;2
6;0000001000000000010101000110011000101100100110;0.644492;6365;0001000101000100000000000111000001001001101011;0.228028;2252;0.462318;4
7;0000001000000000010101000110011000101100100110;0.644492;6365;0001000010010100010100110010001000001100000110;0.242305;2393;0.493083;5
8;0000001000000010010101000110011000000100110110;0.645808;6378;0101001000000010000100101100010100011001000001;0.277643;2742;0.511239;4
9;0000100000000000010101000110011000101100100110;0.644492;6365;1101001000000010000100011000000011001100011000;0.159478;1575;0.52858;4
10;0000000000000110010100000110011000000010111110;0.625557;6178;0000100000010110010100010011001000000100111000;0.32341;3194;0.547718;5
11;0000001100000010010101000110111000001000100010;0.655022;6469;0000100000000110010010011111000000101100000100;0.313994;3101;0.5566;6
12;0000100000000010010111000110111000000000100110;0.655832;6477;0100001000000010011101001000101000000010101010;0.343054;3388;0.570689;13
13;0000100000000010010111000110111000000000100110;0.655832;6477;0000001000000100010000010110101100010000101110;0.409478;4044;0.592833;6
14;0000001000000010010101000110111001001000100010;0.652795;6447;0000000000000010010110010110011000000100111001;0.3871;3823;0.599654;7
15;0000000100000010010101000110111001000000100110;0.670008;6617;0000001000000100010101000010011001101100101000;0.411199;4061;0.598074;6
16;0000001000000100010101000110011000100100100110;0.659478;6513;0000001100000000010101000010011000010100111100;0.427704;4224;0.611108;6
17;0000001000000100010101000110011000100100100110;0.659478;6513;0000000100000000010111000100011010100100101010;0.471547;4657;0.610915;7
18;0000000000000110011101000110111001000000100010;0.664439;6562;0010010000000100110100000110011000001100100010;0.484913;4789;0.606545;6
19;0000000000000110010101000110011000100100100110;0.664743;6565;0000000000000010110101000110001000000010111110;0.418186;4130;0.607993;7
20;0000001000000000010111000110111000010000100110;0.661705;6535;0000000000000101010101110110001000000000101110;0.482888;4769;0.613489;4
21;0000100000001010010101010110011001000000100010;0.661401;6532;0000011000000010010001010110011011000000100010;0.458181;4525;0.622443;16
22;0000001000001010010101000110111001000000100010;0.66697;6587;0000001000000100010101100010101001000000101110;0.405832;4008;0.617714;12
23;0000000000000100010101010110011000100100100110;0.672438;6641;0000000000001010010100000110111001001000101100;0.496152;4900;0.616451;19
24;0000000000000100010101010110011000100100100110;0.672438;6641;0000001000000100010001100110101001000000101110;0.411199;4061;0.621724;26
25;0000000000000100010101010110011000100100100110;0.672438;6641;0100100000000100010101100110111001000000100000;0.5484;5416;0.631758;13
26;0000000000000100010101010110011000100100100110;0.672438;6641;0000000000000100010101010110000010101000101110;0.48552;4795;0.631792;17
27;0000000000000100010101010110011000100100100110;0.672438;6641;1000001000000100010100010010011000100100100110;0.560551;5536;0.635887;16
28;0000001000000110010101010110110000001000100010;0.674362;6660;0000001000001010010101000110111000101000100000;0.518631;5122;0.639476;17
29;0000000000001010010101000110111001000000100110;0.67902;6706;0000000010100010010101000110111000000000100011;0.539287;5326;0.646723;24
30;0000001000000010110101010110110000000000100110;0.67821;6698;0000000000000000100101100110111001000010100110;0.453827;4482;0.640781;21
31;0000000000000110010101011100110000010000100110;0.682159;6737;0010000000100001010101000110111000000000100110;0.523896;5174;0.646966;17
32;0000001000000010110101010110110000000000100110;0.67821;6698;0000001000000110010001010110011000011000101000;0.506683;5004;0.648092;25
33;0000000000000110010101010110110000010000100110;0.685399;6769;0000000010100110010101010010110000000000101010;0.513669;5073;0.645308;27
34;0000000000000110010101010110110000001000100110;0.686614;6781;0001000000000110010100010110110011000000101000;0.526731;5202;0.651508;39
35;0000000000000110010101010110110000010000100110;0.685399;6769;0000000000000010010100011110111001000010100010;0.46051;4548;0.65209;35
36;0000000000000110010101010110110000010000100110;0.685399;6769;0000001000000010110101010110100000000010100011;0.441069;4356;0.655799;36
37;0000000000000110010101010110110000010000100110;0.685399;6769;0000000010000010110101010110100000010000100110;0.46213;4564;0.657489;32
38;0000000000000110010101010110110000010000100110;0.685399;6769;0000001000000010110101010011110000010000100010;0.467497;4617;0.659577;36
39;0000000000000110010101010110110000001000100110;0.686614;6781;0000000000000010110101010010111000001000100110;0.489166;4831;0.663099;37
40;0000000000000110010101010110110000001000100110;0.686614;6781;0000000000000000111101010110110000010010000110;0.482382;4764;0.663329;42
41;0000000000000110010101010110110000001000100110;0.686614;6781;0000000000100010010101010010110000001000101110;0.456764;4511;0.666167;53
42;0000000000000110010101010110110000001000100110;0.686614;6781;0000001000000110110101010111010000010000100000;0.608141;6006;0.677153;66
43;0000000000000110010101010110110000001000100110;0.686614;6781;0000000000000110000101010110110001010000100110;0.630012;6222;0.68098;80
44;0000000000000110010101010110110000001000100110;0.686614;6781;0000000000000110100101010110110000010000100110;0.626468;6187;0.680684;85
45;0000000000000110010101010110110000001000100110;0.686614;6781;0000000000001110000101010110110000001000100110;0.635379;6275;0.682733;87
46;0000000000000110010101010110110000001000100110;0.686614;6781;0000000000000110010001010110110000011000100110;0.649048;6410;0.685919;97
47;0000000000000110010101010110110000001000100110;0.686614;6781;0000000000000110010101010010110000001100100110;0.623633;6159;0.684605;95
48;0000000000000110010101010110110000001000100110;0.686614;6781;0000100000000110010101010100110000001000100110;0.646821;6388;0.6857;93
49;0000000000000110010101010110110000001000100110;0.686614;6781;0000010000000110010100010110110000001000100110;0.623228;6155;0.683525;92
50;0000000000000110010101010110110000001000100110;0.686614;6781;0000000000100110010100010110110000001000100110;0.631328;6235;0.684776;94
=============================================
geração;melhor;fitness;cobertura;pior;fitness;cobertura;média;ind_repetidos
0;0000001000000110010100000110011001011000100010;0.608647;6011;0110100011010001000000110001000010000000101100;0.0429324;424;0.218328;1
1;0010001000000110010100000110011000011000100010;0.581815;5746;1001010001000110011000101000000001000110001000;0.0916363;905;0.242464;1
2;0000000000001100011100000100110000010000111011;0.560956;5540;1000011100000010001100011000000001000011010001;0.101863;1006;0.268815;3
3;0110000000001100000101001101010000001000100110;0.520251;5138;1000011011000000000010001000010000010101010101;0.0993317;981;0.298292;2
4;0100000000001100000101011101010000001000100110;0.578068;5709;0100101010001000000000000001100001101101001010;0.152086;1502;0.336424;6
5;0100000000001100000101011101010000001000100110;0.578068;5709;1001011011000000000100010100010001101010000000;0.168489;1664;0.381693;2
6;0100000000001100000101011101010000000000101110;0.61371;6061;0000100001011010010001010000101001100000100100;0.241798;2388;0.420586;1
7;0000000000001100010101010110010001000010100110;0.638923;6310;1000000100100000001010001101011000000011001010;0.16454;1625;0.433231;3
8;0000000000001100100101011100110000000000101110;0.630417;6226;0100000001000100000000010101010000110111001100;0.192892;1905;0.456843;5
9;0000100000001000010101010110010001000010100110;0.630012;6222;0010001001001000000001001101010000010100001110;0.253949;2508;0.487171;4
10;0000000000000100010101001110010101000010100110;0.661401;6532;0110000000000101010000100001010100000011100110;0.272074;2687;0.500624;2
11;0000000000000100010101100100111000011000100110;0.642872;6349;0000000100001000110000001101010100001000010111;0.222155;2194;0.533599;4
12;0000000000000100010101100100111000011000100110;0.642872;6349;0000000000010100011101100111000000100001100010;0.333232;3291;0.54336;6
13;0000000100000000011100010110110000001000101110;0.646416;6384;0000000110000010010000010110000100001010100111;0.304273;3005;0.558585;6
14;0000000100000000011100010110110000001000101110;0.646416;6384;0000000010000000010110100101010001010110100010;0.34032;3361;0.556948;7
15;0000000100000000010101010110011000011000100110;0.667679;6594;0000000010010100000101011101010000110010000100;0.398238;3933;0.567208;6
16;0000000100000000010101010110011000011000100110;0.667679;6594;0010000110000000010100000000110001010110100110;0.36533;3608;0.572885;5
17;0000000100000000010101010110011000011000100110;0.667679;6594;0000011000000010010101001100001000011000101010;0.397732;3928;0.596296;8
18;0000000100000000010101010110011000011000100110;0.667679;6594;0000000000000000011000011110111001001000100110;0.387404;3826;0.593207;8
19;0000000100000100010101010110110000000100100110;0.672033;6637;0000000000000100110101001100000010001010110110;0.444411;4389;0.600566;12
20;0000000000000100010101010110110000100100100110;0.670211;6619;0000000000010110010101001100001011001001000100;0.402795;3978;0.60132;13
21;0000000000000100010101010100111000011000100110;0.671932;6636;0000000101000000011100010110001001001010000110;0.318854;3149;0.614332;13
22;0000000000000100010101010110010100011000100110;0.684386;6759;0000000100000001010101010010110010000000101110;0.423957;4187;0.620552;9
23;0000000000000100010101010100111000011000100110;0.671932;6636;0000000100000000010001100100111000111000110010;0.392264;3874;0.621061;11
24;0000000000000100010101010100111000011000100110;0.671932;6636;0000000100000001010001010110110000011000100110;0.456966;4513;0.623175;9
25;0000000100000100010101001110110000010000100110;0.67902;6706;0000000000000101010111000000111000011100100010;0.453119;4475;0.622308;6
26;0000000100000100010101001110110000010000100110;0.67902;6706;0100000000010100010101000100100001010100100110;0.488153;4821;0.622867;7
27;0000000100000100010101001110110000010000100110;0.67902;6706;0010000000000100010101010110110000000100111000;0.454739;4491;0.624056;7
28;0000000100000100010101001110110000010000100110;0.67902;6706;0000001001000000010111001010010000011000100110;0.438437;4330;0.625765;6
29;0000000100000100010101001110110000010000100110;0.67902;6706;0000000000000101010111000110100000010100110100;0.399858;3949;0.629075;11
30;0000000000000110010101001110110000010000100110;0.687627;6791;0001000100000100010001000110101000010100100110;0.448967;4434;0.637899;11
31;0000000000000110010101001110110000010000100110;0.687627;6791;0000000000100010010001010110110000000100110110;0.472965;4671;0.642421;14
32;0000000000000100010101001110110000011000100110;0.685298;6768;0000000000100101000101001010110000011000100110;0.479445;4735;0.645948;22
33;0000000000000110010101001110110000010000100110;0.687627;6791;0000000000100001010101000110011000011000100110;0.539085;5324;0.651829;27
34;0000000000000110010101001110110000010000100110;0.687627;6791;0001001000000100010101010100111000010000100100;0.577056;5699;0.655517;25
35;0000000000000100010101001110010100011000100110;0.688335;6798;0000000000000000110111000110111000011000100100;0.416262;4111;0.654488;29
36;0000000000000100010101001110010100011000100110;0.688335;6798;0000000000100100010101000110100100011000000111;0.459397;4537;0.657928;43
37;0000000000000100010101001110010100011000100110;0.688335;6798;0000000100000100110101001110110000011000100000;0.571993;5649;0.66745;51
38;0000000000000110010101001110110000010000100110;0.687627;6791;0000000000000100010111101010110000010000100110;0.523694;5172;0.666097;48
39;0000000000000110010101001110110000010000100110;0.687627;6791;0000000000000011010101001110100000010000101110;0.466282;4605;0.666903;53
40;0000000000000110010101001110110000010000100110;0.687627;6791;0000000000000100011111001110100000010000100110;0.550223;5434;0.666642;47
41;0000000000000100010101010110010000011010100110;0.690158;6816;0000000000000100010101001010110000111000100110;0.534528;5279;0.670231;52
42;0000000000000100010101010110010000011010100110;0.690158;6816;0000000000000100011001001110110000011000100110;0.53625;5296;0.674859;63
43;0000000000000100010101001110010000011010100110;0.694107;6855;0000000100000110011001010110100000010000100110;0.605812;5983;0.679013;75
44;0000000000000100010101001110010000011010100110;0.694107;6855;0000000000000110010001001010110000011010100110;0.489064;4830;0.676273;72
45;0000000000000100010101001110010000011010100110;0.694107;6855;0000000000000110000101101110110001010000000110;0.589105;5818;0.681825;78
46;0000000000000100010101001110010000011010100110;0.694107;6855;0000000000000110010100001110110000010010100110;0.636898;6290;0.684004;84
47;0000000000000100010101001110010000011010100110;0.694107;6855;0000000000000110010100001110110000011010100100;0.615634;6080;0.685058;87
48;0000000000000100010101001110010000011010100110;0.694107;6855;0000000000000010010001001110110000011010100110;0.492608;4865;0.675343;69
49;0000000000000100010101001110010000011010100110;0.694107;6855;0000000000000110010101001010010000011010100110;0.623026;6153;0.681196;73
50;0000000000000010010101001110010000011010100110;0.695018;6864;0000000000000100010101001010110000010010100111;0.52015;5137;0.681516;76
=============================================
geração;melhor;fitness;cobertura;pior;fitness;cobertura;média;ind_repetidos
0;0000001000000110010100000110011001011000100010;0.608647;6011;1010100000100000101000000001000110000011011100;0.0704739;696;0.203266;1
1;0000001000000110010100000110011001011000100010;0.608647;6011;0100000010001000100000011001000010001001111100;0.0921426;910;0.245053;3
2;0000001000000110010100000110011001011000100010;0.608647;6011;0010100000101000110000100000100000000110001111;0.135986;1343;0.299266;5
3;0000000000000110001100000110011001011000100110;0.623026;6153;0010001010001101001100100001001000001100000010;0.188538;1862;0.339437;2
4;0000000000000110001100000110011001011000100110;0.623026;6153;1110100000000010001000011000000001010111100000;0.149149;1473;0.364311;3
5;0000000000000110001100000110011001011000100110;0.623026;6153;1011001000001000001000000110001011000000110100;0.202714;2002;0.412969;2
6;0000000000000110010100011100011001011000100010;0.619988;6123;1001001010101000000101000000000100011010010010;0.17335;1712;0.440875;2
7;0000000000000110011100011100111000010000100010;0.619583;6119;1000111000000000100010011100010100000100110000;0.2258;2230;0.463172;2
8;0000000000000110011100011100111000010000100010;0.619583;6119;1000001001000001000100100110001101000100100010;0.267315;2640;0.505525;3
9;0000000000000100010101000110011001011100100010;0.647631;6396;0000001100000001000100101110101001000010010010;0.285439;2819;0.528799;2
10;0000001000000100010101000110011011000000101010;0.632645;6248;0110100000101110010000000100100011000000000110;0.343661;3394;0.545941;3
11;0000001000000000010101000110011001100000110110;0.660996;6528;0001001000000100001100001110001011110000000010;0.367051;3625;0.554145;5
12;0000100000000100000101000110011001100000110110;0.65158;6435;0000010101010000000100001100011001010001001010;0.323107;3191;0.553533;7
13;0000100000000100000101000110011001100000110110;0.65158;6435;1000000101110000000100001100010001010000110010;0.367558;3630;0.564034;5
14;0000001000000110001101000110011001000100100010;0.657756;6496;0000001000000000001100010110111011000110000010;0.401883;3969;0.574143;7
15;0000100000000100001101000110011001001001100010;0.6452;6372;0000100010000010001001000100111000011101000010;0.375861;3712;0.58641;4
16;0000000000000110010101000110011001001001100010;0.677602;6692;0010000100110100010100000110001001000100100010;0.437222;4318;0.587111;6
17;0000000000000110010101000110011001001001100010;0.677602;6692;0000001010000000001100010100111001001001100010;0.439247;4338;0.589721;6
18;0000000000000110010101000110011001001001100010;0.677602;6692;0000000100000101011100000010011001001001100010;0.494836;4887;0.609482;10
19;0000000000000110010101000110011001001001100010;0.677602;6692;0000000000000110010011010110000001000100111010;0.363811;3593;0.608117;10
20;0000000000000110010101000110011001001001100010;0.677602;6692;0010000001000010010001000110011000101001100010;0.406339;4013;0.610296;11
21;0000000000000110010101000110011001001001100010;0.677602;6692;0010000100000010110001000010011001001001100010;0.405124;4001;0.618193;10
22;0000000000000110010101000110011001001001100010;0.677602;6692;0010000000000011000110010110010001010100100010;0.473471;4676;0.622182;10
23;0000000000000110010101000110011001001001100010;0.677602;6692;0000000000000100010101010110011001001001100001;0.417882;4127;0.620281;20
24;0000000000000110010101000110011001001001100010;0.677602;6692;0000000000000100010101010100001001011011000110;0.457878;4522;0.631359;23
25;0000000000000110010101000110011001001001100010;0.677602;6692;0000001000001010010101000010011001001100100010;0.464459;4587;0.644573;30
26;0000000000000110010101000110011001001001100010;0.677602;6692;0000010000000000010101001110011001001001100010;0.485824;4798;0.649195;44
27;0000000000000110010101000110011001001001100010;0.677602;6692;0000000000000110110001000110011001001001100010;0.555488;5486;0.654445;50
28;0000000000000110010101000110011001001001100010;0.677602;6692;0000000000000101010101000010011001101001100010;0.435905;4305;0.655252;64
29;0000000000000110010101000110011001001001100010;0.677602;6692;0000000100000010010001000110011101001001100010;0.483597;4776;0.660564;65
30;0000000000000110010101000110011001001001100010;0.677602;6692;0000000000000110010101000111001001101000100010;0.555286;5484;0.663403;71
31;0000000000000110010101000110011001001001100010;0.677602;6692;0000000000000110110001000110011001001001110000;0.425577;4203;0.668508;85
32;0000000000000110010101000110011001001001100010;0.677602;6692;0000000000000110010101100010011001001001100010;0.556906;5500;0.67056;85
33;0000000000000110010101000110011001001001100010;0.677602;6692;0000100000000110010101000110010001001001100010;0.614318;6067;0.674701;93
34;0000000000000110010101000110011001001001100010;0.677602;6692;0000000000000110010001010110011001001001100010;0.561563;5546;0.672767;90
35;0000000000000110010101000110011001001001100010;0.677602;6692;0000000001000110010101000110010001001011100000;0.550223;5434;0.673089;93
36;0000000000000110010101000110011001001001100010;0.677602;6692;0000000000000010010101010110011001001001100010;0.591434;5841;0.673293;91
37;0000000000000110010101000110011001001001100010;0.677602;6692;0000000010000110010101000010011001001001100010;0.559943;5530;0.673338;95
38;0000000000000110010101000110011001001001100010;0.677602;6692;0000000000000110010101000011011001001001100010;0.559538;5526;0.673809;94
39;0000000000000110010101000110011001001001100010;0.677602;6692;0000000000000110010101000110011101001001100000;0.615533;6079;0.67556;95
40;0000000000000110010101000110011001001001100010;0.677602;6692;0000010000000010010101000110011001001001100010;0.56531;5583;0.673291;92
41;0000000000000110010101000110011001001001100010;0.677602;6692;0000000000100110010001000110011001001001100010;0.543742;5370;0.674551;95
42;0000000000000110010101000110011001001001100010;0.677602;6692;0001000000000110010101000110010001001001100010;0.602471;5950;0.676154;97
43;0000000000000110010101000110011001001001100010;0.677602;6692;0000000010000010010101000110011001001001100010;0.567335;5603;0.67467;94
44;0000000000000110010101000110011001001001100010;0.677602;6692;0000000000000110010001000110011001101001100010;0.553159;5463;0.670812;92
45;0000000000000110010101000110011001001001100010;0.677602;6692;0000000000010110010001000110011001001001100010;0.543641;5369;0.672696;94
46;0000000000000110010101000110011001001001100010;0.677602;6692;0000010000000110010101000110001001001001100010;0.559234;5523;0.673293;93
47;0000000000000110010101000110011001001001100010;0.677602;6692;0000000000000110110001000110011001001001100010;0.555488;5486;0.674856;94
48;0000000000000110010101000110011001001001100010;0.677602;6692;1000000000000110010101000010011001001001100010;0.556096;5492;0.673725;96
49;0000000000000110010101000110011001001001100010;0.677602;6692;1000000000000110010101000110011001001001100000;0.59761;5902;0.675357;95
50;0000000000000110010101000110011001001001100010;0.677602;6692;0000000000000110010101000110011101001001100000;0.615533;6079;0.675354;95
=============================================
geração;melhor;fitness;cobertura;pior;fitness;cobertura;média;ind_repetidos
0;0000001000000110010100000110011001011000100010;0.608647;6011;1110001001100010001001010001000001000010000010;0.0605508;598;0.208091;1
1;0001101001000010010000000100010010010000011110;0.438133;4327;1100000111101000101000001000000001100100001000;0.0734103;725;0.240267;2
2;0000100000100110000010000100000100101110100110;0.459903;4542;1011000100100010000001001010000010010010010100;0.117558;1161;0.269283;1
3;0000100000100110000000010100011101001000101010;0.533921;5273;0111100000001000011000001000000010001000111100;0.134771;1331;0.2879;3
4;0010000000000100010101011100110000010010000110;0.613102;6055;1000010000000000100011001001001000111010010100;0.132544;1309;0.313672;3
5;0010000000000100010101011100110000010010000110;0.613102;6055;0110001000001000001110000001001110000100001001;0.109356;1080;0.347322;4
6;0000100000000010011001010100110000010010100110;0.607635;6001;0001101001000000000000110110100100100100001100;0.174362;1722;0.376767;5
7;0000100000001010011001000100110000010010100110;0.61533;6077;1101001000000100100001001000001000010010100011;0.167274;1652;0.416074;2
8;0000100000001010011001000100110000010010100110;0.61533;6077;1000101001101000011100000010001000000000110100;0.203827;2013;0.46239;3
9;0000100100000010011001000100110000010010100110;0.610065;6025;0000100000011000001011001100110000011000010100;0.233293;2304;0.487087;4
10;0000100100000110011001000100110000011000100010;0.619785;6121;0000100011001100000000101100001001010000100110;0.274706;2713;0.513068;13
11;0000000100000010011101001100110000011000100010;0.639834;6319;0011100000000010000001001010010101000110000110;0.332827;3287;0.527739;7
12;0000100100000000000101001110010101001000101010;0.624848;6171;0000100010000011000010101100001001010000100110;0.271972;2686;0.538096;6
13;0000100000000100000101001110010101001000101010;0.640846;6329;0000100110000100001001100100000000011000111100;0.301337;2976;0.551056;8
14;0000100000000100000101001110010101001000101010;0.640846;6329;0000101000000010011001001110100000010000110001;0.331004;3269;0.560948;8
15;0000100100000010000111001110010000010000110010;0.637404;6295;0000001000001010000000000110010101100100110011;0.365735;3612;0.559941;7
16;0000000100000010011101000100110000011000100110;0.64115;6332;0000100100000010010000001010011001011000110100;0.39439;3895;0.567605;8
17;0000100100000010000111001110010000000100101010;0.646922;6389;1100100000001010000110000100000001101100010010;0.300324;2966;0.568252;3
18;0000100000000010001101001110010000010000101110;0.662515;6543;0000000010100100001101000110000101001000010110;0.383556;3788;0.569109;4
19;0000100100000010000111001110010000010000101010;0.647934;6399;0010000100001010100111000000010010010000110010;0.414642;4095;0.576017;5
20;0000100000000010001101001110110000010000101010;0.66616;6579;1000000101000010010010001110010000010000110010;0.39034;3855;0.591012;9
21;0000000100000010001101001110110000010000101010;0.665452;6572;0000000100001010000111001010010001010000101010;0.434791;4294;0.594873;9
22;0000000100000110011111001110010000000000100010;0.678311;6699;0010000000000000101100001110110000010000110110;0.452916;4473;0.603299;17
23;0000100100000010001101001110010000010000101010;0.666059;6578;0000100000010010001001001110010000010001110010;0.457574;4519;0.606427;19
24;0000100100000010001101001110010000010000101010;0.666059;6578;0000110000000011011001000100110000010000110010;0.465674;4599;0.611627;18
25;0000100100000010001101001110010000010000101010;0.666059;6578;0010100000000010000111001110000010011000001010;0.387404;3826;0.616753;23
26;0000000000000110001111001110010000010000101010;0.674565;6662;0000010101000010010111001100110000001000001000;0.405427;4004;0.620675;13
27;0000000000000110001111001110010000010000101010;0.674565;6662;0000000100000010110011001110010000010000101010;0.459599;4539;0.626237;14
28;0000000000000110001111001110010000010000101010;0.674565;6662;0000000100010010001101001110000000010100101010;0.438234;4328;0.619835;15
29;0000100000000110010111001110010000000000100110;0.677906;6695;0100100100000010001001001110001000010000101010;0.378291;3736;0.623873;14
30;0000100000000110010111001110010000000000100110;0.677906;6695;1000000100001000010100001110110000010000101010;0.498684;4925;0.626387;20
31;0000100000000010001101001110110000010000101010;0.66616;6579;0010000001000010001101001100010000010000111010;0.485419;4794;0.627914;18
32;0000100000000010001111001110010000000000101110;0.672742;6644;0000000100001010001011001110010000010000101010;0.459194;4535;0.633908;25
33;0000000100000010001111001110010000001000101010;0.668489;6602;0000100000001110000111001010000000010000111010;0.474585;4687;0.639268;25
34;0000000100000010011111001110010000010000100010;0.674666;6663;0000000100000010001011001110110000010010110000;0.39196;3871;0.634092;28
35;0000000100000010001111001110010000001000101010;0.668489;6602;0000000100001010000110001110010101010000110000;0.463649;4579;0.639733;23
36;0000000100000010001111001110010000001000101010;0.668489;6602;0000000100001010001101001110000000110000101010;0.434589;4292;0.630049;23
37;0000100100000010001101001110010000001000101010;0.669299;6610;0000100000000010001111001110000001010000101010;0.512859;5065;0.640834;24
38;0000100000001010010101001110110000010000100010;0.679324;6709;0000000100001010010111001110000000010000101010;0.456258;4506;0.64266;38
39;0000000100000010001111001110010000000000101110;0.671324;6630;0000000100001010011011001110010000001000100010;0.499899;4937;0.643421;39
40;0000100000000010001111001110010000000000101110;0.672742;6644;0000000110100010001011001110010000000000101010;0.442689;4372;0.645576;47
41;0000000100000010001111001110010000000000101110;0.671324;6630;0000100000100010001111001010010000001000101010;0.509619;5033;0.65382;53
42;0000000100000010001111001110010000000000101110;0.671324;6630;0000000100000010001111001110000000101000101010;0.460207;4545;0.656125;66
43;0000000100000010001111001110010000000000101110;0.671324;6630;0000000000010000101111001110010000010000101010;0.438133;4327;0.649391;72
44;0000000100000010001111001110010000000000101110;0.671324;6630;0000010100000010001111001010010000001000101010;0.448967;4434;0.652797;80
45;0000000100000010001111001110110000000000101010;0.673957;6656;0000000100000010001011001110010000001010101010;0.476306;4704;0.661408;83
46;0000000100000010001111001110110000000000101010;0.673957;6656;0000000100000000001111001110010010001000101010;0.528048;5215;0.661949;75
47;0000000100000010001111001110110000000000101010;0.673957;6656;0000000100000000001111001110010000001010101010;0.549109;5423;0.663334;80
48;0000100000000110001101001110010000001000101010;0.679425;6710;0000000100000011001101001110000000001010101010;0.47661;4707;0.662912;81
49;0000100000000110001101001110010000000000101110;0.676083;6677;0000000100000010001111001010010010001000101010;0.448866;4433;0.662388;82
50;0000000100000010001111001110010000000000101110;0.671324;6630;0000000100010010001111001010010000000000101110;0.5726;5655;0.664981;84
=============================================
geração;melhor;fitness;cobertura;pior;fitness;cobertura;média;ind_repetidos
0;0000001000000110010100000110011001011000100010;0.608647;6011;1000110000010100110000101001000100100100000001;0.0632847;625;0.209736;1
1;0000010000000110010100000110011001011000100010;0.601661;5942;0101100000110000100000000010001010100100010101;0.0914338;903;0.245073;2
2;0000001000001110010101000101000000100010100110;0.57665;5695;0100000010100000010110110000001001001100001001;0.117558;1161;0.28194;1
3;0000001000001110010101000101000000100010100110;0.57665;5695;0010000000000111100000100001100110100000110100;0.159174;1572;0.315723;3
4;0000001000001100000101000100111100110000001010;0.576853;5697;1100100010000000001000001101100010001000101100;0.144694;1429;0.345766;1
5;0000001000000100010100101110010001100000010110;0.585055;5778;0100010000010000001011100100000000100100110101;0.128595;1270;0.376566;2
6;0000001000101110000101000110110000000000110010;0.607736;6002;0110000000100000000000000111010011010010011100;0.165958;1639;0.415744;4
7;0000000000101110000101000110110000000000110110;0.617051;6094;0100000000011000011000100110010011000000100011;0.239874;2369;0.446832;2
8;0000001000101110000101000110110000000000110010;0.607736;6002;0000000010101100110001000100100000110101100000;0.22823;2254;0.483565;3
9;0000000000001110010000001110010011000000101110;0.622215;6145;0010001000001010010100010000101100110000001010;0.258404;2552;0.505543;3
10;0010100000001010010101000100010000001000110110;0.616039;6084;0010001000001010010100010000101100110000001010;0.258404;2552;0.530369;3
11;0000001000001110010101000100010000001000110110;0.6371;6292;0001101000000000010100100010110010000000011101;0.359154;3547;0.535413;3
12;0000001000001110010101000000110010001000100110;0.624949;6172;0010000010001000000101000110110001010010100010;0.369583;3650;0.5432;1
13;0000000000000110010101000100110001011000100110;0.642467;6345;0000001000001100010010000010100111000100100011;0.263062;2598;0.537086;7
14;0000000000000110010101000110110001001000100110;0.653402;6453;0101000000101010010100000000100110000000110110;0.328878;3248;0.548256;9
15;0000000000000110010101000110010001001010100110;0.635784;6279;0001001000001000001101000101110000110000010010;0.395504;3906;0.563611;3
16;0000000000000100010101001110010011000100100110;0.677197;6688;0100001000000001010101000100110101011000100000;0.396112;3912;0.572802;6
17;0000000000000110010101000110010001001000110110;0.633657;6258;0000001000000000110001000101110110011000100100;0.305286;3015;0.577714;5
18;0000000000000110000101010110110010001000110010;0.63872;6308;1000001010011010001101000000010000001010100010;0.397023;3921;0.587593;7
19;0000000000000110010101010110010001001000100110;0.673957;6656;0000000100010000010101000110100000000001110111;0.395099;3902;0.586266;8
20;0000000000000110010101010110010001001000100110;0.673957;6656;0001000000000110000001110010110000001000110110;0.450689;4451;0.59484;8
21;0000000000000110010101010110010001001000100110;0.673957;6656;0000011000100010000101000010100001001000101110;0.354394;3500;0.593167;9
22;0000000000000110010101010110010001001000100110;0.673957;6656;0000000000010110011101000010100010001000110010;0.363507;3590;0.591321;6
23;0000000000000110010101010110010001001000100110;0.673957;6656;0000001001011100011001000110010000010000010010;0.353989;3496;0.606516;11
24;0000000000000110010101001110110000010000100110;0.687627;6791;0100000000110100010101001100110000010000110000;0.419097;4139;0.613915;6
25;0000000000000110010101001110110000010000100110;0.687627;6791;0010000000001010010101000010110000001000110110;0.467902;4621;0.6157;7
26;0000000000000110010101001110110000010000100110;0.687627;6791;0100000000000010110001000100010000011010110110;0.469927;4641;0.622928;8
27;0000000000001110010101001110110000010000100010;0.692284;6837;0100000000000100010101000000010100011010110110;0.542527;5358;0.632506;8
28;0000000000000110010101001110110000010000100110;0.687627;6791;0000000000000010010101001010010001001010101110;0.450284;4447;0.631209;11
29;0000000000000110010101001110110000010000100110;0.687627;6791;0100000010001110010000010010010001100000110100;0.309437;3056;0.634908;16
30;0000000000000110010101001110110000001000100110;0.688842;6803;0000000001010100010101000010110000010100100110;0.501721;4955;0.646163;22
31;0000000000000110010101001110110000001000100110;0.688842;6803;0000000000000100010101001110010001101000100101;0.54759;5408;0.646719;22
32;0000000000000110010101001110110000010000100110;0.687627;6791;0000000000100000010101010110010100010010100110;0.548906;5421;0.656884;32
33;0000000000001110010101001110110000010000100010;0.692284;6837;0000000000000001010101001110110001001000100110;0.551742;5449;0.662179;38
34;0000000000001110010101001110110000010000100010;0.692284;6837;0000000000001110010001001010010001001000101110;0.433273;4279;0.66372;48
35;0000000000001110010101001110110000010000100010;0.692284;6837;0000000000001010010101001110110001000000110010;0.580296;5731;0.676488;65
36;0000000000000110010101001110110000010000100110;0.687627;6791;0000000000000110010110011110110000000000100110;0.603888;5964;0.679483;74
37;0000000000000110010101001110110000010000100110;0.687627;6791;0000000010000110010101001010110000010000100110;0.618064;6104;0.682954;84
38;0000000000001110010101001110110000010000100010;0.692284;6837;1000000000000110000101001110110000010000100110;0.627177;6194;0.685212;91
39;0000000000000110010101001110110000010000100110;0.687627;6791;0000000000000110010101001010110100010000100110;0.61938;6117;0.684709;91
40;0000000000000110010101001110110000010000100110;0.687627;6791;0010110000000110010100001110010000010000100010;0.578068;5709;0.683506;91
41;0000000000000110010101001110110000010000100110;0.687627;6791;0000000000000110010101001010110000011000100110;0.628696;6209;0.684895;93
42;0000000000000110010101001110110000010000100110;0.687627;6791;0000000000100110010101001010110000010000100110;0.625456;6177;0.685291;92
43;0000000000000110010101001110110000010000100110;0.687627;6791;0000000000000110010101001111110000010000100100;0.615938;6083;0.684009;94
44;0000000000000110010101001110110000010000100110;0.687627;6791;0000100000000110010100001110110000010000100110;0.623734;6160;0.686442;97
45;0000000000000110010101001110110000010000100110;0.687627;6791;0000000000000110010101001111110000010000000110;0.638821;6309;0.686683;97
46;0000000000000110010101001110110000010000100110;0.687627;6791;0000000000000110010001001110110000110000100110;0.633354;6255;0.68456;92
47;0000000000000110010101001110110000010000100110;0.687627;6791;0000000000000111010100001110110000010000100110;0.628595;6208;0.686473;96
48;0000000000000110010101001110110000010000100110;0.687627;6791;0000000000000110010111001110110000010000100100;0.626164;6184;0.685276;94
49;0000000000000110010101001110110000010000100110;0.687627;6791;0000000000000110010101001110100000010000100111;0.624848;6171;0.685049;93
50;0000000000000110010101001110110000010000100110;0.687627;6791;0000010000000110010101001110100000010000100110;0.625253;6175;0.685998;95
=============================================
geração;melhor;fitness;cobertura;pior;fitness;cobertura;média;ind_repetidos
0;0000001000000110010100000110011001011000100010;0.608647;6011;1101001001010001100011010001000011000000000000;0.0162009;160;0.217691;1
1;0000001000000110010100000110011001011000100010;0.608647;6011;0011000000001000100001110111000101000110000000;0.109559;1082;0.260918;2
2;0000001000000110010100000110011000010100110010;0.621102;6134;0111000000010100000000011001000001010100000111;0.0968003;956;0.300474;1
3;0000001000000110010100010110011000010100110000;0.603483;5960;1000000100001111010000000110000101010100000001;0.157047;1551;0.329048;1
4;0000000000000110010100010110011100001100100010;0.618368;6107;0110000000001001000000010110000111001000110001;0.18307;1808;0.371276;1
5;0000000000000110010100010110011100001100100010;0.618368;6107;0010010010000000011001000101010100001100010010;0.1855;1832;0.410439;1
6;0000000100000110010100001110011000100100100010;0.614216;6066;0010011010000001111000000010010001000000010101;0.120595;1191;0.453736;2
7;0000001000000000010111001110010000001001100110;0.655832;6477;0000010001000001000100000100010011111001011000;0.221851;2191;0.503611;7
8;0000001000000000010111001110010000001001100110;0.655832;6477;0100100000000010111100000001000001001110100100;0.300628;2969;0.519064;9
9;0000001001000000010111001110010000001000100110;0.650365;6423;1100000000000100001001001110011000010100110000;0.335966;3318;0.539579;3
10;0000000100000100001101000110011000101100100010;0.6371;6292;0000001000000110011100000010000010110101110000;0.336371;3322;0.551588;4
11;0000001000000110011100000110011000100100100010;0.639733;6318;1000001100010000000111001010010000010100100010;0.369583;3650;0.570984;7
12;0000000100000100001101000110011000101100100010;0.6371;6292;0000000100000100000101011010100000001001110110;0.425273;4200;0.570378;6
13;0000000100000100001101000110011000101100100010;0.6371;6292;1100001000100100010101000110000000101100100000;0.315209;3113;0.572759;7
14;0000101000000100011101000110011000010000100010;0.652795;6447;0000000110000001010100000100101101000000110110;0.365128;3606;0.584186;13
15;0000001000000100011101000110011000010010100010;0.657047;6489;0000011000000100010101000110001000100100101010;0.470535;4647;0.592368;4
16;0000001000000100011101000110011000100100100010;0.647631;6396;0000001000010100010101110110001000011000100000;0.347104;3428;0.591051;11
17;0000001000000100010101101110010000001000100110;0.65806;6499;0000000000000101011111000110100100010000110000;0.393074;3882;0.597112;11
18;0000001000000100010101101110010000001000100110;0.65806;6499;0000001000100011010101100110010000101000100000;0.466383;4606;0.608704;7
19;0000001100000110010101010110010000000000100110;0.653807;6457;0000000100000010010101100110000010100100110010;0.404516;3995;0.607299;10
20;0000001000000110011101010110010000000100100010;0.679222;6708;0000000100000010011011001100010010010100001010;0.284224;2807;0.603539;8
21;0000001000000110011101010110010000000100100010;0.679222;6708;1000001000110010010101000110010000001001100000;0.436614;4312;0.608894;9
22;0000001000000110011101010110010000001000100010;0.679425;6710;0000000100001101010101010010011000100100000010;0.484609;4786;0.613396;8
23;0000001000000110011101010110010000001000100010;0.679425;6710;0000001000000100010101011110000001100000101010;0.463852;4581;0.6146;8
24;0000000100000100011111010110010000000100100010;0.673147;6648;0100000000000101000101000110001001101100100010;0.407554;4025;0.614701;7
25;0000000100000100011111010110010000000100100010;0.673147;6648;0000001000000101011101010010010000100100100010;0.493317;4872;0.623359;9
26;0000001000000110011101010110010000000100100010;0.679222;6708;0000001000001101010101110110010000100100000000;0.485014;4790;0.627303;10
27;0000001000000110011101010110010000000100100010;0.679222;6708;0000000000001110011101000110100010000100100010;0.533718;5271;0.631288;15
28;0000000100000110011101010110010000000100100010;0.680539;6721;0000000100000000111101010110010000010000110010;0.520555;5141;0.638976;15
29;0000000100001110011101010110010000000000100010;0.68712;6786;0000000100010101011101010010010000000010100010;0.497165;4910;0.638853;16
30;0000000100000110011101010110010000001000100010;0.681247;6728;0000001000010001010101010110010000001100100010;0.509113;5028;0.645546;18
31;0000001000000110011101010110110000000000100010;0.689145;6806;0000000100000000011111010110010000010000110010;0.541414;5347;0.648768;17
32;0000000100000110011101010110110000000000100010;0.690462;6819;0000001000000010011101010010010000110100100010;0.448258;4427;0.64824;22
33;0000001000000110011101010110110000000000100010;0.689145;6806;0000000000000000011101010110110000011000110010;0.493216;4871;0.658412;28
34;0000000100000110011101010110110000000000100010;0.690462;6819;0000000100000110010101010110111000000000100001;0.571385;5643;0.664261;30
35;0000000100000110011101010110110000000000100010;0.690462;6819;0000000000000110011111011110000000000000100011;0.552754;5459;0.669602;41
36;0000000100000110011101010110110000000000100010;0.690462;6819;0000000000001110011101011110000000001000100010;0.579486;5723;0.672796;51
37;0000000100000110011101010110110000000000100010;0.690462;6819;0000000100000110110101010110110000000000100001;0.587384;5801;0.678651;61
38;0000000100000110011101010110110000000000100010;0.690462;6819;0000100000000110011101010110110010000000100000;0.611077;6035;0.682742;75
39;0000000100000110011101010110110000000000100010;0.690462;6819;0000000110000110001101010110110000000000100010;0.614216;6066;0.686868;89
40;0000000100000110011101010110110000000000100010;0.690462;6819;0000000100000110011101010110110001000000100000;0.613913;6063;0.68325;85
41;0000000100000110011101010110110000000000100010;0.690462;6819;0000010100000110011101010010110000000000100010;0.618469;6108;0.686847;92
42;0000000100000110011101010110110000000000100010;0.690462;6819;0000000100000110001101110110110000000000100010;0.614925;6073;0.686249;91
43;0000000100000110011101010110110000000000100010;0.690462;6819;0000000100000110001101010110110000000000100011;0.614115;6065;0.688636;96
44;0000000100000110011101010110110000000000100010;0.690462;6819;0000100100000110011100010110110000000000100010;0.61614;6085;0.687154;94
45;0000000100000110011101010110110000000000100010;0.690462;6819;0000000100000110111100010110110000000000100010;0.627379;6196;0.689533;97
46;0000000100000110011101010110110000000000100010;0.690462;6819;0000000000100110011101010110110000000000100010;0.663123;6549;0.690188;99
47;0000000100000110011101010110110000000000100010;0.690462;6819;0000000101000110011100010110110000000000100010;0.604394;5969;0.687214;94
48;0000000100000110011101010110110000000000100010;0.690462;6819;0000100100000110011100010110110000000000100010;0.61614;6085;0.689718;99
49;0000000100000110011101010110110000000000100010;0.690462;6819;0000000100000110011100010110110000000000100011;0.604293;5968;0.68812;96
50;0000000100000110011101010110110000000000100010;0.690462;6819;0000010100000110011101010010110000000000100010;0.618469;6108;0.687917;92
=============================================
geração;melhor;fitness;cobertura;pior;fitness;cobertura;média;ind_repetidos
0;0000001000000110010100000110011001011000100010;0.608647;6011;1000110101010000101001010000010010000001010000;0.0565006;558;0.203305;1
1;0000001000000110010100000110011001011000101000;0.595281;5879;1010100110000001001000000100001011000100000011;0.0748279;739;0.226589;2
2;0000001000000110010100000110011001011000101000;0.595281;5879;0101000000101000100001001000001001110100000011;0.11857;1171;0.279016;1
3;0000001000000110010100000110010000100100111001;0.564804;5578;0011000001101000000001011000000011000010110001;0.0758404;749;0.30515;2
4;0000001000000110010100000110010001101100101000;0.592244;5849;0111000000000011011000010100100001100000110000;0.172134;1700;0.334266;3
5;0000001000000110011100000110010000100100110010;0.629911;6221;1000010100000110010000000001001000100100111001;0.168793;1667;0.363933;4
6;0000001000000110010100000110010001101100100010;0.604496;5970;0100011001000000000000001110000010010110111000;0.218104;2154;0.397251;1
7;0000001000000100010100000110110001001100110010;0.611989;6044;0101011100000000000100100010011000101000011000;0.240482;2375;0.429587;2
8;0000001000000110010100100110111000000100110000;0.596497;5891;0100001001000010000100110000011010011000011000;0.210409;2078;0.458169;1
9;0000001000000110010100110110010000000100110010;0.60966;6021;0010010001000000000101110110010000100110100000;0.294856;2912;0.488761;3
10;0000001000001110010100000110111000000000110010;0.633252;6254;0000010100001110000000000110000001101100011010;0.263872;2606;0.515964;3
11;0000001000001110010100000110111000000000110010;0.633252;6254;0000000000110110010000100110100000100100110001;0.289186;2856;0.538427;5
12;0000001000001110010100001110010001000000110010;0.633657;6258;0000001000101110010100010011001001000000010010;0.34275;3385;0.558479;5
13;0000000000100110010100000110111000000100110010;0.634771;6269;0000001000100110010000000010011001001100110010;0.4032;3982;0.564;6
14;0000000000100110010100000110111000000000110110;0.635379;6275;0000111000100000011100000010011001101000000010;0.375253;3706;0.57177;10
15;0000000000000110110100000110111000000101100010;0.636999;6291;0000000000001110110100010010001011000000110010;0.371304;3667;0.577711;6
16;0000001000010110011100010110010000000000110010;0.652693;6446;0000001000001011010100000100000000010101110011;0.386695;3819;0.589528;11
17;0000000000000110110100000110111000000000110110;0.649149;6411;0000001000001010010100000110101001000000111010;0.460612;4549;0.598936;7
18;0000001000000110011100000110111000000100100010;0.644188;6362;0000000010110100010100000110011001000100010010;0.493317;4872;0.592059;11
19;0000000000001110010101000110011000000100110010;0.652187;6441;0001001000000100000010100110011000000101110010;0.421628;4164;0.599259;13
20;0000000000001110010101000110011000000100110010;0.652187;6441;0000001000100010011100000010111000000100110010;0.437323;4319;0.606126;13
21;0000000000001110010101000110111000000100100010;0.672742;6644;0000000000100010010110001110111001000000010010;0.475192;4693;0.615895;23
22;0000000000001110010101000110111000000100100010;0.672742;6644;0000000000100010010100011110010101000000110010;0.505468;4992;0.617544;19
23;0000000000001110010101000110111000000100100010;0.672742;6644;0100000010100110010100000010011010000000110010;0.4758;4699;0.626656;30
24;0000000000001110010101000110111000000100100010;0.672742;6644;0000000000101011010100000110111000000000110010;0.519036;5126;0.628542;33
25;0000000000001110010101000110111000000100100010;0.672742;6644;0000000100000110110100000010111001000000110100;0.528453;5219;0.631513;30
26;0000000000001110010101000110111000010000100010;0.682159;6737;0000000000001110010000000110111000001100110010;0.514783;5084;0.633505;35
27;0000000000001110010101000110111000000100100010;0.672742;6644;0000000000001110010000000111111001000000110010;0.514176;5078;0.637188;36
28;0000000000001110010101000110111000000100100010;0.672742;6644;0000000000001000010101000110111001000100110010;0.485723;4797;0.636471;28
29;0000000000001110010101000110111000000100100010;0.672742;6644;0000000000001110010101000110101001000000110010;0.578372;5712;0.64442;35
30;0000000000000110010101000110111000010000100110;0.677703;6693;0000000000001110010101000110101000000001110010;0.566525;5595;0.644552;34
31;0000000000001110010101000110111000000100100010;0.672742;6644;0000000000001110010111000010111000000000110010;0.54678;5400;0.64439;30
32;0000000000001110010101000110111001000000100010;0.676488;6681;0000000001001111010101000000111010000100000010;0.504151;4979;0.638968;34
33;0000000000001110010101000110111001000000100010;0.676488;6681;0000000010001110010001000110011010000100100010;0.521669;5152;0.646238;36
34;0000000000001110010101000110111001000000100010;0.676488;6681;0000000000001110010001000110111000000100110010;0.563082;5561;0.651841;40
35;0000000000001110010101000110111000000010100010;0.679627;6712;0000000001001110010001000110111001000000100010;0.54597;5392;0.65365;57
36;0000000000001110010101001110110000000010100010;0.690664;6821;0000000000001110010101000010111000001000110010;0.563082;5561;0.661093;64
37;0000000000001110010101001110110000000010100010;0.690664;6821;0000000000001110010001000110111001000100100010;0.573815;5667;0.663459;62
38;0000000000001110010101001110110000000010100010;0.690664;6821;0000000000011110010101000010111000000010100010;0.537262;5306;0.663634;71
39;0000000000001110010101001110110000000010100010;0.690664;6821;0000100000001110010101000110111001000000100000;0.602572;5951;0.670128;76
40;0000000000001110010101001110110000000010100010;0.690664;6821;0000000001001110010101001110111001000000000000;0.533617;5270;0.670918;76
41;0000000000001110010101001110110000010000100010;0.692284;6837;0000000000001110010101000010111000000010100011;0.533921;5273;0.668566;73
42;0000000000001110010101001110110000000010100010;0.690664;6821;0000000000001111010001000110111000001000100010;0.549919;5431;0.667287;63
43;0000000000001110010101001110110000000010100010;0.690664;6821;0000000000001110010001100110111000001000100010;0.542527;5358;0.670371;76
44;0000000000001110010101001110110000000010100010;0.690664;6821;0000000000001010010101001110111000001000100010;0.581207;5740;0.676323;81
45;0000000000001110010101001110110000001000100010;0.693499;6849;0010000000001110010101000010111000000010100010;0.534629;5280;0.673125;71
46;0000000000001110010101001110110000001000100010;0.693499;6849;0000000000001110110001001110110000000010100010;0.544451;5377;0.678367;73
47;0000000000001110010101001110110000001000100010;0.693499;6849;0000000000001110010101000010111000101000100010;0.563386;5564;0.683042;81
48;0000000000001110010101001110110000001000100010;0.693499;6849;0000000000001110010101001110101000001000100010;0.578878;5717;0.686042;84
49;0000000000001110010101001110110000001000100010;0.693499;6849;0000000000001110010101101110110000000000100010;0.669704;6614;0.691201;93
50;0000000000001110010101001110110000001000100010;0.693499;6849;0010000000001100010101001110110000000010100010;0.608647;6011;0.690741;92
=============================================
