geração;melhor;fitness;cobertura;pior;fitness;cobertura;média;ind_repetidos
0;1100100100011111001111010100110000011001101100;0.490786;4847;1111110011011001111001111001000001100101000000;0.0470838;465;0.185779;1
1;0101011100000110101100010110111010010100111010;0.499797;4936;1010111101101001010000101011000001100011010111;0.0600446;593;0.227269;4
2;0101101100011110000101000100110001111101100110;0.533718;5271;0101011110110011101000110111010100100011010000;0.0701701;693;0.261423;3
3;0000100100011111000101111100011001111000111010;0.530883;5243;1101111110001011111100000001101000000101011001;0.119684;1182;0.293644;3
4;0000100010001110011101000110110101111101100110;0.574828;5677;1101110010001001000011010001111001110100010111;0.140543;1388;0.325104;5
5;0000100010001110011101000110110101111101100110;0.574828;5677;1101000101101011110100110101011100000110001100;0.149048;1472;0.366523;5
6;0001100100000111010101011111010010011000111110;0.58546;5782;0101100101110000110011010111110101010000001101;0.130215;1286;0.403078;3
7;1000100100001110011111000110011000111101100110;0.57422;5671;1110110100001001110100000111011011010010010011;0.125557;1240;0.432391;6
8;1100100100000111010111011110010001011000101110;0.582827;5756;0110100111000010011010101101010110001010111100;0.165249;1632;0.458745;7
9;0100110100000111010111011110010001011000101110;0.583941;5767;1000111001011011000101000100110101011111001010;0.23633;2334;0.480111;4
10;0100100100010111010111011110010001011000101110;0.589915;5826;0011101010000100011111110101010110100100101001;0.225699;2229;0.483813;6
11;0000101100001111011111000100111000011010111010;0.586371;5791;0011100011011010011111000100110101001101010001;0.198258;1958;0.49045;7
12;0000101100010110011111000100011100111100101110;0.588092;5808;1100100100101100001011000100101110111000101111;0.207169;2046;0.502642;9
13;0000100100000110010101001111111001111100111010;0.601559;5941;0000110111001110010111101100001000100111101100;0.242507;2395;0.514136;3
14;0000100110001110010111011110010000011010111110;0.610571;6030;0000110110011011010101100110011000111011010100;0.242811;2398;0.51853;9
15;0000100100000111011111000110010001111001111110;0.59761;5902;0000110110011000011110100111010000011100111110;0.31207;3082;0.526736;8
16;0000100100000111011111000110010101011100111110;0.594876;5875;1000101000010110010101100100100001111110111101;0.27987;2764;0.532364;7
17;0000101100000110011111001110010000011110111110;0.601256;5938;0010101010001101001111010111000000011100111110;0.295059;2914;0.540763;4
18;0000100100000111010111000110111001011110101110;0.601154;5937;0000100101100010010101001111111011010111100100;0.342446;3382;0.547195;9
19;0000101100000100010111011110010100011110111110;0.610976;6034;1000001110010010011111001100100101001100111110;0.293641;2900;0.550458;16
20;0000001100000110011111010110111100011000111110;0.608445;6009;0000110100000101001011101110111101001100101110;0.340117;3359;0.560732;16
21;0100101000001110011101011110010000011100111110;0.609356;6018;0001101000001011010011010110011011111100001110;0.346193;3419;0.563252;19
22;0100101000001110011111011110010000011100101110;0.611077;6035;1000011100001110001111001010100100111000111110;0.32422;3202;0.56626;19
23;0000100100000110010111011110010100011110111110;0.621608;6139;0000100100011101010111001110101100011000011111;0.302855;2991;0.571929;18
24;0000100100000110010111011110010100011110111110;0.621608;6139;0000100000110100111111000101010001011110111110;0.375253;3706;0.572944;24
25;0000100100000101011111011110010010011010111110;0.617051;6094;0000101100111100010101011110101000011001111010;0.352977;3486;0.573535;17
26;0000100100010110010111011110010000011110111110;0.622215;6145;0000100101001010101101000110101101011110011110;0.272074;2687;0.577788;24
27;0000100100010110010111011110010000011110111110;0.622215;6145;0000001110011110011101010010101001001110110110;0.329486;3254;0.575922;17
28;0000100100000111011111011110010000011100111110;0.629911;6221;0000000100010111111101111111101100001000011010;0.277947;2745;0.573802;23
29;0000100100000111011111011110010000011100111110;0.629911;6221;0000101100001111010001001101100101111110101100;0.260126;2569;0.580495;23
30;0000100100000111011111011110010000011100111110;0.629911;6221;0110000100001110111111001110001100001100111010;0.315715;3118;0.583762;33
31;0000100100000111011111011110010000011100111110;0.629911;6221;1000100100000101010111001110100000111010111111;0.332827;3287;0.587156;34
32;0000101000000110011111011110010000011110111110;0.633151;6253;0000000100010110011011111110111000011100011110;0.344168;3399;0.588294;23
33;0000100100000110011111011110010000011110111110;0.636087;6282;0000000100001110011011111110010110010100111110;0.36776;3632;0.589943;24
34;0000100100000111011111011110010000011100111110;0.629911;6221;0100001100000101010110011110101100010110111110;0.37819;3735;0.593549;32
35;0000100100001110011111011110010000011010111110;0.632037;6242;0000101000010011011101011110101000011001111110;0.373329;3687;0.596445;36
36;0000100000001110011111011110010000011110111110;0.636087;6282;0000000100001100011110011110111100011100111110;0.406237;4012;0.599697;43
37;0000100000001110011111011110010000011110111110;0.636087;6282;0000110100001100011101011110111100011010101100;0.370899;3663;0.600782;38
38;0000100100000110011111011110010000011110111110;0.636087;6282;0000000101100110011111011010010100001101111110;0.376468;3718;0.60219;43
39;0000100100000110011111011110010000011110111110;0.636087;6282;0000101100000110011011011110111001011010111000;0.378493;3738;0.599945;38
40;0000100100000110011111011110010000011110111110;0.636087;6282;0100000100100110011111011010110000011110111100;0.382037;3773;0.604609;46
41;0000100100000110011111011110010000011110111110;0.636087;6282;0000100100000100011111111110101000011110111100;0.366343;3618;0.605787;48
42;0000100100000110011111011110010000011110111110;0.636087;6282;0000100000001110011001011110110100011010111111;0.395707;3908;0.609937;73
43;0000100100000110011111011110010000011110111110;0.636087;6282;0000100100101110011111011010110000011110101010;0.399048;3941;0.609954;70
44;0000100100000110011111011110010000011110111110;0.636087;6282;0000110000000110011011011110010001111101011110;0.328979;3249;0.609886;80
45;0000100100000110011111011110010000011110111110;0.636087;6282;0000100100001110011111011010101000011110110110;0.397124;3922;0.611555;72
46;0000100100000110011111011110010000011110111110;0.636087;6282;0000110100001110011111011010010100010110111100;0.363507;3590;0.611364;85
47;0000100100000110011111011110010000011110111110;0.636087;6282;0000100010000110011110011011011001011010111110;0.369583;3650;0.610031;87
48;0000100100000110011111011110010000011110111110;0.636087;6282;0010100100000101011011011110010000111110101110;0.386594;3818;0.613093;98
49;0000100000000111011111011110010000011110111110;0.636796;6289;0000100100100111111111011100010000011110111000;0.357432;3530;0.615331;123
50;0000100000000111011111011110010000011110111110;0.636796;6289;0000100100010110011011011110110001011100111100;0.374949;3703;0.615464;149
=============================================
geração;melhor;fitness;cobertura;pior;fitness;cobertura;média;ind_repetidos
0;0001101111100111001101010010111011000010010010;0.438437;4330;1011001011011101100001111101011010000100010001;0.0597408;590;0.186452;1
1;0000111100011110010111100100111010100100101010;0.531693;5251;1111011000110100111100100101000011101010000011;0.0528554;522;0.224162;2
2;0000111100010110010111100100111010100100101110;0.538983;5323;0011110101111001011101111000100000000011110001;0.0904212;893;0.256271;3
3;0001100100001111010101000111010010011110110110;0.550121;5433;0110111111100110110000010010001001010101001101;0.109154;1078;0.290341;3
4;0000101001000111111111100100110000111000101110;0.568651;5616;0110111001100110110000011101010001001001011101;0.138011;1363;0.318789;4
5;0000110100010110011101101110011001011001110010;0.560348;5534;0100110111110010011110110000001110101000101010;0.144492;1427;0.346492;5
6;0001110100001111010101010110110100010000111110;0.556602;5497;0001100011111100100010110110011011000010010111;0.134164;1325;0.381432;8
7;1000100100001111010101010110110101010000111110;0.565715;5587;1111110100011101010001010010100001011010000111;0.139226;1375;0.417493;4
8;0000111100000110011111000110011100011100101110;0.582726;5755;0100111010000001101011010110001101100101010111;0.148542;1467;0.452473;4
9;0000111100000110011111000110011100011100101110;0.582726;5755;0100101001001101110011100100100110110100101110;0.219218;2165;0.474178;6
10;0001101000001110011111000110011100011100101110;0.58708;5798;0000111110010000011111010100100110000110101111;0.256177;2530;0.486953;8
11;0000101100000110011111000110011101011100101110;0.587282;5800;0100001011001110110111110000011101110000011100;0.240684;2377;0.504626;4
12;0000101100111110010101001110011100011000101110;0.588599;5813;0100010000011111111111100101010101110100000100;0.232989;2301;0.512293;5
13;0000110100000110011111000110110000011110111110;0.598724;5913;1011101100001101110111100000001100010100111010;0.261341;2581;0.52043;5
14;0001101000001110011111001110111100010001101010;0.591332;5840;0001100010001110011011001110101101011000101110;0.327157;3231;0.527761;12
15;0000100100001111011101010110111000010100111110;0.596497;5891;1000011100001111011011100000111100001100011110;0.283111;2796;0.535838;9
16;0000110100000110011111011110010101011000101110;0.603686;5962;1000011000001101111111000111000101001001101110;0.279465;2760;0.539765;11
17;0000101000001111011111011110011100010000101110;0.621;6133;0000101010101111111101001101000010011100101010;0.303767;3000;0.549505;15
18;0000101000001111011111011110011100010000101110;0.621;6133;0000111000001010010011101110010100111110110110;0.313791;3099;0.551313;13
19;0000101000001111011111011110011100010000101110;0.621;6133;1010000011001111011101001110010101001001100110;0.299919;2962;0.557199;12
20;0000101000001111011111011110011100010000101110;0.621;6133;0001101010111010011111001100010001011000101101;0.328979;3249;0.562443;14
21;0000101100000111011111011110010100011000101110;0.623431;6157;1010100000001011011111001110010110010101101100;0.295363;2917;0.564836;10
22;0000101000001111011111011110011100010000101110;0.621;6133;1000101000100111011010011010010100011110101110;0.301033;2973;0.57008;23
23;0000100100001111011111011110011100010000101110;0.623026;6153;0010100100000111111011001110101000010101101110;0.320271;3163;0.573938;11
24;0000100100001111011111011110010100011000101110;0.627987;6202;0000100100110101011011011110010101111000101100;0.299413;2957;0.575752;21
25;0000100100001111011111011110010100011000101110;0.627987;6202;0000100000101111011111001111011000011011100100;0.361786;3573;0.577884;18
26;0000100100001111011111011110010100011000101110;0.627987;6202;0000010100001011011111011100000100011110111110;0.297185;2935;0.577244;20
27;0000100100001111011111011110010100011000101110;0.627987;6202;0000110100001111011111011110000101001001101100;0.324018;3200;0.583012;21
28;0000100100001111011111011110010100011000101110;0.627987;6202;0010010100010110011111000110001101000111110110;0.328676;3246;0.580768;27
29;0000100100001111011111011110010100011000101110;0.627987;6202;0000100100101001111111001110001101011000110110;0.315209;3113;0.585834;32
30;0000100100001111011111011110010100011000101110;0.627987;6202;0000100100001111111110001110001100101100111100;0.307817;3040;0.589516;38
31;0000100000001111111111011110010000001100111110;0.630113;6223;0000101000001011111111010010111000010101101110;0.374646;3700;0.598179;40
32;0000101000001111011111011110010000001100111110;0.629202;6214;0010101000001011011111011100001100110100110110;0.330599;3265;0.597887;43
33;0000101000001111011111011110010000001100111110;0.629202;6214;0000101000001111111011011110011100011100010100;0.276023;2726;0.596417;48
34;0000100000001110011111011110011000011110101110;0.630215;6224;0010100101001010011111011110010100111000110010;0.375962;3713;0.600989;47
35;0000100000001110011111011110011000011110101110;0.630215;6224;0000001100001111011011011010010100011100111110;0.357128;3527;0.601714;60
36;0000100000001110011111011110011000011110101110;0.630215;6224;0000101000000101111011011110011100110000111110;0.363406;3589;0.604389;76
37;0000100100000110011111011110011000011110101110;0.629405;6216;0000100100001101011111011111001000001110101110;0.389834;3850;0.608837;97
38;0000100100001111011111011110010000011010101110;0.63305;6252;0000100000001111011111011111011001011000101100;0.385581;3808;0.609213;115
39;0000100100001110011111011110010000011010111110;0.632037;6242;1000000100001111011101011010010100011101101110;0.385885;3811;0.61236;127
40;0000100100001110011111011110010000011010111110;0.632037;6242;0000110000001111011111011110010110011000101010;0.418388;4132;0.615176;155
41;0000100100001110011111011110010000011010111110;0.632037;6242;1000100100000111011011011110010100011110101010;0.383657;3789;0.614329;163
42;0000100100001110011111011110010000011010111110;0.632037;6242;0000100100001111011111011010010100011110101100;0.363913;3594;0.616036;183
43;0000100100001110011111011110010000011010111110;0.632037;6242;0000100100001111111011011110011100011000101100;0.354698;3503;0.613809;187
44;0000100100001110011111011110010000011010111110;0.632037;6242;0000111000001111011111011010011100011000101010;0.394795;3899;0.616139;199
45;0000100100001110011111011110010000011010111110;0.632037;6242;0000100100000111011011011110011100011100011110;0.533111;5265;0.619707;209
46;0000100100001111011111011110010000011010101110;0.63305;6252;0000101000000111011011011110001100011010111110;0.354293;3499;0.619199;240
47;0000100100001111011111011110010000011010101110;0.63305;6252;0000100100001111111111011010011100011000101100;0.367659;3631;0.618958;243
48;0000100100001111011111011110010000011010101110;0.63305;6252;0000000100001110011111011110001100011010111110;0.40077;3958;0.619298;268
49;0000100100001111011111011110010000011010101110;0.63305;6252;0000100001001111011111011110011100011000101100;0.393175;3883;0.62222;266
50;0000100100001111011111011110010000011010101110;0.63305;6252;0000100100000111111011011110011100011010110010;0.382847;3781;0.620136;263
=============================================
geração;melhor;fitness;cobertura;pior;fitness;cobertura;média;ind_repetidos
0;0001101110011010000101110110010100001000111111;0.485723;4797;1000110011101101110010101110100010100001001101;0.0571081;564;0.18409;1
1;0000101011011111011101010100010101101100000110;0.505367;4991;1111010110100101011000000001101101100010011101;0.0674362;666;0.221639;4
2;0011101001001111001101001110010001101000101110;0.504962;4987;0111110011010001110110000111010011100000001101;0.0807007;797;0.249458;5
3;0100111100000111001101011111110001010100110000;0.528352;5218;0111101000111010100011110111101010001011000000;0.110672;1093;0.28446;3
4;1100101000011101010101001110110001101000101110;0.53625;5296;1010001111010111100010100100010111101010010010;0.118165;1167;0.323245;3
5;0100101000011101010101001110110001101100101110;0.555387;5485;1011111100100011101001001110010001101000110001;0.157149;1552;0.353286;1
6;0100101000011101010101000110110001101100111110;0.569765;5627;0011011110000111110101101100000010101011010001;0.123633;1221;0.380763;4
7;0000101100100111110101000010010011101110101110;0.565209;5582;0100101111010000110100100110100100110011101011;0.180741;1785;0.415262;7
8;1001101100000100010111011110110001101000101110;0.572702;5656;1001100001110111101101011001001001000100010111;0.151681;1498;0.437488;3
9;0001101100000100010111011110110101101000101110;0.58465;5774;0110111101100111100001000010001011110110101000;0.18793;1856;0.454006;3
10;0000101000001111010101000110111000101111110110;0.588396;5811;0010111010100100000111001111011100011111000100;0.224079;2213;0.474799;4
11;1000100100000111011101011110110001000110110110;0.591434;5841;1010101000011101000101000110001001110110011111;0.205853;2033;0.487107;2
12;0000101100000100010111011110010110011110101110;0.598927;5915;0011110000001011110110011000010001100110110111;0.256683;2535;0.497461;4
13;0000101100000100010111011110010110011110101110;0.598927;5915;1111101000010111010011000100100001110110110100;0.252531;2494;0.508788;4
14;0000101100000100010111011110010110011110101110;0.598927;5915;0011100100010101010110011010010111010011100110;0.306197;3024;0.518648;2
15;0100101000000111011101011110011000001110101110;0.602876;5954;0001111000001101011101010110001001011110101100;0.299514;2958;0.525455;5
16;0000000100000111011101011110110001101110110110;0.614925;6073;1101101100000100010011011010010110011110101100;0.304374;3006;0.529382;3
17;0000100100001111011101011111010000101100101110;0.608242;6007;0000101100111101010011001110101000100110101110;0.31531;3114;0.533227;11
18;0000101100011110011101011110010000010100111110;0.609154;6016;0000101001110000011111001111111001110000101100;0.298603;2949;0.543198;9
19;0000101100011110011101011110010000010100111110;0.609154;6016;0000011100001101011011000110111100011110100110;0.325334;3213;0.547374;6
20;0000111100000110010101001110111001101100101110;0.602977;5955;0000101100101101011011001100111001101010101100;0.300324;2966;0.553114;4
21;0000100100100111011111011110011000011000101110;0.624848;6171;0010101100101100110101011110100001100110101100;0.27258;2692;0.55631;16
22;0000001100001110011101001110111001101100101110;0.614824;6072;0000100001001010010101011111010011101101111100;0.347307;3430;0.56176;20
23;0000101100000111011111011110011000011000101110;0.623127;6154;0000100100100111011011011010011100001111000111;0.296274;2926;0.565702;27
24;0000101100001110011111011110010000001110101110;0.624747;6170;0000001100001111011001001110111011011110001100;0.318651;3147;0.568385;10
25;0000100100001110011111011110010000011110101110;0.631328;6235;0000000100101111111001001110111100001110001110;0.361179;3567;0.576029;17
26;0000100000000111011111011110011001101100101110;0.627177;6194;0101111000000010011011000111010011100010111110;0.339206;3350;0.577122;22
27;0000100000000111011111011110011001101100101110;0.627177;6194;0000001110001011011101011110010011100010111010;0.375051;3704;0.579181;18
28;0000100000000111011111011110011001101100101110;0.627177;6194;1000010101000110011011011110111001001100101100;0.319765;3158;0.579239;20
29;0000100000000111011111011110011001101100101110;0.627177;6194;0000001100011010011011011110110000111110000111;0.285136;2816;0.584404;17
30;0000100000000111011111011110011001101100101110;0.627177;6194;0000100000101111011001001010111001111010101110;0.360976;3565;0.583442;28
31;0000101000000111011111011110010000011110101110;0.627987;6202;0000101100011110011011011001110010010110101100;0.290502;2869;0.590251;20
32;0000100100001111011111011110011000011000101110;0.627683;6199;0000001100011110011110011110000101011101101010;0.31774;3138;0.589683;22
33;0000101100000111011111011110010000011010101110;0.627987;6202;0000101000001101011111011110001001011010111010;0.3548;3504;0.598025;28
34;0000100100001110011111011110011000011010101110;0.630417;6226;0100001000001010011011001110111100011100111110;0.379506;3748;0.598002;29
35;0000100100001110011111011110011000011010101110;0.630417;6226;0000000100010110011101011110111011100110101010;0.409072;4040;0.601403;30
36;0000100100001110011111011110011000011010101110;0.630417;6226;0000000100011110111101011110111001011010001100;0.33384;3297;0.602108;35
37;0000100100001110011111011110010000011010111110;0.632037;6242;0001100100011110010000011010110000011111111110;0.367456;3629;0.602911;37
38;0000100100001110011111011110010000011110101110;0.631328;6235;0010100100101100011111011110100000011001101110;0.374443;3698;0.603888;41
39;0000100100001111011111011110010000011010101110;0.63305;6252;0000001000001111011111011010110000011110101110;0.415249;4101;0.606777;35
40;0000001100000110011111011110010000011110111110;0.632341;6245;0000101000011110011011011110100010001110101110;0.344674;3404;0.607281;47
41;0000001100000110011111011110010000011110111110;0.632341;6245;0000100001001110011111011010111001101000101110;0.390543;3857;0.611678;63
42;0000000100001110011111011110010000011110111110;0.633556;6257;0000000110100111011011011110010000011110011110;0.328574;3245;0.611723;66
43;0000100000000111011111011110010000011110111110;0.636796;6289;0000100010001111011111011110001000001100111110;0.396618;3917;0.612428;73
44;0000100000000111011111011110010000011110111110;0.636796;6289;0010100110000111011111011110001001011000101010;0.36533;3608;0.614439;77
45;0000100000000111011111011110010000011110111110;0.636796;6289;1000100100001110011011011010011000011110101110;0.376468;3718;0.612338;93
46;0000100000000111011111011110010000011110111110;0.636796;6289;0000101000000111111111011011011000011010101100;0.351661;3473;0.614025;109
47;0000100100000110011111011110010000011110111110;0.636087;6282;0000100001001010011111011110111000011010101110;0.424767;4195;0.619336;130
48;0000100100000110011111011110010000011110111110;0.636087;6282;1000000100001011011111011110010100011010101110;0.423451;4182;0.620667;166
49;0000100100000110011111011110010000011110111110;0.636087;6282;0010100000001111011011011110011000001110101110;0.397428;3925;0.620116;186
50;0000100100000110011111011110010000011110111110;0.636087;6282;0000010000100011111111011110010000011110101110;0.407554;4025;0.623005;218
=============================================
geração;melhor;fitness;cobertura;pior;fitness;cobertura;média;ind_repetidos
0;1001111001000110111111100100010000000001110111;0.500405;4942;0110010111010110100011110101000111000100000111;0.0377683;373;0.187108;1
1;1011001101000100011101001100010010110010111110;0.496254;4901;1101011111110001011010100011101011011000000000;0.0593358;586;0.2235;2
2;0000111100000111011100100010010101001101110111;0.516606;5102;1101000000110111100100111100000111010100011011;0.11371;1123;0.2609;5
3;0100101100011110110110001001010000011110111010;0.520454;5140;1111111100001101010100011000000011110010101001;0.114216;1128;0.299258;2
4;0100101000111110001101011110110000111000100110;0.546881;5401;1011001011110110001101111000001000000101101011;0.147023;1452;0.332599;2
5;1000101100011110001101011110110000111000100110;0.560146;5532;0011110100011100101010001110010100100101111001;0.166768;1647;0.372168;2
6;0010100000011110011101110101010000011010111110;0.548198;5414;0011011101001100011010010100011100101110010011;0.164237;1622;0.398753;3
7;0000100100011111001111000110110001101110110010;0.567335;5603;1001111110101100010110100110000010010110010011;0.180842;1786;0.422807;3
8;0001101000001111011111011110010010000000110111;0.585055;5778;1001111110101100010010100001110000011110011100;0.169806;1677;0.43609;5
9;0001101000001111011111011110010010000000110111;0.585055;5778;0101001010101010100111000100000110101010111111;0.221142;2184;0.459121;5
10;0001001000001110011111011110010001000110111110;0.594876;5875;1001100110111100100110111110110001011000000100;0.262151;2589;0.475779;4
11;0001101000001111011111011110010010001000110110;0.594168;5868;1100100100100101011001010111101001010011100110;0.239064;2361;0.485604;6
12;0000101000001111011111011110010001000001111110;0.609356;6018;0000011101010111100100010011010101100110111100;0.250405;2473;0.495897;4
13;0000101000001111011111011110010001000001111110;0.609356;6018;0010111100000011000111011000110101101011101100;0.273289;2699;0.500524;5
14;0000101100000111010101001110111001011100101110;0.598623;5912;1010101000100100111101001110001110101100110100;0.247266;2442;0.507456;4
15;0000101100000111010101001110111001011100101110;0.598623;5912;1000001101000111110001100010110101010111100110;0.290198;2866;0.516548;5
16;0001001000001111011111011110010001000010111110;0.598623;5912;0011010000001111100101000111111011001110110000;0.282098;2786;0.524952;5
17;0000101000000111010101001110111001001110111110;0.614621;6070;0110101010000111010010010110111100101100111000;0.289388;2858;0.529759;6
18;0000101000000111010101001110111001001110111110;0.614621;6070;0000100000111111011110011100001100110001111100;0.232888;2300;0.5284;6
19;0000101000000111010101001110111001001110111110;0.614621;6070;0000110100001011011101011100100101110110010110;0.24838;2453;0.533772;11
20;0000101000000111010101001110111001001110111110;0.614621;6070;0010100001000110011100110110101001001110111110;0.322398;3184;0.538736;15
21;0000101000000111011111011110111000001100101110;0.621;6133;1000110100001101011110010111111001001000110010;0.307817;3040;0.547127;10
22;0000101000000111011111011110111000001100101110;0.621;6133;0011000101100010011111001111110101011000011000;0.243115;2401;0.549645;10
23;0000101000000111011111001110111001011000101110;0.614824;6072;0010101100011010011101111010000001001001111110;0.297995;2943;0.555871;13
24;0000101000000111011111001110111001011000101110;0.614824;6072;0100001000111011010101010110001001101111110100;0.263264;2600;0.558137;18
25;0000101000001111011111011110010000010100111110;0.627582;6198;1000101010000111010111001110101000011100111100;0.334143;3300;0.567189;14
26;0000100100001110011111011110010000011010111110;0.632037;6242;0000001100000011111101110110101001001110101011;0.326954;3229;0.574818;21
27;0000100100001110011111011110010000011001111110;0.61938;6117;0000101100011101011101110110101100011000101010;0.353078;3487;0.579617;17
28;0000101000000111010111011110011000011010111110;0.619077;6114;0000100101000111111011011111010001000010111100;0.33789;3337;0.581218;10
29;0000001100000110011111011110011100011000111110;0.623329;6156;1000101000110101011101011110000000011000111111;0.349028;3447;0.578433;19
30;0000101100001110011111011110010000011010110110;0.623026;6153;1000101100000111110111011110001000011001111000;0.321284;3173;0.579285;20
31;0000100100001111111111011110010000001100101110;0.631328;6235;0000111001001110011101011110010100011011110000;0.353281;3489;0.585789;15
32;0000100100001111111111011110010000001100101110;0.631328;6235;1000001000010010111101001110111001000010111111;0.353078;3487;0.588594;15
33;0000101000001110111111011110010000001100111110;0.626873;6191;0000100100001011111101011111011100011000110100;0.359761;3553;0.584816;20
34;0000101100101110011111011110010000011000101110;0.624139;6164;0010100100000111111001011010111001001100101110;0.360065;3556;0.58566;24
35;0000100100001111111111011110010000001100101110;0.631328;6235;0000110001001110011101011110011110011000110100;0.352268;3479;0.588752;21
36;0000100100001111011111011110010100011000101110;0.627987;6202;0010100100010110010011011110101000001100111111;0.32179;3178;0.590393;21
37;0000100100001111011111011110010000011010101110;0.63305;6252;0000001000101111011111011011010000010010111110;0.385885;3811;0.592518;23
38;0000100100001111011111011110010000011010101110;0.63305;6252;0000100101100111011101011111011100011000101000;0.360875;3564;0.593149;32
39;0000100100001111011111011110010000011010101110;0.63305;6252;0010000100101110011011011110010011011000111100;0.325233;3212;0.597275;45
40;0000100100001111011111011110010000011010101110;0.63305;6252;0000000100001110111110011111111100011000101100;0.348218;3439;0.597277;38
41;0000100100001111011111011110010000011010101110;0.63305;6252;0000100100001111011011111110110000011000111010;0.375759;3711;0.60315;52
42;0000100100001111011111011110010000011010101110;0.63305;6252;0000100100110111011011011110110100011000110010;0.378088;3734;0.606335;52
43;0000100100001111011111011110010000011010101110;0.63305;6252;0000100001100110111111011111000100011000010111;0.259721;2565;0.607016;56
44;0000100100001111011111011110010000011010101110;0.63305;6252;0000100100101011011111111110000101001000101110;0.371709;3671;0.609999;80
45;0000100100001111011111011110010000011010101110;0.63305;6252;0001101000001110111011011110010100011100101100;0.379911;3752;0.611968;94
46;0000100100001111011111011110010000011010101110;0.63305;6252;0000100100001111011111011110011000011100111000;0.416667;4115;0.615286;138
47;0000100100001111011111011110010000011010101110;0.63305;6252;0000100000001110111111011110010101011010101010;0.431855;4265;0.618753;152
48;0000100100001111011111011110010000011010101110;0.63305;6252;0000100100001011011011011110110100011100101110;0.391049;3862;0.618358;163
49;0000100100001111011111011110010000011010101110;0.63305;6252;0000100100001111011011011010011000011011101110;0.380417;3757;0.616942;171
50;0000100100001111011111011110010000011010101110;0.63305;6252;0000000100000111111011011100011100011010111110;0.367456;3629;0.619394;191
=============================================
geração;melhor;fitness;cobertura;pior;fitness;cobertura;média;ind_repetidos
0;0100011101100101010101000110110011100100011110;0.496152;4900;1110110001110001001011110101000010101110000101;0.0465776;460;0.180451;1
1;0011101100000111000111101100111000111010110000;0.491292;4852;0111111001110110110000111001000011001011001000;0.0603483;596;0.211069;1
2;1000001101001111010101000110110011100010110011;0.515492;5091;0111110111101001110001100110010011100101000000;0.0828271;818;0.245562;2
3;0001110100100111011101000100111011100100001110;0.522377;5159;1110010110010111011001011001010100110001000101;0.073309;724;0.277769;3
4;0011011100100111011101000100110000111001101010;0.530579;5240;0011010010011010101110011010000111111010000110;0.128493;1269;0.312973;3
5;0010101100010110010101001000111011001110110110;0.543135;5364;1101011100101000001100011011111000101001011001;0.147529;1457;0.341224;2
6;0000101000111111010101000110110101011010100110;0.557311;5504;0100011011110100100011111010100010010000110111;0.128797;1272;0.378282;6
7;0100001100000110111111011110010000111001101010;0.572297;5652;0011101010101010011010010110010110100110011010;0.176286;1741;0.405792;4
8;0100001100000110111111011110010000010101110110;0.581106;5739;1010111000010110101110000110001001011110010011;0.183678;1814;0.436701;1
9;0000101100000110111111011110010000010101110110;0.592953;5856;0001111010001111000010011000001011011010111110;0.215269;2126;0.462589;7
10;0000101100000110011101111110010001001100111110;0.594471;5871;0110001100000110111010101010010011011100101011;0.237748;2348;0.481701;6
11;0000101100000111011101111110010000001110110110;0.601357;5939;0100111000110101111001101111010000001001101010;0.25081;2477;0.49219;12
12;0001100100000110011111011100111001001100110110;0.595889;5885;0011110000101100110101111100000100101001101110;0.21294;2103;0.503353;7
13;0000101100001110010101011110111000010101110110;0.593155;5858;0001110010001011011101011011010110010100010110;0.274301;2709;0.510959;3
14;0000101100000110011101000110110001111100111110;0.604293;5968;0000101110010001011101001101100100011101110110;0.290806;2872;0.521561;2
15;0000101100000110011101000110110001111100111110;0.604293;5968;0010001000111111101111000100100000010101110111;0.265695;2624;0.533232;6
16;0000110000000111011111011110010010001100111110;0.605205;5977;0000111001000101010001010111010010011111110110;0.314601;3107;0.540355;14
17;0100110000000111011111011110010000001100111110;0.608445;6009;0011001100000110011001111110000001110101101110;0.34032;3361;0.550073;6
18;0000110000000111011111011110010100001100111110;0.610774;6032;0000111010100101010101111110010010101000111100;0.334143;3300;0.554824;16
19;0000110000000111011111011110010000001110111110;0.61776;6101;0010101000100011000011010110110110111000111110;0.326347;3223;0.559491;16
20;0000110000000111011111011110010000001110111110;0.61776;6101;0000101010001100101100011111010001111110110100;0.3226;3186;0.565545;14
21;0000001100000111011111011110010000001110111110;0.625152;6174;1000110000010111010001011110110001010110011110;0.307311;3035;0.568754;17
22;0000101100000100011111011110110000011110101110;0.616343;6087;0010100100100100111101011110001001111100100110;0.341738;3375;0.572645;16
23;0000101100000110011111011110110000001110101110;0.618267;6106;0000011110000101011101011110110100101100110100;0.352369;3480;0.572211;21
24;0000001100000111011111011110010000001110111110;0.625152;6174;0000001100001101011101011010010011011100111110;0.381227;3765;0.57518;15
25;0000001100000111011111011110010000001110111110;0.625152;6174;0000001001000101111101011110110100011010111100;0.374139;3695;0.578955;19
26;0000101100000111011111011110010000001100111110;0.626873;6191;0000101000010100011111011010110001011100111110;0.38791;3831;0.584599;16
27;0000001100000111011111011110011000011010101110;0.625759;6180;1000100100101100110111011110010000001100111011;0.365128;3606;0.587669;31
28;0000001100000111011111011110010000011100111110;0.626164;6184;1000101000001110011011011110000100001110111110;0.324119;3201;0.590377;28
29;0000100100000111011111011110011000011000111110;0.625861;6181;0000001100001011011111011110100000001111110110;0.382645;3779;0.592695;30
30;0000001100000110011111011110010000011110111110;0.632341;6245;0000100100000010011111011110100000111110111110;0.399656;3947;0.596989;26
31;0000100100000111011111011110010000011110101110;0.630417;6226;0000001000001110110011111110110010011100101110;0.377683;3730;0.598458;39
32;0000100100001111011111011110010000001100111110;0.631531;6237;0000101000001110011111011010101001010110110110;0.371709;3671;0.601054;29
33;0000100100000111011111011110010000011010111110;0.63143;6236;0000101000100100011111011010010100111000111111;0.373026;3684;0.601664;33
34;0000000100000110011111011110011000011110111110;0.631531;6237;0000100100000111011111011011010100011110110010;0.381227;3765;0.603289;35
35;0000101000000110011111011110010000011110111110;0.633151;6253;0000101100000010011111011110101000011111110010;0.377987;3733;0.604869;40
36;0000101000000110011111011110010000011110111110;0.633151;6253;0010110000000110011011011110011001011100110110;0.371912;3673;0.605609;47
37;0000100100000110011111011110010000011110111110;0.636087;6282;0000100100100101001111011110011000011110111010;0.403301;3983;0.606123;39
38;0000100100000110011111011110010000011110111110;0.636087;6282;0000000100010110011111011110110010011010111100;0.411705;4066;0.609192;50
39;0000100000000111011111011110010000011110111110;0.636796;6289;0000001000110110011011011110110001101100110110;0.380417;3757;0.609588;47
40;0000100000000111011111011110010000011110111110;0.636796;6289;0000100100000011011111011010110000011111101110;0.40077;3958;0.611721;64
41;0000100100000110011111011110010000011110111110;0.636087;6282;0000000100001110011111011110010000111111011100;0.367558;3630;0.611139;69
42;0000100100000110011111011110010000011110111110;0.636087;6282;0000100001000111011111111110000000011110110110;0.400061;3951;0.612181;65
43;0000100100000110011111011110010000011110111110;0.636087;6282;0000000100000111011111011110001000011111111100;0.374747;3701;0.613169;92
44;0000100000000111011111011110010000011110111110;0.636796;6289;0000000100110101011111011100011000011010111110;0.400263;3953;0.614156;99
45;0000100000000111011111011110010000011110111110;0.636796;6289;0000100100001010011111011010011000011110111110;0.417477;4123;0.614761;96
46;0000100100000110011111011110010000011110111110;0.636087;6282;0000100100001110011011011110001000011110111110;0.352774;3484;0.615756;109
47;0000100100000110011111011110010000011110111110;0.636087;6282;0010100100000110111111011010010000111010111100;0.360976;3565;0.61692;123
48;0000100000000111011111011110010000011110111110;0.636796;6289;0000100100001101011111011110011100011010101100;0.391555;3867;0.61764;136
49;0000100000000111011111011110010000011110111110;0.636796;6289;0000101000001110011011011010011000011110111110;0.388923;3841;0.619223;170
50;0000100000000111011111011110010000011110111110;0.636796;6289;0010101000001110011011011110011000011010111010;0.379607;3749;0.622745;207
=============================================
geração;melhor;fitness;cobertura;pior;fitness;cobertura;média;ind_repetidos
0;0010101010001110000101001110000011100101111111;0.446132;4406;1101010011101010010110110001000010110011010101;0.0552855;546;0.184492;1
1;0001100011000110000111001101110110110100110110;0.494532;4884;1000010011111011101010011000001010110101101001;0.0766505;757;0.219941;1
2;0110101100011110000101101100010000110110110110;0.5081;5018;1011100011111001101000011001011000000111011010;0.0893074;882;0.249376;3
3;0010111100000111010111100000110101001100110110;0.52501;5185;1001111110011010111010001000010100110011010001;0.103888;1026;0.285313;3
4;0101001100000111010101001100110001011110101110;0.550223;5434;1001011100111001000100001110000011101011010111;0.110267;1089;0.323487;6
5;0100101100000111010101001100110001011110101110;0.555691;5488;0111110101011110100010010010100100100100011101;0.0942689;931;0.355715;7
6;0001100100000101011101011110110000101100111110;0.595484;5881;0001111100001101101001101000010110111100001011;0.157756;1558;0.391157;6
7;0001100100000101011101011110110000101100111110;0.595484;5881;1101110110001010100110010101010010110000011011;0.151985;1501;0.415642;3
8;0001100100000101011101011110110000101100111110;0.595484;5881;0101110111010100011101010100100111001110000100;0.18469;1824;0.437026;5
9;1000100110001110010111001110011100001010101110;0.567639;5606;1001110100100100111111010101110110110000010000;0.167375;1653;0.457552;2
10;0000111100000110011101011110010000001110101111;0.592953;5856;1010100100111110010101110011100100100100111000;0.238963;2360;0.479801;4
11;0000101100000110011101011110110001011100110110;0.605002;5975;1010111100010001111110001100000000110110110110;0.191879;1895;0.494095;8
12;0000101100000110011101011111010101010000111110;0.590117;5828;0100001101100011010001011101111010011010110100;0.258607;2554;0.507885;2
13;0000101000000110011111011110011001011110010110;0.598522;5911;0010001100100101011101001110001100110110010111;0.247671;2446;0.511789;14
14;0000101100000110011101011111010001001100111110;0.597205;5898;1000110001000110011100011111010101010000111101;0.286047;2825;0.524432;8
15;0000101000000111011101011110011100011010110110;0.610369;6028;1000101011010011100111000100001101011110100110;0.238356;2354;0.529794;9
16;0000101000000111011101011110011100011010110110;0.610369;6028;1010001100001101011111001100001100011011001101;0.167375;1653;0.538559;12
17;0000100100000110011111011110110101010000111110;0.612191;6046;1100100100110100110001011111000100010001111110;0.234204;2313;0.542196;15
18;0000001100000111011111001110111001100100110110;0.613609;6060;0000001010011111011111001100000001100110111110;0.333333;3292;0.550212;11
19;0000001100000111011111001110111001100100110110;0.613609;6060;0000110100101101011001001110110001110110101100;0.290401;2868;0.552431;14
20;0000100100000110010101011110010101011110111110;0.61047;6029;0010100100110100011111011111000100010000111110;0.339611;3354;0.558375;15
21;0000000100000111011111001110111000011010111110;0.618672;6110;1000001100000111011111001100000011110101110101;0.271669;2683;0.556974;15
22;0000101100000110011111011110110000001100111110;0.62019;6125;0100101110010011011111001010100000101110010110;0.315715;3118;0.563875;8
23;0000100100000111011111011110111000001100110110;0.615229;6076;0000101000011101011111001100100001101110011110;0.274808;2714;0.567312;15
24;0000100000001111111111011110010000101100110110;0.616748;6091;0001101100011001011111000110011100011000110101;0.351458;3471;0.572462;15
25;0000101000000101011111011110111001001100110110;0.616849;6092;0000001110010111011111011011000000101100110110;0.321486;3175;0.575052;16
26;0000101100001111011101011110110000001100101110;0.618064;6104;0010001100000110011001111110101100001100111110;0.326448;3224;0.574641;11
27;0000100000000110011111001110111000101110111110;0.621102;6134;0000100100001110011111011010100001111100011110;0.327157;3231;0.573679;19
28;0000101000001110011111011110010000011010111110;0.628898;6211;0000000110110101011111011110110000100100111100;0.347104;3428;0.579356;22
29;0000101000001110011111011110010000011010111110;0.628898;6211;0000111100000011011111001010101000101110110110;0.3387;3345;0.580996;16
30;0000101000001110011111011110010000011010111110;0.628898;6211;0000100100010111011111011100101100011100110010;0.354091;3497;0.582603;21
31;0000100100001110011111011110010000011010111110;0.632037;6242;0000100110000110011011011010111100101100110110;0.364723;3602;0.585778;19
32;0000100100000111011111011110010000011010111110;0.63143;6236;1000100001000111110101010100100000111110111110;0.315917;3120;0.582587;20
33;0000100100000111011111011110010000011010111110;0.63143;6236;0010110000001110011111001010011001011100101110;0.376164;3715;0.588965;18
34;0000100100000111011111011110010000011100111110;0.629911;6221;0000110100100110011111011110100110001010101010;0.359052;3546;0.589721;19
35;0000100100001110011111011110010000011010111110;0.632037;6242;1000101000001101011101011111011010100001101100;0.31693;3130;0.591144;24
36;0000100100001110011111011110010000011010111110;0.632037;6242;0000101000011010011111011110000100011000111111;0.360774;3563;0.593444;28
37;0000100100000110011111011110010000011110111110;0.636087;6282;0000100000001110011111101111000000011110111110;0.362292;3578;0.596069;31
38;0000100100000110011111011110010000011110111110;0.636087;6282;0000000000101110111011011110011011001001110110;0.355205;3508;0.597928;33
39;0000100100001111011111011110010000011010101110;0.63305;6252;1000100000000110111111011010011000100111110110;0.37819;3735;0.601534;42
40;0000100100001111011111011110010000011010101110;0.63305;6252;0010100100111100111011011110000000010110110110;0.265695;2624;0.603383;58
41;0000100100000110011111011110010000011110111110;0.636087;6282;0000100001000111011111011110101000001010111110;0.391454;3866;0.610271;73
42;0000100100000110011111011110010000011110111110;0.636087;6282;1000100100100111011111011110001000001110110010;0.365026;3605;0.613008;87
43;0000100100000110011111011110010000011110111110;0.636087;6282;0000100000000111011111011110000010011110111110;0.407857;4028;0.615084;93
44;0000100000001110011111011110010000011110111110;0.636087;6282;0010100000101010111111010110010000011100111110;0.38467;3799;0.616905;128
45;0000100100000110011111011110010000011110111110;0.636087;6282;0000100100001110011011011110111000011001111010;0.392264;3874;0.618946;156
46;0000100100000110011111011110010000011110111110;0.636087;6282;0000000100010111011111001110101000011010111110;0.399352;3944;0.62062;189
47;0000100000000111011111011110010000011110111110;0.636796;6289;0000100000001101011111011110010000011110111110;0.449878;4443;0.624707;248
48;0000100000001110011111011110010000011110111110;0.636087;6282;0000100100001111011011011010010001001110111110;0.356723;3523;0.62572;278
49;0000100000000111011111011110010000011110111110;0.636796;6289;0000100100001111011111011010010001001110111010;0.379708;3750;0.626812;304
50;0000100000000111011111011110010000011110111110;0.636796;6289;0000100100001110001011011110010010011110111110;0.543742;5370;0.628098;325
=============================================
geração;melhor;fitness;cobertura;pior;fitness;cobertura;média;ind_repetidos
0;0010110100000110100101000110111110011111100010;0.503949;4977;1011100111001000011010101101101010001001001101;0.0346294;342;0.18785;1
1;0010110100000110100101000110111110011111100010;0.503949;4977;1110111010001111000000111101100001001011010001;0.0732078;723;0.218148;4
2;0100100101000111011101000110110010111001110010;0.550932;5441;0011011001011000100101101001101011011000101101;0.102268;1010;0.250418;1
3;0001100101000110010101001111011000100101111110;0.550628;5438;1100110011001111011001010100010010111001000101;0.100446;992;0.285628;4
4;1000100100011111111101000000110000111001110110;0.534427;5278;0100011100110001101101110100101110101100000110;0.131936;1303;0.311332;4
5;0001100100000110011101001111011001010101110011;0.554475;5476;0100011010010011111111111101011100000100000100;0.153807;1519;0.342846;3
6;0001100100000110011101001111011001000101111110;0.561867;5549;0001001111010001000111110111010001111011000100;0.155427;1535;0.377325;5
7;0000110100000110010111111110010000001011111110;0.581916;5747;0100010100000101010110111111100001110011000111;0.174058;1719;0.408908;3
8;0000110100000110010111001111111001011010110010;0.580903;5737;0111001101000100011101011100101010110010110001;0.196132;1937;0.437152;6
9;0000100101000111010111111110010000011010110110;0.596395;5890;0011101000111000000101110011110011010111000101;0.151073;1492;0.455505;9
10;0000001100001110010101011110111001111000110110;0.601256;5938;0100101111011100000001110100111001100110001101;0.193094;1907;0.467593;9
11;0000100101000111010111111110010000011010110110;0.596395;5890;0010001001000111101101010010110001111011001101;0.242608;2396;0.48675;11
12;0000001101000111010111111110010000011010110110;0.594674;5873;0010100100111100001110001111001100111001100110;0.253645;2505;0.509111;6
13;0100001100000110011101001110111101011000101110;0.593155;5858;0000001100101110011001001110100111011111000110;0.257797;2546;0.521356;7
14;0000100100001111011111000100010101011101110110;0.597914;5905;0011000100001011010011011110010001011101100111;0.308019;3042;0.526819;5
15;0000100100000110011101001110111101011001101110;0.600749;5933;0000100101001110011001111110001010101001101110;0.303159;2994;0.533175;9
16;0000100100001110010101011110111001111000110110;0.604091;5966;0000001111000101100101001110101100011011101110;0.295059;2914;0.544404;8
17;0000100100001110011101001110111001110100101110;0.612292;6047;0000101100101111011111001110001101100011001000;0.248987;2459;0.551787;10
18;0000100100001110011101001110111001110100101110;0.612292;6047;0000100110100011001101111111011110001000110100;0.292325;2887;0.55609;5
19;0000100110000111011111111110010000011000101110;0.60885;6013;1000101001000011011101011110111101011000001100;0.310652;3068;0.559073;13
20;0000100100001111111101011110110000001100101110;0.619279;6116;0000100101001011011101011110110001110101001100;0.334852;3307;0.564592;11
21;0000100100001111011101011110011000001110101110;0.616444;6088;0000101101101011011101001010001000111001111010;0.304172;3004;0.564305;14
22;0000100110000111011111011110011000011000101110;0.617355;6097;0001011100000011001101111110001000001101111110;0.343864;3396;0.568549;10
23;0001100100000111011111011110011000011000101110;0.617659;6100;0000001100001111011001110111011011011011000010;0.254962;2518;0.572104;13
24;0000100100001111011111011110110000001100101110;0.627379;6196;0010100100100111011111001010001010011000111110;0.340117;3359;0.572392;10
25;0000100100000111011111011110011100011000101110;0.628392;6206;0100100100001110010111111011001100000100110111;0.331713;3276;0.575033;13
26;0000100100001111011111011110011000011000101110;0.627683;6199;0010100110000111011110011011110010101011100000;0.24838;2453;0.577461;18
27;0000100100001111011111011110011000011000101110;0.627683;6199;0000100100101101011101010110111001111000011010;0.348015;3437;0.577551;21
28;0000100100000111011111011110011100011000101110;0.628392;6206;0000100100110100110111011110110011001000101101;0.326853;3228;0.576915;19
29;0000100100000111011111011110010000001110111110;0.628898;6211;0011100000001111011111111110001000010100011100;0.253443;2503;0.583037;19
30;0000100100001111011111011110010000001100111110;0.631531;6237;1010100100100110011101001110101001110000111010;0.3226;3186;0.590039;20
31;0000101000001111011111011110010000001100111110;0.629202;6214;0010101000110011011101011110010000011101101100;0.354496;3501;0.590836;17
32;0000101000001111011111011110010000011010101110;0.630417;6226;0000100000101111011001011110111100011010011010;0.329891;3258;0.596249;28
33;0000101000001111011111011110010000011010101110;0.630417;6226;0001100000010110011111011100001000011011101111;0.377582;3729;0.600655;44
34;0000100100001110011111011110011000011010101110;0.630417;6226;0000000010001111011101111100010101011001101110;0.367456;3629;0.599231;43
35;0000100000000111011111011110011000011010111110;0.630721;6229;0000100100100100011111011010110001001101111101;0.361381;3569;0.599344;25
36;0000100100001111011111011110010000011010101110;0.63305;6252;0000000100101110011111011010011100001111001110;0.373228;3686;0.600863;39
37;0000100100001111011111011110010000011010101110;0.63305;6252;0000001000001111011111011110011101011100101000;0.38872;3839;0.601491;46
38;0000100100001111011111011110010000011010101110;0.63305;6252;0010100000001101011111011110001001011100101110;0.369178;3646;0.604047;55
39;0000100100001111011111011110010000011010101110;0.63305;6252;0000101000001111011111011110001100011100101100;0.369583;3650;0.608693;79
40;0000100100001111011111011110010000011010101110;0.63305;6252;0001100010100111001111011110000000011110101110;0.381025;3763;0.611509;85
41;0000100100001111011111011110010000011010101110;0.63305;6252;0000100010001111011010011110110000011110101110;0.356521;3521;0.611118;104
42;0000100100001111011111011110010000011010101110;0.63305;6252;0000101000101111011011011110100000011010101110;0.360369;3559;0.614341;130
43;0000100100001111011111011110010000011010101110;0.63305;6252;0010100000010101011111011110010000011100111110;0.422438;4172;0.619159;158
44;0000100100001111011111011110010000011010101110;0.63305;6252;0000100000001111011111011010011100011000111110;0.419502;4143;0.618631;156
45;0000100100001111011111011110010000011010101110;0.63305;6252;0000100001001111011111011010010000011110101110;0.402592;3976;0.621138;180
46;0000100000000111011111011110010000011110111110;0.636796;6289;0000100110000101011011011110011000011011101110;0.38872;3839;0.620752;216
47;0000100000001111111111011110010000011010101110;0.633556;6257;0000100001001111011111011110000000011110101110;0.413528;4084;0.624031;242
48;0000100100001111011111011110010000011010101110;0.63305;6252;0000100000101101011111011110010000011010111110;0.437323;4319;0.623576;226
49;0000100000001110011111011110010000011110111110;0.636087;6282;0000000100101010011111011110011000011110101110;0.425678;4204;0.623491;235
50;0000100000001110011111011110010000011110111110;0.636087;6282;0000000000001111011111111110010000011110101110;0.440968;4355;0.625729;269
=============================================
geração;melhor;fitness;cobertura;pior;fitness;cobertura;média;ind_repetidos
0;0001100110111111010101100011110100001001000110;0.472357;4665;0100111001111000111000111101000001000111101001;0.0487039;481;0.181851;1
1;0001100110111111010101100011110100001100000110;0.494633;4885;1110101010011011110010110111100101010000010000;0.0799919;790;0.213621;2
2;0000100100110110100111001011010101011110100110;0.50081;4946;1011110010111100100111100000111010001001010001;0.086371;853;0.250395;3
3;1010001100010110010101001110111110010101000110;0.524706;5182;0101111001000111100010101111100111010000001001;0.0879911;869;0.286115;1
4;0110101100001110001101011010010001010100111110;0.528858;5223;0100100010011010011011111101000101100101101001;0.113001;1116;0.319402;3
5;0000101100110110010011011110011100001001101110;0.562171;5552;1010110011010100100111101101011001101000000110;0.119785;1183;0.353328;1
6;1000101100001110001111011110010101001100101010;0.552147;5453;0001110111100100100101110011111001011000001001;0.172641;1705;0.383925;3
7;0001101100000100010111000010110011111110101110;0.574119;5670;1001101110110001100101001011000011001110000111;0.12181;1203;0.412226;5
8;0100001100010111010101011110010011001010101110;0.574524;5674;0110100111001011110101111100100011000010010010;0.176792;1746;0.436634;4
9;1000101100001101010101011110011100001001101110;0.577967;5708;0000110101011110100001011101011011010010001011;0.148643;1468;0.458306;3
10;0001101110000111010101011110010010001100101110;0.578777;5716;1010001101011100111100101001011000110100000111;0.167882;1658;0.475455;5
11;0001101110000111010101011110010010001100101110;0.578777;5716;1000011100111111110101000101000001010011101100;0.234002;2311;0.491023;6
12;0000101100001100010101011110011100001101111110;0.59518;5878;0000111000011101111110100110010011010000111100;0.257898;2547;0.507538;5
13;1000101000010101010101011110111001011000101110;0.586574;5793;1000101100001001110101010110011100011111001010;0.298704;2950;0.514054;4
14;0001100100000111010101011110011100011100101110;0.603686;5962;1000110100111101010101100101100001001010101101;0.205043;2025;0.516891;3
15;0000100101000110010111011110111000011010110110;0.604192;5967;0001101010011111011101000100000101011111001010;0.287161;2836;0.530632;9
16;0000110100000110010111011110011000111010101110;0.603078;5956;0001101010010011010101010110101011011010001110;0.319259;3153;0.543105;14
17;0000101100100110011111011110010010001100101110;0.607837;6003;0000101101001100101111001110001100001111110100;0.270454;2671;0.544552;12
18;0001101100000110011111011110010010001100101110;0.604698;5972;0101100110011101010101011100110100100001101100;0.312171;3083;0.547733;10
19;0000101000011111011111011110010000011000101110;0.620595;6129;1000101000100101110111100010110011000001111110;0.323714;3197;0.554987;10
20;0000101100001111011101011110010000011000111110;0.616241;6086;0000101000011011011111001110100001111000101110;0.356015;3516;0.560053;8
21;0000101000001110111111011110011000001100101110;0.622924;6152;0000100111001111010101011010011000110110101010;0.35804;3536;0.564776;12
22;0000101000001111011111011110011000001100101110;0.625253;6175;0000001001011111010101011010010101011001110110;0.361381;3569;0.5663;9
23;0000101000000110011111001110111001101100101110;0.625658;6179;0000100100010110110111011010010011101100111010;0.36209;3576;0.57127;11
24;0000101000000110011111001110111001101100101110;0.625658;6179;1000100100001111110101001010101010111000110110;0.32341;3194;0.575611;11
25;0000101100000110011111011110010000011110101110;0.626266;6185;0000001010001111000011011111011101101000111100;0.30083;2971;0.575549;18
26;0000101100001111011111011110010000001100101110;0.628797;6210;0100100001010110011111001110001001011010111100;0.313994;3101;0.578716;17
27;0000100000001111011111011110010100011010101110;0.626974;6192;0010100010000110011111011111010000011101110100;0.36614;3616;0.587992;24
28;0000100100000110011111011110011000011010111110;0.630417;6226;0100001010000111011011011110010000111011100110;0.375152;3705;0.592019;23
29;0000100100000110011111011110011000011010111110;0.630417;6226;0000100100000101011111011110100101011100111100;0.364723;3602;0.591855;14
30;0000100100000111011111011110010000011110101110;0.630417;6226;0000100000101111011110011010001100011100111110;0.340928;3367;0.596792;33
31;0000100000001111011111011110010000011110101110;0.631227;6234;1000100001001110011111011110000100011100011110;0.298805;2951;0.59687;38
32;0000100000001111011111011110010000011110101110;0.631227;6234;0000101000001011011111011110010110011010101100;0.374848;3702;0.60127;45
33;0000100100000111011111011110010000011010111110;0.63143;6236;0000101100011011011111011010101000011100001110;0.330296;3262;0.60027;39
34;0000100000001110011111011110010000011110111110;0.636087;6282;0000100100001111011111011010010000011100111011;0.374949;3703;0.604767;53
35;0000100100001110011111011110010000011010111110;0.632037;6242;0000101000001001011111011110110000011100111110;0.420211;4150;0.608817;60
36;0000100100001110011111011110010000011010111110;0.632037;6242;0010100000011110011011011110011100011000101110;0.387404;3826;0.607482;68
37;0000101000000110011111011110010000011110111110;0.633151;6253;0000100100100111011111011110001000001110111010;0.381531;3768;0.608203;71
38;0000100100001111011111011110010000011010101110;0.63305;6252;0000110000001111011111011110010001011010101100;0.39034;3855;0.609464;90
39;0000100100001111011111011110010000011010101110;0.63305;6252;0000101000001111011111111110100000011010110010;0.36857;3640;0.612469;104
40;0000100000000111011111011110010000011110111110;0.636796;6289;0000100000001111011011011110010001011010111110;0.406845;4018;0.616017;134
41;0000100000000111011111011110010000011110111110;0.636796;6289;0000001000110111011111011110010000011110101010;0.42821;4229;0.618376;145
42;0000100000000111011111011110010000011110111110;0.636796;6289;0000100100000111011011011010110011011010101110;0.368064;3635;0.619973;193
43;0000100000000111011111011110010000011110111110;0.636796;6289;0000000000000111111111011110010010011010111110;0.428412;4231;0.622263;207
44;0000100000000111011111011110010000011110111110;0.636796;6289;0000100100001111011111011110000000011110111010;0.394188;3893;0.624129;232
45;0000100000000111011111011110010000011110111110;0.636796;6289;0000100000001111011011011110011000011110101110;0.41373;4086;0.623807;234
46;0000100000000111011111011110010000011110111110;0.636796;6289;0000100110101010011110011110010000011010111110;0.558424;5515;0.626112;257
47;0000100000001110011111011110010000011110111110;0.636087;6282;0000000000001110011111011110110000011110111110;0.450486;4449;0.62602;260
48;0000100000000111011111011110010000011110111110;0.636796;6289;0000000000001110111111011110110000011010111110;0.444107;4386;0.626828;260
49;0000100100000110011111011110010000011110111110;0.636087;6282;0000100101001110011011011110010000011010111110;0.567234;5602;0.628015;270
50;0000100000001110011111011110010000011110111110;0.636087;6282;0000100000001110111111011110010000011110111100;0.434285;4289;0.62725;279
=============================================
geração;melhor;fitness;cobertura;pior;fitness;cobertura;média;ind_repetidos
0;0000100100100110011111010100110011111110100100;0.542224;5355;1110111011110001101100100101000111100100000001;0.0314905;311;0.18707;1
1;0100100100101111001101010110010000110011011110;0.503645;4974;1111001010111000001110101101001010100010010011;0.0588295;581;0.224801;3
2;0000101110111111001111000000010001001110011110;0.52582;5193;1001110001111011110110101100010001000100001101;0.100446;992;0.258741;4
3;1000101100000010011101011110011101001010101110;0.57665;5695;1110010000001111101000111000010100110011011110;0.126468;1249;0.296758;4
4;0000101101000010011101011110011101001010101110;0.580296;5731;1100010100110101110011100100010011100111010100;0.104698;1034;0.333096;3
5;1000101101000010011101011110011101000010101110;0.554374;5475;0110101010101100110111110101001011001001000100;0.112394;1110;0.362312;3
6;0001100100001110011111011100110100011100101010;0.567537;5605;1000110011100111010001110100110111101100010000;0.149149;1473;0.392203;2
7;0000101001000010011101011111010101001010111110;0.562373;5554;0010100001010010111110000111010110110101011100;0.175678;1735;0.419542;3
8;0000101100101011011101011110011000100010011110;0.569664;5626;0100000110101111110011101011000010010101000111;0.109154;1078;0.455721;4
9;0001100101000111011111001110111000010100101010;0.586168;5789;1010111001101110011111100010000001001001010011;0.204739;2022;0.464508;5
10;0001101100000110010101011110010111001100110110;0.579587;5724;1010111000001010011111001110000100001111001110;0.240988;2380;0.480888;5
11;0000101000100110011111000110110011101001110110;0.580701;5735;0001101101001100010101110111100001010001110101;0.266505;2632;0.493084;5
12;0000101000000101011111000100111011111100110110;0.594573;5872;0000001101001011011011011100010001111011010110;0.220535;2178;0.501668;2
13;0001100000000111011111001100110011110100110110;0.58708;5798;0111000101000100011011110000111101001011110010;0.25891;2557;0.515988;6
14;0000100100101110011101011110010010001110101110;0.604091;5966;0000011100001110011111110001100010010011010111;0.223066;2203;0.51557;10
15;0000100100101110011101011110010010001110101110;0.604091;5966;1010101001000101001111110010111000100100011110;0.290401;2868;0.530239;8
16;0000100100100110011101011110010100011110101110;0.614925;6073;0010100100000111111011010010010000011111011110;0.306501;3027;0.528159;8
17;0000100100100110011101011110010100011110101110;0.614925;6073;0000101100101110010101011010010110110011110001;0.29273;2891;0.535959;7
18;0000000101000111011101011110010100011110101110;0.607635;6001;1000001010001110011111011100100100110110001110;0.257493;2543;0.541077;8
19;0000100100000111011111011110110000110000111110;0.614824;6072;1000101010010100110001011110111000110100011110;0.28706;2835;0.54881;6
20;0000101100000111011111011110110001000000111110;0.61938;6117;1000100100000111111110110010010010011010111010;0.326144;3221;0.558897;19
21;0000100100000111011111011110110000110000111110;0.614824;6072;0000110100000011110101011110100110100100111110;0.325739;3217;0.561451;5
22;0000100000001111011111011110110001001100101110;0.625354;6176;1000101001101110011101011110000101001100110100;0.310146;3063;0.561957;13
23;0000101000000111011111011110110001001100101110;0.624747;6170;0000100110100111010110011110011101001110101000;0.33222;3281;0.570786;5
24;0000101000001110011111011110110001001100101110;0.623532;6158;0000100100011010001101011110111101011010101100;0.355407;3510;0.572474;11
25;0000100100001110011111011110110001001100101110;0.625861;6181;0010100101101110010101011110001111000100101100;0.29921;2955;0.57527;14
26;0001100000001111011111011110010000001100111110;0.622013;6143;0010100000011111111101010010011100011000111100;0.354091;3497;0.576001;11
27;0000100100001111011111011110010000011000111110;0.626974;6192;0000110000000110011011011110111100011010110110;0.381936;3772;0.580419;17
28;0000101100001110011111011110010000011010101110;0.629708;6219;1000101000000011011111011110110001011100110100;0.370089;3655;0.58693;18
29;0000101100001111011111011110010000001100101110;0.628797;6210;0000101010001111001111011010010100011100111100;0.333435;3293;0.583373;21
30;0000100000000110011111011110111001011010101110;0.627177;6194;1001100010000010011111001100011011110100111010;0.335156;3310;0.585991;16
31;0000101000001111011111011110010000011010101110;0.630417;6226;0000100100001111101111011111000100001010111010;0.321588;3176;0.592083;20
32;0000100100001111011111011110010000011010101110;0.63305;6252;0000101010000111010101011110101101011100101100;0.343864;3396;0.593293;22
33;0000100100001111011111011110010000011010101110;0.63305;6252;0000100000010111011111011100100100011101101110;0.361179;3567;0.59626;26
34;0000100100001111011111011110010000011010101110;0.63305;6252;0010001100100110111011001110100101001100101110;0.302552;2988;0.597;30
35;0000100100001110111111011110010000011010101110;0.63224;6244;0000111000100100011111011010010101011001111100;0.341231;3370;0.598952;33
36;0000100000001111111111011110010000011010101110;0.633556;6257;0000100100001111011110011110101100011000111100;0.32584;3218;0.603841;42
37;0000100000001111111111011110010000011010101110;0.633556;6257;0000110110000101011111011010110000011010101110;0.386493;3817;0.60334;44
38;0000100100001111011111011110010000011010101110;0.63305;6252;0000100100001111011101011010011101011010101100;0.35642;3520;0.603845;59
39;0000100100001111011111011110010000011010101110;0.63305;6252;0000101000101011011001011110010000111110101110;0.387303;3825;0.608221;64
40;0000100100001111011111011110010000011010101110;0.63305;6252;0000100100001111011011011110001100011010101110;0.356217;3518;0.606747;59
41;0000100100001111011111011110010000011010101110;0.63305;6252;0000100000011111111011011110000000101101101110;0.317537;3136;0.604778;58
42;0000100000001111111111011110010000011010101110;0.633556;6257;0000110100000111011011011110000100011110101110;0.34599;3417;0.611057;82
43;0000100000001111111111011110010000011010101110;0.633556;6257;0000100100001111111111011010010100011010101010;0.388214;3834;0.611682;92
44;0000100000001111111111011110010000011010101110;0.633556;6257;1000100100001111011011011110010100011010101100;0.341738;3375;0.614914;98
45;0000100100000110011111011110010000011110111110;0.636087;6282;0000100000001111011111111110010000011010111100;0.426893;4216;0.616271;108
46;0000100000001111111111011110010000011010101110;0.633556;6257;0000001100011011011111011010110000011010101110;0.397934;3930;0.617691;133
47;0000100000001111111111011110010000011010101110;0.633556;6257;0000100010001111011111011110000100111000101110;0.40077;3958;0.618335;128
48;0000100000001111111111011110010000011010101110;0.633556;6257;0000100100001110011111011111000100111010101010;0.364318;3598;0.615571;143
49;0000100100001111011111011110010000011010101110;0.63305;6252;0000110100101101011011011110010000011010101110;0.385986;3812;0.619121;167
50;0000100100001111011111011110010000011010101110;0.63305;6252;1000100100001111011011011110010000011110101100;0.357331;3529;0.62315;238
=============================================
geração;melhor;fitness;cobertura;pior;fitness;cobertura;média;ind_repetidos
0;0001101101001110010001101110010011010010101110;0.494633;4885;1010111011110111110001100001000101100011000001;0.0500203;494;0.188861;1
1;0000100100011010100111001110011110001010110111;0.484002;4780;1111001001110111000000101001110111010001001001;0.0642973;635;0.22656;1
2;0100110011000110011101011111010100000001101110;0.535136;5285;1101001110111110110000101111000011000101000001;0.0813082;803;0.262063;4
3;0000110101001110011101011111010100000001101110;0.55488;5480;1001100111100100001111100011000110110010010101;0.107533;1062;0.302188;3
4;0100100100111010010111000110011110001010101110;0.531389;5248;1000001110111010010010010001000011110100111111;0.139935;1382;0.329454;6
5;1001100100001010010111010110011000011010111110;0.554678;5478;1111100000011000010000111101111010100010101101;0.145302;1435;0.358862;5
6;1001100100001010010111010110011000011010111110;0.554678;5478;1101100111101111010011010010100000011000010011;0.157959;1560;0.388342;3
7;0000111100100101011100011110110000010100111110;0.560652;5537;1000100111000010100110010100101101011010011111;0.160186;1582;0.413;3
8;1000111100100111000101011110010001001100110110;0.552248;5454;0000110110110111010111011101000100001010011100;0.178919;1767;0.43329;9
9;0010100100001110011111100101011000011010110110;0.565411;5584;1001100101101011010001110100000001001001111111;0.170717;1686;0.455874;6
10;0000100100000111011101010110110111101000101110;0.5726;5655;0010011110001101101100010001010110010011110110;0.235824;2329;0.469909;5
11;0000100100010111011101011110011000010011101110;0.597408;5900;0101010110011111001111101001010000001001001011;0.231571;2287;0.483631;5
12;0000100100010111011101011110011000010011101110;0.597408;5900;0111110100000111100001111100011010000001101011;0.222155;2194;0.493207;4
13;0000100100010111011101011110010100001010110111;0.586472;5792;0011101000010111011101011100000110011010011100;0.220737;2180;0.503052;5
14;1000100100000110011111001110011000011010111110;0.600142;5927;0010100111001110010111000111000110110010110100;0.240279;2373;0.518519;10
15;0000100100000110011111001111111001100001101110;0.606926;5994;0010110110100011111111100110100000100010110100;0.230458;2276;0.522452;7
16;0000100100000110011111001110111001110100101110;0.623937;6162;0000101011001100111101010101001001110000110111;0.257594;2544;0.529567;7
17;0000100100000110011111001110111001110100110110;0.61695;6093;0011000100001100011111010110101111010000011110;0.287262;2837;0.532244;4
18;0000100100000110011111001110111001110100110110;0.61695;6093;1000001000000111011111000111110011011000110101;0.327359;3233;0.53937;7
19;0000101000000110011111011110011101011000101110;0.616343;6087;0011101000000111011100110111100000011011101010;0.311766;3079;0.548223;3
20;0000101000001110011111011110011001011000101110;0.615735;6081;0001100100000111011011001111010010001010111101;0.337181;3330;0.557785;4
21;0000100100000110011111011110011000101101101110;0.625456;6177;1000110100000111011001011110011101001000111010;0.353989;3496;0.5634;12
22;0000100100000110011111011110011000011110101110;0.629405;6216;0100100000010011011101011010111111001100011100;0.302653;2989;0.563123;12
23;0000100100000110011111011110011000101101101110;0.625456;6177;0000100000100111111101011101110001111000101100;0.336067;3319;0.569878;25
24;0000100100000111011111011110011000011010101110;0.629506;6217;0000100010110110011101110111111010010000100011;0.306197;3024;0.57567;17
25;0000100100001110011111011110011000011010101110;0.630417;6226;0000101100110111011101011000001001110100101011;0.315107;3112;0.579237;19
26;0000100100000110011111011110010000011110111110;0.636087;6282;1000110000010110011111000110101100101100110110;0.343256;3390;0.58308;26
27;0000101000001110011111011110010000011110101110;0.629101;6213;1000110101000110011111001110110000011110110000;0.361685;3572;0.589144;26
28;0000100100000110011111011110011000011010111110;0.630417;6226;0010100000000111011111011010110100111000101110;0.398238;3933;0.591983;11
29;0000001100000110011111011110010000011110111110;0.632341;6245;0010101000001110011110111110011001110100101000;0.328271;3242;0.59047;22
30;0000100100000110011111011110010000011110111110;0.636087;6282;0010100100000100011011011110011001111010101110;0.377785;3731;0.595813;29
31;0000100100000110011111011110010000011110111110;0.636087;6282;0000110100000110011111011110011100011110101000;0.386796;3820;0.599849;29
32;0000100100000110011111011110010000011110111110;0.636087;6282;0000100100110110011111011010011000011010101101;0.357938;3535;0.60169;30
33;0000100000000111011111011110010000011110111110;0.636796;6289;0000100110010110011111011110001000011010111100;0.350851;3465;0.601444;26
34;0000100000000111011111011110010000011110111110;0.636796;6289;0110100001100010000011111110010100111000111110;0.293337;2897;0.602592;42
35;0000100100000110011111011110010000011110111110;0.636087;6282;0010100000000110011011011110010010111010111110;0.380215;3755;0.609332;48
36;0000100100000111011111011110010000011010111110;0.63143;6236;0000000100101110011101011110011000011110110011;0.416363;4112;0.609998;55
37;0000100100000110011111011110010000011110111110;0.636087;6282;0000100100000110011011111111011000011100111010;0.371405;3668;0.609281;56
38;0000100100000110011111011110010000011110111110;0.636087;6282;0000001000001110011011011111011000011110110110;0.385379;3806;0.613062;92
39;0000100100000110011111011110010000011110111110;0.636087;6282;0000100101001010010110011110010010011111101110;0.527845;5213;0.617004;118
40;0000100100000110011111011110010000011110111110;0.636087;6282;0000101110000100011111111110011000011110101000;0.363507;3590;0.616888;150
41;0000100100000110011111011110010000011110111110;0.636087;6282;1000100100000110011111011110011000011110111000;0.403605;3986;0.620072;172
42;0000100000001110011111011110010000011110111110;0.636087;6282;0000100100011101011111011000011000011110101110;0.386189;3814;0.619145;177
43;0000100000000111011111011110010000011110111110;0.636796;6289;0000100101000110011111011011110100011010101100;0.346699;3424;0.620054;189
44;0000100000000111011111011110010000011110111110;0.636796;6289;0000100000000111011111011110011000111110101100;0.410895;4058;0.622534;211
45;0000100000000111011111011110010000011110111110;0.636796;6289;0000100100000111011011011111001000011010111110;0.34923;3449;0.621188;219
46;0000100000000111011111011110010000011110111110;0.636796;6289;0000100000001110111111011100001000011110111110;0.371102;3665;0.624653;236
47;0000100000000111011111011110010000011110111110;0.636796;6289;0000000000001110011111011100011100011110111110;0.418996;4138;0.626072;263
48;0000100000000111011111011110010000011110111110;0.636796;6289;0000100001001111011111011110000000011110111100;0.353281;3489;0.627772;277
49;0000100000000111011111011110010000011110111110;0.636796;6289;1000000010000110011111011110010000111110101110;0.420818;4156;0.62982;294
50;0000100000000111011111011110010000011110111110;0.636796;6289;0010110000000110011111011110010000011110011110;0.567335;5603;0.632529;336
=============================================
