geração;melhor;fitness;cobertura;pior;fitness;cobertura;média;ind_repetidos
0;0100000000010110010100000100111000001100001100;0.844978;8345;0010110001011001111000110001000001000000000000;0.249696;2466;0.611794;1
1;0000010000010100010100001100000101101001110000;0.833738;8234;0000010110010000100010101001000011010001010000;0.277845;2744;0.663465;7
2;0000010000010100010100001100000001101001100110;0.845484;8350;1000001001010100011010100000101001010001000000;0.363811;3593;0.696633;3
3;0000010000010100010100001100000001101001110100;0.844471;8340;0110011011000100101000000000001000000101010001;0.389024;3842;0.736543;7
4;0001101100000010000000000110011000000001001111;0.866646;8559;0000000110000100001000010001001010110001011001;0.375658;3710;0.753184;2
5;0001100100010000010100001100000101011000100010;0.874646;8638;0000000011101000100110000000100000010111001001;0.378797;3741;0.769975;9
6;0000110001000110010100001100000101010000100010;0.898542;8874;0010000010000001010000000100000001001111110101;0.477926;4720;0.775649;4
7;0000110010000110010100001100000101010000100010;0.901276;8901;1000000000011000000110000010101010010011010100;0.471041;4652;0.791431;11
8;0000110010000110010100001100001100000000110010;0.88629;8753;1001010000001000000000001101011000001001101001;0.551843;5450;0.806176;4
9;0000110000000101000101010100010001111000000010;0.886391;8754;1000010000011000011001010100000001111000000100;0.467193;4614;0.81564;8
10;0001100000000110010100001100011000111000000010;0.914135;9028;0001010000011000011000010010110100001100000010;0.639328;6314;0.821694;6
11;0001100000000110010100001100011000111000000010;0.914135;9028;0000100000011000011100101101000100011001000000;0.599939;5925;0.831588;6
12;0001101000000100110010001100010001010001000010;0.909174;8979;0001001000000000011000001110001010011000111000;0.630012;6222;0.83557;7
13;0001100000000110010100000110000000101110100010;0.906035;8948;0001110000100000011000000010001010010110010010;0.575233;5681;0.842742;7
14;0001100000000110010100000110000101011000100010;0.914945;9036;0001011000000101000000000110000010011110010010;0.740279;7311;0.849052;16
15;0001100000000110010100000110000101011000100010;0.914945;9036;0100010000010000010010001100011101110000010000;0.568246;5612;0.850559;5
16;0001100000000110010100000110000001011010100010;0.910996;8997;0101001110000010010100000110000000011011000000;0.72499;7160;0.854405;9
17;0001100000000110010100000110000001001010110010;0.91373;9024;0001010000001000010100000110101001001010110000;0.694411;6858;0.856391;8
18;0000110000000110010100000110011010011000000010;0.916262;9049;0011101000010100101100000010001000010010100000;0.729749;7207;0.8629;15
19;0000110000000110010100000110010001111000000010;0.917274;9059;1000001000001100010010001100010110011000100000;0.746051;7368;0.866055;17
20;0000110000000110010100000110000001111000100010;0.923552;9121;0001010000000111011100000010000010110000010010;0.761543;7521;0.870066;12
21;0000110000000110010100000110001000011001100010;0.925678;9142;0000110000110100000100000100010001001101100010;0.798198;7883;0.874288;22
22;0001101000000100010100000110000001010011100010;0.922843;9114;0000100000000100010100000010001001111011001010;0.777845;7682;0.874471;15
23;0001101000000110010100000110000001010001100010;0.936108;9245;0000111101000110000110010000001000010001000010;0.73147;7224;0.879819;27
24;0000111000000110010100000110001001010000100010;0.935905;9243;0101100000010101010100000010001011000000100010;0.793439;7836;0.883758;35
25;0000111000000110010100000110001001010000100010;0.935905;9243;0000111001000111010100000010011001000000000100;0.749899;7406;0.883925;24
26;0000111000000110010100000110000001010001100010;0.937019;9254;0001101010100010010100000010001001011000001000;0.778959;7693;0.886065;23
27;0000111000000110010100000110001001010000100010;0.935905;9243;0000111100000110000100000011001001010000100010;0.798299;7884;0.889073;22
28;0001101000000110010100000110000001010001100010;0.936108;9245;0001100000000101000100000110001001110011010000;0.774403;7648;0.890666;42
29;0000111000000110010100000110000001010001100010;0.937019;9254;1001100001000110100100000100000001010001100010;0.791009;7812;0.894368;48
30;0001101000000110010100000110000001010001100010;0.936108;9245;0011101000000100010101000111000000100010000010;0.760024;7506;0.894821;50
31;0001101000000110010100000110000001010001100010;0.936108;9245;0000101000000110000110010110001000010010010001;0.736634;7275;0.894573;40
32;0001101000000110010100000110000001010001100010;0.936108;9245;0000011010000100100110100110001001000000100010;0.799413;7895;0.896734;55
33;0001101000000110010100000110000001010001100010;0.936108;9245;0001111100000000010010000110001101010000000010;0.790705;7809;0.899483;40
34;0000111000000110010100000110000001010001100010;0.937019;9254;1000111000010100010001000111000001010000000010;0.772479;7629;0.901049;43
35;0000111000000110010100000110000001010001100010;0.937019;9254;0001111000000000010100000010001101011000100010;0.813487;8034;0.905824;72
36;0000111000000110010100000110000001010001100010;0.937019;9254;0001111000001100000000000110011001000001100010;0.805184;7952;0.904924;66
37;0000111000000110010100000110000001010001100010;0.937019;9254;0001111000000110010100000010000000011001100010;0.807817;7978;0.906611;90
38;0000111000000110010100000110000001010001100010;0.937019;9254;0001100100001100110100000110001000011001000000;0.805994;7960;0.907119;77
39;0000111000000110010100000110000001010001100010;0.937019;9254;0000111000100100000100000010001101011000100010;0.815411;8053;0.911009;103
40;0000111000000110010100000110000001010001100010;0.937019;9254;0101100001000110010100000110000001010000000011;0.824929;8147;0.912655;130
41;0000111000000110010100000110000001010001100010;0.937019;9254;0001101000000100010100100010000001011000110010;0.824524;8143;0.914624;144
42;0000111000000110010100000110000001010001100010;0.937019;9254;0001101000000110010000001100101001010001000010;0.823917;8137;0.918398;188
43;0000111000000110010100000110000001010001100010;0.937019;9254;0001101000000110010000000110001011010001100000;0.820271;8101;0.922819;229
44;0000111000000110010100000110000001010001100010;0.937019;9254;0001111000000010010100001110000001010001100000;0.831815;8215;0.924531;258
45;0000111000000110010100000110000001010001100010;0.937019;9254;0001101000000110010100000010000101010001100010;0.851559;8410;0.927425;287
46;0000111000000110010100000110000001010001100010;0.937019;9254;0001101000000110000100010110001001010000100010;0.856825;8462;0.927487;306
47;0000111000000110010100000110000001010001100010;0.937019;9254;0000111000100010010100000010001001010000100011;0.838599;8282;0.927935;310
48;0000111000000110010100000110000001010001100010;0.937019;9254;0001101000000110110100000010000001010001100010;0.836675;8263;0.930872;339
49;0000111000000110010100000110000001010001100010;0.937019;9254;0001111000000110010110000000000001010001100010;0.820879;8107;0.932701;355
50;0000111000000110010100000110000001010001100010;0.937019;9254;0001101000000110010100000010000001010001100011;0.837586;8272;0.933862;368
=============================================
geração;melhor;fitness;cobertura;pior;fitness;cobertura;média;ind_repetidos
0;1000000000100010011001000110010001011001000010;0.86047;8498;1100001000010001100010100101000100010000010001;0.281187;2777;0.612203;1
1;1000001001100010010001000110010001001001000010;0.834042;8237;1000010000110010100010000101000010011101000000;0.273998;2706;0.660986;2
2;0101000100000010010110001100011000010100001000;0.868165;8574;1000110000101001100001101100000100001000001000;0.391353;3865;0.700904;2
3;0000101000000110010000000110010001011000110100;0.884467;8735;1000000001000100101000001000010011000111100001;0.436108;4307;0.728363;4
4;0000101000000110010000000110010001011000110100;0.884467;8735;0010010001010101000000010110000000011100001001;0.415249;4101;0.753776;2
5;0001010100000011010000000110011001011000000010;0.896922;8858;0000010010100000000100010001111011001000010001;0.507493;5012;0.77267;5
6;0000011000000110010110000110011000010100001000;0.904516;8933;0010000001000001101000011100001000110010100100;0.475597;4697;0.784557;3
7;0001100001000110010100000110001000010001101000;0.896213;8851;0010000000001000100000001111101000110100010100;0.431146;4258;0.798546;9
8;0000111000000011010000000110011001011000000010;0.915148;9038;0000000011010110010010011010101000000100010000;0.50729;5010;0.808671;3
9;0001100000000010010110000110011001010100001000;0.896112;8850;0100000100100000000001100011110110100100001000;0.523896;5174;0.819069;5
10;0000101000000110010110000110011000010100000010;0.903706;8925;0010010000010100011000000010101100000110100010;0.628898;6211;0.824111;7
11;0000111000000100011100000110011000010100000010;0.904314;8931;0000001100010101001000011100000100010110001000;0.698461;6898;0.831984;7
12;0001100000000110010110000110011000010100001000;0.909275;8980;0010000000100000011001000101101100100100100010;0.577157;5700;0.837977;8
13;0001101000000110010101000110001000000001100010;0.920312;9089;0100101000000111000101001000010100110001000000;0.736634;7275;0.847538;6
14;0001101000000110010100000110011000010000010010;0.914135;9028;0010000100001110010100000010001000000000111011;0.752734;7434;0.852881;2
15;0000110100000110010100000110001001010000100010;0.923451;9120;0001101100000010010000010110000010100010001010;0.74514;7359;0.856941;9
16;0000110000000110010100000110011100001001000010;0.913629;9023;0000110000000110010001010110000000010100001011;0.750709;7414;0.863724;12
17;0001101000000110010100000110001000011000100010;0.924058;9126;0000011100000110010010010110101000010001000000;0.754759;7454;0.866729;11
18;0000111000000110010100000110011000010100001000;0.920616;9092;0000011010010000000010000110001010011001101000;0.518125;5117;0.867313;12
19;0000111000000110010100000110011000010001000010;0.925678;9142;0011010000000111000100000110101000011100000000;0.782908;7732;0.871607;5
20;0000111000000110010100000110011000010001000010;0.925678;9142;0000111000000110000100000110000110110100001000;0.773998;7644;0.873839;15
21;0000111000000110010100000110001001010000100010;0.935905;9243;0100110100000110010010000111000000100000001010;0.751823;7425;0.878027;15
22;0001101000000110010100000110000101010000100010;0.931754;9202;0000011000000100110111000100000010010000101100;0.785642;7759;0.882562;16
23;0001101000000110010100000110000001011000100010;0.933981;9224;0100111000000111010100000100000000010111000000;0.744532;7353;0.881251;18
24;0000111000000110010100000110000000110001100010;0.928919;9174;0001101100000100010000000110001110000001001001;0.709093;7003;0.881344;14
25;0001101000000110010100000110001000110000100010;0.928716;9172;0000111010000111010100000100000000010101001000;0.756278;7469;0.885099;12
26;0001001000000110010100000110000001011001100010;0.929729;9182;0001110000000110001010000110001000010101001000;0.756075;7467;0.886457;22
27;0000111000000110010100000110001000110000100010;0.929425;9179;1100011000000110010000000110001010010100000010;0.794046;7842;0.888223;16
28;0000111000000110010100000110001001010000100010;0.935905;9243;0001100000000111011101000010001000010000010010;0.785642;7759;0.892864;24
29;0000111000000110010100000110001001010000100010;0.935905;9243;0000101000000110010100110110000000000111000010;0.803564;7936;0.892485;30
30;0000111000000110010100000110001001010000100010;0.935905;9243;1001001000100100010000000100001001111000010010;0.75081;7415;0.894703;37
31;0000111000000110010100000110001001010000100010;0.935905;9243;1100110100000110010100001100000000001000010010;0.798906;7890;0.895034;43
32;0000111000000110010100000110000001010001100010;0.937019;9254;0011100000000100010000000110011000010110010001;0.800223;7903;0.89643;43
33;0000111000000110010100000110000001010001100010;0.937019;9254;0000111000000110010100000010000100011001100010;0.805792;7958;0.899329;58
34;0000111000000110010100000110000001010001100010;0.937019;9254;0000110000010110000100000110011001000010100010;0.819563;8094;0.903145;81
35;0000111000000110010100000110001001010000100010;0.935905;9243;1000101000001110010101000110001000010000000010;0.810652;8006;0.90482;80
36;0000111000000110010100000110000001010001100010;0.937019;9254;1000110100000110010100000100001000010001001010;0.800526;7906;0.90566;79
37;0000111000000110010100000110000001010001100010;0.937019;9254;0000110000000110000100000100011101011000100010;0.830599;8203;0.908642;98
38;0000111000000110010100000110000001010001100010;0.937019;9254;0000111001000110110000000110001000010001000010;0.811361;8013;0.91138;122
39;0000111000000110010100000110000001010001100010;0.937019;9254;0011101000000110010100000010000001010010100010;0.824322;8141;0.911997;120
40;0001101000000110010100000110000001010001100010;0.936108;9245;0001101000010110010000000110001011001000000010;0.829486;8192;0.913011;134
41;0000111000000110010100000110000001010001100010;0.937019;9254;0000101000010110010110100110000001010000100000;0.829587;8193;0.917642;173
42;0000111000000110010100000110000001010001100010;0.937019;9254;0011101000000111010100000010001000010000100010;0.812778;8027;0.921341;205
43;0000111000000110010100000110000001010001100010;0.937019;9254;1001101000000110010100000000001001011000100010;0.834346;8240;0.922389;239
44;0000111000000110010100000110000001010001100010;0.937019;9254;0000111000000101010000000110001101011000000010;0.834751;8244;0.924967;264
45;0000111000000110010100000110000001010001100010;0.937019;9254;0000111000000010010101100010000001010001100010;0.799615;7897;0.928368;306
46;0000111000000110010100000110000001010001100010;0.937019;9254;0001111000000110000100000110001001010000100010;0.864014;8533;0.929963;328
47;0000111000000110010100000110000001010001100010;0.937019;9254;0000111000100110110100000100000001010000100010;0.847307;8368;0.930391;337
48;0000111000000110010100000110000001010001100010;0.937019;9254;0001101000000110110000100110000001010000100010;0.851762;8412;0.930285;349
49;0000111000000110010100000110000001010001100010;0.937019;9254;0000111000000110010100100010000001010001100010;0.838902;8285;0.931198;350
50;0000111000000110010100000110000001010001100010;0.937019;9254;0001011000000110000100000110001001010001100010;0.852268;8417;0.933355;356
=============================================
geração;melhor;fitness;cobertura;pior;fitness;cobertura;média;ind_repetidos
0;0000100000000010000101011101001000011001100010;0.847712;8372;1000010001100000100010101100100000000001001101;0.263568;2603;0.605104;1
1;0101100000000010000100000110010000011100110010;0.848015;8375;0110010111000000010000111000000010000010010001;0.275921;2725;0.671719;2
2;0001100000000010000100000110010100011100110010;0.835865;8255;0000010001000000101010010000000011110000010111;0.355407;3510;0.703704;5
3;0000001000010111010010000100011000100001010010;0.849332;8388;0000010001000000110000101111000001010101000010;0.429931;4246;0.725038;2
4;0000000100110010011100000110000101000001100010;0.874848;8640;0100000011000101000001100010100000000111010001;0.414844;4097;0.750953;5
5;0000000100110010011100000110000101000001100010;0.874848;8640;1000000000100100001010111010011000100001001000;0.463751;4580;0.772826;4
6;0000000100110010011100000110000101000001100010;0.874848;8640;0001010100011000000001000110000100011100011000;0.504962;4987;0.787596;10
7;0000111000000110010010000100011000010000110010;0.886796;8758;0000001011000000110001000100100101010000010101;0.620292;6126;0.798895;7
8;0001101000000100000110000100011000110000110010;0.885682;8747;0000000010000001010111010100001001001110000001;0.520656;5142;0.805607;6
9;0000110000000110010110001100010000110001000010;0.895099;8840;1001000000001110000010100000101010000110101000;0.55407;5472;0.814402;5
10;0000111000000110000001000110011001001000010010;0.896517;8854;0101000000101000000001101110110000010000110000;0.57584;5687;0.822928;8
11;0001101000000010010110001100010000110001000010;0.889733;8787;0101100000011000000000001010011010000011011000;0.565411;5584;0.828207;7
12;0000111000010110010100000110010001001000010000;0.898036;8869;1010000000100000000001000110111000110100101000;0.557513;5506;0.832552;12
13;0001101000000011010100001100011000010100000010;0.89196;8809;1001100000001100000000010111010000001111000000;0.717193;7083;0.836255;6
14;0001100000000110010100000110011101000000100010;0.904617;8934;0011000000110110011100000010000100001000101000;0.745444;7362;0.842211;9
15;0000111000000110010100001100001100000100100010;0.910794;8995;0000010001000111000100001111001000000010101000;0.731977;7229;0.845597;8
16;0001101000001100010100001100010001001001000010;0.914135;9028;0000011001000110000010010100010110001001010000;0.75486;7455;0.847286;6
17;0000111000001100010000000110011001001000010010;0.912414;9011;1000001000010000000110000110000000110111011000;0.667173;6589;0.851739;9
18;0000111000000100000101000110011000001001100010;0.90968;8984;1000110001100000010001000110001011001000000010;0.694208;6856;0.856083;12
19;0001101000000100000001000110111000111000000010;0.91049;8992;1001111000100100001111000000010000000001000010;0.728129;7191;0.858495;12
20;0000111000000110010100000110011000000001010010;0.919097;9077;0001101010000101010110100001001000001001000000;0.685905;6774;0.861471;13
21;0001101000000100010100000110011000011001001000;0.920413;9090;0010001010000000000101001010001011001001000011;0.702916;6942;0.866836;17
22;0000111000000100010100000110011000011001001000;0.922134;9107;0001100000000010010101000100010100000100101110;0.752329;7430;0.868213;15
23;0001101000000100010100000110011000011001000010;0.923451;9120;0000111000001010010001000100001010011001001000;0.732888;7238;0.87107;16
24;0000111000000110010000000110011000011001000010;0.927197;9157;0000001100000110011101000010010010000110000010;0.761442;7520;0.875266;23
25;0000111000000100000101000110011001011000000010;0.931349;9198;0000011001000110010000001110001100000011000010;0.787667;7779;0.878963;21
26;0000111000000100000101000110011001011000000010;0.931349;9198;1001101000000100010100000000111000001101000100;0.805792;7958;0.884448;37
27;0000111000000100000101000110011001011000000010;0.931349;9198;0000111000000100010000010110001001011001000001;0.721041;7121;0.887707;43
28;0001101000000110010000000110011001011000000010;0.931349;9198;0001101000000110000001001000011100001110000010;0.803463;7935;0.890962;52
29;0001101000000110010000000110011001011000000010;0.931349;9198;0000010000100110010010000100010001011001000011;0.805994;7960;0.891839;40
30;0000111000000100000101000110011001011000000010;0.931349;9198;0000100000000111010100001110000011010100000010;0.821993;8118;0.894294;44
31;0000111000000110010000000110011001011000000010;0.931551;9200;0001101000000110010010100000010000111100000010;0.793945;7841;0.896946;62
32;0001101000000110010000000110011001011000000010;0.931349;9198;0001111000000100011000000010011000011000000011;0.800425;7905;0.898387;61
33;0000111000000110010000000110011001011000000010;0.931551;9200;0000111000000110010100000010010010001010000011;0.784022;7743;0.901396;88
34;0000111000000110010000000110011001011000000010;0.931551;9200;0101101100000110010100000010011000000010000010;0.783921;7742;0.901838;83
35;0000111000000110010000000110011001011000000010;0.931551;9200;0000111000100100010000000111001000011001000010;0.809133;7991;0.904324;100
36;0000111000000110010000000110011001011000000010;0.931551;9200;0001101001100110110000000100011001001000000000;0.785946;7762;0.903455;81
37;0000111000000110010000000110011001011000000010;0.931551;9200;0001110001010100010000000010011000011001000010;0.792021;7822;0.904919;99
38;0000111000000110010000000110011001011000000010;0.931551;9200;0001101000001000000000001110011001011100000010;0.821183;8110;0.905136;102
39;0000111000000110010000000110011001011000000010;0.931551;9200;0000111001000110010000000010011001011001000000;0.786047;7763;0.907092;128
40;0000111000000110010000000110011001011000000010;0.931551;9200;0010111000000000010001000100011101011000000010;0.826144;8159;0.90874;135
41;0000111000000110010000000110011001011000000010;0.931551;9200;0001101000000110011000000110011001000001100000;0.830498;8202;0.913797;169
42;0000111000000110010000000110010001011001000010;0.932665;9211;1000111000000100110000000010010001011001000010;0.809943;7999;0.911471;157
43;0000111000000110010000000110010001011001000010;0.932665;9211;0000111100000110010000000110001001011100000000;0.785844;7761;0.916711;199
44;0000111000000110010000000110010001011001000010;0.932665;9211;0001100000000110010000100010011001011000001010;0.826549;8163;0.919286;222
45;0000111000000110010000000110010001011001000010;0.932665;9211;0001111000000110010100000010010001011000000010;0.840624;8302;0.920727;249
46;0000111000000110010000000110010001011001000010;0.932665;9211;0000111000000110010000000010010001011001010010;0.838599;8282;0.923798;287
47;0000111000000110010000000110010001011001000010;0.932665;9211;1000111000000110010000000110011001011000000000;0.847509;8370;0.926847;324
48;0000111000000110010000000110010001011001000010;0.932665;9211;0000111000000110010000000110011001011001000000;0.848015;8375;0.927596;334
49;0000111000000110010000000110010001011001000010;0.932665;9211;0000111000000110010000000010011001011001000010;0.843661;8332;0.928831;361
50;0000111000000110010000000110010001011001000010;0.932665;9211;0000111000000110010000000010011001011001000010;0.843661;8332;0.927951;362
=============================================
geração;melhor;fitness;cobertura;pior;fitness;cobertura;média;ind_repetidos
0;0000000101001110000101000110010011000000001100;0.853787;8432;1011000011100000110000101000000010010000011000;0.21051;2079;0.606831;1
1;0000000101001110000101000110010011000000010100;0.851661;8411;1110001001000000100110100000000001010011010000;0.337586;3334;0.670556;2
2;0000010100000100011100101100000010010001100010;0.845889;8354;0110001010011100100000000001100010100000010001;0.31936;3154;0.704599;3
3;0001001110000100010001000110010000110010000010;0.85885;8482;0110000000100010001000101001001010011000000101;0.376772;3721;0.734306;6
4;0000110000010010000100000110000000100111110010;0.86047;8498;0100000011000101010000011010001100100100000100;0.49595;4898;0.751092;3
5;0000011100100100000000001100010001011001010010;0.880113;8692;1000110000001000110100001000101100100011000000;0.463042;4573;0.77318;4
6;0000011100100100000000001100010001011001010010;0.880113;8692;0000000001001100010010101010000010001000111010;0.570676;5636;0.784296;7
7;0001001000000101000101001100010011001001010000;0.872823;8620;0000010001100010110000000010010000010011101001;0.531389;5248;0.799581;13
8;0000111000011100010100000110001100000000110000;0.8871;8761;0011000001001000011100001110000010001010000001;0.462333;4566;0.811472;4
9;0000100100000100000101000110010001010001110010;0.88629;8753;0000000000110000001101101110001000010011100000;0.586776;5795;0.816023;5
10;0100101000000100000101000110011000110000100010;0.887606;8766;0101010000001001001110100110001000000000110000;0.585358;5781;0.820877;9
11;0001001000000110011100000110000001010001100010;0.914439;9031;0000000000010001011101010110000100100100100001;0.604192;5967;0.823966;7
12;0000110000000110011100000110000001010001100010;0.916363;9050;0001000000001110000010000010001100110111100000;0.554475;5476;0.829332;11
13;0000110000000110011100000110000001010001100010;0.916363;9050;0010010000001010000001001100001101000010111000;0.592143;5848;0.83638;13
14;0000110000000110011100000110000001010001100010;0.916363;9050;1001010000010100010001001110001000001100100000;0.659478;6513;0.844035;15
15;0000110000000110010100000110001000001011100010;0.91778;9064;0001000000001100110101000100010001000001110010;0.747367;7381;0.849511;11
16;0000111000000110010100000110001001001000100010;0.929425;9179;0001010000010100010000001111001001011000100000;0.615026;6074;0.852096;8
17;0000111000100100000001000110011001011000000010;0.919198;9078;0100010100001001010000100010000110100000101010;0.545768;5390;0.85309;15
18;0001100000000110010110000110000001010001100010;0.921932;9105;0001000000001000011101000000101100001010110010;0.63305;6252;0.857666;12
19;0000111000000100110100000110000001011000100010;0.927805;9163;0000110001000100100000000111001000000011100110;0.765391;7559;0.863494;17
20;0000111000000100110100000110000001010001100010;0.929222;9177;0101011000100100000000000110001001010001100010;0.761543;7521;0.867333;11
21;0001101000000100110100000110000001011000100010;0.927602;9161;1000100000000000110100000110001011000011000110;0.76772;7582;0.868552;7
22;0001100000000110010100000110000001011001100010;0.932463;9209;0001110000000000110111000010000100000001100011;0.718813;7099;0.869667;14
23;0001101000000100110100000110000001011000100010;0.927602;9161;0001010000000101111000000110001000001010110000;0.691677;6831;0.869988;8
24;0000111000000100110100000110000001010001100010;0.929222;9177;0010000010000110101010000110001000101000010010;0.738153;7290;0.873359;12
25;0001101000000110010100000110000001010001100010;0.936108;9245;1001001000000101010001000010010001010001010010;0.770757;7612;0.87505;13
26;0001101000000110010100000110000001010001100010;0.936108;9245;0001010000001000011000000110001000010001110011;0.671122;6628;0.87811;11
27;0000111000000110010100000110000001010001100010;0.937019;9254;0001010000100000011110000110001001011000100000;0.663426;6552;0.880291;19
28;0000111000000110010100000110000001010001100010;0.937019;9254;0001100010001000001110000110001000010001010001;0.655529;6474;0.883497;22
29;0000111000000110010100000110000001010001100010;0.937019;9254;0001100000001100011000001110000001011001010000;0.756075;7467;0.886952;31
30;0000111000000110010100000110000001010001100010;0.937019;9254;0001011010000110010000000010010101011000000010;0.791414;7816;0.889114;30
31;0000111000000110010100000110000001010001100010;0.937019;9254;0000101100100110000100001100001001010001100000;0.800121;7902;0.892175;34
32;0000111000000110010100000110000001010001100010;0.937019;9254;0001011000000110110000010110000001010001010000;0.764581;7551;0.897488;61
33;0000111000000110010100000110000001010001100010;0.937019;9254;0010111000000111010100000010000001010100100000;0.793742;7839;0.900545;56
34;0000111000000110010100000110000001010001100010;0.937019;9254;0000111000000000010110000110001001010001001010;0.800223;7903;0.904884;76
35;0000111000000110010100000110000001010001100010;0.937019;9254;0001101000001000000001000110000101010011000011;0.771466;7619;0.906518;87
36;0000111000000110010100000110000001010001100010;0.937019;9254;1000110000010100110100000010000001010001100010;0.802855;7929;0.910621;123
37;0000111000000110010100000110000001010001100010;0.937019;9254;1000111000001000011100000100000001010001100010;0.831815;8215;0.918071;178
38;0000111000000110010100000110000001010001100010;0.937019;9254;0001101000000110010100000100000001011001100001;0.826954;8167;0.92043;207
39;0000111000000110010100000110000001010001100010;0.937019;9254;0001101000000110000000000110001101010001100010;0.807007;7970;0.923223;245
40;0000111000000110010100000110000001010001100010;0.937019;9254;1001101000000110000100000110001000001000100011;0.824119;8139;0.926437;282
41;0000111000000110010100000110000001010001100010;0.937019;9254;0000111000000110010101000111000001010000000010;0.839206;8288;0.927999;306
42;0000111000000110010100000110000001010001100010;0.937019;9254;0001100000000111010100000010001001011001000010;0.823208;8130;0.931148;335
43;0000111000000110010100000110000001010001100010;0.937019;9254;0001101000000110000100000110001001010001100010;0.85804;8474;0.932028;340
44;0000111000000110010100000110000001010001100010;0.937019;9254;0000111000000110010100000010000001010001100011;0.838599;8282;0.932922;355
45;0000111000000110010100000110000001010001100010;0.937019;9254;0000110000000110010101000010000011010001100010;0.815715;8056;0.933778;372
46;0000111000000110010100000110000001010001100010;0.937019;9254;0000111000000110010100000010000001010001100011;0.838599;8282;0.93517;381
47;0000111000000110010100000110000001010001100010;0.937019;9254;0000111000000110010100100010000001010001100010;0.838902;8285;0.93537;379
48;0000111000000110010100000110000001010001100010;0.937019;9254;0000111000000110010100000010000001010001100011;0.838599;8282;0.934712;378
49;0000111000000110010100000110000001010001100010;0.937019;9254;0100111000000110010100000010000001010001100010;0.840117;8297;0.934286;373
50;0000111000000110010100000110000001010001100010;0.937019;9254;0000111000000110010100100010000001010001100010;0.838902;8285;0.933992;376
=============================================
geração;melhor;fitness;cobertura;pior;fitness;cobertura;média;ind_repetidos
0;0000000000000110100001010100110000011000110011;0.806399;7964;0110000001100100000010110001000111000001010000;0.24352;2405;0.603254;1
1;0000110011000100000110000110001000000100110010;0.863609;8529;0010010111100000100010110000000001011001000000;0.268125;2648;0.663431;4
2;0001111000100101000100000110010000010100001000;0.840421;8300;0010010001001000000000100001100101000110000111;0.361989;3575;0.702022;1
3;0000011100000100001000000100101100100000110110;0.851964;8414;0110000001001100100000100010101110000001100000;0.425476;4202;0.723876;4
4;0001100100000110000101000110101000010000101000;0.87181;8610;1000100001110000010001000100000010110101000001;0.365836;3613;0.746162;2
5;0000111100000100001100010100011000100000010010;0.864318;8536;0111010011000100011011000000000000010000011000;0.395504;3906;0.763368;6
6;0001011000000100000101000110010000011001100010;0.878797;8679;0000000010000010000111100001000000110101011001;0.400972;3960;0.779032;8
7;0001101000000100000111000110000000011001100010;0.893378;8823;1000000000000100011011100110001000000110001001;0.469927;4641;0.797428;7
8;0001011000000100000101000110001000010010110010;0.897732;8866;0100001001010000000010101110100001000101010000;0.464662;4589;0.810275;8
9;0001011000000100000101000110001000010010110010;0.897732;8866;0000010000100100011000110101101000100001100000;0.520454;5140;0.822104;4
10;0001101000100100000100000110001000010010110010;0.899149;8880;0001010000100001000101000010110011010100001000;0.650972;6429;0.827261;14
11;0001101000100100000100000110001000010010110010;0.899149;8880;0100110000110000010001000110101100001100000000;0.590826;5835;0.83421;4
12;0001101000000100000110001100001000010001110010;0.909579;8983;0100010000101100000101010010001010001100100000;0.647732;6397;0.839518;10
13;0000111000001100010100010100011001010000000010;0.914237;9029;0001111000000111010000000101001000100100000001;0.695018;6864;0.844355;5
14;0001101000001100010100000110001000000011100010;0.920919;9095;0001010000100001000110011100000010010010010010;0.691576;6830;0.849178;7
15;0001101000000100000101000110001001010000110010;0.916565;9052;1000101100110110000101000000001000010010100000;0.718509;7096;0.853733;11
16;0000111000000100010000001100011001011000100010;0.908465;8972;0001111100000000000100010100001100011010010000;0.695018;6864;0.856489;13
17;0001101000000100000101000110001000011001100010;0.92983;9183;0000010000000000010101010110001010010011110000;0.606521;5990;0.860867;11
18;0001101000000100000101000110001000010011100010;0.920919;9095;0110111000000100010000000111001000010100010000;0.728129;7191;0.864029;15
19;0001101000000110010100000110001010100000100010;0.911503;9002;0101011010000100000100010100000101100100010000;0.707068;6983;0.865508;18
20;0001101000000100000101000110001000010011100010;0.920919;9095;0000100000100100011100000100010000011010100101;0.752126;7428;0.865357;14
21;0000111000001100010100000110001000011000100010;0.922539;9111;0000101000100100010101000001000100001010110010;0.7339;7248;0.867818;24
22;0001101000000100000101000110001000011001100010;0.92983;9183;0001001000010010010011000111000001010010010000;0.732078;7230;0.872417;19
23;0001101000000110010100000110001001010000100010;0.934994;9234;0001101000001100000100110110001000010010010000;0.740685;7315;0.875285;25
24;0001101000000110010100000110001001010000100010;0.934994;9234;0000101000110100010000010110001000010001010010;0.777643;7680;0.876386;25
25;0001101000001100010100000110000001011000100010;0.931956;9204;0000111100000101010100000100001001000011000010;0.784326;7746;0.878834;17
26;0000111000000100010100000110011001011000000010;0.929222;9177;0010011100000100110100000010000000010010110010;0.767213;7577;0.880839;28
27;0001101000000100000101000110011001011000000010;0.931146;9196;0001101010000100110000000110000000111000010010;0.788072;7783;0.88482;40
28;0001101000000100000101000110001001011000100010;0.934589;9230;0001111100000100010100000010000000010001100011;0.759113;7497;0.886599;31
29;0000111000000100010100000110001001011000100010;0.932665;9211;0001111000000100010000000110001011010001000010;0.780073;7704;0.890239;42
30;0000111000000100000101000110011001011000000010;0.931349;9198;1001100000000100010101001000001000010010110010;0.785034;7753;0.894462;56
31;0000111000000100000101000110001001011000100010;0.934791;9232;0001101000000101000100000100001001011011000010;0.786047;7763;0.895258;47
32;0000111000000100000101000110001001011000100010;0.934791;9232;0001111000000100001110000010001000011000100010;0.786148;7764;0.897388;63
33;0001101000000100000101000110001001011000100010;0.934589;9230;0000110000100100010000000110011001010011100000;0.782199;7725;0.896016;58
34;0001101000000100000101000110001001011000100010;0.934589;9230;0001101000001100010101000010000000011001100010;0.808424;7984;0.899191;65
35;0000111000000100010100000110001001011000100010;0.932665;9211;0101111000000110000101000100000001010001100000;0.787465;7777;0.898471;79
36;0000111000000110010100000110001001010000100010;0.935905;9243;0001101000000100010100001111001000010000000011;0.803868;7939;0.900672;80
37;0000111000000100000101000110000001011001100010;0.935298;9237;0000111100000000000011010110001100011000000010;0.762556;7531;0.904098;89
38;0001101000000100000101000110001001011000100010;0.934589;9230;0000111000000100010100010110001101011000000000;0.79921;7893;0.90438;95
39;0000111000000100000101000110001001011000100010;0.934791;9232;0100111000000110000100000111001000010001000010;0.791717;7819;0.904521;117
40;0000111000000100000101000110001001011000100010;0.934791;9232;0011111000000100000010000110001010001000100010;0.801742;7918;0.905848;118
41;0001101000000100000101000110001001011000100010;0.934589;9230;0001101001000100110100000110001000000110000001;0.788781;7790;0.907494;115
42;0001101000000100000101000110000001011001100010;0.935095;9235;0000101100010000000101001110001000111000000010;0.812171;8021;0.906634;131
43;0000111000000100000101000110000001011001100010;0.935298;9237;0000111000110000000101001000001000011001100010;0.808222;7982;0.908458;151
44;0000111000000100000101000110000001011001100010;0.935298;9237;1001101000000100000100000100011001001001100010;0.813589;8035;0.914402;198
45;0000111000000100000101000110000001011001100010;0.935298;9237;0000111000000100000101101110001000011000000010;0.835662;8253;0.918198;233
46;0000111000000100000101000110000001011001100010;0.935298;9237;0001101000001100000101000110001000010001000011;0.845383;8349;0.923216;283
47;0001101000000100000101000110000001011001100010;0.935095;9235;1000001000000110010110010110001000011000000010;0.810753;8007;0.924171;300
48;0000111000000100000101000110000001011001100010;0.935298;9237;0000111000000010000000000110011001011001100010;0.829587;8193;0.927443;337
49;0000111000000100000101000110000001011001100010;0.935298;9237;0000111000000100000100000010011001011001100010;0.851458;8409;0.92655;334
50;0000111000000100000101000110000001011001100010;0.935298;9237;0000111001000100100101000100000001011001000010;0.805286;7953;0.925977;326
=============================================
geração;melhor;fitness;cobertura;pior;fitness;cobertura;média;ind_repetidos
0;0001000100001110000101000110010100011000001000;0.866039;8553;1010000011000000110000100000000000111001011001;0.272783;2694;0.612276;1
1;0011101000010000001100010100011010000000010010;0.839004;8286;0010000011011110000010101001001000001000001000;0.315512;3116;0.665311;5
2;0001001000000101010010001100010000010100010101;0.839004;8286;1111000110000010101000001010000110000000010000;0.373734;3691;0.714183;1
3;0000011000010110000100000110011001010100001000;0.867963;8572;1011100010000100010000101000100010001100010000;0.426185;4209;0.738307;4
4;0000100100000100000100000110011001011100011000;0.880923;8700;0101011010000001100000010000001101000010000011;0.4113;4062;0.757418;2
5;0000000100000100010100000110011001011100011000;0.878493;8676;0000010000100100001010010000011010011100001001;0.482888;4769;0.773709;2
6;0000100100000100110010001100010000110001100010;0.882341;8714;0000000101000100010010001011101001010100001000;0.549109;5423;0.790357;2
7;0000100100000100110010001100010000110001100010;0.882341;8714;1010010000100000010000101100010000100001111000;0.517922;5115;0.797816;7
8;0001100000000110100100000110010001010100001010;0.88062;8697;0010100010000000110110010100000010010100001001;0.615735;6081;0.810475;7
9;0001100000000110100100000110010000101001011000;0.885277;8743;0101110001000000010000010110000000111000010010;0.665047;6568;0.818978;3
10;0001100000000110010100010100011010001100000010;0.892365;8813;0100110000100000001000001011101001000100100010;0.587687;5804;0.825761;5
11;0000110100000100010100000110010001010101001000;0.904921;8937;0101110000000000010000000010101001011000100011;0.640239;6323;0.830276;8
12;0001101000000100010100000110001000110010100010;0.913224;9019;0010100100110000000000100111001001000100001010;0.640745;6328;0.832422;8
13;0001100000000110010100000110010001010101001000;0.91616;9048;0000000010000101001001101110000000110101100000;0.592446;5851;0.838559;11
14;0000100100000110010100000110001000110010100010;0.905529;8943;1010110100000100000000010110011001000000001001;0.707979;6992;0.84148;12
15;0001101000100100010100000110010001010001000010;0.921527;9101;0111101100000101000000001100011100000000010000;0.730356;7213;0.845498;6
16;0001001000000110010100000110010001010011000010;0.915755;9044;0100000100011110010101000010001000000000101010;0.737951;7288;0.848379;8
17;0000110000000110010100000110010001010011000010;0.917882;9065;0000101000000100010101010110000110010000011000;0.763264;7538;0.851706;5
18;0001101000000110010010000110010001010100000010;0.916869;9055;0010011000000010010000000100110001110110001000;0.754354;7450;0.855067;17
19;0000110000000110010110000110011001010000000010;0.914237;9029;0001010010100000000011000010011000110010101000;0.606318;5988;0.857684;8
20;0000110000000110010100000110001001010100100010;0.918185;9068;0000101000000110110110000100000001010110000010;0.779668;7700;0.862978;11
21;0000100100000100110100000110000001011001100010;0.917173;9058;0100111000000110110100000010010010010000100000;0.760024;7506;0.867011;15
22;0000111000000100000111000110010001010001000010;0.921729;9103;0011111100000100000101001101011000000000000000;0.773896;7643;0.866161;14
23;0001101100000010010100000110010001010001000010;0.921122;9097;0000011110000110000100000010011001000011000010;0.750101;7408;0.869268;13
24;0001101000000110010100000110011001010000000010;0.928514;9170;0001111000000101100101000010010001010010000000;0.750709;7414;0.872632;5
25;0001101000000110010100001100011001010000000010;0.921223;9098;0000101000000010110010001110110010010000100000;0.743013;7338;0.873479;8
26;0000111000000100110100000110010001010001000010;0.923552;9121;0001110000000111000000000110011010010001001000;0.781491;7718;0.87691;14
27;0001101000000110010100000110011001010000001000;0.927197;9157;0000001010000010100010000110110001011001000010;0.790603;7808;0.8816;19
28;0001101000000110010100000110011000010001000010;0.924767;9133;1000000000000110010100000100000101010110010011;0.760024;7506;0.883034;21
29;0001101000000110010100000110011001010000000010;0.928514;9170;0001011000001110010100000000001001010001010010;0.779668;7700;0.886614;24
30;0001101000000110010000000110011001011000000010;0.931349;9198;0011101100000000010010000110001000011001000010;0.779263;7696;0.890641;26
31;0001101000000110010000000110011001011000000010;0.931349;9198;1001101010000110010100000010010100010000000010;0.791312;7815;0.891254;35
32;0001101000000110010000000110011001011000000010;0.931349;9198;0001101000000110010101000010000101010010010000;0.791009;7812;0.893004;42
33;0001101000000110010000000110010001011001000010;0.932463;9209;0000101000100110010000000111001001011000001000;0.783617;7739;0.89322;43
34;0000111000000110010000000110010001011001000010;0.932665;9211;0001101000000100010111000010000100010010010010;0.740583;7314;0.896435;66
35;0001101000000110010000000110011001011000000010;0.931349;9198;0001101000000110000000000110111011000000100010;0.797489;7876;0.900174;63
36;0001101000000110010100000110000001010001100010;0.936108;9245;0010001001100110010100000010011001000001000010;0.78706;7773;0.900677;64
37;0001101000000110010100000110000001010001100010;0.936108;9245;1101101000000100000000010110000001010001100010;0.785237;7755;0.900079;77
38;0001101000000110010100000110000001010001100010;0.936108;9245;0001101000000110110000000110001001010001000010;0.815715;8056;0.904779;93
39;0001101000001100010100000110000001010001100010;0.933374;9218;0000111000000110010000001110011001000001100000;0.797185;7873;0.906361;112
40;0001101000001100010100000110000001010001100010;0.933374;9218;1001101110000100010000000110100001010000000010;0.783009;7733;0.908615;135
41;0000111000000100010100000110001001011000100010;0.932665;9211;1001100000000110010000000110011001010001100000;0.807716;7977;0.909862;147
42;0001101000000110010100000110001001010000100010;0.934994;9234;0000111000000110010000000111011001010001000000;0.818753;8086;0.914196;187
43;0000111000000110010000000110010001011001000010;0.932665;9211;0001101000000110010010000010010001011001000010;0.830397;8201;0.918644;235
44;0000111000000110010000000110010001011001000010;0.932665;9211;0000101010000110000100000110011001010000000011;0.836675;8263;0.917738;236
45;0000111000000110010000000110010001011001000010;0.932665;9211;0001111000000010010100000110001001010000000011;0.840725;8303;0.920512;262
46;0000111000000110010000000110010001011001000010;0.932665;9211;0000111000000110001000000100011001011001000010;0.825638;8154;0.920637;274
47;0001101000000110010100000110000001010001100010;0.936108;9245;0000111000000110010100000100010101011010000000;0.826144;8159;0.922167;288
48;0001101000000110010100000110000001010001100010;0.936108;9245;0000111000000111010100000010010000011001000010;0.805488;7955;0.922346;292
49;0000111000000110010000000110010001011001000010;0.932665;9211;0001101000000111010100000010010001010001000010;0.835763;8254;0.924523;308
50;0000111000000110010000000110010001011001000010;0.932665;9211;0001101000000110010100000010000111010001000010;0.809133;7991;0.922778;303
=============================================
geração;melhor;fitness;cobertura;pior;fitness;cobertura;média;ind_repetidos
0;0101001010010100010000000110010001001001000010;0.851458;8409;1011000010100000000000111010100110000000001001;0.219016;2163;0.603657;1
1;0100001000000010010011010100010010010001100010;0.851458;8409;0111010000010000100000101000100000100001101001;0.336472;3323;0.66283;4
2;0000101101000010010010010100010010010001000010;0.869583;8588;1111000010100110100000010010100000100000001000;0.374241;3696;0.708323;2
3;0000111000000100000011000110110000000001011100;0.871102;8603;0000001000100011110010100000100010101100000001;0.393479;3886;0.741121;5
4;0001010000010110011001010100011001001000000000;0.886695;8757;0010000011000000000001101110100011000000011100;0.427704;4224;0.767009;1
5;0000111000000100000000011100011000110010010010;0.882037;8711;1000000000011010100001100011010010000011100000;0.483698;4777;0.783942;4
6;0000110000001110000101000110011010001000000010;0.893479;8824;0010110010000010010000010010000001100101100001;0.504658;4984;0.798187;7
7;0000110000001110000101000110011010001000000010;0.893479;8824;1000001000010000010011000000111100000001111000;0.561361;5544;0.807112;6
8;0000001000000110010110000110001000001101100010;0.900972;8898;0000010010000000001110010010010010111001010000;0.555286;5484;0.816601;4
9;0000111000000100000101010100010101010000110000;0.901276;8901;0001010010100000010000000110010000100111100001;0.584042;5768;0.823879;10
10;0000111000000100010010000110011000010100100010;0.905326;8941;0000011010000000010110100111000101010100000000;0.693803;6852;0.830214;9
11;0000111000000100010010000110011000010100100010;0.905326;8941;0000000011000110101001001100001000110010010000;0.667477;6592;0.835744;4
12;0001101000000110010100000110000101001000100010;0.924463;9130;0001010000001000010000000101111010000101110000;0.607533;6000;0.838971;9
13;0001101000000110010100000110000101001000100010;0.924463;9130;0010110000110000000010001110010100100000110000;0.695322;6867;0.844674;4
14;0000111000000100000011000110010001001001010010;0.91454;9032;0010110000000110010001010100000000100001011100;0.721952;7130;0.849203;10
15;0001101000000100010110000110001001010000100010;0.921831;9104;1001011010000000001100000110001000100100011000;0.685196;6767;0.848639;6
16;0001101000000100000110000110010001001001010010;0.915249;9039;0000111110000100010101000000001001010001010000;0.717497;7086;0.855025;7
17;0000111000000100010101000110011001011000000000;0.9274;9159;0010111000000100010001001100001000011010010000;0.760632;7512;0.859482;15
18;0001101000000110010100010100001000110000100010;0.918894;9075;0100101000001100000011100110001001011000000000;0.727521;7185;0.862494;14
19;0000111000000100000101000110011000011001010000;0.922134;9107;0000010010001110010000000010011000110001001010;0.755367;7460;0.866468;13
20;0001101000000100010001000110011001011000000010;0.922641;9112;0000001001010110000110011100001000000011010000;0.697145;6885;0.864735;11
21;0000111000000110010100000110011000110000000010;0.921932;9105;0000101000000110000110010010000010110011001000;0.711624;7028;0.866623;17
22;0000111000000100010100000110011000111000000010;0.918996;9076;0001101000000100100100001100001010100011010000;0.697448;6888;0.867694;16
23;0000111000000110010100000110000101010000100010;0.932159;9206;0110111000000100000100010100001100110000010000;0.722155;7132;0.873976;21
24;0000111000000110010100000110000101010000100010;0.932159;9206;0000101100000110001101000100000000011100010010;0.759113;7497;0.875272;18
25;0000111000000110010100000110010001010001010000;0.92983;9183;0000111000001101010100001000010001000001001010;0.776731;7671;0.876982;19
26;0001101000000110010100000110000001010001100010;0.936108;9245;0100111001000101000100001100001001001000001000;0.748177;7389;0.881168;22
27;0001101000000110010100000110000001010001100010;0.936108;9245;1001101000000101100010000110011000000001001000;0.745241;7360;0.882335;17
28;0001101000000110010100000110001000010001100010;0.930539;9190;0000011001000110000100000010010000111010110000;0.787465;7777;0.882556;18
29;0000111000000110010100000110000001010001100010;0.937019;9254;0100111000000110000100010100001001000011000010;0.749899;7406;0.886205;38
30;0001101000001100010100000110001001010000100010;0.93226;9207;0100111100000110000101010100001100000000000010;0.789692;7799;0.893168;31
31;0000111000000110010100000110000001010001100010;0.937019;9254;0111101000000100010000000110001001000010001010;0.750911;7416;0.89204;44
32;0000111000000110010100000110000001010001100010;0.937019;9254;0000111000001100010100100111000000000001001010;0.783212;7735;0.895436;53
33;0000111000000110010100000110000001010001100010;0.937019;9254;1000111000000110010010000110001001000011000000;0.719927;7110;0.89732;79
34;0000111000000110010100000110000001010001100010;0.937019;9254;0001101000000110010110000010010000001100001010;0.795261;7854;0.901727;86
35;0000111000000110010100000110000001010001100010;0.937019;9254;0001101000100111000100000110001000011000001000;0.760328;7509;0.903304;96
36;0000111000000110010100000110000001010001100010;0.937019;9254;0010111000000110000100000100011100000001100010;0.807513;7975;0.906221;109
37;0000111000000110010100000110000001010001100010;0.937019;9254;0000101001000110000100000110011000010000100110;0.805792;7958;0.908667;120
38;0000111000000110010100000110000001010001100010;0.937019;9254;0111101000001100010100000110000000001001000010;0.817436;8073;0.912807;150
39;0000111000000110010100000110000001010001100010;0.937019;9254;0000111000000110110100100110000001000001001000;0.810753;8007;0.912779;153
40;0000111000000110010100000110000001010001100010;0.937019;9254;0000111000000100000100000111011001000001100010;0.816626;8065;0.912443;154
41;0000111000000110010100000110000001010001100010;0.937019;9254;0001111000000110010100000110001001010001000000;0.808222;7982;0.914746;190
42;0000111000000110010100000110000001010001100010;0.937019;9254;0000111000000110110100000110000000001001000011;0.813183;8031;0.91853;221
43;0000111000000110010100000110000001010001100010;0.937019;9254;0001110000000111010100000111000000001001000010;0.816221;8061;0.920489;239
44;0000111000000110010100000110000001010001100010;0.937019;9254;0001111000000101100100000110000000010001100010;0.816424;8063;0.921553;254
45;0000111000000110010100000110000001010001100010;0.937019;9254;1001101000000110010110000110000000010001000010;0.825435;8152;0.926163;277
46;0000111000000110010100000110000001010001100010;0.937019;9254;0001101000000110110100000100010000010001100010;0.82665;8164;0.930287;321
47;0000111000000110010100000110000001010001100010;0.937019;9254;1000111000000110010100000010000001010001100010;0.837687;8273;0.932804;348
48;0000111000000110010100000110000001010001100010;0.937019;9254;0000111000000110010100101110000001010000000010;0.833941;8236;0.933574;367
49;0000111000000110010100000110000001010001100010;0.937019;9254;0000111000000110010110000010000001010001100010;0.851661;8411;0.934633;377
50;0000111000000110010100000110000001010001100010;0.937019;9254;0001111000000110010100000010000001010001100010;0.841738;8313;0.934972;379
=============================================
geração;melhor;fitness;cobertura;pior;fitness;cobertura;média;ind_repetidos
0;0000001000100110000100010100011001101001010000;0.83546;8251;0110010000010000100000100001000110010011010001;0.227217;2244;0.599764;1
1;0011101000100001000101000110010000000000100011;0.82422;8140;1000101011101000100000011000000110000101000000;0.298603;2949;0.667135;3
2;0000011011000110010100001100000000000001111000;0.843155;8327;0010001001000100100000110000001111000010001001;0.301438;2977;0.711808;5
3;0000001000100110000100010100010001111000011000;0.859356;8487;0010010001100101001100000000000101011000001001;0.386796;3820;0.7428;2
4;0000001000000110010100000110101100000100100110;0.884974;8740;0110001001010001000000010000000100001101101100;0.487849;4818;0.767347;3
5;0000111011000100010100000110000000010000101100;0.867355;8566;0100010000100001010100010000100101010110001000;0.482483;4765;0.783479;7
6;0001001000000100000101001110001001001010100010;0.889834;8788;0000001001000001010100000010100001011010011001;0.528959;5224;0.799415;5
7;0001100100000100010100000110110001011000001000;0.903706;8925;0001010010010100000011000100000001101110000001;0.440259;4348;0.807988;6
8;0001100100000100010100000110110001011000001000;0.903706;8925;0011000100100000010010000010010110110110000000;0.504962;4987;0.819004;4
9;0001101000000110010100000110000001001100100010;0.91211;9008;1010010100001010010000001100001000100000110001;0.698866;6902;0.825791;5
10;0001001000000110010100000110001000101000110010;0.907959;8967;0000010001000100000111000010001110001110100000;0.56936;5623;0.83209;9
11;0001101000000100010100000110011000010010010010;0.905022;8938;0000111000100000011000001111001000011000010000;0.662211;6540;0.838792;6
12;0001010100000100000101000110011001011000001000;0.915755;9044;0100100000001000011100000110000110110010010000;0.70484;6961;0.841529;3
13;0000111000000100010100000110111001001000000010;0.906339;8951;0110111000100000010001010000010001001000001010;0.692689;6841;0.84519;13
14;0001101000000110010100000110011001100000000010;0.912515;9012;0100010000100011010101010010001000001000101000;0.634265;6264;0.85017;11
15;0001101000000110010100000110001000001001101000;0.912616;9013;0000111000100011000100010101000000001111000000;0.713852;7050;0.849739;5
16;0001010100000110010100000110000001010100100010;0.912515;9012;0001001100001010001100001110001001000010010000;0.715978;7071;0.855772;9
17;0001101000000010010100000110001101010000100010;0.913629;9023;1101000100000101010000000100011101010010000000;0.73552;7264;0.857487;10
18;0001011000000110010101000110011001010000000000;0.920109;9087;0001111000000000000100001110001001000001101001;0.734407;7253;0.860736;19
19;0001011000000110010100000110001001010000100010;0.927906;9164;0000111000010101100000010111010001000100000000;0.740279;7311;0.862807;10
20;0001101000000100010100000110010001011001010000;0.922033;9106;0000110010000101010000000000011101010010001001;0.726205;7172;0.866103;12
21;0001101000000100000111000110011001010000010000;0.922236;9108;0000011000110110100000000110000001011001001000;0.723066;7141;0.871764;17
22;0000111000000100000101000110010001011001000010;0.932463;9209;0001000100000110000100001101000001011101001000;0.747772;7385;0.872654;13
23;0001101000000100010101000110011001011000000000;0.925678;9142;0001011010000100010101010000010000110010010000;0.768732;7592;0.87423;9
24;0001101000000100010100000110010001011001000010;0.928615;9171;1001100100000110010000100111001000010000000010;0.767011;7575;0.878681;10
25;0001101000000100010100000110010001011001000010;0.928615;9171;0011111000000000010100000000111000100001001010;0.767213;7577;0.881796;16
26;0001101000000100010100000110010001011001000010;0.928615;9171;0101011000000110000110000100010001010001001000;0.786857;7771;0.882837;19
27;0001101000000110010100000110011001010000000010;0.928514;9170;0001011000000000010101001111001000011000001000;0.698461;6898;0.884293;21
28;0001101000000110010100000110010001010001000010;0.930235;9187;0001100000001100000111000011010001110000010000;0.804577;7946;0.887159;22
29;0001101000000110010100000110010001010001000010;0.930235;9187;0011100000000100110100010101001000011000010000;0.781187;7715;0.890531;17
30;0000111000000110010100000110010001010001000010;0.931146;9196;0001101000000010010010100110000101110000010000;0.743823;7346;0.89317;23
31;0000111000000110010100000110010001010001000010;0.931146;9196;0001011000001100010100000110001011010010000000;0.811867;8018;0.89591;35
32;0000111000000110010100000110010001010001000010;0.931146;9196;0001110000000100010010000110110101010001000000;0.799716;7898;0.895127;30
33;0000111000000110010100000110010001010001000010;0.931146;9196;0001101000100110010100000010110001010001000000;0.809032;7990;0.896245;32
34;0001101000000110010100000110010001010001000010;0.930235;9187;0001100100100100110001000110000001011001000000;0.806703;7967;0.899834;41
35;0001101000000110010000000110010001011001000010;0.932463;9209;0001101000001110010100000000011001010001010000;0.821993;8118;0.90259;50
36;0000111000000100010100000110010001011001000010;0.930336;9188;0101001000010100110100000110001001010001000000;0.758202;7488;0.902721;49
37;0001101000000110010000000110010001011001000010;0.932463;9209;0000101000000100000100000110111001110001000010;0.83222;8219;0.904576;62
38;0000111000000110010100000110010001010001000010;0.931146;9196;0001101100001110010000000110000001011001000000;0.77015;7606;0.908217;86
39;0000111000000110010100000110010001010001000010;0.931146;9196;0010101000011100000100000110010001011000010000;0.834751;8244;0.909428;88
40;0001101000000110010000000110010001011001000010;0.932463;9209;0001010110001100010000000110010001011001000000;0.819664;8095;0.910691;109
41;0000111000000110010000000110010001011001000010;0.932665;9211;0001111000000110010100000010010001010001000010;0.840219;8298;0.911901;120
42;0000111000000110010000000110010001011001000010;0.932665;9211;0001111000001100010100000010011001010001000000;0.800223;7903;0.914222;155
43;0000111000000110010000000110010001011001000010;0.932665;9211;0001101000001100000100000110001001011001000010;0.830194;8199;0.915156;175
44;0000111000000110010000000110010001011001000010;0.932665;9211;0001111000000110010100000010010001011000000010;0.840624;8302;0.919109;202
45;0000111000000110010000000110010001011001000010;0.932665;9211;0000111110000110010100000100010001001000010000;0.828473;8182;0.920862;245
46;0001101000000110010000000110010001011001000010;0.932463;9209;0001101010000110010000000010010001011001000010;0.82179;8116;0.923063;278
47;0001101000000110010000000110010001011001000010;0.932463;9209;0001101000000110010101000010010001010001000010;0.838396;8280;0.923253;282
48;0000111000000110010000000110010001011001000010;0.932665;9211;0001101000000110010100000010010001010001010100;0.852471;8419;0.924352;296
49;0000111000000110010000000110010001011001000010;0.932665;9211;0000111000000110010000000110011001011001000000;0.848015;8375;0.924926;322
50;0000111000000110010000000110010001011001000010;0.932665;9211;0001101000000110000000000110011001011001000010;0.85723;8466;0.926472;331
=============================================
geração;melhor;fitness;cobertura;pior;fitness;cobertura;média;ind_repetidos
0;0000111110000000000000100110110100010000001010;0.863305;8526;0010100010110000110000110000000100100100001001;0.254151;2510;0.607796;1
1;1001101100000100000010000110010000000011010010;0.850344;8398;1010001110001000001010100000000010110100000001;0.273896;2705;0.667625;5
2;0000111100000000000000100110010100101001010100;0.848218;8377;1000000000000101100011100000000100001100011011;0.36047;3560;0.704509;3
3;0000011000000100001101001010010100101000100010;0.855002;8444;0000010000101001001010000001101100000011010010;0.403807;3988;0.738279;4
4;0101100000100000100101000110010001011000000010;0.871405;8606;1010100010000000101011000000100010100001010010;0.416667;4115;0.753974;2
5;0001101000000100010001010100011010100000100010;0.866545;8558;1110000000000000100100101101100001000000011001;0.409579;4045;0.768491;5
6;0000000100000110011000000110011000110000001110;0.873836;8630;0011000000100101000100010010001100101001010000;0.534933;5283;0.78695;6
7;0001101000001110000100000100101000000100101010;0.878595;8677;1000010000010101010000011010010001000100100001;0.546173;5394;0.797515;5
8;0001001000000110010100000110010001011000000011;0.909174;8979;1010010000000001100011000110001000010100101000;0.535338;5287;0.809384;6
9;0001101000100100000101000110011000010000100010;0.890036;8790;0010000000010001000001000111111001000010101000;0.556197;5493;0.813911;4
10;0001101000000100001011000110000001001001100010;0.902288;8911;0000010001000011010001000011101000001001100010;0.608951;6014;0.822202;12
11;0001001000000110010100001100011101010000000010;0.91373;9024;0000010001000010010110001010001001001010101000;0.624747;6170;0.828698;4
12;0001101000000100000101000110011101010000000010;0.922236;9108;1000101000000110110101000010010000000000011010;0.713852;7050;0.833593;7
13;0001101000000100000101000110011101010000000010;0.922236;9108;0001000001000110011000010100101101000010000001;0.674058;6657;0.836183;6
14;0001101000000100000101000110011101001000000010;0.921527;9101;0001000000000000010101101010011110100000101000;0.629202;6214;0.840393;8
15;0001101000001100010100000110011000010001000010;0.921223;9098;0101010000010000000101101010001001001010100000;0.627785;6200;0.846662;12
16;0001101000001100010100000110011000010001001000;0.920514;9091;0100100010001100000011001000000100101000100011;0.709093;7003;0.853421;6
17;0001101000000110010000000110011101010000000010;0.921932;9105;0000001000001100010001100100010011000100110010;0.749696;7404;0.859738;12
18;0001101000000110010000000110011101010000000010;0.921932;9105;0000100001001100001100001100001111010000010000;0.735217;7261;0.865019;19
19;0001101000000100000101000110011001011000000010;0.931146;9196;0001000000110111010100001100101101000000000000;0.768023;7585;0.868855;14
20;0000111000010100010100000110001001010000100010;0.921527;9101;0001101000100100100100000100010001000001000111;0.733799;7247;0.870252;19
21;0001101000000100010100000110000001011001100010;0.93145;9199;0001001000100100000100111100001001001100001000;0.738254;7291;0.873855;22
22;0001101000000100010100000110010001011001000010;0.928615;9171;0001101000000000000111001100001101010100001000;0.784427;7747;0.878948;30
23;0001101000000110010100000110011001010000000010;0.928514;9170;0101110100000001000101000100001001001100000010;0.787363;7776;0.878509;18
24;0001101000000110010100000110011001010000000010;0.928514;9170;0000101000001110010100001000010100010000010011;0.773998;7644;0.88002;20
25;0001101000000110010100000110011001010000000010;0.928514;9170;0011001000001100010000001100001000011100010010;0.765695;7562;0.882056;30
26;0001101000000110010000000110010001011001000010;0.932463;9209;0000110000000100110010000110001000110010010010;0.777339;7677;0.884895;28
27;0001101000000110010100000110001001010000100010;0.934994;9234;0000111000010100010101100010001001010000001000;0.766403;7569;0.888267;34
28;0001101000000110010100000110001001010000100010;0.934994;9234;0001100000000100110010000110010101011000000001;0.780275;7706;0.890461;47
29;0000111000000110010100000110001001010000100010;0.935905;9243;0001101000100000010000001100011100001011001000;0.784123;7744;0.896262;75
30;0001101000000110010100000110001001010000100010;0.934994;9234;0001101000000110010011001000000111010000000010;0.756683;7473;0.897758;66
31;0001101000000110010100000110001001010000100010;0.934994;9234;0001101000001110001010000100010101001000000010;0.790198;7804;0.901673;73
32;0001101000000110010100000110001001010000100010;0.934994;9234;0001101010000100010000001100001101001000010010;0.797894;7880;0.904485;96
33;0001101000000110010100000110001001010000100010;0.934994;9234;0001101000000010010010000110000001010001001011;0.799514;7896;0.906444;98
34;0000111000000110010100000110001001010000100010;0.935905;9243;0001101100000110010000000100001101011000000010;0.805691;7957;0.908192;128
35;0000111000000110010100000110001001010000100010;0.935905;9243;0000111000000110010010010110001000011000000010;0.81855;8084;0.910869;136
36;0000111000000110010100000110001001010000100010;0.935905;9243;0001101000000110010011001000010100010001000010;0.762961;7535;0.912988;176
37;0000111000000110010100000110001001010000100010;0.935905;9243;0001111001000100000100000110010011010000000010;0.830802;8205;0.915625;193
38;0000111000000110010100000110001001010000100010;0.935905;9243;0001101000000110000110001100001101010000000010;0.813183;8031;0.915719;209
39;0000111000000110010100000110001001010000100010;0.935905;9243;0001111000000110000100000010011001010001000010;0.790502;7807;0.915346;227
40;0000111000000110010100000110001001010000100010;0.935905;9243;0001101000000110010000000010011101010001000010;0.830194;8199;0.919259;255
41;0000111000000110010100000110001001010000100010;0.935905;9243;0101101000000110000000000110001011010000100010;0.797388;7875;0.919403;263
42;0000111000000110010100000110001001010000100010;0.935905;9243;0001101000010110010100000010001001010001000010;0.81207;8020;0.921702;290
43;0000111000000110010100000110001001010000100010;0.935905;9243;0001101000000110010000000110001101010001000010;0.834143;8238;0.920052;281
44;0000111000000110010100000110001001010000100010;0.935905;9243;1001101000000110010000000110000001010001000011;0.815512;8054;0.919998;286
45;0000111000000110010100000110001001010000100010;0.935905;9243;0001101000000110000000101110011001011000000000;0.796071;7862;0.920524;287
46;0000111000000110010100000110001001010000100010;0.935905;9243;1001101000000110010000000110001001011000000010;0.848319;8378;0.923348;306
47;0000111000000110010100000110001001010000100010;0.935905;9243;0001101000000010000100000110011001011001000010;0.845484;8350;0.926561;314
48;0001101000000110010100000110000001010001100010;0.936108;9245;0001101000000110000100010110001001010000100010;0.856825;8462;0.930824;344
49;0001101000000110010100000110000001010001100010;0.936108;9245;0001101000000110000000000110011001011000100010;0.865634;8549;0.932243;359
50;0001101000000110010100000110000001010001100010;0.936108;9245;0001101000000110000100000110001001010001100010;0.85804;8474;0.933133;374
=============================================
geração;melhor;fitness;cobertura;pior;fitness;cobertura;média;ind_repetidos
0;0000101000000100010100000110010001111001000100;0.87019;8594;0000001110110001010000110000000011000011000001;0.261847;2586;0.610758;1
1;0001101010000100110000001010011000000100100010;0.844573;8341;0000010100101010101000100000000010011110001000;0.305286;3015;0.674691;4
2;0000101000000100110110000111000000101000100010;0.858748;8481;1000100001000001001001011001000001010011001000;0.397124;3922;0.712528;4
3;0100110100000100010000001100011000110000001100;0.873836;8630;1001000101100000001100110000000000110011001000;0.377177;3725;0.746205;3
4;0000101100000100010000001100011101010010000010;0.873836;8630;0010100001000001011010011100000011010000010000;0.409781;4047;0.760109;6
5;0000101100000100010000001100011101010010000010;0.873836;8630;0001110010001100000001000000001010111100010000;0.473167;4673;0.780153;5
6;0000111100000000000010001100011000010000110110;0.877582;8667;0000010000100100110000101010011000000111100000;0.570271;5632;0.795171;8
7;0000101000000100000110001100011101010000001010;0.888214;8772;0000000010010101010000101000000011000101101100;0.497367;4912;0.803031;11
8;0001101000000100010100001110011000101000000010;0.891859;8808;0000000001010100110100001000101000110101001000;0.535642;5290;0.812536;14
9;0000100000001100010100000110001100110000110010;0.890543;8795;0000110100011101000000100100010001000010001100;0.709802;7010;0.821872;7
10;0001101000000100010100001110001001001000100010;0.900871;8897;0100111000100100010010001000100100001100000010;0.69593;6873;0.826305;7
11;0000110000001100010100001010011000011000100010;0.892365;8813;0001010000011000100101001000001100011000100010;0.637404;6295;0.834002;12
12;0001100000000110010010000110011001001000100010;0.90725;8960;1000000110010100010010100110000011000000011000;0.62981;6220;0.841907;19
13;0000110100001100011000000110011001001000000010;0.907655;8964;0000010000000011011000001110101000011100100000;0.597003;5896;0.845163;10
14;0000110000001100010100000110001100110000100010;0.906541;8953;0001000100000010000000011100011100110001100010;0.760834;7514;0.851044;14
15;0000011010000100000101000110001001011000100010;0.909781;8985;0000010010000100000101001100001001011001011000;0.716079;7072;0.851149;8
16;0001100000001100010100000110001100110000100010;0.908566;8973;1001100000001100010100001000000000001011101010;0.757898;7485;0.855255;20
17;0000111000000100010100001100001100110000100010;0.909073;8978;0001001000100101000000101010011000011010000010;0.738659;7295;0.860004;9
18;0000111000000100000101001100011010011000000010;0.915654;9043;0000101001000100010011101000000001011000100010;0.74757;7383;0.864356;16
19;0000111000000110010000000110011001011000000010;0.931551;9200;0000111001000010000101001110011010000000100000;0.776225;7666;0.867745;17
20;0000111000000110010000000110011001011000000010;0.931551;9200;0000110000000100010001001100001100111100000010;0.747469;7382;0.869616;27
21;0000111000001100010100000110011000011000000010;0.917173;9058;0000110000001100000100000011110000110000100110;0.747772;7385;0.870443;17
22;0000111000000100010100000110011001011000000010;0.929222;9177;0000111100000100000101101001011010000000000010;0.768732;7592;0.872378;27
23;0000110100001100010100000110001001010000100010;0.922742;9113;0000100001011100001100000100010001011000100010;0.763062;7536;0.875464;28
24;0000111000000100000101000110011000011001000010;0.927298;9158;1001100000000100111100000010001001001000100100;0.791616;7818;0.881441;31
25;0001101000000110010000000110010001011001000010;0.932463;9209;0010011000000111000100000110011000010000100010;0.807614;7976;0.883501;26
26;0000111000000110010000000110010001011001000010;0.932665;9211;0001110100000100010100010100000001001111000000;0.792831;7830;0.886052;36
27;0000111000000110010000000110010001011001000010;0.932665;9211;0011001000000100010110011100001100001000100000;0.792122;7823;0.889394;33
28;0000111000001100010100000110001001010000100010;0.933475;9219;0011101000000100010101000110000001001000000011;0.810045;8000;0.893999;38
29;0000111000000110010100000110000101010000100010;0.932159;9206;0001111000000100010100000110001001101001000000;0.801337;7914;0.893412;34
30;0000111000001100010100000110001001010000100010;0.933475;9219;0010101000001100110100000000001100100000110010;0.784629;7749;0.896211;37
31;0000111000000110010100000110001001010000100010;0.935905;9243;0000101000000110010100100101001000011001000010;0.816525;8064;0.897011;33
32;0000111000000110010100000110001001010000100010;0.935905;9243;0000011100000100010101000010001101000100001010;0.77501;7654;0.896967;41
33;0000111000000110010100000110001001010000100010;0.935905;9243;0100110000010110010000010100101011000000000010;0.7742;7646;0.898512;55
34;0000111000000110010100000110001001010000100010;0.935905;9243;0000111000000110000100010000011001011001000010;0.803463;7935;0.899606;56
35;0000111000000110010100000110001001010000100010;0.935905;9243;0000101010100110010100000010001001011000000010;0.822803;8126;0.904592;82
36;0000111000000110010100000110001001010000100010;0.935905;9243;0001011000000100010100000110001011010000001010;0.838092;8277;0.907314;85
37;0000111000000110010100000110001001010000100010;0.935905;9243;0010111000000000010100000110011001110000100000;0.826245;8160;0.907606;111
38;0000111000000110010100000110000001010001100010;0.937019;9254;1010111000000110010100000100001001010100000000;0.796578;7867;0.909597;119
39;0000111000000110010100000110000001010001100010;0.937019;9254;0001111000000000011100000010001101011000000010;0.776124;7665;0.910874;122
40;0001101000000110010100000110000001010001100010;0.936108;9245;0001111000000110010110000100000001010001000010;0.806804;7968;0.915214;157
41;0000111000000110010100000110000001010001100010;0.937019;9254;0001101000001100000100100110001101000000100010;0.83951;8291;0.918789;199
42;0000111000000110010100000110000001010001100010;0.937019;9254;0000111000000010010101000110001001110000000010;0.842446;8320;0.923836;242
43;0000111000000110010100000110000001010001100010;0.937019;9254;0011101000000100100110000110000001010000100010;0.8387;8283;0.924718;265
44;0000111000000110010100000110000001010001100010;0.937019;9254;0000111010000110010100000010001000010001100010;0.854597;8440;0.9282;302
45;0000111000000110010100000110000001010001100010;0.937019;9254;0000111000000110000100001110001001010000100010;0.859154;8485;0.930842;338
46;0000111000000110010100000110000001010001100010;0.937019;9254;0010111000000100010100000010001001010001100010;0.835561;8252;0.930746;341
47;0000111000000110010100000110000001010001100010;0.937019;9254;0000111000000110000100000110001001010001100010;0.860267;8496;0.931596;348
48;0000111000000110010100000110000001010001100010;0.937019;9254;0100111000000110000100001110000001010000100010;0.827056;8168;0.930919;345
49;0000111000000110010100000110000001010001100010;0.937019;9254;0000111000000110010100000010000001011001100010;0.861685;8510;0.93244;364
50;0000111000000110010100000110000001010001100010;0.937019;9254;0000111000000110000100000110001001010001100010;0.860267;8496;0.931959;359
=============================================
