geração;melhor;fitness;cobertura;pior;fitness;cobertura;média;ind_repetidos
0;0000000000000000000000000000001010001100010000;0.0106318;105;0000010000000000000000001000000000110000001000;0;0;0.000136442;1
1;0000000000000000000000000000000010001100011000;0.0248076;245;0000000000110010100000000000000000100000000000;0;0;0.00026934;2
2;0000000000000000000000000000000010001100011000;0.0248076;245;0010000000000000000010000001010000000001000000;0;0;0.00037819;6
3;0000000000000000000000000000000010001100011000;0.0248076;245;0000000010010000000000001000000000100000000100;0;0;0.0004597;7
4;0000000000000000000010000000000000001100011000;0.0220737;218;0010000000000000010001000000100000100000000000;0;0;0.000575385;5
5;0000010000000000000000000000000000001100011000;0.0220737;218;1000000000000001000010000010010000000000000000;0;0;0.000779415;5
6;0000000000001000000100000010010000000000100000;0.0234913;232;0100000000000000100000000000010001010000000000;0;0;0.00117684;8
7;0000000000000000010100000010010000000000100000;0.02339;231;0000001000000000000000000000001000000100100100;0;0;0.00165325;7
8;0000000000000000000000010000001010100001000000;0.0202511;200;0000001000000100000000000001010000000100000000;0;0;0.00191601;15
9;0000000000000001000000000000110001000000100000;0.037262;368;0000000000100000000000000100000001100000001000;0;0;0.00255518;14
10;0000000000000001000000000000110001000000100000;0.037262;368;0000000000000011000010000000000010000000100000;0;0;0.00286376;12
11;0000000000000001000000000000110001000000100000;0.037262;368;0000000000010000100000000010000000100000001000;0;0;0.00368596;16
12;0000000000000100000000000000110001000000100000;0.041616;411;0000000010000000000000000000000110010000010000;0;0;0.00480433;12
13;0000000000000000010000000000110001000000100000;0.0355407;351;0000000001000000010000000000001000100001000000;0;0;0.00600319;16
14;0000000000000000010000000000110001000000100000;0.0355407;351;0000011000000000000100000100000000000000010000;0;0;0.00782275;26
15;0000000000000000000100000000110001000000100000;0.0508303;502;0000000000000000000101000000001000110000000000;0;0;0.0104688;25
16;0000000000000000000100000000110001000000100000;0.0508303;502;0000000000000000000100010000110000000000001000;0;0;0.013324;45
17;0000000000000000000100000000110001000000100000;0.0508303;502;0000000000001000000000000000010010100100000000;0;0;0.0149205;56
18;0000000000000000000100000000110001000000100000;0.0508303;502;0000000000001000000000000000010010100100000000;0;0;0.0155959;49
19;0000000000000000000100000000110001000000100000;0.0508303;502;0100000000000000000100001000100001000000000000;0;0;0.0174013;76
20;0000000000000000000100000000110001000000100000;0.0508303;502;0000000000010000000000000000001010010010000000;0;0;0.0200121;87
21;0000000000000000000100000000110001000000100000;0.0508303;502;0000000000000000000010000000000001100100100000;0;0;0.0210383;96
22;0000000000000000000100000000110001000000100000;0.0508303;502;0000000000000000000000001000100001000010100000;0;0;0.0230184;127
23;0000000000000000000100000000110001000000100000;0.0508303;502;0000000000000000000000000000101010101000000000;0;0;0.0248253;162
24;0000000000000000000100000000110001000000100000;0.0508303;502;0000000000000000100000000000000011010000001000;0;0;0.0266983;180
25;0000000000000000000100000000110001000000100000;0.0508303;502;0000000000001000000000000000001000101000100000;0;0;0.0287775;192
26;0000000000000000000100000000110000000000100010;0.0567031;560;0000000000000000000000000010110001010000000000;0;0;0.0302376;194
27;0000000000000000000100000000110000000000100010;0.0567031;560;0000000000000000000100000000001010100000100000;0;0;0.0320574;226
28;0000000000000000000100000000110000000000100010;0.0567031;560;0000000000000000000100000000100010100001000000;0;0;0.0347622;251
29;0000000000000000000100000000110000000000100010;0.0567031;560;0000000000000000000100000010001011000000000000;0;0;0.038643;280
30;0000000000000000000100000000110000000000100010;0.0567031;560;0000010000000000000000000000001011000000100000;0.000101256;1;0.0405889;299
31;0000000000000000000100000000110000000000100010;0.0567031;560;0000000000000100000100000000001010000001000000;0;0;0.0443091;327
32;0000000000000000000100000000110000000000100010;0.0567031;560;1000000000000000000000000000001011000000100000;0;0;0.0462497;338
33;0000000000000000000100000000110000000000100010;0.0567031;560;0000010000000000000100000000110000000000000010;0.00101256;10;0.0484036;359
34;0000000000000000000100000000110000000000100010;0.0567031;560;0000000000000000000100000000110000100000000010;0.00141758;14;0.0488056;358
35;0000000000000000000100000000110000000000100010;0.0567031;560;0000000000000000000100010000110000000000000010;0.000202511;2;0.0502572;371
36;0000000000000000000100000000110000000000100010;0.0567031;560;0000000000000000000100000000110000000000010010;0.000202511;2;0.0491873;356
37;0000000000000000000100000000110000000000100010;0.0567031;560;0000000000000000000110000001110000000000000000;0;0;0.048391;340
38;0000000000000000000100000000110000000000100010;0.0567031;560;0000000000000000000100000010110000001000000000;0;0;0.0507918;355
39;0000000000000000000100000000110000000000100010;0.0567031;560;0000000000000000000100000000100100000000100010;0.000202511;2;0.0529675;368
40;0000000000000000000100000000110000000000100010;0.0567031;560;0000000000000000000100001000110000000000000010;0.000202511;2;0.0531865;369
41;0000000000000000000100000000110000000000100010;0.0567031;560;0000000000000000000100000000100000000000110010;0.000202511;2;0.0534536;373
42;0000000000000000000100000000110000000000100010;0.0567031;560;0000000000000000000100000010100000000000100010;0.000202511;2;0.0549572;385
43;0000000000000000000100000000110000000000100010;0.0567031;560;0000000000000000000100010000110000000000000010;0.000202511;2;0.0541733;377
44;0000000000000000000100000000110000000000100010;0.0567031;560;0000000000000000000100100000100000000000100010;0.000202511;2;0.0541586;380
45;0000000000000000000100000000110000000000100010;0.0567031;560;0000000000000000000100000010100000000000100010;0.000202511;2;0.0545036;380
46;0000000000000000000100000000110000000000100010;0.0567031;560;0000000000000000000100000000110000000100000010;0.000202511;2;0.0541808;381
47;0000000000000000000100000000110000000000100010;0.0567031;560;0000000000000000000100001000110000000000000010;0.000202511;2;0.0547231;381
48;0000000000000000000100000000110000000000100010;0.0567031;560;0000000000000000000100000000110000001000000010;0.000202511;2;0.0546373;381
49;0000000000000000000100000000110000000000100010;0.0567031;560;0000000000000000000100001000100000000000100010;0.000202511;2;0.0547089;382
50;0000000000000000000100000000110000000000100010;0.0567031;560;0000001000000000000100000000110000000000000010;0.00131632;13;0.0551223;385
=============================================
geração;melhor;fitness;cobertura;pior;fitness;cobertura;média;ind_repetidos
0;0000000000000000000000000000010000011000011000;0.0196436;194;1010000000000000000010000000001000000000010000;0;0;0.000284022;1
1;0000000000000000000001000000010000000100010010;0.0324018;320;0001000100001000000000001000000000000000000010;0;0;0.000398694;5
2;0000000000000000010001000000001000000000011000;0.0486027;480;0010010001000010001000000000000000000000000000;0;0;0.000768277;3
3;0000000000001000010001000000000000001000001000;0.0215674;213;0000100000000000000010000000001000001000000010;0;0;0.000795616;6
4;0000000000000000010000000000010000001000011000;0.0219725;217;0001100000010000000000000000100000001000000000;0;0;0.0013672;11
5;0000000000000010000000000010010000000000100010;0.0236938;234;0000001000000000000000010000100000000000110000;0;0;0.00170692;11
6;0000000000000000000010000000000100011000100000;0.0304779;301;1000010000000000000000000000001010000001000000;0;0;0.00192765;8
7;0000000000000000010001000000000000001000010010;0.0477926;472;0000001000000000000000000000101000000000001010;0;0;0.00255088;10
8;0000000000000100000000000000110000000000100010;0.0370595;366;0000001000001000000000010010000000001000000000;0;0;0.00333207;15
9;0000000000000000000010000000000100011000100000;0.0304779;301;0000001000001000000001001010000000000000000000;0;0;0.00408819;25
10;0000000100000000000100000000110000000000100000;0.0353382;349;0000000000000000000011000000010000010100000000;0;0;0.00498785;18
11;0000000000000000000100000010010000000000100100;0.0474889;469;0001000000100000000010000000000100000000100000;0;0;0.00595712;30
12;0000000000000000000100000000110000000000100100;0.0559943;553;0000001000000100000000000000010000010000001000;0;0;0.00676311;24
13;0000000000000100000100000000110000000000100000;0.0485014;479;0000000000000100000010100000000000000000100100;0;0;0.00804146;38
14;0000000000000000000100000000110000000000100010;0.0567031;560;0000000000001000000010000000010000000001000100;0;0;0.0102111;52
15;0000000000000000000100000010010000000000100100;0.0474889;469;0100000000000100000000000000100000000100000010;0;0;0.0109247;55
16;0000000000000000000100000010010000000000100100;0.0474889;469;0000001000010000000100000000000100000000100000;0;0;0.0118568;54
17;0000000000000000000100000010010000000000100010;0.0480964;475;1000000000000000000000000000010000010100000010;0;0;0.0137945;71
18;0000000000000000000100000000110000000000100010;0.0567031;560;0000000000000100000000000000110000000000011000;0;0;0.0145659;67
19;0000000000000000000100000000110000000000100010;0.0567031;560;0000000010000100000000000000000000001100000010;0;0;0.0156017;68
20;0000000000000000000100000000110000000000100010;0.0567031;560;0000000000000000000000001000110010000100000000;0;0;0.0178093;82
21;0000000000000000000100000000110000000000100010;0.0567031;560;1000000000000000000000000010000100010100000000;0;0;0.0173754;77
22;0000000000000000000100000000110000000000100010;0.0567031;560;0000100000000000000000000010010000001100000000;0;0;0.0192512;96
23;0000000000000000000100000000110000000000100010;0.0567031;560;0000000000000100000000000010001001000010000000;0;0;0.0215173;129
24;0000000000000000000010000000000100011100000000;0.0473876;468;0000000001000000100000000000000101000000100000;0;0;0.0205149;124
25;0000000000000000000100000000110000000000100100;0.0559943;553;0000000000000000000010000010001000010000100000;0;0;0.0218482;132
26;0000000000000000000100000000110000000000100100;0.0559943;553;0000000000000100000000000100000100000000100010;0;0;0.0216641;138
27;0000000000000000000000000000000100011110000000;0.0518428;512;0000000010000000000010000000000011000001000000;0;0;0.0224628;138
28;0000000000000000000000000000000100011110000000;0.0518428;512;0000000000000000010100000000100000001100000000;0;0;0.0243084;159
29;0000000000000000000000000000000100011110000000;0.0518428;512;0001100000000000000000000000000100100000000010;0;0;0.0271062;187
30;0000000000000000000000000000000100011110000000;0.0518428;512;0000000000000000000000000010001010000001100000;0;0;0.0298588;220
31;0000000000000000000000000000000100011110000000;0.0518428;512;0000010000000001000000000000000100000000100100;0;0;0.0321135;233
32;0000000000000000000000000000000100011110000000;0.0518428;512;0000100000000000000000000010000100001100000000;0;0;0.0355349;269
33;0000000000000000000000000000000100011110000000;0.0518428;512;0000001000000000000010000000000100001100000000;0;0;0.0393431;306
34;0000000000000000000000000000000100011110000000;0.0518428;512;0000000000000000000100000000001100010100000000;0;0;0.0427362;337
35;0000000000000000000000000000000100011110000000;0.0518428;512;0000000000000010000000000000001000001110000000;0;0;0.0459083;345
36;0000000000000000000000000000000100011110000000;0.0518428;512;0000000000000000000000000000000110010110000000;0;0;0.0486432;368
37;0000000000000000000000000000000100011110000000;0.0518428;512;0000000000000000000000000001000100010110000000;0;0;0.0492497;371
38;0000000000000000000000000000000100011110000000;0.0518428;512;0000000000000000100000000000000100001110000000;0;0;0.0494621;375
39;0000000000000000000000000000000100011110000000;0.0518428;512;0000000000000000000000000001000100010110000000;0;0;0.0497915;378
40;0000000000000000000000000000000100011110000000;0.0518428;512;0000000000000000000000010000000100001110000000;0;0;0.0501489;378
41;0000000000000000000000000000000100011110000000;0.0518428;512;0000000000000000000100000000000100001110000000;0;0;0.0498102;377
42;0000000000000000000000000000000100011110000000;0.0518428;512;0000000000000000000000010000000100001110000000;0;0;0.0506722;387
43;0000000000000000000000000000000100011110000000;0.0518428;512;0000000000000000000100000000000100001110000000;0;0;0.0492832;375
44;0000000000000000000000000000000100011110000000;0.0518428;512;0000000000000000100000000000000100010110000000;0;0;0.0491938;373
45;0000000000000000000000000000000100011110000000;0.0518428;512;0000000000000010000000000000000100001110000000;0;0;0.049713;377
46;0000000000000000000000000000000100011110000000;0.0518428;512;0100000000000000000000000000000100001110000000;0;0;0.0493006;375
47;0000000000000000000000000000000100011110000000;0.0518428;512;0000000000000000000000000000000101010110000000;0;0;0.0501125;382
48;0000000000000000000000000000000100011110000000;0.0518428;512;0000000000000000000000000010000100010110000000;0;0;0.0497945;380
49;0000000000000000000000000000000100011110000000;0.0518428;512;0000000000000000000000000010000100001110000000;0;0;0.0501611;379
50;0000000000000000000000000000000100011110000000;0.0518428;512;0000000000000000000000001000000100010110000000;0;0;0.0497689;380
=============================================
geração;melhor;fitness;cobertura;pior;fitness;cobertura;média;ind_repetidos
0;0000000000000000010001000000010000000000011000;0.0486027;480;0100000000100000000010010000000001000000000000;0;0;0.000474635;1
1;0000000000000000001000000000000011100100000000;0.0204536;202;1000010001100000000000000000000000000000010000;0;0;0.000459953;1
2;0000000000000100000010000000000100010010000000;0.0211624;209;0000000001000001000000100000000010001000000000;0;0;0.000633101;5
3;0000000000000100000010000000000100010010000000;0.0211624;209;0010000100001000010000010000000000000000000000;0;0;0.001089;17
4;0000000000000000010100000000000000000100010010;0.0308829;305;0010000000000000000000001000000000011001000000;0;0;0.00164844;25
5;0000000000000000000000011110000000000100000000;0.0572094;565;0100000000000000100000000000010000100000010000;0;0;0.00252683;16
6;0000000000000000000000011110000000000000000100;0.0601458;594;0000000000000000000001100000001000100000100000;0;0;0.00341231;24
7;0000000000000000000000011110000000000000100000;0.0620697;613;0000010000000000000010100001010000000000000000;0;0;0.00364799;21
8;0000000000000000000000011110000000000000100000;0.0620697;613;0000000000000000000010011000001100000000000000;0;0;0.00500253;39
9;0000000000000000000000011110000000000000100000;0.0620697;613;0000000100000000000001000000010001000010000000;0;0;0.00627025;36
10;0000000000000000000000011110000000000000100000;0.0620697;613;0001000000000100000000000100101000000000000000;0;0;0.00635556;28
11;0000000000000000000000011110000000000000100000;0.0620697;613;0000000000001000000010000000101000000000000001;0;0;0.00760834;40
12;0000000000000000000000011110100000000000000000;0.0591333;584;0000000000001000000000010010000000010000000001;0;0;0.00809083;40
13;0000000000000000000000011110000000000000100000;0.0620697;613;0000000000000000010000010100000010010000000000;0;0;0.0099638;57
14;0000000000000000000000011110010000000000000000;0.0608546;601;0000000000001100000000000000010000100000000100;0;0;0.0122967;57
15;0000000000000000000000011110000000000000100000;0.0620697;613;0001000000000000000010100100000000000000100000;0;0;0.0131225;63
16;0000000000000000000000011110000000000000100000;0.0620697;613;0100010000100000000000000000110000000000000000;0;0;0.0136115;58
17;0000000000000000000000011110000000000000100000;0.0620697;613;0000000000000000000000001100010000001010000000;0;0;0.0153448;86
18;0000000000000000000000011110000000000000100000;0.0620697;613;0000000000000000000000000010101000010001000000;0;0;0.0187968;103
19;0000000000000000000000011110000000000000100000;0.0620697;613;0000000000000100001010000000000000100000000100;0;0;0.0196378;126
20;0000000000000000000000011110000000000000100000;0.0620697;613;0000000000000000000000010100000100001010000000;0;0;0.0206374;121
21;0000000000000000000000011110000000000000100000;0.0620697;613;0000000000000000000000000000100001001010100000;0;0;0.0229501;128
22;0000000000000000000000011110000000000000100000;0.0620697;613;0000000000000001000000000100000100010001000000;0;0;0.0240485;120
23;0000000000000000000000011110000000000000100000;0.0620697;613;0000000000000000000000000010000100001100000001;0;0;0.027118;140
24;0000000000000000000000011110000000000000100000;0.0620697;613;0000100000000000000000001100000000010010000000;0;0;0.0285799;149
25;0000000000000000000000011110000000000000100000;0.0620697;613;0000100000001000000000000100101000000000000000;0;0;0.0335981;171
26;0000000000000000000000011110000000000000100000;0.0620697;613;0000001000000000001100000000000000100000100000;0;0;0.0401519;216
27;0000000000000000000000011110000000000000100000;0.0620697;613;0000000001000000000001000100000100000000000100;0;0;0.0457463;233
28;0000000000000000000000011110000000000000100000;0.0620697;613;0001000100000000001000000000000000000001000100;0;0;0.0507328;273
29;0000000000000000000000011110000000000000100000;0.0620697;613;0000000100000000100000001110000000000000000000;0.000202511;2;0.0546807;299
30;0000000000000000000000011110000000000000100000;0.0620697;613;0000000000000000000010001110000000000000000010;0.000810045;8;0.0574078;328
31;0000000000000000000000011110000000000000100000;0.0620697;613;0010001000000000000000011100000000000000000000;0.000101256;1;0.0592822;359
32;0000000000000000000000011110000000000000100000;0.0620697;613;0000000000000000000000001111000000000000000001;0.00222762;22;0.0594959;373
33;0000000000000000000000011110000000000000100000;0.0620697;613;0000000000000000100000011100000000000000100000;0.00739166;73;0.0598027;378
34;0000000000000000000000011110000000000000100000;0.0620697;613;0000000000000000000000111100000000000000100000;0.00739166;73;0.0603682;384
35;0000000000000000000000011110000000000000100000;0.0620697;613;0000000000000000000010011100000000000000100000;0.00739166;73;0.0592962;372
36;0000000000000000000000011110000000000000100000;0.0620697;613;0000000000000000010000011100000000000000100000;0.00739166;73;0.0588046;370
37;0000000000000000000000011110000000000000100000;0.0620697;613;0000010000000000000000011100000000000000100000;0.00739166;73;0.0593359;376
38;0000000000000000000000011110000000000000100000;0.0620697;613;0000000000000000000010011100000000000000100000;0.00739166;73;0.0597632;380
39;0000000000000000000000011110000000000000100000;0.0620697;613;0000000000000000000000011100000000000000101000;0.00739166;73;0.0598725;381
40;0000000000000000000000011110000000000000100000;0.0620697;613;0100000000000000000000011100000000000000100000;0.00749291;74;0.0595136;377
41;0000000000000000000000011110000000000000100000;0.0620697;613;1000000000000000000000011100000000000000100000;0.00739166;73;0.0597067;379
42;0000000000000000000000011110000000000000100000;0.0620697;613;0000000000000001000000011100000000000000100000;0.00799919;79;0.0596619;382
43;0000000000000000000000011110000000000000100000;0.0620697;613;0000000000000000000000011100000000000100100000;0.00749291;74;0.0602897;385
44;0000000000000000000000011110000000000000100000;0.0620697;613;0000000000000000000000010110000000000000101000;0.00901175;89;0.0590223;374
45;0000000000000000000000011110000000000000100000;0.0620697;613;0000000000000010000010011000000000000000100000;0;0;0.0594361;373
46;0000000000000000000000011110000000000000100000;0.0620697;613;0000000000000000010000011100000000000000100000;0.00739166;73;0.0600561;378
47;0000000000000000000000011110000000000000100000;0.0620697;613;0000000000000000000000111100000000000000100000;0.00739166;73;0.0593746;374
48;0000000000000000000000011110000000000000100000;0.0620697;613;0000000000000000100000011100000000000000100000;0.00739166;73;0.0598245;379
49;0000000000000000000000011110000000000000100000;0.0620697;613;0000000010000000000000011100000000000000100000;0.00759417;75;0.0600561;380
50;0000000000000000000000011110000000000000100000;0.0620697;613;0001000000000000000000011100000000000000100000;0.00779668;77;0.060718;388
=============================================
geração;melhor;fitness;cobertura;pior;fitness;cobertura;média;ind_repetidos
0;0000000000000000000010000000000000011010000100;0.0286553;283;0000010010000000100000000000000001000001000000;0;0;0.000248076;1
1;0000000000000000000010000000000000011010000001;0.0289591;286;1000010000000000000000001001000000000000000001;0;0;0.000471851;2
2;0001000000000000000000000000001011000001000000;0.0314905;311;0000010101000000000000000000010100000000000000;0;0;0.000661705;3
3;0000000000000000000000100000001011000001000000;0.031288;309;0000011000001000010001000000000000000000000000;0;0;0.000966991;8
4;0000000000000000000000100000001011000001000000;0.031288;309;0000000000001010000000000000100000000001000001;0;0;0.00089029;3
5;0000000000000000000000100000001011000001000000;0.031288;309;0000000000100000000100000100000000000001100000;0;0;0.00110546;8
6;0000000000000000000000000000001011000001100000;0.0423248;418;0010000000000000000000010000000000110000000001;0;0;0.00137556;10
7;0000000000000000000000000000001011000001100000;0.0423248;418;1000000000000001001000000000000000010000000010;0;0;0.00176893;7
8;0000000000000000000000000000001011000001100000;0.0423248;418;0000000000100000001100000000000000000010010000;0;0;0.00232128;11
9;0000000000000000000000000000001011000001100000;0.0423248;418;0000000000000000001010000000100000001000000001;0;0;0.00330473;20
10;0000000000000000000000000000001011000001100000;0.0423248;418;0100000000001000000001000000000010010000000000;0;0;0.00423527;17
11;0000000000000000000000000000001011000001100000;0.0423248;418;0100000000000000000000000110000000001010000000;0;0;0.00496254;26
12;0000000000000000000000000000001011000001100000;0.0423248;418;0000000000000001000000000010000000010100000001;0;0;0.00488254;20
13;0000000000000000000000000000001011000001100000;0.0423248;418;0000000000000000001010001000000000001000100000;0;0;0.00559741;27
14;0000000000000000000000000000001011000001100000;0.0423248;418;0001000000000000001000000000000000001010000010;0;0;0.00634695;32
15;0000000000000000000000000000000000011100110000;0.0427299;422;0000000000000000100000000000001011000000100000;0;0;0.00708384;37
16;0000000000000000000000000000001011000001100000;0.0423248;418;0000000100000000001010000001000000000000100000;0;0;0.00773086;45
17;0000000000000000000000000000001011000001100000;0.0423248;418;0100000000000000000100000000110000010000000000;0;0;0.00902187;54
18;0000000000000000000000000000000100011110000000;0.0518428;512;0000010010000000000000000000000001010000100000;0;0;0.0102076;54
19;0000000000000000000000000000000100011110000000;0.0518428;512;0000000010000000010100000001000001000000000000;0;0;0.0135791;85
20;0000000000000000000000000000000100011110000000;0.0518428;512;0000000000000000001000000000011000001010000000;0;0;0.0140479;65
21;0000000000000000000000000000000100011110000000;0.0518428;512;1000100000000000000000100000000000010001000000;0;0;0.0138994;74
22;0000000000000000000000000000000100011110000000;0.0518428;512;0000000000001000000011000000100000000000100000;0;0;0.0147874;79
23;0000000000000000000000000000000100011110000000;0.0518428;512;0000000000000000000010000000000101000001100000;0;0;0.0175281;102
24;0000000000000000000000000000000100011110000000;0.0518428;512;0000000000000000000011100000000000001000001000;0;0;0.0187535;121
25;0000000000000000000000000000000100011110000000;0.0518428;512;0000000000000000000110000000000000001010100000;0;0;0.0203276;127
26;0000000000000000000000000000000100011110000000;0.0518428;512;0000000000000000000110000000001000000101000000;0;0;0.0217016;140
27;0000000000000000000000000000000100011110000000;0.0518428;512;0000000000000000100000000001000100010010000000;0;0;0.0228222;154
28;0000000000000000000000000000000100011110000000;0.0518428;512;0000000000000000000001000000000111000001000000;0;0;0.0256544;182
29;0000000000000000000000000000000100011110000000;0.0518428;512;0000000000000000000000001000000101000101000000;0;0;0.0291368;215
30;0000000000000000000000000000000100011110000000;0.0518428;512;0000000000000000001010000000000000010100000010;0;0;0.0323598;238
31;0000000000000000000000000000000100011110000000;0.0518428;512;0000000000100000000010000100001010000000000000;0;0;0.0343403;246
32;0000000000000000000000000000000100011110000000;0.0518428;512;0000000000000000000000000001000011001100000000;0;0;0.0382548;287
33;0000000000000000000000000000000100011110000000;0.0518428;512;1000000000000000000000000000000100010010010000;0;0;0.0421868;311
34;0000000000000000000000000000000100011110000000;0.0518428;512;0000000000000000000100000000000100001110000000;0;0;0.0467391;349
35;0000000000000000000000000000000100011110000000;0.0518428;512;0000000000000000000000100000000100001110000000;0;0;0.0486217;363
36;0000000000000000000000000000000100011110000000;0.0518428;512;0000000000000000000000000000000100110110000000;0;0;0.0496968;375
37;0000000000000000000000000000000100011110000000;0.0518428;512;0000000000000000000000000001000100001110000000;0;0;0.0501213;381
38;0000000000000000000000000000000100011110000000;0.0518428;512;0000000000000000000000000000000110010110000000;0;0;0.049916;380
39;0000000000000000000000000000000100011110000000;0.0518428;512;0000000000000000000000000000000110001110000000;0;0;0.0497353;377
40;0000000000000000000000000000000100011110000000;0.0518428;512;0000000000000000000000000000100100001110000000;0;0;0.0498717;381
41;0000000000000000000000000000000100011110000000;0.0518428;512;0000000000000000000000000010000100010110000000;0;0;0.0493647;376
42;0000000000000000000000000000000100011110000000;0.0518428;512;0000000000000000000000000000000100101110000000;0;0;0.0496019;378
43;0000000000000000000000000000000100011110000000;0.0518428;512;0000000000000010000000000000000100001110000000;0;0;0.0492865;377
44;0000000000000000000000000000000100011110000000;0.0518428;512;0000000000000000000000000010000100001110000000;0;0;0.0499436;380
45;0000000000000000000000000000000100011110000000;0.0518428;512;0000000000000010000000000000000100001110000000;0;0;0.0500684;383
46;0000000000000000000000000000000100011110000000;0.0518428;512;0000000000000010000000000000000100001110000000;0;0;0.0501482;388
47;0000000000000000000000000000000100011110000000;0.0518428;512;0100000000000000000000000000000100001110000000;0;0;0.0502593;381
48;0000000000000000000000000000000100011110000000;0.0518428;512;0000000000000000000000010000000100001110000000;0;0;0.0496986;378
49;0000000000000000000000000000000100011110000000;0.0518428;512;0000000000000000000000000010000100001110000000;0;0;0.0493318;375
50;0000000000000000000000000000000100011110000000;0.0518428;512;0000001000000000000000000000000100001110000000;0;0;0.0494477;376
=============================================
geração;melhor;fitness;cobertura;pior;fitness;cobertura;média;ind_repetidos
0;0000000000000000000000000000001101000101000000;0.0199473;197;0000000100000000010000100100000010000000000000;0;0;0.000210612;1
1;0001000000011000001000000000000000000000100000;0.00516403;51;0001000000000000000000000010001100000010000000;0;0;0.000115431;4
2;0000000000100000000010000100000000001010000000;0.00992305;98;0000001000100110000000000000000100000000000000;0;0;0.000186057;4
3;0000000000000000000000000001001011100000000000;0.0253139;250;0000000001101000000000000100000000000000000001;0;0;0.000306045;3
4;0000000000000000000000000001001011100000000000;0.0253139;250;1000000000000000001000100000001010000000000000;0;0;0.000486027;4
5;0000000000000010000000000000110000000000100100;0.0314905;311;0000000000000001000000000000001000010000101000;0;0;0.000715877;11
6;0000000000000010000000000000110000000000100100;0.0314905;311;0001000000000000001001000000000100000000010000;0;0;0.00089839;10
7;0000000000000000000101000000011000000000100000;0.0176185;174;0000001010001000000000100000000000010000000000;0;0;0.00119026;8
8;0000000000100000000000000000110001000000100000;0.0300729;297;0010000000000000010100000010000000000000000001;0;0;0.00203448;10
9;0001000000000000000000000000110001000000100000;0.0317943;314;0000000000000010000000000000110010000100000000;0;0;0.00286781;23
10;0000000000000000000100000010010000000000100100;0.0474889;469;0000000010000000000000001100000001000000000100;0;0;0.00380797;38
11;0000000000000000000100000000110000000000100100;0.0559943;553;0000100000000000000100000000110000000100000000;0;0;0.00540122;40
12;0000000000000000000100000010010000000000100100;0.0474889;469;0100000000000000000000001000011000000100000000;0;0;0.00737191;59
13;0000000000000000000100000000110001000000100000;0.0508303;502;0000000000000001011000010000010000000000000000;0;0;0.00957599;74
14;0000000000000000000100000000110000000000100100;0.0559943;553;0000000000000000101000000000011000000000001000;0;0;0.011595;99
15;0000000000000000000100000000110000000000100100;0.0559943;553;0000000110000000000000000000110100000000000000;0;0;0.0141494;108
16;0000000000000000000100000000110000000000100100;0.0559943;553;0000001000000000010100000000000000010000100000;0;0;0.0155275;120
17;0000000000000000000100000000110000000000100100;0.0559943;553;0000000000000000000100000000010000010001000100;0;0;0.0184763;145
18;0000000000000000000100000000110000000000100100;0.0559943;553;0001000100000000000000000000110000000100000000;0;0;0.0222243;186
19;0000000000000000000100000000110000000000100010;0.0567031;560;0000001000010000000000000000100000000000100001;0;0;0.02391;185
20;0000000000000000000100000000110000000000100010;0.0567031;560;1000000000000000000100000100100000000000100000;0;0;0.0256852;196
21;0000000000000000000100000000110000000000100010;0.0567031;560;0000000000000100000000000010000001000010100000;0;0;0.0275311;201
22;0000000000000000000100000000110000000000100010;0.0567031;560;0000010000010000000000000000100010000000100000;0.000101256;1;0.031274;235
23;0000000000000000000100000000110000000000100100;0.0559943;553;0000000000000000000000100001100001000000100000;0;0;0.0332601;256
24;0000000000000000000100000000110000000000100010;0.0567031;560;0000000010000010000100000000110000000000000000;0;0;0.0351923;270
25;0000000000000000000100000000110000000000100010;0.0567031;560;0000000000000000000000000110001000001000100000;0.000303767;3;0.0372872;277
26;0000000000000000000100000000110000000000100010;0.0567031;560;0000000000000000000100000000110000100000010000;0;0;0.0420804;317
27;0000000000000000000100000000110000000000100010;0.0567031;560;0000001000000000010000000000010001000000000100;0.000101256;1;0.043355;320
28;0000000000000000000100000000110000000000100100;0.0559943;553;0010000000000000000100000000100000000000100010;0.00121507;12;0.0473792;358
29;0000000000000000000100000000110000000000100100;0.0559943;553;0000000000000000000100000000010001100000100000;0.00617659;61;0.0489102;371
30;0000000000000000000100000000110000000000100100;0.0559943;553;0000000000000000000110000000010001000000100000;0.00617659;61;0.04926;378
31;0000000000000000000100000000110000000000100100;0.0559943;553;0000000000000000000000000001110001000000000010;0.0009113;9;0.0492096;375
32;0000000000000000000100000000110000000000100100;0.0559943;553;0000000000000001000100000000010000000000101000;0.00506278;50;0.0493437;375
33;0000000000000000000100000000110000000000100100;0.0559943;553;0000000000000000000100000000010000001000100100;0.00354395;35;0.048603;362
34;0000000000000000000100000000110000000000100100;0.0559943;553;0000000000000000000100000010100000000000100100;0.000202511;2;0.0491802;365
35;0000000000000000000100000000110000000000100100;0.0559943;553;0000000010000000000100000000010001000000000100;0.000101256;1;0.0495465;363
36;0000000000000000000100000000110000000000100010;0.0567031;560;0000000010000010000100000000100000000000100000;0;0;0.0502067;362
37;0000000000000000000100000000110000000000100010;0.0567031;560;0000000000000000000100000000100000000000110100;0.000202511;2;0.0505608;356
38;0000000000000000000100000000110000000000100010;0.0567031;560;0000000000000000000100000000100000000010100100;0.000202511;2;0.0528781;370
39;0000000000000000000100000000110000000000100010;0.0567031;560;0000000000000000000100000100110000000000000100;0.000202511;2;0.0536192;378
40;0000000000000000000100000000110000000000100010;0.0567031;560;0000000000000000000100001000110000000000000100;0.000202511;2;0.0538372;380
41;0000000000000000000100000000110000000000100010;0.0567031;560;0000000000000000000100000100110000000000000100;0.000202511;2;0.0539808;381
42;0000000000000000000100000000110000000000100010;0.0567031;560;0000000000000000000100100000110000000000000100;0.000202511;2;0.0524496;366
43;0000000000000000000100000000110000000000100010;0.0567031;560;0000000000000000000100000000110000010000000010;0.000202511;2;0.0527712;371
44;0000000000000000000100000000110000000000100010;0.0567031;560;0000000000000000000100000000100100000000100010;0.000202511;2;0.0533237;373
45;0000000000000000000100000000110000000000100010;0.0567031;560;0000000000000000000100100000100000000000100100;0.000202511;2;0.0535035;370
46;0000000000000000000100000000110000000000100010;0.0567031;560;0000000000000000000100001000110000000000000010;0.000202511;2;0.0536933;375
47;0000000000000000000100000000110000000000100010;0.0567031;560;0000000000000000000100010000100000000000100010;0.000202511;2;0.0536098;374
48;0000000000000000000100000000110000000000100010;0.0567031;560;0000000000000000000100000000110000000000001010;0.000202511;2;0.055079;385
49;0000000000000000000100000000110000000000100010;0.0567031;560;0000000000000000000100001000100000000000100010;0.000202511;2;0.0538578;377
50;0000000000000000000100000000110000000000100010;0.0567031;560;0000000000000000000100010000110000000000000010;0.000202511;2;0.0547031;382
=============================================
geração;melhor;fitness;cobertura;pior;fitness;cobertura;média;ind_repetidos
0;0100000000000000000000000000000011000101000000;0.019036;188;0000000000001000000000101000000010000000000001;0;0;0.000150111;1
1;0000000000100000000001000000000000011000000010;0.0183273;181;0000100000000010000000100000100001000000000000;0;0;0.000245545;4
2;0010000000000000010001000000000000011000000000;0.018226;180;1000000010000000000000100001000001000000000000;0;0;0.000295919;4
3;0010000000000000010001000000000000011000000000;0.018226;180;0001000000001000000001000000000001000000010000;0;0;0.000476154;3
4;0000000000000000100001000000000000011000010000;0.0189348;187;0000000000000000010000000001010000000110000000;0;0;0.000535389;6
5;0010000000000000010001000000000000000000011000;0.0486027;480;0000000000000001000000000000000000100010110000;0;0;0.000778908;7
6;0000000000000000010001000000000000000001011000;0.0486027;480;0000000000000000000101000110000000000000000010;0;0;0.000966991;10
7;0000000000000000010001000000000000000001011000;0.0486027;480;0001000000000000000100000100000000010000001000;0;0;0.00133835;18
8;0000000000000000010001000000000000000001011000;0.0486027;480;0000100000001000000000001000010000000010000000;0;0;0.00184437;14
9;0000000000000000000101000010010000000000100000;0.0217699;215;0000000000111000000000000000000000010000001000;0;0;0.00243925;13
10;0000000000000000010001000000000000011000001000;0.0222762;220;0100001000000000000000000010000001000000100000;0;0;0.00295438;21
11;0000000000000000000100000000111000000000100000;0.0306804;303;0000001000000000000000000000010010000000101000;0;0;0.00377329;26
12;0000000000000000000100000000111000000000100000;0.0306804;303;0000100000100010000000000000010000000000001000;0;0;0.00437424;20
13;0000000000000000000100000000110000000001100000;0.0337181;333;0000000000000000010000001100010000000000010000;0;0;0.00510531;25
14;0000000000000000000100000010011000000000100000;0.0392872;388;0000000000000000000010000011000000001001000000;0;0;0.00572347;28
15;0000000000000000000100000010011000000000100000;0.0392872;388;0000100000000001010001000000000000000000100000;0;0;0.0064958;43
16;0000000000000100000100000000110000000000100000;0.0485014;479;0000000001000000100000000000000000001000001010;0;0;0.00817715;48
17;0000000000000000000100000000110000000000100010;0.0567031;560;0000000000000000000000001100000000000000100011;0;0;0.00962789;65
18;0000000000000000000100000000110000000000100010;0.0567031;560;0000000010000000000000000000100000011000000010;0;0;0.0115603;78
19;0000000000000000000100000000110000000000100010;0.0567031;560;1000000100000000000100000000010000000000000100;0;0;0.0127858;71
20;0000000000000000000100000000110000000000100010;0.0567031;560;0000000000100000000100000000000000001100001000;0;0;0.0140069;80
21;0000000000000000000100000000110000000000100010;0.0567031;560;0000000000000100000000000000100001000000001010;0;0;0.0163077;103
22;0000000000000000000100000000110000000000100010;0.0567031;560;0000000000000000000000000010010000001100001000;0;0;0.0191396;135
23;0000000000000000000100000000110000000000100010;0.0567031;560;0100000000000000000010000000000000001100000010;0;0;0.0215606;162
24;0000000000000000000100000000110000000000100010;0.0567031;560;0001000000000000100100000010000000000000100000;0;0;0.024053;186
25;0000000000000000000100000000110000000000100010;0.0567031;560;0000000000000000000110000000010001000000000010;0;0;0.0270846;209
26;0000000000000000000100000000110000000000100010;0.0567031;560;1000000000000000000100000010000000000000100010;0;0;0.0286748;237
27;0000000000000000000100000000110000000000100010;0.0567031;560;0000100000000110000100000010000000000000000000;0;0;0.0310788;251
28;0000000000000000000100000000110000000000100010;0.0567031;560;0000000000000100000100000000100000010000100000;0;0;0.0328002;247
29;0000000000000000000100000000110000000000100010;0.0567031;560;0000000000000000000100000000100100000010100000;0;0;0.0346889;255
30;0000000000000000000100000000110000000000100010;0.0567031;560;0000000000000100000100000000001000000000110000;0;0;0.0374972;274
31;0000000000000000000100000000110000000000100010;0.0567031;560;1000000000000000000100100000100000000000100000;0;0;0.0396135;292
32;0000000000000000000100000000110000000000100010;0.0567031;560;0000000000000100000100000000100000000010100000;0;0;0.0411574;291
33;0000000000000000000100000000110000000000100010;0.0567031;560;0000000000000010000000000001100000000100100000;0;0;0.0419455;303
34;0000000000000000000100000000110000000000100010;0.0567031;560;0000000000000100000100010000000001000000100000;0;0;0.0432353;307
35;0000000000000000000100000000110000000000100010;0.0567031;560;0000000000000000000100000000100000000000101010;0.000202511;2;0.0473592;334
36;0000000000000000000100000000110000000000100010;0.0567031;560;0000000000000000000100000000100000000000110010;0.000202511;2;0.0505756;348
37;0000000000000000000100000000110000000000100010;0.0567031;560;0000000000000000000100100000100000000000100010;0.000202511;2;0.0527916;368
38;0000000000000000000100000000110000000000100010;0.0567031;560;0000000000000000000100001000110000000000000010;0.000202511;2;0.0548334;381
39;0000000000000000000100000000110000000000100010;0.0567031;560;0000000000000000000100000100110000000000000010;0.000202511;2;0.0541852;378
40;0000000000000000000100000000110000000000100010;0.0567031;560;0000000000000000000110000000110000000000000010;0.000202511;2;0.0544788;381
41;0000000000000000000100000000110000000000100010;0.0567031;560;1000000000000000000100000000110000000000000010;0.000202511;2;0.0536037;375
42;0000000000000000000100000000110000000000100010;0.0567031;560;1000000000000000000100000000100000000000100010;0.000202511;2;0.0548755;383
43;0000000000000000000100000000110000000000100010;0.0567031;560;0000000000000000000100010000100000000000100010;0.000202511;2;0.0542214;379
44;0000000000000000000100000000110000000000100010;0.0567031;560;1000000000000000000100000000110000000000000010;0.000202511;2;0.0536333;375
45;0000000000000000000100000000110000000000100010;0.0567031;560;0000000000000000000100010000110000000000000010;0.000202511;2;0.0541497;378
46;0000000000000000000100000000110000000000100010;0.0567031;560;0000000000000000000100010000100000000000100010;0.000202511;2;0.0544203;379
47;0000000000000000000100000000110000000000100010;0.0567031;560;0000000000000000000100001000100000000000100010;0.000202511;2;0.0537143;373
48;0000000000000000000100000000110000000000100010;0.0567031;560;0000000000000000000100000000100000000100100010;0.000202511;2;0.0536022;372
49;0000000000000000000100000000110000000000100010;0.0567031;560;0000000000000000000100000000110000010000000010;0.000202511;2;0.0546368;384
50;0000000000000000000100000000110000000000100010;0.0567031;560;0000000010000000000100000000100000000000100010;0.000405022;4;0.0549301;382
=============================================
geração;melhor;fitness;cobertura;pior;fitness;cobertura;média;ind_repetidos
0;0000000000000000010000000000010000000100001010;0.0303767;300;0000000010000000100000000100000000011000000000;0;0;0.000317689;1
1;0000000000000001000001000000000000001100010000;0.0213649;211;0100000000001000100000000000000001000000000001;0;0;0.000375658;1
2;0000000000000000010011000000000000001000010000;0.0214662;212;0000010000010011000001000000000000000000000000;0;0;0.000618672;3
3;0001000000000000000000000010011000000000100000;0.0237951;235;0000000101000000010000000000000010000000100000;0;0;0.0009032;6
4;0000000001000000000000000010011000000000100000;0.022985;227;0001010100000000000010000000000000000000100000;0;0;0.00133683;12
5;0000000000100000000000000000000100011100000000;0.0354395;350;0000000000000000001010000010000000100001000000;0;0;0.00216029;16
6;0000000000000000000000000000000100011100000010;0.035642;352;0000001000001000000000010000001000010000000000;0;0;0.00317462;23
7;0000000000000100000100000000110000000000100000;0.0485014;479;1000000000010100000000000000001000000010000000;0;0;0.00449853;31
8;0000000000000000001000000000000100011100000000;0.0375658;371;0000000010000000000000000110001000000000000100;0;0;0.00553007;32
9;0000000000000000000001000000000000010100010010;0.0346294;342;0000000000001100000000000000011000001000000000;0;0;0.00692031;54
10;0000000000000000010101000000000000000000010010;0.0448562;443;0000000000000000100000000010010000000000010010;0;0;0.00872823;75
11;0000000100000000000100000000110000000000100000;0.0353382;349;0000001000000000100000000010000000000000100010;0;0;0.00959954;83
12;0000000000000000000000000000110001000000100010;0.0450587;445;0000000000000000001001000000011000001000000000;0;0;0.0108769;83
13;0000000000000000000100000000110000000000100100;0.0559943;553;0001000000000000001000000000100011000000000000;0;0;0.0123714;97
14;0000000000000000000100000000110000000000100010;0.0567031;560;1000000000000100000000000000010000001010000000;0;0;0.0136786;122
15;0000000000000000000100000000110001000000100000;0.0508303;502;0000000000000000001000000000000000001001100100;0;0;0.0152787;128
16;0000000000000000000100000000110001000000100000;0.0508303;502;0000000000000000000010000100000000001010100000;0;0;0.0171978;158
17;0000000000000000000100000000110001000000100000;0.0508303;502;0000000000000001000000000000110000001010000000;0;0;0.0194059;176
18;0000000000000000000100000000110001000000100000;0.0508303;502;0010000000000000010001000000100000010000000000;0;0;0.0213917;189
19;0000000000000000000100000000110000000000100010;0.0567031;560;0000000000000100000000000000100001001010000000;0;0;0.0231609;194
20;0000000000000000000100000000110000000000100010;0.0567031;560;0000100000000011000000000000001100000000000000;0;0;0.0263837;230
21;0000000000000000000100000000110000000000100010;0.0567031;560;1000000000000000000000000010101000000000100000;0;0;0.0298552;260
22;0000000000000000000100000000110000000000100010;0.0567031;560;0000000000000000000100000100000000001010000001;0;0;0.032177;272
23;0000000000000000000100000000110000000000100010;0.0567031;560;0000000000000000000000101000000000011010000000;0;0;0.0356604;293
24;0000000000000000000100000000110000000000100010;0.0567031;560;0000000000000000000110000100110000000000000000;0;0;0.0371802;292
25;0000000000000000000100000000110000000000100010;0.0567031;560;0000000000000100000100000000110000000100000000;0;0;0.039609;309
26;0000000000000000000100000000110000000000100010;0.0567031;560;0000000000000100000100000100010000000000000010;0.000708789;7;0.0429046;331
27;0000000000000000000100000000110000000000100010;0.0567031;560;0000000001000000000100000010000000000000100010;0.00131632;13;0.0460699;343
28;0000000000000000000100000000110000000000100010;0.0567031;560;0000000000000000000000100000100001000000100010;0.000607533;6;0.0471467;349
29;0000000000000000000100000000110000000000100010;0.0567031;560;0000001000000000000100000000110100000000000000;0;0;0.0488167;360
30;0000000000000000000100000000110000000000100010;0.0567031;560;0000100000000000000100000000100000000000100100;0.00283516;28;0.0489618;354
31;0000000000000000000100000000110000000000100010;0.0567031;560;0000000000000000000100000000010001010000000100;0.000101256;1;0.0497087;352
32;0000000000000000000100000000110000000000100010;0.0567031;560;0000000000000000000100001000100000000000100010;0.000202511;2;0.0500093;351
33;0000000000000000000100000000110000000000100010;0.0567031;560;0000000000000000000100000000100000000100100100;0.000202511;2;0.0513533;355
34;0000000000000000000100000000110000000000100010;0.0567031;560;0000000000000000000100000000110000000100000010;0.000202511;2;0.0532427;368
35;0000000000000000000100000000110000000000100010;0.0567031;560;0100000000000000000100000000110000000000000010;0.000202511;2;0.0535809;373
36;0000000000000000000100000000110000000000100010;0.0567031;560;0100000000000000000100000000110000000000000010;0.000202511;2;0.0541654;378
37;0000000000000000000100000000110000000000100010;0.0567031;560;0000000000000000000100000100100000000000100010;0.000202511;2;0.0546886;383
38;0000000000000000000100000000110000000000100010;0.0567031;560;0000000000000000000100000000110000000100000010;0.000202511;2;0.0541401;379
39;0000000000000000000100000000110000000000100010;0.0567031;560;0000000000000000000100000000110000000010000010;0.000202511;2;0.0540631;379
40;0000000000000000000100000000110000000000100010;0.0567031;560;0000000000000000000100100000100000000000100010;0.000202511;2;0.054674;385
41;0000000000000000000100000000110000000000100010;0.0567031;560;0000000000000000000100000000100000000010100010;0.000202511;2;0.0546076;386
42;0000000000000000000100000000110000000000100010;0.0567031;560;0000000000000000000100000000100000010000100010;0.000202511;2;0.05542;389
43;0000000000000000000100000000110000000000100010;0.0567031;560;0000000000000000000100000000110000010000000010;0.000202511;2;0.0543034;383
44;0000000000000000000100000000110000000000100010;0.0567031;560;0000000000000000000100000000100000000000100011;0.000810045;8;0.0542107;378
45;0000000000000000000100000000110000000000100010;0.0567031;560;0000000000000000100100000000110000000000000010;0.000405022;4;0.0548499;384
46;0000000000000000000100000000110000000000100010;0.0567031;560;0000000000000000000100000000110000001000000010;0.000202511;2;0.0547309;383
47;0000000000000000000100000000110000000000100010;0.0567031;560;0000000000000000000100001000110000000000000010;0.000202511;2;0.0538371;375
48;0000000000000000000100000000110000000000100010;0.0567031;560;0100000000000000000100000000110000000000000010;0.000202511;2;0.0534746;374
49;0000000000000000000100000000110000000000100010;0.0567031;560;0000000000000000000100000000110000000010000010;0.000202511;2;0.0544089;378
50;0000000000000000000100000000110000000000100010;0.0567031;560;0000000000000000000100000000110000000000010010;0.000202511;2;0.0545598;381
=============================================
geração;melhor;fitness;cobertura;pior;fitness;cobertura;média;ind_repetidos
0;0000001000000000000000000000000000011100000010;0.017821;176;0001000001000000010000100000000000000010000000;0;0;0.000135936;1
1;0000000000000000000001000000000000011100000010;0.0210612;208;0000000000000100010000001000000000001010000000;0;0;0.000212637;4
2;0000000000000000000001000000000000011100000010;0.0210612;208;0000000000100000000100000100000000000000100001;0;0;0.000258708;6
3;0000000000000001000001000000000000001100000010;0.0203524;201;0100000000000101000000000000010000000010000000;0;0;0.000351104;4
4;0000000000010000000001000000000000001100000010;0.0203524;201;0000001000000000100010000000000100000010000000;0;0;0.000512606;7
5;0100000000000000000001000000000000001100000010;0.0203524;201;0000000010010001000000000000000101000000000000;0;0;0.000693348;11
6;0000000000000000010001000010010000000000100000;0.0124544;123;0000011000100000000000000000110000000000000000;0;0;0.000769795;11
7;0000000000000000000011000000000100010010000000;0.0163021;161;0000000100000000000001000010010000000000001000;0;0;0.00118292;11
8;0000000000000100000100000010010000000000100000;0.0389834;385;0000000000000100000000010000000011000010000000;0;0;0.00169856;11
9;0000000000000100000100000010010000000000100000;0.0389834;385;0000000001000000000010000000010011000000000000;0;0;0.00240583;23
10;0000000000000000010001000000010000000000001010;0.0591333;584;0000001000100100000000000000000000010000001000;0;0;0.00290198;24
11;0000000000000000010001000000010000000000001010;0.0591333;584;0000000000010000010001000010000000010000000000;0;0;0.00378392;28
12;0000000000000110000000000000110000000000100000;0.036452;360;0000000000000001011001000000000000000000000010;0;0;0.00438462;37
13;0000000000000001000000000000110001000000100000;0.037262;368;0000000000000001010000100000000001000000100000;0;0;0.00573005;43
14;0000000000000000010001000000000000000100001010;0.0619684;612;0000000000110000000000000000100010000000100000;0;0;0.00741545;65
15;0000000000000010000000000000110001000000100000;0.0395909;391;0000000100000000011001000000100000000000000000;0;0;0.00929147;80
16;0000000000000000010001000000000000000000111000;0.0486027;480;0000001000000000011001000000010000000000000000;0;0;0.0115695;96
17;0000000000000000000100000000110001000000100000;0.0508303;502;0000000000001000010000010000000100000000000010;0;0;0.0130703;109
18;0000000000000000000100000000110000000000100010;0.0567031;560;0000000001000010000000000010110000000000000000;0;0;0.0152726;121
19;0000000000000000000100000000110001000000100000;0.0508303;502;0000000000000000100001000000000000000100000110;0;0;0.017923;150
20;0000000000000000000100000000110000000000100010;0.0567031;560;0000000000000000001000100000010000000010100000;0;0;0.0215765;171
21;0000000000000000000100000000110000000000100010;0.0567031;560;0000000000000000000100000010010001000000001000;0;0;0.0267788;211
22;0000000000000000000100000000110000000000100010;0.0567031;560;0000000010000000000000001000110001000000000000;0;0;0.0314031;240
23;0000000000000000000100000000110000000000100010;0.0567031;560;0000000000000000010000000000000000000101101000;0;0;0.0349237;260
24;0000000000000000000100000000110000000000100010;0.0567031;560;0000000000000000000110000000010000000000110000;0.00101256;10;0.0392138;284
25;0000000000000000000100000000110000000000100010;0.0567031;560;0000000000000010100100000000110000000000000000;0;0;0.0432641;326
26;0000000000000000000100000000110000000000100010;0.0567031;560;0000100000000000000100000000110000000000000100;0.00162009;16;0.0472994;357
27;0000000000000000000100000000110000000000100010;0.0567031;560;0000000000000000000100000000010001100000100000;0.00617659;61;0.0485935;366
28;0000000000000000000100000000110000000000100010;0.0567031;560;0010001000000000000100000000010000000000100000;0.00253139;25;0.0485099;368
29;0000000000000000000100000000110000000000100010;0.0567031;560;0000000000000000000100000000110000001000000100;0.000202511;2;0.0483752;359
30;0000000000000000000100000000110000000000100010;0.0567031;560;0000000000000000000100000000010001100000000100;0.000303767;3;0.048617;358
31;0000000000000000000100000000110000000000100010;0.0567031;560;1000000000000000000100000000100000000000100010;0.000202511;2;0.0483214;351
32;0000000000000000000100000000110000000000100010;0.0567031;560;0001000010000000000100000000100000000000100000;0.000101256;1;0.0485076;346
33;0000000000000000000100000000110000000000100010;0.0567031;560;0000000000000000000100000001100001000000000100;0;0;0.0485238;342
34;0000000000000000000100000000110000000000100010;0.0567031;560;0000000000000000000100000000110000001000000010;0.000202511;2;0.0505311;344
35;0000000000000000000100000000110000000000100010;0.0567031;560;0000000000000000000100000000110000000100000010;0.000202511;2;0.0524663;363
36;0000000000000000000100000000110000000000100010;0.0567031;560;0000000000001000000100000000000000000000101010;0.000101256;1;0.0537257;375
37;0000000000000000000100000000110000000000100010;0.0567031;560;0000000000000000000100000010100000000000100010;0.000202511;2;0.0534384;373
38;0000000000000000000100000000110000000000100010;0.0567031;560;0000000000000000000100010000100000000000100010;0.000202511;2;0.0543406;378
39;0000000000000000000100000000110000000000100010;0.0567031;560;0000000000000000000100000000100000001000100010;0.000202511;2;0.0537829;376
40;0000000000000000000100000000110000000000100010;0.0567031;560;0000000000000000000100000000110000001000000010;0.000202511;2;0.0532093;371
41;0000000000000000000100000000110000000000100010;0.0567031;560;0000000000000000000100000100100000000000100010;0.000202511;2;0.0540085;378
42;0000000000000000000100000000110000000000100010;0.0567031;560;0000000000000000000100001000100000000000100010;0.000202511;2;0.0548593;383
43;0000000000000000000100000000110000000000100010;0.0567031;560;0000000000000000000100001000110000000000000010;0.000202511;2;0.0543408;380
44;0000000000000000000100000000110000000000100010;0.0567031;560;0000000000000000000110000000110000000000000010;0.000202511;2;0.0545464;381
45;0000000000000000000100000000110000000000100010;0.0567031;560;0000000000000000000100000000100000001000100010;0.000202511;2;0.0543013;380
46;0000000000000000000100000000110000000000100010;0.0567031;560;0000000000000000000100000000100000000010100010;0.000202511;2;0.0535538;375
47;0000000000000000000100000000110000000000100010;0.0567031;560;0000000000000000000100000100100000000000100010;0.000202511;2;0.0537227;374
48;0000000000000000000100000000110000000000100010;0.0567031;560;0000000000000000000100000000100000001000100010;0.000202511;2;0.0547449;381
49;0000000000000000000100000000110000000000100010;0.0567031;560;0000000000000000000100001000110000000000000010;0.000202511;2;0.0545704;381
50;0000000000000000000100000000110000000000100010;0.0567031;560;0100000000000000000100000000110000000000000010;0.000202511;2;0.0546745;382
=============================================
geração;melhor;fitness;cobertura;pior;fitness;cobertura;média;ind_repetidos
0;0000000000000000010001000000000000000100000110;0.0300729;297;0000000000000000000011000010000000010000001000;0;0;0.000260986;1
1;0000000000000000010001000000000000000100001010;0.0619684;612;1000100000000000010000000000000100010000000000;0;0;0.000609052;4
2;0000000000000000010001000000000001000000011000;0.0486027;480;1000000000100000010000010001000000000000000000;0;0;0.000682716;7
3;0000000000000100010001000000000000000100000010;0.0300729;297;0000000000000000000100000001000000101010000000;0;0;0.000566525;10
4;0000000000000000010001100000000000000100001000;0.0333131;329;0000000000000000001000000010100000100000010000;0;0;0.000900162;10
5;0000000000000000000000000000000100011010000010;0.0339206;335;0000000000000001000000100010110000000000000000;0;0;0.00149225;7
6;0000000000000000000001000000000100000100001010;0.0347307;343;0001000000000100000000000000000010000100000010;0;0;0.00193069;9
7;0000000000000000000001000000000100000100001010;0.0347307;343;0001000000000000001000010100000000010000000000;0;0;0.0029035;14
8;0000000000000000000001000000000100000100001010;0.0347307;343;0000000000000010010001000000010000010000000000;0;0;0.00350344;9
9;0000000000000000001010000000000000011010000000;0.0337181;333;0100000000000000000000000000100001000110000000;0;0;0.00393327;12
10;0000000000000000010001000000000100000000001010;0.0596395;589;0000000000000000000000100000011000001001000000;0;0;0.00523517;27
11;0000000000000000010001000000000100000000001010;0.0596395;589;0000000000100000000000100001010000000100000000;0;0;0.00652516;42
12;0000000000000000010000000000000100011010000000;0.0339206;335;0000000000000001000001000000100000000100000010;0;0;0.00723851;42
13;0000000000000000010001000000000100000000001010;0.0596395;589;0100000000000000001000000000011000010000000000;0;0;0.00923654;48
14;0000000000000000010001000000000000010100001000;0.0349332;345;0000000000010000010001000000000000001010000000;0;0;0.0108974;51
15;0000000000000000010001000000000100000000001010;0.0596395;589;0100000000000000010001000000000000001010000000;0;0;0.0127721;47
16;0000000000000000010001000000000000010000001010;0.0603483;596;0000000010000000000001000000010000000100001000;0;0;0.0132673;53
17;0000000000000000010001000000000000000000011010;0.0635885;628;0000000000000000000001000000000001000110010000;0;0;0.0152914;71
18;0000000000000000010001000000000000000000011010;0.0635885;628;0000000100000000000001000000000000000110001000;0;0;0.0178587;78
19;0000000000000000010001000000000000000000011010;0.0635885;628;0000000000000000000001000011000000001000001000;0;0;0.0210201;106
20;0000000000000000010001000000000000000000011010;0.0635885;628;0000000000000001000000000010000100000100001000;0;0;0.0234791;103
21;0000000000000000010001000000000000000000011010;0.0635885;628;0000000000010000000001000000000000001010001000;0;0;0.0280645;121
22;0000000000000000010001000000000000000000011010;0.0635885;628;0000001000000000010000000000000000000110001000;0;0;0.033367;144
23;0000000000000000010001000000000000000000011010;0.0635885;628;0000000001000000010001000000000000001010000000;0;0;0.0369648;166
24;0000000000000000010001000000000000000000011010;0.0635885;628;1010000000000000000000000000000000000000011010;0;0;0.0431587;200
25;0000000000000000010001000000000000000000011010;0.0635885;628;0000000000000001010000001000000000000000001010;0;0;0.0505195;248
26;0000000000000000010001000000000000000000011010;0.0635885;628;0000010000010000010000000000000000000000011000;0;0;0.0550158;278
27;0000000000000000010001000000000000000000011010;0.0635885;628;0000000000000001010000000000000000000000001110;0;0;0.0578075;297
28;0000000000000000010101000000000000000000001010;0.0643985;636;0000000000000100010001000000000000000010000010;0.000607533;6;0.0605223;326
29;0000000000000000010101000000000000000000001010;0.0643985;636;1000000000000000010000000100000000000000001010;0;0;0.0611891;341
30;0000000000000000010101000000000000000000001010;0.0643985;636;0000000000000001010000000000000000100000011000;0.00384771;38;0.0623166;366
31;0000000000000000010001000000000000000000011010;0.0635885;628;0000000000000000010001001000000000000000010010;0.044755;442;0.0628381;378
32;0000000000000000010001000000000000000000011010;0.0635885;628;0000100000000000000001000000010000000000001010;0;0;0.0631127;390
33;0000000000000000010101000000000000000000001010;0.0643985;636;0000000000000000010001000000000001000000010010;0.044755;442;0.0629358;382
34;0000000000000000010101000000000000000000001010;0.0643985;636;0000000001000000010001000000000000000000010010;0.044755;442;0.0626963;375
35;0000000000000000010101000000000000000000001010;0.0643985;636;0100000000000000000001000000010000000000001010;0;0;0.0626429;376
36;0000000000000000010001000000000000000000011010;0.0635885;628;0000100000000000000101000000000000000000001010;0.0173147;171;0.0628355;381
37;0000000000000000010001000000000000000000011010;0.0635885;628;0100000000000000010001000000000000000000010010;0.044755;442;0.0630125;382
38;0000000000000000010001000000000000000000011010;0.0635885;628;0000000000000000010001000000000000000000010110;0.044755;442;0.0627426;378
39;0000000000000000010001000000000000000000011010;0.0635885;628;0000000000000100010001000000000000000000010010;0.044755;442;0.0627905;379
40;0000000000000000010001000000000000000000011010;0.0635885;628;0000000000000000010001000000000000000000010110;0.044755;442;0.0627943;379
41;0000000000000000010001000000000000000000011010;0.0635885;628;0000100000000000010001000000000000000000010010;0.044755;442;0.0625632;375
42;0000000000000000010001000000000000000000011010;0.0635885;628;0000000000000000010001000000000000000000010011;0.044755;442;0.062972;382
43;0000000000000000010001000000000000000000011010;0.0635885;628;0000000000000000010001000000000000000000010011;0.044755;442;0.0628649;380
44;0000000000000000010001000000000000000000011010;0.0635885;628;0000000000000000010001000100000000000000010010;0.044755;442;0.0629786;383
45;0000000000000000010001000000000000000000011010;0.0635885;628;0000000000000000010011000000000000000000010010;0.044755;442;0.0627477;376
46;0000000000000000010001000000000000000000011010;0.0635885;628;0000000000000000010001000100000000000000010010;0.044755;442;0.0631704;390
47;0000000000000000010001000000000000000000011010;0.0635885;628;0000000000001000010001000000000000000000010010;0.044755;442;0.0628945;383
48;0000000000000000010001000000000000000000011010;0.0635885;628;0000000000000000010001000000000001000000010010;0.044755;442;0.0626897;375
49;0000000000000000010001000000000000000000011010;0.0635885;628;0000000000000000010001010000000000000000010010;0.044755;442;0.0628464;382
50;0000000000000000010001000000000000000000011010;0.0635885;628;0010000000000000010001000000000000000000010010;0.044755;442;0.0629246;381
=============================================
geração;melhor;fitness;cobertura;pior;fitness;cobertura;média;ind_repetidos
0;0000000100000000010000000000000000011000010000;0.0183273;181;0000000000010000010000000000000110000000000100;0;0;0.000203271;1
1;0000000000000010000101000000000000000000001010;0.0207574;205;0000000010001010000000100000000100000000000000;0;0;0.00034756;4
2;0000000000001000000001000000000000011000001000;0.018631;184;0001000000000000100000001000000000000000010001;0;0;0.000413376;11
3;0000000000000000000001000000000001000100001010;0.032503;321;0010000000000000000000010000010010100000000000;0;0;0.000776883;8
4;0000000000000000000001000000000001000100001010;0.032503;321;0000000000000001000000000001000100100001000000;0;0;0.000964966;17
5;0000000000000000000001000000000001000100001010;0.032503;321;0100000000000000010000000000000000010000010100;0;0;0.00116393;7
6;0000000000001000010001000000000000001000010000;0.0214662;212;0001000010000000000000100010000000000000000001;0;0;0.00136341;13
7;0000000000000000000000010110101000000000000000;0.0308829;305;0000000000001000000001000011000000010000000000;0;0;0.0018183;21
8;0000000000000000000000010110101000000000000000;0.0308829;305;0000000000010000000000001100000010000000000100;0;0;0.00249443;21
9;0000000000000000000000010110101000000000000000;0.0308829;305;0000000000000001001000001010000000000001000000;0;0;0.00298628;27
10;0000000000000000000000011110000100000000000000;0.0577157;570;0000000000000000000000010010001000000000010100;0;0;0.00409351;43
11;0000000000000000000000011110000100000000000000;0.0577157;570;0000000000000000000000010000000010110000010000;0;0;0.00475116;46
12;0000000000000000000000000000110001000001100000;0.037262;368;0001000000000000000000000000000010001000001010;0;0;0.00572195;51
13;0000000000000000000000000000011011000001000000;0.0406035;401;1000000000000000000000000010100001000000100000;0;0;0.0067302;46
14;0000000000000000000000000110011000000000100000;0.0335156;331;1000000000000100001000000000010000000000100000;0;0;0.00759037;48
15;0000000000000000000000011110000000000000100000;0.0620697;613;0001100000000000000000000110000000010000000000;0;0;0.00880468;54
16;0000000000000000000000000000110001000001100000;0.037262;368;0010000000100100000100000000100000000000000000;0;0;0.00957776;66
17;0000000000000100000000000000110001000000100000;0.041616;411;0000000000000010000000010100000001000000100000;0;0;0.0117396;88
18;0000000000000000000000011110010000000000000000;0.0608546;601;0000000000010001000010000000000000010100000000;0;0;0.0122737;80
19;0000000000000000000000011110000000010000000000;0.0581207;574;0000000000000000000000001000010001000001001000;0;0;0.0138558;104
20;0000000000000000000000011110000000010000000000;0.0581207;574;0000000010000000000000000100010000110000000000;0;0;0.0157984;117
21;0000000000000000000000011110000000010000000000;0.0581207;574;0000000100000100000000000000001100000000100000;0;0;0.0181901;140
22;0000000000000000000000011110000000010000000000;0.0581207;574;0000000000000000000000001010101000000000100000;0;0;0.0208556;162
23;0000000000000000000000011110000000010000000000;0.0581207;574;0000000100000001000000000000100100000000100000;0;0;0.0226321;157
24;0000000000000000000000011110000000000000100000;0.0620697;613;0000000000000000000100000000101100010000000000;0;0;0.0275273;199
25;0000000000000000000000011110000000000000100000;0.0620697;613;0100000000000000000100000010000000010001000000;0;0;0.0296253;214
26;0000000000000000000000011110000000000000100000;0.0620697;613;0000000000000000000000000110001000001010000000;0;0;0.0324371;240
27;0000000000000100000000011110000000000000000000;0.059032;583;0000000000000000000001000110000001000000100000;0;0;0.0355922;259
28;0000000000000000000000011110000000000000100000;0.0620697;613;0000000000000000000100100000110000100000000000;0;0;0.0404107;275
29;0000000000000000000000011110000000000000100000;0.0620697;613;0001000010000000000000000001010001000000000000;0;0;0.0428588;296
30;0000000000000000000000011110000000000000100000;0.0620697;613;0000000001000000100000011100000000000000000000;0;0;0.0444728;312
31;0000000000000000000000011110000000000000100000;0.0620697;613;0000000010000010000000010000000101000000000000;0;0;0.0454429;318
32;0000000000000000000000011110000000000000100000;0.0620697;613;0000000000000000000110010000110000000000000000;0;0;0.0454563;320
33;0000000000000000000000011110000000000000100000;0.0620697;613;0000000000000100000100000100001000000100000000;0;0;0.0432844;292
34;0000000000000000000000011110000000000000100000;0.0620697;613;1000000000000000000100000000100011000000000000;0;0;0.0434064;281
35;0000000000000000000000011110000000000000100000;0.0620697;613;0000000100000000100000011100000000000000000000;0;0;0.0431553;284
36;0000000000000000000000011110000000000000100000;0.0620697;613;0000000000000000000100100000001000010000100000;0;0;0.0416137;264
37;0000000000000000000000011110000000000000100000;0.0620697;613;0001000000000000000100100010100000000000000000;0;0;0.0396023;240
38;0000000000000000000000011110000000000000100000;0.0620697;613;0000000000000000000000101100100000000000100000;0;0;0.039231;222
39;0000000000000000000000011110000000000000100000;0.0620697;613;0000000100000000000000010100100000000000100000;0;0;0.0418811;221
40;0000000000000000000000011110000000000000100000;0.0620697;613;0000000000000100000100000000110000000100000000;0;0;0.0414981;214
41;0000000000000000000000011110000000000000100000;0.0620697;613;0000000000000000010000001100000000000000010100;0;0;0.0456242;219
42;0000000000000000000000011110000000000000100000;0.0620697;613;0000000000000000000000001100000001100000100000;0;0;0.0492578;250
43;0000000000000000000000011110000000000000100000;0.0620697;613;0000001000000000000000001010101000000000000000;0;0;0.0517117;281
44;0000000000000000000000011110000000000000100000;0.0620697;613;1000000000000000000000001100000000000010100000;0.000303767;3;0.0561998;316
45;0000000000000000000000011110000000000000100000;0.0620697;613;0000000000010000000000010100000000000000100010;0.000607533;6;0.0576525;336
46;0000000000000000000000011110000000000000100000;0.0620697;613;0000000100000000000000001110000000000000000100;0.00435399;43;0.0583383;357
47;0000000000000000000000011110000000000000100000;0.0620697;613;0000000100000000000000011100000000000000100000;0.00891049;88;0.059629;374
48;0000000000000000000000011110000000000000100000;0.0620697;613;0000000000000000000010010110000000000000100000;0.00901175;89;0.0595576;374
49;0000000000000000000000011110000000000000100000;0.0620697;613;0100000000000000000000011100000000000000100000;0.00749291;74;0.0605603;387
50;0000000000000000000000011110000000000000100000;0.0620697;613;0000000000000000000000011100000000000001100000;0.00739166;73;0.0606552;386
=============================================
