geração;melhor;fitness;cobertura;pior;fitness;cobertura;média;ind_repetidos
0;0010001110000111100000001111000000100000000;0.707928;9322;0110101000011000000000010000111001001100000;0.0256683;338;0.175289;1
1;0010001110000111100000001111000000100000000;0.707928;9322;1100001000010001000000101001101010100010000;0.0615128;810;0.221874;1
2;0010011110000110100000001111000000100000000;0.714231;9405;1001001001011001000000000000001110001011000;0.0407047;536;0.251379;1
3;0010011110000110100000001111000000100000000;0.714231;9405;0001001100100101001000000000010101000100101;0.0854344;1125;0.291489;1
4;0000011110000110100100001111000000100000000;0.737849;9716;0100011001000101010101000001000100001001000;0.112242;1478;0.328718;1
5;0000011110000110100100001111000000100000000;0.737849;9716;1001000101010000100101100101000001000000001;0.0953068;1255;0.355526;1
6;0000011110000010011010000101100000110000000;0.766252;10090;1110001000000010000010100001001100010100010;0.162287;2137;0.384576;2
7;0000011110000111100000001111000000100000000;0.770504;10146;0000001100000001011100100010010001010000101;0.142163;1872;0.395028;1
8;0000011110000111100000001111000000100000000;0.770504;10146;0000101100000100100011000010010100100010100;0.108673;1431;0.403532;1
9;0000011110000111100000001111000000100000000;0.770504;10146;0100010110001000100001000110000101000000011;0.108673;1431;0.416822;3
10;0000011110000111100000001111000000100000000;0.770504;10146;0000011100110000000101000011000000100001101;0.142315;1874;0.432965;1
11;0000011110000111100000001111000000100000000;0.770504;10146;0000101100011000000111000100100100100010000;0.1613;2124;0.449255;1
12;0000011110000111100000001111000000100000000;0.770504;10146;0100000110100000100001011011000101000000001;0.169806;2236;0.467945;1
13;0000011110000111100000001111000000100000000;0.770504;10146;0100011100000110100000001001000010010100100;0.146871;1934;0.477153;2
14;0000011110000111100000001111000000100000000;0.770504;10146;0001001000100110000001000000010101011100100;0.167983;2212;0.484106;1
15;0000011110000111100000001111000000100000000;0.770504;10146;0000001011000000101000100010010010011101000;0.191297;2519;0.507173;2
16;0000011110000111100000001111000000100000000;0.770504;10146;0000001001110010001000000100000010100101101;0.163882;2158;0.515425;1
17;0000011010100010001011001101000100010000000;0.776428;10224;0000001001010010100000010101000001110000110;0.208232;2742;0.522973;2
18;0000011010100010001011001101000100010000000;0.776428;10224;0001010101100000100001000111000000100000101;0.205346;2704;0.52458;2
19;0000011010100010001010001101000100110000000;0.780225;10274;0000001100100101110100000100000100000100101;0.211346;2783;0.525521;1
20;0000011010100010001010001101000100110000000;0.780225;10274;0001000100101000001011001110100000100000010;0.147175;1938;0.53987;2
21;0000011010100010001010001101000100110000000;0.780225;10274;1000010100001001001100101101000000110000000;0.174818;2302;0.530373;2
22;0000011010100010001110001101000100100000000;0.790629;10411;1001011001000001010000101001000000110100000;0.153402;2020;0.517841;1
23;0000011010100010001110001101000100100000000;0.790629;10411;0000011010001000001100100001000010110101000;0.190765;2512;0.526657;3
24;0000011010100010001110001101000100100000000;0.790629;10411;0001011000100100101010001001000100010000001;0.187424;2468;0.533082;2
25;0000011010100010001110001101000100100000000;0.790629;10411;1000011010010010010000011010011000010000000;0.271491;3575;0.548948;1
26;0000011010100010001110001101000100100000000;0.790629;10411;0000010000100000010010010111001101101000000;0.181956;2396;0.542604;2
27;0000011010100010001110001101000100100000000;0.790629;10411;0010011011010000000001000010111100000001000;0.120975;1593;0.542023;2
28;0000011010100010001110001101000100100000000;0.790629;10411;1000011000000101010000001111000010000100001;0.196309;2585;0.545117;2
29;0000011010100010001110001101000100100000000;0.790629;10411;0010011100100101010000001001001100100000000;0.192132;2530;0.541367;2
30;0000011010100010001110001101000100100000000;0.790629;10411;0000001100110000000011010100100000010101100;0.264505;3483;0.553978;2
31;0000011010100010001110001101000100100000000;0.790629;10411;0110000110001000000101000111000000100001010;0.256683;3380;0.572378;1
32;0000011010100010001110001101000100100000000;0.790629;10411;0000101000001101000011000101100100011000000;0.22418;2952;0.5547;1
33;0000011010100010001110001101000100100000000;0.790629;10411;0010000100100010100010000011000101100110000;0.214763;2828;0.561935;1
34;0000011010100010001110001101000100100000000;0.790629;10411;0000100110000110000000000010101100011001100;0.212181;2794;0.564166;1
35;0000011010100010001110001101000100100000000;0.790629;10411;0000001100010010110000001001000010110100100;0.189854;2500;0.551746;2
36;0000011010100010001110001101000100100000000;0.790629;10411;1000001101100001000010001010010100000001010;0.166616;2194;0.54802;2
37;0000011010100010001110001101000100100000000;0.790629;10411;1000010000100000101000010101000100100110100;0.150592;1983;0.539011;1
38;0000011010100010001110001101000100100000000;0.790629;10411;0110011000100010000010100001000101010100000;0.234888;3093;0.550251;2
39;0000011010100010001110001101000100100000000;0.790629;10411;0100000110000000011010000001000110101100010;0.192968;2541;0.547396;2
40;0000011010100010001110001101000100100000000;0.790629;10411;0000001100110000100000100001001100100110010;0.105179;1385;0.530507;2
41;0000011010100010001110001101000100100000000;0.790629;10411;0010011101100101000100000100000100000001010;0.168059;2213;0.537436;1
42;0000011010100010001110001101000100100000000;0.790629;10411;1000011101100000000001001100010000101100000;0.239216;3150;0.539629;1
43;0000011010100010001110001101000100100000000;0.790629;10411;0100010000100010010001000011000100010110010;0.185526;2443;0.519752;1
44;0000011010100010001110001101000100100000000;0.790629;10411;1000011000000110100000000011000110010010100;0.166844;2197;0.535299;1
45;0000011010100010001110001101000100100000000;0.790629;10411;0000000101100010001000001011100110101000000;0.217573;2865;0.531414;2
46;0000011010100010001110001101000100100000000;0.790629;10411;0100001101010100100010001100000100101000000;0.145884;1921;0.522618;2
47;0000011010100010001110001101000100100000000;0.790629;10411;0100110100010000001000101100010000100001001;0.143985;1896;0.52357;1
48;0000011010100010001110001101000100100000000;0.790629;10411;0110000000100001000100101101000110010000010;0.15044;1981;0.530821;4
49;0000011010100010001110001101000100100000000;0.790629;10411;0000011001110000001110000000010010110000010;0.156744;2064;0.534878;3
50;0000011010100010001110001101000100100000000;0.790629;10411;0101000010001000110010000100011101000000010;0.211346;2783;0.544285;2
51;0000011010100010001110001101000100100000000;0.790629;10411;1010101001100100000001001101001001000000000;0.188259;2479;0.544589;5
52;0000011010100010001110001101000100100000000;0.790629;10411;1000011010000100000010011100000100000101100;0.219775;2894;0.544093;1
53;0000011010100010001110001101000100100000000;0.790629;10411;0010111001100001000000100001100101100000000;0.141403;1862;0.534944;2
54;0000011010100010001110001101000100100000000;0.790629;10411;0000010110101100000100000001001110101000000;0.144897;1908;0.535776;1
55;0000011010100010001110001101000100100000000;0.790629;10411;1100001000100001110010010000100100100000100;0.171248;2255;0.538213;3
56;0000011010100010001110001101000100100000000;0.790629;10411;1000101000010110000010000100000111010000010;0.166464;2192;0.536521;1
57;0000011010100010001110001101000100100000000;0.790629;10411;0110011000000000010010000001000100110110010;0.154845;2039;0.53063;3
58;0000011010100010001110001101000100100000000;0.790629;10411;0100110011101000001000000001000100110010000;0.186361;2454;0.561094;2
59;0000011010100010001110001101000100100000000;0.790629;10411;1000100010000000000011101110010101000010000;0.252962;3331;0.54957;1
60;0000011010100010001110001101000100100000000;0.790629;10411;0010010100000100000000101110010100101010000;0.166009;2186;0.544864;1
61;0000011010100010001110001101000100100000000;0.790629;10411;0000111000110000110110000001000100010000100;0.178919;2356;0.523271;2
62;0000011010100010001110001101000100100000000;0.790629;10411;0010010101000010010100000110000001010100001;0.172312;2269;0.530372;2
63;0000011010100010001110001101000100100000000;0.790629;10411;0000100100100110010000101011000001100010000;0.207321;2730;0.541286;1
64;0000011010100010001110001101000100100000000;0.790629;10411;0100011100000000100010100100000001010100110;0.15401;2028;0.534554;2
65;0000011010100010001110001101000100100000000;0.790629;10411;0100011000100001100100011100000100000000110;0.17216;2267;0.55381;1
66;0000101010100010101010001111000100000000000;0.79192;10428;1000000100100010000011000100100001010100101;0.19031;2506;0.537429;1
67;0000101010100010101010001111000100000000000;0.79192;10428;1000000100000000110000101111001000110010000;0.202536;2667;0.52729;3
68;0000101010100010101010001111000100000000000;0.79192;10428;1000100110100000001010000011100100000001001;0.213624;2813;0.525116;1
69;0000101010100010101010001111000100000000000;0.79192;10428;0010011100100000010010100100000100001000110;0.227217;2992;0.526206;1
70;0000101010100010101010001111000100000000000;0.79192;10428;0000000010100000110010100001101100101000100;0.25243;3324;0.542092;1
71;0000101010100010101010001111000100000000000;0.79192;10428;1001100110110010001000100100000100000000010;0.230711;3038;0.549186;3
72;0000101010100010101010001111000100000000000;0.79192;10428;0010001000100100101010000110000011100000100;0.164262;2163;0.539391;3
73;0000101010100010101010001111000100000000000;0.79192;10428;0010001100100010001001100010000100001010010;0.188487;2482;0.539333;2
74;0000101010100010101010001111000100000000000;0.79192;10428;0010100110000100001001000100000110010010010;0.180741;2380;0.527574;2
75;0000101010100010101010001111000100000000000;0.79192;10428;1011001100000000011000000010010100011100000;0.206485;2719;0.541434;2
76;0000101010100010101010001111000100000000000;0.79192;10428;0001001010010000101100001011000100000001001;0.197752;2604;0.528953;2
77;0000101010100010101010001111000100000000000;0.79192;10428;0000001001100110101000000011100000010000011;0.179982;2370;0.535846;2
78;0000101010100010101010001111000100000000000;0.79192;10428;1000100110010000101100000001001100110000000;0.195702;2577;0.522466;2
79;0000101010100010101010001111000100000000000;0.79192;10428;1010101100010010001000000011000010110000000;0.163275;2150;0.532885;2
80;0000101010100010101010001111000100000000000;0.79192;10428;0110001011000000001001000011001000110100000;0.216586;2852;0.525431;3
81;0000101010100010101010001111000100000000000;0.79192;10428;0000001011010000011001100010010000010100001;0.19593;2580;0.538639;1
82;0000101010100010101010001111000100000000000;0.79192;10428;0001010110000100001000001001100010110100000;0.174438;2297;0.527637;2
83;0000101010100010101010001111000100000000000;0.79192;10428;0000100101110000001001001011000010110000000;0.165477;2179;0.534327;2
84;0000101010100010101010001111000100000000000;0.79192;10428;0100010100000001110100010101000000110000100;0.20565;2708;0.554261;2
85;0000101010100010101010001111000100000000000;0.79192;10428;0100101100000000001001011011100100000010000;0.132442;1744;0.536461;1
86;0000011010100010101010001111000000010000000;0.807032;10627;0001100010000101000000101110001001011000000;0.205194;2702;0.544289;1
87;0000011010100010101010001111000000010000000;0.807032;10627;0000101101001001000000000110011110000000100;0.199043;2621;0.54875;3
88;0000011010100010101010001111000000010000000;0.807032;10627;0000001000100000010110101011100001010000100;0.184462;2429;0.541327;1
89;0000011010100010101010001111000000010000000;0.807032;10627;1000011000100001001001000100111000100100000;0.197145;2596;0.548712;4
90;0000011010100010101010001111000000010000000;0.807032;10627;1000010010100010110000000100001011100100000;0.231015;3042;0.541016;1
91;0000011010100010101010001111000000010000000;0.807032;10627;1000011010000010010000000011000001010010011;0.22866;3011;0.528667;3
92;0000011010100010101010001111000000010000000;0.807032;10627;0000100010010000100000000011000101110011001;0.155832;2052;0.509649;3
93;0000011010100010101010001111000000010000000;0.807032;10627;0000011000100001000100000001000101111110000;0.194639;2563;0.539556;1
94;0000011010100010101010001111000000010000000;0.807032;10627;0000000110100000010100001011100010010100001;0.215522;2838;0.557206;2
95;0000011010100010101010001111000000010000000;0.807032;10627;1010001001001000010000100110010000010110000;0.15082;1986;0.547383;6
96;0000011010100010101010001111000000010000000;0.807032;10627;1100010000100000000010101111001000011000000;0.181652;2392;0.536245;4
97;0000011010100010101010001111000000010000000;0.807032;10627;0000010111100001000100000001100100100010100;0.227369;2994;0.55286;3
98;0000011010100010101010001111000000010000000;0.807032;10627;1000101000100010101000001010100000100001001;0.200486;2640;0.53877;5
99;0000011010100010101010001111000000010000000;0.807032;10627;0001000000100101011011011100000000010001000;0.220459;2903;0.540843;1
100;0000011010100010101010001111000000010000000;0.807032;10627;0011001101000010010000101110000100000100000;0.23147;3048;0.54051;2
=============================================
geração;melhor;fitness;cobertura;pior;fitness;cobertura;média;ind_repetidos
0;0000010100100000000000011111100100010011000;0.518909;6833;0100101001001000000000110000101001001010001;0.0271871;358;0.183263;1
1;0000011001100111000100000111010000010000000;0.546324;7194;0000101000110000000001011000001111000010100;0.0467041;615;0.22107;2
2;0000011010000111010000010110110000010000000;0.648466;8539;0000010100010101000001000011000100000111010;0.0721446;950;0.260242;1
3;0000000110100001000000011111001100010000100;0.659478;8684;0100000000110100100001000100110101000100001;0.0707776;932;0.28532;1
4;0000000110100001000000011111001100010000100;0.659478;8684;0000110000100000000101010000011101001110000;0.0914338;1204;0.322488;3
5;0000001010100011010100000110110000010000001;0.704587;9278;0110000110001100010000000010100100100010100;0.0650061;856;0.340908;1
6;0000001010100011010100000110110000010000001;0.704587;9278;0100010100110000100110000100000011010100000;0.12819;1688;0.358441;1
7;0000001010100011010100000110110000010000001;0.704587;9278;0001101000100100000001000001011011000001001;0.124848;1644;0.379787;1
8;0000001010100011010100000110110000010000001;0.704587;9278;1010000000110000101010000101000010010100010;0.143226;1886;0.401692;1
9;0000001010100011010100001110010000010000001;0.724104;9535;0000010100110001010000011100001000101000001;0.102749;1353;0.404233;1
10;0000101010100011000100001100011000110000000;0.72866;9595;0001000001100000001010010110010001100001100;0.180665;2379;0.436947;2
11;0000101010100011000100001100011000110000000;0.72866;9595;0000011100000001101000111000000000010110010;0.177172;2333;0.461172;2
12;0000101010100011000100001100011000110000000;0.72866;9595;0000110010100100000100010010111000100000001;0.176413;2323;0.469003;1
13;0000101010100011000100001100011000110000000;0.72866;9595;0110001000000001010010001100001100100000101;0.12538;1651;0.473757;1
14;0000101110000111001000001110010000100000000;0.737014;9705;1000000010000100010100100100110101000001001;0.192664;2537;0.476264;2
15;0000011010100010010110000101000100110000000;0.754784;9939;1100101010000000000010001010110101000001000;0.152491;2008;0.486972;1
16;0000011010100010010010001101000100110000000;0.797312;10499;0001011001000001000110010110000011010000000;0.169806;2236;0.498932;3
17;0000011010100010010010001101000100110000000;0.797312;10499;1110000000000001001000001100001101110001000;0.116039;1528;0.497141;1
18;0000011010100010010010001101000100110000000;0.797312;10499;0000001100001100011010001100000001100001001;0.150289;1979;0.521733;2
19;0000011010100010010010001101000100110000000;0.797312;10499;0100110010100000010000001110100100000010100;0.221826;2921;0.530336;1
20;0000011010100010010010001101000100110000000;0.797312;10499;0010100000100101110000000010110000110000100;0.117406;1546;0.519081;2
21;0000011010100010010010001101000100110000000;0.797312;10499;0100110000000001000001000110000100110110010;0.176109;2319;0.521622;3
22;0000011010100010010010001101000100110000000;0.797312;10499;1110001000001000000000000111000100100011010;0.141859;1868;0.531614;6
23;0000011010100010010010001101000100110000000;0.797312;10499;0000001100100100000010010001000001101001110;0.145656;1918;0.532844;2
24;0000011010100010010010001101000100110000000;0.797312;10499;0110111000000110000010001001100000100001000;0.225699;2972;0.526078;1
25;0000011010100010010010001101000100110000000;0.797312;10499;1000101001100010000000001001000001111000001;0.140644;1852;0.547836;2
26;0000011010100010010010001101000100110000000;0.797312;10499;0110000010000001000011000001000110010101010;0.224256;2953;0.547426;2
27;0000011010100010010010001101000100110000000;0.797312;10499;0001001100000101001000010111010010000010000;0.232609;3063;0.577664;3
28;0000011010100010010010001101000100110000000;0.797312;10499;0000001011010010000000001011000001100101100;0.203752;2683;0.580565;2
29;0000011010100010010010001101000100110000000;0.797312;10499;0010000110000001110000001001000000110101001;0.219623;2892;0.580217;1
30;0000011010100010010010001101000100110000000;0.797312;10499;0001010100000010000011000111000100000011001;0.236634;3116;0.561412;2
31;0000011010100010010010001101000100110000000;0.797312;10499;0001100100000010100000000101000110111001000;0.191981;2528;0.564406;3
32;0000011010100010010010001101000100110000000;0.797312;10499;0100100011010011000010001001100000100000010;0.28144;3706;0.570293;4
33;0000011010100010010010001101000100110000000;0.797312;10499;0010000100101000001010001100010000101010100;0.193879;2553;0.545488;2
34;0000011010100010010010001101000100110000000;0.797312;10499;1000011100000010010011000000010000110100001;0.207852;2737;0.529483;2
35;0000011010100010010010001101000100110000000;0.797312;10499;0000100010101110000000001011000100101000001;0.207852;2737;0.525748;2
36;0000011010100010010010001101000100110000000;0.797312;10499;0000011001110010010000000100000001011011000;0.214459;2824;0.523011;2
37;0000011010100010010010001101000100110000000;0.797312;10499;1010000001001100100000000110010100110010000;0.128873;1697;0.514871;3
38;0000011010100010010010001101000100110000000;0.797312;10499;1100010010100101000001000001000010110000100;0.191981;2528;0.516559;1
39;0000011010100010010010001101000100110000000;0.797312;10499;1010001100000000001101001100110101000000000;0.224332;2954;0.511219;2
40;0000011010100010010010001101000100110000000;0.797312;10499;1000001001010010000010000011000000111001100;0.170565;2246;0.514309;4
41;0000011010100010010010001101000100110000000;0.797312;10499;0101001100000000011100100000001001110100000;0.129784;1709;0.53357;2
42;0000011010100010010010001101000100110000000;0.797312;10499;0010010000100100010000011101000000101101000;0.140872;1855;0.518138;1
43;0000011010100010110010001101000100010000000;0.802096;10562;0010001100101100010100001000000100101100000;0.119228;1570;0.529791;2
44;0000011010100010110010001101000100010000000;0.802096;10562;1000000110010000010010001000110010011000010;0.171552;2259;0.527438;1
45;0000011010100010110010001101000100010000000;0.802096;10562;1000001010000101010000100000101100010000110;0.199878;2632;0.527124;1
46;0000011010100010110010001101000100010000000;0.802096;10562;1100001010000101010000000000101100010000110;0.160161;2109;0.538315;1
47;0000011010100010110010001101000100010000000;0.802096;10562;1000000110010010101100000000000001010100011;0.207245;2729;0.517008;1
48;0000011010100010110010001101000100010000000;0.802096;10562;0000100110100000010001010001100101010000010;0.196993;2594;0.518685;3
49;0000011010100010110010001101000100010000000;0.802096;10562;0001011000100001110010010010100000010100000;0.212789;2802;0.526283;1
50;0000011010100010110010001101000100010000000;0.802096;10562;0000001010001100010001011010100001010000001;0.136999;1804;0.526593;2
51;0000011010100010110010001101000100010000000;0.802096;10562;1100100011100000100000000010110100011000000;0.159402;2099;0.532566;3
52;0000011010100010110010001101000100010000000;0.802096;10562;0000101100110000000110000000011100010010100;0.225926;2975;0.53634;2
53;0000011010100010110010001101000100010000000;0.802096;10562;1000011000100000110100010101000000100000110;0.24719;3255;0.553431;1
54;0000011010100010110010001101000100010000000;0.802096;10562;1000001100100011010001000000110110100000000;0.247874;3264;0.544452;1
55;0000011010100010110010001101000100010000000;0.802096;10562;0011100110111000000000000011010001100000000;0.2238;2947;0.541372;1
56;0000011010100010110010001101000100010000000;0.802096;10562;0101000010000000000010000110110001110010010;0.245292;3230;0.549434;1
57;0000011010100010110010001101000100010000000;0.802096;10562;0100011100101010100100000000010100001010000;0.22137;2915;0.536848;3
58;0000011010100010110010001101000100010000000;0.802096;10562;0010010100000001110001000101000100011000100;0.186209;2452;0.54016;1
59;0000011010100010110010001101000100010000000;0.802096;10562;0000000100110001101010000001000000011100110;0.185298;2440;0.546171;3
60;0000011010100010110010001101000100010000000;0.802096;10562;0010000100000111001000000001100101100010001;0.181425;2389;0.551377;3
61;0000011010100010110010001101000100010000000;0.802096;10562;0001000111000010001000000110000101000001011;0.220459;2903;0.537936;2
62;0000011010100010110010001101000100010000000;0.802096;10562;0011000110100000001011001001001000010000100;0.246051;3240;0.539586;1
63;0000011010100010110010001101000100010000000;0.802096;10562;0000000101000100110000010100001100110001001;0.120216;1583;0.513627;1
64;0000011010100010110010001101000100010000000;0.802096;10562;1100000010001010000000000011001100001001101;0.154086;2029;0.518673;2
65;0000011010100010110010001101000100010000000;0.802096;10562;0000001100000001101010000011100010010100001;0.156592;2062;0.512718;1
66;0000011010100010110010001101000100010000000;0.802096;10562;0010001001101000101000001110000100000100010;0.166616;2194;0.509181;3
67;0000011010100010110010001101000100010000000;0.802096;10562;0100101000001001000010010100010110010000010;0.175501;2311;0.510211;3
68;0000011010100010110010001101000100010000000;0.802096;10562;0001010000101010110000001010001100100001000;0.192512;2535;0.509897;3
69;0000011010100010110010001101000100010000000;0.802096;10562;0110001001000000000010001001000100101011010;0.101534;1337;0.518823;1
70;0000011010100010110010001101000100010000000;0.802096;10562;1100001000100010011000001011000001101000000;0.19517;2570;0.51442;1
71;0000011010100010110010001101000100010000000;0.802096;10562;0010010100100001110000100000111010010000000;0.115659;1523;0.505253;3
72;0000011010100010110010001101000100010000000;0.802096;10562;1001001000110010010100011010010000100000000;0.215902;2843;0.529047;2
73;0000011010100010110010001101000100010000000;0.802096;10562;0000100100010001010100001110000000111000100;0.184842;2434;0.540361;2
74;0000011010100010110010001101000100010000000;0.802096;10562;0000101010100100000001011011001100000000001;0.237622;3129;0.572164;2
75;0000011010100010110010001101000100010000000;0.802096;10562;0000101001010001010100001100011000010000001;0.21051;2772;0.543963;2
76;0000011010100010010010001111000100010000000;0.803539;10581;1000010000110001000000101110110100010000000;0.222585;2931;0.544872;1
77;0000011010100010010010001111000100010000000;0.803539;10581;0001100010100101010000000010011100100000010;0.178007;2344;0.529688;4
78;0000011010100010010010001111000100010000000;0.803539;10581;0010000110001001001000000011000001011100100;0.184159;2425;0.536302;1
79;0000011010100010010010001111000100010000000;0.803539;10581;0010010011110000100000001011001000110000000;0.186361;2454;0.543506;1
80;0000011010100010010010001111000100010000000;0.803539;10581;0000010100000001011010000011010010110010000;0.2399;3159;0.538767;1
81;0000011010100010010010001111000100010000000;0.803539;10581;1000011100101000000010000100010101000001001;0.202764;2670;0.532202;3
82;0000011010100010010010001111000100010000000;0.803539;10581;0000100100000000000010100111100100101001001;0.140948;1856;0.527724;2
83;0000011010100010010010001111000100010000000;0.803539;10581;0000110101000000000001000111000101010101000;0.15849;2087;0.533707;2
84;0000011010100010010010001111000100010000000;0.803539;10581;0010000111000100000000101100001100010001100;0.168211;2215;0.539123;2
85;0000011010100010010010001111000100010000000;0.803539;10581;0000001001000010001000110011000110100110000;0.154769;2038;0.529338;2
86;0000011010100010010010001111000100010000000;0.803539;10581;0000001100110001101000100010011001010000000;0.189399;2494;0.542563;1
87;0000011010100010010010001111000100010000000;0.803539;10581;0000101000101001000010011001000110010000100;0.140644;1852;0.556071;2
88;0000011010100010010010001111000100010000000;0.803539;10581;1001001100100000100011000011100010010000000;0.19798;2607;0.549646;1
89;0000011010100010010010001111000100010000000;0.803539;10581;0010100100000010010010001010000101010110000;0.222281;2927;0.530898;1
90;0000011010100010010010001111000100010000000;0.803539;10581;1001000111100000000101100000010100100000100;0.179298;2361;0.539022;2
91;0000011010100010010010001111000100010000000;0.803539;10581;0100001010100000000100001011000000101110010;0.236558;3115;0.548038;3
92;0000011010100010010010001111000100010000000;0.803539;10581;0000101010011001000100010011001100000001000;0.207625;2734;0.554422;1
93;0000011010100010010010001111000100010000000;0.803539;10581;0010001000100000001010011010000010110110000;0.189019;2489;0.549608;1
94;0000011010100010010010001111000100010000000;0.803539;10581;0010011000101000010000000010001110010101000;0.156212;2057;0.549346;3
95;0000011010100010010010001111000100010000000;0.803539;10581;1010110000000010000000001100010000110011001;0.158187;2083;0.547261;2
96;0000011010100010010010001111000100010000000;0.803539;10581;0100010010100001000101001001000100010000011;0.222053;2924;0.548914;2
97;0000011010100010010010001111000100010000000;0.803539;10581;1010010110101010101000000011000000000000001;0.234812;3092;0.550369;3
98;0000011010100010010010001111000100010000000;0.803539;10581;0000000010011100100010000011100010010010100;0.171021;2252;0.554968;2
99;0000011010100010010010001111000100010000000;0.803539;10581;1000100010101000011000001011000100001100000;0.186513;2456;0.562202;2
100;0000011010100010010010001111000100010000000;0.803539;10581;0000101100010000100000000110101001010101000;0.227066;2990;0.577053;5
=============================================
geração;melhor;fitness;cobertura;pior;fitness;cobertura;média;ind_repetidos
0;0000101010100010000000110100000010110000110;0.520352;6852;0101100101001000000001011000000010110000001;0.0168591;222;0.164633;1
1;0000001010100110000010000111100001010000100;0.65849;8671;0010100001001001100000001000000011001100011;0.040325;531;0.21029;2
2;0000001010100110000010000111100001010000100;0.65849;8671;0010001000100000000100100000101110011010010;0.0672084;885;0.248635;2
3;0000101110100110011000000101010000010000000;0.711801;9373;0010011100000000110000110000010001000100011;0.0883202;1163;0.297128;1
4;0000001010100110010010110101000000110000000;0.713396;9394;1010110000000010000001001100000010110010100;0.120747;1590;0.329834;3
5;0000001010100110010010110101000000110000000;0.713396;9394;0011100100100100100100000100000001110000100;0.120747;1590;0.344392;1
6;0000001010100110010010110101000000110000000;0.713396;9394;0011001100000100001000100001100010100001010;0.0767011;1010;0.360545;1
7;0000001010100110010010110101000000110000000;0.713396;9394;1101000000100000100000010111000000101010010;0.0879405;1158;0.363975;2
8;0000000110100010001010000111000000100011100;0.714915;9414;0001101101000001100001000001101000001000001;0.08589;1131;0.378759;1
9;0000000110100010001010000111000000100011100;0.714915;9414;0001011000100000001100000000011000111101000;0.149681;1971;0.409436;1
10;0000001010100011110000000111100000010001000;0.726154;9562;1000001000010000001100101101001010000001001;0.144517;1903;0.413051;2
11;0000001010000011110000000111100100100000001;0.734204;9668;0010010011001000000010010000011001000011001;0.16411;2161;0.430942;1
12;0000011010100010011010000101000100110000000;0.776124;10220;0110000010010000010001000100000100110010101;0.157731;2077;0.436011;1
13;0000011010100010011010000101000100110000000;0.776124;10220;1000000001100001010001000101000000110011100;0.167527;2206;0.451168;1
14;0000011010100010011010000101000100110000000;0.776124;10220;0100000100000001110001010000011010110001000;0.095079;1252;0.467646;1
15;0000011010100010011010000101000100110000000;0.776124;10220;0100010010101100100001001001000100010001000;0.172767;2275;0.485114;2
16;0000011010100010011010000101000100110000000;0.776124;10220;0000000110100000100100010100100011001100001;0.162819;2144;0.478676;1
17;0000011010100010011010000101000100110000000;0.776124;10220;0100000011110100100000000001100100110010000;0.186437;2455;0.485833;1
18;0000011010100010011010000101000100110000000;0.776124;10220;1000010110001001010001010010100000101000000;0.165553;2180;0.49757;3
19;0000011010100010010010001101000100010000100;0.779314;10262;0000101000100101100001000010100010100000011;0.0958384;1262;0.498663;1
20;0000011010100010010010001101000100010000100;0.779314;10262;0101001100000001000000000011010100100010101;0.150365;1980;0.52407;2
21;0000011010100010010010001101000100010000100;0.779314;10262;1000110010000100010100000010011100100010000;0.158338;2085;0.524675;2
22;0000011010100010010010001101000100010000100;0.779314;10262;1011001000000101000000001101001000110000001;0.171628;2260;0.521508;2
23;0000011010100010010010001101000100010000100;0.779314;10262;0100011100000001011110000100000000010000011;0.181501;2390;0.530314;4
24;0000011010100010010010001101000100010000100;0.779314;10262;0001001001100001010010001001000100011000100;0.168059;2213;0.534477;3
25;0000011010100010010010011101000100010000000;0.78144;10290;0100000001100001000010010111000100010000011;0.206637;2721;0.550142;1
26;0000011010100010010010011101000100010000000;0.78144;10290;1000011101010010000110000001000000110000001;0.197524;2601;0.538581;2
27;0000011010100010010010011101000100010000000;0.78144;10290;0100101001100101011010000011000000010000000;0.196309;2585;0.535608;1
28;0000011010100010010010011101000100010000000;0.78144;10290;0100010010010010100100000110101000100010000;0.234432;3087;0.568672;2
29;0000011010100010010010011101000100010000000;0.78144;10290;0111101000010010000000000111101000010000000;0.169426;2231;0.575667;2
30;0000011010100010010010011101000100010000000;0.78144;10290;1000000010100000100010011100101010110000000;0.272403;3587;0.574606;2
31;0000111010100001000010001111000100010000000;0.792224;10432;0010011001000010001000001110101100100000000;0.232306;3059;0.565674;1
32;0000111010100001000010001111000100010000000;0.792224;10432;1001001010000011100000000000011010010001001;0.240735;3170;0.561969;3
33;0000111010100001000010001111000100010000000;0.792224;10432;0000000111101000111000000000100100010101000;0.216434;2850;0.566737;2
34;0000111010100001000010001111000100010000000;0.792224;10432;0000110000111000000110001110000010110000000;0.196613;2589;0.571392;1
35;0000111010100001000010001111000100010000000;0.792224;10432;0010011100000001000111010001001000010001000;0.176716;2327;0.561609;1
36;0000111010100001000010001111000100010000000;0.792224;10432;0010001100101010000101000010110000010010000;0.260328;3428;0.573705;3
37;0000111010100001000010001111000100010000000;0.792224;10432;0000001100010101000010100010000001111000010;0.205043;2700;0.560786;1
38;0000111010100001000010001111000100010000000;0.792224;10432;0001001100000001000100000011000101010011100;0.157047;2068;0.561963;4
39;0000111010100001000010001111000100010000000;0.792224;10432;0011000100100001000101100110000000010001100;0.166464;2192;0.549058;3
40;0000111010100001000010001111000100010000000;0.792224;10432;0000011010000100011100100100100010100000001;0.233445;3074;0.55532;2
41;0000111010100001000010001111000100010000000;0.792224;10432;0001010110000100001000100011000100010000101;0.170717;2248;0.55103;1
42;0000111010100001000010001111000100010000000;0.792224;10432;0001001100011001011010000110000001100000000;0.179602;2365;0.524517;1
43;0000111010100001000010001111000100010000000;0.792224;10432;0000001000010001100000011111001110000010000;0.179374;2362;0.525651;2
44;0000011110100011010000001110010000010000000;0.797388;10500;0010101100001000001000100001010000111000001;0.183627;2418;0.545012;2
45;0000011110100011010000001110010000010000000;0.797388;10500;0010111000110000000011001010010000010000100;0.163047;2147;0.543882;1
46;0000011110100011010000001110010000010000000;0.797388;10500;1000001000110000110100110110100000100000000;0.183171;2412;0.5424;2
47;0000011110100011010000001110010000010000000;0.797388;10500;0010000000100001001100001111100100010001000;0.222813;2934;0.545216;3
48;0000011110100011010000001110010000010000000;0.797388;10500;1000111000110010000000010100000110100001000;0.233293;3072;0.539276;3
49;0000011110100011010000001110010000010000000;0.797388;10500;1100010110000001000000001001001100011000001;0.147175;1938;0.534698;2
50;0000011110100011010000001110010000010000000;0.797388;10500;0001001100001001010010011000011001100000000;0.111786;1472;0.522408;5
51;0000011110100011010000001110010000010000000;0.797388;10500;0010111000010001000100001010001000110001000;0.136239;1794;0.531217;1
52;0000011110100011010000001110010000010000000;0.797388;10500;0000010000100011100000000100101110001000110;0.203068;2674;0.549904;2
53;0000011110100011010000001110010000010000000;0.797388;10500;0010010100001100010000000111001010010001000;0.134341;1769;0.528702;1
54;0000011110100011010000001110010000010000000;0.797388;10500;0011011000110101000010000001001000110000000;0.122494;1613;0.531683;1
55;0000011110100011010000001110010000010000000;0.797388;10500;0011000110100000010011010100001000101000000;0.235647;3103;0.530367;2
56;0000011110100011010000001110010000010000000;0.797388;10500;0001010100010100000001001111000000110001000;0.214231;2821;0.541574;4
57;0000011110100011010000001110010000010000000;0.797388;10500;1001000100110001100000001110100100000100000;0.0814854;1073;0.550174;1
58;0000011110100011010000001110010000010000000;0.797388;10500;0000000100100101100011000011100100010100000;0.170565;2246;0.539913;1
59;0000011110100011010000001110010000010000000;0.797388;10500;0000011001100000000011010011000000010110100;0.162363;2138;0.550991;5
60;0000011110100011010000001110010000010000000;0.797388;10500;0001011000100000000000001010010110100010110;0.0929526;1224;0.560189;3
61;0000011110100011010000001110010000010000000;0.797388;10500;0010001100101110100000100110000010000001000;0.226078;2977;0.547104;1
62;0000011110100011010000001110010000010000000;0.797388;10500;1001001100100010010000001000010100100100010;0.215978;2844;0.55329;1
63;0000011110100011010000001110010000010000000;0.797388;10500;1010000000101010011000000110000001010001100;0.19798;2607;0.553815;2
64;0000011110100011010000001101000000110000000;0.797388;10500;0011001000100001100100100010000000110001001;0.165021;2173;0.5563;2
65;0000011110100011010000001101000000110000000;0.797388;10500;1000010010010101000100101010000100100000100;0.21089;2777;0.555516;1
66;0000011110100011010000001101000000110000000;0.797388;10500;1000011000111000010011100100000000100100000;0.175957;2317;0.533435;2
67;0000011110100011010000001101000000110000000;0.797388;10500;1010100100000001110110000011000100100000000;0.15568;2050;0.533692;4
68;0000011110100011010000001111000000010000000;0.806804;10624;0000100101100000010000110110000010011000100;0.123633;1628;0.531161;2
69;0000011110100011010000001111000000010000000;0.806804;10624;0010011100111000010011000000100100100000000;0.137682;1813;0.528489;2
70;0000011110100011010000001111000000010000000;0.806804;10624;0001011000101000010000010110010010000100001;0.191601;2523;0.532846;2
71;0000011110100011010000001111000000010000000;0.806804;10624;1100000011000000110001000011000000110001010;0.136087;1792;0.529066;1
72;0000011110100011010000001111000000010000000;0.806804;10624;1100001011001000000001001001000100110100000;0.188183;2478;0.557611;1
73;0000011110100011010000001111000000010000000;0.806804;10624;0000001101100010100001001100000010100001100;0.231166;3044;0.561868;3
74;0000011110100011010000001111000000010000000;0.806804;10624;0000010110100010010000100011001000001000011;0.235799;3105;0.55482;1
75;0000011110100011010000001111000000010000000;0.806804;10624;0100001100101001000000001011000000101100100;0.0930286;1225;0.556447;2
76;0000011110100011010000001111000000010000000;0.806804;10624;1000001100100110100000100110000000001000110;0.223193;2939;0.571261;1
77;0000011110100011010000001111000000010000000;0.806804;10624;0000000100111001001000000101010001101001000;0.225015;2963;0.573453;2
78;0000011110100011010000001111000000010000000;0.806804;10624;0000110000001001000010000111100100111000000;0.194183;2557;0.556428;2
79;0000011110100011010000001111000000010000000;0.806804;10624;0110101000010000010100001010010100011000000;0.142087;1871;0.548717;1
80;0000011110100011010000001111000000010000000;0.806804;10624;0011001010000100001100100010100000011010000;0.168591;2220;0.530476;2
81;0000011110100011010000001111000000010000000;0.806804;10624;0110000110000000000100000001101100111010000;0.122114;1608;0.533853;2
82;0000011110100011010000001111000000010000000;0.806804;10624;0000011100100010001100000010010001100001010;0.262834;3461;0.54435;2
83;0000011110100011010000001111000000010000000;0.806804;10624;0100101101000010000011001011000100000000010;0.190006;2502;0.51856;2
84;0000011110100011010000001111000000010000000;0.806804;10624;0000001100010101010101000011010010010000000;0.232533;3062;0.520363;2
85;0000011110100011010000001111000000010000000;0.806804;10624;0111001101100001000001100000000000111000000;0.16373;2156;0.521186;2
86;0000011110100011010000001111000000010000000;0.806804;10624;0110001001100001010010001100001000010001000;0.167148;2201;0.521657;2
87;0000011110100011010000001111000000010000000;0.806804;10624;0010010010101000101000100001100000110000010;0.187272;2466;0.529166;3
88;0000011110100011010000001111000000010000000;0.806804;10624;0001000110010000010000001110101001001000010;0.120975;1593;0.532436;1
89;0000011110100011010000001111000000010000000;0.806804;10624;1000001001100000101011000110000010100001000;0.19517;2570;0.541276;1
90;0000011110100011010000001111000000010000000;0.806804;10624;0100011000100010000011001011000010100100000;0.221826;2921;0.552835;1
91;0000011110100011010000001111000000010000000;0.806804;10624;0000100110101001001001000011000100000100100;0.215371;2836;0.547616;1
92;0000011110100011010000001111000000010000000;0.806804;10624;0001010110101010000000001000011000011001000;0.211877;2790;0.542406;1
93;0000011110100011010000001111000000010000000;0.806804;10624;0000011100000010001110000011100101000000001;0.231622;3050;0.546875;3
94;0000011110100011010000001111000000010000000;0.806804;10624;1000100000101001000000001101000001011100010;0.12819;1688;0.533676;1
95;0000011110100011010000001111000000010000000;0.806804;10624;0100101100100000000010011010000001010110000;0.163426;2152;0.546913;1
96;0000011110100011010000001111000000010000000;0.806804;10624;1000110100000001000001001111000000010001001;0.158187;2083;0.56617;2
97;0000011110100011010000001111000000010000000;0.806804;10624;0101000110010010000000001110000000101001100;0.189854;2500;0.550525;1
98;0000011110100011010000001111000000010000000;0.806804;10624;0010011100100000000010000110111000000010010;0.235039;3095;0.566669;1
99;0000011110100011010000001111000000010000000;0.806804;10624;0010000110100001100001011010010000100000100;0.239368;3152;0.563629;1
100;0000011110100011010000001111000000010000000;0.806804;10624;0011100110100001001001000000010100010000010;0.236179;3110;0.56239;4
=============================================
