geração;melhor;fitness;cobertura;pior;fitness;cobertura;média;ind_repetidos
0;0010101100110010010101001000000000000000010011;0.476516;4606;0010100010010000100100110001000001000110010001;0.0266915;258;0.188639;1
1;0000100100000100011101110000001000100010000110;0.52276;5053;1101001011000000110100100000000000001111000000;0.0837989;810;0.234704;1
2;0000100100000100011101010000001010100010000110;0.548107;5298;1001010000001011000001101000101011000001000000;0.108421;1048;0.260788;1
3;0000100100000100011101010000001010100010000110;0.548107;5298;1010111000001011000000000000101000001011000001;0.106973;1034;0.272566;1
4;1000101100000000011101000000011100001010000010;0.555142;5366;1001010001000011000001100000111101000010000000;0.134182;1297;0.307242;1
5;1000101100000000011101000000011100001010000010;0.555142;5366;0100100101100000001010110010010000001010000001;0.117112;1132;0.333237;1
6;0001100000100110001101000000010000001110100010;0.602214;5821;0101101000001011100000001000000000000111101000;0.132423;1280;0.373542;1
7;0000100100000010000110010110010000010010100110;0.605318;5851;0011000000000100101000011100001000000010001111;0.150114;1451;0.391285;1
8;0000100000000100011101010100011010100010000010;0.611732;5913;0100100010011100100000100000110010100010000010;0.161804;1564;0.398793;1
9;0000100000000100011101010100011010100010000010;0.611732;5913;0000010000011001000101101001000000100010001110;0.202876;1961;0.428617;1
10;0000101000100100000101000000110000011001101010;0.612973;5925;0000101000100001101001000010101000000010000111;0.173288;1675;0.429068;1
11;0000100000000100011101010100010010010010100010;0.624767;6039;0011000011000001110101100000000000001010010010;0.1946;1881;0.444288;1
12;0000100000000100011101010100010010010010100010;0.624767;6039;0000010110000101100011010100010001000010000010;0.235671;2278;0.46811;1
13;0001010100000010010101000100110000010000100110;0.628492;6075;0001001000100101001001000000000111100100000110;0.202152;1954;0.473387;1
14;0001000100000010010101000100110000010010100110;0.644527;6230;0001100000001010001011001010100000000001100011;0.23981;2318;0.493647;1
15;0001000100000010010101000100110000010010100110;0.644527;6230;0000101100110100010001010000101010000010000010;0.253259;2448;0.484351;1
16;0001000100000010010101000100110000010010100110;0.644527;6230;0001010000000010101000000000011100010010001111;0.204014;1972;0.491946;1
17;0000100000000100010111000110010000010010100110;0.660149;6381;1000000000101000010011010010001000100100001110;0.255638;2471;0.505258;1
18;0000100000000100010111000110010000010010100110;0.660149;6381;0010001100000100000000111000100000010001111010;0.238361;2304;0.504012;1
19;0000100000000100010111000110010000010010100110;0.660149;6381;0010101010010010011000010000100000101000100010;0.214463;2073;0.514282;1
20;0000100000000100010111000110010000010010100110;0.660149;6381;0000000100010110000000001011011000010110101000;0.320505;3098;0.51542;1
21;0000001000010100010101001110010000000010100110;0.674426;6519;0000100011000000001101010110110001000001010000;0.294434;2846;0.516525;2
22;0000001000010110010101001110010000000000100110;0.67815;6555;0111000000011100100001000100010000000011110000;0.23205;2243;0.50401;1
23;0000001000010110010101001110010000000000100110;0.67815;6555;0000011100010010001001010110010001100000001000;0.235051;2272;0.500225;1
24;0000001000010110010101001110010000000000100110;0.67815;6555;0001001100000100010011001100000010010000010011;0.229774;2221;0.511178;1
25;0000001000010110010101001110010000000000100110;0.67815;6555;0010100000000000001001011110100000001000011110;0.249534;2412;0.502347;2
26;0000000000011110010101001110010000000000100110;0.682495;6597;0011000010001101100010010000010010010000110000;0.166874;1613;0.48963;1
27;0000000000011110010101001110010000000000100110;0.682495;6597;1000000010100000001001101110010100000000011010;0.243224;2351;0.494399;1
28;0000000000001110010101001110010000000010100110;0.701014;6776;0001000010000011000111001100000101000000100011;0.261949;2532;0.502612;1
29;0000000000001110010101001110010000000010100110;0.701014;6776;0000000100000100110101000011100001000101010100;0.295572;2857;0.519142;1
30;0000000000001110010101001110010000000010100110;0.701014;6776;0010000010000100011001101111000000000000100110;0.31885;3082;0.524654;1
31;0000000000001110010101001110010000000010100110;0.701014;6776;0000101001001100000001111000000100000100100110;0.274778;2656;0.528112;1
32;0000000000001110010101001110010000000010100110;0.701014;6776;0000010001100110010111000110000010011000000000;0.248086;2398;0.514839;1
33;0000000000001110010101001110010000000010100110;0.701014;6776;0010001000001001010111001000010000101000001010;0.296917;2870;0.517127;1
34;0000000000001110010101001110010000000010100110;0.701014;6776;0100000110100000101000100010010001010000100110;0.239499;2315;0.508146;1
35;0000000000001110010101001110010000000010100110;0.701014;6776;0000100000001010100110001111000001100100100000;0.283675;2742;0.51014;1
36;0000000000001110010101001110010000000010100110;0.701014;6776;0000001010000101001001010101000100000010010110;0.201221;1945;0.500772;1
37;0000000000001110010101001110010000000010100110;0.701014;6776;0000100000110000100011111110000000001001000010;0.160563;1552;0.49997;1
38;0000000000001110010101001110010000000010100110;0.701014;6776;0000001010010010100011000100100000001010110010;0.275191;2660;0.495166;2
39;0000000000001110010101001110010000000010100110;0.701014;6776;0010001010010110000001100110000010000000101100;0.217981;2107;0.493221;2
40;0000000000001110010101001110010000000010100110;0.701014;6776;0100100010000010000010110100010001000100001011;0.241879;2338;0.480087;2
41;0000000000001110010101001110010000000010100110;0.701014;6776;0100110010000001100101000110000000001001001010;0.212497;2054;0.489914;1
42;0000000000001110010101001110010000000010100110;0.701014;6776;0000101000010011000001000111100000000110000101;0.181771;1757;0.49592;1
43;0000000000001110010101001110010000000010100110;0.701014;6776;0010000000000010010101001100000010101001010011;0.226878;2193;0.497296;1
44;0000000000001110010101001110010000000010100110;0.701014;6776;0011011000000010000001100110010000110010100000;0.287916;2783;0.491055;1
45;0000000000001110010101001110010000000010100110;0.701014;6776;0001001001100000101010000110010010000100101000;0.1976;1910;0.494704;1
46;0000000000001110010101001110010000000010100110;0.701014;6776;0100000000001011010001001100001000010001001110;0.272502;2634;0.504072;1
47;0000000000001110010101001110010000000010100110;0.701014;6776;0000100000100010001000011011110000011100001000;0.273433;2643;0.510795;1
48;0000000000001110010101001110010000000010100110;0.701014;6776;0000000011001001010110000000000001011001100110;0.265673;2568;0.514447;1
49;0000000000001110010101001110010000000010100110;0.701014;6776;0100000010101000010001010110000000110100100010;0.270122;2611;0.507558;1
50;0000000000001110010101001110010000000010100110;0.701014;6776;0110000000100010000101010100000000001101001110;0.295779;2859;0.515895;1
51;0000000000001110010101001110010000000010100110;0.701014;6776;0000011000001010000001001101110000111000000100;0.244982;2368;0.506433;1
52;0000000000001110010101001110010000000010100110;0.701014;6776;1000100001000100010000000010010000110011011100;0.230395;2227;0.504712;1
53;0000000000001110010101001110010000000010100110;0.701014;6776;0001000000000110010001101000000010001010100111;0.314918;3044;0.508869;1
54;0000000000001110010101001110010000000010100110;0.701014;6776;1000101100010101011001000100000010001000010000;0.227809;2202;0.498004;1
55;0000000000001110010101001110010000000010100110;0.701014;6776;0000000000111100010110000111000011000000110000;0.213222;2061;0.51007;1
56;0000000000001110010101001110010000000010100110;0.701014;6776;0000001010010000010011110100000000010010001011;0.16077;1554;0.500505;1
57;0000000000001110010101001110010000000010100110;0.701014;6776;0010001000010010110000100100011100000100010010;0.219429;2121;0.491728;1
58;0000000000001110010101001110010000000010100110;0.701014;6776;0100000000010010001011010011010000010011000010;0.206187;1993;0.502209;1
59;0000000000001110010101001110010000000010100110;0.701014;6776;0000001000010111011000001010000100100000010110;0.265363;2565;0.497237;1
60;0000000000001110010101001110010000000010100110;0.701014;6776;1001001000010001001100001110000011000000110000;0.220774;2134;0.486095;1
61;0000000000001110010101001110010000000010100110;0.701014;6776;0000000011001100101100001100000000000011110010;0.191806;1854;0.501353;1
62;0000000000001110010101001110010000000010100110;0.701014;6776;0100110000100110010011010000010000011000001000;0.294744;2849;0.517018;1
63;0000000000001110010101001110010000000010100110;0.701014;6776;0000001010000100001001001000101101011000001100;0.214773;2076;0.496051;1
64;0000000000001110010101001110010000000010100110;0.701014;6776;1000110000010100001111010010010000010000000001;0.250672;2423;0.49891;2
65;0000000000001110010101001110010000000010100110;0.701014;6776;1100100010100100100110000010001000000110100000;0.18115;1751;0.493393;1
66;0000000000001110010101001110010000000010100110;0.701014;6776;0000001010000001111111000010000110000000000110;0.292572;2828;0.51064;1
=============================================
geração;melhor;fitness;cobertura;pior;fitness;cobertura;média;ind_repetidos
0;0100101100101110001101000000010000000100100000;0.535278;5174;1010100010000100010010110000000111100000000001;0.0575212;556;0.181856;1
1;0100101000001110000101000000001100000101100010;0.544072;5259;1110010010000000010001100001110010001000000001;0.0740741;716;0.226014;1
2;0010000100010111001111000100010000000100100000;0.556901;5383;0000110101110001000010010010000010001010000001;0.0887647;858;0.295666;1
3;0000101000101110010100000000001100000101100010;0.562591;5438;0000011000010100110010100001001000010101010000;0.133561;1291;0.324002;1
4;0000100100001110100100000000010000100110101010;0.579454;5601;0011001111101000010100000000001100000100010000;0.128181;1239;0.347727;2
5;0100001000000001000101010110010000010001100110;0.587109;5675;0100101000101010001001100000001100010100010000;0.179495;1735;0.383708;1
6;0000001000000001001101010110010000000001110110;0.619594;5989;0100010011001000000000010000110100001011000110;0.166253;1607;0.401593;1
7;0000001000000001001101010110010000000001110110;0.619594;5989;1000010000100100100100000100000100011000101101;0.184771;1786;0.413738;1
8;0000001000000001001101010110010000000001110110;0.619594;5989;0000100100001101100100001001000000100010110001;0.196669;1901;0.441616;1
9;0000100100010100010101000000010001100110100010;0.627457;6065;0111101100001010011000001000000100010000000100;0.19191;1855;0.460985;1
10;0100001000000110000101001110010000010100100010;0.630457;6094;0100010100000100110100100001011100010010000000;0.22636;2188;0.460865;1
11;0000001000000110000101001110010001000001101010;0.644734;6232;1001100001000100001001001110010011000001000000;0.259259;2506;0.472563;1
12;0000001000000110010101001110010001000010100010;0.67753;6549;0100100010010001001001010010010100100100100000;0.235258;2274;0.483913;1
13;0000001000000110010101001110010001000010100010;0.67753;6549;1010000000010111001000000100100011001000000110;0.200393;1937;0.467986;1
14;0000001000000110010101001110010001000010100010;0.67753;6549;1000001001010110010110000001000100000100010100;0.23474;2269;0.465174;1
15;0000001000000110010101001110010001000010100010;0.67753;6549;0010001001011101000101001000000110000000000110;0.268363;2594;0.479568;1
16;0000001000000110010101001110010001000010100010;0.67753;6549;1001000000011011010101001000001100011000000000;0.222636;2152;0.487293;1
17;0000001000000110010101001110010001000010100010;0.67753;6549;0101010100000100001100010000011000111000001000;0.265777;2569;0.503064;1
18;0000001000000110010101001110010001000010100010;0.67753;6549;1000000100000010010110001101000001110000001010;0.249948;2416;0.491122;1
19;0000001000000110010101001110010001000010100010;0.67753;6549;0000100000010100001011111000011000000000001011;0.246431;2382;0.486614;1
20;0000001000000110010101001110010001000010100010;0.67753;6549;0100010000000110110001011101000010000010000010;0.242499;2344;0.480384;1
21;0000001000000110010101001110010001000010100010;0.67753;6549;0000000110000100101011100100000000000010110011;0.186427;1802;0.477511;1
22;0000001000000110010101001110010001000010100010;0.67753;6549;0000011011000000010001000100101000010000100111;0.266708;2578;0.490828;1
23;0000001000000110010101001110010001000010100010;0.67753;6549;1000000001000110001110001011000000010100010010;0.219843;2125;0.464635;1
24;0000001000000110010101001110010001000010100010;0.67753;6549;0100000001010010011100100101000001100000010010;0.170805;1651;0.471707;1
25;0000001000000110010101001110010001000010100010;0.67753;6549;1010000000000101000111000100011000100010010001;0.224395;2169;0.481263;1
26;0000001000000110010101001110010001000010100010;0.67753;6549;1000010000000010101110110100000001001000100010;0.187461;1812;0.471645;1
27;0000001000000110010101001110010001000010100010;0.67753;6549;1100000101001110000100010010100000010101000000;0.200083;1934;0.479757;1
28;0000001000000110010101001110010001000010100010;0.67753;6549;0010000001000100001100100110110000100011001000;0.232257;2245;0.487548;1
29;0000001000000110010101001110010001000010100010;0.67753;6549;1100000101100011010001000100010000001001000010;0.317712;3071;0.512368;1
30;0000001000000110010101001110010001000010100010;0.67753;6549;0000001000101110011000000010100101000011000010;0.230602;2229;0.504188;1
31;0000001000000110010101001110010001000010100010;0.67753;6549;1000000001010100000101000101000001101000000111;0.260294;2516;0.499732;1
32;0000001000000110010101001110010001000010100010;0.67753;6549;1010001000000000011010001110110001000010000010;0.260294;2516;0.50251;1
33;0000001000000110010101001110010001000010100010;0.67753;6549;0000101001000011010000000110001110010010000100;0.201221;1945;0.50911;1
34;0000001000000110010101001110010001000010100010;0.67753;6549;0010000000000010000101011100001010110010010100;0.235465;2276;0.508839;1
35;0000001000000110010101001110010001000010100010;0.67753;6549;1000110000100000111101000001010000001000000011;0.261846;2531;0.504449;1
36;0000001000000110010101001110010001000010100010;0.67753;6549;1000000000000101100111011010000001000000100011;0.278295;2690;0.506987;1
37;0000001000000110010101001110010001000010100010;0.67753;6549;0000011100010000110100001010000001100010100010;0.237741;2298;0.498745;1
38;0000001000000110010101001110010001000010100010;0.67753;6549;0000100010100000001001000110000101000011100110;0.232982;2252;0.507894;2
39;0000001000000110010101001110010001000010100010;0.67753;6549;0000010110000011011000001000010001000011100010;0.252224;2438;0.495042;1
40;0000001000000110010101001110010001000010100010;0.67753;6549;1000001000000000110110000001010001101000010011;0.201221;1945;0.474938;1
41;0000001000000110010101001110010001000010100010;0.67753;6549;0010001100001000110000000110110000001101000010;0.281295;2719;0.499709;1
42;0000001000000110010101001110010001000010100010;0.67753;6549;0000000000100100010001010101010100111100000100;0.218808;2115;0.48883;2
43;0000001000000110010101001110010001000010100010;0.67753;6549;0110001000010000110001000100010111000000100100;0.249741;2414;0.50478;1
44;0000001000000110010101001110010001000010100010;0.67753;6549;1000001000000100010100101011010001000010110000;0.268363;2594;0.490089;1
45;0000001000000110010101001110010001000010100010;0.67753;6549;1000001000010000100001000110010001011110000100;0.219222;2119;0.500117;1
46;0000001000000110010101001110010001000010100010;0.67753;6549;0001100010110100000001000110000100001001100100;0.24581;2376;0.504802;1
47;0000001000000110010101001110010001000010100010;0.67753;6549;0000010000100010111001100110010001000010100000;0.262363;2536;0.512137;1
48;0000000000000110011101001110010000000010100110;0.693565;6704;0000100000100011000011011001010001001000100100;0.269088;2601;0.525311;1
49;0000000000000110011101001110010000000010100110;0.693565;6704;0010000001010110011001000101000010000000110010;0.249017;2407;0.525319;1
50;0000000000000110011101001110010000000010100110;0.693565;6704;0000000110110000000100100100000001100110100110;0.265156;2563;0.50534;1
51;0000000000000110011101001110010000000010100110;0.693565;6704;1100000010011110010001010110000001000000000010;0.284916;2754;0.493484;1
52;0000000000000110011101001110010000000010100110;0.693565;6704;0100001000100000010100001001010101100100010100;0.237844;2299;0.50099;1
53;0000000000000110011101001110010000000010100110;0.693565;6704;1010001100001010010000010001011000100100100000;0.25119;2428;0.501832;1
54;0000000000000110011101001110010000000010100110;0.693565;6704;0100000000000010011001000100010010101100010011;0.242913;2348;0.49126;1
55;0000000000000110011101001110010000000010100110;0.693565;6704;1001000100000000010001000111010001000001100101;0.273743;2646;0.492332;1
56;0000000000000110011101001110010000000010100110;0.693565;6704;0000010001010110000100001100001011010000100001;0.23981;2318;0.478677;1
57;0000000000000110011101001110010000000010100110;0.693565;6704;0010001011001011110000010100010100000000000100;0.150631;1456;0.47295;1
58;0000000000000110011101001110010000000010100110;0.693565;6704;0000110100011001001100101010010010000000100000;0.225429;2179;0.48601;1
59;0000000000000110011101001110010000000010100110;0.693565;6704;0000000000000100011100111100110100100000001001;0.258432;2498;0.489352;1
60;0000000000000110011101001110010000000010100110;0.693565;6704;1000100000100010001001000101000000101000001111;0.172564;1668;0.477085;2
61;0000000000000110011101001110010000000010100110;0.693565;6704;0001000010000110111001000000001100100010010010;0.210842;2038;0.490802;2
62;0000000000000110011101001110010000000010100110;0.693565;6704;0000000001000110111101000101101000001000000001;0.237844;2299;0.492395;1
63;0000000000000110011101001110010000000010100110;0.693565;6704;1000001000000000110001100100010100101010000110;0.227292;2197;0.482704;1
64;0000000000000110011101001110010000000010100110;0.693565;6704;0010000100101011011001001110010000000000000100;0.306435;2962;0.491789;1
65;0000000000000110011101001110010000000010100110;0.693565;6704;0010010000000110100001010100001000100010101010;0.230706;2230;0.494073;1
66;0000000000000110011101001110010000000010100110;0.693565;6704;0000001010110100000101100110001110000000010000;0.183323;1772;0.489594;1
=============================================
geração;melhor;fitness;cobertura;pior;fitness;cobertura;média;ind_repetidos
0;0000111101000000001100000000010100000011011010;0.451479;4364;0010001011000001010010110001010110000000010000;0.0341403;330;0.187319;1
1;0000111101000000001100001000010001000100001110;0.474343;4585;1010000000000010110001100110000110000011000001;0.0866956;838;0.211099;1
2;0001111000000001000100000000010010110010010110;0.501241;4845;1110001000100100010010001010000001100100001000;0.109352;1057;0.239837;1
3;0001111000000001000100000000010010110010010110;0.501241;4845;0101011000010000110010001010010000001001010000;0.12425;1201;0.294852;1
4;0000111100000011010100000000110000000100101100;0.552555;5341;0001001000010000011010000001010011010001000101;0.141113;1364;0.329936;1
5;1000001000000100010011000100010000001001110110;0.575833;5566;1010100000001010111100011001000000100000010000;0.110594;1069;0.326416;1
6;1000001000000100010011000100010000001001110110;0.575833;5566;1100000010011000001010001010000100010000101001;0.122802;1187;0.346572;1
7;0000011000100100000111000000010001000010101110;0.593317;5735;1000100000001101001011000101100101000000001000;0.133975;1295;0.368295;1
8;0000011000100100000111000000010001000010101110;0.593317;5735;0100011000001001010011000000111000000110010000;0.184151;1780;0.387194;1
9;0000011000100100000111000000010001000010101110;0.593317;5735;0100100010000100101100100100101010010000010000;0.144631;1398;0.414193;1
10;0000011000100100000111000000010001000010101110;0.593317;5735;0000101100110001000000110010000001000010001110;0.141941;1372;0.425466;1
11;0000100110000010010101000100010000100110100010;0.606249;5860;1101001001000000001100100000000000110011010010;0.146286;1414;0.424806;1
12;0000100110000010010101000100010000100110100010;0.606249;5860;1110100000100000010110101010000001000000001010;0.161184;1558;0.433299;1
13;0000000100100110010101000100110011000000100010;0.606663;5864;0000010010001100000100010100001110100100000011;0.143906;1391;0.418045;1
14;0000100000001110010101000100010001100110100000;0.63863;6173;0000011100001000101000100100010001101000001100;0.132526;1281;0.447299;1
15;0000000100000011011100001110010000000010101010;0.664494;6423;0000000101001010000010000101100011001000101010;0.220877;2135;0.468848;2
16;0000000100000011011100001110010000000010101010;0.664494;6423;0000110000111000000011000100010100000011100100;0.253983;2455;0.488353;1
17;0000000100000011011100001110010000000010101010;0.664494;6423;0010101000000010100000000100001011100100101010;0.254604;2461;0.479054;1
18;0000000100000011011100001110010000000010101010;0.664494;6423;0001000000000100000001011100011101100110000001;0.218084;2108;0.475924;1
19;0000000100000011011100001110010000000010101010;0.664494;6423;0011000100100110001010011000000000010010100100;0.20929;2023;0.446259;1
20;0000000100000011011100001110010000000010101010;0.664494;6423;0001010100000010101100010011100010000000001010;0.18922;1829;0.453191;1
21;0000000100000011011100001110010000000010101010;0.664494;6423;0000000100100010100001000000010111000010011101;0.177012;1711;0.450469;2
22;0000000100000011011100001110010000000010101010;0.664494;6423;1001010000010000010110001011100010000000100100;0.196255;1897;0.450747;1
23;0000000100000011011100001110010000000010101010;0.664494;6423;0010100100000000000111000101000111000100011000;0.165218;1597;0.463369;1
24;0000000100000011011100001110010000000010101010;0.664494;6423;1000010100010011000100000101101000100010000010;0.200186;1935;0.45661;1
25;0000000000000101011100001110010000001000101110;0.664598;6424;1000000001001110010011000100110000010010000001;0.233913;2261;0.463204;1
26;0000000000000101011100001110010000001000101110;0.664598;6424;0010001001011010001000000011110001100000000010;0.207842;2009;0.46358;1
27;0000000000000101011100001110010000001000101110;0.664598;6424;1000000001101010010100011110000000100010000010;0.190875;1845;0.469036;2
28;0000000000000101011100001110010000001000101110;0.664598;6424;0000010100001011010000000100001001011010100100;0.253362;2449;0.474266;1
29;0000000000000101011100001110010000001000101110;0.664598;6424;0011000010010001001100000100100101110000100000;0.18953;1832;0.467143;1
30;0000000000000101011100001110010000001000101110;0.664598;6424;1100000100000010010110000010101100001010001000;0.205566;1987;0.462312;1
31;0000000000000101011100001110010000001000101110;0.664598;6424;0010000010100101010001010110010000011000000100;0.28233;2729;0.488406;1
32;0000000000000101011100001110010000001000101110;0.664598;6424;0000101000100000010000001010000010100010110111;0.236085;2282;0.492077;1
33;0000000000000101011100001110010000001000101110;0.664598;6424;0000000111100100000110000000100000111010100100;0.249224;2409;0.493022;1
34;0000000000000101011100001110010000001000101110;0.664598;6424;0001001000010110000010101010010010000100100001;0.243948;2358;0.481462;1
35;0000000000000101011100001110010000001000101110;0.664598;6424;0010010000000110100101011000010000011000010001;0.231844;2241;0.47955;1
36;0000000000000101011100001110010000001000101110;0.664598;6424;1000011001000010001100010100001000001010001010;0.220257;2129;0.474158;1
37;0000000000000101011100001110010000001000101110;0.664598;6424;0010110100010001010100000000100100000110001100;0.182185;1761;0.456;1
38;0000000000000101011100001110010000001000101110;0.664598;6424;0010000010000100111011000100100000001100101000;0.240534;2325;0.469474;1
39;0000000000000101011100001110010000001000101110;0.664598;6424;1100001000100010000111000010010110010000001000;0.254086;2456;0.487451;1
40;0000000000000101011100001110010000001000101110;0.664598;6424;0000001000010110011000100100100101000100000011;0.207635;2007;0.486041;1
41;0000000000000101011100001110010000001000101110;0.664598;6424;0000010110010101000000000101010100100100001010;0.260708;2520;0.478455;1
42;0000000000000111011100001110010000001000101010;0.672667;6502;0100010001100101000000010000011000011001001010;0.182909;1768;0.480809;1
43;0000000000000111011100001110010000001000101010;0.672667;6502;0010001000001000101110000000010101101010000010;0.198841;1922;0.48084;1
44;0000000000000111011100001110010000001000101010;0.672667;6502;1000000100110100010000000110000001001000111100;0.241258;2332;0.488626;1
45;0000000000000111011100001110010000001000101010;0.672667;6502;0101001010000001001000000110000011000101100100;0.21229;2052;0.487278;1
46;0000000000000111011100001110010000001000101010;0.672667;6502;0001000010100011011100101100000000001000101000;0.205566;1987;0.483302;1
47;0000000000000111011100001110010000001000101010;0.672667;6502;0100000100100100001001011100100010010000101000;0.241879;2338;0.483149;1
48;0000000000000111011100001110010000001000101010;0.672667;6502;0000001000110011111100000110000000001100001000;0.222222;2148;0.462692;1
49;0000000000000111011100001110010000001000101010;0.672667;6502;0011000100000000111011000100000100000000101110;0.240017;2320;0.478155;1
50;0000000000000111011100001110010000001000101010;0.672667;6502;0010001000100000000110001111100000000001011100;0.168943;1633;0.486265;1
51;0000100000000100010101001111010000001000100110;0.677219;6546;0000101100100010100001100011001000001000010100;0.161908;1565;0.468257;1
52;0000100000000101010101001110110000001000100010;0.680426;6577;0110110000000000000101111001000000001001000110;0.162218;1568;0.480862;1
53;0000000100000000010101001110011000001010100110;0.681254;6585;0000001110000000110011110100010001000000001100;0.209394;2024;0.487502;1
54;0000000100000000010101001110011000001010100110;0.681254;6585;1001100010001100010001001011010000001000000100;0.223878;2164;0.48282;1
55;0000000100000000010101001110011000001010100110;0.681254;6585;0010100100110000010000000101011000010000001011;0.224084;2166;0.47864;2
56;0000000100000000010101001110011000001010100110;0.681254;6585;0000000010010011010101000000000001100101010110;0.280778;2714;0.484653;2
57;0000000100000000010101001110011000001010100110;0.681254;6585;0000000110011000010000011000110001000110000110;0.22574;2182;0.484718;1
58;0000000100000000010101001110011000001010100110;0.681254;6585;0000101001000100000011100100000001000101100101;0.242396;2343;0.485907;1
59;0000000100000000010101001110011000001010100110;0.681254;6585;0000100010111100000000000011010010001000010110;0.280468;2711;0.492241;1
60;0000000100000000010101001110011000001010100110;0.681254;6585;0000000100010100010000100011111000000101000101;0.216532;2093;0.482577;1
61;0000000100000000010101001110011000001010100110;0.681254;6585;1000110110000000010000001100001000001110010010;0.175874;1700;0.501543;1
62;0000000100000000010101001110011000001010100110;0.681254;6585;0100000110001010000000100010011001011000001010;0.236913;2290;0.510073;1
63;0000000100000000010101001110011000001010100110;0.681254;6585;0000110100000000101100001010110001001010000001;0.225533;2180;0.496794;1
64;0000000100000000010101001110011000001010100110;0.681254;6585;0000110000010000000100000100001010101101010110;0.260708;2520;0.500399;1
65;0000000100000000010101001110011000001010100110;0.681254;6585;0100000001001010010110000011000000001011000110;0.251914;2435;0.496939;1
=============================================
