geração;melhor;fitness;cobertura;pior;fitness;cobertura;média;ind_repetidos
0;0010101100110010010101001000000000000000010011;0.476516;4606;0010100010010000100100110001000001000110010001;0.0266915;258;0.188639;1
1;0000100100000100011101110000001000100010000110;0.52276;5053;1000101000101001001000000100000100000011010011;0.0897993;868;0.233441;1
2;0000000100000101001100000100011000011010011100;0.526588;5090;1001000011100000010010001000000000000110111001;0.10149;981;0.271886;1
3;0000000100000101001000000100011000011010011110;0.535175;5173;1000001001001010000000100000110110001010001001;0.121043;1170;0.295307;2
4;0000000100000101001000000100011000011010011110;0.535175;5173;0100110001111000001001000000011100100010000000;0.0942479;911;0.322533;1
5;0000010100000010000100001100010101001001100110;0.553073;5346;0010000000010000001110101010100010010001000011;0.128492;1242;0.353655;1
6;0000101000010101000100000100011001000001100110;0.561453;5427;1001000100100100000000001001001001100100000111;0.119594;1156;0.381003;1
7;0001100100000110001100010100010000000000011110;0.571074;5520;0110000001110100011010100100010001000000000100;0.14163;1369;0.416571;1
8;0000100000000110001100011100010000100000011110;0.61049;5901;0110010100000000011100001000000001100110000110;0.213429;2063;0.440931;2
9;0000100000000110001100011100010000100000011110;0.61049;5901;0100000001001101000110000000000000011101010101;0.193048;1866;0.439625;1
10;0000000100000110001101000110011000000100001110;0.629733;6087;0100101100001001000000001001101000000000110011;0.164287;1588;0.463753;2
11;0000000100000110000101000110011000011000100110;0.632837;6117;1001010100001000000110000000001001010011100100;0.219429;2121;0.474836;1
12;0000000100000110000101000110011000011000100110;0.632837;6117;0010010101010010000001001100011001000001000100;0.214567;2074;0.465815;1
13;0000000100000110000101000110011000011000100110;0.632837;6117;0000000100101000001100111100010000001110000001;0.196462;1899;0.481077;1
14;0000000100000100100101000110111000000100100110;0.637389;6161;0001000000011010001001000110010000100011001010;0.259673;2510;0.499921;1
15;0000000100000100100101000110111000000100100110;0.637389;6161;0010000100000010101000011000011100100100000110;0.253776;2453;0.509872;2
16;0000000100000110000101000110011000000100101110;0.640906;6195;0000000000000011101000000111110100101010000010;0.271984;2629;0.529556;1
17;0000000100000100010101000110011000011000100110;0.67546;6529;0000010100100001011001000110010001001000001010;0.270019;2610;0.527615;2
18;0000000100000100010101000110011000011000100110;0.67546;6529;0101010110000000000101000110000001001010101000;0.267846;2589;0.539622;3
19;0000000100000100010101000110011000011000100110;0.67546;6529;1001000100010100000011000110011000000000011010;0.354749;3429;0.540057;2
20;0000000100000100010101000110011000011000100110;0.67546;6529;1000001010100000001001000110001010010000100110;0.217877;2106;0.528463;2
21;0000000100000100010101000110011000011000100110;0.67546;6529;0100000000001000000001010111000011001010100110;0.250983;2426;0.53534;1
22;0000000000000100011111001110010000000000101110;0.679806;6571;0000010101101010001100001101010000000000001001;0.210739;2037;0.535713;1
23;0000000000000100011111001110010000000000101110;0.679806;6571;0000000001001100000101010110100001001010001100;0.286365;2768;0.535644;1
24;0000000000000100011111001110010000000000101110;0.679806;6571;0000000100100001001100001011010100000001001110;0.312022;3016;0.536115;1
25;0000100100000100011101001110010000001000100010;0.694703;6715;0000000001010100010001011000010010011000001110;0.25181;2434;0.542713;2
26;0000100100000100011101001110010000001000100010;0.694703;6715;0000100010000000000101001101011010000110100001;0.287399;2778;0.537694;2
27;0000100100000100011101001110010000001000100010;0.694703;6715;0110101000000001010101010100000000000001001011;0.293813;2840;0.5553;1
28;0000100100000100011101001110010000001000100010;0.694703;6715;0000011010010000000101000000010100001000011111;0.331678;3206;0.543004;1
29;0000100100000100011101001110010000001000100010;0.694703;6715;0000001000100010001001000010110101001001101000;0.329505;3185;0.534262;1
30;0000100100000100011101001110010000001000100010;0.694703;6715;0100000100010000110100100110001000001000000111;0.248293;2400;0.536779;1
31;0000100100000100011101001110010000001000100010;0.694703;6715;0000000100100101010010101110010010000001000010;0.282226;2728;0.529587;1
32;0000100100000100011101001110010000001000100010;0.694703;6715;0010100100001000110000000010010010000010100111;0.262363;2536;0.51358;1
33;0000100100000100011101001110010000001000100010;0.694703;6715;1000001000000011011001101100000000010100100010;0.265673;2568;0.5226;1
34;0000100100000100011101001110010000001000100010;0.694703;6715;0001000001001100001011000111010010000000100100;0.292262;2825;0.526964;3
35;0000100100000100011101001110010000001000100010;0.694703;6715;0010011000000110010000100000010001110010001010;0.294124;2843;0.52926;3
36;0000100100000100011101001110010000001000100010;0.694703;6715;0100001100001010010001001000010110110000000100;0.292675;2829;0.543209;1
37;0000100100000100011101001110010000001000100010;0.694703;6715;0000000000000111011010001110001000001000011010;0.297538;2876;0.551073;2
38;0000100100000100011101001110010000001000100010;0.694703;6715;0000110101100100001000001110000100000000101010;0.304262;2941;0.544831;2
39;0000100100000100011101001110010000001000100010;0.694703;6715;0000001101000000001101001011010000100100000011;0.317401;3068;0.542922;1
40;0000100100000100011101001110010000001000100010;0.694703;6715;0000000000010100111011001110010100000001000010;0.319988;3093;0.55827;1
41;0000100100000100011101001110010000001000100010;0.694703;6715;1001000000000100011011011110010000000001001000;0.266708;2578;0.538334;1
42;0000100100000100011101001110010000001000100010;0.694703;6715;1010000100001010010110000100001100000010101000;0.218808;2115;0.526379;2
43;0000100100000100011101001110010000001000100010;0.694703;6715;1100100001001110001001000010000000010000010110;0.289158;2795;0.535122;1
44;0000100100000100011101001110010000001000100010;0.694703;6715;0000100110000000011101100010010001010001100000;0.318125;3075;0.548864;2
45;0000100100000100011101001110010000001000100010;0.694703;6715;1010000100001010000100000010000101000110100110;0.272295;2632;0.537672;2
46;0000100100000100011101001110010000001000100010;0.694703;6715;0100010100000010011101000000100010001001100100;0.29671;2868;0.527012;1
47;0000100100000100011101001110010000001000100010;0.694703;6715;0000100010001100011101001010010011000000100000;0.300641;2906;0.532931;4
48;0000100100000100011101001110010000001000100010;0.694703;6715;0100000010000100011001000010011010100000001110;0.313987;3035;0.546865;3
49;0000100100000100011101001110010000001000100010;0.694703;6715;0000100001000010011000001101000001001000101110;0.312022;3016;0.528625;1
50;0000100100000100011101001110010000001000100010;0.694703;6715;0000110001000000011110100110000000001000101010;0.310677;3003;0.5372;2
51;0000100100000100011101001110010000001000100010;0.694703;6715;0100000100001100010001000100000100011010001110;0.305711;2955;0.545947;2
52;0000100100000100011101001110010000001000100010;0.694703;6715;0010110100000100011010101100010000100000000010;0.358576;3466;0.562031;1
53;0000100100000100011101001110010000001000100010;0.694703;6715;0000000100000010011101001100100100001100001010;0.354749;3429;0.571618;3
54;0000100100000100011101001110010000001000100010;0.694703;6715;0000100000110010011101001100000001001001100000;0.282537;2731;0.558665;2
55;0000100100000100011101001110010000001000100010;0.694703;6715;1000110100000100011101000000000110000100001010;0.340989;3296;0.562376;2
56;0000100100000100011101001110010000001000100010;0.694703;6715;0000001100010000011101001000010100000110001010;0.360749;3487;0.570599;1
57;0000100100000100011101001110010000001000100010;0.694703;6715;0010000000010110000101101010010100001000110000;0.339127;3278;0.556354;1
58;0000100100000100011101001110010000001000100010;0.694703;6715;0000011000000100001101011010100000001000100011;0.347093;3355;0.555539;3
59;0000100100000100011101001110010000001000100010;0.694703;6715;0001100000100000110101101110100000000001000010;0.34223;3308;0.547441;1
60;0000100100000100011101001110010000001000100010;0.694703;6715;0010000100001100001101101110000000001000101000;0.323402;3126;0.530677;1
61;0000100100000100011101001110010000001000100010;0.694703;6715;1000100100100011010001000110000100010000100010;0.350093;3384;0.547154;2
62;0000100100000100011101001110010000001000100010;0.694703;6715;0001000011000101010101000110000100001001100000;0.280778;2714;0.552551;2
63;0000100100000100011101001110010000001000100010;0.694703;6715;0000000001000100101001011101001000001000100110;0.258328;2497;0.552707;1
64;0000100100000100011101001110010000001000100010;0.694703;6715;0000001001010101010001001101010000011000100000;0.315849;3053;0.550457;1
65;0000100100000100011101001110010000001000100010;0.694703;6715;0000100000100000001001111110000010001000100110;0.255742;2472;0.531775;1
66;0000100100000100011101001110010000001000100010;0.694703;6715;1000000000000000011101110100010000101000011010;0.255121;2466;0.53414;1
67;0000100100000100011101001110010000001000100010;0.694703;6715;0110000100000100011001010100001001000010100010;0.314401;3039;0.541553;1
=============================================
geração;melhor;fitness;cobertura;pior;fitness;cobertura;média;ind_repetidos
0;0100100101100110000000000100010100000100011010;0.44041;4257;1100011001100000000001110001000101010000000100;0.041796;404;0.177022;1
1;1000001000100110000000000000110000110010100111;0.474136;4583;0111010101000001110000001000000101000000010001;0.0422098;408;0.201044;1
2;0000001000100110001100010010111000100000001100;0.513863;4967;0011000010100000100101000001100011000110000100;0.100766;974;0.255145;1
3;0000100100001001000110010100011000110000100010;0.538589;5206;0111010110000100010001001001100000001100000000;0.10749;1039;0.291815;1
4;0010101100001010010100000000011000010000101010;0.575109;5559;1101010100010010000000001000011010110000001000;0.120319;1163;0.357607;1
5;0000101110000010010100001110010000000000110010;0.614836;5943;1001010000001010000111001000000001000011000110;0.198221;1916;0.378155;1
6;0000101110000010010100001110010000000000110010;0.614836;5943;0010001010001011001000101100111000100000000000;0.177426;1715;0.396597;2
7;0000101110000010010100001110010000000000110010;0.614836;5943;0000011100100101010000010000010000110110001000;0.197703;1911;0.412177;2
8;0000001100010100000100011100110000000000111010;0.617939;5973;0000011110000010000001000110000001101000011100;0.181461;1754;0.443088;2
9;0000101100010100000100011100010000000000111010;0.631388;6103;1010011100100010000100000110000001110000001000;0.159425;1541;0.470041;1
10;0000101100010100000100011100010000000000111010;0.631388;6103;0010011000001110010100001000000000100010011100;0.258328;2497;0.478603;2
11;0000101100010100000100011100010000000000111010;0.631388;6103;0000101100000001011010000100011100001110000000;0.232361;2246;0.481114;2
12;0000001000100110011101000100010000001000110010;0.64432;6228;0000001010001000100101001000010100100001100011;0.281295;2719;0.509706;2
13;0000000100010110010101011100010000001000100010;0.684564;6617;0100001011100010011101000100001000000000010100;0.285123;2756;0.520354;1
14;0000000100010110010101011100010000001000100010;0.684564;6617;0100100100010001010110000010000100011000010010;0.258432;2498;0.535875;1
15;0000000100010110010101011100010000001000100010;0.684564;6617;0000001010100100100011000100010110000000110010;0.372336;3599;0.544784;1
16;0000000100010110010101011100010000001000100010;0.684564;6617;0000000011010100001111000100000000101000110010;0.310366;3000;0.541157;1
17;0000000100010110010101011100010000001000100010;0.684564;6617;0100000010101100010101011100000100000000110000;0.271984;2629;0.531732;1
18;0000000100010110010101011100010000001000100010;0.684564;6617;1000000100000010011011001100100100010000100100;0.255431;2469;0.522483;1
19;0000000100010110010101011100010000001000100010;0.684564;6617;0100000001101110010001000100010010001100010000;0.258639;2500;0.534812;1
20;0000000100010110010101011100010000001000100010;0.684564;6617;0011000101010011010001000000110001001000100000;0.27157;2625;0.537002;2
21;0000000100010110010101011100010000001000100010;0.684564;6617;0000000011000101001001111100000000010000101100;0.201117;1944;0.52402;1
22;0000000100010110010101011100010000001000100010;0.684564;6617;0110000100000100010010011100100110000000100010;0.233913;2261;0.53376;4
23;0000000100010110010101011100010000001000100010;0.684564;6617;0010000101011100010100010001000000001000110100;0.241465;2334;0.521674;1
24;0000000100010110010101011100010000001000100010;0.684564;6617;0000010000010011010001001100010010010000010110;0.282537;2731;0.526509;4
25;0000000100010110010101011100010000001000100010;0.684564;6617;0000000100100010100001010010010101010000100110;0.329712;3187;0.530698;2
26;0000000100010110010101011100010000001000100010;0.684564;6617;0000000110000100011000001100010000101010010011;0.244776;2366;0.525266;1
27;0000000100010110010101011100010000001000100010;0.684564;6617;1000000100100011011100000100001001000100000011;0.27933;2700;0.519205;1
28;0000000100010110010101011100010000001000100010;0.684564;6617;0000000100100010011100010000010111000100100001;0.31047;3001;0.530405;2
29;0000000100010110010101011100010000001000100010;0.684564;6617;0100000000000000110101010101010010100000011010;0.261846;2531;0.534;1
30;0000000100010110010101011100010000001000100010;0.684564;6617;0001000100010110011000011100000001010100000010;0.297331;2874;0.536345;1
31;0000000100010110010101011100010000001000100010;0.684564;6617;1000100000000100011000100101110100000101000010;0.321953;3112;0.53667;1
32;0000000100010110010101011100010000001000100010;0.684564;6617;1000010100000110001000101110000001000100100010;0.271053;2620;0.534347;2
33;0000000100010110010101011100010000001000100010;0.684564;6617;0000010100110100001001011100001000000000101010;0.268053;2591;0.526378;1
34;0000000100010110010101011100010000001000100010;0.684564;6617;0000000000000110110001110100101100000100011000;0.229257;2216;0.510484;2
35;0000000100010110010101011100010000001000100010;0.684564;6617;0010000000000000001101011101011000000110001010;0.320401;3097;0.514774;2
36;0000000100010110010101011100010000001000100010;0.684564;6617;1100000000000100001111010100010001101001000000;0.280364;2710;0.519032;2
37;0000000100010110010101011100010000001000100010;0.684564;6617;0010100101000000011010000100010010001000101001;0.234844;2270;0.528426;1
38;0000000100010110010101011100010000001000100010;0.684564;6617;0010110000001000000101010111001000010100000010;0.235568;2277;0.516883;1
39;0000000100010110010101011100010000001000100010;0.684564;6617;0000000000011101001101000101010010001101000000;0.266501;2576;0.507875;2
40;0000000100010110010101011100010000001000100010;0.684564;6617;0100000100010010100101011000010010000101001000;0.239396;2314;0.496864;1
41;0000000100010110010101011100010000001000100010;0.684564;6617;0000010001000100100001100010010001001100100011;0.289261;2796;0.487439;1
42;0000000100010110010101011100010000001000100010;0.684564;6617;0110000100010110010100000001001010010000100001;0.235568;2277;0.501744;1
43;0000000100010110010101011100010000001000100010;0.684564;6617;0100000100010010000101000011011000101010001000;0.286261;2767;0.527454;2
44;0000000100010110010101011100010000001000100010;0.684564;6617;0000000000010100010011110100010101010001000010;0.241568;2335;0.523411;1
45;0000000100010110010101011100010000001000100010;0.684564;6617;0000010001000110010000010011110000000110100010;0.332609;3215;0.525425;1
46;0000000000000110000101001110010001001000101110;0.68684;6639;0000000001010010010101010100010100011101000000;0.247155;2389;0.532514;1
47;0000000000000110000101001110010001001000101110;0.68684;6639;0000100000110110001101100010000001101010000000;0.216946;2097;0.533772;1
48;0000000000000110000101001110010001001000101110;0.68684;6639;0000000100000110010000011000100011000011100110;0.270536;2615;0.518025;2
49;0000000000000110000101001110010001001000101110;0.68684;6639;1000000100101010110001110110011000000000000000;0.214773;2076;0.513446;1
50;0000000000000110000101001110010001001000101110;0.68684;6639;0010000101011100010001110100010000001000000010;0.297641;2877;0.509274;1
51;0000000000000110000101001110010001001000101110;0.68684;6639;0001100011000110001001011000000000001000110100;0.236499;2286;0.497531;1
52;0000000000000110000101001110010001001000101110;0.68684;6639;0100001010000010110000000100000100111100100010;0.20898;2020;0.494797;1
53;0000000000000110000101001110010001001000101110;0.68684;6639;0000010001010101001101000111010000110000000000;0.238361;2304;0.491058;1
54;0000000000000110000101001110010001001000101110;0.68684;6639;1000100000000001000101001110000100011010000011;0.25988;2512;0.494908;1
55;0000000000000110000101001110010001001000101110;0.68684;6639;1100000000111100001111100101010000000000000000;0.212187;2051;0.479339;1
56;0000000000000110000101001110010001001000101110;0.68684;6639;0100000100100110011000000000000101001000110011;0.270639;2616;0.502047;1
57;0000000000000110000101001110010001001000101110;0.68684;6639;1000001110010000010101001010000100000001000110;0.260604;2519;0.503076;1
58;0000000000000110000101001110010001001000101110;0.68684;6639;0001000100001100000001000110000100100011110010;0.293089;2833;0.506469;1
59;0000000000000110000101001110010001001000101110;0.68684;6639;1010000100001100111000000000010000010001100011;0.271467;2624;0.517976;1
60;0000000000000110000111001110010000001000101110;0.687565;6646;0010010000000100001101000110000101100000110100;0.310366;3000;0.523613;1
61;0000000000000110000111001110010000001000101110;0.687565;6646;1001001110100010010101001000010001000000100000;0.340679;3293;0.533992;4
62;0000000000000110000111001110010000001000101110;0.687565;6646;0100011100001101010001100001110000000000100000;0.266708;2578;0.54515;2
63;0000000000000110000111001110010000001000101110;0.687565;6646;1100000000000101101101000100010001010010001000;0.280364;2710;0.535609;2
64;0000000000000110000111001110010000001000101110;0.687565;6646;0110000001000001000111001110000101001000100000;0.251914;2435;0.517069;1
65;0000000000000110000111001110010000001000101110;0.687565;6646;1000010100000110010000000100001100111000100010;0.285847;2763;0.531356;2
66;0000000000000110000111001110010000001000101110;0.687565;6646;0000010000000110100101101010010101101000000000;0.274364;2652;0.551555;4
=============================================
geração;melhor;fitness;cobertura;pior;fitness;cobertura;média;ind_repetidos
0;0000100110001010010000111101010000000000010010;0.459859;4445;1110100011000001100010010000000001011010000000;0.0622802;602;0.189255;1
1;0000100100001010010000111101010000000000010110;0.518519;5012;0100100010100001100001101010001000001000100001;0.112663;1089;0.214801;1
2;0011000001000110010000001110110000000000010110;0.534037;5162;1010010010011000000000110000110110110000000000;0.0729361;705;0.249364;2
3;0110000000000000000111001110010000000010101110;0.534658;5168;0000010010001010010000100101001100010000000111;0.110801;1071;0.292851;1
4;0000100000000100010001011110110000000100010110;0.591455;5717;0100010000111010000010000110000001000111010000;0.107076;1035;0.328984;1
5;0100001000000000000111001110010000000010101110;0.642044;6206;1100100000100100000011100000001001000010110001;0.143493;1387;0.361567;1
6;0100001000000000000111001110010000000010101110;0.642044;6206;0100100000000000101010100101011110000100000010;0.158804;1535;0.377812;1
7;0100001000000000000111001110010000000010101110;0.642044;6206;0000100001000011110010101100110000000011000000;0.178978;1730;0.419372;2
8;0100001000000000000111001110010000000010101110;0.642044;6206;1000000000000010101111101010000000001001010010;0.208049;2011;0.436072;3
9;0100001000000000000111001110010000000010101110;0.642044;6206;0000100001000100001111110000000100000011001001;0.1437;1389;0.443044;2
10;0100001000000000000111001110010000000010101110;0.642044;6206;1010100100001011010010101100010000000000010000;0.157045;1518;0.452543;2
11;0100001000000000000111001110010000000010101110;0.642044;6206;0100000001011100000100000100010110011100010000;0.242706;2346;0.45163;1
12;0100001000000000000111001110010000000010101110;0.642044;6206;1001000001011001100100010100010000000100000011;0.17246;1667;0.441498;1
13;0000001000000000000111001110011000000010101110;0.647321;6257;1000000000010110011001010100000010010011010000;0.165322;1598;0.431748;1
14;0000001000000000000111001110011000000010101110;0.647321;6257;0010000101000011000111001000100000011000000011;0.211152;2041;0.476537;1
15;0000001000000000000111001110011000000010101110;0.647321;6257;0101001000101000000000001010010011001000101100;0.236396;2285;0.473448;1
16;0000001000000000000111001110011000000010101110;0.647321;6257;0010100001010010110001001111010010000000000000;0.207532;2006;0.489884;2
17;0000001000000000000111001110011000000010101110;0.647321;6257;0010011100000000000111101000011000000010101000;0.262777;2540;0.494618;1
18;0010000000000110011100011100010000000010101010;0.6557;6338;0000001000100010110000011101000010000000110110;0.282537;2731;0.495695;1
19;0000000000000110011110011100010000000010101010;0.666874;6446;0000100100000001001110001100000111110000010000;0.174426;1686;0.496981;1
20;0000000000000110011110011100010000000010101010;0.666874;6446;1000100110000000100010001110001000000000110110;0.223567;2161;0.501354;1
21;0000100000000110011101001110010000000000110010;0.693151;6700;1000000100010000010111001111001000000000100100;0.244776;2366;0.510632;1
22;0000100000000110011101001110010000000000110010;0.693151;6700;0000101100111000001000001110000001000010010010;0.224498;2170;0.507331;1
23;0000100000000110011101001110010000000000110010;0.693151;6700;0001000100001100010110101000001000000010101100;0.281916;2725;0.522382;1
24;0000100000000110011101001110010000000000110010;0.693151;6700;0001000010100110001100001010010010000001110000;0.298365;2884;0.528808;1
25;0000100000000110011101001110010000000000110010;0.693151;6700;0100001010000010001001000010110100010100100010;0.355059;3432;0.539178;2
26;0000100000000110011101001110010000000000110010;0.693151;6700;0001010100000110010100001000001100001100000011;0.32185;3111;0.53874;1
27;0000100000000110011101001110010000000000110010;0.693151;6700;0110000100001000000101001100010010011000000011;0.320608;3099;0.538499;2
28;0000100000000110011101001110010000000000110010;0.693151;6700;0000000010001110000000011101010100001010010010;0.337368;3261;0.535141;1
29;0000100000000110011101001110010000000000110010;0.693151;6700;0100000000001010000100011110001010001000110100;0.282433;2730;0.524979;1
30;0000100000000110011101001110010000000000110010;0.693151;6700;0000001100000100011000010110101110000000100010;0.303745;2936;0.527175;1
31;0000100000000110011101001110010000000000110010;0.693151;6700;1000001100100100011000001010011000001000010010;0.292262;2825;0.543262;1
32;0000100000000110011101001110010000000000110010;0.693151;6700;1001000100000100001000001100001000101100110010;0.273536;2644;0.543138;1
33;0000100000000110011101001110010000000000110010;0.693151;6700;0110000100001100001000000010011000100010110010;0.282847;2734;0.529899;1
34;0000100000000110011101001110010000000000110010;0.693151;6700;1000001000000110001101001010000000001100001101;0.289158;2795;0.536405;1
35;0000100000000110011101001110010000000000110010;0.693151;6700;0000000000011110011000001100010010010010110000;0.314918;3044;0.552316;1
36;0000100000000110011101001110010000000000110010;0.693151;6700;1000101000000010100001001100000010101000110010;0.249121;2408;0.531001;1
37;0000100000000110011101001110010000000000110010;0.693151;6700;1001010000000000010100001111010000101100000010;0.294951;2851;0.53193;1
38;0000100000000110011101001110010000000000110010;0.693151;6700;1010000000000100011000000111000001000100111010;0.274674;2655;0.551594;1
39;0000100000000110011101001110010000000000110010;0.693151;6700;0000000100000001011110100100000000001000011111;0.280881;2715;0.553032;3
40;0000100000000110011101001110010000000000110010;0.693151;6700;0000100000100000011111011100000000001000110010;0.383406;3706;0.572449;2
41;0000100000000110011101001110010000000000110010;0.693151;6700;0000000000010001011101010100010000011100010010;0.33592;3247;0.571597;3
42;0000100000000110011101001110010000000000110010;0.693151;6700;0000010010000100110101010100010100100001100000;0.301055;2910;0.571263;2
43;0000100000000110011101001110010000000000110010;0.693151;6700;0000100000100000011111001011010000000000110100;0.361784;3497;0.588421;5
44;0000100000000110011101001110010000000000110010;0.693151;6700;0000000101000001011101110100010000000101000100;0.333023;3219;0.579629;1
45;0000100000000110011101001110010000000000110010;0.693151;6700;0000100010000000011000001110010010010000101011;0.359094;3471;0.575857;2
46;0000100000000110011101001110010000000000110010;0.693151;6700;0000001011000110011001001110000000000010010010;0.314298;3038;0.569752;2
47;0000100000000110011101001110010000000000110010;0.693151;6700;1010100010000100011101001010000000000000100011;0.316884;3063;0.570719;3
48;0000100000000110011101001110010000000000110010;0.693151;6700;0001000010000110000001100110010100000001001011;0.351438;3397;0.572611;1
49;0000100000000110011101001110010000000000110010;0.693151;6700;0000100001000010111001000110010000000110010010;0.362818;3507;0.576134;4
50;0000100000000110011101001110010000000000110010;0.693151;6700;0000001010101010000101101110000000000001110000;0.253776;2453;0.570053;1
51;0000100000000110111101001110010000000000100010;0.708049;6844;0001010010000100111101000010010001000000100100;0.322574;3118;0.563881;2
52;0000100000000110111101001110010000000000100010;0.708049;6844;0000010100100111101000001110001000001000000010;0.259777;2511;0.568612;1
53;0000100000000110111101001110010000000000100010;0.708049;6844;1001000100001100000101001010011000000010110000;0.344196;3327;0.559515;2
54;0000100000000110111101001110010000000000100010;0.708049;6844;0000100101100110000001000000010110011010010000;0.343472;3320;0.538669;1
55;0000100000000110111101001110010000000000100010;0.708049;6844;0000001110100010011001000100000100001000110100;0.286054;2765;0.532256;1
56;0000100000000110111101001110010000000000100010;0.708049;6844;0010000001000100010101011110010101001000000000;0.29671;2868;0.539393;1
57;0000100000000110111101001110010000000000100010;0.708049;6844;0000000100110010010100001111000100000000001101;0.243741;2356;0.535163;1
58;0000100000000110111101001110010000000000100010;0.708049;6844;0000100000010010110001111110010000010000001000;0.295572;2857;0.527822;1
59;0000100000000110111101001110010000000000100010;0.708049;6844;0000000110100010010101000000000010001100101101;0.309021;2987;0.527886;1
60;0000100000000110111101001110010000000000100010;0.708049;6844;0000101010010000000000110001010101000100010110;0.212601;2055;0.538185;1
61;0000100000000110111101001110010000000000100010;0.708049;6844;0000000000001110110000110100000011010001100010;0.213429;2063;0.530857;1
62;0000100000000110111101001110010000000000100010;0.708049;6844;0000000001001110111101000000001001000000011010;0.286468;2769;0.53134;1
63;0000100000000110111101001110010000000000100010;0.708049;6844;0000000100000100111001000100100011011000000110;0.295572;2857;0.520578;2
64;0000100000000110111101001110010000000000100010;0.708049;6844;0000000100110011010011000000010000101100010010;0.308814;2985;0.532212;2
65;0000100000000110111101001110010000000000100010;0.708049;6844;0001000100001111000000100010100001001000001110;0.284399;2749;0.530602;1
66;0000100000000110111101001110010000000000100010;0.708049;6844;0000100000000110111101011000100100000100100000;0.35868;3467;0.531445;1
=============================================
