geração;melhor;fitness;cobertura;pior;fitness;cobertura;média;ind_repetidos
0;0001111000000110011101001110111001011001110010;0.581106;5739;1111110011011001111001111001000001100101000000;0.0470838;465;0.186729;1
1;0100111000000110011101001110111001011001110010;0.579081;5719;0111100011110010111001101001001110000010010101;0.0409072;404;0.224433;4
2;0000101101010111010100000010110000011111111110;0.54354;5368;0100111010110011101000101001000101101111100001;0.0931551;920;0.255521;1
3;0010100110001110011101001100111001011001110010;0.551337;5445;1001001011101101111100110101101001000000001101;0.0750304;741;0.294305;2
4;0000100110100101000101011110110000011101111110;0.568854;5618;0101000110111101101010110110001010001010110010;0.137201;1355;0.329343;3
5;0000100110100101000101011110110000011101111110;0.568854;5618;0111011100001011010000001100100011110101011101;0.120899;1194;0.366879;6
6;0000100110110110010101011110010100011110100110;0.582017;5748;1110101000111001100011010001111001000101101100;0.153706;1518;0.408419;5
7;0000100110010110010111001110011000011110101110;0.588092;5808;0101011000011101110100001101001011110101100100;0.157959;1560;0.441936;4
8;0000111000100100010101011110111000011110110110;0.587282;5800;0000111110100000001110001100010111111111000011;0.193803;1914;0.47883;2
9;0000100100010110011111000110110001110110110110;0.602572;5951;0010001100110111110010000101110010001001111011;0.258505;2553;0.488881;2
10;1000100100010110011111000110110001100110110110;0.581004;5738;0010100110110100010010011110100101101001111010;0.240583;2376;0.495288;8
11;0000101001000110011101011111010100011010110110;0.593358;5860;0010100110010111010000101110010101011011101100;0.245747;2427;0.505404;13
12;0000101100100110010101011110011000111100110110;0.59356;5862;0100011101010101000011010111101101000110100110;0.216889;2142;0.513786;6
13;0000001100010111010111001110111000101100110110;0.593763;5864;0010010100010011010101110100010101011100111101;0.270555;2672;0.526176;13
14;0000100110000111011101011110010100011010110110;0.604597;5971;0010100110000110011011000111110111011010100100;0.28787;2843;0.532053;8
15;0000001100100110010101011110011001011101110110;0.605103;5976;0000111100010011011101001110000100011010111011;0.297894;2942;0.53398;5
16;0001100000000111011111001110011001101100110110;0.602268;5948;0010111001000111111101010010100100010000111110;0.311766;3079;0.541366;6
17;0000101100000110010111011110110100011000111110;0.607027;5995;1000100100110111010011001110001100001001111110;0.29759;2939;0.548778;8
18;1000100000001110011111011110011100011000101110;0.611584;6040;1010100011101110010101010111010000101110100010;0.310247;3064;0.554147;10
19;0100101000000110011111011110011100011000101110;0.613001;6054;0001011000000110011101111110100100110011101010;0.330194;3261;0.559363;10
20;0000101100100110011111011110010000011010101110;0.621709;6140;1000001100110101010101011001110001100101110110;0.323309;3193;0.566344;14
21;0000101100000110011111011110011000011010101110;0.625354;6176;0000101101001100011111001111001001001100111100;0.315512;3116;0.572022;20
22;0000101100000110011111011110011000011010101110;0.625354;6176;0000000110100111011111011111111000010010001100;0.336675;3325;0.575465;16
23;0000101000000111011111011110011100011000101110;0.625759;6180;0000101000010110011101011010101001011100111110;0.384569;3798;0.579295;17
24;0000100100001110011111011110011000011010101110;0.630417;6226;0000001101000111010001011110100110101101110110;0.312272;3084;0.580504;21
25;0000001100001110011111011110011000011010101110;0.626468;6187;0000001000101110010101011111011101011000111100;0.392365;3875;0.586746;16
26;0000100100000111011111011110011100011000101110;0.628392;6206;0010101100000101010110111110101001001100111100;0.308222;3044;0.585146;21
27;0000100100000111011111011110011100011000101110;0.628392;6206;1000100100100110011001011110011001101100111010;0.367051;3625;0.588411;28
28;0000100100000111011111011110011100011000101110;0.628392;6206;0000110101000111010001011110110100011010111010;0.370292;3657;0.591139;26
29;0000100100000111011111011110011100011000101110;0.628392;6206;0000000100100011011111011111010001111001001110;0.352977;3486;0.594178;33
30;0000100100000111011111011110011000011010101110;0.629506;6217;0000100100001101110111011110001000011011101110;0.372317;3677;0.597278;50
31;0000101000001111011111011110010000011010101110;0.630417;6226;0000101100000100111001011010011100011110111110;0.361077;3566;0.598827;61
32;0000101000001111011111011110010000011010101110;0.630417;6226;0000000100101010011111010110010110011010111110;0.384467;3797;0.604413;67
33;0000101000001111011111011110010000011010101110;0.630417;6226;1000000100100111011011011110011000110010101110;0.375253;3706;0.606433;72
34;0000100100001111011111011110010000011010101110;0.63305;6252;0010100000100111011110011110011000001101111010;0.389733;3849;0.606419;59
35;0000100100001111011111011110010000011010101110;0.63305;6252;0000010100101111011101001010011100010011101110;0.378696;3740;0.607117;67
36;0000100100001111011111011110010000011010101110;0.63305;6252;1010100000001110010111011110110001011010101100;0.366748;3622;0.610822;64
37;0000100100001111011111011110010000011010101110;0.63305;6252;0000100000001111011111011110001100011010101110;0.418692;4135;0.610867;83
38;0000100100001111011111011110010000011010101110;0.63305;6252;0000100000001011011111111110011000011010101110;0.430032;4247;0.61071;73
39;0000100100001111011111011110010000011010101110;0.63305;6252;0000001000001111011011011110010001011110101110;0.405427;4004;0.610171;90
40;0000100100001111011111011110010000011010101110;0.63305;6252;0000011100000111011111011010010001011010011110;0.524605;5181;0.613274;93
41;0000100100001111011111011110010000011010101110;0.63305;6252;0000100000100111011111011110011100011010101100;0.396213;3913;0.613637;114
42;0000100100001111011111011110010000011010101110;0.63305;6252;0000100000001111011111111110011000011011001010;0.379506;3748;0.61356;101
43;0000100100001111011111011110010000011010101110;0.63305;6252;0000000100010101011111011110010100011010101111;0.418793;4136;0.615712;127
44;0000000100001110011111011110010000011110111110;0.633556;6257;0000100100011101011111011110010000011010101011;0.414642;4095;0.616246;134
45;0000100100000110011111011110010000011110111110;0.636087;6282;0000101000100111111111011110010000011110101000;0.387201;3824;0.617857;146
46;0000100100000110011111011110010000011110111110;0.636087;6282;1000100110100111011111011010010000011010101010;0.36938;3648;0.619514;159
47;0000101000000110011111011110010000011110111110;0.633151;6253;0000111000001101001111011010010100011110101110;0.346092;3418;0.620911;185
48;0000101000000110011111011110010000011110111110;0.633151;6253;0000100100000011011111011110110000011010111101;0.404415;3994;0.619794;192
49;0000100000001111111111011110010000011010101110;0.633556;6257;0000100000001111011011011110010000011110111110;0.417882;4127;0.617624;184
50;0000100000001111111111011110010000011010101110;0.633556;6257;0000101000001101011011011110010101011010101110;0.388923;3841;0.623041;224
=============================================
geração;melhor;fitness;cobertura;pior;fitness;cobertura;média;ind_repetidos
0;0001111000000110011101001110111001011001110010;0.581106;5739;1011001011011101100001111101011010000100010001;0.0597408;590;0.187899;1
1;0110100110011110011101001111010000110100100010;0.501316;4951;0101110001101011000110111101010011000001011001;0.0752329;743;0.215265;1
2;0001100111000111000111000110110001011101110010;0.537363;5307;1110100101110101100110000101101110101000001001;0.0618672;611;0.255185;1
3;0100101100110111010111000000010101010101101110;0.546274;5395;0001011011111000101010010101111101100000001011;0.0762454;753;0.289059;3
4;0100101100110111010111000000010101010101101110;0.546274;5395;0110110100101011100100111000000111110100001101;0.0740178;731;0.324593;3
5;0110100000000110011111011110110100010110001110;0.57665;5695;1001100011110000001011011101010101010010011011;0.135277;1336;0.346474;3
6;0110100000000110011111011110110100010110001110;0.57665;5695;1011001111010111101101100000010001010010011001;0.147833;1460;0.380122;5
7;0110100000000110011111011110110100001100110110;0.587586;5803;0011111101000011001101111100100000110010011001;0.138113;1364;0.412545;8
8;0001101101000100010101011110111000111100101010;0.569461;5624;0111010100110110100101011100010101010101001100;0.200385;1979;0.438774;6
9;0000111000000101010101011110010111010100111110;0.582625;5754;0100111100010101011110101110000000011101010011;0.215776;2131;0.470606;9
10;0000111000000101010101011110010111010100111110;0.582625;5754;1000110100100111100101001110100000111101011010;0.234103;2312;0.48385;6
11;0000100100001110010111000100110111111010110110;0.584548;5773;0001101000111110000000001111110100110001111101;0.283111;2796;0.495503;9
12;0100101101000101010111011110010000011001101110;0.578473;5713;0100110110110100010011110000010101110111000110;0.185095;1828;0.502264;6
13;0000101001100111010101011110011000011010101110;0.598117;5907;0001101010000101011110110110101000010110011110;0.300425;2967;0.511458;11
14;0000101110000110011101011110011000011010101110;0.604394;5969;0000101100110011111101100011110100010101000011;0.279364;2759;0.519985;14
15;0001001100010111010101011110011000011010101110;0.597712;5903;0000101001100011001110100001111011101110010110;0.252835;2497;0.527268;10
16;0000101100000111010101011110111000001101110110;0.602572;5951;1000101001010101011110000101011100101010111010;0.314399;3105;0.534757;9
17;0000101100001110011111011110110000010100101110;0.618368;6107;1000100101001100011111011100001000111000101111;0.314196;3103;0.543814;9
18;0000100110000110011111011110110100010100101110;0.600446;5930;0000101001001111110111011100001010101100011100;0.208586;2060;0.543203;10
19;0001001100000110011111011110110000011010101110;0.61533;6077;0100101101100111010101000010000111011111010100;0.293337;2897;0.5464;4
20;0000101100000110011111011110110000011010101110;0.623228;6155;1001001101100010011111000110110000111011101000;0.316829;3129;0.549125;7
21;0000001100000111011111011110110000111000101110;0.618165;6105;0000111101100101000101000010010110111111110100;0.320069;3161;0.556947;7
22;0000101100000111011111011110110000000100111110;0.617456;6098;0010001100001111110011001110101000111010100110;0.308323;3045;0.559622;5
23;0000100100000111011101011110011000101100111110;0.618267;6106;0000011100100011011010010010011010011111101110;0.290097;2865;0.562192;8
24;0000101000000111011111011110011100010100101110;0.617659;6100;0000100101100101011111011110110000000101110101;0.339814;3356;0.567106;2
25;0000100100000111011111011110110000001100111110;0.626266;6185;1000100100101001011101001100011110001100110111;0.321588;3176;0.568044;14
26;0000100100000110011111011110111000011010101110;0.625962;6182;0000100101010101010111011110101100000101110110;0.340725;3365;0.570436;7
27;0000100100000110011111011110111000011010101110;0.625962;6182;0001101001000100011011011110011001011100110101;0.315209;3113;0.572887;12
28;0000100100000110011111011110110000011010111110;0.626974;6192;1001001000000011011111011100110000111110101100;0.319158;3152;0.578907;16
29;0000001100001111011111011110010000001100111110;0.627582;6198;0000100100000010010111011110011110111010101101;0.34194;3377;0.579274;19
30;0000100100000111011111011110010000011110101110;0.630417;6226;0000100101000111011111011110010101010001101001;0.348015;3437;0.582553;22
31;0000001100001111011111011110010000001100111110;0.627582;6198;0000100101001110011111010110101000110110101010;0.355002;3506;0.587876;18
32;0000100100001110011111011110010000011010111110;0.632037;6242;0000100100000101011011111111010000011111100110;0.344269;3400;0.588874;23
33;0000101100001111011111011110010000001100101110;0.628797;6210;0010001110000011011111011110000000111000111110;0.355103;3507;0.595028;20
34;0000101000000110011111011110010000011110111110;0.633151;6253;0010000100101100011111011110110001110000101110;0.396821;3919;0.598009;25
35;0000101000000110011111011110010000011110111110;0.633151;6253;0000100100000110011011011110110101101100111100;0.381531;3768;0.600275;34
36;0000100100001111011111011110010000011010101110;0.63305;6252;0000100100001110111111111010100000011000111110;0.359457;3550;0.602327;36
37;0000100100001111011111011110010000011010101110;0.63305;6252;0101100100100100011011011110010000001110111110;0.413629;4085;0.604623;55
38;0000100100001111011111011110010000011010101110;0.63305;6252;1100100000001110011011011111010000011100101110;0.406642;4016;0.606377;55
39;0000100100001111011111011110010000011010101110;0.63305;6252;0000100001010111010110011110111000011100111010;0.384366;3796;0.607611;48
40;0000100100001111011111011110010000011010101110;0.63305;6252;0000100100001111011111011010111000001110101010;0.406136;4011;0.608554;60
41;0000100100000110011111011110010000011110111110;0.636087;6282;0000100100000101011111011110011010011110101010;0.423755;4185;0.611877;59
42;0000100100001111011111011110010000011010101110;0.63305;6252;0000100100001011011111011110000000011011111110;0.393378;3885;0.611581;68
43;0000100100001111011111011110010000011010101110;0.63305;6252;0000000100001111011111011010110000111100111100;0.37262;3680;0.612133;65
44;0000100100001111011111011110010000011010101110;0.63305;6252;0000100100001110111111011110101000101100101100;0.352369;3480;0.609714;72
45;0000100100001111011111011110010000011010101110;0.63305;6252;0000100100001101011010011110011001011010111110;0.36776;3632;0.61078;78
46;0000000100000111011111011110010000011110111110;0.634265;6264;0000100100001101011111011110010000011110111100;0.42578;4205;0.615539;90
47;0000000100000111011111011110010000011110111110;0.634265;6264;0000000100001110111111011010010100011110101110;0.411401;4063;0.614348;100
48;0000100100001111011111011110010000011010101110;0.63305;6252;0010001000001111011011011110010000011110101110;0.400567;3956;0.615218;122
49;0000100100001111011111011110010000011010101110;0.63305;6252;0000100110010101011111011110011000011100101100;0.384467;3797;0.618317;136
50;0000100100001111011111011110010000011010101110;0.63305;6252;0000100100011111011111010010011000111010101100;0.350749;3464;0.616286;163
=============================================
geração;melhor;fitness;cobertura;pior;fitness;cobertura;média;ind_repetidos
0;0001111000000110011101001110111001011001110010;0.581106;5739;1000110011101101110010101110100010100001001101;0.0571081;564;0.185039;1
1;0000001101000100111110011111011000010110101110;0.526934;5204;1111010011001000101100110111000010110011001010;0.054678;540;0.22059;2
2;1010100100100111100111001100010100011110100110;0.497266;4911;1101011101010010110010001100101010110100001011;0.095079;939;0.253258;4
3;0010101000011110000111001001011000011111110110;0.525314;5188;1110111011001001001010000001101010100010110111;0.0885986;875;0.2819;2
4;0001101001100110010111000001011000011111110110;0.550932;5441;1011011001011011111001010010010110000111000010;0.110672;1093;0.311339;1
5;0100101000000110011110011110110010101101110010;0.54921;5424;0100011011001100110000100101111110011010010011;0.105508;1042;0.35716;8
6;0100101000000111011100011110011001100011111010;0.5645;5575;0001001110011011001101001100001011100011110101;0.161401;1594;0.38672;3
7;0010100100100110010111011110010010011010110110;0.586067;5788;1000110011011110011000011101011011110000010100;0.129202;1276;0.42117;6
8;0010100100100110010111011110010010011010110110;0.586067;5788;1100010111100011000100011101100101000100111110;0.192386;1900;0.435705;4
9;0000101000100110011101001111111100011010110010;0.581308;5741;1110110101011000011010100111010000101100101010;0.15806;1561;0.463078;4
10;0001101100000110011111000110011001110100110110;0.577157;5700;0010110101010001100101111111010100001010001101;0.152086;1502;0.478841;9
11;0001100000000110011111010111110000001110111110;0.583435;5762;1011100100100000100101011111011010001010011110;0.273795;2704;0.493999;12
12;0010101100000111010101001110111000110100110110;0.584346;5771;0010111100110100111001010100011010011010111000;0.235217;2323;0.50636;9
13;0001101000000110011111010110011001001110110110;0.589206;5819;1011011100001000010101011011011100001010110110;0.29759;2939;0.517066;9
14;0000101100000110011111010110011001001100111110;0.599635;5922;0011100100001100011101000111100110101010110101;0.23552;2326;0.52703;11
15;1000001100000110011111011110011010000100111110;0.592143;5848;1001101100000100111111010110011011110100010000;0.314702;3108;0.536121;10
16;0000100100000111011111011110011100011010010110;0.602572;5951;0101101100001101010101011000011010010010111101;0.33789;3337;0.544255;13
17;0100100000000110011111011110110000011100111110;0.612394;6048;0000000100000111011111011101110001111100011010;0.343358;3391;0.550138;5
18;0001100000000110011111011110110000011100111110;0.614318;6067;0001101101000001010111010100001100011110111110;0.345788;3415;0.552854;9
19;0000101000000110011111010110111001111010110010;0.607432;5999;1000000100000110011110110110011001111110111000;0.336574;3324;0.554837;6
20;0000101100000110011111011110110000001110110110;0.612697;6051;0101100010000110011011010110111010010010010111;0.314702;3108;0.560013;11
21;0000100100000110010101011110110100011110111110;0.617963;6103;0110100010000110011111000100101100011110011110;0.312272;3084;0.566237;20
22;0000101100010110011111011110010000011010110110;0.616748;6091;0000001100000111011011010110111100011110110010;0.383556;3788;0.572421;19
23;0000100100001110011111011110010000011101101110;0.619279;6116;1010100101000011010101001110111000001111110100;0.349939;3456;0.571752;18
24;0000101000000110011111011110011000011110110110;0.624342;6166;0010100100000110110011011110111000011110110100;0.351762;3474;0.573531;9
25;0000100100001110011111011110010000011110110110;0.629;6212;0001001100001110011101001110101101100100111010;0.383961;3792;0.577673;19
26;0000100100001110011111011110010000011110110110;0.629;6212;1100000100001100011111011110001100011010110110;0.330093;3260;0.582399;22
27;0000100100000111011111011110010000011110110110;0.628493;6207;1000100000100100010101011110100110011110111110;0.358445;3540;0.584329;24
28;0000100000000111011111011110010100011010111110;0.62819;6204;0000100101000111011101011111000100011110110100;0.347914;3436;0.581824;23
29;0000100100001110011111011110010000011110101110;0.631328;6235;0000100100000111010111011110101110010010111010;0.362596;3581;0.586584;29
30;0000100000000110011111011110010100011110111110;0.631328;6235;0000111000100101011111011111000100011110110000;0.269239;2659;0.587455;27
31;0000100000000111011111011110010000011110111110;0.636796;6289;0000101000100100011111011110001000111111010110;0.312576;3087;0.593034;36
32;0000100000000111011111011110010000011110111110;0.636796;6289;0001100101001000011111011110111000011100101100;0.355913;3515;0.594135;47
33;0000100000000111011111011110010000011110111110;0.636796;6289;0010101000000010011011011110011100011100111110;0.376164;3715;0.599663;51
34;0000100000000111011111011110010000011110111110;0.636796;6289;0000110000000111001111111110010000011110111100;0.389935;3851;0.603862;55
35;0000100000000111011111011110010000011110111110;0.636796;6289;0000110011001110011011011110010000011100110110;0.355913;3515;0.603815;57
36;0000100000000111011111011110010000011110111110;0.636796;6289;0000101000000110011111011010101000111010111110;0.381126;3764;0.607563;73
37;0000100000000111011111011110010000011110111110;0.636796;6289;0000101000001010011011001110111000111110101110;0.389125;3843;0.60769;72
38;0000100000000111011111011110010000011110111110;0.636796;6289;0000100010000111010011011110010000011110111111;0.391555;3867;0.611858;85
39;0000100000000111011111011110010000011110111110;0.636796;6289;0100110000000011011011011110011000011010111110;0.372013;3674;0.610902;95
40;0000100000001110011111011110010000011110111110;0.636087;6282;0000101000000111011111011110100000011110111100;0.384062;3793;0.611275;96
41;0000100100000110011111011110010000011110111110;0.636087;6282;0000100010000101011111011110010001011110101110;0.427906;4226;0.613381;103
42;0000100000001110011111011110010000011110111110;0.636087;6282;1000101000000101011011011110010000011110110111;0.36776;3632;0.615758;132
43;0000100000000111011111011110010000011110111110;0.636796;6289;0000100000010110111111011110000000011110111110;0.392365;3875;0.614964;137
44;0000100000000111011111011110010000011110111110;0.636796;6289;0000101000001111011111011110001000011110110100;0.374038;3694;0.617752;160
45;0000100000000111011111011110010000011110111110;0.636796;6289;0000100100001111011011011110010000011110111010;0.39996;3950;0.619913;174
46;0000100000000111011111011110010000011110111110;0.636796;6289;0000100100001111011111011110001000010110111100;0.365533;3610;0.62095;193
47;0000100100000110011111011110010000011110111110;0.636087;6282;1000100100000101011111011110010010011010111010;0.410794;4057;0.622588;212
48;0000100100000110011111011110010000011110111110;0.636087;6282;0010000110000111011011011110010000011110110110;0.381531;3768;0.623747;228
49;0000100100000110011111011110010000011110111110;0.636087;6282;0000100100001011011011011110010000011110111110;0.404719;3997;0.623445;243
50;0000100100000110011111011110010000011110111110;0.636087;6282;0000110100001110011011011010010000011110111110;0.368672;3641;0.626151;276
=============================================
geração;melhor;fitness;cobertura;pior;fitness;cobertura;média;ind_repetidos
0;0001111000000110011101001110111001011001110010;0.581106;5739;0110010111010110100011110101000111000100000111;0.0377683;373;0.18868;1
1;0001111000000110011101000110011110100111101100;0.513467;5071;1000011110101011011010110100100110110000001011;0.078068;771;0.226836;3
2;0001111000000110011101000110011110100111101100;0.513467;5071;0101011101010101100011010001001100011011011100;0.110369;1090;0.257728;2
3;0010101110001111000101000100011111010001110110;0.523491;5170;0011110110010000101001111001010011011100101001;0.105913;1046;0.308227;4
4;0001101100100111110111000100010000011110111010;0.552855;5460;1011000100010010110111001110010111110001001001;0.162718;1607;0.345803;7
5;0001101100100111110111000100010000011110110110;0.559538;5526;0110001010101111010011100101110110101000010100;0.135075;1334;0.380208;2
6;0000101100101110011100011110010101001000111110;0.572499;5654;1001001001010111011000101100101100101100001111;0.126367;1248;0.417909;4
7;0000101100001110011100010110110101010100111110;0.56126;5543;0110001100110111101101010100001100111000010011;0.193601;1912;0.449999;4
8;0000101100001110011101010110110011011000101110;0.579992;5728;0001011100100110110110110111101100101000000101;0.19755;1951;0.468288;3
9;0100001100101110011101011110010000011100110110;0.592345;5850;1000101100010010111100010110001111101100011010;0.214257;2116;0.486977;3
10;0000011100101110011101011110010000011100110110;0.591029;5837;0100001110010101011111000100001111101100011010;0.205144;2026;0.50078;3
11;0000101110001110011101011110110000001100110110;0.592649;5853;0101100101011110011100010111101100100101000100;0.234305;2314;0.507043;2
12;0000001100011110011111011110010000001101110110;0.600142;5927;1000100110111110011000010110100010111000110110;0.233799;2309;0.519111;8
13;0000101100101110011101011110010000011001101110;0.601053;5936;0010011110000111010101000010100101111000111110;0.317841;3139;0.532516;4
14;0001101100000111011101011110010000001100111110;0.613204;6056;0010100110011110000101100110100011100110111100;0.254658;2515;0.538465;7
15;0000101110000110011111011110010000011100110110;0.60642;5989;0000101110111101011110001110010010000100111001;0.272276;2689;0.543885;10
16;0000100110000110011111011110010000011100111110;0.618368;6107;0010101010101111011111000110101000011000111000;0.310956;3071;0.547118;10
17;0000101100001110011111011110010000011100110110;0.617153;6095;0010100110000110010111011110001011110001101010;0.343358;3391;0.549736;4
18;0000101100001110011111011110010001011000101110;0.614723;6071;0010101010001100111101001010111110001000110110;0.321689;3177;0.558648;10
19;0000101100000110011111011110011000011010101110;0.625354;6176;0010100001010110010011010110110010111000111110;0.341636;3374;0.564243;8
20;0000101100000110011111011110011000011010101110;0.625354;6176;1000101101000001011111111100100001001100110110;0.284427;2809;0.564742;14
21;0000101000001110011111011110011000011010101110;0.627785;6200;1000001100101101011101011110111000011000011010;0.346598;3423;0.57252;16
22;0000101000001110011111011110011000011010101110;0.627785;6200;0010101100011000011001110111111000011010101010;0.315614;3117;0.57297;11
23;0000101000001110011111011110011000011010101110;0.627785;6200;0000100100001010111110001011110100011110011110;0.33303;3289;0.579004;16
24;0000101100001110011111011110010000011010101110;0.629708;6219;1010001011001110011101011110011000001100101010;0.374443;3698;0.585024;34
25;0000101000001111011111011110010000011010101110;0.630417;6226;0010101010001010001111011110010101011001101100;0.325132;3211;0.586191;27
26;0000101000001111011111011110010000011010101110;0.630417;6226;0001110100000110111001011111011100010010101100;0.333435;3293;0.594317;39
27;0000101000001111011111011110010000011010101110;0.630417;6226;0010100010000111011111011011011000011110000110;0.35723;3528;0.597272;35
28;0000101000000110011111011110010000011110111110;0.633151;6253;0000101000100110011101111010011100011011110010;0.376671;3720;0.599411;39
29;0000101000000110011111011110010000011110111110;0.633151;6253;0000100010001011011101011110110000011100101111;0.402187;3972;0.600446;39
30;0000100100000110011111011110010000011110111110;0.636087;6282;0000001101000101011111011010011000011101101110;0.395808;3909;0.601428;37
31;0000100100000110011111011110010000011110111110;0.636087;6282;0010100100001110011001111110110001011010101010;0.369684;3651;0.600881;38
32;0000100100000110011111011110010000011110111110;0.636087;6282;0000101000001101111111011110110001011001101000;0.353179;3488;0.603651;48
33;0000101000000110011111011110010000011110111110;0.633151;6253;0000100100001011011011011110001100111100101110;0.315107;3112;0.605772;47
34;0000101000000110011111011110010000011110111110;0.633151;6253;0100111000000110011011011110010011001110101010;0.394593;3897;0.609394;62
35;0000100100001111011111011110010000011010101110;0.63305;6252;0000100000001011011110011110110010011101101110;0.372215;3676;0.607758;74
36;0000100100001111011111011110010000011010101110;0.63305;6252;0000100000101111010011011110110001011110001110;0.363913;3594;0.607755;101
37;0000100100001111011111011110010000011010101110;0.63305;6252;0000010001001111011111011100010000011110101110;0.389429;3846;0.612752;99
38;0000100100001111011111011110010000011010101110;0.63305;6252;0000101001000100011111011110111100111000101010;0.418388;4132;0.61606;117
39;0000100100001111011111011110010000011010101110;0.63305;6252;0000101000001110111011011110011000011010101101;0.335358;3312;0.615567;134
40;0000100100001111011111011110010000011010101110;0.63305;6252;0010000000000111011111011110110000011011101110;0.430741;4254;0.617077;135
41;0000100100001111011111011110010000011010101110;0.63305;6252;1001100000001110011111011010011000011010101110;0.44593;4404;0.619281;173
42;0000100100001111011111011110010000011010101110;0.63305;6252;0000101000001111011111011110100100011010101100;0.349838;3455;0.621562;195
43;0000100100001111011111011110010000011010101110;0.63305;6252;0000110100001111011111011110001000011010101010;0.385885;3811;0.623669;241
44;0000100000001111111111011110010000011010101110;0.633556;6257;0000001000001111011111011111011000011010101010;0.434285;4289;0.625767;262
45;0000100000001111111111011110010000011010101110;0.633556;6257;0000101000001111111111011010010100011010101100;0.349129;3448;0.62665;299
46;0000100000001111111111011110010000011010101110;0.633556;6257;0100100000001111011011011110010000011110101110;0.443094;4376;0.629437;347
47;0000100000001111111111011110010000011010101110;0.633556;6257;0000100001001111111011011110010000011010101110;0.405022;4000;0.630313;371
48;0000100000001111111111011110010000011010101110;0.633556;6257;0000100110001111011110011110010000011010101110;0.568348;5613;0.631582;374
49;0000100000001111111111011110010000011010101110;0.633556;6257;0100000100001111111110011110010000011010101110;0.565512;5585;0.6313;372
50;0000100000001111111111011110010000011010101110;0.633556;6257;1000100100001111001111011110010000011010101110;0.568651;5616;0.630062;361
=============================================
geração;melhor;fitness;cobertura;pior;fitness;cobertura;média;ind_repetidos
0;0001111000000110011101001110111001011001110010;0.581106;5739;1001011011110110001000101101101100000101001101;0.0386796;382;0.182116;1
1;0001111000000110010101001110111001011101100110;0.578473;5713;0010011011111111110100101110000001101000010001;0.0766505;757;0.21741;1
2;0001001100001101011111001110110000101100110110;0.571385;5643;1101000111110101001000100011110001000111011001;0.0731065;722;0.256366;3
3;0001111000000110010101001110111011101010101010;0.57341;5663;0110001111111100000011010101010100110001001101;0.0868773;858;0.294345;2
4;0001100100000110010101001110111011101010111010;0.584447;5772;0010000111110111101000110100001111011000100101;0.11695;1155;0.332473;4
5;0001100100000110010101001110111011101010110110;0.586877;5796;0001111110011001101100001111100001001001010101;0.115026;1136;0.371146;3
6;0011100100110110010101011110010001010101110010;0.552349;5455;1100000011010011100101011011011110010010000111;0.16373;1617;0.403284;3
7;0101100100000110010101001110111111100000110110;0.563589;5566;1000111010100111011010001101110101010101000010;0.172236;1701;0.426208;4
8;0101100100000111010101001110111100010010110110;0.571081;5640;1100101111000010111000110010010111010110000110;0.176286;1741;0.439238;3
9;0000101100111100010101000110110000111100111110;0.5726;5655;0000111110101101010100001101100100100111010011;0.148238;1464;0.460713;8
10;0000101010100111010101001110110000101110101110;0.57503;5679;0000110100101111111001001110100101111000001010;0.228129;2253;0.476209;12
11;0000101001000101111101011110110000101100101110;0.583738;5765;1000110100001100110101010101110111010101010100;0.223674;2209;0.494024;8
12;0000101100001110010101011110110000101100111110;0.600952;5935;1000110100001101110101010100110011111000011010;0.263467;2602;0.507695;4
13;0000101100010111010101011110111000001100101110;0.602673;5952;1000101100000100111001111101101011010001010110;0.213953;2113;0.507857;4
14;0000101000000110010111001110111010101110101110;0.607736;6002;0000101110001110010101010110101110011100110001;0.298299;2946;0.520374;2
15;0000101000000110010111001110111010101110101110;0.607736;6002;0000111000111110010111011010010011100101100100;0.275314;2719;0.525852;8
16;0000101100100111010101011110110000011010101110;0.603686;5962;1010100101001110000101101110100001011101110100;0.266606;2633;0.534143;6
17;0000101000001111011101011110011000001100111110;0.616039;6084;1101001100000111011101101111100000001001110100;0.309943;3061;0.544141;11
18;0000101000001111011101011110011000001100111110;0.616039;6084;0000111100100101110101011110101100001100110100;0.308728;3049;0.548709;8
19;0000101000001111011101011110011000001100111110;0.616039;6084;0000100100100111010001111010010100101011111110;0.325334;3213;0.558959;10
20;0000101000001111011101011110011000001100111110;0.616039;6084;1010001001001111010001011100010100001011111110;0.306906;3031;0.563399;5
21;0000101000001111011101011110011000001100111110;0.616039;6084;0000101010010011011101100101011010011110101100;0.313791;3099;0.559394;15
22;0000100100101110011111011110010000011010101110;0.627683;6199;0000101101000010011011010110101001011110101110;0.333131;3290;0.568159;7
23;0000101100000111011111011110011000001100101110;0.622924;6152;1000100100011100010001011110111100011110100110;0.346598;3423;0.573709;15
24;0000100100000111011111011110011000011010110110;0.623127;6154;1100100101000101011111011110001001001100101010;0.33627;3321;0.575906;20
25;0000100100001111011101011110010000001110111110;0.62181;6141;1000100101001001011111011110010001001011101100;0.313994;3101;0.576736;16
26;0000100100001110011111011110110000101100101110;0.623532;6158;0000101010010100010001011110011000111110110111;0.352268;3479;0.577033;15
27;0000100100001111011111011110010000011100101110;0.626873;6191;0010101001001110011001011010001000011110011111;0.22013;2174;0.575106;13
28;0000101000000111011111011110110000001100111110;0.623734;6160;0000101101000001011100111110001000111100111110;0.310855;3070;0.583853;20
29;0000100100001110011111011110110000011010101110;0.628291;6205;0000100100101110111001011100110000011100111011;0.338396;3342;0.589275;27
30;0000100000001110011111011110011000011110101110;0.630215;6224;1010101000000101011111111110000000001100111110;0.359356;3549;0.59228;20
31;0000100100001110011111011110011000011010101110;0.630417;6226;0100100100001111011001010010011000101110111110;0.385379;3806;0.590484;10
32;0000101000000110011111011110010000011110111110;0.633151;6253;0000101000001111011111011110100001011010101100;0.344674;3404;0.586563;18
33;0000101000000110011111011110010000011110111110;0.633151;6253;0000011100101110011011011010111100011000101100;0.317335;3134;0.592665;24
34;0000100100001110011111011110010000011010111110;0.632037;6242;0000100000001111011101011110100011111000101110;0.386087;3813;0.597182;23
35;0000100100001110111111011110010000011010101110;0.63224;6244;0000000000011110111111011100010000111110011110;0.305792;3020;0.601388;33
36;0000100100001111011111011110010000011010101110;0.63305;6252;0000100000110010111111011110011000101101001110;0.345889;3416;0.593949;26
37;0000100100001111011111011110010000011010101110;0.63305;6252;0010100100001110011011011010011000111100011110;0.314702;3108;0.6015;38
38;0000100100001111011111011110010000011010101110;0.63305;6252;0000100100001110111011011110101000001110101110;0.362191;3577;0.60401;55
39;0000100100001111011111011110010000011010101110;0.63305;6252;0000110001001110011111011011010000001100111110;0.371912;3673;0.603063;50
40;0000000100001110011111011110010000011110111110;0.633556;6257;1000100001001110011111011011010000011010101110;0.381126;3764;0.608154;62
41;0000100000001110011111011110010000011110111110;0.636087;6282;0000100100001101011111011111011000011010101100;0.387201;3824;0.610131;68
42;0000100100001111011111011110010000011010101110;0.63305;6252;0000100100001010011111011110111000011011101100;0.387606;3828;0.611861;75
43;0000100100001111011111011110010000011010101110;0.63305;6252;0000100011000111011011011110110100001010101110;0.386189;3814;0.614533;99
44;0000100100001111011111011110010000011010101110;0.63305;6252;0010100000100111011111011010010001001010111110;0.379202;3745;0.615641;112
45;0000100000000111011111011110010000011110111110;0.636796;6289;0000100100001101111111011110011100011100100100;0.368975;3644;0.617351;138
46;0000100100001111011111011110010000011010101110;0.63305;6252;1000000100001111011011011110010000011010111110;0.400567;3956;0.621159;189
47;0000100100001111011111011110010000011010101110;0.63305;6252;0000110000001111010111011110001000011010111110;0.389328;3845;0.620867;198
48;0000100100001111011111011110010000011010101110;0.63305;6252;0000000010001110011111011110110000011110101110;0.434386;4290;0.622645;235
49;0000100000000110011111011110011000011110111110;0.634062;6262;0100100100000111011110011110010001011010101110;0.557918;5510;0.623771;253
50;0000100100001111011111011110010000011010101110;0.63305;6252;1000000100001100111111011110111000001010101110;0.400162;3952;0.624212;282
=============================================
geração;melhor;fitness;cobertura;pior;fitness;cobertura;média;ind_repetidos
0;0001111000000110011101001110111001011001110010;0.581106;5739;0110111011101001111010001101000010100010101001;0.0333131;329;0.181755;1
1;0001111000000110011101001110111001001010110110;0.56774;5607;0110101101111001100011101101101000110000000101;0.0446537;441;0.216226;3
2;1100000101000111010101011111010010100000110111;0.520454;5140;1001010010100000111011101111100011001110001100;0.100344;991;0.245698;1
3;0001101101100100010111001000110100111001101110;0.526833;5203;1101111101010011000011100011110000100010011001;0.109154;1078;0.271317;2
4;0001101101100100010111001000110100111001101110;0.526833;5203;1100111011001111001000000100101111101010001100;0.112697;1113;0.309557;2
5;0000101101001110000101001100111001010101111110;0.55164;5448;0101111000101011001010111100000001100110010111;0.132442;1308;0.342117;3
6;1010001100011110010111000100110001011010101110;0.557817;5509;0100110110110101001101110001011101100111000000;0.139024;1373;0.384025;5
7;0000100001110110011101010100110100011110101110;0.558424;5515;0100101101011001101011110000011110101001010010;0.128291;1267;0.419769;4
8;0001001100010110011111100100110001010110101110;0.564905;5579;1001100100011100010100100111011001110111011000;0.19836;1959;0.446671;9
9;0100100100011110011111000100110001101100101110;0.578473;5713;1100100100111100011100110110100001111100000101;0.160085;1581;0.46393;6
10;0100100100011110011111000100110001101100101110;0.578473;5713;1000100111110100001101001101011001001111011000;0.186209;1839;0.476028;2
11;0000101100111110010111000110011000001110101110;0.581713;5745;0100100101100010111101101000001110111100110100;0.222256;2195;0.492505;3
12;0000101100111110010111000110011000001110101110;0.581713;5745;0001110010001110111100100111011000001111001010;0.271466;2681;0.501782;4
13;0001101100001110011101001110011000011010101110;0.588092;5808;0001110010001110111100100111011100001110001010;0.274504;2711;0.512078;8
14;0000100100011111011111000100010100011100111110;0.597307;5899;0010100110101010010111000101000001011100111111;0.278858;2754;0.523575;6
15;0001001100000110010111001110111000010110111110;0.59032;5830;1001100001110100010011100100111001100011110110;0.268023;2647;0.532755;11
16;0001100100100110010101011110110000011010111110;0.598927;5915;0100100100011100011011010100111110010010111100;0.285541;2820;0.541559;7
17;0000100100100110011111000100111001011100111110;0.602167;5947;1010101100001110100001010110010011001111111000;0.255164;2520;0.543023;11
18;0000100100001111011111000110110001101100101110;0.607331;5998;0000100101001110111101001110101000101110011010;0.299008;2953;0.550151;4
19;0000100110000110010111011110110000101110101110;0.604698;5972;0000100101001111011011010010110000111100101110;0.353584;3492;0.551806;8
20;0000000100001111011111011110010000011010111110;0.628898;6211;0010100000101010010111010110100101101110101110;0.334852;3307;0.555188;11
21;0000100100000110011111011111010000011110101110;0.620697;6130;1000000100011111011001001110101001010010111110;0.307311;3035;0.5609;12
22;0000100100100110011101011110111000011010101110;0.612292;6047;0001001000101100111011001111010000011110110110;0.309538;3057;0.559358;11
23;0000100100100110011111011110110000011000111110;0.618874;6112;0000110000110111010111000111011000011010111100;0.359356;3549;0.566221;13
24;0000100100100110011111011110011000011010101110;0.623127;6154;0000001000010110010101111111000010111110110110;0.347408;3431;0.567635;11
25;0000100100100110011111011110011000011010101110;0.623127;6154;0010101000001111011111000010110001111100101100;0.355002;3506;0.571319;11
26;0000100100001110011111011110011000011010101110;0.630417;6226;0010000100111110010011011110011000011010111100;0.336574;3324;0.570336;11
27;0000100100001110011111011110011000011010101110;0.630417;6226;0000100100001110011011011110101000011101101110;0.361584;3571;0.575289;17
28;0000100100001110011111011110011000011010101110;0.630417;6226;0000100111001111011100011110101000011010101100;0.297185;2935;0.57128;17
29;0000100100001110011111011110011000011010101110;0.630417;6226;0000101100100110011101011111001000111110101000;0.317132;3132;0.577142;16
30;0000101000001110011111011110110000011010101110;0.625658;6179;0000100111000110010011011110111000111000111010;0.371507;3669;0.580001;11
31;0000101000000111011111011110010000011110101110;0.627987;6202;0000101010001100010111011111001000011010111110;0.3548;3504;0.581959;26
32;0000100000000111011111011110010000011110111110;0.636796;6289;0010100100001100011111011110001100010101101110;0.370899;3663;0.586848;29
33;0000100000000111011111011110010000011110111110;0.636796;6289;0000110100001111010111001010101000111010101110;0.35004;3457;0.589677;26
34;0000000100001110011111011110010000011110111110;0.633556;6257;0000100100001100111011011111010000111011011010;0.253645;2505;0.592061;28
35;0000100000001110011111011110010000011110111110;0.636087;6282;0000100000011100010100011110111011011110101110;0.375962;3713;0.593471;27
36;0000100000001110011111011110010000011110111110;0.636087;6282;0000110000001110011011011110011000111010011110;0.302248;2985;0.592993;26
37;0000100000000111011111011110010000011110111110;0.636796;6289;0000101100001101011011111110000110011100100110;0.290806;2872;0.594341;43
38;0000100000000111011111011110010000011110111110;0.636796;6289;0000111100001100011111011010110000011110101100;0.353989;3496;0.596895;42
39;0000100000000111011111011110010000011110111110;0.636796;6289;0000011000000111011011110110011001011010101110;0.367456;3629;0.598907;48
40;0000100000001110011111011110010000011110111110;0.636087;6282;0000000100010111011011011111110000001010111110;0.383657;3789;0.600053;35
41;0000100100000110011111011110010000011110111110;0.636087;6282;0001100000001111011011111110010000011110101010;0.368975;3644;0.599638;55
42;0000100100000110011111011110010000011110111110;0.636087;6282;0000101000011111001110011111000000111110101010;0.313386;3095;0.598732;52
43;0000100100000110011111011110010000011110111110;0.636087;6282;0010100000101111011111011110000000011010101110;0.407351;4023;0.606084;55
44;0000100000000111011111011110010000011110111110;0.636796;6289;0000000110000111011011011110110000011110101110;0.401985;3970;0.611327;65
45;0000100000000111011111011110010000011110111110;0.636796;6289;0000100100001110111111011010010010011110101100;0.361685;3572;0.609594;65
46;0000100000000111011111011110010000011110111110;0.636796;6289;1010100000010011011111001110010000011110101110;0.378797;3741;0.607496;93
47;0000100000000111011111011110010000011110111110;0.636796;6289;0000100100001011011111001110001000011110111110;0.38548;3807;0.611879;85
48;0000100000000111011111011110010000011110111110;0.636796;6289;0000100100010110011010011110110010011011111100;0.324423;3204;0.610704;109
49;0000100000000111011111011110010000011110111110;0.636796;6289;0000100100001111011011011110100000011010111110;0.357938;3535;0.611232;101
50;0000100000000111011111011110010000011110111110;0.636796;6289;0000001001100111011111011110001000011010110110;0.389328;3845;0.609467;102
=============================================
geração;melhor;fitness;cobertura;pior;fitness;cobertura;média;ind_repetidos
0;0001111000000110011101001110111001011001110010;0.581106;5739;1011100111001000011010101101101010001001001101;0.0346294;342;0.189197;1
1;0001111000000110011101001110110000011001111101;0.531794;5252;1101001111010101010001100110101110010010001001;0.0821183;811;0.220918;2
2;0010100010000110011111010111111000000011110110;0.555387;5485;1001010010011111101001111101010111100001000000;0.0883961;873;0.2598;7
3;0001111100000110011101001110110010011100110010;0.548906;5421;1111011010010100010011011100100101001101001100;0.109761;1084;0.289053;3
4;0100001100001110111111001100110000001101101110;0.568854;5618;1110001101001010001011101010000110011010101011;0.149251;1474;0.332106;5
5;0000101101001110011101001110110000001101101110;0.574018;5669;0110111011010011001101001100100010010110100101;0.144897;1431;0.37198;5
6;0000000100001110111110011110010011001110110110;0.565006;5580;0111101010001011000011001101101110011100100100;0.163426;1614;0.400016;3
7;0000101100011101011111000110110101000000111110;0.579182;5720;1010111100000011011011101001100001100011100110;0.160794;1588;0.424129;3
8;1000101100001110000111001110111100001000111110;0.565816;5588;0010101101001111010010001110110001001111010001;0.216484;2138;0.451241;1
9;0000100101001110011111011100110001100010101110;0.571689;5646;1100001001001111100111000001101001110001011110;0.20727;2047;0.466914;3
10;0001101100001110011111011100111000000100101110;0.574828;5677;1010111101001110110101011100100000011001110000;0.219725;2170;0.473807;7
11;0000100100001111011111010110110000011100101110;0.599332;5919;1010100111010111010111000110100001100010010101;0.194208;1918;0.482135;6
12;0000101100001110011111010100010100011110101110;0.592244;5849;1000111001101100011111010110010000001111010010;0.268631;2653;0.495907;3
13;0010101000001110011111011110110001100000110110;0.588396;5811;0101111000010001111011001100110100100100001111;0.227116;2243;0.515241;7
14;0000001100001111011111011110110001100000110110;0.606825;5993;0011100001110110010111010101100001101001101010;0.245342;2423;0.514571;8
15;0000100100001110111111010110110000101100101110;0.600749;5933;0110101000001011011011001100010001101111101010;0.297691;2940;0.526203;8
16;0000001000001111011111011110111000001100101110;0.614621;6070;0100111100101010011010010100111110010010101010;0.278858;2754;0.530641;6
17;0000100100001111011111000110111001010100101110;0.599433;5920;0000011001101100111111011100110001101000110010;0.305893;3021;0.534221;9
18;0000101000001110111111011110110000101000101110;0.612495;6049;0001000111101011000100100110110001110000111111;0.317943;3140;0.538424;9
19;0000100100001110111111011110110000101000101110;0.613913;6063;0110111000001110111011010000110100011100101100;0.285034;2815;0.545389;21
20;0100100100100111011111011110010100000100101110;0.603888;5964;0000111100001110101001001000101101111100101110;0.282908;2794;0.547331;8
21;0000100100001111011111011110010100010100101110;0.621203;6135;0000110100111101111111000100000000101100101111;0.321588;3176;0.550778;7
22;0000100100001111011111011110010100010100101110;0.621203;6135;0010100000101111011111000110101001010100110110;0.361381;3569;0.558565;8
23;0000100100001111011111011110010100010100101110;0.621203;6135;0001110010001011011111010100000110010110101110;0.280984;2775;0.558894;12
24;0000100100001111011111011110010100010100101110;0.621203;6135;0000100110001110010110101110100001110111110010;0.289085;2855;0.559881;14
25;0000101000001111111111011110010000001100101110;0.629405;6216;0000100110011110010111011100101101110010101000;0.256379;2532;0.562175;10
26;0000101000001111111111011110010000001100101110;0.629405;6216;0010000101000011111111000111011010110010001110;0.292021;2884;0.567512;15
27;0000100000001111111111011110010000011010101110;0.633556;6257;1000101000101110011011011011100001001100101110;0.289388;2858;0.569206;12
28;0000100100001111011111011110010000011010110110;0.626468;6187;1001010100101011011100000110101001011110110010;0.282908;2794;0.566213;12
29;0000101100001111011111011110010000001100101110;0.628797;6210;0100101000000111011110111010011001111010101000;0.306804;3030;0.564821;12
30;0000100100000111011111011110010000011010111110;0.63143;6236;1000001000001110101111011110100010101000111110;0.324119;3201;0.57112;23
31;0000100100001111011111011110010000001110101110;0.628088;6203;0000101001001111011111111110001000001100011010;0.274504;2711;0.571602;12
32;0000101000001111111111011110010000001100101110;0.629405;6216;0000001000010111111110001110110101110011101000;0.293641;2900;0.575129;17
33;0000100100001110011111011110010000001110111110;0.629506;6217;1001101000001101011101011110100000011010111010;0.340928;3367;0.583101;13
34;0000100100000110011111011110010000011110111110;0.636087;6282;0000100100001111011011011010010000011101111110;0.356217;3518;0.583939;14
35;0000100100000110011111011110010000011110111110;0.636087;6282;1000100010001110111111011110001001010000111100;0.308829;3050;0.587379;13
36;0000100100001111011111011110010000010100111110;0.629405;6216;0100000100001101111111011110110000011100110100;0.362799;3583;0.592069;24
37;0000100100001111011111011110010000001100111110;0.631531;6237;0000100000001111111101011110111001001100101100;0.406845;4018;0.599092;38
38;0000100100001111011111011110010000001100111110;0.631531;6237;0000100110001111111111011110000000010100111100;0.361786;3573;0.595169;34
39;0000100100001111011111011110010000001100111110;0.631531;6237;0000110010011011011110011110110000110000101110;0.329789;3257;0.600629;46
40;0000100100001111011111011110010000001100111110;0.631531;6237;1000100000001111011111011010010000001101101111;0.375658;3710;0.604677;57
41;0000100100001111011111011110010000011010101110;0.63305;6252;0000000000111111011111011110010100001100101110;0.428311;4230;0.610218;71
42;0000100100001111011111011110010000011010101110;0.63305;6252;0001100010001101111111011100010000001100111110;0.408667;4036;0.612019;73
43;0000100100001111011111011110010000011010101110;0.63305;6252;0000100000001111011011111110110000011100101110;0.394897;3900;0.614118;108
44;0000100000001111111111011110010000011010101110;0.633556;6257;0000101000001111010111011100010110101100101110;0.54516;5384;0.617052;123
45;0000100100001111011111011110010000011010101110;0.63305;6252;0000111000001111011011111110010000001100111100;0.355103;3507;0.616511;152
46;0000100100001111011111011110010000001100111110;0.631531;6237;0000100000011111111111011000010000011010111110;0.402491;3975;0.618696;183
47;0000100100001111011111011110010000011010101110;0.63305;6252;1000100010001111011011011110010000001100111110;0.386594;3818;0.62124;214
48;0000100100001111011111011110010000011010101110;0.63305;6252;0000110000001111011111011010010100001100111110;0.390745;3859;0.623192;265
49;0000100100001111011111011110010000011010101110;0.63305;6252;0000100000001110011111011110001000011110111110;0.408161;4031;0.626001;296
50;0000100000001111111111011110010000011010101110;0.633556;6257;0000100100001111011011011110010000001100111111;0.566525;5595;0.628159;333
=============================================
geração;melhor;fitness;cobertura;pior;fitness;cobertura;média;ind_repetidos
0;0001111000000110011101001110111001011001110010;0.581106;5739;0100111001111000111000111101000001000111101001;0.0487039;481;0.184901;1
1;0001100110110111010101100010010001010110011110;0.508202;5019;0011011011011001111001110101011011001000000010;0.0781693;772;0.22095;1
2;1010110100000110011111000100010000011011111101;0.520656;5142;1101011010110011010010001001110110000011000111;0.0923451;912;0.246897;3
3;1011110100000110011111000110010000010001111110;0.535034;5284;1110110111010001000001110111001001000111100001;0.0977116;965;0.275407;3
4;0000000100000110011111110111010000010111111110;0.562576;5556;0111110011010010010100011101101010001010110100;0.136391;1347;0.317765;3
5;0010001100100110011111000110011000001101111110;0.574524;5674;1011111000001111010000010101100111101010000110;0.151478;1496;0.350835;3
6;0000111000001010011111011110011101001000110110;0.563994;5570;1010101110110000001100100000110110111011010101;0.147833;1460;0.381924;6
7;0000100000110111011111000111011000011010110110;0.57098;5639;1011011110011001100100011110011010001010010100;0.140138;1384;0.416789;6
8;0010100100000111011111000110011001001110110110;0.582928;5757;1011010101000010000111101110110000010110011101;0.190867;1885;0.442751;6
9;0000110100001110011111000110011001001110110110;0.584447;5772;0100101001100000100111110111101011000001110101;0.191981;1896;0.457937;4
10;0000100101010111011111000100110100011010110110;0.577866;5707;1010011000001111011100011100010100111100011100;0.206764;2042;0.471986;8
11;0010100100001111011111001110110000100100110110;0.579182;5720;0000110010111110101101010101011110010001001100;0.162819;1608;0.485834;4
12;0000101000001111011111000110010101101010101110;0.579992;5728;0010100000110111011110100111000100001010111011;0.230559;2277;0.496455;5
13;0000101000100111010111001110011001011010101110;0.592851;5855;0000111000010111111111100110111110010000001000;0.261543;2583;0.511459;8
14;0000100100001110111111000110110100011010110110;0.596497;5891;1000101001110011011110001100101000010110110110;0.245241;2422;0.519737;3
15;1001101000000110011111011110010000011010110110;0.600749;5933;0110001000110110101111001111100000010101100110;0.299615;2959;0.528369;6
16;0000101000000111011111001110111001001100110110;0.617153;6095;1000101010000110011111001000101101010110101101;0.274706;2713;0.540169;5
17;0000101100000111011111011110011000010000111110;0.612596;6050;0000101100001101101111000011111101010100011100;0.29273;2891;0.547707;6
18;0000101000001110111111011110110000011000110110;0.611685;6041;1000100100111111110110000001110100011110010100;0.270555;2672;0.551325;16
19;0000101100000111011111011110011000010000111110;0.612596;6050;0000101100001111111011001110001100011010110010;0.308627;3048;0.559817;17
20;0000101000001110111111011110110000011000101110;0.620393;6127;0000100111101111010001011110010100010100111100;0.339004;3348;0.567358;17
21;0000101100001111011111011110010000011000101110;0.626671;6189;0000001100001101011111000011110101001011101110;0.373329;3687;0.570972;7
22;0000101100001111011111011110010000011000101110;0.626671;6189;0000101101001011011011100011110001011100110100;0.27339;2700;0.571943;17
23;0000101100000110011111011110010000011010111110;0.627278;6195;1000100100010111011111011010011010100100110100;0.348319;3440;0.579316;21
24;0000100100101110011111011110010000011010101110;0.627683;6199;0000001010000111011101111110110001101001110100;0.358748;3543;0.580436;19
25;0000100100001110011111011110010000011010111110;0.632037;6242;1000010010010111011111011110011000010100110100;0.338801;3346;0.58311;20
26;0000100100001110011111011110010000011010111110;0.632037;6242;0000100000001111110111011010110001011011010110;0.357533;3531;0.587112;13
27;0000100100001110011111011110010000011010111110;0.632037;6242;0001101000000010111101111111000001011001101110;0.368975;3644;0.589615;21
28;0000100100001110011111011110010000011010111110;0.632037;6242;1000101000000111011011111110011000011010110010;0.370393;3658;0.596721;34
29;0000100100001111011111011110010000011010101110;0.63305;6252;0010010101001111011111011110001000001010010110;0.291312;2877;0.600811;44
30;0000101000000110011111011110010000011110111110;0.633151;6253;0000000100101110011011110110011100011010110110;0.354293;3499;0.601708;39
31;0000101000000110011111011110010000011110111110;0.633151;6253;0000101000011000011111011111010000011010111110;0.396922;3920;0.606152;48
32;0000101000000110011111011110010000011110111110;0.633151;6253;0000100000100011011111011110011000111110110100;0.378898;3742;0.609011;42
33;0000100100001111011111011110010000011010101110;0.63305;6252;0000101000001011011111111110000000011010111110;0.388416;3836;0.60819;65
34;0000100000000111011111011110010000011110111110;0.636796;6289;0000101000000110011111011110101100011100111010;0.389226;3844;0.610676;77
35;0000100000000111011111011110010000011110111110;0.636796;6289;0000100000001111011111011010000101011110110110;0.359457;3550;0.613314;108
36;0000100100000110011111011110010000011110111110;0.636087;6282;0000000100001111111111011110001000010110110110;0.398744;3938;0.614465;113
37;0000100000000111011111011110010000011110111110;0.636796;6289;0001100000001110011111011110010100111010110010;0.457169;4515;0.618423;151
38;0000000100000111011111011110010000011110111110;0.634265;6264;0000101000001111011111011110010000011110111000;0.419097;4139;0.61767;157
39;0000000100000111011111011110010000011110111110;0.634265;6264;0000101000001101011111011110001000011110110110;0.400162;3952;0.617407;178
40;0000000100000111011111011110010000011110111110;0.634265;6264;0000001000000111111011011110010000011110110111;0.378088;3734;0.619803;187
41;0000100100000110011111011110010000011110111110;0.636087;6282;0000100100000111001101011110011000011110101111;0.571183;5641;0.623192;217
42;0000100000000111011111011110010000011110111110;0.636796;6289;0000000100010111011111011010010010011110110110;0.395099;3902;0.624693;227
43;0000100000000111011111011110010000011110111110;0.636796;6289;0000100000001110011111111110010000011110111100;0.425273;4200;0.623062;224
44;0000100000000111011111011110010000011110111110;0.636796;6289;0001100100001111011011011110000000011010111110;0.38386;3791;0.624495;231
45;0000100000000111011111011110010000011110111110;0.636796;6289;0000001000001100011111111110010010011010111110;0.418894;4137;0.623957;250
46;0000100100000110011111011110010000011110111110;0.636087;6282;0010100110001110001111011110010000011010111010;0.568044;5610;0.626319;266
47;0000100000001110011111011110010000011110111110;0.636087;6282;0000100010001111011111011110010000011110101010;0.434893;4295;0.626368;282
48;0000100100000110011111011110010000011110111110;0.636087;6282;0000100101000111011110111110010000011010111010;0.566424;5594;0.628088;327
49;0000100100000110011111011110010000011110111110;0.636087;6282;0000100100000111011011011110010000011010111111;0.569664;5626;0.628757;316
50;0000100100000110011111011110010000011110111110;0.636087;6282;0000000100001111011101011010010010011011111110;0.387606;3828;0.628459;318
=============================================
geração;melhor;fitness;cobertura;pior;fitness;cobertura;média;ind_repetidos
0;0001111000000110011101001110111001011001110010;0.581106;5739;1110111011110001101100100101000111100100000001;0.0314905;311;0.187907;1
1;0001111000000110011101001110111011110010100010;0.545464;5387;1001110101111011100000101100000101000110011011;0.0833333;823;0.226476;5
2;0000100100100110011111010100010111010110101110;0.562677;5557;1111101011011001000100110101000010101101100010;0.0845484;835;0.267697;2
3;0001101000000110011101011110110010011010110110;0.584953;5777;1100111111100110011000000110000110101101010001;0.100547;993;0.307508;3
4;0010101100001110010111000100010010111010111110;0.558931;5520;1100001111011011101101010110000001010010010101;0.0893074;882;0.342387;6
5;0000101100001110111111000101010100100010111110;0.566322;5593;0101101101010101100101010100000111100011001101;0.172337;1702;0.384194;3
6;0000101100001111010101000100111101010110110110;0.574828;5677;1001011110000001000100101111100100110011011110;0.145403;1436;0.411233;2
7;0000001100100110011111011110010010111010110010;0.579486;5723;0010011100111010000111110110000100101001111010;0.202815;2003;0.441522;4
8;0001101100001110011111000100010100110100111110;0.572398;5653;0010101010011111100000110111001100101010000111;0.115938;1145;0.459302;3
9;0001100100110110010101011110011100010001101110;0.586877;5796;1000111110111110000110000111100011010010110000;0.193904;1915;0.482161;2
10;0001100100110110010101011110011100010001101110;0.586877;5796;1100100001001110110011010100011100001101011011;0.192993;1906;0.49486;6
11;0000101100001110011111001110011011010100100110;0.585662;5784;0000000110010110110011011011010010111110001110;0.245342;2423;0.500176;10
12;0000101000100110011111000100111101101001110110;0.591029;5837;0101110000110111110101010100111100010001000101;0.270859;2675;0.511098;11
13;0000100000110110010111111110011100010010101110;0.587384;5801;0010011010101110010001011100111101110000100110;0.272783;2694;0.516138;8
14;0000101100001111011101000100011101110001101110;0.591434;5841;0010100001010111011111100101110010011100100100;0.308222;3044;0.522665;5
15;0000101100001111011111001110011100010000101110;0.602471;5950;0000100111010100001111100010111101000110101110;0.310348;3065;0.53569;11
16;0001101100000110011111011110010000001110110110;0.606217;5987;0010100000001110011110001110000111111010101110;0.288578;2850;0.538824;6
17;0001100000000110011111011110011010010110110110;0.605002;5975;0110100111001101010011001100011100000101101110;0.318246;3143;0.544028;9
18;0000101100000110011111010110011000011110101110;0.604496;5970;0000101101100100011111001010011100110111100010;0.349534;3452;0.550057;6
19;0000101100000110010111011110110000011010111110;0.615533;6079;0011110100000111011011001100001100010101101110;0.31207;3082;0.553363;11
20;0000100100001110011111000100110001111110110110;0.612495;6049;0001100100110000010101011110101100110101011110;0.284832;2813;0.558304;7
21;0000101000001110011111000100110001111110110110;0.60966;6021;0001110110110100010100011110101100011001001110;0.274403;2710;0.560341;4
22;0000100100001110011111000110111001110100101110;0.61128;6037;0000000111001111011111000100101101000110101110;0.337586;3334;0.56591;20
23;0000101000000111011111011110011000011010101110;0.626671;6189;0000000101001101001110011110001100111110101110;0.298096;2944;0.566703;10
24;0000100100100111011111011110010000011100110110;0.621608;6139;0010100100000111010111100001101011010010110111;0.30245;2987;0.569822;14
25;0000100100100111011111011110010000011100101110;0.625456;6177;0000100010011101111111001110110011000001001110;0.325132;3211;0.572841;9
26;0000100100100111011111011110010000011100101110;0.625456;6177;0000100100110110001111100100101001110110111010;0.306298;3025;0.570289;9
27;0000100100000111011111011110010000111000111110;0.622215;6145;1000100100001111011111001100000101110110110010;0.321588;3176;0.571912;14
28;0001100100000111011111011110010000011010101110;0.622519;6148;0000101100001110011011111010001000111001110110;0.302248;2985;0.574653;23
29;0000100100100110011111011110010100011000111110;0.619684;6120;0000100100010010011111011010110000111110110110;0.390948;3861;0.579497;25
30;0000100100000110010101011110111001111001110110;0.622823;6151;0000100100101001010101001111110101011101110100;0.334346;3302;0.579294;26
31;0000100100001111011111011110010100011000101110;0.627987;6202;0000100000001111111010100110010001111110110110;0.34032;3361;0.580265;20
32;0000100100001111011111011110010000001100111110;0.631531;6237;0000100100000111011011011110011001111110010100;0.315107;3112;0.579985;15
33;0000100100000110011111011110010000011110111110;0.636087;6282;0000000100001111011110111100100001111100110110;0.298198;2945;0.583355;32
34;0000100100001111011111011110010000001100111110;0.631531;6237;0000100100110111111111011010100000001010111100;0.331106;3270;0.584129;27
35;0000100100001111011111011110010000001100111110;0.631531;6237;0000100100110111000111011010001100111110001110;0.269441;2661;0.583614;17
36;0000100100000111011111011110010000011100111110;0.629911;6221;0000100100111111000101011010111100001100111100;0.339307;3351;0.58786;37
37;0000100100000111011111011110010000011100111110;0.629911;6221;1000100100100111001111011011111000011001100100;0.320271;3163;0.590706;27
38;0000100100001111011111011110010000001100111110;0.631531;6237;0000100100001100011011111110110001000100111111;0.352268;3479;0.596913;41
39;0000100100001111011111011110010000001100111110;0.631531;6237;0000010000111110011111011110000000110110110110;0.337687;3335;0.600639;54
40;0000100100000110011111011110010000011110111110;0.636087;6282;0000100100000111011011111010110100001110101110;0.364621;3601;0.600517;50
41;0000100100000110011111011110010000011110111110;0.636087;6282;0000100010001111011111101100101001001100011110;0.284731;2812;0.604044;54
42;0000100100000110011111011110010000011110111110;0.636087;6282;0000100100100111011111001110101001001100111100;0.361989;3575;0.603639;68
43;0000100000000111011111011110010000011110111110;0.636796;6289;0000000100100111010111011111100100001110101110;0.38467;3799;0.606196;58
44;0000100100000110011111011110010000011110111110;0.636087;6282;0000100100101101011111011110000010011100101110;0.388619;3838;0.609305;83
45;0000100100000110011111011110010000011110111110;0.636087;6282;0000100100000111011111011110000000011101111011;0.374544;3699;0.610891;110
46;0000100100000110011111011110010000011110111110;0.636087;6282;0000100100000111011111011110001100001100111011;0.37181;3672;0.615614;135
47;0000100100000110011111011110010000011110111110;0.636087;6282;0000100101101110011011011010010000011100111110;0.356217;3518;0.615218;145
48;0000100000001110011111011110010000011110111110;0.636087;6282;0000100100101100011111011110010000011110111100;0.408161;4031;0.61806;165
49;0000100100000110011111011110010000011110111110;0.636087;6282;0000100000000101111111011110111100011000101110;0.424058;4188;0.61898;187
50;0000100100000110011111011110010000011110111110;0.636087;6282;0000100000101110011111011110011000101111001010;0.377481;3728;0.620494;219
=============================================
geração;melhor;fitness;cobertura;pior;fitness;cobertura;média;ind_repetidos
0;0001111000000110011101001110111001011001110010;0.581106;5739;1010111011110111110001100001000101100011000001;0.0500203;494;0.190697;1
1;0000001001110111010101011110110100010010101110;0.574119;5670;0111010011100101111100101001001100110001010001;0.0635885;628;0.226429;2
2;0001111111100010010101011110010000001010101110;0.544755;5380;1001011010110111010001110100101011100000010101;0.0938639;927;0.270373;5
3;0001111111100010010101011110010000001010101110;0.544755;5380;1101010001100000101011110000011110000111110101;0.101762;1005;0.304348;4
4;0001101111000100110101011110010100001100110110;0.542426;5357;0110001101111010101010101010001000001100111101;0.124139;1226;0.346428;6
5;0100101100100110011111000001010100111010101110;0.561361;5544;0011100010010110101111111100010011001010011000;0.148744;1469;0.394257;4
6;1000100110000111111111011110010000000100110110;0.582422;5752;1111100010001001010101001110001110000110011011;0.166667;1646;0.431222;5
7;0100100110000111111111011110010000000100110110;0.584245;5770;1100111001110111011110000011000010100010100011;0.196132;1937;0.453059;2
8;0000100110000111111111011110010000000110110110;0.587282;5800;0000001100011110101111110100000011011011110010;0.232382;2295;0.463365;3
9;0000100110000111111111011110010110000010001110;0.568753;5617;1001001000100010111111100100000111000111110011;0.19998;1975;0.484899;8
10;0000101100110110010101011110010000111100101110;0.593155;5858;1101110100110100010111000100001110011011100010;0.253949;2508;0.495743;6
11;0000100110000111111111011110010000001100101110;0.608647;6011;1011001000100110101011101000010010111100110110;0.247874;2448;0.505407;4
12;0000100110000101111111011110010000001100111110;0.598724;5913;0110001100100100110111101100010010111110100010;0.321689;3177;0.522328;6
13;0001101100000011011111011110011000001010101110;0.597104;5897;0010111010101000011101000110010100101100111110;0.326549;3225;0.527053;6
14;0000101100001110011111011110010100000110110110;0.606825;5993;1000101100100111011001001110011110000011111000;0.304475;3007;0.532309;6
15;0000100101000110010111011110011000111010101110;0.60561;5981;0100001111000010110101011110111000000111111000;0.331612;3275;0.538348;6
16;0000100101000110010111011110011000111010101110;0.60561;5981;0000101111001100100101011110101000010110111010;0.293135;2895;0.540958;9
17;0000101100110110011101011110011000011000101110;0.604597;5971;0100101000000110111010001011111001111100101100;0.296375;2927;0.54162;11
18;0000101100000111011111010110011000011010101110;0.604293;5968;0001101100100111011001100010001100011110110101;0.25324;2501;0.549192;10
19;0000101100000110011111011110010100111000101110;0.61371;6061;0000101011001100011111011110011001101010011000;0.29435;2907;0.552449;11
20;0000101100000110011111011110010100111000101110;0.61371;6061;1001100100100110111011000110011100110010111000;0.28068;2772;0.559893;10
21;0000101100000110011111011110010100111000101110;0.61371;6061;1010100001000101011101111110000100001100111110;0.313994;3101;0.560561;11
22;0000101100000110011111011110010000001110111110;0.624747;6170;1000100000000111111111011000100011111100100110;0.308424;3046;0.563982;5
23;0000101100000110011111011110010000001110111110;0.624747;6170;0000101010001101111011000110010100111100110110;0.331814;3277;0.570452;10
24;0000101100000110011111011110010000001110111110;0.624747;6170;1011100000010110011111010110100100011100010110;0.323107;3191;0.573467;15
25;0000101100000111011111011110010000001100111110;0.626873;6191;0000000101010110011100011110010011111100110101;0.334143;3300;0.576668;12
26;0000101100000111011111011110010000001100111110;0.626873;6191;1000100110000011111111011010010001011100101010;0.348825;3445;0.58197;13
27;0000101100000110011111011110010000011010111110;0.627278;6195;1100001000001111011110010110001100111000101110;0.347003;3427;0.582873;20
28;0000101100000111011111011110010000001100111110;0.626873;6191;0000100001011111010111011010011000011100101110;0.392973;3881;0.590355;23
29;0000101100001111011111011110010000011000101110;0.626671;6189;1000100000011110011111001110010000011110111100;0.384062;3793;0.589736;16
30;0000100100001110011111011110010000011100111110;0.628291;6205;1000000100100110011111011110000011011000111110;0.365836;3613;0.589028;23
31;0000100100001111011111011110010000011100101110;0.626873;6191;0000100100011010111101011110001001011000111110;0.358141;3537;0.591953;27
32;0000100100001111011111011110010000001100111110;0.631531;6237;0000010100001110011101011110011010010011111010;0.400466;3955;0.594392;28
33;0000100100001110011111011110010000011110110110;0.629;6212;0001100100100110111111011010000100001100111110;0.375456;3708;0.59673;16
34;0000100100000111011111011110010000001110111110;0.628898;6211;0000101100000001011011011110010010011110111110;0.380518;3758;0.600492;35
35;0000100100000111011111011110010000001110111110;0.628898;6211;0010100100100110011111011010001010101100101110;0.3548;3504;0.60049;30
36;0000100100000111011111011110010000011100111110;0.629911;6221;0000100000010111011111011111110010001000111010;0.405022;4000;0.60451;36
37;0000100100000111011111011110010000011010111110;0.63143;6236;1000100101110010010111011110010000001110111100;0.358647;3542;0.601941;32
38;0000100100000111011111011110010000011010111110;0.63143;6236;0010100000101110011111001110011100011010101100;0.366545;3620;0.604539;40
39;0000100100000111011111011110010000011100111110;0.629911;6221;0000000100011110011111011110000001111010011110;0.312272;3084;0.602758;45
40;0000100100000111011111011110010000011100111110;0.629911;6221;0000100000001110011011011110010010111010111110;0.39115;3863;0.608793;55
41;0000100100000111011111011110010000011010111110;0.63143;6236;0010100000010101011111011110010100001100111110;0.416059;4109;0.611359;58
42;0000100100000111011111011110010000011010111110;0.63143;6236;0000101000110101011111011110111001001000101010;0.408161;4031;0.610387;57
43;0000100100001111011111011110010000011010101110;0.63305;6252;0000101000110001011111011110010000011110101110;0.413325;4082;0.611038;70
44;0000100100001111011111011110010000011010101110;0.63305;6252;0000000000001111011111001110011010011100101111;0.401276;3963;0.610364;72
45;0000100100000111011111011110010000011010111110;0.63143;6236;0000100100001110011011011010010100011110111110;0.372114;3675;0.609859;66
46;0000100100001111011111011110010000011010101110;0.63305;6252;0000000100101111011111011111010000011010101100;0.395099;3902;0.614232;98
47;0000100100000110011111011110010000011110111110;0.636087;6282;0000100000000101011111011110010000011111111110;0.443499;4380;0.615209;90
48;0000100100001111011111011110010000011010101110;0.63305;6252;0000110000001111011111011010010000011100111110;0.397631;3927;0.616517;97
49;0000000100000111011111011110010000011110111110;0.634265;6264;0000101000000111011011011110000110011100111110;0.333637;3295;0.616842;111
50;0000000100000111011111011110010000011110111110;0.634265;6264;0000101000011010011111011110010000001111111100;0.391049;3862;0.616932;133
=============================================
