geração;melhor;fitness;cobertura;pior;fitness;cobertura;média;ind_repetidos
0;0000000000000100000100000000010000000000100010;0.0177197;175;0000010000000000000000001000000000110000001000;0;0;0.000180741;1
1;0000000000000100000100000000010000000000100010;0.0177197;175;0000000000000000000000001011000000000000010001;0;0;0.000180488;1
2;0000001000000010000000000000110000000000100000;0.0208586;206;0010000000010001000000100000010000000000000000;0;0;0.000298704;3
3;0000000000000000000000000000000010100100011000;0.0165047;163;0010010010000000100000010000000000000000000000;0;0;0.000398694;4
4;0000000000000000000000000000000010100100011000;0.0165047;163;0000000000100000000000101000000000101000000000;0;0;0.000458688;4
5;0000000000001000001100000000010000000000000100;0.0195423;193;0010001000000010000000000000000100000001000000;0;0;0.00059918;4
6;0000000000000000001110000000000000001010000000;0.0264277;261;0100000000000000000010000000000000110000010000;0;0;0.000753848;3
7;0000000000000001000100000010010000000000100000;0.0250101;247;0000000000000100000010000000001000100000000001;0;0;0.000938892;5
8;0000000000000000001100000010010000000000100000;0.0250101;247;0000000100000010000000100000000000011000000000;0;0;0.00113305;5
9;0000000000000000000100000010110000000000100000;0.0300729;297;0010000000100000000000000000000000000000101100;0;0;0.00163907;8
10;0000000000000000000000011100101000000000000000;0.0271365;268;0000010000001000000010000000010000000000010000;0;0;0.00217826;18
11;0000000000000000000100000010010000000000100100;0.0474889;469;0000001000000000001100010000000000000000000100;0;0;0.0030488;12
12;0000000000000000000100000010010000000000100100;0.0474889;469;0000000000011000010000010000100000000000000000;0;0;0.00343535;21
13;0000000000000000000100000010010000000000100010;0.0480964;475;0000000000000001001000000010010000000000010000;0;0;0.00404769;25
14;0000000000000000000100000010010000000000100100;0.0474889;469;0000000000000100010000010100001000000000000000;0;0;0.00474433;35
15;0000000000000000000000011110001000000000000000;0.0602471;595;0000000000000000001000000011000000001000000100;0;0;0.00539616;31
16;0000000000000000000000011110001000000000000000;0.0602471;595;0000000010000000101100000010000000000000000000;0;0;0.00694259;40
17;0000000000000000000000011110000000000000100000;0.0620697;613;0010000110000100000000000000010000000000000000;0;0;0.00768099;39
18;0000000000000000000000011110001000000000000000;0.0602471;595;0000000000001000000101000000010000001000000000;0;0;0.00909528;53
19;0000000000000000001000011110000000000000000000;0.0578169;571;0000000000001000010000000010000000000000101000;0;0;0.00955321;51
20;0000000000001000000000011110000000000000000000;0.0579182;572;0000010000001000000000000010100000000100000000;0;0;0.0111548;70
21;0000000000000000000000011110000000000000100000;0.0620697;613;0000000000000000001001000000000000100000110000;0;0;0.0120742;88
22;0000000000000000000000011110000000000000100000;0.0620697;613;0000000000000000000100000010000000000000100011;0;0;0.0133875;95
23;0000000000000000000000011110000000000000000100;0.0601458;594;0000000010000100100000000010010000000000000000;0;0;0.0151536;97
24;0000000000000000000000011110000000000000000100;0.0601458;594;0000000000000000000100000010100000001000100000;0;0;0.0157731;102
25;0000000000000000000000011110000000000000000100;0.0601458;594;0000000000001100000100000010000000000000000100;0;0;0.0167672;99
26;0000000000000000000000011110000000000000000100;0.0601458;594;0000001000000000000100001000110000000000000000;0;0;0.0178622;109
27;0000000000000000000000011110000000000000000100;0.0601458;594;0000100000000000010010000000100000000000000100;0;0;0.0189168;107
28;0000000000000000000000011110000000000000100000;0.0620697;613;0100010100000000000100000000100000000000000000;0;0;0.020303;120
29;0000000000000000000000011110000000000000100000;0.0620697;613;0000000000000000000100000110101000000000000000;0;0;0.0207979;131
30;0000000000000000000000011110000000000000100000;0.0620697;613;0000000000000000000100100010000000000000100010;0;0;0.0221165;139
31;0000000000000000100000011110000000000000000000;0.0571081;564;1000000000000000000000010000110001000000000000;0;0;0.0218023;138
32;0000000000000000100000011110000000000000000000;0.0571081;564;0000001000000000000100000010110000000000000000;0;0;0.0224997;148
33;0000000000000000000100000000110000000000100010;0.0567031;560;0000000000000010000000000000110100000000000010;0;0;0.0211378;129
34;0000000000000000000100000000110000000000100010;0.0567031;560;0000000000000000000000100010100000000000100100;0;0;0.0218355;145
35;0000000000000000000100000000110000000000100010;0.0567031;560;1000000010000000000000000000010000000000100100;0;0;0.0235462;176
36;0000000000000000000100000000110000000000100010;0.0567031;560;0000000000000000000000100010100000010000100000;0;0;0.0240547;181
37;0000000000000000000100000000110000000000100010;0.0567031;560;0000100001000100000100000000000000000000100000;0;0;0.0248172;171
38;0000000000000000000100000000110000000000100010;0.0567031;560;0000000000000100000100100000011000000000000000;0;0;0.0254424;180
39;0000000000000000000100000000110000000000100010;0.0567031;560;0000000000000000000100000010000000000001100010;0;0;0.025952;196
40;0000000000000000000100000000110000000000100010;0.0567031;560;0000000000000000000001000000100000001000100001;0;0;0.0250749;184
41;0000000000000000000100000000110000000000100010;0.0567031;560;0000000000000000000100000010001001000000000001;0;0;0.025991;205
42;0000000000000000000100000000110000000000100010;0.0567031;560;0000000000000000000100000000001000001010100000;0;0;0.0270537;201
43;0000000000000000000100000000110000000000100010;0.0567031;560;1001000000000100000000000010010000000000000000;0;0;0.0278397;207
44;0000000000000000000100000000110000000000100010;0.0567031;560;0000000000000000000100000010110010000000000000;0;0;0.0288952;214
45;0000000000000000000100000000110000000000100010;0.0567031;560;0000000010000010000100000010010000000000000000;0;0;0.0292896;213
46;0000000000000000000100000000110000000000100010;0.0567031;560;0000000000000000000100000000110000001100000000;0;0;0.0283168;205
47;0000000000000000000100000000110000000000100010;0.0567031;560;0000000000000000000000000000100101000010100000;0;0;0.0271924;200
48;0000000000000000000100000000110000000000100010;0.0567031;560;0000000000000000000110100000110000000000000000;0;0;0.0284525;202
49;0000000000000000000100000000110000000000100010;0.0567031;560;0000000000000110000100000000010000001000000000;0;0;0.0285376;188
50;0000000000000000000100000000110000000000100010;0.0567031;560;0000100000000010000100000010000000000000000010;0;0;0.0286365;196
=============================================
geração;melhor;fitness;cobertura;pior;fitness;cobertura;média;ind_repetidos
0;0000000000000000000000000000000001001000011010;0.0211624;209;1100001100000000010000000000000000000000000000;0;0;0.000231116;1
1;0000000000000000100100000010011000000000000000;0.013872;137;0000000000000001000001001000011000000000000000;0;0;0.000200739;2
2;0000000000000101000000000010000000000000100100;0.00739166;73;0001000100000000000000100010000000000000000100;0;0;0.000194664;2
3;0000100000000100000001000000000000000000001010;0.013467;133;0000000000001000000000000001010000000000010001;0;0;0.000237191;3
4;0000000000000000000000001000000100011010000000;0.0214662;212;0000010000100000001000000010000000000010000000;0;0;0.000318955;1
5;0000000000000000000010000000000100011000000010;0.0294654;291;0000000100010000000100000001000100000000000000;0;0;0.000544502;2
6;0000000000000000000010000000000100011000000010;0.0294654;291;0000100000001000000000100010000010000000000000;0;0;0.000784984;5
7;0000000000000000000010000000000100011000001000;0.0303767;300;0000000000000010000000100000110000001000000000;0;0;0.00102142;5
8;0000000000000000100000000000000000001100011000;0.0220737;218;1000000010000000001000000100000000000000100000;0;0;0.00128696;9
9;0000000000000000000000000000000000001100011010;0.0365533;361;0100100000000000000000001001000000000000100000;0;0;0.00161275;9
10;0000000001000000000000000000110001000000100000;0.0306804;303;0000000001000001000000000000010000010000000001;0;0;0.00209827;10
11;0000000001000000000000000000110001000000100000;0.0306804;303;0000000110010000000000000000000100000000100000;0;0;0.00301109;16
12;0000001000000000000000000000110001000000100000;0.0349332;345;0000000001000000010000000000000000010000100010;0;0;0.00366976;22
13;0000000000000100000000000000110000000000100100;0.037262;368;0000000100000000001000100000000000000000100100;0;0;0.00434943;26
14;0000000000000000000100000000110001000000100000;0.0508303;502;1000000000100000000000000000010001000010000000;0;0;0.00525036;21
15;0000000000000100000000000000110001000000100000;0.041616;411;0000100100000001000000000000100000000000100000;0;0;0.00596193;32
16;0000000000000000000000000000011011000001000000;0.0406035;401;1000000000000010010000000000001000000000100000;0;0;0.00689905;30
17;0000000000000000000000000000011011000001000000;0.0406035;401;0000000000000001010010001000000000000000100000;0;0;0.00865102;48
18;0000000000000000000100000000110001000000100000;0.0508303;502;0000000000000000010000001000000001001000100000;0;0;0.00971041;47
19;0000000000000000000100000000110001000000100000;0.0508303;502;0100000000000100000000000001001000000000100000;0;0;0.0105053;51
20;0000000000000010000000000000110001000000100000;0.0395909;391;0000001000000001000000000000100000010000010000;0;0;0.0113993;62
21;0000000000000100000000000000110001000000100000;0.041616;411;0000000100000000000000000001000001001000010000;0;0;0.0133331;82
22;0000000000000100000100000000110000000000100000;0.0485014;479;0000000100000000000000000000001100000000101000;0;0;0.0150357;90
23;0000000000000000000100000000110001000000100000;0.0508303;502;0000000100000000000000001000000100010000010000;0;0;0.015745;97
24;0000000000000000000100000000110000000000100010;0.0567031;560;0000100000000000000001000010001001000000000000;0;0;0.0171957;91
25;0000000000000000000100000000110001000000100000;0.0508303;502;0001000001000000000000000000000001000010100000;0;0;0.0194497;112
26;0000000000000000000100000000110001000000100000;0.0508303;502;0010000010000000000000000010110000000000000000;0;0;0.022022;148
27;0000000000000000000100000000110001000000100000;0.0508303;502;0000000000000000000100000001001000000100100000;0;0;0.0245724;173
28;0000000000000000000100000000110001000000100000;0.0508303;502;0000000000000000000000000010100001010000100000;0;0;0.0268501;185
29;0000000000000000000100000000110001000000100000;0.0508303;502;0000000000000010000000000000100001000100000010;0;0;0.0292197;211
30;0000000000000000000100000000110001000000100000;0.0508303;502;0000000000000000000100000000011000001000000001;0;0;0.0303735;217
31;0000000000000000000100000000110001000000100000;0.0508303;502;0000000000000010000000000100100000100000100000;0;0;0.0322819;229
32;0000000000000000000100000000110000000000100100;0.0559943;553;0100000000000000000100000010000001000000100000;0;0;0.0362028;276
33;0000000000000000000100000000110000000000100010;0.0567031;560;0000000000000010000100000010100000000000100000;0;0;0.0388891;287
34;0000000000000000000100000000110000000000100100;0.0559943;553;0000000000000100000100001000100001000000000000;0;0;0.0397718;286
35;0000000000000000000100000000110000000000100010;0.0567031;560;0000000000000000000100000010110010000000000000;0;0;0.040376;296
36;0000000000000000000100000000110000000000100010;0.0567031;560;1000000000000000000000000000100001100000100000;0;0;0.0414334;300
37;0000000000000000000100000000110000000000100010;0.0567031;560;0000000000000000000100000000100001010000001000;0;0;0.0398834;292
38;0000000000000000000100000000110000000000100010;0.0567031;560;1010000000000000000100000000000001000000100000;0;0;0.0395493;279
39;0000000000000000000100000000110000000000100010;0.0567031;560;0000000000000000000000000000100001000100101000;0;0;0.0397667;277
40;0000000000000000000100000000110000000000100010;0.0567031;560;0000010000000000000100100000000000000000100100;0;0;0.0413448;300
41;0000000000000000000100000000110000000000100010;0.0567031;560;0000000000100000000000010000110001000000000000;0;0;0.0414385;298
42;0000000000000000000100000000110000000000100010;0.0567031;560;0000000000000010100100000000100000000000100000;0;0;0.0409287;298
43;0000000000000000000100000000110000000000100010;0.0567031;560;0000000011000000000000000000110100000000000000;0;0;0.0384084;272
44;0000000000000000000100000000110000000000100010;0.0567031;560;0000000000000100000100000000110000000000010000;0;0;0.0396756;283
45;0000000000000000000100000000110000000000100010;0.0567031;560;0000000000000000000100010000100000000100100000;0;0;0.0409654;287
46;0000000000000000000100000000110000000000100010;0.0567031;560;0000000000000000100100001000110000000000000000;0;0;0.0411021;283
47;0000000000000000000100000000110000000000100010;0.0567031;560;0000000000000000000100000100000101000000100000;0;0;0.0399638;269
48;0000000000000000000100000000110000000000100010;0.0567031;560;1100000000000000000100000000100000000000000100;0;0;0.041324;285
49;0000000000000000000100000000110000000000100010;0.0567031;560;0000001000000000000100000000100000010000100000;0;0;0.0403715;267
50;0000000000000000000100000000110000000000100010;0.0567031;560;1000000000000000000100000100110000000000000000;0;0;0.0419638;276
=============================================
geração;melhor;fitness;cobertura;pior;fitness;cobertura;média;ind_repetidos
0;0000000000000100000100000000010000000000100010;0.0177197;175;0001000000001001000000000100000000000000001000;0;0;0.000202511;1
1;0000010000000000010000000000000000000100010010;0.0308829;305;0000100000000100010000000001000010000000000000;0;0;0.000490836;5
2;0000000000000000000000010110001000000000001000;0.0147833;146;1000000000000000000000000000000001000000011010;0;0;0.000550577;4
3;0000000000000000000000011110001000000000000000;0.0602471;595;0000000000000001000001000000000100000100100000;0;0;0.000783212;5
4;0000000000000000000000011110000100000000000000;0.0577157;570;0010001000000000000000000010000000000001001000;0;0;0.00122165;6
5;0000000000000000000000011110000100000000000000;0.0577157;570;0000100000000000000000010100000001000000000001;0;0;0.00103686;10
6;0000000010000000010001000000000000000000010010;0.044755;442;0000000000100000001100000000000001010000000000;0;0;0.0011128;4
7;0000000000000000000000000000000100011000101000;0.0270352;267;0000000000000000000010000010000000000000101100;0;0;0.00112216;7
8;0000000000000000010001000000000000000000011001;0.0486027;480;0000000001000000100000000000000100000100000001;0;0;0.0014796;12
9;0000000000000000010001000000000000000000011001;0.0486027;480;0000000010100000000000000100000001000001000000;0;0;0.00180032;8
10;0000000000000000010001000000000000000000011001;0.0486027;480;0000000000100000000000000000001000100000101000;0;0;0.00203422;2
11;0000000000000000010001000000000000000000011001;0.0486027;480;0000000000000000000100010000001100000000001000;0;0;0.00274884;8
12;0000000000000000010001000000000000000000011010;0.0635885;628;0100000000000100001010000000000000100000000000;0;0;0.0035847;15
13;0000000000000000010001000000000001000000011000;0.0486027;480;0000010000100000000000000010001000100000000000;0;0;0.00367634;26
14;0000000000000000010001000000000001000000011000;0.0486027;480;0001000000000001001000000000000100000000100000;0;0;0.00423653;12
15;0000000000000000010001000000000001000000011000;0.0486027;480;0000000000010010000000000100000001000000000100;0;0;0.00486913;24
16;0000000000000000000000000100110001000000100000;0.0361482;357;0000000000000000000100000010010000000001001000;0;0;0.00574955;34
17;0000000000000010000100000000110000000000100000;0.0457675;452;0000000000000000000000000100010001000100000001;0;0;0.00673704;33
18;0000000000000010000100000000110000000000100000;0.0457675;452;0001000000000000001000000110000000000001000000;0;0;0.00754683;44
19;0000000000000000010001000000000000001000001010;0.0604496;597;0000000000000010000000000001000000001000101000;0;0;0.00812905;49
20;0000000000000000010001000000000000001000001010;0.0604496;597;0000100000000000000000000010010001000000000100;0;0;0.00891834;49
21;0000000000000000010001000000000000001000001010;0.0604496;597;0000000001000000010001000000000000001000000001;0;0;0.0097613;50
22;0000000000000000010001000000000000010000011000;0.0497165;491;0000000010000100000001000000000010000000000001;0;0;0.0110366;51
23;0000000000000000010001000000000000001000001010;0.0604496;597;0010000010000000000001000000000000001000000010;0;0;0.0121011;57
24;0000000000000000010001000000000000001000001010;0.0604496;597;0000000000000000000010000001000100000000100010;0;0;0.0134161;62
25;0000000000000000010001000000000000001000001010;0.0604496;597;0000000000000000000000010001000001000100100000;0;0;0.0150316;85
26;0000000000000000010001000000000000001000001010;0.0604496;597;0000000100000000000001000000001000010000010000;0;0;0.0136472;73
27;0000000000000000010001000000000000001000001010;0.0604496;597;0001000000000000001000000010000000001000000010;0;0;0.0146507;79
28;0000000000000000000100000000110000000000100010;0.0567031;560;0000000000000000000001000000010001000000011000;0;0;0.01663;85
29;0000000000000000000100000000110000000000100010;0.0567031;560;0000000010000000000100000010100000000000100000;0;0;0.017499;95
30;0000000000000000000100000000110000000000100010;0.0567031;560;0000000000000000101000000000000101000000100000;0;0;0.018709;96
31;0000000000000000000100000000110000000000100010;0.0567031;560;0001000000000000000000010000100001000000000010;0;0;0.0197436;106
32;0000000000000000000100000000110000000000100010;0.0567031;560;0000000000001000010000000000000001000000100100;0;0;0.0202326;118
33;0000000000000000000100000000110000000000100010;0.0567031;560;0000000000000110000010000000110000000000000000;0;0;0.0226633;126
34;0000000000000000000100000000110000000000100010;0.0567031;560;0000000000000010000000000100000001000000100100;0;0;0.0247071;153
35;0000000000000000000100000000110000000000100010;0.0567031;560;0000000000000000000000000001110000000000010001;0;0;0.0252678;161
36;0000000000000000000100000000110000000000100010;0.0567031;560;0000000000000000000000000001100001001000100000;0;0;0.0240952;148
37;0000000000000000000100000000110000000000100010;0.0567031;560;0000000000000100000100001000110000000000000000;0;0;0.025224;175
38;0000000000000000000100000000110000000000100010;0.0567031;560;0000000000000000010000010001100000000000000010;0;0;0.0275992;202
39;0000000000000000000100000000110000000000100010;0.0567031;560;0001000000000010000000000010100000000000100000;0;0;0.0307069;203
40;0000000000000000000100000000110000000000100010;0.0567031;560;0000000000000000000000001000110001000010000000;0;0;0.0313593;215
41;0000000000000000000100000000110000000000100010;0.0567031;560;0000000000000000100000000010100001000000100000;0;0;0.0326042;223
42;0000000000000000000100000000110000000000100010;0.0567031;560;0000100000000000000100000000000001000100100000;0;0;0.0339408;238
43;0000000000000000000100000000110000000000100010;0.0567031;560;0000000000000010000100000000110000000000001000;0;0;0.0354153;252
44;0000000000000000000100000000110000000000100010;0.0567031;560;1000000000000000000100000000010001001000000000;0;0;0.0368772;264
45;0000000000000000000100000000110000000000100010;0.0567031;560;1000000000000000000100010000000001000000100000;0;0;0.0376095;262
46;0000000000000000000100000000110000000000100010;0.0567031;560;0000000000000000000100000010100000000100000010;0;0;0.0372678;258
47;0000000000000000000100000000110000000000100010;0.0567031;560;0000000000000000000110000010100000000000100000;0;0;0.0398891;283
48;0000000000000000000100000000110000000000100010;0.0567031;560;0000000010000000000000000000110001000010000000;0;0;0.0389057;272
49;0000000000000000000100000000110000000000100010;0.0567031;560;0000000010000000000000000010100001000000100000;0;0;0.0388452;275
50;0000000000000000000100000000110000000000100010;0.0567031;560;0000000000000000000100000000100001000100000010;0;0;0.039851;276
=============================================
geração;melhor;fitness;cobertura;pior;fitness;cobertura;média;ind_repetidos
0;0000000000000100000100000000010000000000100010;0.0177197;175;0000100000000100001000000000001000000000100000;0;0;0.000217699;1
1;0000000000000000010000000001000100001000001000;0.0111381;110;0001011000000010000000000000000000001000000000;0;0;0.000236938;1
2;0000000000000000000010000000010100011000000000;0.0263264;260;0000000000000000001001000000100000100000001000;0;0;0.000326296;3
3;0000000000000000000010000000010100011000000000;0.0263264;260;0000000000000010101000000000010000000000100000;0;0;0.000483495;5
4;0000100000000000000010000000000100011000000000;0.0199473;197;0000000000000101000000100000000001000000010000;0;0;0.000727268;2
5;0000000000000000010001000000000000010000011000;0.0497165;491;0000100000000110000000000000000010000000100000;0;0;0.0010323;5
6;0000000000000000000001000000001011000001000000;0.0314905;311;0000000000000000000000101000000000000010011000;0;0;0.00129658;9
7;0000000000000000000001000000001011000001000000;0.0314905;311;0000010001000101000000000000000000000000000001;0;0;0.00149301;9
8;0000000000000000000001000000001011000001000000;0.0314905;311;0000000000000010000000000000011000001000010000;0;0;0.00165654;11
9;0000000000000010000000000000001011000001000000;0.0321993;318;0000000000000001001000010000001001000000000000;0;0;0.00204258;10
10;0000000000000000000000000000000100011100100000;0.0371608;367;0000000000000000001000000000010000100101000000;0;0;0.00303311;15
11;0000000000000000000000000000000100011100100000;0.0371608;367;0000000000010000110100000000000000000100000000;0;0;0.00375354;19
12;0000000000000000010000000000000000011100100000;0.0374646;370;0000000001000000000100000001000100000000100000;0;0;0.00390669;15
13;0000000000000000000000000000001011000001100000;0.0423248;418;0000000000010000000000000000101000001000010000;0;0;0.00551919;14
14;0000000000000010000100000000110000000000100000;0.0457675;452;0000000110000000000000000000001000000000110000;0;0;0.00626772;27
15;0000000000000100000000000000110001000000100000;0.041616;411;0000000000000010010000000000000001000000100100;0;0;0.00590624;17
16;0000000000000000000000000000000100011101000000;0.0411098;406;0000000010000000000100000000000100000001100000;0;0;0.0062538;28
17;0000000000000000000000000000000100011101000000;0.0411098;406;0001000000001000000000000000000000000001110000;0;0;0.00772605;23
18;0000000000000000000000000000000100011101000000;0.0411098;406;0000000000000000000000000000000100100100101000;0;0;0.00850724;37
19;0000000000000000000100000000110000000000100010;0.0567031;560;0000110000000000000000000000010000010000010000;0;0;0.00907908;42
20;0000000000000000000000000000000100011101000000;0.0411098;406;1000000100000000000100000000010000000100000000;0;0;0.00980255;44
21;0000000000000000000000000000000100011101000000;0.0411098;406;1000000000000000110000000000000000000100100000;0;0;0.0108242;33
22;0000000000000000000000000000000100011101000000;0.0411098;406;0000000000000000001000100000000100001000010000;0;0;0.0118094;55
23;0000000000000000000000000000000100011101000000;0.0411098;406;0000000000000000010000000000000010001000110000;0;0;0.0127901;56
24;0000000000000000000000000000000100011110000000;0.0518428;512;0000000000000000100000010000000000101000010000;0;0;0.0141857;59
25;0000000000000000000000000000000100011110000000;0.0518428;512;0000100000000000010100000000000100000100000000;0;0;0.014898;61
26;0000000000000000000000000000000100011110000000;0.0518428;512;0100000010000000000000000000000010001100000000;0;0;0.0167046;91
27;0000000000000000000010000000000100011100000000;0.0473876;468;1000000000000000100000000000000100010100000000;0;0;0.0178463;89
28;0000000000000000000010000000000100011100000000;0.0473876;468;0000001000000000010000000000000100101000000000;0;0;0.0187811;104
29;0000000000000000010001000000000000001000011000;0.049919;493;1000000000000000000000000000000000010100010001;0;0;0.0209318;126
30;0000000000000000000000000000000100011110000000;0.0518428;512;0000001000000000000000000000010010001100000000;0;0;0.0230969;144
31;0000000000000000000000000000000100011110000000;0.0518428;512;0000001000000000000000010000000100010100000000;0;0;0.025724;168
32;0000000000000000000000000000000100011110000000;0.0518428;512;0000000000000000000010100000000100010100000000;0;0;0.0264885;183
33;0000000000000000000000000000000100011110000000;0.0518428;512;0000000000000000000000000100000110010001000000;0;0;0.0281939;198
34;0000000000000000000000000000000100011110000000;0.0518428;512;1000000000000000000010000000000100010100000000;0;0;0.0281871;207
35;0000000000000000000000000000000100011110000000;0.0518428;512;0000001000010000000000000000000100010100000000;0;0;0.0297274;215
36;0000000000000000000000000000000100011110000000;0.0518428;512;0000000000000000000010001000000000010100000010;0;0;0.0308301;221
37;0000000000000000000000000000000100011110000000;0.0518428;512;0000000000000000001100000000000100001100000000;0;0;0.0322925;240
38;0000000000000000000000000000000100011110000000;0.0518428;512;0000000000000000000010000001000000000110010000;0;0;0.0328831;249
39;0000000000000000000000000000000100011110000000;0.0518428;512;0000000000000000000010001000000100001100000000;0;0;0.0352867;271
40;0000000000000000000000000000000100011110000000;0.0518428;512;0000000001000000000010000000000100000100001000;0;0;0.0362263;281
41;0000000000000000000000000000000100011110000000;0.0518428;512;0000000000000000000000000000000101001110000000;0;0;0.0358377;278
42;0000000000000000000000000000000100011110000000;0.0518428;512;0000000000000000000010000000100100001100000000;0;0;0.0368364;287
43;0000000000000000000000000000000100011110000000;0.0518428;512;0000000000000000000010010000000100010100000000;0;0;0.0355377;262
44;0000000000000000000000000000000100011110000000;0.0518428;512;0000000000000000001000000000001100010100000000;0;0;0.0351061;259
45;0000000000000000000000000000000100011110000000;0.0518428;512;0000000000000010000010000000000100010100000000;0;0;0.0359835;276
46;0000000000000000000000000000000100011110000000;0.0518428;512;0000000000000000000010000000000100101100000000;0;0;0.0349945;260
47;0000000000000000000000000000000100011110000000;0.0518428;512;0000000000000000000000010000000100010110000000;0;0;0.0346388;249
48;0000000000000000000000000000000100011110000000;0.0518428;512;0000000010010000000000000000000100010100000000;0;0;0.0361498;267
49;0000000000000000000000000000000100011110000000;0.0518428;512;0000000000000000000010000001000100010100000000;0;0;0.0352767;264
50;0000000000000000000000000000000100011110000000;0.0518428;512;0001000000000000000000000000000100001110000000;0;0;0.0364257;274
=============================================
geração;melhor;fitness;cobertura;pior;fitness;cobertura;média;ind_repetidos
0;0000000000001000000001000000000000001000001010;0.0213649;211;0000000000000000100010000100010100000000000000;0;0;0.000336675;1
1;0000000000000000000000000000001011100000010000;0.0270352;267;0100000000000000001001000000000101000000000000;0;0;0.000516657;2
2;0000000001000000000000000000001011100000000000;0.0253139;250;0000000001000000000010000011000000000000100000;0;0;0.000592598;3
3;0000000000000000010000000000000000001100011000;0.036047;356;0000000000001000000001000000000000001010010000;0;0;0.00068626;3
4;0000000000000000010000000000000000001100011000;0.036047;356;0000010100000000100010000001000000000000000000;0;0;0.0006774;4
5;0000000000000000000000000010011000000000100010;0.0338194;334;0000000100000000000000101000001000000000001000;0;0;0.000674362;7
6;0000000000000000000000000010011000000000100010;0.0338194;334;0000000000010001010000010000000000000001000000;0;0;0.00103964;7
7;0000000000000000000001011110000000000000000000;0.0571081;564;0000000000000001000101000000010000000000000001;0;0;0.00150795;4
8;0000000000000000000001011110000000000000000000;0.0571081;564;0001000000000000000000000110000000000000001100;0;0;0.00215472;3
9;0000000000000000001000011110000000000000000000;0.0578169;571;0000000010000000000000000000100001000100010000;0;0;0.00218003;6
10;0000000000000000001000011110000000000000000000;0.0578169;571;0001000000000000000100000000000000000010000110;0;0;0.00303514;9
11;0000000000000000000000011110000000000000000010;0.0601458;594;0000000000011000000001000000000001000100000000;0;0;0.00355584;11
12;0000000000000000000000011110000000000000000010;0.0601458;594;0010000000000000000000000110000000100001000000;0;0;0.00480179;19
13;0000000000000000000000011110000000000000000010;0.0601458;594;0001000001001000000000000000000001000000000010;0;0;0.0053425;25
14;0000000000000000000000011110000000000000100000;0.0620697;613;0010000000000000000100001000000000000000100010;0;0;0.00689247;25
15;0000000000000000000000011110000000000000100000;0.0620697;613;0000000000000001000001000000011000000000001000;0;0;0.00803767;29
16;0000000000000000000000011110000000000000100000;0.0620697;613;0000000000000000001100001100000000100000000000;0;0;0.00867861;48
17;0000000000000000000000011110000000000000100000;0.0620697;613;0000010000000000000001010000100000000000100000;0;0;0.00952688;46
18;0000000000000000000000011110000000000000100000;0.0620697;613;0000000000000000000000010101000001000000100000;0;0;0.0108954;58
19;0000000000000000000000011110000000000000100000;0.0620697;613;1001000000000000000000000110000100000000000000;0;0;0.0125101;82
20;0000000000000000000000011110000000000000100000;0.0620697;613;0000000000000000000000000111010000000000010000;0;0;0.0134166;85
21;0000000000000000000000011110000000000000100000;0.0620697;613;0000000000000000100000000111000000000000100000;0;0;0.014438;95
22;0000000000000000000000011110000000000000100000;0.0620697;613;0010000000100000010010000000000000000000100000;0;0;0.016999;114
23;0000000000000000000000011110000000000000100000;0.0620697;613;0100000000000001010000000010010000000000000000;0;0;0.0193669;123
24;0000000000000000000000011110000000000000100000;0.0620697;613;0100000000000010000000000010101000000000000000;0;0;0.0196583;104
25;0000000000000000000000011110000000000000100000;0.0620697;613;0000000000001000100110000010000000000000000000;0;0;0.0214776;110
26;0000000000000000000000011110000000000000100000;0.0620697;613;0000000000000100000000001100100000000010000000;0;0;0.024412;130
27;0000000000000000000000011110000000000000100000;0.0620697;613;0000000001000000000100010100100000000000000000;0;0;0.0258192;135
28;0000000000000000000000011110000000000000100000;0.0620697;613;0000010000000100000000010000000000000001100000;0;0;0.0277418;139
29;0000000000000000000000011110000000000000100000;0.0620697;613;0000000000000000000000011000001000000000100010;0;0;0.030825;133
30;0000000000000000000000011110000000000000100000;0.0620697;613;0010000000000000000100000110000000000001000000;0;0;0.0328939;151
31;0000000000000000000000011110000000000000100000;0.0620697;613;0000000000000000000110000110000000000001000000;0;0;0.0344874;165
32;0000000000000000000000011110000000000000100000;0.0620697;613;0000100000000000000100000010000001000000100000;0;0;0.0383108;177
33;0000000000000000000000011110000000000000100000;0.0620697;613;0100000000000000000000011001000000000000100000;0;0;0.0382415;170
34;0000000000000000000000011110000000000000100000;0.0620697;613;0000000000000000000100100100000010000000100000;0;0;0.0412642;191
35;0000000000000000000000011110000000000000100000;0.0620697;613;0000000010000000000000001100000100000000100000;0;0;0.0446233;214
36;0000000000000000000000011110000000000000100000;0.0620697;613;0000010000000000000000011000000000010000100000;0;0;0.0455222;235
37;0000000000000000000000011110000000000000100000;0.0620697;613;0000001100000000000000010010000000000010000000;0;0;0.0465955;245
38;0000000000000000000000011110000000000000100000;0.0620697;613;0000100000000000000000010011000000000010000000;0;0;0.0470246;251
39;0000000000000000000000011110000000000000100000;0.0620697;613;0000000001000000000000010010000001000000100000;0.000101256;1;0.0482794;271
40;0000000000000000000000011110000000000000100000;0.0620697;613;0000000100000000000001001010000000100000000000;0;0;0.0500559;288
41;0000000000000000000000011110000000000000100000;0.0620697;613;0100000000000000000000011100000000000000000001;0;0;0.0525263;301
42;0000000000000000000000011110000000000000100000;0.0620697;613;0000100000000100010000001000000000000000100000;0;0;0.0508862;293
43;0000000000000000000000011110000000000000100000;0.0620697;613;0000000000000000000000001100000000100000100010;0;0;0.0509358;303
44;0000000000000000000000011110000000000000100000;0.0620697;613;0010000000000000000000011100000000001000000000;0.000101256;1;0.051796;316
45;0000000000000000000000011110000000000000100000;0.0620697;613;0000000000000000000000001010000000100001100000;0;0;0.0500121;299
46;0000000000000000000000011110000000000000100000;0.0620697;613;0000010000000000000000011000100000000000100000;0;0;0.0497182;295
47;0000000000000000000000011110000000000000100000;0.0620697;613;0001000000000000000000011100000000000001000000;0.000101256;1;0.0509169;304
48;0000000000000000000000011110000000000000100000;0.0620697;613;0000000000000000000000101010000100000000100000;0;0;0.0521916;312
49;0000000000000000000000011110000000000000100000;0.0620697;613;0000000000000000000100100110000000000001000000;0;0;0.0515907;314
50;0000000000000000000000011110000000000000100000;0.0620697;613;0000000000000000000000110100000000001000100000;0;0;0.0502967;307
=============================================
geração;melhor;fitness;cobertura;pior;fitness;cobertura;média;ind_repetidos
0;0000000000000100000100000000010000000000100010;0.0177197;175;1000000000000000000000110000110000000000000000;0;0;0.000323765;1
1;0000000000000000000000000000000000011001010010;0.0185298;183;1000000000000001000000000000000000110000010000;0;0;0.000350091;3
2;0000000010000000000001000000000000010000011000;0.0171122;169;1000000010000100001000000000001000000000000000;0;0;0.000435652;5
3;0000000010000000000001000000000000010000011000;0.0171122;169;0000000000000000000000000001001000110100000000;0;0;0.000552855;5
4;0000000000000100000100000000011000000000100000;0.0199473;197;0000000000000100100100100000001000000000000000;0;0;0.00068069;6
5;0000000000000000001000000010011000000000100000;0.0276428;273;0010000000010100000001000100000000000000000000;0;0;0.00108673;6
6;0000000000000000000000000010011000000000100010;0.0338194;334;0000000101000000000010000000000000000001000001;0;0;0.0013629;6
7;0000000000010000000000000000110001000000100000;0.031288;309;0000001000000000000000000000100001100000001000;0;0;0.00153352;10
8;0000000000000000000000011010101000000000000000;0.0334143;330;0000000011000000000000000000000000010100010000;0;0;0.00186842;10
9;0000000000000000000100000000110001000000100000;0.0508303;502;0000000000000000000011000000010000100000010000;0;0;0.00205296;9
10;0000000000000000000000011010101000000000000000;0.0334143;330;0000000000000000000100000000010000000010001100;0;0;0.00239672;6
11;0000000000000010000100000010010000000000100000;0.035642;352;0000000001000010000000000010010000000100000000;0;0;0.00289034;13
12;0000000000000000000100000010010000000000100010;0.0480964;475;0000000000000001001010010000000001000000000000;0;0;0.00382645;17
13;0000000000100000000000011110000000000000000000;0.0575132;568;0000000000001000001010010000000100000000000000;0;0;0.00493874;21
14;0000000000000000000100000010011000000000100000;0.0392872;388;0000000000000000000001101010001000000000000000;0;0;0.00649377;30
15;0000000100000000000000011110000000000000000000;0.058627;579;0100001000000000000000000000010000000010010000;0;0;0.00702714;34
16;0000000000000000000100000010011000000000100000;0.0392872;388;1000000000000000000100000010000010000000100000;0;0;0.00777136;43
17;0000000000000000000100000000110000000000100100;0.0559943;553;0000001000000000100000001000000100001000000000;0;0;0.00902542;54
18;0000000000000000000100000000110000000000100100;0.0559943;553;0000000000001000000000100010010010000000000000;0;0;0.0101666;58
19;0000000000000000000100000000110000000000100010;0.0567031;560;0000000100000000000000000000011000001010000000;0;0;0.0108652;60
20;0000000000000000000100000000110000000000100010;0.0567031;560;0000000000000010000000000000000000011000000011;0;0;0.0105739;50
21;0000000000000000000000011110010000000000000000;0.0608546;601;0010000000000000000000011000001000000000100000;0;0;0.0114264;52
22;0000000000000000000100000000110000000000100010;0.0567031;560;0000000001000001000000001000001000100000000000;0;0;0.011435;59
23;0000000000000000000100000000110000000000100010;0.0567031;560;0000010000000000000100000000010010000000000100;0;0;0.0114583;54
24;0000000000000000000100000000110000000000100010;0.0567031;560;0000000000000000000110000000000001000010100000;0;0;0.0121436;72
25;0000000000000000000100000000110000000000100010;0.0567031;560;0000000000000000000000001010001010000010000000;0;0;0.0133789;74
26;0000000000000000000100000000110000000000100010;0.0567031;560;0000000000000010000100000000000000010000011000;0;0;0.0136115;75
27;0000000000000000000100000000110000000000100010;0.0567031;560;0000000000000100000000010010001000001000000000;0;0;0.0141684;82
28;0000000000000000000000011110000000000000100000;0.0620697;613;0000000000000000000001010010000000000001100000;0;0;0.0152623;88
29;0000000000000000000100000000110000000000100010;0.0567031;560;0000000000000000000100000010010010000001000000;0;0;0.0161976;101
30;0000000000000000000100000000110000000000100010;0.0567031;560;0000000000000000000001000010000000100010100000;0;0;0.0187075;128
31;0000000000000000000100000000110000000000100010;0.0567031;560;0000000000000000000000011000011000000100000000;0;0;0.0198466;136
32;0000000000000000000000011110100000000000000000;0.0591333;584;0000000010000100000100000010000000000000100000;0;0;0.0202035;138
33;0000000000000000000100000000110000000000100010;0.0567031;560;1000000000000001000000000000110000000000010000;0;0;0.0210505;132
34;0000000000000000000100000000110000000000100010;0.0567031;560;1100000000000001000000000000110000000000000000;0;0;0.0217593;139
35;0000000000000000000100000000110000000000100010;0.0567031;560;0000000000000001100000000000100000000100100000;0;0;0.0228298;149
36;0000000000000000000100000000110000000000100010;0.0567031;560;0000000000000000000100000000110100000100000000;0;0;0.0224329;149
37;0000000000000000000100000000110000000000100010;0.0567031;560;0000100010000000000100000000110000000000000000;0;0;0.0236778;174
38;0000000000000000000100000000110000000000100010;0.0567031;560;0000000000100000000010000010001000000000100000;0;0;0.0257918;192
39;0000000000000000000100000000110000000000100010;0.0567031;560;0000000100000001000000010000100001000000000000;0;0;0.0258571;182
40;0000000000000000000100000000110000000000100010;0.0567031;560;0010000000000000000100000000000001000010100000;0;0;0.0273579;189
41;0000000000000000000100000000110000000000100010;0.0567031;560;0000000000000000000010000000001000000000100101;0;0;0.0292537;217
42;0000000000000000000100000000110000000000100010;0.0567031;560;0000000000000000000100000010000100000000100010;0;0;0.0291962;205
43;0000000000000000000100000000110000000000100010;0.0567031;560;0000000000000000000000001100100000000000100010;0;0;0.029316;207
44;0000000000000000000100000000110000000000100010;0.0567031;560;0000001000100000000100000000011000000000000000;0;0;0.0311289;216
45;0000000000000000000100000000110000000000100010;0.0567031;560;0100000000000000000110000000100000000000100000;0;0;0.0304744;205
46;0000000000000000000100000000110000000000100010;0.0567031;560;0000000000000001001100000000100000000000000100;0;0;0.0310035;213
47;0000000000000000000100000000110000000000100010;0.0567031;560;0000000001000000000100000000100000000010000010;0;0;0.0325942;220
48;0000000000000000000100000000110000000000100010;0.0567031;560;0100000000000100000100000000000000000000100010;0;0;0.0327623;230
49;0000000000000000000100000000110000000000100010;0.0567031;560;0100000000000000000000000000000001000000100101;0;0;0.0342045;231
50;0000000000000000000100000000110000000000100010;0.0567031;560;0001000000000000000000100000110000000000000010;0;0;0.035895;246
=============================================
geração;melhor;fitness;cobertura;pior;fitness;cobertura;média;ind_repetidos
0;0000000000000100000100000000010000000000100010;0.0177197;175;0001000000000000000001000001000000001010000000;0;0;0.000274403;1
1;0000000000000001000000000000000100010100010000;0.013062;129;0000000000010010000000000000000001000100001000;0;0;0.000222003;4
2;0000001000000000000000000010010000000000100010;0.0169097;167;0100000011000000000000100000000000001000000000;0;0;0.000463751;3
3;0000000000000000000001000000000101011000000000;0.0133657;132;0000010000100000000000000100000000000001010000;0;0;0.000375405;4
4;0000000000000010000000000000101001000001000000;0.0166059;164;0000000001000000000000000101000000000001010000;0;0;0.000535136;5
5;0000000000000000000000011110000000000010000000;0.0575132;568;0001010100001000000000000000000000000000000010;0;0;0.00113761;3
6;0000000000000000000100000000011000000000100100;0.0262252;259;0000100000000100000001000000000001001000000000;0;0;0.00115684;8
7;0000000000000000000100000000011000000000100100;0.0262252;259;0000000000100000100001010000000000000000000100;0;0;0.00131151;5
8;0000000000000000000000000010011000000000100010;0.0338194;334;0000000000000001100100010000000000000000100000;0;0;0.00169755;6
9;0000000000000000000000000010011000000000100100;0.0337181;333;0000001000100000000000000100000000000010100000;0;0;0.00224332;13
10;0000000000000000000100000010010000000000100010;0.0480964;475;0000100000000000000000000000110000000110000000;0;0;0.00279896;14
11;0000000000000001010001000000000000000000011000;0.0486027;480;0000000000000000000100000000000100000000111000;0;0;0.0035485;18
12;0000000000000001010001000000000000000000011000;0.0486027;480;0000000000000101000100000010000000000100000000;0;0;0.00505493;29
13;0000000000000100000100000010010000000000100000;0.0389834;385;0000000010000100000000010000100000000000000100;0;0;0.00561538;26
14;0000000000000000000100000010010000000000100100;0.0474889;469;0000000000000000100110000000001000000100000000;0;0;0.00693094;33
15;0000000000000000000100000010010000000000100100;0.0474889;469;0001000000100000000000000000000010000001100000;0;0;0.00777592;45
16;0000000000000000000100000000110000000000100100;0.0559943;553;1000000000000000100100000000000010000000100000;0;0;0.00807842;48
17;0000000000000000000100000000110000000000100100;0.0559943;553;0000000011000010000000000000010000000000100000;0;0;0.00872292;54
18;0000000000000010000100000000110000000000100000;0.0457675;452;0000000000000100000000000010000000000100100100;0;0;0.0096456;62
19;0000000000000000000100000010010000000000100100;0.0474889;469;0000000100000000000000000100110000100000000000;0;0;0.0110399;63
20;0000000000000000000100000000110000000000100010;0.0567031;560;0000000000000110000100100000000000000000100000;0;0;0.0118854;72
21;0000000000000000000100000010010000000000100100;0.0474889;469;0000000010000100000100000010000000000000100000;0;0;0.0133164;95
22;0000000000000000000100000000110000000000100010;0.0567031;560;0000000001000001000000000000001000000100100000;0;0;0.0145284;99
23;0000000000000000000100000000110001000000100000;0.0508303;502;0000000000100100000100000000001000000000100000;0;0;0.0151271;99
24;0000000000000100000100000000110000000000100000;0.0485014;479;1000000000000000000000000000010100001000000100;0;0;0.0168034;122
25;0000000000000000000100000000110000000000100010;0.0567031;560;0000000000000010000100000010010100000000000000;0;0;0.0178838;138
26;0000000000000000000100000000110000000000100010;0.0567031;560;0100000000000000000100000000100000000000110000;0;0;0.0185455;134
27;0000000000000000000100000000110000000000100010;0.0567031;560;0000000000000100100100000000100000000000100000;0;0;0.0199139;155
28;0000000000000000000100000000110000000000100010;0.0567031;560;0000000000000000101000000010010001000000000000;0;0;0.0218724;169
29;0000000000000000000100000000110000000000100100;0.0559943;553;1000000000001001000000000010000000000000100000;0;0;0.0231315;179
30;0000000000000000000100000000110000000000100010;0.0567031;560;0000000000000001000100100000000000000010100000;0;0;0.0238965;188
31;0000000000000000000100000000110000000000100010;0.0567031;560;0000100000000000000000000000011000000010001000;0;0;0.0253432;201
32;0000000000000000000100000000110000000000100010;0.0567031;560;0000000010000100000100000010000000000000100000;0;0;0.0254622;197
33;0000000000000000000100000000110000000000100010;0.0567031;560;0000000000000100000100000100110000000000000000;0;0;0.0260803;198
34;0000000000000000000100000000110000000000100010;0.0567031;560;0000100000000100000000100000011000000000000000;0;0;0.0274144;221
35;0000000000000000000100000000110000000000100010;0.0567031;560;0000000000000100000100100000110000000000000000;0;0;0.0294374;218
36;0000000000000000000100000000110000000000100010;0.0567031;560;0000000010000100000100000000110000000000000000;0;0;0.0330601;256
37;0000000000000000000100000000110000000000100010;0.0567031;560;0000000000000100000100000010100000000000100000;0;0;0.0351606;273
38;0000000000000000000100000000110000000000100100;0.0559943;553;0000000000000100100000000000100010000000100000;0;0;0.0348103;277
39;0000000000000000000100000000110000000000100100;0.0559943;553;0000000000000100000100010000100000000000100000;0;0;0.0347445;279
40;0000000000000000000100000000110000000000100010;0.0567031;560;0000000000000100000100000000100000001000100000;0;0;0.0365916;294
41;0000000000000000000100000000110000000000100010;0.0567031;560;0000000000000100000100010000110000000000000000;0;0;0.0363595;280
42;0000000000000000000100000000110000000000100100;0.0559943;553;0000000000000100000100000100110000000000000000;0;0;0.0365762;285
43;0000000000000000000100000000110000000000100010;0.0567031;560;0000000000000100000110000000100000000000100000;0;0;0.0357482;282
44;0000000000000000000100000000110000000000100010;0.0567031;560;0000000100000100000100000000100000000000000010;0;0;0.0361927;287
45;0000000000000000000100000000110000000000100010;0.0567031;560;0000000000000100000100000000000000001000100100;0;0;0.0361173;280
46;0000000000000000000100000000110000000000100010;0.0567031;560;0000000000000100000100010000100000000000100000;0;0;0.0344815;270
47;0000000000000000000100000000110000000000100010;0.0567031;560;0000001000000100000000000000110000000010000000;0;0;0.033013;263
48;0000000000000000000100000000110000000000100010;0.0567031;560;0000000001000000000000010000100000010000100000;0;0;0.0324592;256
49;0000000000000000000100000000110000000000100010;0.0567031;560;0000000000000001000100000000000100000000100010;0;0;0.0331961;256
50;0000000000000000000100000000110000000000100010;0.0567031;560;0000000010000000000000000001101001000000000000;0;0;0.0327437;264
=============================================
geração;melhor;fitness;cobertura;pior;fitness;cobertura;média;ind_repetidos
0;0000000000000000000000010110001000100000000000;0.022985;227;0000000001001100000000000000000000000010001000;0;0;0.000201752;1
1;0000000000000000000000010110001000100000000000;0.022985;227;1100000100000000000000000000000000000011000000;0;0;0.000354648;5
2;0000000000000000000000011010001000100000000000;0.0257189;254;0000000000010000000000000010000000001101000000;0;0;0.000527795;5
3;0000000000000000000000011010001000100000000000;0.0257189;254;0000000100000100000000000010000000000000100001;0;0;0.000874848;3
4;0000000000000000000001100000000000001100010000;0.0215674;213;0010000000000000000000100100001000001000000000;0;0;0.000666262;4
5;0000000000000000110001000000000000001000010000;0.0216687;214;0000000011000000000000000001001001000000000000;0;0;0.000749038;5
6;0000000000000000010001000000001000000100010000;0.0329081;325;1000000000100000110000000000000000001000000000;0;0;0.00133075;8
7;0000000000000010000000000000110001000000100000;0.0395909;391;0000000001000000000001000001000000000000001100;0;0;0.00158389;9
8;0000100000000000000000000000110001000000100000;0.0355407;351;0010000010001000000000000000100000000000000100;0;0;0.0018102;12
9;0000100000000000000000000000110001000000100000;0.0355407;351;0000000000001000000000001000010001010000000000;0;0;0.00225597;7
10;0000000000000100000100000010010000000000100000;0.0389834;385;0000000000000000000010000000000101000100100000;0;0;0.00317436;16
11;0000000000000000000100000010010000000000100100;0.0474889;469;0000000000010000000000010000001000000000010100;0;0;0.00374013;18
12;0000000100000000000000000000110001000000100000;0.0351357;347;0000000000100000100000000010000100000000100000;0;0;0.00418008;20
13;0000000100000000000000000000110001000000100000;0.0351357;347;0000000000000000000000001000100001000000110000;0;0;0.00553691;38
14;0000000000000000000100000010011000000000100000;0.0392872;388;0000000000000000001101000100001000000000000000;0;0;0.00658364;41
15;0000000000000000000100000000110001000000100000;0.0508303;502;1000000000000000000000000100000001000000100010;0;0;0.00781592;49
16;0000000000000000000100000000110001000000100000;0.0508303;502;0000000000000000010001000000000000100010100000;0;0;0.00793996;46
17;0000000000000000000100000000110001000000100000;0.0508303;502;0000000000100001000000000100100000000000100000;0;0;0.00917325;57
18;0000000000000000000100000000110001000000100000;0.0508303;502;0000000000000010000001000000000001000000100100;0;0;0.0100585;75
19;0000000000000000000100000000110001000000100000;0.0508303;502;0000000000000000000001001000000001000000100100;0;0;0.0110827;80
20;0000000000000000000100000000110001000000100000;0.0508303;502;0000000000000000000000100000100010000001100000;0;0;0.0126868;77
21;0000000000000000000100000000110000000000100100;0.0559943;553;0000000000000000000000000010100010000001100000;0;0;0.0143148;92
22;0000000000000000000100000000110001000000100000;0.0508303;502;0000000000000000000010000110100000000000100000;0;0;0.0158867;103
23;0000000000000000000100000000110001000000100000;0.0508303;502;0100000000000000001000010010001000000000000000;0;0;0.0175691;107
24;0000000000000000000100000000110000000000100010;0.0567031;560;0000000000001010000000100000010000000000000010;0;0;0.0194864;111
25;0000000000000000000100000000110000000000100010;0.0567031;560;0000000000000000000001010000110010000000000000;0;0;0.0230267;135
26;0000000000000000000100000000110000000000100010;0.0567031;560;0000000001000010000000000010010000000000000001;0;0;0.0233487;135
27;0000000000000000000100000000110000000000100010;0.0567031;560;0000000000000100000100000000010101000000000000;0;0;0.0230148;134
28;0000000000000000000100000000110000000000100010;0.0567031;560;0000010000001000000100000000010000000010000000;0;0;0.0235518;152
29;0000000000000000000100000000110000000000100010;0.0567031;560;0000000000000000000000000010110001000000001000;0;0;0.0261489;157
30;0000000000000000000100000000110000000000100010;0.0567031;560;0001000000000000000100000010010001000000000000;0;0;0.0269734;172
31;0000000000000000000100000000110000000000100010;0.0567031;560;0001000000000000000100000010000001000000100000;0;0;0.0267152;167
32;0000000000000000000100000000110000000000100010;0.0567031;560;0000100000000100000100000000010000010000000000;0;0;0.027609;170
33;0000000000000000000100000000110000000000100010;0.0567031;560;0000000000000000000100000010000101000001000000;0;0;0.0292243;190
34;0000000000000000000100000000110000000000100100;0.0559943;553;0000000000000000000100000010010000010000001000;0;0;0.0309482;198
35;0000000000000000000100000000110000000000100010;0.0567031;560;0000000000000000000110000000110000000000010000;0;0;0.0315863;211
36;0000000000000000000100000000110000000000100010;0.0567031;560;0000000000000100000100000000110000000000001000;0;0;0.0332368;218
37;0000000000000000000100000000110000000000100010;0.0567031;560;0000000000100000000000000000100001010000100000;0;0;0.0337449;226
38;0000000000000000000100000000110000000000100010;0.0567031;560;0000000000000000000110000000010001000000000010;0;0;0.0364547;260
39;0000000000000000000100000000110000000000100010;0.0567031;560;0000000000000000000000000000111000001100000000;0;0;0.0383143;273
40;0000000000000000000100000000110000000000100010;0.0567031;560;0000000000000000000000000001110101000000000000;0;0;0.0393458;275
41;0000000000000000000100000000110000000000100010;0.0567031;560;0000000000000000000100000010110010000000000000;0;0;0.0391646;268
42;0000000000000000000100000000110000000000100010;0.0567031;560;0000000000000000000110001000110000000000000000;0;0;0.0392846;262
43;0000000000000000000100000000110000000000100010;0.0567031;560;0000000010000011000100000000000000000000100000;0;0;0.0380926;262
44;0000000000000000000100000000110000000000100010;0.0567031;560;1000000000000000000100000000100010000000100000;0;0;0.0378795;265
45;0000000000000000000100000000110000000000100010;0.0567031;560;0000000000000010000100000000100000000000101000;0;0;0.0398541;278
46;0000000000000000000100000000110000000000100010;0.0567031;560;0000000000001000000001000000000001000000100010;0;0;0.040875;277
47;0000000000000000000100000000110000000000100010;0.0567031;560;0100000000000000000100000000010001000000000010;0;0;0.0395833;263
48;0000000000000000000100000000110000000000100010;0.0567031;560;0000100000000000000000100000100000000000100010;0;0;0.0406244;274
49;0000000000000000000100000000110000000000100010;0.0567031;560;0000000000000000000100000100010001000000000010;0;0;0.041865;293
50;0000000000000000000100000000110000000000100010;0.0567031;560;0001000000000000000000010000100000000000100010;0;0;0.0426877;292
=============================================
geração;melhor;fitness;cobertura;pior;fitness;cobertura;média;ind_repetidos
0;0000000000000001000001000000000000011000000010;0.018226;180;0010000000000100100100000000000000100000000000;0;0;0.000309842;1
1;1000000000000000000001000000000000011000000010;0.018226;180;0010100000000000000000000100100000000100000000;0;0;0.000344522;3
2;0000000000000000000000100110100000100000000000;0.0113406;112;0000001000000000000000010000000100001000000001;0;0;0.000283009;3
3;0000000000000001000100000000010001000000100000;0.0165047;163;0000010000010001000100000010000000000000000000;0;0;0.000460207;3
4;0100000000000000000001000000000000010100001000;0.0169097;167;0000000000000101001010000000010000000000000000;0;0;0.000579688;4
5;0000000000000000000000000000110011000000100000;0.0313892;310;0000000000010000110010000010000000000000000000;0;0;0.000752835;2
6;0000000000000000000000000000110011000000100000;0.0313892;310;0000000001000000000000010000001000010000000100;0;0;0.000842953;5
7;0000000000000000000000000000110011000000100000;0.0313892;310;1000000001000000001000000100001000000000000000;0;0;0.000953321;6
8;0000100000000000000100000000110000000000100000;0.036047;356;0000000100000000000001001000000000100001000000;0;0;0.0010447;8
9;0000100000000000000100000000110000000000100000;0.036047;356;0000100001000000100000000000010000001000000000;0;0;0.001653;13
10;0000100000000000000100000000110000000000100000;0.036047;356;0000000001010000000000100000000000010000010000;0;0;0.00221446;17
11;0000100000000000000100000000110000000000100000;0.036047;356;0000000000010000000100000000010000001000000001;0;0;0.00255594;21
12;0000100000000000000100000000110000000000100000;0.036047;356;1001000000000010000000000000000100000000100000;0;0;0.0027663;17
13;0000000000000010000100000000110000000000100000;0.0457675;452;0000000000000010000100000000001000010000100000;0;0;0.00295717;13
14;0000000000000010000100000000110000000000100000;0.0457675;452;0001000000010001000000000000001000000000100000;0;0;0.00354167;15
15;0000000000000010000100000000110000000000100000;0.0457675;452;0000000000010000010100000010000000000001000000;0;0;0.00441323;23
16;0000000000000010000100000000110000000000100000;0.0457675;452;1000000001000010001000000000000000010000000000;0;0;0.00414869;25
17;0000000000000110000000000000110000000000100000;0.036452;360;0000000000010110000000000000000000011000000000;0;0;0.00448815;23
18;0000000000000100000100000000110000000000100000;0.0485014;479;0000000000000000011010000010000000000000000001;0;0;0.0054035;27
19;0000000000000100000100000000110000000000100000;0.0485014;479;0000100000100000010000000000100000000000100000;0;0;0.00606951;28
20;0000000000000100000100000000110000000000100000;0.0485014;479;0000000001001100000000001000000000010000000000;0;0;0.00669629;47
21;0000000000000000000100000000110000000000100010;0.0567031;560;0000000100000000000100000001010000001000000000;0;0;0.00717016;37
22;0000000000000000000100000000110000000000100010;0.0567031;560;0000000000000000000000000000100100000000100110;0;0;0.0086776;50
23;0000000000000000000100000000110000000000100100;0.0559943;553;0000000000100000000000100000110001000000000000;0;0;0.00872367;55
24;0000000000000000000100000000110000000000100100;0.0559943;553;0000000000000110000000000000000000001000100010;0;0;0.0100544;61
25;0000000000000000000100000000110000000000100010;0.0567031;560;0100000000000100000000000000000001001000100000;0;0;0.0117079;55
26;0000000000000000000100000000110000000000100010;0.0567031;560;0000000000000000000100001010000010000000010000;0;0;0.0135574;82
27;0000000000000000000100000000110000000000100010;0.0567031;560;0100000000000110000000000000110000000000000000;0;0;0.015141;86
28;0000000000000000000100000000110000000000100010;0.0567031;560;1001000000000000001000000000000000000000100100;0;0;0.0175245;111
29;0000000000000000000100000000110000000000100010;0.0567031;560;0000000000000100000100000000110000000100000000;0;0;0.0201921;124
30;0000000000000000000100000000110000000000100010;0.0567031;560;0000000000000100000000000010100000000000100100;0;0;0.0205258;125
31;0000000000000000000100000000110000000000100010;0.0567031;560;1000000000000100000000010000100000000000100000;0;0;0.0225453;127
32;0000000000000000000100000000110000000000100010;0.0567031;560;0010000000000001000000100000000001000000100000;0;0;0.024579;150
33;0000000000000000000100000000110000000000100010;0.0567031;560;0000000000000100000100000000010100000100000000;0;0;0.0261702;166
34;0000000000000000000100000000110000000000100010;0.0567031;560;0000000000000000000100000000110000001000010000;0;0;0.0277432;188
35;0000000000000000000100000000110000000000100010;0.0567031;560;0000000010000010000000000000110000000000000100;0;0;0.027123;185
36;0000000000000000000100000000110000000000100010;0.0567031;560;0000000000000010000100000001100000000000100000;0;0;0.0287373;196
37;0000000000000000000100000000110000000000100010;0.0567031;560;0000000000000010000100000010000000000010100000;0;0;0.0281857;193
38;0000000000000000000100000000110000000000100010;0.0567031;560;0100000000000000000000000001111000000000000000;0;0;0.0287677;190
39;0000000000000000000100000000110000000000100010;0.0567031;560;0000000000000000000000100000100001001000100000;0;0;0.0301093;216
40;0000000000000000000100000000110000000000100010;0.0567031;560;0000001000000000000100010000110000000000000000;0;0;0.0313854;214
41;0000000000000000000100000000110000000000100010;0.0567031;560;1000100000000000000100000000000000000000100100;0;0;0.0306865;203
42;0000000000000000000100000000110000000000100010;0.0567031;560;0000010000000000000100000000100101000000000000;0;0;0.0323666;216
43;0000000000000000000100000000110000000000100010;0.0567031;560;0000000000000000000100000001100000010000100000;0;0;0.0332078;223
44;0000000000000000000100000000110000000000100010;0.0567031;560;0000000000000100000100001000100000000000000100;0;0;0.033462;220
45;0000000000000000000100000000110000000000100010;0.0567031;560;0000001000000000100000000000110000000000000010;0;0;0.0350391;232
46;0000000000000000000100000000110000000000100010;0.0567031;560;0000000000000000000100000000100001000100000010;0;0;0.0361527;245
47;0000000000000000000100000000110000000000100010;0.0567031;560;0000000010000000000100000000000000000000100011;0;0;0.0370405;254
48;0000000000000000000100000000110000000000100010;0.0567031;560;0000000000000000001000000010100000000000101000;0;0;0.0384821;267
49;0000000000000000000100000000110000000000100010;0.0567031;560;0000000000100010000000000000010010000000100000;0;0;0.0394346;263
50;0000000000000000000100000000110000000000100010;0.0567031;560;0000001000000010000100000000100010000000000000;0;0;0.0422701;295
=============================================
geração;melhor;fitness;cobertura;pior;fitness;cobertura;média;ind_repetidos
0;0000000000000100000100000000010000000000100010;0.0177197;175;0000000000000001000000000010100100000000000100;0;0;0.000224028;1
1;0000000000000100000100000000010000000000100010;0.0177197;175;0001000100000000000010000100000000000000000010;0;0;0.00032579;2
2;0000000000000100000100000000010000000000100010;0.0177197;175;1000001000000010000000000000000010000000000100;0;0;0.000412363;2
3;0010000000000000000000010110001000000000000000;0.0147833;146;0000001000011000000010000000000000010000000000;0;0;0.000487292;10
4;0000000000000000000100000000011000000001100000;0.0164034;162;0000000000000000101000011000000100000000000000;0;0;0.000611584;10
5;0000000000000000000000000000111001000000100000;0.0344269;340;0000000100100000000000000000000000000011000100;0;0;0.00106065;8
6;0000000000000000000000000000111001000000100000;0.0344269;340;0010000100000000000000000000000001100000100000;0;0;0.00174514;12
7;0000000000000000000000011110010000000000000000;0.0608546;601;1100000000000000000001000000001000000000000100;0;0;0.00222712;12
8;0000000000000000000000011110010000000000000000;0.0608546;601;0000000010000000000000001100010100000000000000;0;0;0.00277035;14
9;0000000000000000000000011110010000000000000000;0.0608546;601;0000000010000010000000100010000000000000100000;0;0;0.00343231;14
10;0000000000000000000000011110010000000000000000;0.0608546;601;1000000000000100000100000000000000000001000100;0;0;0.00375532;16
11;0000000000000001000000011110000000000000000000;0.0577157;570;0000000000000000000000100000111000010000000000;0;0;0.00461801;23
12;0000000000001000000000011110000000000000000000;0.0579182;572;0000000001000000000001000000100100000000100000;0;0;0.0056731;38
13;0000000000001000000000011110000000000000000000;0.0579182;572;0000000000000010000100000000100000000000101000;0;0;0.00703625;47
14;0000000000000000000000011110000000000000100000;0.0620697;613;1000000000000000100100000000101000000000000000;0;0;0.00848091;43
15;0000000000000000000000011110000000000000100000;0.0620697;613;0000000001100100000000000000010000000000100000;0;0;0.0102843;47
16;0000000000000000000000011110000000000000100000;0.0620697;613;0000000010000000000100100001001000000000000000;0;0;0.0110558;65
17;0000000000000000000000011110000000000000100000;0.0620697;613;0001000000000010000000000100001001000000000000;0;0;0.0115226;65
18;0000000000000000000000011110000000000000100000;0.0620697;613;0000010000000000000000010100000100001000000000;0;0;0.0133721;73
19;0000000000000000000000011110000000000000100000;0.0620697;613;0000000000000010000100000000110000000010000000;0;0;0.014457;78
20;0000000000000000000000011110000000000000100000;0.0620697;613;0000000000000010001000000100000000100000100000;0;0;0.0151967;91
21;0000000000000000000000011110000000000000100000;0.0620697;613;0000000000000000000000101010000000000001100000;0;0;0.0168758;92
22;0000000000000000000000011110000000000000100000;0.0620697;613;0000000000000000011000001000110000000000000000;0;0;0.0180106;95
23;0000000000000000000000011110000000000000100000;0.0620697;613;0000000000000000010100001000100000001000000000;0;0;0.0184412;91
24;0000000000000000000000011110000000000000100000;0.0620697;613;0000000000000000000100000001000001000000101000;0;0;0.0201795;113
25;0000000000000000000000011110000000000000100000;0.0620697;613;0000000000000000100000001100100000000000100000;0;0;0.0191738;99
26;0000000000000000000000011110000000000000100000;0.0620697;613;0000000000000000010000000110000100000000100000;0;0;0.0201438;87
27;0000000000000000000000011110000000000000100000;0.0620697;613;0010000100100000000100000000000001000000000000;0;0;0.0189027;88
28;0000000000000000000000011110000000000000100000;0.0620697;613;0000000000100000000000010000001100000000010000;0;0;0.0188614;86
29;0000000000000000000000011110000000000000100000;0.0620697;613;0000010000000000000000001010000000000000101000;0;0;0.0194702;98
30;0000000000000000000000011110000000000000100000;0.0620697;613;0000010010000000000000000000110000000000000010;0;0;0.0224851;116
31;0000000000000000000000011110000000000000100000;0.0620697;613;0000000000000000000100000000110010000000001000;0;0;0.0252094;121
32;0000000000000000000000011110000000000000100000;0.0620697;613;0000000000000010100000011000000000000000100000;0;0;0.0248714;111
33;0000000000000000000000011110000000000000100000;0.0620697;613;0000010000000000000001000110100000000000000000;0;0;0.0276765;132
34;0000000000000000000000011110000000000000100000;0.0620697;613;0000000000100001000000010000010000000000000010;0;0;0.0305921;140
35;0000000000000000000000011110000000000000100000;0.0620697;613;0000000000000000000000001010001000000001100000;0;0;0.0335182;164
36;0000000000000000000000011110000000000000100000;0.0620697;613;0000000000000000010000001100001001000000000000;0;0;0.0344186;161
37;0000000000000000000000011110000000000000100000;0.0620697;613;0000000000000000000000010101000000010001000000;0;0;0.0392257;195
38;0000000000000000000000011110000000000000100000;0.0620697;613;0000000000000000010100010010000001000000000000;0;0;0.0414673;205
39;0000000000000000000000011110000000000000100000;0.0620697;613;0000000000000000000010011000000000100000100000;0;0;0.0423229;210
40;0000000000000000000000011110000000000000100000;0.0620697;613;0001000000000000000000001100000001000000001000;0;0;0.0438103;223
41;0000000000000000000000011110000000000000100000;0.0620697;613;0000000010000000000000001100000000000000100001;0;0;0.0461214;242
42;0000000000000000000000011110000000000000100000;0.0620697;613;0000000000000000100001010110000000000000000000;0;0;0.046125;252
43;0000000000000000000000011110000000000000100000;0.0620697;613;0000000000000000000000010100001100000000100000;0;0;0.0462082;254
44;0000000000000000000000011110000000000000100000;0.0620697;613;1000000000000000000000000110000000010000100000;0;0;0.0469284;264
45;0000000000000000000000011110000000000000100000;0.0620697;613;0000000000000000000001010100100000000000100000;0;0;0.0466763;260
46;0000000000000000000000011110000000000000100000;0.0620697;613;0000000000000010010000010100000000000000100000;0;0;0.0482045;275
47;0000000000000000000000011110000000000000100000;0.0620697;613;0000010000000000000000010100100000000000100000;0;0;0.0500248;294
48;0000000000000000000000011110000000000000100000;0.0620697;613;0000000000000100010000010100001000000000000000;0;0;0.0496233;296
49;0000000000000000000000011110000000000000100000;0.0620697;613;1000000000000100000000010100000000000000100000;0;0;0.0485581;285
50;0000000000000000000000011110000000000000100000;0.0620697;613;0000000000000000000010001010000000000100100000;0;0;0.0505857;301
=============================================
