geração;melhor;fitness;cobertura;pior;fitness;cobertura;média;ind_repetidos
0;10010010101000000110010100101000011000000010001000000001100000010110000111000000101;0.794263;48512;01000010100111010000100000010000100001010001000001110101010100000000101000010110000;0.120682;7371;0.372941;1
1;10010010101000000110010100101000011000000010001000000001100000010110000111000000101;0.794263;48512;01010001000100111010000001100000100001110100010110000000101001000001001000001000010;0.262271;16019;0.434427;1
2;10010010101000000110010100101000011000000010001000000001100000010110000111000000101;0.794263;48512;01001011000010000001010100010000110000110000010000000001110011100010100100100100000;0.265071;16190;0.478965;3
3;10010010101000000110010100101000011000000010001000000001100000010110000111000000101;0.794263;48512;10100010101110000111001010011000000000010000000101100110000000001000001001100010000;0.30795;18809;0.52457;1
4;10010010101000000110010100101000011000000010001000000001100000010110000111000000101;0.794263;48512;11001001110100010010000000101110000101000000100010000001010010010000000010100100100;0.371263;22676;0.568564;1
5;10010010101000000110010100101000011000000010001000000001100000010110000111000000101;0.794263;48512;00000100010001010010010000011101000000000001011000100000000101100101111010010001000;0.370412;22624;0.609508;1
6;10010010101000000110010100101000011000000010001000000001100000010110000111000000101;0.794263;48512;10011010101000000110010100101100001100000001101000100010000000000100000100000111000;0.495105;30240;0.640729;1
7;10010010101000000110010100101000011000000010001000000001100000010110000111000000101;0.794263;48512;11000000001100010010110000101000011000000100000110100001010010010000000111011000000;0.486787;29732;0.65459;1
8;10010010101000000110010100101000011000000010001000000001100000010110000111000000101;0.794263;48512;10010000101010000100010100101000011011001000010000000000100110000000100110001000101;0.52559;32102;0.666513;2
9;10010010101000000110010100101000011000000010001000000001100000010110000111000000101;0.794263;48512;10110010100000000110010000001010011001010010001000000001000010010010001011010000001;0.563918;34443;0.66686;1
10;10010010101000000110010100101000011000000010001000000001100000010110000111000000101;0.794263;48512;10011000101000000011001100000001000000000011011000000011000010110110001001000000101;0.568142;34701;0.681183;2
11;10010010101000000110010100101000011000000010001000000001100000010110000111000000101;0.794263;48512;10010010101000010110000100000000011000000010001101000001100001110001001101000000001;0.575543;35153;0.687369;1
12;10010010101000000110010100101000011000000010001000000001100000010110000111000000101;0.794263;48512;00010000101100000010110001101001111000000011001000000001000000110010100001000000101;0.588543;35947;0.685557;2
13;10010010101000000110010100101000011000000010001000000001100000010110000111000000101;0.794263;48512;00110000001010000110010000101000101001000001001000100011100010100011000111000000000;0.546121;33356;0.689499;1
14;10010010101000000110010100101000011000000010001000000001100000010110000111000000101;0.794263;48512;10010010101000000110010100101000001000000110101000110001100000000010000111000001000;0.595976;36401;0.692163;1
15;10010010101000000110010100101000011000000010001000000001100000010110000111000000101;0.794263;48512;00101010101000001010010100100000011000010010000000000001101010010110100000000000111;0.604489;36921;0.695887;4
16;10010010101000000110010100101000011000000010001000000001100000010110000111000000101;0.794263;48512;11010010101100000110001100001000010000100010001000000001100000000110110111000000000;0.572317;34956;0.699318;2
17;10010010101000000110010100101000011000000010001000000001100000010110000111000000101;0.794263;48512;00001010101100000110010001011100011000010010000010000001000000110010000111000000100;0.592652;36198;0.6975;2
18;10010010101000000110010100101000011000000010001000000001100000010110000111000000101;0.794263;48512;10001011001001000111010000101000001000000110001000100001100000010000010111000000001;0.603851;36882;0.702392;2
19;10010010101000000110010100101000011000000010001000000001100000010110000111000000101;0.794263;48512;11110000001000000101011000100000000000000010011001001000110000010110001100001000101;0.596614;36440;0.701615;1
20;10010010101000000110010100101000011000000010001000000001100000010110000111000000101;0.794263;48512;10000010011000100010010000100000111100011000000000001011100000010100100011000010100;0.600183;36658;0.70326;2
21;10010010101000000110010100101000011000000010001000000001100000010110000111000000101;0.794263;48512;00100000101100001010001000111000011000000010000011010001000000010110000111000000011;0.60593;37009;0.711846;1
22;10010010101000000110010100101000011000000010001000000001100000010110000111000000101;0.794263;48512;01100011001001000100010100111000011000000010001000100001101000000110000001000001001;0.606781;37061;0.720039;1
23;10010010101000000110010100101000011000000010001000000001100000010110000111000000101;0.794263;48512;10100100101010001111010100101000000000000010001000000001100000100110000010010000101;0.641557;39185;0.717068;1
24;10010010101000000110010100101000011000000010001000000001100000010110000111000000101;0.794263;48512;11001000001110000110010000101000001000000001111000000001000000000110000111000001101;0.651659;39802;0.718061;1
25;10010010101000000110010100101000011000000010001000000001100000010110000111000000101;0.794263;48512;10110000101000000010010100001000011001000010001010000001110010000010000000111000101;0.616327;37644;0.709902;1
26;10010010101000000110010100101000011000000010001000000001100000010110000111000000101;0.794263;48512;00010010000001010010011000101001101000000110001001000010100000100011000011000000101;0.62728;38313;0.709829;1
27;10010010101000000110010100101000011000000010001000000001100000010110000111000000101;0.794263;48512;10010010101000000010010000101000011000100010001000000011010010010010011110000000001;0.58625;35807;0.701266;1
28;10010010101000000110010100101000011000000010001000000001100000010110000111000000101;0.794263;48512;00010010000100010010010100001000011100000000011010000011000000011111100101000000100;0.632945;38659;0.708278;1
29;10010010101000000110010100101000011000000010001000000001100000010110000111000000101;0.794263;48512;10000010010000011110000100101000001100000010011000000001100000010110001010100001001;0.630947;38537;0.701975;1
30;10010010101000000110010100101000011000000010001000000001100000010110000111000000101;0.794263;48512;10010010101000000110010100101010011000000010010000000011000100000110001101000000001;0.585072;35735;0.700175;1
31;10010010101000000110010100101000011000000010001000000001100000010110000111000000101;0.794263;48512;00000010000101000000000100101000011111000010001010000000010000010110011111000000101;0.590655;36076;0.699242;2
32;10010010101000000110010100101000011000000010001000000001100000010110000111000000101;0.794263;48512;10100110010000000010000101101000101000000110001000000101000110010100000011000010100;0.598775;36572;0.69678;1
33;10010010101000000110010100101000011000000010001000000001100000010110000111000000101;0.794263;48512;01000010001101001000000001101010001000010110001000000001100000010110000110000100101;0.630096;38485;0.706627;2
34;10010010101000000110010100101000011000000010001000000001100000010110000111000000101;0.794263;48512;00010110001000000010000111001000001000000110101010000001001000010011000101100000101;0.592292;36176;0.703282;2
35;10010010101000000110010100101000011000000010001000000001100000010110000111000000101;0.794263;48512;00100100101000001100011100000000001011000010001000100011100000010010000100000010111;0.612365;37402;0.708744;2
36;10010010101000000110010100101000011000000010001000000001100000010110000111000000101;0.794263;48512;10000010010000000100010110111000010000100000011000001010100010010010000111010000100;0.580946;35483;0.709596;2
37;10010010101000000110010100101000011000000010001000000001100000010110000111000000101;0.794263;48512;10010001001000001001010100001100001000000010001000101001101000000110000011010000101;0.619012;37808;0.707514;1
38;10010010101000000110010100101000011000000010001000000001100000010110000111000000101;0.794263;48512;00101000101010000100001100000000001000000110000000000001110000110110000111000001111;0.611464;37347;0.705521;1
39;10010010101000000110010100101000011000000010001000000001100000010110000111000000101;0.794263;48512;00010000101000010110010100101100011000000010101000000010110000110010000001001000001;0.62633;38255;0.704794;1
40;10010010101000000110010100101000011000000010001000000001100000010110000111000000101;0.794263;48512;10000001100000000110011100111100011000000010001000000010010000111100000111000000000;0.602999;36830;0.700751;1
41;10010010101000000110010100101000011000000010001000000001100000010110000111000000101;0.794263;48512;10010011101000000010010100001000010000000010011000100000100000010010001111100000101;0.628753;38403;0.705579;1
42;10010010101000000110010100101000011000000010001000000001100000010110000111000000101;0.794263;48512;10010010011110000100010101000100011000000010001000010010000000000101001111000000001;0.602803;36818;0.702457;1
43;10010010101000000110010100101000011000000010001000000001100000010110000111000000101;0.794263;48512;00110000101100000011011001000000011000001000001000000001110000010100000101011000011;0.643865;39326;0.703158;1
44;10010010101000000110010100101000011000000010001000000001100000010110000111000000101;0.794263;48512;00010011101000000111011000000000111010000000000000000000110000010100000101011000111;0.638511;38999;0.702266;1
45;10010010101000000110010100101000011000000010001000000001100000010110000111000000101;0.794263;48512;00010011001000000011000010000101001000011100000010000010100000010110001110011000100;0.583647;35648;0.700262;1
46;10010010101000000110010100101000011000000010001000000001100000010110000111000000101;0.794263;48512;11001000001101000000010010001010101100000000001000000000100010010110001111000000101;0.584482;35699;0.701757;2
47;10010010101000000110010100101000011000000010001000000001100000010110000111000000101;0.794263;48512;00000010100010001011001100001000001000010100001001000111100000001100001110001000100;0.580978;35485;0.704031;1
48;10010010101000000110010100101000011000000010001000000001100000010110000111000000101;0.794263;48512;00010010101000010101010100101000010000001000011010000011110000000000000111000000101;0.62209;37996;0.704045;1
49;10010010101000000110010100101000011000000010001000000001100000010110000111000000101;0.794263;48512;00010010000100010011001000011000001010000000011000000001100000010000010111011001101;0.621484;37959;0.695229;1
50;10010010101000000110010100101000011000000010001000000001100000010110000111000000101;0.794263;48512;00010010001000100010110010011000011100000000011001000011001000000001010110000000101;0.583811;35658;0.690457;1
51;10010010101000000110010100101000011000000010001000000001100000010110000111000000101;0.794263;48512;10000010100000000101011100001000010100001011001000000001011000010000000111100000101;0.577638;35281;0.689963;2
52;10010010101000000110010100101000011000000010001000000001100000010110000111000000101;0.794263;48512;01000001011010000111000100000000111000010000101001100010100001010110000000000000101;0.551754;33700;0.686041;1
53;10010010101000000110010100101000011000000010001000000001100000010110000111000000101;0.794263;48512;00100110001010000010101010101000110000000010010000000001100000000110010011000010101;0.614739;37547;0.695448;2
54;10010010101000000110010100101000011000000010001000000001100000010110000111000000101;0.794263;48512;01000010101000010001010000101000010010000111000000000011000000110010000111000000111;0.589328;35995;0.694455;1
55;10010010101000000110010100101000011000000010001000000001100000010110000111000000101;0.794263;48512;00010000000001000011000010011010001100100010000010000011100000010011000111010000101;0.62001;37869;0.701661;1
56;10010010101000000110010100101000011000000010001000000001100000010110000111000000101;0.794263;48512;01011000000000000011011000101000001000100011001000000011000100010010100011010000101;0.580995;35486;0.696014;1
57;10010010101000000110010100101000011000000010001000000001100000010110000111000000101;0.794263;48512;10000010011000000110010100100100001100001011001000000010000000000001100111000001101;0.586152;35801;0.69455;2
58;10010010101000000110010100101000011000000010001000000001100000010110000111000000101;0.794263;48512;10010110100001010101010000101000010001000011000000001000000000010110000111010000001;0.598006;36525;0.69303;1
59;10010010101000000110010100101000011000000010001000000001100000010110000111000000101;0.794263;48512;10000000011001000110010100100100000100001010001000011100100000010000000100111000101;0.59;36036;0.690274;1
60;10010010101000000110010100101000011000000010001000000001100000010110000111000000101;0.794263;48512;01011000000000000111001100001000111001000010010000010100100000010100000100111000001;0.604227;36905;0.697223;1
61;10010010101000000110010100101000011000000010001000000001100000010110000111000000101;0.794263;48512;01011000010010000011010110000000011000100010001100000011100000000100000100111000001;0.574004;35059;0.689008;1
62;10010010101000000110010100101000011000000010001000000001100000010110000111000000101;0.794263;48512;00010110111000000110010100111010011000100000000000000001010000010000000010100001101;0.575232;35134;0.694957;1
63;10010010101000000110010100101000011000000010001000000001100000010110000111000000101;0.794263;48512;00000110001010100110000100100001011100000000001100000000000000100110001011000010111;0.587839;35904;0.700277;3
64;10010010101000000110010100101000011000000010001000000001100000010110000111000000101;0.794263;48512;01010000101000000111010000101000110100000010001000000010100010000101100101001000001;0.62764;38335;0.705224;1
65;10010010101000000110010100101000011000000010001000000001100000010110000111000000101;0.794263;48512;00000010101000001000010100001000010010000111101001000001101000010110000111000000001;0.615508;37594;0.703485;1
66;10010010101000000110010100101000011000000010001000000001100000010110000111000000101;0.794263;48512;00000011101000000010010000101011001000000001011000010001101000010110000100000010011;0.60629;37031;0.705849;1
67;10010010101000000110010100101000011000000010001000000001100000010110000111000000101;0.794263;48512;00001010101010000110010100101000111000000010001000000001101100010000000110000000011;0.603392;36854;0.705155;2
68;10010010101000000110010100101000011000000010001000000001100000010110000111000000101;0.794263;48512;00000100101101000101010100001000011000010010101010000101000000000110000111000000001;0.607535;37107;0.700073;2
69;10010010101000000110010100101000011000000010001000000001100000010110000111000000101;0.794263;48512;10010010101000000000000100011000111000000000001000011001100010010110000110000100101;0.619274;37824;0.701721;2
70;10010010101000000110010100101000011000000010001000000001100000010110000111000000101;0.794263;48512;00010010100000000110010100001001011001000010011000000001100000010111000011000100010;0.630047;38482;0.703449;1
71;10010010101000000110010100101000011000000010001000000001100000010110000111000000101;0.794263;48512;00101010000010000110010100100011111000000000000000000010110000010011000101000000111;0.623858;38104;0.704275;2
72;10010010101000000110010100101000011000000010001000000001100000010110000111000000101;0.794263;48512;00100000000001000110010111101000000000000110101010000010110000010010000011000100101;0.60688;37067;0.703261;1
73;10010010101000000110010100101000011000000010001000000001100000010110000111000000101;0.794263;48512;10010010101000000110000100101000001001100000101100000011110000001101000100000000001;0.597744;36509;0.702232;1
74;10010010101000000110010100101000011000000010001000000001100000010110000111000000101;0.794263;48512;00101010000000000110100100110000011100000100000000000001100100110010000111001000101;0.624202;38125;0.704792;1
75;10010010101000000110010100101000011000000010001000000001100000010110000111000000101;0.794263;48512;00101000001100000111010001100000001000000011011000011011100000000100000110000001001;0.608091;37141;0.702764;2
76;10010010101000000110010100101000011000000010001000000001100000010110000111000000101;0.794263;48512;10000010101000000110010100100000010001000010100001010000000110110110000010000001101;0.625184;38185;0.705304;1
77;10010010101000000110010100101000011000000010001000000001100000010110000111000000101;0.794263;48512;00010000011000000100010100000101001000010010011000000001100000010110100111000001101;0.622892;38045;0.704422;1
78;10010010101000000110010100101000011000000010001000000001100000010110000111000000101;0.794263;48512;10000010100000011000011100110000011000000100000000001001000000010110000111001000111;0.619356;37829;0.707062;3
79;10010010101000000110010100101000011000000010001000000001100000010110000111000000101;0.794263;48512;00010000011000000110111011101011101000000000001000000001100000110100000101000000001;0.627329;38316;0.70007;1
80;10010010101000000110010100101000011000000010001000000001100000010110000111000000101;0.794263;48512;10001000001000100001011100100000000000000010011100100001100000010101100110000001011;0.593585;36255;0.693632;1
81;10010010101000000110010100101000011000000010001000000001100000010110000111000000101;0.794263;48512;01001001101000000110001001101000000000000000101000110010100000001110001010000001101;0.608451;37163;0.693938;1
82;10010010101000000110010100101000011000000010001000000001100000010110000111000000101;0.794263;48512;00010001011000100100010000101001011000000010001000100001100000011110000111010000000;0.613642;37480;0.696771;1
83;10010010101000000110010100101000011000000010001000000001100000010110000111000000101;0.794263;48512;10100000001000000110111101100000000000100010011000010001000100000101000001100000111;0.577164;35252;0.700313;1
84;10010010101000000110010100101000011000000010001000000001100000010110000111000000101;0.794263;48512;00010001001000101000010010001100011000001000001000000001100000100111010011010100001;0.565785;34557;0.697834;1
85;10010010101000000110010100101000011000000010001000000001100000010110000111000000101;0.794263;48512;00010000101000000110010100101100001011000000001000100011000001010010000111000001100;0.592144;36167;0.698616;2
86;00110010001000000111010100101000011000000010001000000001100000010110000111000000101;0.796915;48674;10010000001000010110010100000001011000000010001000000101100010000110000111000101100;0.605226;36966;0.70265;2
87;00110010001000000111010100101000011000000010001000000001100000010110000111000000101;0.796915;48674;00111000000000000010011001101100010000000010001000001001000100010010010111000000111;0.575608;35157;0.698541;1
88;00110010001000000111010100101000011000000010001000000001100000010110000111000000101;0.796915;48674;10010011101000000110010100100000010100010000000001000001100000010010101010000000111;0.603261;36846;0.703578;3
89;00110010001000000111010100101000011000000010001000000001100000010110000111000000101;0.796915;48674;00011000001000000100010000111110010000000010011000000111100001000110000000100000111;0.623498;38082;0.702568;1
90;00110010001000000111010100101000011000000010001000000001100000010110000111000000101;0.796915;48674;00000010001010000000010100101000001010001010101111100000110000000110000110001000100;0.623007;38052;0.700445;2
=============================================
geração;melhor;fitness;cobertura;pior;fitness;cobertura;média;ind_repetidos
0;10010010101000000110010100101000011000000010001000000001100000010110000111000000101;0.794263;48512;00110000010101101000000110010001000010000110011010011100000001000000111000000000010;0.139134;8498;0.363733;1
1;10010010101000000110010100101000011000000010001000000001100000010110000111000000101;0.794263;48512;10000000101111000000100100000100000000000100100000011001000100001010111001010001110;0.253168;15463;0.411845;1
2;10010010101000000110010100101000011000000010001000000001100000010110000111000000101;0.794263;48512;00010001100010010010001000000010011001000100011000000100011011100010011010000010000;0.280854;17154;0.453662;1
3;10010010101000000110010100101000011000000010001000000001100000010110000111000000101;0.794263;48512;00010001000001101000001000001001101110101100100000000100101001000010010100000001001;0.313288;19135;0.487399;1
4;10010010101000000110010100101000011000000010001000000001100000010110000111000000101;0.794263;48512;00001100100011000001001000011110010110010100000101000010000010010010000100001100000;0.394119;24072;0.530242;1
5;10010010101000000110010100101000011000000010001000000001100000010110000111000000101;0.794263;48512;10100000101001001011100000100010000001001010000011001011000000010001010100100010000;0.418907;25586;0.559035;1
6;10010010101000000110010100101000011000000010001000000001100000010110000111000000101;0.794263;48512;10000000001010010001000010010001100000000100000100000110110000110010101001001001110;0.436426;26656;0.591222;1
7;10010010101000000110010100101000011000000010001000000001100000010110000111000000101;0.794263;48512;10001010100011010010011010000001000011010000001000010001000100010100100000101000001;0.433397;26471;0.615607;1
8;10010010101000000110010100101000011000000010001000000001100000010110000111000000101;0.794263;48512;01001011000010010101100000101001000001000010110101000000001000010000000101100000101;0.468401;28609;0.64107;1
9;10010010101000000110010100101000011000000010001000000001100000010110000111000000101;0.794263;48512;00000001110000000100100100111000010000000010001001010001100000001110010010101001001;0.511723;31255;0.663067;1
10;10010010101000000110010100101000011000000010001000000001100000010110000111000000101;0.794263;48512;00010100000101000011100001001000010010010001001100001010001000010100100010100100001;0.538066;32864;0.672287;2
11;10010010101000000110010100101000011000000010001000000001100000010110000111000000101;0.794263;48512;10010010100000000111010100001000010000100010000100010001100000010010000111110010000;0.579145;35373;0.683422;1
12;10010010101000000110010100101000011000000010001000000001100000010110000111000000101;0.794263;48512;00011010100000000110000100001010010000000110001100010011000000110100001001000100011;0.575543;35153;0.688135;1
13;10010010101000000110010100101000011000000010001000000001100000010110000111000000101;0.794263;48512;10000010101000000110010110100100011000001000001001000110100000000100110110000000001;0.621533;37962;0.699081;1
14;10010010101000000110010100101000011000000010001000000001100000010110000111000000101;0.794263;48512;00001000011000000000110100111111001000001010000000000000010000010101100110100000101;0.639494;39059;0.701852;1
15;10010010101000000110010100101000011000000010001000000001100000010110000111000000101;0.794263;48512;10010010101100000010001101100000111000100000001000000001100000110001000101000001100;0.590425;36062;0.693202;2
16;10010010101000000110010100101000011000000010001000000001100000010110000111000000101;0.794263;48512;00010010100000100110110100101000001000001000001010000001100010000000000111001001101;0.579014;35365;0.693781;1
17;10010010101000000110010100101000011000000010001000000001100000010110000111000000101;0.794263;48512;00100000001110000110011101100010010000001010001000010101100000000010000011001000100;0.585252;35746;0.694641;1
18;10010010101000000110010100101000011000000010001000000001100000010110000111000000101;0.794263;48512;10000010100000000110010110101000101000000010011000000001000000010110001111010001000;0.606421;37039;0.700788;1
19;10010010101000000110010100101000011000000010001000000001100000010110000111000000101;0.794263;48512;00000011000000100110100001101010000000100110000000000011110000011100000101010001100;0.623907;38107;0.699087;1
20;10010010101000000110010100101000011000000010001000000001100000010110000111000000101;0.794263;48512;11000100101000010110100000100100011000000001001000100001100000110000000111000010100;0.580307;35444;0.69254;1
21;10010010101000000110010100101000011000000010001000000001100000010110000111000000101;0.794263;48512;11010000001000000101010100101001011100000111000100000010010000000100000110001000001;0.594944;36338;0.691811;1
22;10010010101000000110010100101000011000000010001000000001100000010110000111000000101;0.794263;48512;10011010111000000110010100101000010001000010001000000101100000010001000110100000000;0.603032;36832;0.693611;1
23;10010010101000000110010100101000011000000010001000000001100000010110000111000000101;0.794263;48512;00100011000100000100110000001000011001000110000000000001011001000100000111010000111;0.619503;37838;0.694489;1
24;10010010101000000110010100101000011000000010001000000001100000010110000111000000101;0.794263;48512;00010101101001000000100000001000011100000100011000000001100000010101010101010000101;0.600298;36665;0.692931;1
25;10010010101000000110010100101000011000000010001000000001100000010110000111000000101;0.794263;48512;00000000100000111111010101101000001010100000001000000011001000010110000110000000001;0.614853;37554;0.701836;1
26;10010010101000000110010100101000011000000010001000000001100000010110000111000000101;0.794263;48512;00000011100000000110110100100000011001100000001010000011001000010000000111001000101;0.563034;34389;0.69883;1
27;10010010101000000110010100101000011000000010001000000001100000010110000111000000101;0.794263;48512;10000000011000011010100010000000011010001010000010001010110100000100000110000010101;0.573644;35037;0.703722;1
28;10010010101000000110010100101000011000000010001000000001100000010110000111000000101;0.794263;48512;10010010110000000100000100101000011000000110001100000001001000110010000011100000101;0.582927;35604;0.703785;1
29;10010010101000000110010100101000011000000010001000000001100000010110000111000000101;0.794263;48512;00000010111000010010011011001000011000100000001000000000100000000110101010000001111;0.625381;38197;0.698164;1
30;10010010101000000110010100101000011000000010001000000001100000010110000111000000101;0.794263;48512;00000011100000000101000100101010001000110110001000000001110000000000100100001011101;0.589508;36006;0.696899;2
31;10010010101000000110010100101000011000000010001000000001100000010110000111000000101;0.794263;48512;00000011100000100100000010100000011000000110001100000000101000111010100111000000101;0.597335;36484;0.696693;1
32;10010010101000000110010100101000011000000010001000000001100000010110000111000000101;0.794263;48512;01000000001000000110110111101000011000000010001000000001000100110110000011000010001;0.629376;38441;0.699471;1
33;10010010101000000110010100101000011000000010001000000001100000010110000111000000101;0.794263;48512;10010010101000000110000101101000010000000010000001010011001100010010000111000000100;0.600232;36661;0.700867;1
34;10010010101000000110010100101000011000000010001000000001100000010110000111000000101;0.794263;48512;00000011001000110110010000100000101100000000001010000010110000010110010110001000001;0.62358;38087;0.699871;1
35;10010010101000000110010100101000011000000010001000000001100000010110000111000000101;0.794263;48512;00010000101100000100010000110000101100000001001010000010110000010110010110001000001;0.592521;36190;0.696012;1
36;10010010101000000110010100101000011000000010001000000001100000010110000111000000101;0.794263;48512;00000100011001000110110100001001011000000000001000000011000100010110000111000010001;0.595452;36369;0.697668;1
37;10010010101000000110010100101000011000000010001000000001100000010110000111000000101;0.794263;48512;00000010001001001110010100101000011000100000000000000110000001011011000110100000101;0.595894;36396;0.695928;1
38;10010010101000000110010100101000011000000010001000000001100000010110000111000000101;0.794263;48512;00001100011000000100011000110000000001000010001100000111110100000100000110001000101;0.588461;35942;0.695193;1
39;10010010101000000110010100101000011000000010001000000001100000010110000111000000101;0.794263;48512;00000111011000000010000001001100011000001000001101000000001010010110001011000010001;0.579276;35381;0.697217;2
40;10010010101000000110010100101000011000000010001000000001100000010110000111000000101;0.794263;48512;00000100011000000110010110100000011000000010011000000001000001011010100010010000111;0.570385;34838;0.702282;2
41;10010010101000000110010100101000011000000010001000000001100000010110000111000000101;0.794263;48512;00101010001000000000010100011000011101000011010000000001000000010110000111100000101;0.614951;37560;0.714739;1
42;10010010101000000110010100101000011000000010001000000001100000010110000111000000101;0.794263;48512;01000110101000000110010000111000010000100001000100001000110000000100000111100000101;0.623416;38077;0.715561;2
43;10010010101000000110010100101000011000000010001000000001100000010110000111000000101;0.794263;48512;01000000101000010010011010110000010010000000011101000010000000010110000010010010101;0.61708;37690;0.714351;1
44;10010010101000000110010100101000011000000010001000000001100000010110000111000000101;0.794263;48512;00011001101000000110010000101000011000000011010000000000100000110010000101001100101;0.610858;37310;0.719156;1
45;10010010101000000110010100101000011000000010001000000001100000010110000111000000101;0.794263;48512;10010010110000000110110100101000000001000010101000000001100001010100000111000000001;0.631406;38565;0.719792;2
46;10010010101000000110010100101000011000000010001000000001100000010110000111000000101;0.794263;48512;00011010000000001111000000101000011000100010000000100001100001010110000110001100001;0.625872;38227;0.716835;2
47;10010010101000000110010100101000011000000010001000000001100000010110000111000000101;0.794263;48512;00010010000001000100000110101000011000000110001000000101100100010001001110000000111;0.632879;38655;0.720836;2
48;10010010101000000110010100101000011000000010001000000001100000010110000111000000101;0.794263;48512;10010111011000000010010001101000010000000000001000000000100000111110001010010000101;0.641884;39205;0.72088;1
49;10010010101000000110010100101000011000000010001000000001100000010110000111000000101;0.794263;48512;00010010001000100010000110001000001000000010001001000011100011010110010111000000100;0.644815;39384;0.720702;2
50;10010010101000000110010100101000011000000010001000000001100000010110000111000000101;0.794263;48512;10010010001000000110010001100000111000101010001000000000100000000110000111100001001;0.64655;39490;0.718164;1
51;10010010101000000110010100101000011000000010001000000001100000010110000111000000101;0.794263;48512;00000000101100100110101101001000011000000010001000000001100000010010000111001100001;0.633943;38720;0.719395;1
52;10010010101000000110010100101000011000000010001000000001100000010110000111000000101;0.794263;48512;00010000101000100110010100101000000010000010001000000010101000010001001011000001111;0.65025;39716;0.717997;1
53;10010010101000000110010100101000011000000010001000000001100000010110000111000000101;0.794263;48512;01010000001000001010100000101010011000110010000100001001100001010010100011000000100;0.611153;37328;0.717642;1
54;10010010101000000110010100101000011000000010001000000001100000010110000111000000101;0.794263;48512;01001000001100100101010110001000011000000010001000000001100010011010000111000000001;0.607453;37102;0.715352;1
55;10010010101000000110010100101000011000000010001000000001100000010110000111000000101;0.794263;48512;00000010100100000110110100101010001000000001000000010011001000010100000110101001001;0.597466;36492;0.717952;2
56;10010010101000000110010100101000011000000010001000000001100000010110000111000000101;0.794263;48512;00010010100000100110100000100000011000000000100100010001100001010110001110100000110;0.634156;38733;0.719052;2
57;10010010101000000110010100101000011000000010001000000001100000010110000111000000101;0.794263;48512;00000111001000001110100100101000011000000010001000100000100000010010010010110000101;0.646599;39493;0.716127;1
58;10010010101000000110010100101000011000000010001000000001100000010110000111000000101;0.794263;48512;01000011001000000111000001101110001000001010000000000001010000010010010111000000101;0.622123;37998;0.710755;1
59;10010010101000000110010100101000011000000010001000000001100000010110000111000000101;0.794263;48512;00010010110000100110000000101110000000001010100000010101010010010110000001000000101;0.604309;36910;0.711184;2
60;01010000001000000110010100101000011000000010001000000001110000010111000111000000101;0.795409;48582;00010010001100000110010110001010001000000000000011000001110001001110000111000000001;0.604555;36925;0.706577;1
61;01010000001000000110010100101000011000000010001000000001110000010111000111000000101;0.795409;48582;00000000111100000100000010111000001000010010001010000000100001110100000111000100101;0.628983;38417;0.709447;3
62;01010000001000000110010100101000011000000010001000000001110000010111000111000000101;0.795409;48582;00110000001110010110010000101000011010000010001000000000100000010010001001001100101;0.62078;37916;0.710189;1
63;01010000001000000110010100101000011000000010001000000001110000010111000111000000101;0.795409;48582;10010010001000000001000000101011001001100010001000000001001000011110000011000001101;0.618799;37795;0.708795;1
64;01010000001000000110010100101000011000000010001000000001110000010111000111000000101;0.795409;48582;00010000011001000100010110000000011010011010001000000001100000010100000111010010001;0.598448;36552;0.701963;1
65;01010000001000000110010100101000011000000010001000000001110000010111000111000000101;0.795409;48582;01000010000000000110100001100100001010010010011000001001110010010100010111000000000;0.611841;37370;0.699503;2
66;01010000001000000110010100101000011000000010001000000001110000010111000111000000101;0.795409;48582;00101000000011000110010100100000010000000110011000100000100000011110000111010000001;0.612561;37414;0.698363;1
67;01010000001000000110010100101000011000000010001000000001110000010111000111000000101;0.795409;48582;00010011011100010110010000000000000100000011001100000001110000000010001111000000101;0.593422;36245;0.698472;1
68;01010000001000000110010100101000011000000010001000000001110000010111000111000000101;0.795409;48582;01010010101000000010010000111000111000000010000000001011100000010011000011001000001;0.622123;37998;0.705234;2
69;01010000001000000110010100101000011000000010001000000001110000010111000111000000101;0.795409;48582;01010111001100000000010110100000011000000010001000000001110000010110010101010000000;0.612888;37434;0.705835;1
70;01010000001000000110010100101000011000000010001000000001110000010111000111000000101;0.795409;48582;00010010001100000110100000111000000010000110000101000000010000010110010011000011100;0.61225;37395;0.704411;1
71;01010000001000000110010100101000011000000010001000000001110000010111000111000000101;0.795409;48582;11010000001000000110000100001001001100010100001000100001100000010010001111001000100;0.611087;37324;0.700513;1
72;01010000001000000110010100101000011000000010001000000001110000010111000111000000101;0.795409;48582;00011010101010000000110000000000001100010010101000000010100000010111000111010000100;0.618848;37798;0.696762;1
73;01010000001000000110010100101000011000000010001000000001110000010111000111000000101;0.795409;48582;01010000000100001110110000111000001000010110000001000000010000010010000111100000101;0.601297;36726;0.698106;1
74;01010000001000000110010100101000011000000010001000000001110000010111000111000000101;0.795409;48582;00000000011000100011010000101100111000000011011000000001000010010111000101001000000;0.564606;34485;0.694908;1
75;01010000001000000110010100101000011000000010001000000001110000010111000111000000101;0.795409;48582;00000001000000000110010100001010010000000110101000000001110110010110001000101001100;0.583123;35616;0.695368;1
76;01010000001000000110010100101000011000000010001000000001110000010111000111000000101;0.795409;48582;01011001000010000110010100000000010000010110100000000000110000011010000110001001101;0.57736;35264;0.695618;1
77;01010000001000000110010100101000011000000010001000000001110000010111000111000000101;0.795409;48582;00010000011000000110010001111000001100010010101100000001000100010010000110000000101;0.598824;36575;0.697621;1
78;01010000001000000110010100101000011000000010001000000001110000010111000111000000101;0.795409;48582;00000000000000000010111001111010011000000011001000000011010000010111010001010000001;0.618455;37774;0.704169;1
79;01010000001000000110010100101000011000000010001000000001110000010111000111000000101;0.795409;48582;01010000100000001100010000011010001000110010000000010011100000010110000000000110111;0.601018;36709;0.696412;2
80;01010000001000000110010100101000011000000010001000000001110000010111000111000000101;0.795409;48582;10000100000001000000000010101011010000010011101000000001110000000110010111000000101;0.579374;35387;0.694047;2
81;01010000001000000110010100101000011000000010001000000001110000010111000111000000101;0.795409;48582;00000000001000000100010010101011010001000110101010000011110000010000000111001000010;0.571302;34894;0.698191;2
82;01010000001000000110010100101000011000000010001000000001110000010111000111000000101;0.795409;48582;01010000001010000101000100100000011000010010001000001000000010110110001011000101100;0.569583;34789;0.699147;1
83;01010000001000000110010100101000011000000010001000000001110000010111000111000000101;0.795409;48582;01010000001000000111010010111010010000000110100000001001100000000010000011000010101;0.59108;36102;0.705005;2
84;01010000001000000110010100101000011000000010001000000001110000010111000111000000101;0.795409;48582;01010000101010000111010000101000011000000010001000000001100010010010010011100000001;0.591948;36155;0.701322;1
85;01010000001000000110011100101000011000000010001000000001110000010110000111000000101;0.797423;48705;10010000001000000010000110101000111001100010001000010011000010010010000011000000101;0.614411;37527;0.704948;2
86;01010000001000000110011100101000011000000010001000000001110000010110000111000000101;0.797423;48705;00010000001000000010001100101010101100001010000010000101010010010110000111000000001;0.593651;36259;0.713741;2
87;00110000001000000111010100101000011000000010001000000001110000010110000111000000101;0.802679;49026;01010000001000000110010011101001010100000010000100000011000000010110000111100000001;0.642686;39254;0.721812;1
88;00110000001000000111010100101000011000000010001000000001110000010110000111000000101;0.802679;49026;01000000001000000110010000111101111000000010001000000011100010010010000011001000001;0.606143;37022;0.711851;1
89;00110000001000000111010100101000011000000010001000000001110000010110000111000000101;0.802679;49026;01010000001010000110010100001000011000000010001000000001000000010011100111000101101;0.620043;37871;0.714794;3
90;00110000001000000111010100101000011000000010001000000001110000010110000111000000101;0.802679;49026;00000000011000010110011100001000010101000010100000000100111000010001010111000000100;0.603671;36871;0.711282;1
91;00110000001000000111010100101000011000000010001000000001110000010110000111000000101;0.802679;49026;01110000001010000100010000101001010000000010001100000010000010010110000111000001110;0.618963;37805;0.703998;1
=============================================
geração;melhor;fitness;cobertura;pior;fitness;cobertura;média;ind_repetidos
0;10010010101000000110010100101000011000000010001000000001100000010110000111000000101;0.794263;48512;00110110101001101000000000000000100110100100010010010100000100001000000010011001010;0.137267;8384;0.376457;1
1;10010010101000000110010100101000011000000010001000000001100000010110000111000000101;0.794263;48512;00010101101001111000001110011000000010000010000000000010011001100001100000100010000;0.281574;17198;0.43445;1
2;10010010101000000110010100101000011000000010001000000001100000010110000111000000101;0.794263;48512;00011101000010111100000000000001000001000000001000101011100000101000101011000000101;0.307607;18788;0.467443;1
3;10010010101000000110010100101000011000000010001000000001100000010110000111000000101;0.794263;48512;01000011000000100010001011010110001100101001010001101000010000010000010000011000000;0.318543;19456;0.492403;1
4;10010010101000000110010100101000011000000010001000000001100000010110000111000000101;0.794263;48512;00000110100010100100010100011000001010000000000100100101100100010010010000110101000;0.374783;22891;0.540868;2
5;10010010101000000110010100101000011000000010001000000001100000010110000111000000101;0.794263;48512;00010001110000000010001001000000011100000011101100100000100000001011001110001000010;0.413553;25259;0.578712;2
6;10010010101000000110010100101000011000000010001000000001100000010110000111000000101;0.794263;48512;00000101100010001000001011100000010000101011000001000001100000100110100001000010011;0.447493;27332;0.603428;1
7;10010010101000000110010100101000011000000010001000000001100000010110000111000000101;0.794263;48512;00100010100100000000101001000000011100010011101100000011100010000101000001000101000;0.473296;28908;0.631532;1
8;10010010101000000110010100101000011000000010001000000001100000010110000111000000101;0.794263;48512;10010010011011000110000100001000011000000110001000011000010001000100010000110000100;0.50036;30561;0.654107;1
9;10010010101000000110010100101000011000000010001000000001100000010110000111000000101;0.794263;48512;00000010111000000110011100101101010000000001000000000000000010000110110101010010001;0.525656;32106;0.662873;1
10;10010010101000000110010100101000011000000010001000000001100000010110000111000000101;0.794263;48512;11010010101000001110011100100000010100000000011000000001100000010000100011100000001;0.577245;35257;0.686329;2
11;10010010101000000110010100101000011000000010001000000001100000010110000111000000101;0.794263;48512;01010010001010000100010100001110011000100000011000000011111000010100000000010000001;0.582108;35554;0.696075;2
12;10010010101000000110010100101000011000000010001000000001100000010110000111000000101;0.794263;48512;01010000001000000010011100011000011001000110001000000011001000010010000111000001100;0.608664;37176;0.697566;1
13;10010010101000000110010100101000011000000010001000000001100000010110000111000000101;0.794263;48512;10010011001000000100010000011000110000000110001001000001100000011101000100000011001;0.602705;36812;0.694925;1
14;10010010101000000110010100101000011000000010001000000001100000010110000111000000101;0.794263;48512;01000010001001000010001111001101001000000001001001000001100000000100000100011001101;0.583844;35660;0.69476;2
15;10010010101000000110010100101000011000000010001000000001100000010110000111000000101;0.794263;48512;11010010001000000110010100111101000000001001000001000001100000010010000111000000001;0.567455;34659;0.698064;1
16;10010010101000000110010100101000011000000010001000000001100000010110000111000000101;0.794263;48512;00000110001000000110110000001000111010000010101000000110000100100110000111000000100;0.612921;37436;0.698975;2
17;10010010101000000110010100101000011000000010001000000001100000010110000111000000101;0.794263;48512;10000010001000000001110101101001001000000111001001010001100100010000000010100000100;0.624284;38130;0.703883;1
18;10010010101000000110010100101000011000000010001000000001100000010110000111000000101;0.794263;48512;10000011001010000100010000100010011100000100010100000001000000110100000110100100101;0.597187;36475;0.705074;3
19;10010010101000000110010100101000011000000010001000000001100000010110000111000000101;0.794263;48512;00010010001001000010000100100011010000000110001100100001110000010110010101000000100;0.612463;37408;0.707226;1
20;10010010101000000110010100101000011000000010001000000001100000010110000111000000101;0.794263;48512;11000010001000000100000000101000011000100010101110000001100001000010000111000100101;0.605095;36958;0.708214;3
21;10010010101000000110010100101000011000000010001000000001100000010110000111000000101;0.794263;48512;10010010101000000010010000101000001000000010111010000001000101010010000111000010100;0.570385;34838;0.708095;1
22;10010010101000000110010100101000011000000010001000000001100000010110000111000000101;0.794263;48512;01000000101100100100000001001000011000000011101000000000100000010111010111000000110;0.577737;35287;0.708872;1
23;10010010101000000110010100101000011000000010001000000001100000010110000111000000101;0.794263;48512;00010110000000000100010001101100010000010010101000000101100001011100000110000001100;0.62818;38368;0.714416;2
24;10010010101000000110010100101000011000000010001000000001100000010110000111000000101;0.794263;48512;00000010101000010110010000111000011100000010000000001001100001010010000111000000011;0.589983;36035;0.715105;1
25;10010010101000000110010100101000011000000010001000000001100000010110000111000000101;0.794263;48512;00010101001000000110110100101100000001000010001000000001100000010010101111000000001;0.588886;35968;0.715088;2
26;00010010101000000110010101101000011000000010001000000001100000010110000111000000101;0.798913;48796;01010110000000011100100001001100001000000011001000001001100000010100000111001000100;0.616654;37664;0.711888;2
27;00010010101000000110010101101000011000000010001000000001100000010110000111000000101;0.798913;48796;00000100001101000010011010100010011000010010001001000001100000010010000111010000001;0.611333;37339;0.710803;1
28;00010010101000000110010101101000011000000010001000000001100000010110000111000000101;0.798913;48796;00010011101100001010011100000000011000000000001000010001100000010000010111100000101;0.612545;37413;0.711131;1
29;00010010101000000110010101101000011000000010001000000001100000010110000111000000101;0.798913;48796;00000100001101010010010000100000011000000000101000001001100000010110000111001010110;0.634222;38737;0.711041;1
30;00010010101000000110010101101000011000000010001000000001100000010110000111000000101;0.798913;48796;01000010100000100110001100101000001100000010001000000101100000010100000110000110011;0.631733;38585;0.711044;3
31;00010010101000000110010101101000011000000010001000000001100000010110000111000000101;0.798913;48796;10000110000000100110010100111101010000000010101000000001100101000100000100000000101;0.615868;37616;0.708615;1
32;00010010101000000110010101101000011000000010001000000001100000010110000111000000101;0.798913;48796;10010010001000000000011100010000001000000110001001010001010001010100000111000100101;0.61911;37814;0.710699;4
33;00010010101000000110010101101000011000000010001000000001100000010110000111000000101;0.798913;48796;00000100001000000000000100001010011001010110001000010011110010010011000011000000101;0.631553;38574;0.714681;4
34;00010010101000000110010101101000011000000010001000000001100000010110000111000000101;0.798913;48796;00011010001100000110000101100100010000000100001000000001110010000010100111000000101;0.637758;38953;0.713352;1
35;00010010101000000110010101101000011000000010001000000001100000010110000111000000101;0.798913;48796;00010010001000000110100100110000101100000010001101110001100000010010000110100000000;0.622139;37999;0.71166;1
36;00010010101000000110010101101000011000000010001000000001100000010110000111000000101;0.798913;48796;10010010000000000000010111100000011000001010000001100001100001010100000111000000111;0.650643;39740;0.712138;1
37;00010010101000000110010101101000011000000010001000000001100000010110000111000000101;0.798913;48796;00010010101000000000000101101000010010001010000011100001100000000100000111000011101;0.617407;37710;0.705135;2
38;00010010101000000110010101101000011000000010001000000001100000010110000111000000101;0.798913;48796;01100010101000000111001101001010000000000010000101100000100000010010000110000000111;0.580258;35441;0.704689;1
39;00010010101000000110010101101000011000000010001000000001100000010110000111000000101;0.798913;48796;10000010100000000011001000111101001011000000001000111001000100000100000101000000101;0.59979;36634;0.703356;1
40;00010010101000000110010101101000011000000010001000000001100000010110000111000000101;0.798913;48796;10000010111000100110000001001010000000000010001000110001100000110110000011010000100;0.630129;38487;0.710742;2
41;00010010101000000110010101101000011000000010001000000001100000010110000111000000101;0.798913;48796;10000001001010000110011000110000000100000010000000100101000000010010001111001000111;0.553653;33816;0.703433;1
42;00010010101000000110010101101000011000000010001000000001100000010110000111000000101;0.798913;48796;00010010001000000010001011101010010000000010111000000101000100010110000111000000001;0.604571;36926;0.700182;1
43;00010010101000000110010101101000011000000010001000000001100000010110000111000000101;0.798913;48796;00010010001000000110110011101000001000100010000000100101110010010000000111000000001;0.59275;36204;0.697746;2
44;00010010101000000110010101101000011000000010001000000001100000010110000111000000101;0.798913;48796;00010010000001000110010101101000100001001010001001010000110010010100000100000100100;0.612987;37440;0.706364;1
45;00010010101000000110010101101000011000000010001000000001100000010110000111000000101;0.798913;48796;00000010101000000111010000100000001000101110001010000101010000000110010101000001100;0.619683;37849;0.710787;1
46;00010010101000000110010101101000011000000010001000000001100000010110000111000000101;0.798913;48796;00110011001000000110100011100000011001010010000000000011100000110110000110000000000;0.643767;39320;0.711523;1
47;00010010101000000110010101101000011000000010001000000001100000010110000111000000101;0.798913;48796;00001000100100000110010100100000011100000110100000000001100100000101000110001011001;0.618783;37794;0.705005;1
48;00010010101000000110010101101000011000000010001000000001100000010110000111000000101;0.798913;48796;10100110101000000010001001001000010000001010000100000111000010010100001101000000101;0.623236;38066;0.706851;2
49;00010010101000000110010101101000011000000010001000000001100000010110000111000000101;0.798913;48796;11000110100000000010010101101001101001000010001000000001101000010010000000000100101;0.599676;36627;0.697726;1
50;00010010101000000110010101101000011000000010001000000001100000010110000111000000101;0.798913;48796;00011010101100000010001001001010010100000010011000100100000000010000000111010000101;0.576149;35190;0.691778;1
51;00010010101000000110010101101000011000000010001000000001100000010110000111000000101;0.798913;48796;00010010101000010100010101001001010000001010000011000101100000010000000111000000101;0.599741;36631;0.688738;1
52;00010010101000000110010101101000011000000010001000000001100000010110000111000000101;0.798913;48796;10001010100000000010010101111100001000000000000010110001000000010010000111010000101;0.564639;34487;0.693769;1
53;00010010101000000110010101101000011000000010001000000001100000010110000111000000101;0.798913;48796;01000000000000010010110101101100000000000011011000010001100001111010000000000100101;0.577753;35288;0.692973;1
54;00010010101000000110010101101000011000000010001000000001100000010110000111000000101;0.798913;48796;10100010000000000110010101001000101010000011001000000000001001110010000110000010101;0.569812;34803;0.689939;1
55;00010010101000000110010101101000011000000010001000000001100000010110000111000000101;0.798913;48796;01010000000000010011000010100000101000000000101001100001110001011110000001000001101;0.585334;35751;0.691135;2
56;00010010101000000110010101101000011000000010001000000001100000010110000111000000101;0.798913;48796;00010011000010010100010100101001101010000010001000000001100000011110001100000000100;0.617866;37738;0.691401;1
57;00010010101000000110010101101000011000000010001000000001100000010110000111000000101;0.798913;48796;00010010110000000010000100111100011000000001011000001001100000001100000011100000101;0.584499;35700;0.68217;1
58;00010010101000000110010101101000011000000010001000000001100000010110000111000000101;0.798913;48796;00000000001000101111010101111100001000000000001000101001000000011110000010100000001;0.595927;36398;0.682387;1
59;00010010101000000110010101101000011000000010001000000001100000010110000111000000101;0.798913;48796;10001010001000000111011001001000000100000101101001000001000000010100000111100000001;0.591506;36128;0.680048;2
60;00010010101000000110010101101000011000000010001000000001100000010110000111000000101;0.798913;48796;00100001000000000100010101000000111000000010101000000001100010011110010110000011100;0.55791;34076;0.688847;2
61;00010010101000000110010101101000011000000010001000000001100000010110000111000000101;0.798913;48796;00100110001001000110010001000000011000100010000010000111000000110011000101000000101;0.544222;33240;0.688753;3
62;00010010101000000110010101101000011000000010001000000001100000010110000111000000101;0.798913;48796;11000000100010000011110100001100011000000000001100000001100001011000001010100000101;0.624398;38137;0.692202;1
63;00010010101000000110010101101000011000000010001000000001100000010110000111000000101;0.798913;48796;00010110001010000111010001101000011000000010000110000000000010001101000011000000110;0.605734;36997;0.683658;1
64;00010010101000000110010101101000011000000010001000000001100000010110000111000000101;0.798913;48796;00000000001000000101011100101000000000011111001111000000100000110000000010011000101;0.580012;35426;0.689374;1
65;00010010101000000110010101101000011000000010001000000001100000010110000111000000101;0.798913;48796;01000010001000100100010100100011011000000010001011000001111000010000000100000010101;0.598006;36525;0.689534;1
66;00010010101000000110010101101000011000000010001000000001100000010110000111000000101;0.798913;48796;00110010100000010111010001100000011000000010001000000001000010011000001110010000101;0.559465;34171;0.682567;2
67;00010010101000000110010101101000011000000010001000000001100000010110000111000000101;0.798913;48796;00011011101000001100010100001000010000000100000100000001100001001110001011000000110;0.562985;34386;0.685048;1
68;00010010101000000110010101101000011000000010001000000001100000010110000111000000101;0.798913;48796;00110010110010000111010000000000010000000010001000000001100000100110001111000001110;0.583123;35616;0.693852;1
69;00010010101000000110010101101000011000000010001000000001100000010110000111000000101;0.798913;48796;00000010100000000100001101110000111000000100001110000001101010011110000010000000100;0.618783;37794;0.700908;3
70;00010010101000000110010101101000011000000010001000000001100000010110000111000000101;0.798913;48796;00000000000000010110010000101000011001000010001100000001100100010011101111010000001;0.605406;36977;0.702159;2
71;00010010101000000110010101101000011000000010001000000001100000010110000111000000101;0.798913;48796;00001010001010000110010100100101000000100010101000000101000000000110000010001100111;0.577573;35277;0.70955;1
72;00010010101000000110010101101000011000000010001000000001100000010110000111000000101;0.798913;48796;10100000001000100100100100010010001000000010010000011001100010011110000011001000100;0.553293;33794;0.705423;1
73;00010010101000000110010101101000011000000010001000000001100000010110000111000000101;0.798913;48796;00010010101000010110010101000000011000000110000100001001100010000011000110010000001;0.590556;36070;0.699156;2
74;00010010101000000110010101101000011000000010001000000001100000010110000111000000101;0.798913;48796;00000010000110000110010001000000001000000110000100011001101010000011000110010010101;0.612708;37423;0.705977;1
75;00010010101000000110010101101000011000000010001000000001100000010110000111000000101;0.798913;48796;00000010101000000110010100101000110000000011001100000001101001010010000111000001000;0.604375;36914;0.702559;1
76;00010010101000000110010101101000011000000010001000000001100000010110000111000000101;0.798913;48796;00000010111000101110100100000000011001000010001100000000100100110110000100000011000;0.580193;35437;0.704527;1
77;00010010101000000110010101101000011000000010001000000001100000010110000111000000101;0.798913;48796;10001110001000000110110101111000101000000010000010000000100001010000000011000000101;0.623023;38053;0.7079;1
78;00010010101000000110010101101000011000000010001000000001100000010110000111000000101;0.798913;48796;00010011001010001110011101101000000000010010001000100001100000000010000110000000101;0.625119;38181;0.713493;1
79;00010010101000000110010101101000011000000010001000000001100000010110000111000000101;0.798913;48796;01010010001000000110010101101100011000000010001000000000100100011000000111000100001;0.594961;36339;0.711772;1
80;00010010101000000110010101101000011000000010001000000001100000010110000111000000101;0.798913;48796;01000010001001100110010101001000011000000010001000100001000001010010000110000001101;0.599332;36606;0.714955;2
81;00010010101000000110010101101000011000000010001000000001100000010110000111000000101;0.798913;48796;00000000011100111010010101101000111000000000000000000010100000000011000011000001111;0.593405;36244;0.711584;2
82;00010010101000000110010101101000011000000010001000000001100000010110000111000000101;0.798913;48796;10000010101000001100011101001000001000001010001000010000100000010100111011000000001;0.63211;38608;0.71657;1
83;00010010101000000110010101101000011000000010001000000001100000010110000111000000101;0.798913;48796;01010010101000000100010100001000011100001110110000000001100000000010010011000000101;0.625463;38202;0.714517;1
84;00010010101000000110010101101000011000000010001000000001100000010110000111000000101;0.798913;48796;00010010001000000110000001011110011000000010001000011001100010000110000100100010001;0.619372;37830;0.711556;1
85;00010010101000000110010101101000011000000010001000000001100000010110000111000000101;0.798913;48796;00010000111000010001010100100101010010000110001000000001000000000111000101000000111;0.646599;39493;0.715485;3
86;00010010101000000110010101101000011000000010001000000001100000010110000111000000101;0.798913;48796;00100010101000000100001111001000111000000010001000000000100010010110000111000100100;0.634762;38770;0.711827;1
87;00010010101000000110010101101000011000000010001000000001100000010110000111000000101;0.798913;48796;00010010001000000010110101000000011100110000001000100001110000010110000110010100000;0.624595;38149;0.707387;1
88;00010010101000000110010101101000011000000010001000000001100000010110000111000000101;0.798913;48796;00010010001000000100010000101101011000000000000000000100110100000110100110101010101;0.626183;38246;0.709208;1
89;00010010101000000110010101101000011000000010001000000001100000010110000111000000101;0.798913;48796;00010000101000010110010100101000011000100000010000100001100001010011000101000001001;0.588084;35919;0.704853;1
90;00010010101000000110010101101000011000000010001000000001100000010110000111000000101;0.798913;48796;00000000101000000110110001101000011000010010001000001001000000010010000101110001101;0.618881;37800;0.706331;1
=============================================
