geração;melhor;fitness;cobertura;pior;fitness;cobertura;média;ind_repetidos
0;10010010101000000110010100101000011000000010001000000001100000010110000111000000101;0.794263;48512;01000010100111010000100000010000100001010001000001110101010100000000101000010110000;0.120682;7371;0.370556;1
1;10010010101000000110010100101000011000000010001000000001100000010110000111000000101;0.794263;48512;01110010010111000001101001001011000000000000111000001010001100100010000100000000000;0.221602;13535;0.417606;1
2;10010010101000000110010100101000011000000010001000000001100000010110000111000000101;0.794263;48512;10000010010000000001000000011010100000110100000010111001101011000000000011101010000;0.248011;15148;0.459598;1
3;10010010101000000110010100101000011000000010001000000001100000010110000111000000101;0.794263;48512;00100011000001011001100110000110000000111010000000000000000101001000000110011001010;0.291021;17775;0.493598;1
4;10010010101000000110010100101000011000000010001000000001100000010110000111000000101;0.794263;48512;01010000011010000101001000001001000101100101000011000100000000000111010000111000000;0.384132;23462;0.530647;1
5;10010010101000000110010100101000011000000010001000000001100000010110000111000000101;0.794263;48512;01011001000000000100011000100000100000000010101111000001000010010001011101001001000;0.355021;21684;0.56056;1
6;10010010101000000110010100101000011000000010001000000001100000010110000111000000101;0.794263;48512;10100100110101000100100000001000001010001001000000100100100101000110100010000010010;0.426127;26027;0.577376;1
7;10010010101000000110010100101000011000000010001000000001100000010110000111000000101;0.794263;48512;01010010010001000001000100101011000010000011001000001000110010000011010011000000001;0.445365;27202;0.605871;1
8;10010010101000000110010100101000011000000010001000000001100000010110000111000000101;0.794263;48512;10001001010000000010010011000100101000001000100100100110110000000110000010001001001;0.463751;28325;0.618307;1
9;10010010101000000110010100101000011000000010001000000001100000010110000111000000101;0.794263;48512;00011010000001000100100100111001100000000100001000100010010010000110000111000000011;0.464357;28362;0.627092;1
10;10010010101000000110010100101000011000000010001000000001100000010110000111000000101;0.794263;48512;10000110000000000110010110101000011010001010000010000101101100010000010000010000010;0.491159;29999;0.636157;1
11;10010010101000000110010100101000011000000010001000000001100000010110000111000000101;0.794263;48512;00100101101010000011011100000001001010000101000000010010101000100010010010000000100;0.507973;31026;0.649079;1
12;10010010101000000110010100101000011000000010001000000001100000010110000111000000101;0.794263;48512;00010000110000000010110101010001011000001000001000000010101110000010000110100010100;0.548086;33476;0.657672;1
13;10010010101000000110010100101000011000000010001000000001100000010110000111000000101;0.794263;48512;00100100101010000110001010001010010001000000010101100001000000010111000010000010001;0.540702;33025;0.660644;1
14;10010010101000000110010100101000011000000010001000000001100000010110000111000000101;0.794263;48512;01000000001000000001010110100100010000010010010100010010100001110010000100011010001;0.537624;32837;0.662313;1
15;10010010101000000110010100101000011000000010001000000001100000010110000111000000101;0.794263;48512;00000100000000000111011100011010010000001110100010000001000000010000000111001001110;0.537067;32803;0.662391;1
16;10010010101000000110010100101000011000000010001000000001100000010110000111000000101;0.794263;48512;00110000011000001010010000101000010010100000000000100000101110110000100101001000101;0.523102;31950;0.661988;1
17;10010010101000000110010100101000011000000010001000000001100000010110000111000000101;0.794263;48512;01100000000100001011010100100000111110000010000100000001100010010010000010100010001;0.532368;32516;0.666039;1
18;10010010101000000110010000101000011000000110001000000001100000010110000111000000101;0.794902;48551;00010011010010000111011100001000011010000000000100000000001010010010000010100010101;0.560415;34229;0.668703;1
19;10010010101000000110010000101000011000000110001000000001100000010110000111000000101;0.794902;48551;00010001010001000011110100010101001100001010001000000001100000110010000010000000011;0.540473;33011;0.664981;1
20;10010010101000000110010000101000011000000110001000000001100000010110000111000000101;0.794902;48551;00000000001011000011110100110100001000001001001000000011001001000010000110000010101;0.538082;32865;0.667312;1
=============================================
geração;melhor;fitness;cobertura;pior;fitness;cobertura;média;ind_repetidos
0;10010010101000000110010100101000011000000010001000000001100000010110000111000000101;0.794263;48512;01000000111010001000000101010001100011100100110111100000000000001000000001110000000;0.180785;11042;0.369664;1
1;10010010101000000110010100101000011000000010001000000001100000010110000111000000101;0.794263;48512;11110000000011001100100001000000010010001000000110011100000001100100010000010110000;0.232637;14209;0.412324;1
2;10010010101000000110010100101000011000000010001000000001100000010110000111000000101;0.794263;48512;10101000010101110100000001000000100101100000000100010100000010010000001101010000110;0.290039;17715;0.44295;1
3;10010010101000000110010100101000011000000010001000000001100000010110000111000000101;0.794263;48512;10101001001000000000000000010111000000000011101000000100010100110000011000010011110;0.295573;18053;0.476582;1
4;10010010101000000110010100101000011000000010001000000001100000010110000111000000101;0.794263;48512;10011000001001011010001000011001000001001101000100100001000000000001101100010010000;0.34528;21089;0.503009;1
5;10010010101000000110010100101000011000000010001000000001100000010110000111000000101;0.794263;48512;01000010010100100000001011000101000110001010000000011001010000000010001010011100100;0.361914;22105;0.53286;1
6;10010010101000000110010100101000011000000010001000000001100000010110000111000000101;0.794263;48512;10010011010100101000000001000111000000001010000000000010100101000101010110100100000;0.370002;22599;0.54212;1
7;10010010101000000110010100101000011000000010001000000001100000010110000111000000101;0.794263;48512;10001100010101000000110100010100001000010010000100100000000000000110010100101110010;0.382134;23340;0.557033;1
8;10010010101000000110010100101000011000000010001000000001100000010110000111000000101;0.794263;48512;00110000011110100010000011001001001011100000010010000000000100010100010111000000000;0.428239;26156;0.571922;1
9;10010010101000000110010100101000011000000010001000000001100000010110000111000000101;0.794263;48512;00001001000001001100011111000100000001000000011000000011001000100110000011101000001;0.408723;24964;0.581181;1
10;10010010101000000110010100101000011000000010001000000001100000010110000111000000101;0.794263;48512;00000001000011001010010000101001000000010110010001100001010000100011000011000011100;0.456809;27901;0.590707;1
11;10010010101000000110010100101000011000000010001000000001100000010110000111000000101;0.794263;48512;10000000011000001100110010001000011001010010100010010101000101010000001000000000101;0.46069;28138;0.600942;1
12;10010010101000000110010100101000011000000010001000000001100000010110000111000000101;0.794263;48512;10011010001010100100001110101000000100101100000000001000010110010000000110000000001;0.440912;26930;0.607788;1
13;10010010101000000110010100101000011000000010001000000001100000010110000111000000101;0.794263;48512;00010000100010110100100000010000101100111100001000001000000100010100100010001001001;0.443826;27108;0.619189;2
14;10010010101000000110010100101000011000000010001000000001100000010110000111000000101;0.794263;48512;10010010101100000010010001101010010000000110001010000010001110000000100010100000100;0.477521;29166;0.633853;1
15;10010010101000000110010100101000011000000010001000000001100000010110000111000000101;0.794263;48512;00000001000001011100001001100010011000010010001001000000001100011110010101000000001;0.494712;30216;0.64106;1
16;10010010101000000110010100101000011000000010001000000001100000010110000111000000101;0.794263;48512;00100010000000010100001001001101001000001100000100010011100000000010010111000110001;0.497086;30361;0.648576;1
17;10010010101000000110010100101000011000000010001000000001100000010110000111000000101;0.794263;48512;10010000100000000000110001011100011000000111001100010001000010010001001100001000001;0.525672;32107;0.648823;1
18;10010010101000000110010100101000011000000010001000000001100000010110000111000000101;0.794263;48512;01011010011000000110100001000000011000000000001000001001110110000010000111000100001;0.525017;32067;0.650487;1
19;10010010101000000110010100101000011000000010001000000001100000010110000111000000101;0.794263;48512;00011000001000011010010001001110001000000001011000101000100000000110010011001000001;0.526458;32155;0.651783;1
20;10010010101000000110010100101000011000000010001000000001100000010110000111000000101;0.794263;48512;10000011011000000100010101100010011000000000100001010000010000010100010111000000011;0.525607;32103;0.647252;1
=============================================
geração;melhor;fitness;cobertura;pior;fitness;cobertura;média;ind_repetidos
0;10010010101000000110010100101000011000000010001000000001100000010110000111000000101;0.794263;48512;00000100010000100101000100000010100010110000100001101101110100000000111000011000000;0.161826;9884;0.367272;1
1;10010010101000000110010100101000011000000010001000000001100000010110000111000000101;0.794263;48512;01000000000011100100000000101001000010100001001010001100010111110000010000011000001;0.2208;13486;0.413703;1
2;10010010101000000110010100101000011000000010001000000001100000010110000111000000101;0.794263;48512;00010110100000001000000100100000000101001101000001001000100001100000001101101111000;0.254969;15573;0.450876;1
3;10010010101000000110010100101000011000000010001000000001100000010110000111000000101;0.794263;48512;00010111010000001000100000001101010101100001000001010010000000000001010001000111100;0.309801;18922;0.482723;1
4;10010010101000000110010100101000011000000010001000000001100000010110000111000000101;0.794263;48512;01111101000100000000010000001010000001100110011000000100000011000110010001011000000;0.306723;18734;0.511609;1
5;10010010101000000110010100101000011000000010001000000001100000010110000111000000101;0.794263;48512;00000100000000011100100001001110010100100101101001010000100000101000000101010100000;0.345493;21102;0.542613;1
6;10010010101000000110010100101000011000000010001000000001100000010110000111000000101;0.794263;48512;00000000000000011100100100000110010100100011101000110011100000001001000010111000000;0.395314;24145;0.571727;1
7;10010010101000000110010100101000011000000010001000000001100000010110000111000000101;0.794263;48512;10011010110000001000110110101000000001100101000100100100100000010000100000000001010;0.361685;22091;0.590266;1
8;10010010101000000110010100101000011000000010001000000001100000010110000111000000101;0.794263;48512;00010011011000011110000110101000000001000010000110000011101000100010001000000001000;0.430024;26265;0.609557;1
9;10010010101000000110010100101000011000000010001000000001100000010110000111000000101;0.794263;48512;00110100010110010111101000100010011000000000001100000100101000000011000010010000000;0.47662;29111;0.629545;1
10;10010010101000000110010100101000011000000010001000000001100000010110000111000000101;0.794263;48512;01000010001010000010011010101000010000000000001001001100110000000110010101100011000;0.504371;30806;0.636385;1
11;10010010101000000110010100101000011000000010001000000001100000010110000111000000101;0.794263;48512;10000110100100010001010110000100000101000000001001000000100000011110010111000000010;0.516242;31531;0.637205;1
12;10010010101000000110010100101000011000000010001000000001100000010110000111000000101;0.794263;48512;00010010101100010000000010101000011000000110000001001101001000110101010010000010000;0.479125;29264;0.635893;1
13;10010010101000000110010100101000011000000010001000000001100000010110000111000000101;0.794263;48512;10001000101010000110010000101000011000000100010100000001100100010000100101010011000;0.51557;31490;0.642407;1
14;10010010101000000110010100101000011000000010001000000001100000010110000111000000101;0.794263;48512;10011000001010000100000100001010101100000010011000000011001001001100000100100000101;0.513687;31375;0.648608;1
15;10010010101000000110010100101000011000000010001000000001100000010110000111000000101;0.794263;48512;00010000010000100010000010101000011001000010011000000001110000001010001111001000011;0.487;29745;0.653152;1
16;10010010101000000110010100101000011000000010001000000001100000010110000111000000101;0.794263;48512;01100010101000000100100110011010000010000000000100000100111000010110000101000010010;0.536101;32744;0.661226;1
17;10010010101000000110010100101000011000000010001000000001100000010110000111000000101;0.794263;48512;00000000000110000011010011110000011000000110100110000011010000000010001010001000110;0.514653;31434;0.667704;1
18;10010010101000000110010100101000011000000010001000000001100000010110000111000000101;0.794263;48512;00000010111000101110010000101010010010000000000000000011111000010000110110100000000;0.521317;31841;0.667297;2
19;01000100001000000110010100101000011000000010011100000001100000010110000111000000101;0.796686;48660;01010000101000101010010000110000100000011000101110000000000100100110000100100000101;0.531255;32448;0.67015;1
20;01000100001000000110010100101000011000000010011100000001100000010110000111000000101;0.796686;48660;10000010101000000110010101101001011000010010000001100101000000000010000010000010101;0.541324;33063;0.677829;1
=============================================
