geração;melhor;fitness;cobertura;pior;fitness;cobertura;média;ind_repetidos
0;00000100101010000011110010001100000000;0.292125;3398;10000011100100001000000110100000010100;0.0231259;269;0.147767;1
1;00001100101010000011110010000100000000;0.314821;3662;00111000001000110000100000000000101101;0;0;0.0838557;1
2;00001100001000100011110010100000001000;0.309921;3605;00001100001100100000001000110000001011;0;0;0.0909569;1
3;10100100001000000011110010001100000000;0.2788;3243;00001000001101000000000100110000011101;0;0;0.102768;2
4;01001100000100100000111000100000000101;0.30141;3506;00001000000100110000011100100001001001;0;0;0.092255;4
5;01001100000100100000111000100000000110;0.298315;3470;00000000010000100101110000010000011101;0;0;0.104982;1
6;00001100000100110000111000100000000110;0.306998;3571;00001000101100110001011000000000100001;0;0;0.10958;1
7;01001100000100110000111000000000100001;0.287999;3350;00010100101001000000001001010000001110;0;0;0.108802;1
8;00010100000100110000111000100001000010;0.28327;3295;00001100001100110000111000100000000001;0;0;0.100585;1
9;00000100111100110010000000000000001011;0.293157;3410;00011100111100000000000000110001000001;0;0;0.123837;1
10;00000100111100110010000000000000001011;0.293157;3410;01011000000101110000000000100000000111;0;0;0.137874;1
11;00001000011101010000000000110000001011;0.279917;3256;00001000000100110000001000110001001011;0;0;0.115248;2
12;00001100011000110001011000000000001001;0.282325;3284;00100100100100000010011000000000001111;0;0;0.125887;3
13;00000100001101010000101000010000001011;0.274243;3190;00001100000100110000100000110010001010;0;0;0.141139;2
14;00001100001100100000000001110000001011;0.296338;3447;00001100001100110000010000110000001010;0;0;0.130156;1
15;00011000001100100000000001110000001011;0.284216;3306;00000100100100110001000000101000001101;0;0;0.14041;2
16;00001100001000110000000001110000001011;0.286193;3329;00010100101101000000000000100000001111;0;0;0.134925;2
17;00001100001100100000000000111000001011;0.276737;3219;00110100101000110000001000010000000011;0;0;0.129844;3
18;00001100110100010000000010010000001011;0.283442;3297;00011100100100110000000000100000001101;0;0;0.144983;2
19;00001100110100010000000000110000001101;0.286623;3334;00001000101101000000001000010000001111;0;0;0.168887;5
20;00011100001101000000000000110000001101;0.277682;3230;00010001101111000000000000100000001011;0;0;0.182336;9
21;00011100001101000000000000110000001011;0.282754;3289;00011100100101000000000000110000001011;0;0;0.202596;6
22;00011100001101000000000000110000001011;0.282754;3289;00001100100101100000000000010000001111;0;0;0.204374;12
23;00000100101100010000000001110000001101;0.282239;3283;00000100100100010000000000110000101111;0;0;0.200793;14
24;00011100001101000000000000110000001101;0.277682;3230;00000100101000110010001000100000001101;0;0;0.197001;11
25;00011100001101100000000000010000001110;0.27837;3238;00001100101101000000000000110000001101;0;0;0.215181;17
26;00001100001101010000000000110000001110;0.28456;3310;00011100011101000000000000010000001011;0;0;0.222576;22
27;00001100001101100000000000110000001110;0.287741;3347;00010100000101010000001000110000001110;0;0;0.222204;17
28;00001100001101100000000000110000001110;0.287741;3347;00001100001101000000010000110000001101;0;0;0.239669;22
29;00001100001101100000000000110000001110;0.287741;3347;00001100001101010000000000100000001111;0;0;0.248311;30
30;00001100001101000000000000111000001011;0.298229;3469;00000100100101100000000000111000001110;0;0;0.245304;36
31;00001100001101000000000000111000001110;0.301496;3507;00001100101101000000000000110000001110;0;0;0.246703;43
32;00001100001101100000000001110000001010;0.288514;3356;00000100101101000000000000110100001110;0;0;0.259934;54
33;00001100001101100000000001110000001010;0.288514;3356;00001100101101100000000000110000001100;0;0;0.230516;42
34;00001100001001100000100000110000001110;0.29118;3387;00001100101101000000000000110000001110;0;0;0.241779;50
35;00001100001101000000000001110000001110;0.30141;3506;00010100001101100000000000110000001110;0;0;0.252681;58
36;00001100001101000000000001110000001110;0.30141;3506;00001100001101000000000000110001001110;0;0;0.256345;69
37;00001100001101000000000000111000001110;0.301496;3507;00001100001101000100000000110000001110;0;0;0.25772;78
38;00001100001101000000000001110000001110;0.30141;3506;00011100001101100000000000110000001010;0;0;0.266248;78
39;00001100001101000000000001110000001110;0.30141;3506;00001100001101100000000100100000001110;0;0;0.265886;74
40;00001100001100100000000001110000001110;0.307084;3572;00011100001101100000000000010000001110;0;0;0.266347;79
41;00001100001101100000000000110001001010;0.288428;3355;00001100001101100000000000110000001110;0;0;0.263746;82
42;00001100001101100000000000110000001110;0.287741;3347;00001100001101100000000000110000001011;0;0;0.281435;94
43;00001100001101100000000000110000001110;0.287741;3347;00001100001100100000001000110000001110;0.268741;3126;0.287218;97
44;00001100001101100000000000110000001110;0.287741;3347;00001100001101100000000000100001001110;0;0;0.275922;94
45;00001100001101100000000000110000001110;0.287741;3347;00011100001101100000000000010000001110;0;0;0.278877;96
46;00001100001101100000000000110000001110;0.287741;3347;00001100000101100000001000110000001110;0;0;0.284371;94
47;00001100001101100000000000110000001110;0.287741;3347;00001100001001110000000000110000001110;0;0;0.27884;94
48;00001100001101100000000000110000001110;0.287741;3347;00001100001101100000000000110000101100;0;0;0.284385;95
49;00001100001101100000000000110000001110;0.287741;3347;00011100001101100000000000110000001010;0;0;0.27321;95
50;00001100001101100000000000110000001110;0.287741;3347;00001100001101100000001000110000001010;0;0;0.284521;95
=============================================
geração;melhor;fitness;cobertura;pior;fitness;cobertura;média;ind_repetidos
0;00101000011101100000010000000000001110;0.250172;2910;00000110011000001000010101000100000110;0.0177957;207;0.135668;1
1;01101000011101100000010000000000000110;0.227906;2651;00000100101011010000001100010000001001;0;0;0.0857763;2
2;00000100101100110000011000000001001010;0.252235;2934;00001001101001000001010000010000010011;0;0;0.0863996;2
3;00010000110001010001111000100000001000;0.294962;3431;00000000100001111010000000101001000011;0;0;0.0903413;1
4;10000000001100000110111000000000001101;0.288944;3361;00011000001101110000010000110000000001;0;0;0.102958;2
5;10000000001100000110111000000000001101;0.288944;3361;00001100001000010001000011010001110000;0;0;0.11936;1
6;10000000001100000100111000000000001111;0.286967;3338;00001100000101001000000011110000000101;0;0;0.0966334;1
7;01000100001100000110111000000000001010;0.287311;3342;00100000100101100000011000110000000011;0;0;0.110905;2
8;00001001001101100000000000100000101011;0.254213;2957;00011100000101010000011000010000000011;0;0;0.110305;1
9;00001000001101000100010000110000000111;0.25705;2990;00001000000100111001010010110000000100;0;0;0.125616;1
10;00001000101000100000111000010010000101;0.268913;3128;01001010100001000000010000110000001011;0;0;0.128594;2
11;00001000001101100000010000110000001110;0.271578;3159;00000000101101100000001000110000010101;0;0;0.130522;2
12;00001000111101010000010000010000000011;0.280691;3265;00001000000100010000011001110000001011;0;0;0.119819;2
13;00001000111101010000010000010000000011;0.280691;3265;00011000001101000100011000100000001010;0;0;0.128534;2
14;00001100001101100000000000110000001110;0.287741;3347;00010100001100010000010000110000001110;0;0;0.136336;5
15;00000100001101100000010000110000001110;0.27794;3233;00100100100101110000001000000010000011;0;0;0.126337;2
16;00000100001100110100111000000000000011;0.286451;3332;00011000001100000000011010110000000110;0;0;0.165389;4
17;00000100111101010000000000100001000110;0.285162;3317;00001000000101010100011000010000001011;0;0;0.167784;4
18;00011000111100010000001001110000000000;0.280519;3263;00001000001101010000010000110000001101;0;0;0.151713;4
19;00000100101101100000000000110000001011;0.276823;3220;10000100001100100000010100100000001011;0;0;0.149656;1
20;00001100000101100000000001110000001011;0.290062;3374;00010110001001100000010000110000010001;0;0;0.166424;7
21;00001000001101100000010000111000000011;0.277682;3230;00001100000110000000001001010100001110;0;0;0.153882;3
22;00000100001101000001010000110000001011;0.281465;3274;01001100000101000000011000100000001101;0;0;0.163329;6
23;00001100001001100000000001110000000111;0.288514;3356;00001100001001110000010000010000001011;0;0;0.195516;5
24;00001000001101100000000001110000000111;0.291523;3391;00001000100101100000010000100000001111;0;0;0.184436;14
25;00001000001101000001000000110000001111;0.287913;3349;00001000001101110000000000110000000111;0;0;0.199632;11
26;00011000001101000000111000010000001010;0.320581;3729;00001000001101000000010000110010001011;0;0;0.193436;16
27;00011000001101000000111000010000001010;0.320581;3729;00010000001101100000011000110000001100;0;0;0.222934;28
28;00011000001100000001111000010000001010;0.316884;3686;00011000001100100000000000110000001111;0;0;0.200797;23
29;00001100001101000000111000010000001100;0.330038;3839;00001000001101100000000000110100001101;0;0;0.21274;35
30;00000100001101100000100000110000001011;0.288343;3354;00001100001101000000011000010000001101;0;0;0.21891;39
31;00000100001101100000100000110000001110;0.294102;3421;00001000101100000000011000110000001011;0;0;0.237975;42
32;00001100001100100000000001110000001011;0.296338;3447;00001000001101100000100000110000001011;0;0;0.230646;43
33;00000100011101100000000000110000001110;0.288085;3351;00001100001001100001010000110000001010;0;0;0.21577;42
34;00001000001101100000000000111000001011;0.28946;3367;00000100011101100000000000110000001101;0;0;0.228774;44
35;00000100001101100001000000110000001110;0.289546;3368;00001000001101100010000000100000001111;0;0;0.226746;49
36;00001100001101000000000000111000001110;0.301496;3507;00000100001101000000000100110000001111;0;0;0.225238;42
37;00000100001101100000000001110000000111;0.295478;3437;00000100001101100000010000110000001110;0;0;0.229243;41
38;00000100001101000000000001110000001111;0.300378;3494;00010100001101100000000000110000001110;0;0;0.240071;45
39;00000100001101100000000001110000000111;0.295478;3437;00001100000101100000000000110000001111;0;0;0.236616;40
40;00001100001101000000000000111000001110;0.301496;3507;00000100001101010000000001110000001110;0;0;0.23932;40
41;00000100001101100000000001110000000111;0.295478;3437;00000100011101000001000000110000001101;0;0;0.2156;41
42;00000100001101100000000000111000001110;0.299519;3484;00000100001101100001000000110000001110;0;0;0.238943;44
43;00000100001101100000000001110000001110;0.30184;3511;00000100101101100000000000110000001110;0;0;0.223414;38
44;00000100001101100000000001110000001110;0.30184;3511;00001100000101100001001000110000000110;0;0;0.251635;50
45;00000100001101100000000001110000001110;0.30184;3511;00000100001101100000010000110000001110;0;0;0.252004;48
46;00001100001101000000000000111000001110;0.301496;3507;00000100001101100000000001010000001111;0;0;0.239046;55
47;00000100001101100000000000111000001110;0.299519;3484;00000100101101100000000000110000001110;0;0;0.24468;61
48;00010100001101000000000001110000001110;0.291867;3395;00001100001101000000000000110001001110;0;0;0.257486;72
49;00001000001101100000000001110000001110;0.295478;3437;00001100001101100000100000010000001110;0;0;0.251335;73
50;00001100001101000000000000111000001110;0.301496;3507;00001100101101100000000000110000001100;0;0;0.256861;76
=============================================
geração;melhor;fitness;cobertura;pior;fitness;cobertura;média;ind_repetidos
0;00000000000000000111101010000111100100;0.26728;3109;00100011100100101100010000010000100000;0.0103164;120;0.143169;1
1;00000000000000000111101010000111100100;0.26728;3109;01001000001001100000000000010000111011;0;0;0.0979428;2
2;00000000000000000111101010000101100101;0.333906;3884;00011000100001100000110000100000011010;0;0;0.0771063;2
3;00011100000000111000100011010000000010;0.240973;2803;00000011101101010000011000000000000011;0;0;0.0752175;2
4;00011000000101010001011000000000001101;0.26109;3037;10000100011100100000001000000010000111;0;0;0.0968922;1
5;00011000001101110000000000110000001001;0.264701;3079;00010000000001000100010000111000001111;0;0;0.0965973;1
6;00001101000010100000111000000000001110;0.297971;3466;00011100101011010000110000000000000001;0;0;0.0978593;1
7;00001101000010100000111000000000001110;0.297971;3466;00011100000000010100000000110000001111;0;0;0.135156;3
8;00001101000010100000111000000000001110;0.297971;3466;00000000101110110000001000110000000101;0;0;0.121933;4
9;00011100000100100000111000000000001110;0.34001;3955;00011100100000110000001000110000000011;0;0;0.151043;2
10;00001100000100010001100011010100000010;0.325481;3786;00011100000101010000100100110010000000;0;0;0.131529;2
11;00000100000101010011111001000100000000;0.526995;6130;00001101000000010010001000110000001110;0;0;0.131287;2
12;00000100000101010011111001000100000000;0.526995;6130;00010100001101010000011000110000000001;0;0;0.117368;2
13;00011100000101010000111000010000000010;0.32273;3754;00011000101000110000010001000000001011;0;0;0.131302;2
14;00011100000101000000111000110000000010;0.338377;3936;00011100100001010000001000110000001100;0;0;0.118483;1
15;00011000000000010001111000010000001011;0.309835;3604;01011100000001100000000000110000001011;0;0;0.138522;3
16;00011000100000010001111000010000001010;0.317658;3695;00010100001100010000001000110000001101;0;0;0.150395;2
17;00011100001100010000111000110000000000;0.294446;3425;00011100001001010000010000110000001001;0;0;0.159468;3
18;00001100111001010000000000010000001011;0.299433;3483;00010100001101010000001000010000001101;0;0;0.166618;5
19;00001100111001010000000000010000001011;0.299433;3483;00011000001001110000000000110000000111;0;0;0.182448;9
20;00001100001000010000111000110000000110;0.33554;3903;00011000001001110000000000110000001011;0;0;0.181052;7
21;00011100000001010000111000110000000001;0.343965;4001;00001100101001010000000000010000001111;0;0;0.186075;6
22;00011100000001010000111000110000000001;0.343965;4001;00010100000101010000001000110000000111;0;0;0.185567;3
23;00011100000001010000111000110000000001;0.343965;4001;00011000000101010000111000000000000111;0;0;0.176324;7
24;00001100001100100000111000010000001010;0.330382;3843;00001100101001010000010000100000000111;0;0;0.182119;2
25;00011000000100010000111000110000000110;0.31293;3640;00011100100001010000010000110000000101;0;0;0.170867;5
26;00101100000101000000111000110000000010;0.309921;3605;00011000000000110100000000110000001111;0;0;0.159677;3
27;00011100000010010000111000110000000001;0.326083;3793;00001110101000010000000000110000001110;0;0;0.154273;3
28;00001100000101010000111000110000000100;0.314219;3655;00011100000100010001000000110000001011;0;0;0.146482;5
29;00011100001101010000000000110000000011;0.272954;3175;00011100100000100000000000110001001011;0;0;0.176359;2
30;00011100000101010000111000010000000100;0.31293;3640;00011100100001010000000000110000001011;0;0;0.176425;5
31;00011100000101010000111000010000000100;0.31293;3640;00101100001100010000000000010000001111;0;0;0.166936;7
32;00001100001101010000000000110001001001;0.277768;3231;00011100001101010000001000010000001001;0;0;0.153863;4
33;00001100001101010000000000110001001001;0.277768;3231;00011100100001110000000000010000000111;0;0;0.190732;8
34;00001100001101010000000000110000001011;0.283786;3301;00001100010101010000010000010000001101;0;0;0.184697;8
35;00001100110101010000000000010000001110;0.30098;3501;00011100001101010000000000000001000111;0;0;0.207677;8
36;00001100100101010001000000110000001010;0.287053;3339;00011100101101000000000000110000001010;0;0;0.204728;12
37;00001000001101100000000001110000001011;0.291609;3392;00001100001101010000000100110000001001;0;0;0.209312;14
38;00001000001101100000000001110000001011;0.291609;3392;00001100101001010000001000110000001010;0;0;0.238729;30
39;00011000001101000000000001110000001110;0.287569;3345;00001100101001000000000000110000001111;0;0;0.211614;24
40;00001000100101010001000000110000001011;0.288085;3351;00001100001101101000000000110000001010;0;0;0.209979;28
41;00001100001101000001000000110000001110;0.289116;3363;00011100100101000000000000110000011010;0;0;0.229316;30
42;00001100001101000000000000111000001110;0.301496;3507;00001000100101110000010000110000000110;0;0;0.226889;38
43;00000100001101010000000000111000001011;0.295306;3435;00001000100101010100000000110000001110;0;0;0.21191;30
44;00001100001101000001000000110000001110;0.289116;3363;00010101000101000000000000111000001011;0;0;0.211713;33
45;00011100000101000000000000111000001011;0.290492;3379;00001100001101000000000010110000001110;0;0;0.241129;45
46;00001100001101000000000000110001001110;0.290836;3383;00011100001101000000000000110000001110;0;0;0.235376;47
47;00011100001000100000000001110000001110;0.302699;3521;00001100001101000000000000110000001111;0;0;0.225405;45
48;00011100001001000000000000111000001110;0.295392;3436;00001100001101010000000000110000001110;0;0;0.246014;53
49;00001100001101000000000000111000001110;0.301496;3507;00001100001101110000000000010000001110;0;0;0.226306;44
50;00011100001100000000000001110000001110;0.29608;3444;00001100101101000000000000110000001011;0;0;0.225671;44
=============================================
geração;melhor;fitness;cobertura;pior;fitness;cobertura;média;ind_repetidos
0;10000000000001000011100001001100101100;0.379041;4409;00100010011001101000001100000100100000;0.0165922;193;0.144482;1
1;00000000110000000011100010011110001000;0.279746;3254;01011010000100000000011000110000010001;0;0;0.0826676;2
2;00001100000010010011000000110000110001;0.245873;2860;00000000101011010001000000110000110001;0;0;0.0733391;1
3;00001100001101110000000000110000000101;0.265389;3087;00010000001100110000001000110100000011;0;0;0.0981714;1
4;01000000000010100000111100010000101010;0.289632;3369;00010100100010001000010010110000001001;0;0;0.107754;1
5;00000000111001010000100000110000110001;0.271836;3162;00001000100100100000000010110000101011;0;0;0.102792;1
6;00001100010000010011100000110000000011;0.273384;3180;00000000101101110000000000110000000111;0;0;0.116575;1
7;00001000000011000100111000010010000110;0.277768;3231;00011000100110000000011000100000001011;0;0;0.123994;2
8;00001000000011000100111000010000001011;0.299003;3478;01011100000101010000010000000000001011;0;0;0.124207;2
9;00001000000001000100111000110000001011;0.31826;3702;00010000100101010000010000110000000111;0;0;0.147237;2
10;00001000000101010000111000010100001001;0.299433;3483;00010100010100000000001000110000001111;0;0;0.12025;2
11;00001000000101010000111000010100001001;0.299433;3483;00011000000101110000010000110000000110;0;0;0.125595;1
12;00001000000011000000111000010010100011;0.28946;3367;00001100101101100000000000110000001001;0;0;0.131774;3
13;00001000000011000000111000010010101010;0.301496;3507;00001000000111001010000000100000001111;0;0;0.11828;1
14;00001000000011100000111000010000001011;0.301066;3502;00001100101101010000001000000000001110;0;0;0.154673;3
15;00001100101001100000111000010000000010;0.291008;3385;00011100001101100000000000100000101001;0;0;0.167593;2
16;01001100101000100000111000010000000010;0.296424;3448;00011000000001000000111000010010110010;0;0;0.134265;3
17;00011100001001000000111000000000001101;0.328061;3816;00011000101100100000000000110000001101;0;0;0.14564;5
18;00001100001101100000000000110000001101;0.281121;3270;00011100000101010000011001100000000001;0;0;0.162537;6
19;00011100001001100000000000110000001110;0.284044;3304;00001000101101100000010000010000001011;0;0;0.151932;1
20;00001100100101000000000001110000001110;0.286451;3332;00011100001001000000001000110000001101;0;0;0.126073;1
21;00001100101100100000111000000000001001;0.324536;3775;00000100001001100010011000100000001101;0;0;0.16973;2
22;00011100001100100000111000000000001001;0.332101;3863;00010000101100100000010000110100000011;0;0;0.174044;5
23;00011100001000000000100001110000001101;0.278542;3240;00010000101100100010000000110000010011;0;0;0.155922;5
24;00011100001001010000000000110001001100;0.278886;3244;00001100101100100000000000110000001101;0;0;0.159729;5
25;00000100101101100000000000110000001101;0.279574;3252;00111100001001100000000000010000001101;0;0;0.161472;6
26;00001100001001100000000000111000001110;0.299003;3478;00011100001001100000000001010000001101;0;0;0.181719;4
27;00001100001001100000000000111001001100;0.297627;3462;00001110101001000000000000110000001101;0;0;0.175934;4
28;00001100001101010000000000110000001011;0.283786;3301;00011100100100000100000000110000001101;0;0;0.159005;4
29;00001100001101010000000000110000001011;0.283786;3301;00001100001100100000000000110000001111;0;0;0.18246;6
30;00001100001011100000000001110000000011;0.289116;3363;00101100001001110000000000110000000011;0;0;0.179534;13
31;00001100001100010000000001110000001011;0.295134;3433;00001100101100110000000000010000001101;0;0;0.17487;9
32;00001100001100010000000001110000001011;0.295134;3433;00001100101101100000000001110000001000;0;0;0.178404;13
33;00001100001100010000000001110000001011;0.295134;3433;00001100001001011000000000110000001101;0;0;0.170718;20
34;00000100001101010000100000110000001011;0.292039;3397;00001100001001110000000000110000001011;0;0;0.212189;22
35;00001100001100000000001001110000001011;0.291695;3393;00001100101001100000000000110000000111;0;0;0.209939;28
36;00001100001100000000001001110000001011;0.291695;3393;00001100001100100000010000110000001101;0;0;0.228266;40
37;00001100001101010000000000110000001110;0.28456;3310;00001101001101010000000000110000000101;0;0;0.247191;58
38;00001100001101000000000000110000011101;0.289804;3371;00000110001101010000000000110000001011;0;0;0.257082;68
39;00001100001101000000000000110000011101;0.289804;3371;00001000001101100000010000110000001011;0;0;0.262465;76
40;00001100001101000000000000110000011101;0.289804;3371;00001100001101000000010000110000001011;0;0;0.274882;90
41;00001100001101000000000000110000011101;0.289804;3371;00001100001101000001001000010000001011;0;0;0.272005;89
42;00001100001101000000000000110000011101;0.289804;3371;00001100001101000000000000110010001011;0;0;0.274874;90
43;00001100001101000000000000110000011101;0.289804;3371;00001100001101010000000000100000011101;0;0;0.266669;87
44;00001100001101000000000001110000001011;0.300636;3497;00101100001001000000000000110000001111;0;0;0.24409;76
45;00001100001101000000000001110000001011;0.300636;3497;00001001001101010000000000110000001011;0;0;0.269569;79
46;00001100001101010000000000110000011100;0.289288;3365;00001100001101010000000000010000101110;0;0;0.243204;74
47;00001100001101010000000000110000011100;0.289288;3365;00001100001101110000000000110000001100;0;0;0.272538;87
48;00001100001101100000000000110000001110;0.287741;3347;00000100001101011000000000110000001110;0;0;0.264165;86
49;00001100001101100000000000110000001110;0.287741;3347;00000101001101010000000000110000001110;0;0;0.281109;89
50;00001000001101010000000001110000001110;0.292211;3399;00101100001101010000000000110000001010;0;0;0.252594;78
=============================================
geração;melhor;fitness;cobertura;pior;fitness;cobertura;média;ind_repetidos
0;10000000000001000010111111001010000000;0.250516;2914;00100000001000000000011110011100100001;0.0318088;370;0.142452;1
1;00001000000100011001100011100001000010;0.245186;2852;00011000001000100101110010010000001000;0;0;0.0858244;2
2;00011000000000011011101100001000000010;0.267366;3110;00010010001000101100010100000000010101;0;0;0.085815;1
3;00000001010001110001111010000001000000;0.259887;3023;00001100001001010000010000110000001101;0;0;0.0959474;1
4;00000100101100010000110000100000001101;0.25129;2923;00011000011001100000010000110000001100;0;0;0.107061;1
5;00101100100000000000111001100000000011;0.295994;3443;00011000011000000000100000110010100101;0;0;0.104097;1
6;00001000001001000010111001100000000011;0.340612;3962;10000100000011110000000000110001001001;0;0;0.11655;2
7;00001000001001000010111001100000000011;0.340612;3962;00001001100101000001000000111000010010;0;0;0.103944;2
8;00001000000101000001111001100000010100;0.324278;3772;00010100100001000000001001110000001011;0;0;0.116348;1
9;00001100101000010000111000100000000011;0.309663;3602;00010100001000111000010000010000001101;0;0;0.121094;5
10;00001000001101010000111000100000000011;0.335024;3897;00011000001001110000000010110000000101;0;0;0.0862328;1
11;00001000001101010000111000000000010101;0.3076;3578;00000100100001110000001001100000000111;0;0;0.121802;1
12;00001100100100100000111000000000001101;0.328404;3820;00001000100101100000111000000000001101;0;0;0.128644;1
13;00001000001101010000111000000000001011;0.339065;3944;00011000000000110001001001100000000111;0;0;0.13359;2
14;00001100100100100000111000000000001101;0.328404;3820;00011100001001100000001000110000000011;0;0;0.139648;4
15;00001100100100100000111000000000001101;0.328404;3820;10001100001101110000010000000000001010;0;0;0.136961;2
16;00001100011000100000111000000000001101;0.326857;3802;00001100100101100000010010100000000101;0;0;0.163977;6
17;00001100100100100000111000000000001011;0.325825;3790;00001000100001001000010011110000000110;0;0;0.160393;4
18;00011100100100100000111000000000001001;0.323332;3761;10001100101100100000010000010000100001;0;0;0.182202;3
19;00001100100100100000111000000000000111;0.314993;3664;00001100000000110000011000010000001111;0;0;0.173882;7
20;00001100100100100000111000000000000111;0.314993;3664;00001000101101100000000000111000001100;0;0;0.142988;3
21;00001000000101010000111000110000001001;0.323762;3766;00011000101001100000000000111000001100;0;0;0.145727;3
22;00011100000001100000111000000000001101;0.331757;3859;00001000100100100000011000011010001001;0;0;0.185575;5
23;00011100000001110000111000000000001100;0.316798;3685;00011000000101110000000000110000001110;0;0;0.14811;3
24;00011100000001100000111000000000001101;0.331757;3859;00001100100001010000001000110000000111;0;0;0.157434;3
25;00011100000001100000111000000000001101;0.331757;3859;00001000101001010001011000110000000100;0;0;0.150929;2
26;00000100101101100000000000110000001110;0.283614;3299;00001100101101010000001000100000001001;0;0;0.171896;4
27;00000100101101100000000000110000001110;0.283614;3299;00011000101001100000000000110000000111;0;0;0.182158;1
28;00001100101101000000000000110000001110;0.280089;3258;00000100101101110000000000010000101001;0;0;0.200648;1
29;00001100111000110000000000110000000011;0.290492;3379;00011000100100110000000000110000001101;0;0;0.139269;5
30;00001100001101100000000000110000001110;0.287741;3347;00000100101001100000010000111000000011;0;0;0.188113;3
31;00001000101101010001011000000000000011;0.298487;3472;00001100001100110000000000010010001101;0;0;0.19497;3
32;00001100001101100000100000110000000011;0.283958;3303;00001100101101000000000001100000001110;0;0;0.196143;5
33;00000100001101100000000000110000001111;0.282754;3289;00011100001101100000000000110000000011;0;0;0.197388;10
34;00000100001101110000000000110000001101;0.281723;3277;00001100101101100000010000010000000011;0;0;0.191277;5
35;00011100001001100000000000110000001110;0.284044;3304;00001010001100100000001000110000001110;0;0;0.214822;11
36;00000100001101110000000000110000001110;0.284732;3312;00001000100101010000000000110000001111;0;0;0.218523;16
37;00001100001101100000000000110001001100;0.287225;3341;00001100001100110000100000010000001101;0;0;0.19843;10
38;00000100001111010000000000110000001011;0.281981;3280;00011100000011110000000000010000001011;0;0;0.22042;18
39;00001100001101100000000000110000001110;0.287741;3347;00001100001001110000000000110100001100;0;0;0.233979;22
40;00001000001101010001000000110000001110;0.287053;3339;00001000011101100000000000110000001101;0;0;0.237793;30
41;00001100001101100000000000110000011100;0.288944;3361;00000100001101110000001000110000000011;0;0;0.197806;24
42;00001100001101100000000000110000011100;0.288944;3361;00011000001101100000000000110000001011;0;0;0.2234;27
43;00000100001101100000000000110000011101;0.289202;3364;00001100000100110000000000110000001111;0;0;0.229445;23
44;00001100001101000000000000110000011101;0.289804;3371;00010100001101100000000000110000001101;0;0;0.218985;26
45;00001000001101100000000000111000011100;0.293071;3409;00001100001101000000000000110000001111;0;0;0.217251;25
46;00001000001101100000000000111000011100;0.293071;3409;00001000101101110000000000110000000011;0;0;0.217418;28
47;00001000001101100000000000111000011010;0.291695;3393;00001100000100110000000000110100001110;0;0;0.214975;27
48;00000100001101100000000000111000011010;0.296939;3454;00010100001101010000001000110000001100;0;0;0.223367;37
49;00001100001101100000000000110000001110;0.287741;3347;00000100001101100000001000110000001110;0;0;0.220067;37
50;00001100000101100000000001110000001110;0.293501;3414;00000100001101100000001000110000001101;0;0;0.217147;38
=============================================
geração;melhor;fitness;cobertura;pior;fitness;cobertura;média;ind_repetidos
0;01001100000000000001100011000110000101;0.275189;3201;01100010010010000011001010100000100000;0.0177957;207;0.140744;1
1;00101100000000000001100011000110000101;0.276393;3215;00001000000100110001000000011001001101;0;0;0.0849613;3
2;00000000010001101001111000000000101001;0.285849;3325;00001000100001110000101000100001010001;0;0;0.098125;2
3;00111100000000100011100010100100000000;0.28413;3305;00111000000101000000010000001000010111;0;0;0.0964606;1
4;00101110000000010000111000100000001001;0.289632;3369;00011100001000110000101000010000010001;0;0;0.116764;1
5;00110000000001000001111000110001000010;0.309577;3601;01010100000001000000011010101000000011;0;0;0.0980726;1
6;00001000100001000001111000110001000010;0.307772;3580;00010000100100110000010000101010000101;0;0;0.101755;3
7;00001000100001000001111000110001000010;0.307772;3580;00001000110101010000001000100000001011;0;0;0.130233;2
8;00001000110001000011110000000000001101;0.333133;3875;00011000001001010000011000100000001110;0;0;0.127422;4
9;00001100000001010010111000100000001001;0.322644;3753;00011000001101000000101001100000101000;0;0;0.14148;3
10;00001100101001100000000000110000001110;0.277854;3232;00011000001000010000101001010000001101;0;0;0.128149;4
11;00011000100001000010111000000000001101;0.293415;3413;00011000100101110000101000000000000110;0;0;0.139595;1
12;00001000010001010011011000100001001000;0.285506;3321;00001000100001100000110000110000001110;0;0;0.155705;3
13;00011100100001010000111000000000001100;0.302613;3520;00011000001101100000000001110000001010;0;0;0.172568;4
14;00001000010001010011011000100000001001;0.298659;3474;00000100101101100000100000100000001101;0;0;0.170581;3
15;00011000010001010011011000100001000000;0.289374;3366;00000100101100100000011000010100001001;0;0;0.162953;5
16;00011000010000010011011000100000001001;0.294274;3423;00011100000001100100010000110000001001;0;0;0.153935;3
17;00011000010000010011011000100000001001;0.294274;3423;00000100101101000000000000110000011011;0;0;0.159174;1
18;00011100010000010011011000100000001000;0.310867;3616;00011000100001110000000000110000001110;0;0;0.150928;2
19;00011100010000010011011000100000001000;0.310867;3616;00010000001101110000010000100000010110;0;0;0.158412;2
20;00000100001101000000001001110000001101;0.286967;3338;00011100000101000000011000000010001110;0;0;0.146094;5
21;00000100011101100000000000110000001110;0.288085;3351;10001000110001000010000000110000001101;0;0;0.16428;2
22;00001100101001000000000000111000001110;0.28989;3372;00001000001001010000010000110001001011;0;0;0.17555;5
23;00000100000001010010110000110000001110;0.2886;3357;00000100001011010000010000111000001010;0;0;0.175383;5
24;00000100000001010010110000110000001110;0.2886;3357;00111000101101100000001000000000001001;0;0;0.18091;4
25;00001100001101100000000000110000001110;0.287741;3347;00001100001101100000000000010000001111;0;0;0.190475;10
26;00000100000001010010111011010000000010;0.306224;3562;00010100101001100010000000110000000011;0;0;0.200292;13
27;00000100000001010010111011010000000010;0.306224;3562;00001100101101100000000000110000001100;0;0;0.206903;20
28;00001100001101100000000001110000000011;0.291695;3393;00000100001101100000000100110000001110;0;0;0.222928;29
29;00001100001101100000000000110000001110;0.287741;3347;00001000101101000000001000110000000111;0;0;0.234011;37
30;00001100001101100000000000110000001110;0.287741;3347;00000000101101000000000000111000001111;0;0;0.221771;32
31;00001100001101100000000000110000001110;0.287741;3347;00011100001100100000000000110000001110;0;0;0.236905;39
32;00001100001101100000000000110000001110;0.287741;3347;01001000001101100000000000110000001110;0;0;0.231416;51
33;00001100001101000000000000110010001110;0.28903;3362;00001101001001000000000000110000001111;0;0;0.252208;55
34;00001000001101000000000001110000001111;0.295908;3442;00001100001101000010000000110000001110;0;0;0.250909;60
35;00001000001101000000000001110000001111;0.295908;3442;00011100001101000000000000110000001011;0;0;0.241272;58
36;00001100001101000000000001110000001011;0.300636;3497;00011100001101000000000000110000001101;0;0;0.242494;65
37;00000100001101000000000001110000001111;0.300378;3494;00001100001101000000000001110000001011;0;0;0.256867;67
38;00001100001101000000000001110000001110;0.30141;3506;00001100001101000100000000110000001101;0;0;0.248585;74
39;00000100001101000000000001110000001111;0.300378;3494;00001100001110000000000000110000001111;0;0;0.26343;81
40;00000100001101000000000001110000001111;0.300378;3494;00001000001101000000000000111000001111;0;0;0.252519;78
41;00001000001101000000000000111000001111;0.293673;3416;00001100101101000000000000110000000111;0;0;0.243675;77
42;00001000001101000000000000111000001111;0.293673;3416;00001100001001000000000000111000001111;0;0;0.257795;81
43;00000100001101000000000001110000001111;0.300378;3494;00000100001101000000000001110000001111;0;0;0.237192;71
44;00001100001001000000000001110000001111;0.292985;3408;00011100001101000000000000110000000111;0;0;0.234603;72
45;00001100001101000000000000111000001101;0.293501;3414;00001100001101000000000001100000001111;0;0;0.254052;77
46;00001100001101000000000000111000001101;0.293501;3414;00001100001001010000000000110000001111;0;0;0.277139;87
47;00001100000101000000000001110000001111;0.293071;3409;00001100101001000000000000110000001111;0;0;0.269063;88
48;00001100001001000000000001110000001111;0.292985;3408;00001100101001000000000000110000001111;0;0;0.263525;89
49;00000100001101000000000000111000001111;0.298057;3467;00001100001101010000000000100000001111;0;0;0.274754;93
50;00001100001101000000000000110000001111;0.283356;3296;00101100001101000000000000110000001110;0;0;0.271742;93
=============================================
geração;melhor;fitness;cobertura;pior;fitness;cobertura;média;ind_repetidos
0;10000000000100011011111000000100001000;0.272266;3167;00100001100000000001001111000100110000;0.0143569;167;0.134398;1
1;00000000000100100110111000000100010011;0.26728;3109;01010000001100000000110010100100110000;0;0;0.0909801;1
2;00000110000101000000111001010000100010;0.247421;2878;00000100101001100000000101001000100110;0;0;0.0751264;1
3;00011100100000000010110000111000010000;0.251805;2929;00010000101000101000001010000100000111;0;0;0.0953447;1
4;00001000100101010010000000110000000111;0.262724;3056;01011000000001110000011001001000000001;0;0;0.109599;1
5;00001000110101110000000000010000000111;0.266076;3095;01000000101000101001001001001000001001;0;0;0.0975017;1
6;00001100101001100000111000100001000000;0.284044;3304;00010000110100110000000000110000000111;0;0;0.093413;2
7;00001000101101100000111000100001000000;0.281551;3275;00011000000101100000010000000011001011;0;0;0.10242;1
8;00001000000010110000111000000001011100;0.28903;3362;00011100100001100000010000100000000111;0;0;0.115011;1
9;00001000000010100000111000000001011011;0.286881;3337;00000000101100110000000000010001001111;0;0;0.106235;4
10;00010100100001000000111000000001011100;0.281637;3276;10000100101001110000001000010000010001;0;0;0.122065;2
11;00001100001100100000010000110000001110;0.26728;3109;00010110110001000000011000000000001101;0;0;0.134365;3
12;00001100101001010000000000110000001110;0.27175;3161;00000100001001010000010000110010000111;0;0;0.113012;3
13;00001100101100000000111000010000000110;0.305536;3554;00010100000001010000001000110000101110;0;0;0.147339;5
14;00001100101100000000111000010000000110;0.305536;3554;00010100001001100000001000010000001111;0;0;0.147479;3
15;00001000100101000000111000010000001110;0.29522;3434;00010100101100000000001011010000000101;0;0;0.17372;3
16;00011000111001010000000000110000000011;0.294274;3423;00011100001001100000010000010000000111;0;0;0.144192;3
17;00011000111001010000000000110000000110;0.285248;3318;00011000101001000000001000010000011110;0;0;0.16238;6
18;00011000111001010000000000110000000101;0.288772;3359;00010100001111000000000000010000001111;0;0;0.172224;2
19;00011100001101000000000000110000100110;0.273212;3178;00001000001101110000001000110000000011;0;0;0.193452;8
20;00001100101101100000000000010000001110;0.273384;3180;00000100101001110000010000110001000001;0;0;0.197714;11
21;00001100101101000000000000110000001011;0.279316;3249;00000100100101100000010000010000001111;0;0;0.191526;11
22;00000100101101100000000000110000001101;0.279574;3252;00011100000000110000000000011010000111;0;0;0.188667;5
23;00000100101101100000000000110000001110;0.283614;3299;00001100001101100000000000010000001111;0;0;0.187576;9
24;00000100001101100000000000110000001111;0.282754;3289;00000100101101100000000000110000001110;0;0;0.195882;7
25;00000100101101100000000000110000001101;0.279574;3252;00010000101000110000010000110000000111;0;0;0.189726;12
26;00000100101101100000000000110000001110;0.283614;3299;00000100101101100000000000010000011110;0;0;0.18421;11
27;00000100101101100000000000110000001110;0.283614;3299;01001100001101100000000000010000001011;0;0;0.193623;16
28;00010100001101000000000001110000001101;0.287913;3349;01010100000001110000000000110000000111;0;0;0.222407;23
29;00010100001101000000000001110000001110;0.291867;3395;00000100101111010000000000010000001110;0;0;0.217485;19
30;00000100001101100000000001110000001011;0.29608;3444;00000100101101101000000000110000001001;0;0;0.228148;26
31;00000100001101100000100000110000001011;0.288343;3354;01000100101101100000000000110000001010;0;0;0.230569;37
32;00001100001101100000000000110000001110;0.287741;3347;00000100101101100000000000110000001011;0;0;0.239489;49
33;00001100001101100000000000110000001110;0.287741;3347;00000100100101100000000000110000101110;0;0;0.24955;60
34;00000100101101000000000000111000001110;0.296166;3445;00000100001101100000000000110000101110;0;0;0.253277;60
35;00000100101101000000000000111000001110;0.296166;3445;00011100001101100000000000010000001110;0;0;0.270959;76
36;00001100001101000000000000111000001110;0.301496;3507;00001100001100100000000000111000001110;0;0;0.260695;70
37;00001100001101100000000000110000011010;0.290492;3379;00001100101101000000000000011000001110;0;0;0.2519;71
38;00001100001101100000000000110000011010;0.290492;3379;00001100001101100000000000110000001011;0;0;0.255929;70
39;00001100001101100000000000110000011010;0.290492;3379;00000100001101100000000000110100001110;0;0;0.278458;83
40;00001100001101100000000000110000011010;0.290492;3379;00001100001101100000000000110000011010;0;0;0.269245;85
41;00001100001101100000000000110000011010;0.290492;3379;00001100001101100000000000110000011010;0;0;0.267036;85
42;00001100001101100000000000110000011010;0.290492;3379;00000100101101100000010000100000001110;0;0;0.273324;91
43;00001100001101100000000000110000011010;0.290492;3379;00000100001101110000000000110000001110;0;0;0.272666;89
44;00001100001101100000000000110000011010;0.290492;3379;00011100001101100000000000110000001010;0;0;0.281772;95
45;00001100001101100000000000110000011010;0.290492;3379;00001100001101100000000000110000011010;0;0;0.276014;93
46;00001100001101100000000000110000001110;0.287741;3347;00001100001100101000000000110000001110;0;0;0.275583;92
47;00001100001101100000000000110000001110;0.287741;3347;00001100001100100000000000110000011110;0;0;0.275715;92
48;00001100001101100000000000110000001110;0.287741;3347;00001100001101000001000000110000001110;0;0;0.275585;92
49;00001100001101100000000000110000001110;0.287741;3347;00001101001101000000000000110000001110;0;0;0.280983;90
50;00001100001101100000000000110000001110;0.287741;3347;00001101001101100000000000010000001110;0.272954;3175;0.28745;98
=============================================
geração;melhor;fitness;cobertura;pior;fitness;cobertura;média;ind_repetidos
0;00000000110000000011111000000011001010;0.322043;3746;10010001010010000110010110000000100000;0.0200309;233;0.147154;1
1;00001100001000001010010000110010000011;0.230915;2686;01001010010000000000011000000100001111;0;0;0.092512;2
2;00001100001000001010111001100100000000;0.308116;3584;00001000001101011001001100110000000000;0;0;0.0950989;1
3;11001000000101000010111100000000000010;0.272008;3164;00010000101000010000001100010010001011;0;0;0.0903809;1
4;11001000000101000010111100000000000010;0.272008;3164;00011100100100010000011000110000001000;0;0;0.104063;1
5;00000000011101100010111100000000000010;0.267108;3107;00000001100101110000001001010000001010;0;0;0.107528;3
6;00001100000101000010111100100000000010;0.285935;3326;00001100011101100000000000110000000110;0;0;0.105197;2
7;00001100001100100000111000000000001011;0.334852;3895;00001001110000110000000010000000001111;0;0;0.111359;1
8;00011000000101000010111100100000000010;0.298573;3473;00001000110000110000000010100000001111;0;0;0.109735;1
9;00001000000101000000111100110000001100;0.303989;3536;00011000000101100000011000110000000011;0;0;0.113143;1
10;00001000000101000010111000100000001110;0.314821;3662;01011001001100000100000000110000001100;0;0;0.110775;2
11;00001000100001110000111000010000000011;0.295994;3443;00011000101101110000000000110000000010;0;0;0.114946;1
12;00011000000001110000111000010000000011;0.29032;3377;00001100101101000000011000000100000101;0;0;0.125694;1
13;00011100001101100000000000110000000011;0.273814;3185;00011000000101100000011000110000000011;0;0;0.12795;2
14;00011100001101100000000000110000000011;0.273814;3185;00001100101101000000010000000000001111;0;0;0.126645;1
15;00001100001101100000000000110000001101;0.281121;3270;00111100101000010000001000010000001010;0;0;0.138667;5
16;00001100001101100000000000110000001101;0.281121;3270;00010100100101000000001000110001001100;0;0;0.157704;4
17;00000100101100010001000000110000001101;0.283098;3293;00001100001100110000001000110000001100;0;0;0.181573;6
18;00011100001101000000000000110000001011;0.282754;3289;00001100000101010000000010110000001101;0;0;0.171694;6
19;00010100001101000000000000110000001111;0.278112;3235;00001100100101000000011000110000001100;0;0;0.182639;6
20;00001100101101000000000000110000001011;0.279316;3249;00011000001000100000000001110101001001;0;0;0.177986;2
21;00001100101101000000000000110000001110;0.280089;3258;00011100001101110000000000100000010010;0;0;0.157837;4
22;00001100101101000000000000110000001110;0.280089;3258;01011100000101000000000000110100001001;0;0;0.18492;6
23;00001100101101000000000000110000001110;0.280089;3258;00100100101101100000000000010000000111;0;0;0.186737;10
24;00011000001101000000000000110001001101;0.279831;3255;00011100101001000000011000000000001110;0;0;0.187178;5
25;00000100001101100000000000111000000111;0.293071;3409;00011000000101000000000000111000001111;0;0;0.204415;12
26;00010100001101000000000001110000001110;0.291867;3395;00000100101100000010001000110000001110;0;0;0.21297;9
27;00000100001101000000000001110000001111;0.300378;3494;00011100000101010000000000110000001011;0;0;0.218429;15
28;00001000001111010000000000111000000011;0.285162;3317;00000100101111000000000000110000000111;0;0;0.213255;17
29;00001100001101010000000000110000001011;0.283786;3301;00011100101001010000000000110000000110;0;0;0.231798;19
30;00011100001101000000000000110000001110;0.284904;3314;00001100001001000100000000110000001111;0;0;0.215553;14
31;00000100001101110000000000110000001110;0.284732;3312;00010100001100100000000000110100001110;0;0;0.2039;24
32;00000100001101010000000000111000001110;0.294618;3427;00001100001110010000000000110000001101;0;0;0.219351;27
33;00000100001101010000000001110000001011;0.298143;3468;00010100001111010000000000110000001001;0;0;0.225517;32
34;00000100101101000000000001110000001011;0.298315;3470;00000100101100010000011000010000000111;0;0;0.228553;28
35;00001100001101100000000000110000001110;0.287741;3347;00010100001101010000100000110000001001;0;0;0.229273;29
36;00000100001101010000000000110001001110;0.286021;3327;00010100001101000000000000110000101011;0;0;0.22585;31
37;00001100001101100000000000110000001110;0.287741;3347;00001100001100010000001000110000001110;0;0;0.239558;46
38;00001100001101100000000000110000001110;0.287741;3347;00011000001101000001000000110000001110;0;0;0.245457;50
39;00001100001101000000000000110010001110;0.28903;3362;00000100001101000000010000110000001111;0;0;0.243633;54
40;00001100001101000000000000110010001110;0.28903;3362;00001100001101110000000000110000001100;0;0;0.261769;66
41;00001100001101000000000000110010001110;0.28903;3362;00001100001101001000000000110000001110;0;0;0.25774;69
42;00001100001101100000000000110000001110;0.287741;3347;00000100001101010100000000110000001110;0;0;0.258376;80
43;00001100001101100000000000110000001110;0.287741;3347;00001100001101100000000000110000001110;0;0;0.276286;86
44;00001100001101100000000000110000001110;0.287741;3347;00001100011001010000000000110000001110;0;0;0.268091;81
45;00001100001101100000000000110000001110;0.287741;3347;00001100001001010001000000110000011100;0;0;0.274034;84
46;00001100001101000000100000110000001110;0.293673;3416;00001101001001100000000000110000001110;0;0;0.272879;90
47;00001100001101000000100000110000001110;0.293673;3416;00001100001101110000000000010000001110;0;0;0.275838;91
48;00001100001101100000000000110000001110;0.287741;3347;00001100011101100000000000010000001110;0;0;0.273056;91
49;00001100001101100000000000110000001110;0.287741;3347;00101100001101100000000000010000001110;0.272524;3170;0.287257;94
50;00000100001101100000100000110000001110;0.294102;3421;00001010001101100000000000110000001110;0;0;0.281952;95
=============================================
geração;melhor;fitness;cobertura;pior;fitness;cobertura;média;ind_repetidos
0;00010000010000010011100011000001000011;0.395031;4595;00000110100000001101010100001000010001;0.00498624;58;0.136021;1
1;00010000010000010011100011010000101000;0.411107;4782;10001000100100110001011000010000000001;0;0;0.102765;1
2;00010000010000010111100011000100000010;0.529144;6155;10011010100000100100001000100000000110;0;0;0.103201;1
3;00001000100000010001011000110000001011;0.271406;3157;00001100001000001000001010110001000011;0;0;0.0905622;1
4;00001000101000010001111000000000000111;0.32978;3836;00001100100100010010011000100000000101;0;0;0.0885772;4
5;00001000101000010001110000110000001001;0.309491;3600;00010000000101110000001000110001001010;0;0;0.105015;1
6;00001000011101000000001000110000001011;0.270203;3143;00001100001101000000001000110001000101;0;0;0.119462;2
7;00000000101100010001010000110000001101;0.265303;3086;00011000000100110000010000010000001111;0;0;0.11743;2
8;00011000001001110000000000110000001101;0.262809;3057;00001100101100010000010000100000001101;0;0;0.150521;3
9;00000100101101000000001000110000001011;0.274759;3196;00011000001101000010001000010000001101;0;0;0.153159;6
10;00000100001101100000010000110000001101;0.274931;3198;00000100100101100000001000110000001101;0;0;0.155887;8
11;00001100001001110000000000110000001101;0.275791;3208;00011000101101000000011000100000000110;0;0;0.180378;7
12;00001000000101010000111000110000000101;0.316369;3680;00010100101100110000000000010000001101;0;0;0.179453;10
13;00001000101001000000111000110000000110;0.30141;3506;00011000001001100000001000110000001011;0;0;0.210988;10
14;00001100001001100000000000111000001110;0.299003;3478;00001100001101110000000000010000001011;0;0;0.191151;11
15;00001100001001100000000000111000001110;0.299003;3478;00001000101001110000001000110000001010;0;0;0.217809;14
16;00001100001001100000000000111001001100;0.297627;3462;00001100001001010010001000110000000110;0;0;0.20543;7
17;00001100001001110000000000110000001110;0.282411;3285;00001000001101010000001000110000000111;0;0;0.220891;15
18;00001100001001100000000001110000001101;0.293931;3419;00011100001001010100000000110000000011;0;0;0.228352;20
19;00001100001001100000000001110000001101;0.293931;3419;10001100001001100000000000110000001101;0;0;0.207566;21
20;00001100110101010000000000010000010011;0.284732;3312;00001100001001110000010000110000001010;0;0;0.204274;27
21;00001100001101010000000000110000011010;0.285849;3325;00000100001101101000000000110000011010;0;0;0.235298;36
22;00001100110101010000000000110000001100;0.299605;3485;00011100001001100000001000110000001010;0;0;0.236924;39
23;00001000001101000000100000111000001110;0.287827;3348;00001100101001100000000000110000001101;0;0;0.226674;49
24;00001100001001110000000000110000011010;0.28413;3305;00011100101001100000000000110000001100;0;0;0.203076;47
25;00001100001001110000000000110000011010;0.28413;3305;00001100001001100000010000110000001101;0;0;0.250998;50
26;00001100001101010000000000110000011100;0.289288;3365;00001100000101011000000000110000001011;0;0;0.248617;66
27;00001100001101100000000000110000011010;0.290492;3379;00001100001001100000001000110000001101;0;0;0.270663;83
28;00001100001101100000000000110000011010;0.290492;3379;00001100001101100000000000110000001011;0;0;0.273892;83
29;00001100001101100000000000110000011010;0.290492;3379;00001100001101100000000000110000011010;0;0;0.269408;86
30;00001100001101100000000000110000011010;0.290492;3379;00000100000101100000010000110000101101;0;0;0.261218;84
31;00001100001101100000000000110000011010;0.290492;3379;00001100001101100000000000010000101101;0;0;0.247513;82
32;00001100001101100000000000110000011010;0.290492;3379;00001100001101000000000100110000001101;0;0;0.258464;83
33;00001100001101100000000000110000011010;0.290492;3379;00001100000101100000010000110000001101;0;0;0.246495;79
34;00001100001101100000000000110000001110;0.287741;3347;00001100101101100000000000110000001001;0;0;0.266289;87
35;00001100001101100000000000110000001110;0.287741;3347;00001100001101100000000000110000011001;0;0;0.269751;91
36;00001100001101100000000000110000001110;0.287741;3347;00001100001101000000000000110000011101;0;0;0.278185;93
37;00001100001101100000000000110000001110;0.287741;3347;00001100001101100000000000110000001110;0;0;0.275732;90
38;00001100001101000000000000110000011110;0.29075;3382;00001100001101100000000000110000001110;0;0;0.279438;90
39;00001100001101000000000000110000011110;0.29075;3382;00001100001101100000000000110000001110;0;0;0.266854;85
40;00001100001101100000000000110000001110;0.287741;3347;00101100000101100000000000110000001101;0;0;0.276292;86
41;00001100001101100000000000110000001110;0.287741;3347;00001100000101110000000000110000001110;0;0;0.269034;87
42;00001100001101100000000001110000001010;0.288514;3356;00001100001101100001000000100000001110;0;0;0.283765;89
43;00001100001101100000000001110000001010;0.288514;3356;00001000001101100000000001110000001110;0;0;0.277981;86
44;00000100001101100000000001110000001110;0.30184;3511;00001100001101100000000001110000001010;0;0;0.279058;92
45;00000100001101100000000001110000001110;0.30184;3511;00000100001101100000000001110000001110;0;0;0.272528;86
46;00000100001101100000000001110000001110;0.30184;3511;00000100001101100010000000110000001110;0;0;0.273485;90
47;00000100001101100000000001110000001110;0.30184;3511;00000100001101100000010000110000001110;0;0;0.27549;87
48;00001100001001100000000001110000001110;0.30055;3496;00001100001100100010000000110000001110;0;0;0.255268;78
49;00000100001101100000000001110000001110;0.30184;3511;00011100001101100000000000100000001110;0;0;0.270011;85
50;00001100001001100000000001110000001110;0.30055;3496;00011100001101000000000000110000001110;0;0;0.270239;90
=============================================
geração;melhor;fitness;cobertura;pior;fitness;cobertura;média;ind_repetidos
0;00101100000100100010110000100000000011;0.255072;2967;00100010010100001000011010100010000010;0.0174519;203;0.141822;1
1;00101100000100100010110000100000000011;0.255072;2967;01010000000101001000011000110000001010;0;0;0.0729247;1
2;10001100000101100000110000100000001001;0.234697;2730;00011000100001100000011000100000101010;0;0;0.0824132;1
3;00001100101001100000010000110000001001;0.253783;2952;00010101101000010110000100000010001000;0;0;0.0952596;2
4;00001000101001110010011000000000000011;0.26728;3109;00001100101101000000001000110000001100;0;0;0.0913213;1
5;00011100001001100001000010000000001101;0.254041;2955;10010000001101010000111000100000000001;0;0;0.10226;1
6;00011100001001100001000000110000001100;0.268655;3125;00001100101000100000000000110000100111;0;0;0.113803;4
7;00010101100001100000111000000000001100;0.270031;3141;00011000100001110000001000100000001110;0;0;0.0853404;1
8;00001100001100000000111000000100000111;0.308631;3590;00010100001001100000001000110000001101;0;0;0.103563;2
9;00011100001001100000111000000000000011;0.327115;3805;00011000100101100001001000000010001010;0;0;0.106234;1
10;00001100001001100000111000000000100011;0.32849;3821;00001100100000010010011000010000011001;0;0;0.129112;2
11;00010100001001100000111000000000100011;0.308803;3592;00000000101101100000011000001000001011;0;0;0.119082;2
12;00010100001001100000111000000000100011;0.308803;3592;00011000001101110000010000000000000111;0;0;0.135812;4
13;00001000101101000000111000000000100011;0.312414;3634;00010000100101110000001000011000001010;0;0;0.13506;1
14;00001100101001000000111000000000100011;0.314735;3661;10001100101000010000000000100000001111;0;0;0.157793;5
15;00001100011001100000111000000000001100;0.325138;3782;00001100101000000000011000010010001011;0;0;0.138134;2
16;00001100000100100010111000000000001110;0.338979;3943;10010100000001110000011000000000100011;0;0;0.179036;6
17;00000100001100110000111000000000001110;0.34663;4032;00010100000001110000011000100000100011;0;0;0.153984;2
18;00011100000000100010111000000000001110;0.335196;3899;00000100000100110000011000100000001111;0;0;0.194948;9
19;00001100001000100000111000110000000011;0.340784;3964;00010100000100110000011000010000001101;0;0;0.169956;6
20;00011100000000100010111000000000001101;0.336657;3916;00001100001100110000000000110000000111;0;0;0.157944;4
21;00011100000000100010111000000000001110;0.335196;3899;01001100000100110100000000010000001011;0;0;0.18163;5
22;00011100000000100010111000000000001101;0.336657;3916;00001100100111010000001000010000000011;0;0;0.176425;6
23;00011100010100100000111000000000001010;0.324106;3770;00011000001100010000011000100000001110;0;0;0.17129;6
24;00011100000000100000111000010000001011;0.318174;3701;00010100101000100000101001000000001110;0;0;0.160639;7
25;00011100000100100000111000010000001001;0.32316;3759;00001100001100110000001000110000001001;0;0;0.193294;8
26;00000100001101110000000000110000001011;0.278972;3245;00011000001100100000111000010000000011;0;0;0.195357;9
27;00001100001101010000000000110000001011;0.283786;3301;00000100001101010000100000110000001011;0;0;0.198103;15
28;00001100000100110001101000000000001110;0.278284;3237;00001100100101110000000000010000000111;0;0;0.198103;19
29;00001100001101010000000000110000001110;0.28456;3310;00001100000100110000010000100000001111;0;0;0.191823;21
30;00001100000101010000000001110000001110;0.286193;3329;00001000001101110000000000010000001111;0;0;0.205245;30
31;00001100001101010000000001110000001010;0.286623;3334;00011100000001110000010000110000001100;0;0;0.240453;39
32;00001100001101010000000000110000001110;0.28456;3310;00001100001101110000000000110000001010;0;0;0.2524;54
33;00001100001001100000000000111000001110;0.299003;3478;00001100000101110001001000000000001110;0;0;0.248754;56
34;00001100001101010000000000110000001110;0.28456;3310;00001100001101000001001000010000001110;0;0;0.256709;63
35;00000100001101110000000000110000001110;0.284732;3312;00001100000101110000000100110000001100;0;0;0.254687;67
36;00000100001101110000000000110000001110;0.284732;3312;00011000001101010000000000110000001110;0;0;0.266615;76
37;00000100001101010000000001110000001110;0.294962;3431;00001010001101010000000000110000001110;0;0;0.276529;78
38;00000100001101010000000001110000001110;0.294962;3431;00001100001101100000000001110000001010;0;0;0.263043;79
39;00000100001101010000000001110000001110;0.294962;3431;00000100001101010000100000110000001110;0;0;0.272479;91
40;00000100001101010000000001110000001110;0.294962;3431;00001000001101010000001000110000001110;0;0;0.269845;85
41;00000100001101010000100000110000001110;0.288858;3360;00000100001101010000100000110000001110;0;0;0.266799;85
42;00000100001101010000100000110000001110;0.288858;3360;00001100001101010000001000110000000110;0;0;0.267253;91
43;00000100001101010000100000110000001110;0.288858;3360;00001000001101010000000000110100001110;0;0;0.269921;91
44;00000100001101010000100000110000001110;0.288858;3360;00001100001100010000000000110000001111;0;0;0.27322;95
45;00001100001100010000000001110000001110;0.291953;3396;00000100001101010000000000110000001111;0;0;0.278311;92
46;00001000001101010000000001110000001110;0.292211;3399;00001100001100010000000001110000001110;0;0;0.278946;95
47;00001000001101010000000001110000001110;0.292211;3399;00001100001101010001000000110000001100;0;0;0.281873;94
48;00001100001100010000000001110000001110;0.291953;3396;00001100001100010000010000110000001110;0;0;0.249694;80
49;00001100001101000000000001110000001110;0.30141;3506;00001100001111010000000000110000000110;0;0;0.266152;84
50;00001100001101010000000000111000001010;0.286193;3329;00001100000101010000000000110000101110;0;0;0.275232;90
=============================================
