geração;melhor;fitness;cobertura;pior;fitness;cobertura;média;ind_repetidos
0;00000000000000000000100001010100000000;0.561038;6526;00000001000000000000001000000100010000;0.000343879;4;0.0966876;2
1;00000000000000000000100001010100000000;0.561038;6526;00000010000000000001000100000000000100;0.000773728;9;0.123338;24
2;00000000000001000011000001000000000000;0.56869;6615;00000011000000001001000000000000000000;0.000687758;8;0.143714;29
3;00000000000000000011000001100000000000;0.57849;6729;00000010100000000000000001000000010000;0.00773728;90;0.177829;38
4;00000000000000000010100000010100000000;0.639443;7438;10000001000000000100000001000000000000;0.00343879;40;0.2115;48
5;00000000000100000001100001000000000000;0.68879;8012;00001000000000100100000000000100000000;0.0148728;173;0.228127;46
6;00000000000000000011100000100000000000;0.688704;8011;00000000010000000000010001000000100000;0.00799519;93;0.245455;54
7;00000000000000000011100000100000000000;0.688704;8011;00000001000000001010000010000000000000;0.000343879;4;0.271907;66
8;00000000000000000011100001000000000000;0.706843;8222;00010010000000001000100000000000000000;0.00765131;89;0.301066;76
9;00000000000000000011100001000000000000;0.706843;8222;00010000000000000100010001000000000000;0.0133253;155;0.346437;115
10;00000000000000000011100001000000000000;0.706843;8222;00000000000010000001000000000100100000;0.014099;164;0.401414;136
11;00000000000000000011100001000000000000;0.706843;8222;00000100000000000000100000000100100000;0.0143569;167;0.45926;151
12;00000000000000010001100001000000000000;0.716386;8333;00000000000000000110000010000000100000;0.00833906;97;0.506893;155
13;00000000000000010001100001000000000000;0.716386;8333;00000001000000000000010000010000010000;0.00670564;78;0.577466;205
14;00000000000000010001100001000000000000;0.716386;8333;00001000000000000000000011000000010000;0.0657668;765;0.611287;244
15;00000000000000010011100000000000000000;0.739598;8603;00010000000010000000000001000100000000;0.0348177;405;0.628128;267
16;00000000000000010011100000000000000000;0.739598;8603;00000000000000000011000100000000010000;0.070925;825;0.63893;269
17;00000000000000010011100000000000000000;0.739598;8603;01000000010000000011000000000000000000;0.0778026;905;0.671294;307
18;00000000000000010011100000000000000000;0.739598;8603;00000001000000000001000001000000100000;0.122765;1428;0.684108;332
19;00000000000000010011100000000000000000;0.739598;8603;00000000000100000001101000000000000000;0.191025;2222;0.69222;336
20;00000000000000010011100000000000000000;0.739598;8603;00000000000000010011000000100000000000;0.212517;2472;0.70344;359
21;00000000000000010011100000000000000000;0.739598;8603;00000000000000010011000000000001000000;0.0873453;1016;0.698919;367
22;00000000000000010011100000000000000000;0.739598;8603;00000000000000010001000001000000000001;0.203232;2364;0.699045;366
23;00000000000000010011100000000000000000;0.739598;8603;00000000000010010011000000000000000000;0.090784;1056;0.690129;364
24;00000000000000010011100000000000000000;0.739598;8603;10000000000000010011000000000000000000;0.0872593;1015;0.676818;351
25;00000000000000010011100000000000000000;0.739598;8603;00000000010000010000100000000010000000;0.115028;1338;0.683469;366
26;00000000000000010011100000000000000000;0.739598;8603;00000000000000010011000000000010000000;0.0942228;1096;0.684709;365
27;00000000000000010011100000000000000000;0.739598;8603;00000000000000010011000000000000010000;0.0870014;1012;0.682216;360
28;00000000000000010011100000000000000000;0.739598;8603;00000010000000010011000000000000000000;0.0837345;974;0.683097;356
29;00000000000000010011100000000000000000;0.739598;8603;00000010000000010011000000000000000000;0.0837345;974;0.709079;369
30;00000000000000010011100000000000000000;0.739598;8603;00000000000000010011000000001000000000;0.100757;1172;0.71586;375
31;00000000000000010011100000000000000000;0.739598;8603;00000100000000010011000000000000000000;0.0956843;1113;0.721383;376
32;00000000000000010011100000000000000000;0.739598;8603;00000000000000011011000000000000000000;0.109439;1273;0.720766;380
33;00000000000000010011100000000000000000;0.739598;8603;00000000000000010011000100000000000000;0.0902682;1050;0.722025;378
34;00000000000000010011100000000000000000;0.739598;8603;00000010000000010011000000000000000000;0.0837345;974;0.711552;377
35;00000000000000010011100000000000000000;0.739598;8603;00000010000000010011000000000000000000;0.0837345;974;0.715607;377
36;00000000000000010011100000000000000000;0.739598;8603;00000000000000010011000000000000010000;0.0870014;1012;0.720061;381
37;00000000000000010011100000000000000000;0.739598;8603;00000000000000110011000000000000000000;0.186726;2172;0.72466;386
38;00000000000000010011100000000000000000;0.739598;8603;00000001000000010011000000000000000000;0.0837345;974;0.724014;384
39;00000000000000010011100000000000000000;0.739598;8603;00000010000000010011000000000000000000;0.0837345;974;0.710991;373
40;00000000000000010011100000000000000000;0.739598;8603;00000001000000010011000000000000000000;0.0837345;974;0.714852;376
41;00000000000000010011100000000000000000;0.739598;8603;00000000000000010111000000000000000000;0.0957703;1114;0.720972;382
42;00000000000000010011100000000000000000;0.739598;8603;00000000000000010011000000000000010000;0.0870014;1012;0.719845;381
43;00000000000000010011100000000000000000;0.739598;8603;00000010000000010011000000000000000000;0.0837345;974;0.717818;380
44;00000000000000010011100000000000000000;0.739598;8603;00000001000000010011000000000000000000;0.0837345;974;0.715256;380
45;00000000000000010011100000000000000000;0.739598;8603;00000000000000010011000000000000000100;0.088033;1024;0.725153;383
46;00000000000000010011100000000000000000;0.739598;8603;00000000000000010011000000000000010000;0.0870014;1012;0.71009;375
47;00000000000000010011100000000000000000;0.739598;8603;00000000000000010011000000000000100000;0.0838205;975;0.715522;378
48;00000000000000010011100000000000000000;0.739598;8603;00010000000000010011000000000000000000;0.0870014;1012;0.706901;371
49;00000000000000010011100000000000000000;0.739598;8603;00000000000010010011000000000000000000;0.090784;1056;0.717181;380
50;00000000000000010011100000000000000000;0.739598;8603;00000000000000011011000000000000000000;0.109439;1273;0.718748;383
=============================================
geração;melhor;fitness;cobertura;pior;fitness;cobertura;média;ind_repetidos
0;00000000000000000001000001000100000100;0.496905;5780;00010011000000000000010000000000000000;0.00146149;17;0.0873347;2
1;00000000000000000001000001000100000100;0.496905;5780;10000001000000001000000001000000000000;0.00249312;29;0.114391;14
2;00000000000000000001000011000000000010;0.518484;6031;00000000100000000000000101000000100000;0.00292297;34;0.135125;31
3;00000000000000000001101001000000000000;0.656207;7633;00000010100000000000000101000000000000;0.00352476;41;0.153616;29
4;00000000000000000001101001000000000000;0.656207;7633;00000000000010000100010000000010000000;0.0103164;120;0.175715;37
5;00000000000000000011100000010000000000;0.6875;7997;00000000001000000000000101000000010000;0.0134972;157;0.192525;46
6;00000000000000000011100000010000000000;0.6875;7997;00000000000000001000001000000100001000;0.0240715;280;0.206887;51
7;00000000000000000011100000000000000010;0.6924;8054;00000000001001000000010000000100000000;0.031379;365;0.220293;50
8;00000000000100000011100000000000000000;0.693604;8068;01000001000000000000000001000100000000;0.0217503;253;0.235296;68
9;00000000000100000011100000000000000000;0.693604;8068;00000110000000110000000000000000000000;0.0338721;394;0.257923;79
10;00000000000000000011110000000000000000;0.701169;8156;00000100000001000000010000000001000000;0.0244154;284;0.283459;107
11;00000000000000000011100001000000000000;0.706843;8222;00100000000000000010000010000000100000;0.0202029;235;0.326219;115
12;00000000000000000011100001000000000000;0.706843;8222;00100000000100000000100000000100000000;0.0430708;501;0.387046;142
13;00000000000000010001100001000000000000;0.716386;8333;00000000000000001001000010000010000000;0.0073934;86;0.442842;161
14;00000000000000010011100000000000000000;0.739598;8603;01000000100000000000100010000000000000;0.0297455;346;0.489943;172
15;00000000000000010011100000000000000000;0.739598;8603;00000000001000000000010000000100000100;0.0130674;152;0.537678;197
16;00000000000000010011100000000000000000;0.739598;8603;00000010000000010101000000000000000000;0.062414;726;0.580087;222
17;00000000000000010011100000000000000000;0.739598;8603;00000000010000000011000000000001000000;0.0706671;822;0.599651;248
18;00000000000000010011100000000000000000;0.739598;8603;00000000000100000001000000000010100000;0.0553645;644;0.636122;281
19;00000000000000010011100000000000000000;0.739598;8603;00001000000000010011000000000000000000;0.093621;1089;0.654241;298
20;00000000000000010011100000000000000000;0.739598;8603;00000000000100000011000000000000100000;0.0764271;889;0.661695;311
21;00000000000000010011100000000000000000;0.739598;8603;00000001000000001011000000000000000000;0.062586;728;0.681827;331
22;00000000000000010011100000000000000000;0.739598;8603;10000000000000010011000000000000000000;0.0872593;1015;0.676151;335
23;00000000000000010011100000000000000000;0.739598;8603;00000000000000010011000000000000010000;0.0870014;1012;0.687322;340
24;00000000000000010011100000000000000000;0.739598;8603;00000000010000000001100100000000000000;0.16042;1866;0.697531;361
25;00000000000000010011100000000000000000;0.739598;8603;00000000000000010011001000000000000000;0.174948;2035;0.715573;377
26;00000000000000010011100000000000000000;0.739598;8603;00000000000000010011000000000000000100;0.088033;1024;0.71676;380
27;00000000000000010011100000000000000000;0.739598;8603;00000001000000010010000100000000000000;0.0501204;583;0.718451;374
28;00000000000000010011100000000000000000;0.739598;8603;00000010000000010011000000000000000000;0.0837345;974;0.718669;382
29;00000000000000010011100000000000000000;0.739598;8603;00000000000010010011000000000000000000;0.090784;1056;0.717486;376
30;00000000000000010011100000000000000000;0.739598;8603;01000000000000010011000000000000000000;0.0912999;1062;0.726798;384
31;00000000000000010011100000000000000000;0.739598;8603;00000000000000010011000000000000000100;0.088033;1024;0.719146;381
32;00000000000000010011100000000000000000;0.739598;8603;00000000001000010011000000000000000000;0.106345;1237;0.726659;386
33;00000000000000010011100000000000000000;0.739598;8603;10000000000000010011000000000000000000;0.0872593;1015;0.718576;381
34;00000000000000010011100000000000000000;0.739598;8603;00000000000010010011000000000000000000;0.090784;1056;0.725039;385
35;00000000000000010011100000000000000000;0.739598;8603;00000000000000010111000000000000000000;0.0957703;1114;0.728341;389
36;00000000000000010011100000000000000000;0.739598;8603;00010000000000010011000000000000000000;0.0870014;1012;0.710586;373
37;00000000000000010011100000000000000000;0.739598;8603;00000001000000010011000000000000000000;0.0837345;974;0.724194;384
38;00000000000000010011100000000000000000;0.739598;8603;00000000000000010011000000000010000000;0.0942228;1096;0.726736;386
39;00000000000000010011100000000000000000;0.739598;8603;00000000000000010011000000000000100000;0.0838205;975;0.719469;383
40;00000000000000010011100000000000000000;0.739598;8603;00000001000000010011000000000000000000;0.0837345;974;0.720581;382
41;00000000000000010011100000000000000000;0.739598;8603;00010000000000010011000000000000000000;0.0870014;1012;0.72181;385
42;00000000000000010011100000000000000000;0.739598;8603;00000100000000010011000000000000000000;0.0956843;1113;0.723843;384
43;00000000000000010011100000000000000000;0.739598;8603;00000000000000010011000000000000100000;0.0838205;975;0.716811;379
44;00000000000000010011100000000000000000;0.739598;8603;00000000000000010011000000000001000000;0.0873453;1016;0.714337;376
45;00000000000000010011100000000000000000;0.739598;8603;00000010000000010011000000000000000000;0.0837345;974;0.719624;381
46;00000000000000010011100000000000000000;0.739598;8603;00000000000000010011000000000000100000;0.0838205;975;0.71936;382
47;00000000000000010011100000000000000000;0.739598;8603;00010000000000010011000000000000000000;0.0870014;1012;0.717418;380
48;00000000000000010011100000000000000000;0.739598;8603;00000000000000010011000100000000000000;0.0902682;1050;0.719416;381
49;00000000000000010011100000000000000000;0.739598;8603;00000010000000010011000000000000000000;0.0837345;974;0.709219;372
50;00000000000000010011100000000000000000;0.739598;8603;00000000000000010011000000000000010000;0.0870014;1012;0.708359;368
=============================================
geração;melhor;fitness;cobertura;pior;fitness;cobertura;média;ind_repetidos
0;00000000000000000000100001000100001000;0.560007;6514;00000000000000000100000101000000100000;0.00180536;21;0.0892901;2
1;00000000000000000010100001000000000010;0.651135;7574;00000001000000000100000001000000000100;0.00429849;50;0.11971;17
2;00000000000000000011100000000000001000;0.68621;7982;00010001000000000100001000000000000000;0.00507221;59;0.150242;37
3;00000000000001000011100000000000000000;0.682772;7942;00000001000000000100000000100000100000;0.00154746;18;0.185461;28
4;00000000000000000011100000010000000000;0.6875;7997;10000000010000000000000101000000000000;0.00524415;61;0.208248;37
5;00000000000100000011100000000000000000;0.693604;8068;10000000000000001010000000000100000000;0.00980055;114;0.250286;55
6;00000000000100000011100000000000000000;0.693604;8068;10000000000000001000000001000000000100;0.0107462;125;0.285556;66
7;00000000000000010011100000000000000000;0.739598;8603;01100000000000001000100000000000000000;0.0144429;168;0.355925;89
8;00000000000000010011100000000000000000;0.739598;8603;10010000000000000100100000000000000000;0.0320667;373;0.423885;120
9;00000000000000010011100000000000000000;0.739598;8603;00100000000000000000100000000100010000;0.0229539;267;0.486899;149
10;00000000000000010011100000000000000000;0.739598;8603;00000000001000000100100010000000000000;0.02837;330;0.547641;185
11;00000000000000010011100000000000000000;0.739598;8603;10000000000000001001000000000100000000;0.0100585;117;0.588397;204
12;00000000000000010011100000000000000000;0.739598;8603;00001000000000001010000000000010000000;0.0298315;347;0.619927;220
13;00000000000000010011100000000000000000;0.739598;8603;00000000100000000011000000000000010000;0.0717847;835;0.641181;272
14;00000000000000010011100000000000000000;0.739598;8603;00000000000000000111000000000010000000;0.079608;926;0.661803;287
15;00000000000000010011100000000000000000;0.739598;8603;00000000000000010011000000001000000000;0.100757;1172;0.673294;311
16;00000000000000010011100000000000000000;0.739598;8603;00000000000000010011000000000000010000;0.0870014;1012;0.690472;333
17;00000000000000010011100000000000000000;0.739598;8603;00000000000000010010000000000110000000;0.0783184;911;0.701062;352
18;00000000000000010011100000000000000000;0.739598;8603;00000010000000010011000000000000000000;0.0837345;974;0.711103;369
19;00000000000000010011100000000000000000;0.739598;8603;00000001000000010011000000000000000000;0.0837345;974;0.715698;366
20;00000000000000010011100000000000000000;0.739598;8603;00000000000000010011000000000000010000;0.0870014;1012;0.721929;382
21;00000000000000010011100000000000000000;0.739598;8603;00000000000000010011000000000000000100;0.088033;1024;0.714774;381
22;00000000000000010011100000000000000000;0.739598;8603;00000000000000010011000000000001000000;0.0873453;1016;0.710521;376
23;00000000000000010011100000000000000000;0.739598;8603;00000000000000010011000000000000000100;0.088033;1024;0.711802;374
24;00000000000000010011100000000000000000;0.739598;8603;00000000000000010011000000000000100000;0.0838205;975;0.711162;369
25;00000000000000010011100000000000000000;0.739598;8603;00000001000000010011000000000000000000;0.0837345;974;0.717967;377
26;00000000000000010011100000000000000000;0.739598;8603;00000000000000010011000000000000100000;0.0838205;975;0.719864;382
27;00000000000000010011100000000000000000;0.739598;8603;00000001000000010011000000000000000000;0.0837345;974;0.72379;384
28;00000000000000010011100000000000000000;0.739598;8603;01000000000000010011000000000000000000;0.0912999;1062;0.714802;372
29;00000000000000010011100000000000000000;0.739598;8603;00000010000000010011000000000000000000;0.0837345;974;0.715523;378
30;00000000000000010011100000000000000000;0.739598;8603;00000001000000010011000000000000000000;0.0837345;974;0.726375;383
31;00000000000000010011100000000000000000;0.739598;8603;00000010000000010011000000000000000000;0.0837345;974;0.719862;382
32;00000000000000010011100000000000000000;0.739598;8603;00000000000010010011000000000000000000;0.090784;1056;0.719918;381
33;00000000000000010011100000000000000000;0.739598;8603;00000000000100010011000000000000000000;0.111073;1292;0.731995;391
34;00000000000000010011100000000000000000;0.739598;8603;00000010000000010011000000000000000000;0.0837345;974;0.722489;384
35;00000000000000010011100000000000000000;0.739598;8603;00000001000000010011000000000000000000;0.0837345;974;0.716888;377
36;00000000000000010011100000000000000000;0.739598;8603;00000000000010010011000000000000000000;0.090784;1056;0.723941;381
37;00000000000000010011100000000000000000;0.739598;8603;00000000000010010011000000000000000000;0.090784;1056;0.721581;381
38;00000000000000010011100000000000000000;0.739598;8603;00000001000000010001100000000000000000;0.218707;2544;0.729607;386
39;00000000000000010011100000000000000000;0.739598;8603;00000001000000010011000000000000000000;0.0837345;974;0.722489;384
40;00000000000000010011100000000000000000;0.739598;8603;10000000000000010011000000000000000000;0.0872593;1015;0.723315;385
41;00000000000000010011100000000000000000;0.739598;8603;00000000000000010011000000000001000000;0.0873453;1016;0.722635;379
42;00000000000000010011100000000000000000;0.739598;8603;00000001000000010011000000000000000000;0.0837345;974;0.720041;385
43;00000000000000010011100000000000000000;0.739598;8603;00000010000000010011000000000000000000;0.0837345;974;0.711237;375
44;00000000000000010011100000000000000000;0.739598;8603;00010000000000010011000000000000000000;0.0870014;1012;0.719445;378
45;00000000000000010011100000000000000000;0.739598;8603;00000010000000010011000000000000000000;0.0837345;974;0.717721;376
46;00000000000000010011100000000000000000;0.739598;8603;00000100000000010011000000000000000000;0.0956843;1113;0.70745;372
47;00000000000000010011100000000000000000;0.739598;8603;00000001000000010011000000000000000000;0.0837345;974;0.717026;380
48;00000000000000010011100000000000000000;0.739598;8603;00010000000000010011000000000000000000;0.0870014;1012;0.716204;381
49;00000000000000010011100000000000000000;0.739598;8603;00000000001000010011000000000000000000;0.106345;1237;0.713899;378
50;00000000000000010011100000000000000000;0.739598;8603;10000000000000010011000000000000000000;0.0872593;1015;0.727608;385
=============================================
geração;melhor;fitness;cobertura;pior;fitness;cobertura;média;ind_repetidos
0;00000000000000000011110000000000000000;0.701169;8156;00000011000000000000000000001000000100;0.00128955;15;0.09547;3
1;00000000000000000011110000000000000000;0.701169;8156;00000010000000000001000010000001000000;0.00240715;28;0.125136;29
2;00000000000000000001000011010000000000;0.527596;6137;00010001000000001000000000000010000000;0.00257909;30;0.142335;33
3;00000000000000000000100011001000000000;0.555622;6463;00000001000000000000000100000100010000;0;0;0.164786;38
4;00000000000000000001100010000000001000;0.601616;6998;10000000000000000000010000010000100000;0.0104883;122;0.182028;42
5;00000000000000000011100010000000000000;0.686984;7991;00100000000000101100000000000000000000;0.00876891;102;0.209312;44
6;00000000000000010011100000000000000000;0.739598;8603;00000001000001000100000000000000100000;0.00575997;67;0.251067;74
7;00000000000000010011100000000000000000;0.739598;8603;10001000000000100000000010000000000000;0.03413;397;0.28921;92
8;00000000000000010011100000000000000000;0.739598;8603;00000000010001000000010000000000100000;0.0123796;144;0.331053;106
9;00000000000000010011100000000000000000;0.739598;8603;00000001000000000010000010000001000000;0.00266506;31;0.373992;121
10;00000000000000010011100000000000000000;0.739598;8603;00000000000000001001000010000001000000;0.00249312;29;0.425253;143
11;00000000000000000011100001000000000000;0.706843;8222;00000000010000000000010000100000100000;0.00550206;64;0.476529;157
12;00000000000000000011100001000000000000;0.706843;8222;00000000010000000100000010000000010000;0.00833906;97;0.543438;186
13;00000000000000000011100001000000000000;0.706843;8222;00101010000000000001000000000000000000;0.0452201;526;0.587913;210
14;00000000000000010011100000000000000000;0.739598;8603;00000000000000000011000100001000000000;0.0837345;974;0.632123;247
15;00000000000000010011100000000000000000;0.739598;8603;00010000000000001011000000000000000000;0.0651651;758;0.641488;270
16;00000000000000010011100000000000000000;0.739598;8603;00000000000000100000100000000110000000;0.121905;1418;0.664152;307
17;00000000000000010011100000000000000000;0.739598;8603;00000010000010000010100000000000000000;0.133941;1558;0.675317;333
18;00000000000000010011100000000000000000;0.739598;8603;00010000000000000011001000000000000000;0.148728;1730;0.686081;350
19;00000000000000010011100000000000000000;0.739598;8603;00000000000001000001100000100000000000;0.292899;3407;0.698917;363
20;00000000000000010011100000000000000000;0.739598;8603;00000000000000000010101000000001000000;0.149243;1736;0.702447;372
21;00000000000000010011100000000000000000;0.739598;8603;00000000000000010000100001000000100000;0.198074;2304;0.700473;368
22;00000000000000010011100000000000000000;0.739598;8603;00001000000000010000100001000000000000;0.207101;2409;0.699684;363
23;00000000000000010011100000000000000000;0.739598;8603;00000000000000110000100001000000000000;0.203834;2371;0.69983;361
24;00000000000000010011100000000000000000;0.739598;8603;00000001001000000011000000000000000000;0.0838205;975;0.700289;370
25;00000000000000010011100000000000000000;0.739598;8603;10000100000000000001100000000000000000;0.165836;1929;0.700965;367
26;00000000000000010011100000000000000000;0.739598;8603;00010000000000001001100000000000000000;0.153026;1780;0.699589;361
27;00000000000000010011100000000000000000;0.739598;8603;10000000000000010011000000000000000000;0.0872593;1015;0.684278;353
28;00000000000000010011100000000000000000;0.739598;8603;10010000000000010001000000000000000000;0.0792641;922;0.670566;351
29;00000000000000010011100000000000000000;0.739598;8603;00010000000000010011000000000000000000;0.0870014;1012;0.690609;360
30;00000000000000010011100000000000000000;0.739598;8603;00000010000000010011000000000000000000;0.0837345;974;0.703283;367
31;00000000000000010011100000000000000000;0.739598;8603;00000010000000010011000000000000000000;0.0837345;974;0.722236;379
32;00000000000000010011100000000000000000;0.739598;8603;00000000000010010011000000000000000000;0.090784;1056;0.709643;371
33;00000000000000010011100000000000000000;0.739598;8603;00000001000000010011000000000000000000;0.0837345;974;0.724434;384
34;00000000000000010011100000000000000000;0.739598;8603;00000000000000010011001000000000000000;0.174948;2035;0.727165;387
35;00000000000000010011100000000000000000;0.739598;8603;00000000000000010011000000000000100000;0.0838205;975;0.718882;381
36;00000000000000010011100000000000000000;0.739598;8603;00000000000000010011000000000000010000;0.0870014;1012;0.714954;377
37;00000000000000010011100000000000000000;0.739598;8603;00000001000000010011000000000000000000;0.0837345;974;0.72522;384
38;00000000000000010011100000000000000000;0.739598;8603;00000000000000011011000000000000000000;0.109439;1273;0.724613;380
39;00000000000000010011100000000000000000;0.739598;8603;00000010000000010011000000000000000000;0.0837345;974;0.715295;381
40;00000000000000010011100000000000000000;0.739598;8603;00000010000000010011000000000000000000;0.0837345;974;0.714881;379
41;00000000000000010011100000000000000000;0.739598;8603;00100000000000010011000000000000000000;0.0889787;1035;0.724044;384
42;00000000000000010011100000000000000000;0.739598;8603;00000000000000010011000000000000010000;0.0870014;1012;0.722087;383
43;00000000000000010011100000000000000000;0.739598;8603;00100000000000010011000000000000000000;0.0889787;1035;0.72055;378
44;00000000000000010011100000000000000000;0.739598;8603;00000001000000010011000000000000000000;0.0837345;974;0.720642;385
45;00000000000000010011100000000000000000;0.739598;8603;00000000000000010010100000000000010000;0.22249;2588;0.727673;385
46;00000000000000010011100000000000000000;0.739598;8603;00010000000000010011000000000000000000;0.0870014;1012;0.724595;385
47;00000000000000010011100000000000000000;0.739598;8603;00000001000000010011000000000000000000;0.0837345;974;0.723004;382
48;00000000000000010011100000000000000000;0.739598;8603;00000000000000010011000100000000000000;0.0902682;1050;0.724894;385
49;00000000000000010011100000000000000000;0.739598;8603;00000010000000010011000000000000000000;0.0837345;974;0.720278;381
50;00000000000000010011100000000000000000;0.739598;8603;00000000000000010011000000000000010000;0.0870014;1012;0.715884;377
=============================================
geração;melhor;fitness;cobertura;pior;fitness;cobertura;média;ind_repetidos
0;00000001000000000011100000000000000000;0.67727;7878;00000000000000000100000010000100100000;0.00249312;29;0.0933173;3
1;00000000000000000011100000000000000010;0.6924;8054;00000001000000001001000000000100000000;0.00206327;24;0.119876;19
2;00000000000000000011100000000000000010;0.6924;8054;00000001000000001001000100000000000000;8.59697e-05;1;0.148007;24
3;00000000000000000011100000000000000010;0.6924;8054;00000000000000100100010000001000000000;0.0163343;190;0.17381;33
4;00000000000000000011100000000000000010;0.6924;8054;00000001000000000010000000000101000000;0.00429849;50;0.198048;35
5;00010000000000000011100000000000000000;0.680193;7912;00000000000000000001000100000100010000;0.00378267;44;0.223872;40
6;00000000000000000011100001000000000000;0.706843;8222;00000010000000000000001001000100000000;0.0208047;242;0.258662;70
7;00000000000000000011100001000000000000;0.706843;8222;00010000010000000000001000100000000000;0.0121217;141;0.297214;89
8;00000000000000010010100001000000000000;0.713205;8296;00000011000000010000000000100000000000;0.0214924;250;0.352502;126
9;00000000000000010001100001000000000000;0.716386;8333;00000000000000000001000000001100100000;0.022782;265;0.418154;135
10;00000000000000010011100000000000000000;0.739598;8603;01000000000000000000001001000100000000;0.0231259;269;0.480572;145
11;00000000000000010011100000000000000000;0.739598;8603;10000000000000000000010001000100000000;0.0257909;300;0.532929;185
12;00000000000000010011100000000000000000;0.739598;8603;10000000100000000000000010000100000000;0.00790922;92;0.581112;219
13;00000000000000010011100000000000000000;0.739598;8603;00000000000000010000100000000110000000;0.0747937;870;0.621724;257
14;00000000000000010011100000000000000000;0.739598;8603;00000000000000010110000100000000000000;0.0620701;722;0.630878;273
15;00000000000000010011100000000000000000;0.739598;8603;00000001000000010011000000000000000000;0.0837345;974;0.654544;305
16;00000000000000010011100000000000000000;0.739598;8603;00000000000000010011000000000000000001;0.178473;2076;0.685308;339
17;00000000000000010011100000000000000000;0.739598;8603;00000000000000010011000000000001000000;0.0873453;1016;0.668536;336
18;00000000000000010011100000000000000000;0.739598;8603;01000000000000010011000000000000000000;0.0912999;1062;0.680435;349
19;00000000000000010011100000000000000000;0.739598;8603;00000000000000010001000010001000000000;0.079436;924;0.685685;358
20;00000000000000010011100000000000000000;0.739598;8603;00000000000000010011000000000000000100;0.088033;1024;0.695732;365
21;00000000000000010011100000000000000000;0.739598;8603;00010000000000010011000000000000000000;0.0870014;1012;0.717425;376
22;00000000000000010011100000000000000000;0.739598;8603;00000001000000010011000000000000000000;0.0837345;974;0.714956;373
23;00000000000000010011100000000000000000;0.739598;8603;00000000000000010011000000000001000000;0.0873453;1016;0.712181;376
24;00000000000000010011100000000000000000;0.739598;8603;01000000000000010011000000000000000000;0.0912999;1062;0.719598;381
25;00000000000000010011100000000000000000;0.739598;8603;00000010000000010011000000000000000000;0.0837345;974;0.710518;371
26;00000000000000010011100000000000000000;0.739598;8603;00000010000000010011000000000000000000;0.0837345;974;0.720909;382
27;00000000000000010011100000000000000000;0.739598;8603;00100000000000010011000000000000000000;0.0889787;1035;0.721126;378
28;00000000000000010011100000000000000000;0.739598;8603;01000000000000010011000000000000000000;0.0912999;1062;0.721788;382
29;00000000000000010011100000000000000000;0.739598;8603;00000000000000010010100100000000000000;0.220512;2565;0.721888;381
30;00000000000000010011100000000000000000;0.739598;8603;00000010000000010011000000000000000000;0.0837345;974;0.719593;379
31;00000000000000010011100000000000000000;0.739598;8603;00000000000000010111000000000000000000;0.0957703;1114;0.725943;386
32;00000000000000010011100000000000000000;0.739598;8603;00000000000000010011000000000001000000;0.0873453;1016;0.716856;378
33;00000000000000010011100000000000000000;0.739598;8603;00000000000000010011000000000000010000;0.0870014;1012;0.721089;385
34;00000000000000010011100000000000000000;0.739598;8603;10000000000000010011000000000000000000;0.0872593;1015;0.722318;380
35;00000000000000010011100000000000000000;0.739598;8603;00000000000000010011000000000010000000;0.0942228;1096;0.718652;376
36;00000000000000010011100000000000000000;0.739598;8603;00000000010000010011000000000000000000;0.111331;1295;0.72183;380
37;00000000000000010011100000000000000000;0.739598;8603;00000001000000010011000000000000000000;0.0837345;974;0.714674;377
38;00000000000000010011100000000000000000;0.739598;8603;00000000000000010011000000000000100000;0.0838205;975;0.716464;376
39;00000000000000010011100000000000000000;0.739598;8603;00000001000000010011000000000000000000;0.0837345;974;0.711766;373
40;00000000000000010011100000000000000000;0.739598;8603;10000000000000010011000000000000000000;0.0872593;1015;0.716821;381
41;00000000000000010011100000000000000000;0.739598;8603;00000001000000010011000000000000000000;0.0837345;974;0.720157;383
42;00000000000000010011100000000000000000;0.739598;8603;00000000000000010111000000000000000000;0.0957703;1114;0.725194;386
43;00000000000000010011100000000000000000;0.739598;8603;01000000000000010011000000000000000000;0.0912999;1062;0.730153;384
44;00000000000000010011100000000000000000;0.739598;8603;00000010000000010011000000000000000000;0.0837345;974;0.717523;378
45;00000000000000010011100000000000000000;0.739598;8603;00000100000000010011000000000000000000;0.0956843;1113;0.724366;383
46;00000000000000010011100000000000000000;0.739598;8603;00000000000000010011000000000000000001;0.178473;2076;0.726009;383
47;00000000000000010011100000000000000000;0.739598;8603;00001000000000010011000000000000000000;0.093621;1089;0.715783;381
48;00000000000000010011100000000000000000;0.739598;8603;00000001000000010011000000000000000000;0.0837345;974;0.715968;380
49;00000000000000010011100000000000000000;0.739598;8603;00000001000000010011000000000000000000;0.0837345;974;0.720889;379
50;00000000000000010011100000000000000000;0.739598;8603;00000000000000010011000000001000000000;0.100757;1172;0.730036;389
=============================================
geração;melhor;fitness;cobertura;pior;fitness;cobertura;média;ind_repetidos
0;00000000000001000001100000000100000000;0.616575;7172;00000001000000000100000000100000100000;0.00154746;18;0.094329;1
1;00000000100000000001100001000000000000;0.683288;7948;01000000000000001010000100000000000000;0.00584594;68;0.130781;17
2;00000000001000000001100001000000000000;0.684147;7958;10000000010000000000010000001000000000;0.00696355;81;0.152036;28
3;00000000001000000001100001000000000000;0.684147;7958;01000010000000000010000010000000000000;0.00266506;31;0.183355;35
4;00000000000000000011100000100000000000;0.688704;8011;00000010000000000101000000000000100000;0.000945667;11;0.209021;41
5;00000000000000000011100000000000000010;0.6924;8054;00000010000000000000000010000100010000;8.59697e-05;1;0.234833;49
6;00000000000000000011100000000000000010;0.6924;8054;00000001000000000001000100000000010000;0.00180536;21;0.263503;57
7;00000000000000000011100001000000000000;0.706843;8222;00010010000000100000000000001000000000;0.0116059;135;0.300189;70
8;00000000000000010011100000000000000000;0.739598;8603;00000000000100000000000010000100100000;0.0109182;127;0.340724;67
9;00000000000000000011100001000000000000;0.706843;8222;00010000000000100000000010000100000000;0.017022;198;0.394979;98
10;00000000000000000011100001000000000000;0.706843;8222;00000000000000000010000100000010000100;0.0110901;129;0.448756;128
11;00000000000000010001100001000000000000;0.716386;8333;00000001000100000000100010000000000000;0.0214924;250;0.500457;164
12;00000000000000010011100000000000000000;0.739598;8603;10000000000100000000100000000010000000;0.0324106;377;0.564099;209
13;00000000000000010011100000000000000000;0.739598;8603;10000000000000000000100000000100100000;0.016936;197;0.610929;255
14;00000000000000010011100000000000000000;0.739598;8603;00000010000100000000000001001000000000;0.0298315;347;0.655198;283
15;00000000000000010011100000000000000000;0.739598;8603;00001001000000000011000000000000000000;0.0704952;820;0.668617;311
16;00000000000000010011100000000000000000;0.739598;8603;00000000000010000011000000001000000000;0.0841644;979;0.682532;329
17;00000000000000010011100000000000000000;0.739598;8603;00000001000000000001000001000000000010;0.139271;1620;0.68643;346
18;00000000000000010011100000000000000000;0.739598;8603;00000000000000010010010100000000000000;0.18131;2109;0.698715;363
19;00000000000000010011100000000000000000;0.739598;8603;00010000000000010001000001000000000000;0.21054;2449;0.705194;369
20;00000000000000010011100000000000000000;0.739598;8603;00000000000000010001000101000000000000;0.191627;2229;0.698284;370
21;00000000000000010011100000000000000000;0.739598;8603;00000000000000110011000000000000000000;0.186726;2172;0.683693;360
22;00000000000000010011100000000000000000;0.739598;8603;01000000000000010011000000000000000000;0.0912999;1062;0.669983;352
23;00000000000000010011100000000000000000;0.739598;8603;00000000000010010011000000000000000000;0.090784;1056;0.689594;360
24;00000000000000010011100000000000000000;0.739598;8603;00000010000000010011000000000000000000;0.0837345;974;0.693331;371
25;00000000000000010011100000000000000000;0.739598;8603;00000000000010010011000000000000000000;0.090784;1056;0.701278;367
26;00000000000000010011100000000000000000;0.739598;8603;00000000000000010011000000000000010000;0.0870014;1012;0.707015;374
27;00000000000000010011100000000000000000;0.739598;8603;10000000000000010011000000000000000000;0.0872593;1015;0.718869;378
28;00000000000000010011100000000000000000;0.739598;8603;00000000000000010011000000000000010000;0.0870014;1012;0.726343;386
29;00000000000000010011100000000000000000;0.739598;8603;00000000000000010011000000000000000100;0.088033;1024;0.717006;384
30;00000000000000010011100000000000000000;0.739598;8603;10000000000000010011000000000000000000;0.0872593;1015;0.717189;384
31;00000000000000010011100000000000000000;0.739598;8603;00000000000000010011000000000000000100;0.088033;1024;0.719378;381
32;00000000000000010011100000000000000000;0.739598;8603;10000000000000010011000000000000000000;0.0872593;1015;0.709555;376
33;00000000000000010011100000000000000000;0.739598;8603;00000010000000010011000000000000000000;0.0837345;974;0.715257;375
34;00000000000000010011100000000000000000;0.739598;8603;00000010000000010011000000000000000000;0.0837345;974;0.72064;380
35;00000000000000010011100000000000000000;0.739598;8603;00010000000000010011000000000000000000;0.0870014;1012;0.720251;381
36;00000000000000010011100000000000000000;0.739598;8603;10000000000000010011000000000000000000;0.0872593;1015;0.719698;380
37;00000000000000010011100000000000000000;0.739598;8603;00000010000000010011000000000000000000;0.0837345;974;0.72833;383
38;00000000000000010011100000000000000000;0.739598;8603;10000000000000010011000000000000000000;0.0872593;1015;0.713725;373
39;00000000000000010011100000000000000000;0.739598;8603;00000000000000010011000000000000100000;0.0838205;975;0.709287;377
40;00000000000000010011100000000000000000;0.739598;8603;00010000000000010011000000000000000000;0.0870014;1012;0.71316;378
41;00000000000000010011100000000000000000;0.739598;8603;00000000000000010011000000000000000010;0.186124;2165;0.720936;379
42;00000000000000010011100000000000000000;0.739598;8603;00000010000000010011000000000000000000;0.0837345;974;0.715609;380
43;00000000000000010011100000000000000000;0.739598;8603;00000000000000010011000000000000100000;0.0838205;975;0.724751;382
44;00000000000000010011100000000000000000;0.739598;8603;00000001000000010011000000000000000000;0.0837345;974;0.724036;382
45;00000000000000010011100000000000000000;0.739598;8603;00000000000000010011000000000000010000;0.0870014;1012;0.717533;381
46;00000000000000010011100000000000000000;0.739598;8603;00010000000000010011000000000000000000;0.0870014;1012;0.713373;377
47;00000000000000010011100000000000000000;0.739598;8603;00000000000000010011000000000010000000;0.0942228;1096;0.718282;379
48;00000000000000010011100000000000000000;0.739598;8603;00000000000000010011000000000000000100;0.088033;1024;0.7228;380
49;00000000000000010011100000000000000000;0.739598;8603;00000010000000010011000000000000000000;0.0837345;974;0.719866;381
50;00000000000000010011100000000000000000;0.739598;8603;10000000000000010011000000000000000000;0.0872593;1015;0.720107;377
=============================================
geração;melhor;fitness;cobertura;pior;fitness;cobertura;média;ind_repetidos
0;00000000000000000011100001000000000000;0.706843;8222;00000011000000001100000000000000000000;0.000687758;8;0.0980708;2
1;00000000000000000011100001000000000000;0.706843;8222;00001010000000000000010000001000000000;0.00412655;48;0.13208;24
2;00000000000000000011100001000000000000;0.706843;8222;00000001000000000001000010000001000000;0.00240715;28;0.164862;28
3;00000000000000000011100001000000000000;0.706843;8222;00000100000000000000000010001000000100;0.0093707;109;0.187582;32
4;00000000000000000011100001000000000000;0.706843;8222;00100000000001000000010000000010000000;0.00885488;103;0.236442;52
5;00000000000000000011100001000000000000;0.706843;8222;00000000000000000101000010000001000000;0.00404058;47;0.299039;78
6;00000000000000000011100001000000000000;0.706843;8222;00000010000000000100000010000100000000;0.00232118;27;0.348485;98
7;00000000000000010010100001000000000000;0.713205;8296;00000001000000100000000010000000000100;0.0281981;328;0.419759;140
8;00000000000000010011100000000000000000;0.739598;8603;00000011000000000000010000100000000000;0.00335282;39;0.513952;180
9;00000000000000010011100000000000000000;0.739598;8603;00000000001000000000100000001100000000;0.0432428;503;0.568425;206
10;00000000000000010011100000000000000000;0.739598;8603;00001001000000001000100000000000000000;0.0146149;170;0.625956;255
11;00000000000000010011100000000000000000;0.739598;8603;00000000000000000100100000000100000100;0.0200309;233;0.664162;293
12;00000000000000010011100000000000000000;0.739598;8603;00001000000000000011001000000000000000;0.151221;1759;0.684702;326
13;00000000000000010011100000000000000000;0.739598;8603;01000000000000000011000000100000000000;0.190595;2217;0.692863;333
14;00000000000000010011100000000000000000;0.739598;8603;00000000100010000000100001000000000000;0.175808;2045;0.702266;358
15;00000000000000010011100000000000000000;0.739598;8603;00000000000010010011000000000000000000;0.090784;1056;0.694268;353
16;00000000000000010011100000000000000000;0.739598;8603;00000001000000000011000000000001000000;0.0651651;758;0.691231;344
17;00000000000000010011100000000000000000;0.739598;8603;01000000000000010011000000000000000000;0.0912999;1062;0.693189;353
18;00000000000000010011100000000000000000;0.739598;8603;00000001000000000011000000000000010000;0.065337;760;0.709677;366
19;00000000000000010011100000000000000000;0.739598;8603;00010000000000010011000000000000000000;0.0870014;1012;0.714366;374
20;00000000000000010011100000000000000000;0.739598;8603;00000000000000010011000000000001000000;0.0873453;1016;0.709008;371
21;00000000000000010011100000000000000000;0.739598;8603;00000000000000010011000000000000000100;0.088033;1024;0.722634;382
22;00000000000000010011100000000000000000;0.739598;8603;10000000000000010011000000000000000000;0.0872593;1015;0.721799;383
23;00000000000000010011100000000000000000;0.739598;8603;00001000000000010011000000000000000000;0.093621;1089;0.714436;378
24;00000000000000010011100000000000000000;0.739598;8603;00000000000000010011000000000000010000;0.0870014;1012;0.717548;377
25;00000000000000010011100000000000000000;0.739598;8603;01000000000000010011000000000000000000;0.0912999;1062;0.724991;384
26;00000000000000010011100000000000000000;0.739598;8603;00000000000000010011000000000001000000;0.0873453;1016;0.728438;390
27;00000000000000010011100000000000000000;0.739598;8603;00000000000000010011000000000000000100;0.088033;1024;0.72042;382
28;00000000000000010011100000000000000000;0.739598;8603;00000000000000010011000000000000010000;0.0870014;1012;0.714107;378
29;00000000000000010011100000000000000000;0.739598;8603;01000000000000010011000000000000000000;0.0912999;1062;0.717025;376
30;00000000000000010011100000000000000000;0.739598;8603;00010000000000010011000000000000000000;0.0870014;1012;0.713845;380
31;00000000000000010011100000000000000000;0.739598;8603;00000000000000010011000000000001000000;0.0873453;1016;0.721211;383
32;00000000000000010011100000000000000000;0.739598;8603;00000000100000010011000000000000000000;0.116059;1350;0.727343;382
33;00000000000000010011100000000000000000;0.739598;8603;00001000000000010011000000000000000000;0.093621;1089;0.72129;380
34;00000000000000010011100000000000000000;0.739598;8603;00000000000000010011000000000000100000;0.0838205;975;0.722642;382
35;00000000000000010011100000000000000000;0.739598;8603;00000001000000010011000000000000000000;0.0837345;974;0.715086;376
36;00000000000000010011100000000000000000;0.739598;8603;00000000000000010011000000000000000001;0.178473;2076;0.718835;381
37;00000000000000010011100000000000000000;0.739598;8603;00000010000000010011000000000000000000;0.0837345;974;0.71735;379
38;00000000000000010011100000000000000000;0.739598;8603;00000010000000010011000000000000000000;0.0837345;974;0.714675;378
39;00000000000000010011100000000000000000;0.739598;8603;00000000000000010011000000000000100000;0.0838205;975;0.718739;379
40;00000000000000010011100000000000000000;0.739598;8603;00000010000000010011000000000000000000;0.0837345;974;0.716251;381
41;00000000000000010011100000000000000000;0.739598;8603;10000000000000010011000000000000000000;0.0872593;1015;0.720031;382
42;00000000000000010011100000000000000000;0.739598;8603;00000001000000010011000000000000000000;0.0837345;974;0.706266;375
43;00000000000000010011100000000000000000;0.739598;8603;10000000000000010011000000000000000000;0.0872593;1015;0.722003;381
44;00000000000000010011100000000000000000;0.739598;8603;00000000000000010011001000000000000000;0.174948;2035;0.726515;386
45;00000000000000010011100000000000000000;0.739598;8603;00000000000000010011000000000000100000;0.0838205;975;0.716027;374
46;00000000000000010011100000000000000000;0.739598;8603;00000000000000010011000100000000000000;0.0902682;1050;0.719681;380
47;00000000000000010011100000000000000000;0.739598;8603;00000000000000010011000000000000000001;0.178473;2076;0.728681;388
48;00000000000000010011100000000000000000;0.739598;8603;00000000000000010011000000000000000100;0.088033;1024;0.715209;381
49;00000000000000010011100000000000000000;0.739598;8603;01000000000000010011000000000000000000;0.0912999;1062;0.723249;386
50;00000000000000010011100000000000000000;0.739598;8603;00000000000000010011000000000001000000;0.0873453;1016;0.718516;384
=============================================
geração;melhor;fitness;cobertura;pior;fitness;cobertura;média;ind_repetidos
0;00000000000000000001100010000001000000;0.49957;5811;00000001000000000000000010000101000000;0.000601788;7;0.0882205;2
1;00000000000000000011100000000010000000;0.681052;7922;00000010000000001000000001000000100000;0.000515818;6;0.124599;24
2;00000000000000000011100010000000000000;0.686984;7991;00100000000000000000000010000110000000;0.00309491;36;0.142488;22
3;00000000000000000011100010000000000000;0.686984;7991;01000000100000000000000101000000000000;0.0147008;171;0.164832;20
4;00000000000000000011100010000000000000;0.686984;7991;10000010000001000000010000000000000000;0.00558803;65;0.176689;26
5;00000000000000000011110000000000000000;0.701169;8156;00000010000100000000000000010000100000;0.00988652;115;0.198864;53
6;00000000000000000011110000000000000000;0.701169;8156;00000000000000000100010000001000010000;0.0102304;119;0.227724;57
7;00000000000000000011100001000000000000;0.706843;8222;00000010010000100000000100000000000000;0.0129814;151;0.255628;65
8;00000000000000000011100001000000000000;0.706843;8222;00000000001000000000000010000100100000;0.0100585;117;0.290224;86
9;00000000000000010001100001000000000000;0.716386;8333;00000001000010000010000000000100000000;0.0157325;183;0.321949;97
10;00000000000000010011100000000000000000;0.739598;8603;10000000000000000100010000100000000000;0.0110041;128;0.371095;139
11;00000000000000010011100000000000000000;0.739598;8603;00000001000000000110000000000000010000;0.00997249;116;0.428637;146
12;00000000000000010011100000000000000000;0.739598;8603;01000000000000000010000010000000100000;0.0208906;243;0.495502;175
13;00000000000000010011100000000000000000;0.739598;8603;00000100000000000000100010000001000000;0.0159904;186;0.567106;219
14;00000000000000010011100000000000000000;0.739598;8603;00000000001000100000100010000000000000;0.122507;1425;0.62001;251
15;00000000000000010011100000000000000000;0.739598;8603;00000000000000010011000000000001000000;0.0873453;1016;0.653628;279
16;00000000000000010011100000000000000000;0.739598;8603;00000000000001000110000000000100000000;0.12414;1444;0.675568;313
17;00000000000000010011100000000000000000;0.739598;8603;00000000000000010011000000000000000001;0.178473;2076;0.692938;346
18;00000000000000010011100000000000000000;0.739598;8603;00010010000000000011000000000000000000;0.0650791;757;0.683321;348
19;00000000000000010011100000000000000000;0.739598;8603;00100010000000000001100000000000000000;0.144085;1676;0.690153;348
20;00000000000000010011100000000000000000;0.739598;8603;00000000000000110011000000000000000000;0.186726;2172;0.700498;360
21;00000000000000010011100000000000000000;0.739598;8603;00000000000000010011000000000000010000;0.0870014;1012;0.703795;366
22;00000000000000010011100000000000000000;0.739598;8603;00001000000000010011000000000000000000;0.093621;1089;0.705314;364
23;00000000000000010011100000000000000000;0.739598;8603;10000000000000010011000000000000000000;0.0872593;1015;0.715461;379
24;00000000000000010011100000000000000000;0.739598;8603;00000010000000010011000000000000000000;0.0837345;974;0.715803;380
25;00000000000000010011100000000000000000;0.739598;8603;00010000000000010011000000000000000000;0.0870014;1012;0.705436;371
26;00000000000000010011100000000000000000;0.739598;8603;00000010000000010011000000000000000000;0.0837345;974;0.725488;382
27;00000000000000010011100000000000000000;0.739598;8603;00000000000000010011000000000000001000;0.187328;2179;0.721332;379
28;00000000000000010011100000000000000000;0.739598;8603;00000000000000010011000000000000100000;0.0838205;975;0.710802;375
29;00000000000000010011100000000000000000;0.739598;8603;00000010000000010011000000000000000000;0.0837345;974;0.724409;384
30;00000000000000010011100000000000000000;0.739598;8603;00000000000000010011000000001000000000;0.100757;1172;0.722866;382
31;00000000000000010011100000000000000000;0.739598;8603;00000001000000010011000000000000000000;0.0837345;974;0.721551;383
32;00000000000000010011100000000000000000;0.739598;8603;00000001000000010011000000000000000000;0.0837345;974;0.723079;384
33;00000000000000010011100000000000000000;0.739598;8603;00000001000000010011000000000000000000;0.0837345;974;0.711909;377
34;00000000000000010011100000000000000000;0.739598;8603;00000010000000010011000000000000000000;0.0837345;974;0.725053;384
35;00000000000000010011100000000000000000;0.739598;8603;00000000000000010011000000000000100000;0.0838205;975;0.720504;382
36;00000000000000010011100000000000000000;0.739598;8603;00010000000000010011000000000000000000;0.0870014;1012;0.71208;373
37;00000000000000010011100000000000000000;0.739598;8603;00100000000000010011000000000000000000;0.0889787;1035;0.718881;380
38;00000000000000010011100000000000000000;0.739598;8603;00000000000000010011000000000000100000;0.0838205;975;0.723313;383
39;00000000000000010011100000000000000000;0.739598;8603;00000000000000010011000000000000000100;0.088033;1024;0.713083;376
40;00000000000000010011100000000000000000;0.739598;8603;00000000000000010011000000000000010000;0.0870014;1012;0.709529;375
41;00000000000000010011100000000000000000;0.739598;8603;10000000000000010011000000000000000000;0.0872593;1015;0.721454;382
42;00000000000000010011100000000000000000;0.739598;8603;00001000000000010011000000000000000000;0.093621;1089;0.720717;382
43;00000000000000010011100000000000000000;0.739598;8603;00000000000000010011000000000000100000;0.0838205;975;0.714314;380
44;00000000000000010011100000000000000000;0.739598;8603;00010000000000010011000000000000000000;0.0870014;1012;0.723559;380
45;00000000000000010011100000000000000000;0.739598;8603;00000000000000010011000100000000000000;0.0902682;1050;0.720339;381
46;00000000000000010011100000000000000000;0.739598;8603;00000000000000010011000000000000010000;0.0870014;1012;0.720521;382
47;00000000000000010011100000000000000000;0.739598;8603;00000001000000010011000000000000000000;0.0837345;974;0.709202;376
48;00000000000000010011100000000000000000;0.739598;8603;00000000000000010011000000000000100000;0.0838205;975;0.712912;377
49;00000000000000010011100000000000000000;0.739598;8603;10000000000000010011000000000000000000;0.0872593;1015;0.722938;382
50;00000000000000010011100000000000000000;0.739598;8603;00010001000000000011000000000000000000;0.065423;761;0.719224;380
=============================================
geração;melhor;fitness;cobertura;pior;fitness;cobertura;média;ind_repetidos
0;00000000100000000000100001000100000000;0.557514;6485;10000011000000000000000000000100000000;0.00111761;13;0.0929184;2
1;00000000000010000010100001000000000000;0.649587;7556;00000001000000001000001000000010000000;0.00326685;38;0.124262;17
2;00000000000100000010100001000000000000;0.683631;7952;01000010000000100000010000000000000000;0.00618982;72;0.153293;23
3;01000000000000000010100001000000000000;0.638669;7429;00001010000000000100100000000000000000;0.0129814;151;0.171333;36
4;00000000000010000001100001000000000000;0.655777;7628;00000010010000100000010000000000000000;0.0125516;146;0.193645;34
5;00000000001000000001100001000000000000;0.684147;7958;00000010000000000000100000000100000100;0.0111761;130;0.210651;44
6;00000000000000000011100000000000001000;0.68621;7982;10000000100000000000000100100000000000;0.0159044;185;0.234793;52
7;00000000000000010010100001000000000000;0.713205;8296;00010000000000000000010010000100000000;0.00747937;87;0.257372;77
8;00000000000000010010100001000000000000;0.713205;8296;00100001000000000000000001000000000100;0.0124656;145;0.27667;74
9;00000000000000010010100001000000000000;0.713205;8296;01001001000000000000000001000000000000;0.0419532;488;0.320319;99
10;00000000000000010011100000000000000000;0.739598;8603;00001000000000000100100000000000100000;0.0469395;546;0.371815;121
11;00000000000000010001100001000000000000;0.716386;8333;00000000000100000000001010000000000001;0.039804;463;0.421894;126
12;00000000000000010001100001000000000000;0.716386;8333;00000000001100000000100000000000000100;0.0752235;875;0.481502;143
13;00000000000000010011100000000000000000;0.739598;8603;00000000000010000011000000000000010000;0.0684319;796;0.54951;187
14;00000000000000010011100000000000000000;0.739598;8603;00000000001000000100100000000000010000;0.0263067;306;0.583628;219
15;00000000000000010011100000000000000000;0.739598;8603;00100000000000010000000001000000100000;0.0528714;615;0.639583;266
16;00000000000000010011100000000000000000;0.739598;8603;00000100000000010011000000000000000000;0.0956843;1113;0.650252;288
17;00000000000000010011100000000000000000;0.739598;8603;00110000000000001000000001000000000000;0.0384285;447;0.657064;292
18;00000000000000010011100000000000000000;0.739598;8603;00000000000000010011000000000000010000;0.0870014;1012;0.674224;323
19;00000000000000010011100000000000000000;0.739598;8603;00100000000000000011001000000000000000;0.148212;1724;0.685292;332
20;00000000000000010011100000000000000000;0.739598;8603;00000000001100000001100000000000000000;0.204608;2380;0.693582;346
21;00000000000000010011100000000000000000;0.739598;8603;00010000000000010011000000000000000000;0.0870014;1012;0.673963;349
22;00000000000000010011100000000000000000;0.739598;8603;00000000000010010101000000000000000000;0.070925;825;0.685596;362
23;00000000000000010011100000000000000000;0.739598;8603;00000000100000010011000000000000000000;0.116059;1350;0.69749;367
24;00000000000000010011100000000000000000;0.739598;8603;00000000000000010011000000000000000010;0.186124;2165;0.701646;373
25;00000000000000010011100000000000000000;0.739598;8603;00000000000000010001100000000000010000;0.221888;2581;0.724238;381
26;00000000000000010011100000000000000000;0.739598;8603;00000000000000010011000000000000010000;0.0870014;1012;0.721371;378
27;00000000000000010011100000000000000000;0.739598;8603;00000000000000010011000000000010000000;0.0942228;1096;0.720587;386
28;00000000000000010011100000000000000000;0.739598;8603;00000000000000010011000000000000010000;0.0870014;1012;0.714422;376
29;00000000000000010011100000000000000000;0.739598;8603;00000001000000010011000000000000000000;0.0837345;974;0.707212;375
30;00000000000000010011100000000000000000;0.739598;8603;00000010000000010011000000000000000000;0.0837345;974;0.7203;380
31;00000000000000010011100000000000000000;0.739598;8603;10000000000000010011000000000000000000;0.0872593;1015;0.717351;380
32;00000000000000010011100000000000000000;0.739598;8603;00000000000100010011000000000000000000;0.111073;1292;0.730134;386
33;00000000000000010011100000000000000000;0.739598;8603;00000000000000010011000000000000010000;0.0870014;1012;0.721323;382
34;00000000000000010011100000000000000000;0.739598;8603;10000000000000010011000000000000000000;0.0872593;1015;0.722278;384
35;00000000000000010011100000000000000000;0.739598;8603;00000000000000010011000000000000100000;0.0838205;975;0.722411;380
36;00000000000000010011100000000000000000;0.739598;8603;00010000000000010011000000000000000000;0.0870014;1012;0.722808;383
37;00000000000000010011100000000000000000;0.739598;8603;00000001000000010011000000000000000000;0.0837345;974;0.722524;385
38;00000000000000010011100000000000000000;0.739598;8603;00000000000000010011000000000000000100;0.088033;1024;0.719745;384
39;00000000000000010011100000000000000000;0.739598;8603;00000010000000010011000000000000000000;0.0837345;974;0.715518;377
40;00000000000000010011100000000000000000;0.739598;8603;10000000000000010011000000000000000000;0.0872593;1015;0.706808;374
41;00000000000000010011100000000000000000;0.739598;8603;00000001000000010011000000000000000000;0.0837345;974;0.706436;372
42;00000000000000010011100000000000000000;0.739598;8603;00000000000000010011000000000000010000;0.0870014;1012;0.716537;379
43;00000000000000010011100000000000000000;0.739598;8603;00010000000000010011000000000000000000;0.0870014;1012;0.717797;382
44;00000000000000010011100000000000000000;0.739598;8603;00000010000000010011000000000000000000;0.0837345;974;0.729678;388
45;00000000000000010011100000000000000000;0.739598;8603;00000000000000010011000000000000100000;0.0838205;975;0.723921;383
46;00000000000000010011100000000000000000;0.739598;8603;00000001000000010011000000000000000000;0.0837345;974;0.711643;376
47;00000000000000010011100000000000000000;0.739598;8603;00000001000000010011000000000000000000;0.0837345;974;0.716805;378
48;00000000000000010011100000000000000000;0.739598;8603;00000000000000010011000000000010000000;0.0942228;1096;0.710736;375
49;00000000000000010011100000000000000000;0.739598;8603;00000000000010010011000000000000000000;0.090784;1056;0.715984;378
50;00000000000000010011100000000000000000;0.739598;8603;00000000000000011011000000000000000000;0.109439;1273;0.718979;378
=============================================
geração;melhor;fitness;cobertura;pior;fitness;cobertura;média;ind_repetidos
0;10000000000000000011100000000000000000;0.679247;7901;00000011000000000010000010000000000000;0.00103164;12;0.102984;2
1;10000000000000000011100000000000000000;0.679247;7901;00000010000000001000000000000010000100;0.00386864;45;0.123884;25
2;00000000000000000011100010000000000000;0.686984;7991;10000000000000001000000100000100000000;0.00189133;22;0.156522;37
3;00000000100000000011100000000000000000;0.694807;8082;00000100000000001000000010000000000100;0.00799519;93;0.182358;29
4;00000000000000000011110000000000000000;0.701169;8156;10000010000000001000100000000000000000;0.00833906;97;0.219265;43
5;00000000000000000011110000000000000000;0.701169;8156;00000000000000001000000010000010000100;0.00464237;54;0.248288;49
6;00000000000000000011100001000000000000;0.706843;8222;00000000001000000000100010000001000000;0.0215784;251;0.307797;85
7;00000000000000000011100001000000000000;0.706843;8222;10000000010000000000001001000000000000;0.00661967;77;0.347008;94
8;00000000000000010011100000000000000000;0.739598;8603;00010001000000000000100000000100000000;0.0131534;153;0.396123;102
9;00000000000000010011100000000000000000;0.739598;8603;00000000000000001010000000001000000100;0.0124656;145;0.45957;139
10;00000000000000010011100000000000000000;0.739598;8603;00000000000000000100100010000000100000;0.0157325;183;0.527974;182
11;00000000000000010011100000000000000000;0.739598;8603;00001010000000000000100010000000000000;0.0119498;139;0.569848;215
12;00000000000000010011100000000000000000;0.739598;8603;01000000000000000000010011000000000000;0.0248453;289;0.609873;248
13;00000000000000010011100000000000000000;0.739598;8603;00000010000100000011000000000000000000;0.0763411;888;0.63369;260
14;00000000000000010011100000000000000000;0.739598;8603;00000000001000000000010011000000000000;0.034044;396;0.663135;296
15;00000000000000010011100000000000000000;0.739598;8603;00000000001000000000010011000000000000;0.034044;396;0.671025;310
16;00000000000000010011100000000000000000;0.739598;8603;00000000000000000000100101000000001000;0.168673;1962;0.681479;327
17;00000000000000010011100000000000000000;0.739598;8603;00000010000000000000100001010000000000;0.173401;2017;0.692572;343
18;00000000000000010011100000000000000000;0.739598;8603;00000001000000010011000000000000000000;0.0837345;974;0.686461;332
19;00000000000000010011100000000000000000;0.739598;8603;00000000000000010011000000000001000000;0.0873453;1016;0.69066;345
20;00000000000000010011100000000000000000;0.739598;8603;00000000000000010011000000001000000000;0.100757;1172;0.697399;352
21;00000000000000010011100000000000000000;0.739598;8603;00100000000000010011000000000000000000;0.0889787;1035;0.712664;364
22;00000000000000010011100000000000000000;0.739598;8603;00001000000000010011000000000000000000;0.093621;1089;0.712817;375
23;00000000000000010011100000000000000000;0.739598;8603;00000000000010010011000000000000000000;0.090784;1056;0.72372;381
24;00000000000000010011100000000000000000;0.739598;8603;01000000000000010011000000000000000000;0.0912999;1062;0.72383;381
25;00000000000000010011100000000000000000;0.739598;8603;00000000000000010011000000000000001000;0.187328;2179;0.727406;388
26;00000000000000010011100000000000000000;0.739598;8603;00000010000000010011000000000000000000;0.0837345;974;0.715767;375
27;00000000000000010011100000000000000000;0.739598;8603;00000010000000010011000000000000000000;0.0837345;974;0.720098;379
28;00000000000000010011100000000000000000;0.739598;8603;00000000001000010011000000000000000000;0.106345;1237;0.727928;387
29;00000000000000010011100000000000000000;0.739598;8603;00000000000000010011000000000001000000;0.0873453;1016;0.722849;387
30;00000000000000010011100000000000000000;0.739598;8603;00000010000000010011000000000000000000;0.0837345;974;0.724771;383
31;00000000000000010011100000000000000000;0.739598;8603;00000000000000010011000000000000000001;0.178473;2076;0.724105;381
32;00000000000000010011100000000000000000;0.739598;8603;00000001000000010011000000000000000000;0.0837345;974;0.719386;381
33;00000000000000010011100000000000000000;0.739598;8603;01000000000000010011000000000000000000;0.0912999;1062;0.716563;380
34;00000000000000010011100000000000000000;0.739598;8603;00000001000000010011000000000000000000;0.0837345;974;0.726391;384
35;00000000000000010011100000000000000000;0.739598;8603;00000000000000010011000000100000000000;0.212517;2472;0.7298;391
36;00000000000000010011100000000000000000;0.739598;8603;00000000000000010011000100000000000000;0.0902682;1050;0.717117;378
37;00000000000000010011100000000000000000;0.739598;8603;00000000000000010011000000000000010000;0.0870014;1012;0.712406;371
38;00000000000000010011100000000000000000;0.739598;8603;00000000000000010011000100000000000000;0.0902682;1050;0.721543;378
39;00000000000000010011100000000000000000;0.739598;8603;00000000000100010011000000000000000000;0.111073;1292;0.71621;376
40;00000000000000010011100000000000000000;0.739598;8603;00000000000000011011000000000000000000;0.109439;1273;0.713783;378
41;00000000000000010011100000000000000000;0.739598;8603;00000010000000010001100000000000000000;0.218707;2544;0.722691;386
42;00000000000000010011100000000000000000;0.739598;8603;00000001000000010011000000000000000000;0.0837345;974;0.716465;374
43;00000000000000010011100000000000000000;0.739598;8603;00000000000000010011000000000000010000;0.0870014;1012;0.706038;371
44;00000000000000010011100000000000000000;0.739598;8603;00000000000000010011000000000010000000;0.0942228;1096;0.715968;377
45;00000000000000010011100000000000000000;0.739598;8603;00000010000000010011000000000000000000;0.0837345;974;0.717835;379
46;00000000000000010011100000000000000000;0.739598;8603;10000000000000010011000000000000000000;0.0872593;1015;0.728705;389
47;00000000000000010011100000000000000000;0.739598;8603;00000010000000010011000000000000000000;0.0837345;974;0.718695;381
48;00000000000000010011100000000000000000;0.739598;8603;00000010000000010011000000000000000000;0.0837345;974;0.720784;381
49;00000000000000010011100000000000000000;0.739598;8603;10000000000000010011000000000000000000;0.0872593;1015;0.720311;378
50;00000000000000010011100000000000000000;0.739598;8603;00000000000000010011000000000000100000;0.0838205;975;0.70857;378
=============================================
