geração;melhor;fitness;cobertura;pior;fitness;cobertura;média;ind_repetidos
0;00010000010001000010000001100101001011;0.152252;1771;10000011100100001000000110100000010100;0.000257909;3;0.0468191;1
1;00000000010010100000000100001100101111;0.157239;1829;01000110010100001000101010001000000100;0;0;0.0620719;3
2;00110100000101000000100100000001001011;0.15956;1856;00010001101000001110000100010010001000;0.000859697;10;0.0857161;5
3;00110100000101000000100000100000101011;0.164546;1914;01000001110000101000001011100000100000;0.00326685;38;0.108502;1
4;00100100001100100001000000100000101011;0.178903;2081;00110000100000111000010100000100001001;0.011262;131;0.119594;2
5;00100100001100100001000000100000101011;0.178903;2081;00110000001010100010000111000100000100;0.00318088;37;0.125544;2
6;00100100001100100001000000100001001011;0.178731;2079;01011000010100101000110000000001000001;0.0308631;359;0.136143;11
7;00001100001101000001000001100000001011;0.188704;2195;00010100000101000001010100110000100100;0.0355915;414;0.144108;7
8;00001100001101000001000000100001001011;0.196871;2290;01010000000110100000101000100000111000;0.0686898;799;0.150454;3
9;00001100001101000001000000100001001011;0.196871;2290;00101000000101011000100100000000101001;0.0760832;885;0.154601;10
10;00011100001111000000000000000001001011;0.206327;2400;00100000000101100100100010100001011000;0.117349;1365;0.158169;8
11;00011100001111000000000000000001001011;0.206327;2400;00000000010110100001000000101100001011;0.114598;1333;0.160607;4
12;00011100001111000000000001000000001011;0.200825;2336;00110001001101000000000001000101000110;0.0474553;552;0.161467;5
13;00011100001101000000000000100000101011;0.199106;2316;00000100001101000100100100000000101101;0.0925034;1076;0.165601;9
14;00001100001101000000000001100000001111;0.202373;2354;00011100001111000000000000100100000101;0.0928473;1080;0.168323;5
15;00001100001101000000000000110000101011;0.205898;2395;00001100001101000001000000100010100110;0.110041;1280;0.175969;12
16;00001100001101100001000000000001001011;0.205382;2389;00000000001111100001000001100001001001;0.129986;1512;0.176848;11
17;00001100001111000000000000100000001111;0.20968;2439;00001101000101010000001000000010101010;0.0331843;386;0.179165;13
18;00001100001111000000000000100000001111;0.20968;2439;10001100001100000000010000000001001111;0.100928;1174;0.185552;21
19;00001100001111000000000000100000001111;0.20968;2439;00011100000101010010000000000001011001;0.124054;1443;0.189427;27
20;00001100001101100001000000000000001111;0.210884;2453;00001100001101000101000000001100000011;0.0979195;1139;0.192576;40
21;00001100001101100000000000100000001111;0.215612;2508;00001100001101000101000000001000001101;0.106431;1238;0.197428;48
22;00001100001101100000000000100000001111;0.215612;2508;00011100001111000001000000000000100011;0.148814;1731;0.198332;43
23;00001100001101100000000000100000001111;0.215612;2508;00001100000111000000100000000101001011;0.162311;1888;0.202189;56
24;00001100001101100000000000100000001111;0.215612;2508;00001101001101000001000000100000001101;0.166008;1931;0.203613;64
25;00001100001101100000000000100000001111;0.215612;2508;00001100001001000010000000100001001111;0.171338;1993;0.204847;57
26;00001100001101100000000000100000001111;0.215612;2508;00001100100111000000000000100000001111;0.17065;1985;0.206608;63
27;00001100001101100000000000100000001111;0.215612;2508;00001110001111000000000000100000001101;0.169532;1972;0.207344;69
28;00001100001101100000000000100000001111;0.215612;2508;00001100001111000000010001000000001101;0.165062;1920;0.209242;77
29;00001100001101100000000000100000001111;0.215612;2508;00001100001101100000100000100000001101;0.180279;2097;0.211354;79
30;00001100001101100000000000100000001111;0.215612;2508;00001100000101100100000010000000001111;0.169962;1977;0.212282;85
31;00001100001101100000000000100000001111;0.215612;2508;00000100001101100000000000100100001111;0.172197;2003;0.214103;92
32;00001100001101100000000000100000001111;0.215612;2508;00000100001101100000000000100010001111;0.171939;2000;0.214759;95
33;00001100001101100000000000100000001111;0.215612;2508;00001000001101100000000100100000001111;0.175636;2043;0.214466;96
34;00001100001101100000000000100000001111;0.215612;2508;00001101000101100000000000100000001111;0.177871;2069;0.213748;91
35;00001100001101100000000000100000001111;0.215612;2508;00001010001101100000000000100000001111;0.173831;2022;0.213502;94
36;00001100001101100000000000100000001111;0.215612;2508;00000101001101100000000000100000001111;0.172885;2011;0.213819;92
37;00001100001101100000000000100000001111;0.215612;2508;00001000001101100000010000100000001111;0.173917;2023;0.214653;97
38;00001100001101100000000000100000001111;0.215612;2508;00001100000101100000000000101000001111;0.179763;2091;0.213904;93
39;00001100001101100000000000100000001111;0.215612;2508;00001100000101101000000000100000001111;0.177356;2063;0.21359;92
40;00001100001101100000000000100000001111;0.215612;2508;00001101000101100000000000100000001111;0.177871;2069;0.213984;94
41;00001100001101100000000000100000001111;0.215612;2508;00000100001101100010000000100000001111;0.173659;2020;0.214038;95
42;00001100001101100000000000100000001111;0.215612;2508;00000100001101100000010000100000001111;0.171424;1994;0.21232;88
43;00001100001101100000000000100000001111;0.215612;2508;00000100001101101000000000100000001111;0.172541;2007;0.213923;93
44;00001100001101100000000000100000001111;0.215612;2508;00000100001101100010000000100000001111;0.173659;2020;0.21368;93
45;00001100001101100000000000100000001111;0.215612;2508;00000100101101100000000000100000001111;0.173229;2015;0.213797;94
46;00001100001101100000000000100000001111;0.215612;2508;00001100000101100000000000100100001111;0.179419;2087;0.214907;98
47;00001100001101100000000000100000001111;0.215612;2508;00001100000101110000000000100000001111;0.180021;2094;0.214629;95
48;00001100001101100000000000100000001111;0.215612;2508;00001100001101100000010000100000001101;0.179505;2088;0.214319;95
49;00001100001101100000000000100000001111;0.215612;2508;00001110001101100000000000100000001110;0.18131;2109;0.214264;94
50;00001100001101100000000000100000001111;0.215612;2508;00001100000101100000000100100000001111;0.178301;2074;0.214972;97
=============================================
geração;melhor;fitness;cobertura;pior;fitness;cobertura;média;ind_repetidos
0;10010000100001101001000000000001010011;0.139787;1626;01000000001000001111000111000001000100;0;0;0.0374398;1
1;10001100100001101001000000000001000011;0.137294;1597;00000111000000100011001000001110000100;0;0;0.0534904;2
2;00000110000010100011000000100000101110;0.145203;1689;00000111000000000100110100100001010100;0.000171939;2;0.0667065;2
3;00111000010001100000000010010000011001;0.151565;1763;01000011000100001010000110100010000100;0.000429849;5;0.0802639;3
4;00000100100001101000000001100000101110;0.156121;1816;01000111100000100111000000000011000000;0.000257909;3;0.10256;2
5;00011100001000000000000011100000101110;0.168931;1965;00000101101000100111000000000011000010;0.00515818;60;0.114519;3
6;00011100001000100000000001111000010001;0.179333;2086;00100000010000011000010001111000010100;0.0158184;184;0.125649;4
7;00001000000101000010000001111001000011;0.179591;2089;10011100010000101001000010000001001000;0.0328404;382;0.135094;3
8;00011100001000000000000001000001101111;0.184577;2147;00100100010010100000011000100011000010;0.00421252;49;0.139062;2
9;00011100001000100000000001000000101111;0.193088;2246;01101000011000101000000000100000101100;0.0344739;401;0.144944;6
10;00001000000001100000000001111001011001;0.188876;2197;00011100001000100000001000100001111000;0.0788343;917;0.150863;6
11;01011100001000100000000000000000101111;0.194807;2266;01001011000001100001010000100001000100;0.036795;428;0.150147;6
12;00011100001000100001000000000000101111;0.193862;2255;01001000001100100011000000100000110100;0.0551926;642;0.152623;2
13;00001000000001000001000001111000101110;0.194464;2262;01001000100101000011000000100000110100;0.0329264;383;0.154195;3
14;00011100000111100000000000000000101110;0.196097;2281;00010101011001000001000000001001010100;0.0404058;470;0.158501;6
15;00001000000001000001000001111000101011;0.196957;2291;00011101000000110000000000111000100100;0.0306052;356;0.159381;6
16;00011100000101100000000000010000001111;0.206069;2397;00010100000011010000000110001000100101;0.0350757;408;0.162589;2
17;00011100001011100000000000100000001011;0.203061;2362;00001000001011100000111100000001000010;0.071011;826;0.165493;3
18;00001000000001000001000001111000101011;0.196957;2291;00101100001000100001010000100000101100;0.0730743;850;0.164355;2
19;00001000000001000001000001111000101011;0.196957;2291;00010000000111110001000010100000101000;0.118466;1378;0.16406;5
20;00001000000001000001000001111000101011;0.196957;2291;00001000000101100001001010100001010100;0.0541609;630;0.167067;5
21;00001000000011100000000001110000001111;0.193432;2250;10001100000001010000000101111000000010;0.143054;1664;0.174731;15
22;00001000000001100000000001111000101011;0.193948;2256;00011000000011010000000001011000000111;0.149673;1741;0.177703;13
23;00011100001001000000000001110000001011;0.202631;2357;01001110000110100000000000100001001001;0.13566;1578;0.179243;13
24;00001000000011100000000001110001001011;0.192658;2241;00011110000010100000000001110000001010;0.140389;1633;0.177619;17
25;00000000000011100000000001111000101011;0.196097;2281;00001000000011010100000011000010001011;0.135316;1574;0.179547;23
26;00011100001001000000000001110001000011;0.201771;2347;00001110000011000000001010100000001011;0.143569;1670;0.183986;32
27;00000000000011100000000001111001001011;0.196957;2291;00000000000011100010001001110000000111;0.13695;1593;0.184398;38
28;00001000000001000000100001111000101011;0.198418;2308;00000000000111100000000001111000101010;0.157754;1835;0.186474;40
29;00001000000001000000100001111000101011;0.198418;2308;00001000000011111000000001010001000011;0.154316;1795;0.186308;48
30;00001000000001000000100001111000101011;0.198418;2308;00001010010001100000000001100001001011;0.162053;1885;0.186767;51
31;00000000000011100000000001111001001011;0.196957;2291;00001000000010100000100011110001001010;0.147524;1716;0.188477;63
32;00000000000011100000000001111001001011;0.196957;2291;00010000000011100001000001110000000111;0.166781;1940;0.190377;73
33;00000000000011100000000001111001001011;0.196957;2291;00000000000011100010000001110100001011;0.153886;1790;0.190527;73
34;00000000000011100000000001111001001011;0.196957;2291;00000000001011100000000001111001001010;0.158012;1838;0.19093;77
35;00000000000011100000000001110001011011;0.197215;2294;00001010000011100000000001110001001100;0.14847;1727;0.190716;77
36;00001000000001100000000001111001001110;0.200481;2332;00001010000010100000000001101001001011;0.157754;1835;0.190057;72
37;00000000000001100000000001111001001111;0.201255;2341;00001000000011100000010001110001001010;0.162827;1894;0.190114;73
38;00000000000001100000100001111001001110;0.197043;2292;00001000000011000000000101110011001010;0.160591;1868;0.190464;76
39;00001000000001100000000001111001001110;0.200481;2332;00001010000011100000000001110001001001;0.157583;1833;0.19156;74
40;00001000000011000000000001110001011110;0.200138;2328;00101000000011100000000001110000011010;0.167211;1945;0.192011;68
41;00000000000011100000000001110001011110;0.203146;2363;00000000000011000000010001111100011100;0.150533;1751;0.190842;60
42;00000000000011100000000001110001011110;0.203146;2363;00100000000011101000000001110000001110;0.145633;1694;0.190127;50
43;00000000000011100000000001110001011110;0.203146;2363;00001000100011100000000001110000011010;0.163343;1900;0.191274;43
44;00001000000001100000000001111000011110;0.202889;2360;00001000000011100000100001101000011010;0.157067;1827;0.191492;42
45;00001000000001000000000001111001011110;0.203662;2369;00001000000001100000100011101001001100;0.126547;1472;0.192431;47
46;00000000000001100000000001111001011110;0.207531;2414;00001000000001001000000101111000011100;0.147094;1711;0.195296;59
47;00000000000011100000000001110001011110;0.203146;2363;00001000000011100000000101110000011010;0.164288;1911;0.196476;58
48;00000000000001100000000001110101011110;0.204694;2381;00001001000001100000000001111000011100;0.15294;1779;0.196361;59
49;00000000000001100000000001111001011110;0.207531;2414;00001000000001100000000101111000011010;0.169446;1971;0.196961;50
50;00000000000001100000000001111001011110;0.207531;2414;00001000001001000000000011111001001100;0.1538;1789;0.198497;67
=============================================
geração;melhor;fitness;cobertura;pior;fitness;cobertura;média;ind_repetidos
0;00100100000000000010000001111000101110;0.162397;1889;10000010000100001100010011010001100000;8.59697e-05;1;0.0404316;1
1;00010001000000000010000001111000101110;0.166351;1935;10000110011000000010110001000000000110;0.000515818;6;0.0550335;1
2;00011001000101000001100000010000011010;0.15827;1841;11000110000100000100001100000100011000;0.000171939;2;0.0746321;2
3;01000001000101100010000100000001001011;0.158614;1845;00000100001010000100010100100010110010;0.000171939;2;0.0921338;1
4;00001001000101100010000100000001001011;0.159904;1860;00010001001000111000100100100011000000;0.00249312;29;0.0991446;2
5;10000000000000000010000001111001111001;0.171682;1997;01010000011000010100000100101000001100;0.0121217;141;0.118637;5
6;00001000000101100010000001010001001110;0.171166;1991;10010000010011000001010000101001000100;0.00928473;108;0.127166;3
7;00000000001001000000000011110101100110;0.178215;2073;00000000101000001000100011100110100001;0.00765131;89;0.134084;3
8;00000000000001000000000111110101100110;0.18131;2109;01001001000001110000100001001000100100;0.0263067;306;0.142219;6
9;00001100010001100000000000010001001111;0.182858;2127;01001000101100000010000000100010010110;0.0417813;486;0.149936;4
10;00010000000011100010000001010001001110;0.179247;2085;10100000001000000010110100000001001110;0.042555;495;0.152821;3
11;00001000000001100001000001110001001110;0.189305;2202;10100000001000000010110100000001001110;0.042555;495;0.156014;2
12;00000000000001100000000001111001001111;0.201255;2341;00111000000101000000000000111000110100;0.0621561;723;0.160829;5
13;00000000000001100010000001110001111100;0.198762;2312;00111000000000100001000000110001110100;0.0912139;1061;0.162865;4
14;00010000000001100000000011110001110100;0.197558;2298;00011000000001101000000000100110110100;0.0401479;467;0.165046;7
15;00000000000001100000000011110001111100;0.201857;2348;00010000000100000100000100110001111100;0.0694636;808;0.169215;11
16;00010000000001100000000001111001001110;0.199364;2319;00001000011001000100000100010001011100;0.0584594;680;0.170515;4
17;00000000000001000011000001110001111100;0.201943;2349;00000000011001100000010000110100111000;0.113308;1318;0.174445;3
18;00000000000001000011000001110001111100;0.201943;2349;00000000101000000001001000111000111100;0.0557084;648;0.173801;8
19;00001000000001000000000001111001111100;0.204178;2375;00001000001001000001001000110001110100;0.0825309;960;0.177885;4
20;00000000000001000011000001110001111100;0.201943;2349;00100000001001010001000000110001110100;0.0754814;878;0.179618;5
21;00000000000001000001100001110001111100;0.20435;2377;00000001000000100010001001110000111100;0.139959;1628;0.183653;8
22;00000000000001000001100001110001111100;0.20435;2377;00000000100001100000000001111010101100;0.145031;1687;0.186766;19
23;00000000000001000000000001111101111100;0.205983;2396;01100000000001000110000000110001101100;0.151049;1757;0.187709;20
24;00000000000001000010000001111001111100;0.20478;2382;01001000000001000001000001010001111100;0.167985;1954;0.192563;38
25;00000000000001000010000001111001111100;0.20478;2382;00001100000000000001000001111001110100;0.088119;1025;0.19383;40
26;00000000000001000010000001111001111100;0.20478;2382;00010000001001000001000001101001110100;0.0719567;837;0.19184;35
27;00000000000001000010000001111001111100;0.20478;2382;00000100000001100001010001010001110100;0.163257;1899;0.194743;31
28;00000000000001000010000001111001011110;0.204866;2383;00000100000011000010000001110001111000;0.161451;1878;0.195395;36
29;00000000000001000001000001111001111100;0.205038;2385;00001000000001000001001101010001110100;0.070925;825;0.194761;40
30;00000000000011000000000001111001111100;0.204952;2384;00001000100001000010000001011001110100;0.0751375;874;0.195318;43
31;00000000000001000010000001111001111100;0.20478;2382;00001000000001001001000001100001111100;0.164632;1915;0.19654;38
32;00000000000001000001100011110001110100;0.207445;2413;00000000001001000000000011110101111000;0.15999;1861;0.198289;43
33;00000000000001000001100011110001110100;0.207445;2413;00000000010001001001100001110001100100;0.137208;1596;0.19792;45
34;00000000000001000001000011111001110100;0.208133;2421;00000000000001000001100001111101010100;0.150103;1746;0.197564;46
35;00000000000001000000100001111001111100;0.206155;2398;00000000000001000110000011111000110100;0.150361;1749;0.19732;52
36;00000000000001000010000011111001110100;0.207789;2417;00000000000001000010000011111101010100;0.154574;1798;0.199412;59
37;00000000000001000010000011111001110100;0.207789;2417;00000000000001000100100001110101011100;0.16618;1933;0.200722;64
38;00000000000001000010000011111001110100;0.207789;2417;00000000000001000001100001111101100100;0.149931;1744;0.198864;63
39;00000000000001000000100011111001110100;0.209336;2435;00000000000011010000100001110001101100;0.167727;1951;0.20247;72
40;00000000000001000000100011111001110100;0.209336;2435;00100000000000000000100001111101110100;0.0827889;963;0.200539;70
41;00000000000001000000100011111001110100;0.209336;2435;00000000010001000000100001011101101100;0.140389;1633;0.20235;72
42;00000000000001000000100011111001110100;0.209336;2435;00000000000001000010100001111001111000;0.168759;1963;0.203062;77
43;00000000000001000000100011111001110100;0.209336;2435;00000000001001000010100001111001100100;0.14185;1650;0.203122;84
44;00000000000001000000100011111001110100;0.209336;2435;00000000000011000000100001011101110100;0.0885488;1030;0.203292;82
45;00000000000001000000100011111001110100;0.209336;2435;01100000000001000000100001111001010100;0.164116;1909;0.202992;76
46;00000000000001000000100011111001110100;0.209336;2435;00000000000001000010100001111001111000;0.168759;1963;0.204075;81
47;00000000000001000000100011111001110100;0.209336;2435;00000000000001001000100001111001011100;0.169446;1971;0.20437;86
48;00000000000001000000100011111001110100;0.209336;2435;10000001000000000000000011111001110100;0.0731602;851;0.202952;79
49;00000000000001000000100011111001110100;0.209336;2435;00000001000001000000100001111001111000;0.167641;1950;0.203787;82
50;00000000000001000000100011111001110100;0.209336;2435;00000001000001010000000001111001111000;0.158872;1848;0.203515;82
=============================================
geração;melhor;fitness;cobertura;pior;fitness;cobertura;média;ind_repetidos
0;00010001010011000000000000010010101110;0.155089;1804;10000011000100011011010010100000000000;0;0;0.0376367;1
1;00110000000011000000010000010010101110;0.155433;1808;00001010110000000101000010001101010000;0;0;0.0491541;1
2;00001100001000100001010000010000110011;0.165234;1922;00000010001010000100010000100110100101;0.000257909;3;0.0618148;4
3;00000011000011000000010000000010101111;0.148384;1726;00010011010000001100000101000100011000;0;0;0.0752442;1
4;00000100001110100101000000000000101011;0.172111;2002;10000110100101001000100000100000100100;0.00128955;15;0.0966231;2
5;00101100000100000010000100010000011011;0.168673;1962;00100101010100100100100000010010100000;0.00163343;19;0.102714;2
6;01110000000001000000000001110001100011;0.174261;2027;01100001001000001100000001100011001000;0.00292297;34;0.108287;2
7;00000100010011000000000001110000011011;0.177699;2067;10010000110000001100110000010000101000;0.00361073;42;0.119721;1
8;00111000000101000000000001110000001011;0.185781;2161;10100001000100000100101001100001010000;0.0065337;76;0.122917;1
9;00000000010011000010000001110000011011;0.177699;2067;11000011000000100000101001010001100000;0.0045564;53;0.127278;2
10;00000000010011000010000001110000011011;0.177699;2067;00000100011100000001010101100000101000;0.0263067;306;0.131387;1
11;01000000000101100000000001000001111110;0.182428;2122;10100000010100010100000001011000010100;0.011262;131;0.139331;5
12;00111100000000100000000000010001011110;0.186468;2169;01100000010110100000010100010010001000;0.0147008;171;0.142071;7
13;00111100000100100000000000010000011110;0.18621;2166;11001000000100100000010100010000010110;0.0387724;451;0.147796;6
14;00111100000100100000000000010000011110;0.18621;2166;11001000000100100000001000000001101110;0.0716988;834;0.153633;6
15;00100000000011000000000001110001101110;0.188961;2198;00101000000100110000000010010001010110;0.0543329;632;0.161123;5
16;00111000000101100000000000010000011110;0.193002;2245;01010000110011000000000001010001100100;0.0375688;437;0.153349;3
17;00111000000101100000000000010000011110;0.193002;2245;00111000100010000010000000000101001110;0.0534732;622;0.153875;5
18;00000010000001100000000001110001111010;0.189219;2201;01100100100001000000000100001000011110;0.0548487;638;0.159868;3
19;00000010000001100000000001110001111010;0.189219;2201;01100100001100001000000001000000011110;0.0683459;795;0.16504;3
20;00001000000001000000000011110001101110;0.193432;2250;00011000001001000000110100010001010010;0.0959422;1116;0.167555;2
21;00000100000001100000000001110001011110;0.19859;2310;00000010101011000000000000000011011110;0.0701513;816;0.167052;5
22;00000000000011000000000011110001111100;0.202459;2355;00111100000011000000000100000001001101;0.0791781;921;0.172797;5
23;00000000000001000001000011110001111100;0.202545;2356;10000000001101110001000000010001011000;0.124656;1450;0.173925;6
24;00001000000001000001000011110001110100;0.201083;2339;00011000000010100000001000011001111000;0.0604367;703;0.175312;7
25;00000000000011100000000001110001011110;0.203146;2363;10000000001101000000000100010011011100;0.0407497;474;0.177519;10
26;00000000000011100000000001110001011110;0.203146;2363;00000000001001001001000100110001001110;0.148384;1726;0.181618;7
27;00000000000011000000000001111001011110;0.206155;2398;00100000000011001000000001111001000110;0.145805;1696;0.183077;7
28;00000000000011000000000001111001011110;0.206155;2398;00010000100001000001000011110001001100;0.149845;1743;0.185807;8
29;00000000000011100000000001110001011110;0.203146;2363;01001000000001001000000001101001001110;0.154574;1798;0.187627;18
30;00000000000011100000000001110001011110;0.203146;2363;01010000000011000001000101100001010100;0.0413514;481;0.187716;13
31;00000000000001000001000001111001011110;0.205038;2385;00000001001001000010000001111000001110;0.145461;1692;0.191178;16
32;00000000000011000000000001111001011110;0.206155;2398;00000000001011000100000001110001011100;0.159216;1852;0.192718;23
33;00000000000011000000000001111001011110;0.206155;2398;00001000000110001000000001110001001110;0.160162;1863;0.194094;23
34;00000000000011000000000001111001011110;0.206155;2398;00000000000011100000010001110001011100;0.164718;1916;0.193085;29
35;00000000000011000000000001111001011110;0.206155;2398;01000010000001110000000001110001011000;0.139615;1624;0.19316;31
36;00000000000011000000000001111001011110;0.206155;2398;00000000000001001000010100110001011110;0.167641;1950;0.196382;42
37;00000000000011000000000001111001011110;0.206155;2398;00000000000011000000010011110001011100;0.165922;1930;0.196313;52
38;00000000000001100000000001111001011110;0.207531;2414;00000000000011000011000001100001011110;0.178645;2078;0.199737;60
39;00000000000001100000000001111001011110;0.207531;2414;00000000000011000000010111110001001010;0.140131;1630;0.198404;56
40;00000000000011000000000001111001011110;0.206155;2398;00000010010001000000000001100101011110;0.161021;1873;0.198763;60
41;00000000000001000000000001111101011110;0.208305;2423;00100000000011100000000001110001011100;0.17108;1990;0.199316;62
42;00000000000001000000000001111101011110;0.208305;2423;10000000000011100000000001110001011100;0.169446;1971;0.199962;60
43;00000000000001100000000001111001011110;0.207531;2414;00000000000011101000000001011000111100;0.153112;1781;0.200404;57
44;00000000000001100000000001111001011110;0.207531;2414;00000000000001100100000011110001011100;0.165922;1930;0.200949;62
45;00000000000001100000000001111001011110;0.207531;2414;00000000000111000000100001010011010110;0.161709;1881;0.201837;70
46;00000000000001100000000001111001011110;0.207531;2414;00000000000011000000000011101001011110;0.178043;2071;0.204569;76
47;00000000000001100000000001111001011110;0.207531;2414;00000000000001100000001001101001011110;0.180708;2102;0.205468;83
48;00000000000001100000000001111001011110;0.207531;2414;00000000000000100000000011111001011110;0.183116;2130;0.206476;91
49;00000000000001100000000001111001011110;0.207531;2414;01000000000001100000000001111001011100;0.18088;2104;0.2064;91
50;00000000000001100000000001111001011110;0.207531;2414;00000000000001100000000001011001111110;0.186812;2173;0.206883;93
=============================================
geração;melhor;fitness;cobertura;pior;fitness;cobertura;média;ind_repetidos
0;10000000000000001110101000010000011011;0.137981;1605;00100110100000110001010010000100000001;0;0;0.0433244;1
1;10000000001110100000000001100000011011;0.159646;1857;00000011100000001101000011001001010000;8.59697e-05;1;0.0740707;4
2;00000000001110100000000011100000011011;0.159216;1852;00000000101000100110100010000010110001;0.00154746;18;0.0964142;5
3;00011100110100100000000000110000010010;0.15466;1799;00000001011001010001001001000010110000;0.00240715;28;0.103324;3
4;00000100001001010000000001110000101011;0.169704;1974;10000000001100101011000001000001110000;0.0127235;148;0.117863;1
5;00101000000001000000100001110000111001;0.173745;2021;10000000100110110001000011010000000100;0.0108322;126;0.125499;5
6;00000000001001010010000001110000011011;0.174175;2026;00001000010001001011101100010000100000;0.0212345;247;0.126737;3
7;00001100000011100010000001000001001011;0.172111;2002;00101000000010001000001101000001101001;0.0416094;484;0.138487;2
8;01000000001001000000100001110000011011;0.177957;2070;01000100000101001001000011000011001000;0.00842503;98;0.143018;4
9;10000000000011100010000000110000001111;0.179763;2091;00001000000011010101000001010001010100;0.0404058;470;0.148928;5
10;00001000000011100010000000110000001111;0.185953;2163;00101100000011110000000110000001001000;0.0270805;315;0.151709;5
11;00001000000011100010000000110000011011;0.184663;2148;00001000100011010000000100001001011010;0.0588893;685;0.154017;3
12;00001000000011100010000000110000011011;0.184663;2148;10001000000011010100000100000001011001;0.0496905;578;0.157945;3
13;00001100001101100010000000000000011011;0.207445;2413;00100000000001100110000100110000011010;0.124656;1450;0.163809;4
14;00001100001101100010000000000000011011;0.207445;2413;00001001100000000100100000001001011011;0.114598;1333;0.167166;9
15;00001100001101100010000000000000011011;0.207445;2413;00001000000101011000000010000001010111;0.0587173;683;0.167463;11
16;00001100001101100010000000000000011011;0.207445;2413;00000100001111000010000000000001010111;0.112534;1309;0.169911;6
17;00001100001101100010000000000000011011;0.207445;2413;00001110100100100010100000000001001010;0.112878;1313;0.170147;11
18;00001100001101100010000000000000011011;0.207445;2413;01000010100011010000000000000001011011;0.148212;1724;0.174743;7
19;00001100001101100010000000000000011011;0.207445;2413;00001100001001010010000000000001010111;0.114168;1328;0.175143;9
20;00001100001101100010000000000000001111;0.210712;2451;00001000001111100000000100001000010110;0.0536451;624;0.172485;6
21;00001100001101100010000000000000001111;0.210712;2451;00000100000011000010001001010100011001;0.121647;1415;0.174952;7
22;00001100001101100000000000010000001111;0.220426;2564;10101100000000100000000000001001110011;0.068174;793;0.173883;6
23;00001100001101100000000000010000011011;0.218879;2546;00001100001100000000000000011011111000;0.0956843;1113;0.179313;15
24;00001100001101100000000000000000011111;0.213205;2480;00001100001001010011000000000001010101;0.0785763;914;0.177833;14
25;00001100001101100000000000010000011110;0.214752;2498;00001100101100000000000000010001011101;0.104883;1220;0.179304;12
26;00001100001101100000000000010000001111;0.220426;2564;00001100001101001010000000000000110110;0.0899243;1046;0.181963;16
27;00001100001101100000000000010000001111;0.220426;2564;00001100101100100100000010000000001110;0.0763411;888;0.18356;19
28;00001100001101100000000000010000011011;0.218879;2546;00001110100100100000000010000000011110;0.0641334;746;0.187393;17
29;00001100001101100000000000010000001111;0.220426;2564;00001100100100000100000000000001011111;0.0757393;881;0.192589;17
30;00001100001101100000000000010000011110;0.214752;2498;00001101001100101000000000000000011110;0.102304;1190;0.19658;31
31;00001100001101100000000000010000001111;0.220426;2564;00001100101100000100000000010000011110;0.093707;1090;0.19841;31
32;00001100001101100000000000010000001111;0.220426;2564;00001100001101100100000000001000011100;0.0615543;716;0.198973;28
33;00001100001101100000000000010000011011;0.218879;2546;01001100101101000000000000000000101110;0.099467;1157;0.196538;32
34;00001100001101100000000000010000001111;0.220426;2564;00011100001100100010000000000001011100;0.0950825;1106;0.204274;49
35;00001100001101100000000000010000001111;0.220426;2564;00001100011100100000000000010001011100;0.0999828;1163;0.208993;62
36;00001100001101100000000000010000001111;0.220426;2564;00001100101101100000000100000000001101;0.170306;1981;0.212276;71
37;00001100001101100000000000010000001111;0.220426;2564;00000100001101101000000000010001001011;0.166867;1941;0.214814;80
38;00001100001101100000000000010000001111;0.220426;2564;00001110000101100000000000010000011011;0.179591;2089;0.216531;85
39;00001100001101100000000000010000001111;0.220426;2564;00000100001101100000000000010000011111;0.18131;2109;0.217663;87
40;00001100001101100000000000010000001111;0.220426;2564;00001100000101100000010000010000011011;0.179763;2091;0.218417;91
41;00001100001101100000000000010000001111;0.220426;2564;00001100000101100000001000010000001111;0.181654;2113;0.219115;93
42;00001100001101100000000000010000001111;0.220426;2564;10001100001101100000000000010000001101;0.187758;2184;0.219656;96
43;00001100001101100000000000010000001111;0.220426;2564;00000100101101100000000000010000001111;0.174003;2024;0.219621;98
44;00001100001101100000000000010000001111;0.220426;2564;00010100001101100000000000010000001111;0.200911;2337;0.219649;95
45;00001100001101100000000000010000001111;0.220426;2564;00001000001101100000000000110000001111;0.181482;2111;0.219247;93
46;00001100001101100000000000010000001111;0.220426;2564;00001100010101100000000000010000001111;0.185007;2152;0.218781;93
47;00001100001101100000000000010000001111;0.220426;2564;00001100001101100000001000010000001110;0.18664;2171;0.219028;94
48;00001100001101100000000000010000001111;0.220426;2564;00000100001101100100000000010000001111;0.172885;2011;0.218767;93
49;00001100001101100000000000010000001111;0.220426;2564;00000100001101100000000010010000001111;0.174862;2034;0.21908;96
50;00001100001101100000000000010000001111;0.220426;2564;00000100001101100000000000010001001111;0.180279;2097;0.219127;94
=============================================
geração;melhor;fitness;cobertura;pior;fitness;cobertura;média;ind_repetidos
0;00010010010100100000000001100001001110;0.154402;1796;00000101000100001100010010000101110000;0;0;0.0405708;1
1;01110010000100000011000000000001001011;0.144515;1681;01100011000000101000000011100010100000;0.000171939;2;0.0493716;2
2;00000011100001100101000000000000101110;0.151135;1758;01000011010000000011010111010000000000;0.000515818;6;0.0661752;3
3;01001000000111000010000010000000101011;0.1538;1789;00100001000101000010110100000100000101;0.000945667;11;0.0825748;3
4;00001100101001000000100001111000000010;0.151994;1768;00100001010100000111000010011000000010;0.000773728;9;0.0967546;1
5;10011000001100100000000001010000000111;0.165492;1925;00000010010100010001100111010000000100;0.00137552;16;0.106232;1
6;10011000001100101000000000000000101011;0.177528;2065;00000001000101001101010010101000000100;0.000257909;3;0.118453;1
7;00010000001001000010100001110000001011;0.173745;2021;00000010010110000011000001000011011000;0.00636176;74;0.127454;5
8;00001000000101000010100001110001000011;0.17512;2037;01101000000111000001001001101000000000;0.0259629;302;0.127753;5
9;01011000001100100000000000010001101010;0.175722;2044;01001000000010010000010101100010001100;0.00997249;116;0.132725;2
10;00010000001001100000000001110001001110;0.186124;2165;01000110000100001011000001101000000100;0.0110041;128;0.137333;6
11;00001000000101100000000000110000111110;0.185007;2152;00010010000100001011000100011001000010;0.00223521;26;0.140698;2
12;00000000000001100000100001111000101110;0.197043;2292;10010001100101100100111000000000000000;0.00636176;74;0.146392;3
13;00000000000001100000100001111000101110;0.197043;2292;00010011000100000001000011000001101100;0.0466816;543;0.151265;6
14;00001000000001100000000001111000001111;0.200567;2333;00100010001000000000000100110011110001;0.0485729;565;0.153104;5
15;00001000010001100000000001110000101110;0.183287;2132;10000010001100100100110000010000101000;0.0447902;521;0.155714;2
16;00001000000001100000100001110000111010;0.185867;2162;00101010010100100010000000010001100001;0.0545048;634;0.155756;4
17;00001000010001000000000001110001101110;0.18664;2171;00001001110000100001000000010101001100;0.0428129;498;0.156517;2
18;00000000000101000010000001110001011110;0.197129;2293;00101000001010000011000000000100011110;0.0658528;766;0.161303;4
19;00001000000001100000000001111000011110;0.202889;2360;10000000000101100000110000110000001101;0.128009;1489;0.165999;5
20;00001000000001000001000001111000001111;0.199794;2324;00001000010001100000000101010101001100;0.122851;1429;0.16834;9
21;00001000000001000001000001111000101110;0.194464;2262;00101000010001000000101000110000110100;0.056912;662;0.165549;3
22;00000000000001010000000001110001111110;0.196355;2284;01000000000001100000001101010100001110;0.13609;1583;0.171727;7
23;00000000000101000010000001110001011110;0.197129;2293;00001100000001001010001001000000010111;0.138411;1610;0.175129;9
24;00001000000001100000000001111000011110;0.202889;2360;00001001000001000000100010101000111100;0.0940509;1094;0.17731;14
25;00000000000001100000100001110001011110;0.203232;2364;00010000101000000001000001111000101100;0.131448;1529;0.179252;7
26;00000000000001100000000001110001011111;0.202631;2357;00101000000000110000000001110001100011;0.152338;1772;0.183527;8
27;00001000000001100000000001111000011110;0.202889;2360;00001000100011100000000011100001010100;0.139013;1617;0.185166;20
28;00001000000001100000000001111000011110;0.202889;2360;00001000000001010010000010110000101110;0.158098;1839;0.187508;23
29;00001000000001100000000001111000011110;0.202889;2360;00001100000001101000000001110000011100;0.143312;1667;0.19039;30
30;00000000000001000010000001111001011110;0.204866;2383;00001000000011100000100001110000011100;0.153972;1791;0.192115;29
31;00001000000001000000000001111001011110;0.203662;2369;00001000000001101000100000111000011010;0.148298;1725;0.192113;31
32;00000000000001100000000001110101011110;0.204694;2381;10000000100001100001000001100001010110;0.15423;1794;0.193196;37
33;00000000000001100000000001110101011110;0.204694;2381;01010000000011100000000001110100101000;0.154402;1796;0.194139;45
34;00000000000001100000000001110101011110;0.204694;2381;10000000000001001000100000111000011110;0.155175;1805;0.196166;51
35;00001000000001000000000001111001011110;0.203662;2369;00001000000001000001000001100101011110;0.165664;1927;0.196752;59
36;00001000000001000000000001111001011110;0.203662;2369;00001000000001110000000001111000011100;0.154316;1795;0.196586;57
37;00000000000001000001000001111001011110;0.205038;2385;00000000000001100000010001111010011100;0.146063;1699;0.19796;67
38;00000000000001100000000001111001011110;0.207531;2414;00001010010000100000000001111000011010;0.140131;1630;0.198741;68
39;00000000000001100000000001111001011110;0.207531;2414;00001000000001100010000001111000011100;0.16042;1866;0.20051;76
40;00000000000001100000000001111001011110;0.207531;2414;10001000000000100000000001111001011010;0.172197;2003;0.200018;68
41;00000000000001100000000001111001011110;0.207531;2414;00001000000000000100000001111001011110;0.176926;2058;0.200446;67
42;00000000000001100000000001111001011110;0.207531;2414;00001000000001100000000101111000001110;0.17555;2042;0.199985;65
43;00000000000001000000000001111101011110;0.208305;2423;00001000000001100000001001011001010110;0.164374;1912;0.20051;61
44;00000000000001000000000001111101011110;0.208305;2423;00001000000001100001000001111000011100;0.160591;1868;0.197033;54
45;00000000000001000000000001111101011110;0.208305;2423;00001001000001000000000001101001011110;0.168673;1962;0.200174;62
46;00000000000001000000000001111101011110;0.208305;2423;00000000000101100001000001111000001110;0.15999;1861;0.2;55
47;00000000000001000000000001111101011110;0.208305;2423;00000001000001000010000001111001011100;0.168243;1957;0.200556;55
48;00000000000001000000000001111101011110;0.208305;2423;00100000000001100000000001111001011100;0.172025;2001;0.20256;74
49;00000000000001000000000001111101011110;0.208305;2423;00001000000001100000000001011101010110;0.167211;1945;0.203374;72
50;00000000000001000000000001111101011110;0.208305;2423;00000000000001010000100001011001011110;0.175722;2044;0.203996;76
=============================================
geração;melhor;fitness;cobertura;pior;fitness;cobertura;média;ind_repetidos
0;00010001000001000001101011110010000000;0.154316;1795;10000101100100001010100011000100000000;0;0;0.0349166;1
1;00010010010001010000000100010000101110;0.147352;1714;11000010011000000000001010100100101000;0.00146149;17;0.0564211;2
2;11001000000001010000000100010000101110;0.152682;1776;11000100010000000110000100000110001010;0.00171939;20;0.0694489;4
3;00001001000001101001000000010000101110;0.161451;1878;00001000100001000001011001001010100100;0;0;0.0843802;2
4;10110000000100100001000000010000101110;0.166094;1932;10010001010000000111101001000000100000;0.00128955;15;0.101687;3
5;00101000000011100000000001010000101110;0.178043;2071;00010110010000101100110000010100000000;0.00137552;16;0.11004;5
6;00101000000011100000000001010000101110;0.178043;2071;00010010011000000111000000010100101000;0.000171939;2;0.124156;4
7;00001000000011101001000000100000101110;0.168243;1957;00001010010011001001000101001000001000;0.0140131;163;0.130021;3
8;00010001000011100000000001010000101110;0.17555;2042;01101001000001100010000010001000101000;0.0508081;591;0.136106;4
9;00001100001101100000000000011000001110;0.18879;2196;10001010010010001001000000110000100001;0.0252751;294;0.141586;5
10;00001100001101100000000000011000001110;0.18879;2196;10001011000110100000000001000000110001;0.0299175;348;0.149334;5
11;01000000100001100000000001110000011110;0.182686;2125;01101001000001000001000100010001010001;0.0621561;723;0.155558;3
12;00001100001101100000000000010000101110;0.211829;2464;00011000100001100001001000000001111000;0.0917297;1067;0.158394;10
13;00001100001101100000000000010000101110;0.211829;2464;10001100000010101001000000010000101100;0.0611245;711;0.161416;11
14;00001100001101100000000001000000101110;0.203318;2365;01001100001100000011000000010000101100;0.0698074;812;0.163619;2
15;00001100001101100000000000010000101110;0.211829;2464;00001100001101100000000000001001100110;0.093707;1090;0.166357;7
16;00001100001101100000000000010000101110;0.211829;2464;00001100010100000001000000010001101110;0.122335;1423;0.170246;4
17;00001100001101100000000000010001101010;0.208133;2421;10001100000001110000001000000001111000;0.05674;660;0.170311;8
18;00001100001101100000000000010000101110;0.211829;2464;00001100000011101010000000000100101100;0.0661107;769;0.170762;6
19;00001100001101100000000000010000101110;0.211829;2464;00011101000000100000000100000101101010;0.0606946;706;0.169429;2
20;00001100001101100000000000010001101010;0.208133;2421;10011100000101100000000000010001100100;0.0678301;789;0.172089;7
21;00001100001101100000000000010000101011;0.216214;2515;10011100000101000000000000010001101100;0.0876891;1020;0.174536;9
22;00001100001101100000000000010000101011;0.216214;2515;10011000000100100000000000001100101110;0.073934;860;0.172785;9
23;00001100001101100000000000010000001111;0.220426;2564;10011000000100100000000000001100101110;0.073934;860;0.178048;12
24;00001100001101100000000000010000001111;0.220426;2564;00000101001101100000000000110000101010;0.125;1454;0.18629;20
25;00001100001101100000000000010000001111;0.220426;2564;00001100001101000000010000000100101110;0.0933631;1086;0.192988;34
26;00001100001101100000000000010000001111;0.220426;2564;00001100000101100000000001010101001010;0.150275;1748;0.198176;39
27;00001100001101100000000000010000001111;0.220426;2564;00001100001110000000000000010100101110;0.0986073;1147;0.202797;45
28;00001100001101100000000000010000001111;0.220426;2564;00001110000001100100000000010001001011;0.166695;1939;0.206868;52
29;00001100001101100000000000010000001111;0.220426;2564;10101100001111000000000000000000000111;0.0981774;1142;0.209372;63
30;00001100001101100000000000010000001111;0.220426;2564;01001000001101100000000000010000101011;0.176496;2053;0.213616;73
31;00001100001101100000000000010000001111;0.220426;2564;00001100001001100000000000010010101011;0.178731;2079;0.21633;83
32;00001100001101100000000000010000001111;0.220426;2564;00000100001101100000000000010100001111;0.174089;2025;0.218251;90
33;00001100001101100000000000010000001111;0.220426;2564;00000100001101100000000100010000001111;0.174605;2031;0.218866;93
34;00001100001101100000000000010000001111;0.220426;2564;00000100001101100000000100010000001111;0.174605;2031;0.217586;90
35;00001100001101100000000000010000001111;0.220426;2564;00000100001101100000000010010000001111;0.174862;2034;0.218018;92
36;00001100001101100000000000010000001111;0.220426;2564;00001100001001100000001000010000001111;0.183545;2135;0.218468;91
37;00001100001101100000000000010000001111;0.220426;2564;00001100000101100000000000110000001111;0.184319;2144;0.219095;95
38;00001100001101100000000000010000001111;0.220426;2564;00001000001101100000000000010010001111;0.175034;2036;0.219973;99
39;00001100001101100000000000010000001111;0.220426;2564;00001000011101100000000000010000001111;0.179419;2087;0.218559;93
40;00001100001101100000000000010000001111;0.220426;2564;00000100001101100010000000010000001111;0.174175;2026;0.219094;96
41;00001100001101100000000000010000001111;0.220426;2564;00001100001101100000000000110000000111;0.201427;2343;0.220052;98
42;00001100001101100000000000010000001111;0.220426;2564;00001100001101100000010000010000001101;0.184319;2144;0.219744;97
43;00001100001101100000000000010000001111;0.220426;2564;00001000001101100000100000010000001111;0.175378;2040;0.21807;90
44;00001100001101100000000000010000001111;0.220426;2564;00001100001101100000000001010000001101;0.185351;2156;0.219322;95
45;00001100001101100000000000010000001111;0.220426;2564;00001000001101100000000000010001001111;0.181138;2107;0.219519;97
46;00001100001101100000000000010000001111;0.220426;2564;00001100000101100000000100010000001111;0.181912;2116;0.218938;95
47;00001100001101100000000000010000001111;0.220426;2564;00000100001101100000001000010000001111;0.173573;2019;0.218061;92
48;00001100001101100000000000010000001111;0.220426;2564;00000110001101100000000000010000001111;0.172197;2003;0.219523;97
49;00001100001101100000000000010000001111;0.220426;2564;00001100001101100000000100010000001110;0.186898;2174;0.219483;96
50;00001100001101100000000000010000001111;0.220426;2564;00000100001101100000000010010000001111;0.174862;2034;0.21824;91
=============================================
geração;melhor;fitness;cobertura;pior;fitness;cobertura;média;ind_repetidos
0;00100001000001000000011001100001001110;0.142882;1662;00010011001001000110010001000000110000;0;0;0.0389727;1
1;00011001000000000001100011110000100010;0.152338;1772;00101001010000010101000010001100000010;0.000687758;8;0.0587319;4
2;00001001001001000011111000010000001000;0.175292;2039;01000000011000000001010010100110100010;0;0;0.0764512;3
3;00001000001101000011000000010001001011;0.180536;2100;00100010101001000011010010100000010000;0.000343879;4;0.091048;3
4;00001000001001000011111000110000001000;0.191283;2225;00001010001100010100000011010000010100;0.00765131;89;0.112481;4
5;00011000001101010000010000100000001011;0.176582;2054;10100001001000000011101100010000100000;0.00687758;80;0.115854;2
6;00011000001101010000010000100000001011;0.176582;2054;01000100001001010010011000000010011000;0.00257909;30;0.117463;3
7;00001000000001000011111000000000010111;0.206155;2398;00001011101001011000000001000000001100;0.00808116;94;0.120243;3
8;01000000000001000011111000000000010111;0.20564;2392;10100001000011010001010000001010001000;0.00412655;48;0.131712;6
9;00011000000001000000000011110001001011;0.18621;2166;00000010001010010010100010100000001011;0.0945667;1100;0.140857;4
10;00011001001101000000000000100000101011;0.181568;2112;00011000000001011001000010010000010110;0.0834766;971;0.144047;2
11;00011000000001000001100001110100000011;0.182514;2123;00001000001101011001000010000000010110;0.0615543;716;0.150093;8
12;00001101001101000000000000100000101011;0.194979;2268;00001100001001001110010000010001000100;0.011262;131;0.150593;5
13;00001101001101000000000000100000101011;0.194979;2268;00001000001101011000100001010000000011;0.110901;1290;0.158175;4
14;00011000001101000000000001110000001110;0.191283;2225;10011001001101000000001000100000100001;0.0618982;720;0.15866;3
15;00011000001101000000000001110000001011;0.199622;2322;00011000011101000010000110010000100000;0.0437586;509;0.1605;5
16;00011100001001000000000001110000001011;0.202631;2357;10001110001100000001000001000100001100;0.0438446;510;0.159618;2
17;00011100001001000000000001110000001011;0.202631;2357;00001100000101010001000001010101000100;0.0400619;466;0.164132;1
18;00011100001001000000000001110000001011;0.202631;2357;00011100001011000000000100100000101100;0.0745358;867;0.170656;8
19;00001100001101000000000000100001001111;0.202803;2359;00011001001001000000000001100110000011;0.131706;1532;0.171698;6
20;00001100001101000000000001110000001011;0.208391;2424;00011100001011010000000000100001000101;0.0835626;972;0.17171;8
21;00001100001101000000000001110000000111;0.207789;2417;00011100001000010010000000110001001100;0.090784;1056;0.174314;11
22;00001100001101000000000001110000001011;0.208391;2424;00010010001001010000001001110000001010;0.128267;1492;0.176405;8
23;00001100001101000000000001110000001011;0.208391;2424;01011010000100001000000001010000001011;0.137466;1599;0.179613;9
24;00001100001101000000000000010000011111;0.208906;2430;00011100001100010000000000010000011101;0.0986073;1147;0.182341;11
25;00001100001101000000000000010000011111;0.208906;2430;00011101001101000000000100100001001000;0.0593191;690;0.187092;13
26;00001100001101000000000000110000001111;0.20968;2439;00010100000101000000000001010001101011;0.160763;1870;0.19204;21
27;00001100001101000000000000010000011111;0.208906;2430;00001100101101010010000000010000000101;0.0857978;998;0.19031;23
28;00001100001101000000000000110000001111;0.20968;2439;00101100001101000000000000010001100101;0.0943948;1098;0.191168;21
29;00011100001101100000000000010000001011;0.210884;2453;00010100011101000001000000010100000011;0.141506;1646;0.191682;28
30;00011100001101100000000000010000001011;0.210884;2453;00000100001111000000000001110000001011;0.14804;1722;0.195035;25
31;00001100001101100000000000010001001011;0.216644;2520;00000100001101001001000001100000001011;0.136176;1584;0.196061;26
32;00001100001101100000000000010001001011;0.216644;2520;01001100000101001000000000110000100011;0.147352;1714;0.196762;28
33;00001100001101100000000000010000011011;0.218879;2546;00010000001101000000001000010100101011;0.151651;1764;0.198458;31
34;00001100001101100000000000010000011011;0.218879;2546;00011000001001000000000000110000111011;0.166781;1940;0.199799;23
35;00001100001101100000000000010000011011;0.218879;2546;00101100001101000100001000000001000011;0.0839065;976;0.196943;26
36;00001100001101100000000000010000011011;0.218879;2546;00001100001111000000001000000011000011;0.0948246;1103;0.194985;22
37;00001100001101100000000000010000001111;0.220426;2564;01000100001001100010000001010000001011;0.143398;1668;0.202634;48
38;00001100001101100000000000010000001111;0.220426;2564;01001110000001101000000000000001001011;0.154402;1796;0.201493;42
39;00001100001101100000000000010000001111;0.220426;2564;00000101101101000000000000100000001111;0.160677;1869;0.205856;47
40;00001100001101100000000000010000001111;0.220426;2564;01001100000101100000000000100100100011;0.149329;1737;0.207792;56
41;00001100001101100000000000010000001111;0.220426;2564;00001110001100100000000010010000001101;0.159388;1854;0.21138;61
42;00001100001101100000000000010000001111;0.220426;2564;00000100001111000000010000100000011011;0.157411;1831;0.212284;68
43;00001100001101100000000000010000001111;0.220426;2564;00001000001101101000000000010000011011;0.173831;2022;0.215443;81
44;00001100001101100000000000010000001111;0.220426;2564;00000100001101100000000000010001011011;0.177957;2070;0.218316;91
45;00001100001101100000000000010000001111;0.220426;2564;00000100001101100000000000010010001111;0.172627;2008;0.219047;94
46;00001100001101100000000000010000001111;0.220426;2564;00001100001001100000010000010000001111;0.183202;2131;0.217392;88
47;00001100001101100000000000010000001111;0.220426;2564;00001100001101100000000000010010001101;0.185609;2159;0.219683;95
48;00001100001101100000000000010000001111;0.220426;2564;01001100000101100000000000010000001111;0.184147;2142;0.219399;95
49;00001100001101100000000000010000001111;0.220426;2564;00001000001101101000000000010000001111;0.175464;2041;0.218343;93
50;00001100001101100000000000010000001111;0.220426;2564;00001110001001100000000000010000001111;0.18303;2129;0.218798;95
=============================================
geração;melhor;fitness;cobertura;pior;fitness;cobertura;média;ind_repetidos
0;10010000000001000010100001111001010000;0.149329;1737;10000001010100000011000010001101000001;0;0;0.0372309;1
1;00011000000000001100100000100001011011;0.143999;1675;11000011001001000100010100000001000010;0;0;0.0538781;1
2;01000000000011100001010000000001100111;0.147782;1719;10000010000110001010000010100101000010;8.59697e-05;1;0.0745719;3
3;01100000000011000000110000100000011011;0.149845;1743;00000101000110000000110000100010100110;0.00111761;13;0.0927717;1
4;00000100010011000001010000100000001111;0.15294;1779;10010011000010000010100000010101000100;0.00636176;74;0.0959964;1
5;00110000010101100000000000000001101110;0.170736;1986;10010010000100010001001000101000001100;0.00464237;54;0.11606;4
6;00000000000011100001010000100000011111;0.174261;2027;01100101000011000000010011000001001000;0.00902682;105;0.1269;5
7;00010000000011100000010000000001011111;0.177699;2067;00110000000110000001010000101000011100;0.0271664;316;0.133832;4
8;00000100000011100000010000010000111110;0.180708;2102;00000100001011000000011000010011101000;0.0134113;156;0.138537;1
9;00010000000011100000010000010001101110;0.180021;2094;00000100000110100000100101100001100100;0.011348;132;0.145776;3
10;00010000000011100000000000010001101111;0.186984;2175;00111000000011000000011000010000110001;0.0458219;533;0.157652;9
11;00010000000011100000000000010001101111;0.186984;2175;01110000010110100000000000100001000110;0.036795;428;0.160616;1
12;00001000000011100000010000010001011110;0.185351;2156;00001000000011110000010000000101100110;0.0550206;640;0.164965;4
13;00001000000011100000010000010001011110;0.185351;2156;00011001000011000000010100100000011100;0.0477992;556;0.167725;6
14;00000100000011100000000000010001111110;0.187156;2177;00010000001011100000010100000001011100;0.0643913;749;0.169278;9
15;00001000000011100000000000010001111110;0.191197;2224;00000000100001100101010001010000001011;0.119412;1389;0.17187;5
16;00010000000011100000000000110001011110;0.191283;2225;00000100110011100000000010100000010011;0.113996;1326;0.172936;9
17;00001000000011100000000000010001011111;0.191455;2227;00110000001101100000100100010000010100;0.0719567;837;0.172387;4
18;00001000000011100000000000010001011111;0.191455;2227;00101000001011100010000000010001011000;0.135746;1579;0.175206;7
19;00001000000011100000000000010001011111;0.191455;2227;00011000000011000000010000010011100110;0.0584594;680;0.176767;9
20;00001000000011100000000000110001011110;0.193174;2247;10001001000010100100000000010001010110;0.0523556;609;0.17776;8
21;00001000000011100000000000110001011110;0.193174;2247;00000100001110000000000000010101011110;0.0693776;807;0.178895;14
22;00001000000011100000000000010001011111;0.191455;2227;00101000000001100000000010110001001101;0.162397;1889;0.182564;26
23;00001000000011100000000000010001011111;0.191455;2227;00001000001011100000000000100001100111;0.158098;1839;0.183477;22
24;00001000000011100000000000010001011111;0.191455;2227;00001000000011000100000000010101111001;0.152682;1776;0.183267;29
25;00001000000011100000000000110001011110;0.193174;2247;01001000000011100000000000010001010111;0.164546;1914;0.184828;35
26;00001000000011100000000000110001011110;0.193174;2247;00000000100011000100000000010001011111;0.167211;1945;0.186293;34
27;00001000000011100000000000110001011110;0.193174;2247;00001000000010100000001000010001011111;0.173573;2019;0.187831;47
28;00001000000011100000000000110001011110;0.193174;2247;00011000000011000000000000010001111011;0.171682;1997;0.189258;65
29;00001000000011100000000000110001011110;0.193174;2247;00001000000111101000000000010000011101;0.170564;1984;0.189811;71
30;00001000000011100000000000110001011110;0.193174;2247;00001000000011101000000000110000101101;0.172885;2011;0.190693;82
31;00000000000011100000000000110001011111;0.19326;2248;00001000000010100000001000010001011111;0.173573;2019;0.190574;80
32;00001000000011100000000000110001011110;0.193174;2247;00001000000110100000000000110001011110;0.177699;2067;0.190439;73
33;00001000000011100000000000110001011110;0.193174;2247;00001100000011100000000000010001010111;0.165062;1920;0.190596;79
34;00001000000011100000000000110001011110;0.193174;2247;00001100000011100000000000110001011010;0.18088;2104;0.190971;78
35;00000000000011100000000000110001011111;0.19326;2248;00001010000010100000000000010001011111;0.171854;1999;0.191469;82
36;00000000000011100000000010110001011110;0.193862;2255;01001000000011100000000000110001010110;0.172799;2010;0.191205;77
37;00000000000011100000000010110001011110;0.193862;2255;00001000000011100000000000110101011100;0.180021;2094;0.192584;90
38;00000000000011100000000010110001011110;0.193862;2255;00001000000010100010000000110001011110;0.174347;2028;0.192211;91
39;00001000000011100000000000110001011110;0.193174;2247;00001000000010100000010000110001011110;0.173573;2019;0.192504;92
40;00001000000011100000000000110001011110;0.193174;2247;00101000000010100000000000110001011110;0.174261;2027;0.192153;90
41;00001000000011100000000000110001011110;0.193174;2247;00001100000011100000000000110001011010;0.18088;2104;0.192508;93
42;00001000000011100000000000110001011110;0.193174;2247;00001000000010100010000000110001011110;0.174347;2028;0.192344;93
43;00001000000011100000000000110001011110;0.193174;2247;00001000000011100100000000110001010110;0.172283;2004;0.192635;96
44;00001000000011100000000000110001011110;0.193174;2247;00001000000011100000000100110001011010;0.180021;2094;0.192624;94
45;00001000000011100000000000110001011110;0.193174;2247;00001000000011100100000000110001011010;0.178817;2080;0.192619;94
46;00001000000011100000000000110001011110;0.193174;2247;00001000000011100000000000100001011111;0.187328;2179;0.193116;99
47;00001000000011100000000000110001011110;0.193174;2247;00001000000011101000000000110001011010;0.178559;2077;0.192535;94
48;00001000000011100000000000110001011110;0.193174;2247;00001000001011100000000000110001001110;0.181482;2111;0.193057;99
49;00001000000011100000000000110001011110;0.193174;2247;00001000000011100100000000110001011010;0.178817;2080;0.19272;96
50;00001000000011100000000000110001011110;0.193174;2247;00001000000011100000000000110101010110;0.175292;2039;0.192569;93
=============================================
geração;melhor;fitness;cobertura;pior;fitness;cobertura;média;ind_repetidos
0;00000001011001000011000001000001010110;0.135058;1571;01100011000000000010010100101001100000;0.000171939;2;0.0406087;1
1;00010110000000000010010000110000110011;0.136434;1587;01000001001000010010010101010100100000;0;0;0.0513755;1
2;00011000000001100000100001011001001001;0.158528;1844;10000010010010010101010001000000010010;0.000687758;8;0.0709801;4
3;00011000000001100000100001011001001001;0.158528;1844;00011010000000011111010000010000010000;0.00232118;27;0.0870341;1
4;00000000000001110010010000110000101011;0.158528;1844;00010000101000010101010010000100000011;0.00146149;17;0.102632;7
5;00011000000001110000000001110100000011;0.173143;2014;00001000101000110000001110010001010000;0.00747937;87;0.115315;2
6;00011100000111000000000000001000101011;0.189563;2205;00100000100010110010001001000001010010;0.0196871;229;0.124725;3
7;00011001000001110000000000010000011110;0.172799;2010;01010110011001000001000000000100001100;0.0249312;290;0.135904;3
8;00011000000101110001000000000000101011;0.176238;2050;00110001100000100010010010000001010100;0.0269945;314;0.137153;1
9;00000000100001000010000001111000101011;0.185781;2161;10100001000000010010010001000000101110;0.059663;694;0.14413;6
10;00000000100001000010000001111000101011;0.185781;2161;00010000000111010000010001001000110010;0.0318088;370;0.144641;5
11;00001100001001000001000000010001111010;0.183545;2135;00010000000101000110010000001010010110;0.0300034;349;0.147901;9
12;00001100001001000001000000010001111010;0.183545;2135;00011000100000111000000000001001001101;0.0508081;591;0.15437;5
13;00001100001001000001000000010000101111;0.192572;2240;00000001011001000010000000111000100011;0.100155;1165;0.157371;2
14;00000000000001100010000001111001011010;0.189649;2206;10000001100001000010001010010000010101;0.0360213;419;0.156615;4
15;00000000000001000010000001111001011011;0.197215;2294;00000000100101101100100000010000010011;0.104539;1216;0.163469;10
16;00010000000001100010000001110000011110;0.190079;2211;10000000100011010000010000100000101101;0.127923;1488;0.165946;7
17;00000000000001100010000001110000011111;0.195065;2269;00010000001001111000010000110000001100;0.117521;1367;0.168792;11
18;00001000000001000010000001111000011110;0.197902;2302;00010000000000101100000010110010001101;0.128353;1493;0.172227;14
19;00000000000001100010000001110001011110;0.201599;2345;00000000000001110010000001111000010110;0.145977;1698;0.175985;13
20;00000000000001100010000001110001011110;0.201599;2345;00001000000001000010010001000010111110;0.156293;1818;0.180296;18
21;00001000000001100000000001111000011110;0.202889;2360;00010000001001110000000000111000001101;0.14675;1707;0.184096;15
22;00000000000001000010000001111000111110;0.203061;2362;00010000100001000100000001101000001111;0.15337;1784;0.184605;15
23;00000000000001100000000001110101011110;0.204694;2381;00011000000001100010000001001000110110;0.147352;1714;0.186708;18
24;00000000000001100000000011110001011110;0.204866;2383;00000100100001100000000001111000000111;0.144945;1686;0.185742;15
25;00000000000001100000000001111001011110;0.207531;2414;00000000010001000010001001111000010110;0.14314;1665;0.185804;8
26;00000000000001100000000001110101011110;0.204694;2381;00010000000101100000000100111000011100;0.140561;1635;0.187428;14
27;00000000000001000000000001111101011110;0.208305;2423;00010010000001100001000000110010001110;0.147266;1713;0.187648;13
28;00000000000001000000000001111101011110;0.208305;2423;00010100001001000000000001101100011010;0.136606;1589;0.187054;13
29;00000000000001100000000001111001011110;0.207531;2414;00101000000000100010000101101000010110;0.132823;1545;0.187007;11
30;00000000000001100000000001111001011110;0.207531;2414;00001000100101000010000001110000011100;0.139873;1627;0.189603;15
31;00000000000001100000000001111001011110;0.207531;2414;10000000000001100000001001101000100111;0.150705;1753;0.19081;20
32;00000000000001100000000001111001011110;0.207531;2414;10000000000001100000001001101000101110;0.158442;1843;0.19254;24
33;00000000000001100000000001111001011110;0.207531;2414;00000000000001100010001001110010011010;0.146664;1706;0.192982;25
34;00000000000001100000000001111001011110;0.207531;2414;00011000000001100000010001010001010110;0.161365;1877;0.19379;25
35;00000000000001100000000001111001011110;0.207531;2414;00000000000001110000100001110101001100;0.14804;1722;0.194786;29
36;00000000000001100000000001111001011110;0.207531;2414;00001000000001100000000011100001110110;0.171939;2000;0.196866;32
37;00000000000001100000000001111001011110;0.207531;2414;00010000000001000100000001111011000110;0.166781;1940;0.197729;35
38;00000000000001100000000001111001011110;0.207531;2414;00001000000001110000000001111001011000;0.150533;1751;0.197225;37
39;00000000000001100000000001111001011110;0.207531;2414;00010000000000100000100011100000111110;0.164632;1915;0.198125;42
40;00000000000001100000000001111001011110;0.207531;2414;00000000000001100001000011011001011100;0.145117;1688;0.199266;44
41;00000000000001100000000001111001011110;0.207531;2414;00000000000001000010010011110001011100;0.165922;1930;0.200499;51
42;00000000000001100000000001111001011110;0.207531;2414;00000000000001010000000011101001011110;0.168673;1962;0.202185;60
43;00000000000001100000000001111001011110;0.207531;2414;00000000000001100000000011101101011010;0.164374;1912;0.201369;60
44;00000000000001100000000001111001011110;0.207531;2414;00000010000001000000000011101001011110;0.166695;1939;0.202155;67
45;00000000000001100000000001111001011110;0.207531;2414;00000000100001100000000001111001011100;0.166351;1935;0.202619;73
46;00000000000001100000000001111001011110;0.207531;2414;00000000000001001000000011011001011110;0.168759;1963;0.203683;81
47;00000000000001100000000001111001011110;0.207531;2414;00000000000001100000000011011001011110;0.181138;2107;0.205035;86
48;00000000000001100000000001111001011110;0.207531;2414;10000000000000000000000011111001011110;0.176668;2055;0.205959;91
49;00000000000001100000000001111001011110;0.207531;2414;00000000000001100000010001111001001110;0.187414;2180;0.206968;96
50;00000000000001100000000001111001011110;0.207531;2414;00000010000001100000000001111001011100;0.165492;1925;0.206497;95
=============================================
