geração;melhor;fitness;cobertura;pior;fitness;cobertura;média;ind_repetidos
0;01110011010001000011111011011001011000;0.239168;2782;10100000111010001101001101011110110100;0.0363652;423;0.168484;1
1;01110000000001000011111011110101001011;0.282583;3287;01100011100101101101000110101001110100;0.0961142;1118;0.204713;2
2;00000000011001010011111011111100011011;0.301496;3507;00000000010101000011110111110100001011;0.165492;1925;0.219625;1
3;01000000000101110011111011110100101011;0.304505;3542;00000000001001010011110011110100001011;0.164976;1919;0.228658;3
4;01001010110001010011111011110000101001;0.304935;3547;00000000000001001011101011110100001011;0.160591;1868;0.22805;3
5;00110000001001100011111011110100011011;0.303559;3531;00100000001001000011100011110100001011;0.165492;1925;0.231602;3
6;00011000000111010011111011110100001011;0.318518;3705;00000100000001000011100011110100001011;0.161451;1878;0.239746;5
7;00110000001101010011111011110000101011;0.320839;3732;00000000000001010011110011110100001011;0.164546;1914;0.244764;5
8;00000100000001010111111011110100101111;0.304505;3542;00000000000101000011110011110100001011;0.159302;1853;0.240446;2
9;00010100000101000011111011110100101111;0.307686;3579;00000000010001000011100011110100001011;0.158098;1839;0.244895;5
10;00011100000101010111111011110100000011;0.323246;3760;00010000000001001011101011110100001011;0.191283;2225;0.255079;7
11;00101000001001010011111011110100011011;0.314391;3657;00000000001001000011100011110110001011;0.16403;1908;0.260594;5
12;00000100001101100011111011110100011011;0.325653;3788;00000000000011000011110011110100001011;0.163343;1900;0.257684;1
13;00000100001101010011111011110101001011;0.332703;3870;00000000000001000011101011110100001011;0.160334;1865;0.264341;5
14;00000100001101010011111011110101001011;0.332703;3870;00000001100001000111100011110100001011;0.160248;1864;0.278454;12
15;00000100001101010011111011110100001111;0.337689;3928;00000000000001000011101011110100001011;0.160334;1865;0.286265;12
16;00000100001101010011111011110100001111;0.337689;3928;10000000001001010011110011110100001011;0.171596;1996;0.288049;9
17;00001000001101010011111011110100001111;0.336657;3916;00000000000001010011100011110100001011;0.162741;1893;0.288261;7
18;00001000001101010011111011110100001111;0.336657;3916;00000000100101010011100011110100001011;0.170908;1988;0.290154;16
19;00001000001101010011111011110100001111;0.336657;3916;00000000000001000011110011110100001011;0.15827;1841;0.296237;19
20;00001100001101000011111011110100011011;0.339323;3947;00001100010011000011110011110100001011;0.201169;2340;0.305773;20
21;00001100001101000011111011110100001111;0.339752;3952;00010000100001000011101011110100001011;0.191283;2225;0.311454;26
22;00001100001101000011111011110100001111;0.339752;3952;00000100000101100011100011110100001011;0.174433;2029;0.313521;33
23;00001100001101000011111011110100001111;0.339752;3952;00010000000101010011101011110100001011;0.199708;2323;0.31864;49
24;00001100001101010011111011110100001011;0.340268;3958;00000000000101010011101011110100001011;0.168931;1965;0.320243;51
25;00001100001101010011111011110000011011;0.352218;4097;00000000000001000111101011110100001011;0.162741;1893;0.317336;48
26;00001100001101000011111011110100001111;0.339752;3952;00000100000101000011110011110100001011;0.162913;1895;0.319882;56
27;00001100001101010011111011110000011011;0.352218;4097;00000000000001000111110011110100001011;0.161193;1875;0.322958;66
28;00001100001101000011111011110100001111;0.339752;3952;00000000000101000111101011110100001011;0.163772;1905;0.328972;79
29;00001100001101000011111011110100001111;0.339752;3952;00000000001101000011111011110100001011;0.240199;2794;0.33606;86
30;00001100001111000011111011110000001111;0.343277;3993;00000000000001000011110011110100011011;0.199708;2323;0.336052;88
31;00001100001101010011111001110100001111;0.353078;4107;00001100001111000010111011110100001111;0.269171;3131;0.338504;90
32;00001100001101000011111011110001001111;0.343105;3991;00000100001101000011101011110100001011;0.200653;2334;0.335183;90
33;00001100001101000011111011110001001111;0.343105;3991;00000000001001000011100011110100001111;0.202631;2357;0.331788;86
34;00001100001101000011111011110010001111;0.34001;3955;00001000000101000111101011110100001011;0.196097;2281;0.334922;91
35;00001100001101000011111011110100001111;0.339752;3952;00000000000101000011101011110100001111;0.206843;2406;0.333985;92
36;00001100001101010011111011110100001011;0.340268;3958;00001100000001000011101011110100001011;0.194378;2261;0.333102;90
37;00001100001101010011111011110100001011;0.340268;3958;00000100000001000011101011110100001011;0.162569;1891;0.332753;89
38;00001100001101010011111011110100001011;0.340268;3958;10001100000001000011110011110100001111;0.217074;2525;0.333078;84
39;00001100001101010011111011110100001011;0.340268;3958;00001000000101010011110011110100001011;0.201685;2346;0.330936;80
40;00001100001101010011111011110100001011;0.340268;3958;00000000001001010011110011110100001011;0.164976;1919;0.328718;77
41;00001100001101010011111011110000001111;0.353078;4107;00001000011001000011101011110100001011;0.198504;2309;0.331517;75
42;00001100001101010011111011110000001111;0.353078;4107;00100100001001000011101011110100001011;0.183459;2134;0.327416;73
43;00001100001101010011111011110100001011;0.340268;3958;00000100000101000011101011110100001011;0.163858;1906;0.333105;78
44;00001100001101010011111001110100001111;0.353078;4107;00000100000101001011100011110100001011;0.163085;1897;0.32873;76
45;00001100001101010011111001110100001111;0.353078;4107;00000100000001000011100011110110001011;0.167125;1944;0.329398;70
46;00001100001101010011111001110100001111;0.353078;4107;00000100000111010011101011110100001011;0.182858;2127;0.321232;64
47;00001100001101010011111011110000001111;0.353078;4107;00000000000001010011110011110100001011;0.164546;1914;0.321237;65
48;00001100001101010011111001110100001111;0.353078;4107;00001000001001000011110011110100001011;0.191627;2229;0.327272;66
49;00001100001101010011111001110100011011;0.352132;4096;00000000000001000011101011110100001011;0.160334;1865;0.323545;74
50;00001100001101010011111001110100011011;0.352132;4096;00000100000101010011110111110100001011;0.175808;2045;0.329523;75
=============================================
geração;melhor;fitness;cobertura;pior;fitness;cobertura;média;ind_repetidos
0;01010101000000010111111000101110110011;0.241661;2811;10111011011100000100011110011100100010;0.0721286;839;0.172197;1
1;00010000000001010011111011110100001111;0.296166;3445;01010101111000110001010010101011111000;0.132565;1542;0.203826;1
2;00010000010001010011111011110011101110;0.307686;3579;00000000100001000011100011110110001011;0.163858;1906;0.216753;4
3;00010000010001010011111011110101101011;0.303129;3526;00000100010001000011100011110100001011;0.161795;1882;0.222423;4
4;00010000010001010011111011110101001111;0.306654;3567;00000100010101000011100011110100001011;0.165578;1926;0.225773;4
5;00001100001001000011111011110101001111;0.325395;3785;00000000111001000011110011110100001011;0.165406;1924;0.229247;1
6;00000000000001011011111011111110001111;0.30141;3506;00000000001001000011101011110100001011;0.160506;1867;0.227088;4
7;00011000001001000011111011110100101111;0.308202;3585;10000010000001000011100011110100001011;0.164718;1916;0.237744;3
8;00000000000001011011111011110101011111;0.314907;3663;00000000001001100011100011110100001011;0.166867;1941;0.24318;3
9;00011000001001000011111011110100011111;0.310867;3616;00100000101101000011100011110110001011;0.192056;2234;0.251171;2
10;00101000000101000011111011111100001111;0.308116;3584;00000010001001000011100011110110001011;0.16403;1908;0.256504;4
11;00101100001001000011111011110100101011;0.319807;3720;00000100000101000011100011111100001011;0.171596;1996;0.27121;7
12;01000000000011000011111011110101011111;0.306482;3565;00000000000011010011100011110110001011;0.172799;2010;0.27818;7
13;00001000000101000011111011110101011111;0.307342;3575;10000000100001000011110011110101001011;0.199192;2317;0.275923;4
14;00100100001001100011111011110000011111;0.311984;3629;00000000000001000111100011110110001011;0.164718;1916;0.273998;5
15;01000000000101110011111011110100011011;0.307342;3575;00000001000001000011110011110100001011;0.15827;1841;0.267251;3
16;01000000000011110011111011110100011011;0.308545;3589;00000000100001010011110011111100001011;0.178731;2079;0.272955;7
17;00001100001001000011111011110100011111;0.325653;3788;00000000001001000011100011110100001011;0.15827;1841;0.27339;7
18;00001100001001000011111011110100011111;0.325653;3788;00000000000001000111110011110100001011;0.161193;1875;0.275331;6
19;00001100001001000011111011111100011011;0.323332;3761;10000000000001010111100011110100001011;0.173573;2019;0.281735;15
20;00001100001001000011111011110100101111;0.322988;3757;00000000000001000011100011110100001011;0.158098;1839;0.28049;6
21;00000100001101010011111011110100011011;0.335024;3897;10000000110001000011110011110100001011;0.167813;1952;0.284313;13
22;00000100001101010011111011110100100111;0.326771;3801;00000100001001000011101011111100001011;0.172541;2007;0.289734;11
23;00000100001101010011111011110100100111;0.326771;3801;00000000000001010011110011110100001011;0.164546;1914;0.292659;22
24;00000100001101010011111011110100001111;0.337689;3928;00000000000001000011110011110100001011;0.15827;1841;0.286117;16
25;00000100001101010011111011110100001111;0.337689;3928;00000000001001000011110011110100011011;0.200052;2327;0.289435;16
26;00000100001101010011111011110100001111;0.337689;3928;00000000000001000011101011110100001011;0.160334;1865;0.288989;14
27;00000100001101010011111011110100001111;0.337689;3928;00100100000001000011101011110100001011;0.169618;1973;0.295693;19
28;00001100000101010011111011110100001111;0.333992;3885;00100100000001000011110011110110001011;0.174003;2024;0.286972;16
29;00001000001101010011111011110100001111;0.336657;3916;00000000000001000011110011110100001011;0.15827;1841;0.284632;9
30;00001100001101000011111011110100001111;0.339752;3952;00100000001001000011110011110100001011;0.165664;1927;0.292337;18
31;00001100001101000011111011110100001111;0.339752;3952;00000000000101000011100011110100001011;0.15913;1851;0.299554;26
32;00001100001001010011111011110100001111;0.336657;3916;00001000000001000011110011110110001011;0.195409;2273;0.304439;22
33;00001100001101000011111011110100001111;0.339752;3952;00000000000001000011101011110100001011;0.160334;1865;0.297335;26
34;00001100001101000011111011110100001111;0.339752;3952;00001000001001000111110011110100001011;0.194893;2267;0.308446;31
35;00001100001101000011111011110100001111;0.339752;3952;00001000000001000011110011110100001111;0.207875;2418;0.310144;31
36;00011100001001010011111001110100001111;0.342675;3986;00000100000001000011110011110100001011;0.161623;1880;0.314865;41
37;00001100001101000011111011110100001111;0.339752;3952;00000100000001000011110011110110001011;0.167125;1944;0.31089;45
38;00001100001101010011111001110100001111;0.353078;4107;00000000000001000011101011110100101111;0.20968;2439;0.323632;63
39;00001100001101010011111001110100001111;0.353078;4107;00001100000001010011100011110100001011;0.199794;2324;0.33029;75
40;00001100001101010011111001110100001111;0.353078;4107;00001000000101010011100011110100001111;0.219223;2550;0.332113;78
41;00001100001101000011111011110100001111;0.339752;3952;01000000000001000011100011110100001011;0.178301;2074;0.334516;88
42;00001100001101000011111011110100001111;0.339752;3952;00001001000001000011101011110100001111;0.209508;2437;0.337336;95
43;00001100001101000011111011110100001111;0.339752;3952;00001000001101000011101011110100001011;0.225928;2628;0.33627;94
44;00001100001101000011111011110100001111;0.339752;3952;00001100001101001010111011110100001111;0.262466;3053;0.336092;94
45;00001100001101000011111011110100001111;0.339752;3952;00000100001001000011110011110100001111;0.206843;2406;0.337906;96
46;00001100001101000011111011110100001111;0.339752;3952;00000100000101000011101011110100001111;0.209336;2435;0.338448;99
47;00001100001101000011111011110100001111;0.339752;3952;00000100000001000011101011110100001111;0.205468;2390;0.336856;93
48;00001100001101000011111011110100001111;0.339752;3952;00001100011101000010111011110100001111;0.267022;3106;0.338156;97
49;00001100001101000011111011110100001111;0.339752;3952;00001000001001000011100011110100001011;0.191455;2227;0.334893;92
50;00001100001101000011111011110100001111;0.339752;3952;00000100000001000011110011110100001011;0.161623;1880;0.330586;89
=============================================
geração;melhor;fitness;cobertura;pior;fitness;cobertura;média;ind_repetidos
0;01010000000111110011111111110001010000;0.275189;3201;10101011101000010010001111010110101100;0.0471114;548;0.159439;1
1;00001000000001000011111011110101001111;0.289288;3365;01010111010110011001011001101110001000;0.0501204;583;0.193479;1
2;00001000100001010011111011110101001111;0.310523;3612;00111101101010001101000010010011111001;0.145977;1698;0.218075;1
3;00001000100001010011111011111110001011;0.292641;3404;00000010100001001111110011110100001011;0.161709;1881;0.221059;2
4;00111000010001000011111011110100011011;0.298401;3471;00000010100001000011100011110100001011;0.158356;1842;0.230698;8
5;00000101001101000011111011110101001011;0.314821;3662;10000000000001000011110011110100001011;0.16489;1918;0.232981;4
6;00000101001101000011111001110110001111;0.318432;3704;00000000100001000011110011110100001011;0.158528;1844;0.238494;4
7;00011000000101000011111011110110101011;0.304677;3544;00000001000001000011110011110100001011;0.15827;1841;0.242711;5
8;00000101001101000011111011110100011011;0.31697;3687;00000100000001000011101011110100001011;0.162569;1891;0.246662;1
9;00011100000101000011111011110110001011;0.315165;3666;00000000000001010011110011110100001011;0.164546;1914;0.250209;4
10;00000000000001100011111011110101111111;0.31293;3640;00000000001001000011110011110100001011;0.158442;1843;0.255293;6
11;00001100000100010011111111110101001011;0.322129;3747;00000000000001010011100011110100001011;0.162741;1893;0.25987;6
12;00001100001011000011111011110010001111;0.325052;3781;00000000000011000111100011110100001011;0.16446;1913;0.26732;12
13;00001100001011000011111011110010001111;0.325052;3781;00000000000001100011100011110100001011;0.163772;1905;0.282303;16
14;00011100000101000011111001111100001111;0.327975;3815;00000000000001000011110011110100001011;0.15827;1841;0.282915;15
15;00010100001101000011111011110100001111;0.328404;3820;00010000000001000011110011110100001011;0.189477;2204;0.285407;11
16;00010100001101000011111011110100001111;0.328404;3820;00010000000101000011100011110100001011;0.190423;2215;0.291302;15
17;00001100001101000011111011110100011011;0.339323;3947;00000001000101000011100011110100001011;0.159904;1860;0.291239;16
18;00001100001101000011111011111000011011;0.341472;3972;00001100000001000011110011110100001011;0.193432;2250;0.300134;14
19;00001100001101000011111011110100001111;0.339752;3952;00000000000101010011101011110100001011;0.168931;1965;0.297932;23
20;00001100001101000011111011110100001111;0.339752;3952;00000100000001000011100011110100001011;0.161451;1878;0.303876;32
21;00001100001101000011111011110100001111;0.339752;3952;00000000001101000011110011110100001011;0.165578;1926;0.314546;45
22;00001100001101000011111011110100001111;0.339752;3952;00001000000001000011100011110100001111;0.207703;2416;0.31643;44
23;00001100001101000011111001110100011111;0.343449;3995;00000000010101000011101011110100001011;0.163858;1906;0.306455;39
24;00001100001101000011111011110100001111;0.339752;3952;00100000000001000011101011110100101011;0.19945;2320;0.31909;56
25;00001100001101100011111001110100011011;0.345684;4021;00000100001001000011101011110100001011;0.163428;1901;0.322821;63
26;00001100001101010011111011110000001111;0.353078;4107;00000000000001000011100011110100001011;0.158098;1839;0.32489;59
27;00001100001101100011111001110100011011;0.345684;4021;00000000001001000011101011110100001011;0.160506;1867;0.320458;69
28;00001100001101100011111001110100001111;0.345942;4024;10001101100001010011110010110100001111;0.207703;2416;0.332747;82
29;00001100001101100011111001110100001111;0.345942;4024;00001000101101000011110011110100011011;0.245014;2850;0.335003;85
30;00001100001101100011111001110100001111;0.345942;4024;00000100000001001011100011110100001011;0.161709;1881;0.335903;94
31;00001100001101100011111001110100001111;0.345942;4024;00001100000001000011101011110100001111;0.211572;2461;0.336229;91
32;00001100001101000011111011111000001111;0.343277;3993;00000100001001000011100011110100001011;0.162311;1888;0.333974;93
33;00001100001101000011111011111000001111;0.343277;3993;00001010000101000011101011110100001011;0.193432;2250;0.33711;95
34;00001100001101000011111011111000001111;0.343277;3993;00001000001001100011110011110100001011;0.199794;2324;0.336253;94
35;00001100001101000011111011110100001111;0.339752;3952;00101000001001000011110011110100001111;0.224811;2615;0.336981;96
36;00001100001101000011111011110100001111;0.339752;3952;00001100001111000011110011110100001111;0.274759;3196;0.337603;94
37;00001100001101000011111011110100001111;0.339752;3952;00001100000101000011111111110100001111;0.316283;3679;0.33928;97
38;00001100001101000011111011110100001111;0.339752;3952;00000000000001000011111011110100001011;0.232806;2708;0.337361;95
39;00001100001101000011111011110100001111;0.339752;3952;00000100001001000011100011110100001011;0.162311;1888;0.337738;97
40;00001100001101000011111011110100001111;0.339752;3952;00000100001001000011110011110100001011;0.162483;1890;0.336985;97
41;00001100001101000011111011110100001111;0.339752;3952;00001000010101000011101011110100001011;0.196269;2283;0.335731;93
42;00001100001101000011111011110100001111;0.339752;3952;00000100000001000011111011111100001011;0.243896;2837;0.336396;93
43;00001100001101000011111011110100001111;0.339752;3952;00000000000101000011110011110100001111;0.20478;2382;0.337505;96
44;00001100001101000011111011110100001111;0.339752;3952;00000000001001000011100011110100001011;0.15827;1841;0.333838;93
45;00001100001101000011111011110100001111;0.339752;3952;00000100101001000011100011110100001011;0.165062;1920;0.336043;94
46;00001100001101000011111011110100001111;0.339752;3952;00000000001101000011100011110100001011;0.164804;1917;0.336273;94
47;00001100001101000011111011110100001111;0.339752;3952;00000100000001000011100011110100001011;0.161451;1878;0.335086;93
48;00001100001101000011111011110100001111;0.339752;3952;01000000001101000011100011110100001011;0.186984;2175;0.334784;93
49;00001100001101000011111011110100001111;0.339752;3952;00001101001101000011110011110100001111;0.269085;3130;0.338517;97
50;00001100001101000011111011110100001111;0.339752;3952;00000100010001000011110011110100001011;0.161967;1884;0.335097;92
=============================================
geração;melhor;fitness;cobertura;pior;fitness;cobertura;média;ind_repetidos
0;10011101001001000011111101100000011101;0.285162;3317;00100111101010001111110101001100001100;0.0355915;414;0.168761;1
1;01011101001001000011111101100000011101;0.288858;3360;00100101111110011100100011111011000000;0.100757;1172;0.20184;1
2;10100000000001100011111011111100101011;0.286623;3334;00000000000001001011100011110100001011;0.158356;1842;0.213866;1
3;01100000010001100011111011110100011011;0.288944;3361;00000001100001000011100011110100001011;0.158958;1849;0.222686;1
4;01100000010001100011111011110000111011;0.293243;3411;00000000001001000011100111110100001011;0.161709;1881;0.22796;6
5;00101000001101000011111001110101011011;0.324966;3780;00000000000101001011100011110100001011;0.159474;1855;0.235963;3
6;01001000001101000011111011110101001011;0.317486;3693;00000000110001000011100011110100001011;0.159732;1858;0.235894;1
7;01001000001101000011111011110100011011;0.318432;3704;00000000001001010011100011110110001011;0.166695;1939;0.236851;1
8;00010000011101000011111011110101001011;0.306224;3562;00000000000001000011101011110100001011;0.160334;1865;0.23478;1
9;10001000001101000011111011110100001111;0.321097;3735;00000010000001000011110011110100001011;0.15827;1841;0.244036;2
10;00110100001101000011111001110101001011;0.323934;3768;00000000000011000011100111110100001011;0.164632;1915;0.246855;4
11;01001000001111000011111001110101001011;0.322301;3749;00000100100001000011101011111100001011;0.171682;1997;0.254871;4
12;00001100001001000011111011110101101011;0.321355;3738;00000000000001000011100011110100001011;0.158098;1839;0.258207;7
13;00011100001001000011111011110000111011;0.328748;3824;00000000001001000111101011110100001011;0.163085;1897;0.266179;5
14;00011100001001000011111011110000111011;0.328748;3824;00100000000001000011101011110100001011;0.167211;1945;0.275079;5
15;00011000001101000011111001110101001111;0.328318;3819;00000100010001000011100011110100001011;0.161795;1882;0.282748;4
16;00001100001001010011111011110101001011;0.332961;3873;00101000000001000011100011110100001011;0.192486;2239;0.286651;9
17;00001100001101000011111001110101001111;0.342761;3987;00000100000001000011110011110100001011;0.161623;1880;0.279685;4
18;00001100001101000011111001110101001111;0.342761;3987;00000000000001000011101011110100001011;0.160334;1865;0.279715;4
19;00001100001101000011111011110100011011;0.339323;3947;00000010000101000011101011110110001011;0.167211;1945;0.289233;8
20;00011100001001100011111001110100001111;0.333992;3885;00000000100011000011100011110100001011;0.164116;1909;0.28671;6
21;00011000001101010011111011110100001011;0.334852;3895;00000000001001000011100011110100001011;0.15827;1841;0.294208;15
22;00011100001101000011111011110000101011;0.335712;3905;01000000000001010011101011110100001011;0.186296;2167;0.2993;23
23;00001100001101000011111011110101001011;0.338033;3932;00000000001101000011101011110100001011;0.167383;1947;0.298158;25
24;00001100001101000011111011110100011011;0.339323;3947;01000000000101000011110011110100001011;0.179505;2088;0.302475;19
25;00001100001101000011111011110100011011;0.339323;3947;01000000000101100011110011110100001011;0.190853;2220;0.300659;24
26;00001100001101000011111011110100011011;0.339323;3947;00001000001001000011110011110100001011;0.191627;2229;0.306069;25
27;00011100001101010011111011110000000111;0.339494;3949;00000000000101000011110011110100001011;0.159302;1853;0.309122;27
28;00001100001101000011111011110100011011;0.339323;3947;00001001000001000011101011110101001011;0.208391;2424;0.310399;28
29;00001100001101000011111011110100001111;0.339752;3952;00000001001101010011100011110100001011;0.175034;2036;0.316788;38
30;00001100001101010011111011110100001011;0.340268;3958;00000000000001000011100011110100011011;0.199708;2323;0.318584;48
31;00001100001101010011111011110000011011;0.352218;4097;00001000000001000011100011110100001011;0.190509;2216;0.322554;48
32;00001100001101010011111011110000011011;0.352218;4097;00010000001001000011110011110100001011;0.189735;2207;0.320763;55
33;00001100001101010011111011110100001011;0.340268;3958;00000000000101000011100011110100001011;0.15913;1851;0.306859;56
34;00001100001101010011111011110000011011;0.352218;4097;00000000001001000011100011110100001111;0.202631;2357;0.324707;65
35;00001100001101010011111011110100001011;0.340268;3958;00001100000001000011100011110100001111;0.210454;2448;0.327079;71
36;00001100001101000011111011111000011011;0.341472;3972;00000100000101000011110011110100001011;0.162913;1895;0.32464;67
37;00001100001101000011111011111000011011;0.341472;3972;00001000000101000011101011110100001011;0.193432;2250;0.329664;70
38;00001100001100010011111011110100001111;0.345512;4019;00000100000001000011100011111100001011;0.17022;1980;0.326032;74
39;00001100001100010011111011110100001111;0.345512;4019;00000000000101000011100011110100001011;0.15913;1851;0.326207;72
40;00001100001101010011111011110000001111;0.353078;4107;00000000000001000011110011110100001011;0.15827;1841;0.327538;75
41;00001100001100010011111011110100001111;0.345512;4019;00000000000001000011101011110100001011;0.160334;1865;0.322044;67
42;00001100001101010011111011110000011011;0.352218;4097;00000000001101000011100011110100001011;0.164804;1917;0.321476;65
43;00001100001100010011111011110100001111;0.345512;4019;00000110001001000011101011110100001011;0.163428;1901;0.320506;58
44;00001100001101010011111011110000001111;0.353078;4107;00000100001001010011100011110100001011;0.169274;1969;0.316425;50
45;00001100001100010011111011110100001111;0.345512;4019;00000000001001000011110011110100001011;0.158442;1843;0.31656;50
46;00001100001100010011111011110100001111;0.345512;4019;00000100000001000011110011110100001011;0.161623;1880;0.313667;53
47;00001100001101010011111001110100001111;0.353078;4107;00000000000001000011110011110100001011;0.15827;1841;0.321417;54
48;00001100001101010011111001110100001111;0.353078;4107;00000100000001010011100011110100001011;0.166265;1934;0.319482;55
49;00001100001101010011111001110100001111;0.353078;4107;00000000000001000011100011110100001011;0.158098;1839;0.326244;63
50;00001100001101010011111001110100001111;0.353078;4107;00000100000001000011101011110100001011;0.162569;1891;0.329909;76
=============================================
geração;melhor;fitness;cobertura;pior;fitness;cobertura;média;ind_repetidos
0;11000010000100100111111100110011011010;0.248195;2887;01101011001100111100011011100010110000;0.0607806;707;0.168947;1
1;00010000100001010011111111110100001011;0.287225;3341;10110000101000011110111110100101100010;0.0661967;770;0.200719;2
2;00010000100001010011111111110100101011;0.302098;3514;00000000000001000011110011110100001011;0.15827;1841;0.215754;1
3;00000000010011001111111011110100001111;0.287655;3346;00000000010001000011100011110100001011;0.158098;1839;0.216903;1
4;00000110010001010011111011110100001111;0.297799;3464;01000011000111101011100011111100100010;0.178301;2074;0.229972;4
5;00001100000001011011111001110100101111;0.305365;3552;00010000000001000011100011110100001011;0.189305;2202;0.231699;5
6;00000100000001010011111011111101011011;0.304677;3544;00000000000001000011100011110100001011;0.158098;1839;0.236321;2
7;00001000000001011011111011110100111011;0.305021;3548;00000000001001001011110011110100001011;0.1587;1846;0.238747;2
8;00011000001001000011111011110110101011;0.304333;3540;00000000100001000011110011110100001011;0.158528;1844;0.249092;3
9;00010000000001110111111011110100101011;0.304505;3542;00000000000001000011100011110100001011;0.158098;1839;0.246368;7
10;00000000000001010011111111110100111111;0.313188;3643;00100010000001000011100011110100001011;0.16532;1923;0.256172;5
11;00001100001001000011111011110100111101;0.324794;3778;11001000110110000010101111010100101011;0.174261;2027;0.263997;6
12;00011000001001110011111011110000011011;0.326599;3799;00000010000001000011100011110100001011;0.158098;1839;0.268337;3
13;00001100001001000011111011110101011011;0.32445;3774;00000100010001010011100011110100001011;0.168587;1961;0.273777;4
14;00001100001101000011111011110100101011;0.336056;3909;00000000000001000011101011110110001011;0.166094;1932;0.272694;2
15;00001100001101000011111011110100011011;0.339323;3947;00000000000001010011100011110100001011;0.162741;1893;0.274458;6
16;00001100001101000011111011110100011011;0.339323;3947;10000000000101000011101011110100001011;0.167813;1952;0.280082;6
17;00001100001101000011111011110100011011;0.339323;3947;00000100000101100011100111110100001011;0.176238;2050;0.28369;14
18;00001100001101000011111011110100101011;0.336056;3909;00100000000001110111110011110100001011;0.184749;2149;0.284543;9
19;00001100001101000011111011110100101011;0.336056;3909;00100000000001000111100011110100001011;0.166609;1938;0.280447;12
20;00001100001101000011111011110100101011;0.336056;3909;00000000101101000011100111110100001011;0.170048;1978;0.28364;22
21;00001100001101000011111011110100011011;0.339323;3947;00000000000001000011100011110100001011;0.158098;1839;0.285621;19
22;00001100001101000011111011110100011011;0.339323;3947;00001100000001000011101011110100001011;0.194378;2261;0.298509;26
23;00001100001101000011111011110100101011;0.336056;3909;00000000100001010011101011110100001011;0.171596;1996;0.296793;24
24;00001100001101000011111011110100011011;0.339323;3947;00000100000001000011101011110100001011;0.162569;1891;0.294239;30
25;00001100001101000011111011110100011011;0.339323;3947;00000000100001000011100011110100001011;0.158356;1842;0.289122;20
26;00011100001001010011111011110100001011;0.333391;3878;00000100000001010011100011110100001011;0.166265;1934;0.294422;22
27;00001100001001010011111011110100101011;0.331843;3860;00000100000001010111110011110100001011;0.174175;2026;0.296958;26
28;00001100001001010011111011110100011011;0.334422;3890;00000000011101010010111111110110010011;0.189219;2201;0.304699;39
29;00001100001001010011111011110100001111;0.336657;3916;00000000100001000011101011110100001011;0.160591;1868;0.30754;51
30;00001100001001010011111011110100001111;0.336657;3916;00000000000001110011100011110100001011;0.170048;1978;0.305664;51
31;00011100001001010011111011110000011011;0.34044;3960;00000100010001000011110011110100001011;0.161967;1884;0.310089;46
32;00001100001101010011111011110000011011;0.352218;4097;00001100000001000011110011110110001011;0.19816;2305;0.316702;53
33;00001100001100010011111011110100011011;0.343535;3996;00000100000001010011110011110100001011;0.168071;1955;0.312541;43
34;00000100001101010011111011110100001111;0.337689;3928;00001000000001000011100011110100001011;0.190509;2216;0.318937;56
35;00001100001101010011111001110100001111;0.353078;4107;00000000001001000011101011110100001011;0.160506;1867;0.320601;60
36;00001100001001010011111011110000011111;0.339752;3952;00000100001001010011110011110100001011;0.17108;1990;0.323964;73
37;00000100001101010011111011110100001111;0.337689;3928;00000000101001000011100011110100001011;0.159818;1859;0.325747;78
38;00000100001101010011111011110100001111;0.337689;3928;00000010111001010011011011110100001111;0.23401;2722;0.332269;86
39;00000100001101010011111011110100001111;0.337689;3928;00000000000001010011110011110100001011;0.164546;1914;0.330099;91
40;00001100001101010011111011110000001111;0.353078;4107;00000000000001000011101011110100001011;0.160334;1865;0.329987;86
41;00001100001101010011111011110000001111;0.353078;4107;00000100000001000011110011110100001011;0.161623;1880;0.331142;88
42;00001100001101010011111011110000001111;0.353078;4107;00000000001001000011110011110100101011;0.196097;2281;0.326619;79
43;00001100001100010011111011110100001111;0.345512;4019;00000101001101000011110011110100001011;0.202029;2350;0.331708;80
44;00000100001101010011111011110100001111;0.337689;3928;00000000000001010011110011110100001011;0.164546;1914;0.325588;82
45;00001100001101010011111001110100001111;0.353078;4107;00000100001001000011110011110100001011;0.162483;1890;0.331381;87
46;00001100001101010011111011110100001011;0.340268;3958;00000000000001010011101011110100001011;0.16618;1933;0.329568;88
47;00000100001101010011111011110100001111;0.337689;3928;00000000001001010011101011110100001111;0.2114;2459;0.330425;88
48;00000100001101010011111011110100001111;0.337689;3928;00000000001111000011101011110100001011;0.17641;2052;0.333334;93
49;00000100001101010011111011110100001111;0.337689;3928;00000000000101000011101011110100001111;0.206843;2406;0.333055;94
50;00000100001101010011111011110100001111;0.337689;3928;00000101001101010011111011110100000111;0.289546;3368;0.336921;98
=============================================
geração;melhor;fitness;cobertura;pior;fitness;cobertura;média;ind_repetidos
0;01000110111001010011111100011000000111;0.258597;3008;00000011011110010111001010111011110000;0.0393741;458;0.151915;1
1;00000100010001000011111011111100001111;0.288085;3351;01010101110101101100011111000100101000;0.134199;1561;0.198317;3
2;10100011000101000011111011110001111000;0.266248;3097;00001111010110011011100111000100010110;0.0865715;1007;0.203949;1
3;01000000000011000011111111110110101011;0.285591;3322;00000000000001001111100011110110001011;0.164718;1916;0.221179;2
4;00000000001001000011111011111101011111;0.306482;3565;00000000000001001011100011110100001011;0.158356;1842;0.229662;4
5;00000001000001000011111011111101011111;0.304677;3544;00000001100001000111100011110100001011;0.160248;1864;0.229023;2
6;00001100000101010011111011110100001111;0.333992;3885;00000000100001000011110011110100001011;0.158528;1844;0.237492;5
7;00000000100101010011111011110100101111;0.310007;3606;00000000001001000011100011110100001011;0.15827;1841;0.24438;4
8;00001100000101000011111010111101010111;0.306052;3560;00000000001001000111100011110100001011;0.159732;1858;0.244388;2
9;00000100001101000111111011110100011011;0.318174;3701;10000100000001000011100011110100001011;0.167813;1952;0.245449;4
10;00001100001000010011111011110101101011;0.32892;3826;00000100001001000111100011110100001011;0.163944;1907;0.252998;2
11;10000100001101000011111011110100001111;0.321613;3741;00000001100001000011100011110100001011;0.158958;1849;0.257647;3
12;00000100001101010011111011110100101011;0.332101;3863;00000000010001000011110011110100001011;0.15827;1841;0.261929;6
13;00000100001101010011111011110100101011;0.332101;3863;00000010001001000011110011110100001011;0.158442;1843;0.271659;5
14;00000100001101010011111011110101001011;0.332703;3870;00100000101001000011100011110100001011;0.167039;1943;0.271353;5
15;00001000001101010011111011110100101011;0.333391;3878;00000100000101000011100011110100001011;0.162741;1893;0.277567;12
16;00000100001101010011111011110100011011;0.335024;3897;00100100000001000011101111110100001011;0.17065;1985;0.282262;5
17;00000100001101010011111011110100011011;0.335024;3897;00000100000001000111100011110100001011;0.162913;1895;0.28963;10
18;00000100001101010011111011110100011011;0.335024;3897;00000000001001010011101011110100001011;0.166609;1938;0.296418;21
19;00000100001101010011111001110101011011;0.338119;3933;00000000001001000011110011110100001011;0.158442;1843;0.294206;14
20;00000100001101010011111001110101011011;0.338119;3933;00000100000101000011100011110100001011;0.162741;1893;0.28966;15
21;00010100001101010011111001110100001111;0.344567;4008;00000010000101000011110011110100001011;0.159302;1853;0.29959;30
22;00001100001101010011111011110100001011;0.340268;3958;00000000001001000011101011110100001011;0.160506;1867;0.300434;37
23;00001100001101010011111011110100001011;0.340268;3958;00000000000101000011100011110100001011;0.15913;1851;0.298294;38
24;00000100001101010011111011110100001111;0.337689;3928;00000000000001010011110011110100011011;0.205124;2386;0.315107;54
25;00000100001101010011111011110100001111;0.337689;3928;00001000001001010011101011110100001011;0.200825;2336;0.322615;72
26;00000100001101010011111011110100001111;0.337689;3928;00000000000001000011100011110101001011;0.197301;2295;0.31939;77
27;00000100001101010011111011110100001111;0.337689;3928;00000000010001011011101011110100101011;0.209422;2436;0.326043;83
28;00000100001101010011111011110100001111;0.337689;3928;00000000001001010011101011110100001011;0.166609;1938;0.32758;83
29;00001100001101010011111011110100001011;0.340268;3958;00001000001001000011100011110100001011;0.191455;2227;0.328181;83
30;00000100001101010011111011110100001111;0.337689;3928;00000000000001000011101011110100001111;0.203232;2364;0.328444;81
31;00001100001101010011111011110100001011;0.340268;3958;00000100001001010011110011110100001011;0.17108;1990;0.328867;80
32;00100100001101010011111001110100001111;0.339409;3948;00000100000101010011100011110100001011;0.17108;1990;0.32844;84
33;00000100001101010011111001110100101111;0.338807;3941;00001100001001000011101011110100001111;0.2451;2851;0.334865;90
34;00000100001101010011111001110100101111;0.338807;3941;00000000001001000011101011110100001011;0.160506;1867;0.334462;92
35;00000100001101010011111011110001001111;0.339838;3953;00000000001001010011100011110100001011;0.163171;1898;0.334154;90
36;00000100001101010011111001110100101111;0.338807;3941;00000100001001010011100011110100001011;0.169274;1969;0.325988;84
37;00000100001101010011111011110100001111;0.337689;3928;00000000001101000011100011110100001011;0.164804;1917;0.332767;95
38;00100100001101010011111011110000001111;0.338721;3940;00000110001101010011101011110100001111;0.255674;2974;0.336554;96
39;00100100001101010011111011110000001111;0.338721;3940;00000100001101000011101011111100001011;0.20968;2439;0.333904;93
40;00000100001101010011111011110100001111;0.337689;3928;00000000000001000011100011110100001011;0.158098;1839;0.330117;91
41;00000100001101010011111011110100001111;0.337689;3928;00001100001101010011111010110100001111;0.329436;3832;0.337606;99
42;00000100001101010011111011110100001111;0.337689;3928;00000100001101011010111011110100001111;0.24295;2826;0.336237;97
43;00000100001101010011111011110100001111;0.337689;3928;01000000000001000011110011110100001011;0.178473;2076;0.333992;95
44;00000100001101010011111011110100001111;0.337689;3928;00100100001101010001111011110100001111;0.263067;3060;0.335632;96
45;00000100001101010011111011110100001111;0.337689;3928;00000100001101010001111011110101001111;0.262466;3053;0.336009;92
46;00000100001101010011111001110100101111;0.338807;3941;00000000000101000011101011111100001011;0.170908;1988;0.331594;90
47;00000100001101010011111011110100001111;0.337689;3928;00000000000101010011100011110100101111;0.216988;2524;0.334664;96
48;00000100001101010011111011110100001111;0.337689;3928;00000100000001000011110011110100001011;0.161623;1880;0.335928;99
49;00000100001101010011111011110100001111;0.337689;3928;00000000001001000011100011110100001111;0.202631;2357;0.332709;95
50;00000100001101010011111011110100001111;0.337689;3928;00000100000101000011100011110100001011;0.162741;1893;0.334745;96
=============================================
geração;melhor;fitness;cobertura;pior;fitness;cobertura;média;ind_repetidos
0;00000100000100101011111101010111001111;0.261778;3045;01010010101111001010011100101110010100;0.0462517;538;0.169687;1
1;00111100001110100110100001111001001101;0.25533;2970;10000111111010001001011010001100110011;0.0641334;746;0.194023;2
2;01110000000001011011111011110100001011;0.286107;3328;01001111001110100100110001000111110010;0.123796;1440;0.210756;1
3;00011101000011000011111011110100001011;0.298143;3468;00100011010111110111101000110010000101;0.160162;1863;0.216119;2
4;11011100000001000011111011110100001011;0.301066;3502;00000010000001110011100011111100001011;0.175808;2045;0.229777;3
5;11011100000001000011111011110100001011;0.301066;3502;00000101000011000011100011110100001011;0.166265;1934;0.231234;5
6;10101000001101000011111011110100001011;0.306482;3565;00000000010001000011100011110100001011;0.158098;1839;0.23434;1
7;00001100001011000011111011110101001011;0.322043;3746;00001000000001001011110011110100001011;0.190939;2221;0.243868;5
8;00001100001011000011111011110101001011;0.322043;3746;00000100000001000011100011110100001011;0.161451;1878;0.246708;4
9;00001100001011000011111011110101001011;0.322043;3746;00000000001001100011100011110100001011;0.166867;1941;0.256623;2
10;00001100001011000011111011110101001011;0.322043;3746;00000000000101000011110011110100001011;0.159302;1853;0.268667;8
11;00001100001011000011111011110100001111;0.324106;3770;00000000000101000011110011110100001011;0.159302;1853;0.270001;6
12;00011100000101010011111011110100001011;0.330554;3845;00000000000001000011101011110100001011;0.160334;1865;0.267044;5
13;00011000001101000011111011110100001111;0.325739;3789;00000100000001000011100011110100001011;0.161451;1878;0.275344;10
14;00011100001001000011111011110101001011;0.325481;3786;00000100000001000011110011110100001011;0.161623;1880;0.288674;16
15;00011100001001100011111001110100101011;0.329608;3834;00000000010001000011100111110100001011;0.161537;1879;0.291316;16
16;00001100001101000011111011110100101011;0.336056;3909;00100100000001000011110011110100001011;0.168673;1962;0.294515;15
17;00001100000101010011111011110100001111;0.333992;3885;00010010001001000011100011110100001011;0.189563;2205;0.294316;15
18;00001100001101000011111011110100001111;0.339752;3952;00000000000101000011100011111100001011;0.168415;1959;0.300806;34
19;00001100001101000011111011110100101011;0.336056;3909;10100000000001000011100011110100001011;0.165836;1929;0.301866;30
20;00001100001101000011111011110100001111;0.339752;3952;00000000000001000011110011110100001011;0.15827;1841;0.301633;20
21;00001100001101000011111011110100001111;0.339752;3952;00001000000001000011100011110100001011;0.190509;2216;0.303509;23
22;00001100001101000011111011110100001111;0.339752;3952;00000000000101001011101011110100001011;0.161709;1881;0.289186;21
23;00001100001101000011111011110100001111;0.339752;3952;00000000000001000011100011111100001011;0.167297;1946;0.301119;22
24;00001100001101000011111011110100001111;0.339752;3952;00000100000001000011101011110100001011;0.162569;1891;0.303478;27
25;00001100001101000011111011110100001111;0.339752;3952;00010000000001000011101011110100001011;0.191025;2222;0.315922;38
26;00001100001101000011111011110100001111;0.339752;3952;00000100000101000011100011110100001011;0.162741;1893;0.314346;45
27;00001100001101000011111011110000101111;0.340698;3963;00000000000101000011101011110100001011;0.161365;1877;0.311891;47
28;00001100001101010011111001110100001111;0.353078;4107;00000000000101010011101011110100001011;0.168931;1965;0.315235;51
29;00001100001101000011111011110000011111;0.343449;3995;00001000000101000011110011110100001011;0.19197;2233;0.326827;63
30;00001100001101000011111011110000011111;0.343449;3995;00000000000001000011100011111100001011;0.167297;1946;0.325386;68
31;00001100001101010011111011110000001111;0.353078;4107;00000001001101000011101011110100001011;0.168673;1962;0.331034;82
32;00001100001101010011111011110000001111;0.353078;4107;00001100000101000011100011110110001111;0.245358;2854;0.338464;94
33;00001100001101000011111011110100001111;0.339752;3952;00000100000101010011101011110100001011;0.173401;2017;0.333569;91
34;00001100001101000011111011110100001111;0.339752;3952;00001100001101000010111011110100101111;0.26599;3094;0.337913;94
35;00001100001101000011111011110100001111;0.339752;3952;00001100001001000011111011110110001111;0.322387;3750;0.339579;99
36;00001100001101000011111011110100001111;0.339752;3952;00001100001111000011111011110100001101;0.311984;3629;0.339283;98
37;00001100001101000011111011110100001111;0.339752;3952;00001000001101000011110011110100001111;0.242693;2823;0.337943;97
38;00001100001101000011111011110100001111;0.339752;3952;10001100001101000001111011110100001111;0.26066;3032;0.337838;95
39;00001100001101000011111011110100001111;0.339752;3952;01001000001001000011110011110100001111;0.214065;2490;0.337395;96
40;00001100001101000011111011110100001111;0.339752;3952;00001000000101000011100011110100001111;0.211572;2461;0.338205;98
41;00001100001101000011111011110100001111;0.339752;3952;00001100001101000011101011111100001111;0.274673;3195;0.338364;94
42;00001100001101000011111011110100001111;0.339752;3952;00010100001101000011110011110100001011;0.236933;2756;0.337901;97
43;00001100001101000011111011110100001111;0.339752;3952;00000000100001000011100011110100001011;0.158356;1842;0.33674;96
44;00001100001101000011111011110100001111;0.339752;3952;00001100001101000011111011110100001111;0.339752;3952;0.339752;100
45;00001100001101000011111011110100001111;0.339752;3952;00001001001101000011111011110100001111;0.318776;3708;0.339;95
46;00001100001101000011111011110100001111;0.339752;3952;00001100000001000011110011110100001011;0.193432;2250;0.335014;93
47;00001100001101000011111011110100001111;0.339752;3952;00000100001101000011110011110100001011;0.199966;2326;0.335282;93
48;00001100001101000011111011110100001111;0.339752;3952;00001000000001000011101011111100001011;0.200052;2327;0.336693;94
49;00001100001101000011111011110100001111;0.339752;3952;01000100000101000011100011110100001111;0.213291;2481;0.337177;93
50;00001100001101000011111011110100001111;0.339752;3952;00001100001101100011101011110100001111;0.276994;3222;0.338639;97
=============================================
geração;melhor;fitness;cobertura;pior;fitness;cobertura;média;ind_repetidos
0;00011000101100100111111011010010011010;0.270375;3145;11101000101010111001111100001011000100;0.0692056;805;0.165783;1
1;01110000001001000011111011110100001011;0.282497;3286;10011111100010010101000111010111100000;0.0673143;783;0.197095;2
2;01001100001001000011111011110101001011;0.318174;3701;01011100110010010101111001101011000100;0.111933;1302;0.213975;1
3;01001100001001000011111011110101001011;0.318174;3701;00000000010001000111100011110100001011;0.159388;1854;0.223406;2
4;00001001010001100011111011110101001011;0.29032;3377;00000001011001001011100011110100001011;0.162569;1891;0.227718;4
5;10011000000101000011111011110101001011;0.306052;3560;00000011000001001011100011110100001011;0.158356;1842;0.228262;7
6;10011000000101000011111011110101001011;0.306052;3560;00000000001001000011100011110100001011;0.15827;1841;0.234517;4
7;00001000011101000011111011110110001011;0.309749;3603;00000010000101000011100011110100001011;0.15913;1851;0.240582;5
8;00011000001101000011111011110101001011;0.324622;3776;00000001010001000011110011110100001011;0.159044;1850;0.249395;2
9;00011000001101000011111011110101001011;0.324622;3776;00000100000101001011110011110100001011;0.163257;1899;0.254932;5
10;00001000011101000011111011110101001011;0.321183;3736;00000000001101000011100011110100001011;0.164804;1917;0.258039;11
11;00001100001101000011111011110110001011;0.326599;3799;00000000010011000011100011110100001011;0.164718;1916;0.262703;9
12;00010100001101000011111011110100011011;0.327975;3815;00000000010001000011100011110100001011;0.158098;1839;0.267839;9
13;00010100001101000011111011110100011011;0.327975;3815;00000000001001000011110011110100001011;0.158442;1843;0.27807;12
14;00010100001101000011111011110100011011;0.327975;3815;00000000010001000011100011110100001011;0.158098;1839;0.283551;11
15;00001100001111000011111011110100001011;0.330124;3840;00001000000101000011101011110100001011;0.193432;2250;0.285999;7
16;00001100001111000011111011110100001011;0.330124;3840;00000010000001000011110011110100001011;0.15827;1841;0.292117;15
17;00001100001111000011111011110100001011;0.330124;3840;10000000001001000011101011110100011111;0.214838;2499;0.300934;18
18;00001100001111000011111011110100001011;0.330124;3840;00000000001101100011100011110100001011;0.174261;2027;0.296497;8
19;00001100001111000011111001110101001011;0.342847;3988;00000000001101000011101011110100001011;0.167383;1947;0.293508;15
20;00001100001111000011111001110101001011;0.342847;3988;00000000000001000011110011110100001011;0.15827;1841;0.296504;22
21;00001100001111000011111001110101001011;0.342847;3988;00000100000101000011101011110100001011;0.163858;1906;0.290865;14
22;00001100001101000011111011110100001111;0.339752;3952;00000001000101001011101011110100001011;0.162483;1890;0.299984;14
23;00001100001101000011111011110100001111;0.339752;3952;00000100000101100011110011110100001011;0.174605;2031;0.300867;22
24;00001100001101000011111011110100001111;0.339752;3952;00000000000001000011110011110100101011;0.195925;2279;0.311933;34
25;00001100001101000011111011110100001111;0.339752;3952;00000100001001000011100011110100001011;0.162311;1888;0.309164;43
26;00001100001101000011111011110100001111;0.339752;3952;00000000001101100011101011110100001011;0.17684;2057;0.315924;46
27;00001100001101000011111011110100001111;0.339752;3952;01000000001001000011100011110100001011;0.178473;2076;0.317537;49
28;00001100001101100011111001110100001111;0.345942;4024;00000000011001000011110011110100001011;0.161107;1874;0.327271;57
29;00001100001101100011111001110100001111;0.345942;4024;00000100001001000011110011110100001011;0.162483;1890;0.327049;65
30;00001100001101010011111011110001001011;0.350757;4080;00100100000001000011101011110100001111;0.206585;2403;0.329699;76
31;00001100001101010011111001110100001111;0.353078;4107;00000100001011000011101011110100001011;0.170564;1984;0.330186;81
32;00001100001101010011111001110100001111;0.353078;4107;00000000001001010011101011110100001011;0.166609;1938;0.330853;80
33;00001100001101000011111011110100001111;0.339752;3952;00000000000101000011110011110100001011;0.159302;1853;0.330988;81
34;00001100001111000011111001110100001111;0.344481;4007;00000100001001000011101011110100001011;0.163428;1901;0.335338;91
35;00001100001111000011111001110100001111;0.344481;4007;00001000001001000011101011111100001011;0.201083;2339;0.335899;93
36;00001100001101000011111011110100001111;0.339752;3952;00000000000101000011100011110100001111;0.204608;2380;0.335494;92
37;00001100001101000011111011111000001111;0.343277;3993;00001100001101000011111111110100001101;0.304763;3545;0.338979;95
38;00001100001101000011111011111000001111;0.343277;3993;00000000000101000011101011110100001011;0.161365;1877;0.333802;93
39;00001100011101000011111011110000001111;0.34173;3975;00000100001101000011100011111100001111;0.251633;2927;0.33812;93
40;00001100001111000011111011110000001111;0.343277;3993;00001000011001000011110011110100001011;0.197043;2292;0.332005;88
41;00001100001101100011111001110100001111;0.345942;4024;00000000001001000011100011110100001011;0.15827;1841;0.331244;81
42;00001100001101010011111001110100001111;0.353078;4107;00000000000001000011101011110100001011;0.160334;1865;0.329312;83
43;00001100001101010011111001110100001111;0.353078;4107;00000000001111000011110011110100001011;0.176066;2048;0.331805;85
44;00001100001101010011111001110100001111;0.353078;4107;00000000100101000011110011110100001011;0.160849;1871;0.325076;80
45;00001100001101000011111011110100001111;0.339752;3952;00001100001001000011100011110100001011;0.225327;2621;0.332995;88
46;00001100001101000011111011110100001111;0.339752;3952;00001000001001000011100011110100001011;0.191455;2227;0.332342;92
47;00001100001101000011111011110100001111;0.339752;3952;00000000000001000011101011110100001011;0.160334;1865;0.334738;92
48;00001100001101000011111011110100001111;0.339752;3952;00000100000001000011101011110100001011;0.162569;1891;0.333941;94
49;00001100001101000011111011110100001111;0.339752;3952;00000000001101000011110011110100001011;0.165578;1926;0.336641;95
50;00001100001101000011111011110100001111;0.339752;3952;00001100000101000011111011110110001011;0.30012;3491;0.338686;95
=============================================
geração;melhor;fitness;cobertura;pior;fitness;cobertura;média;ind_repetidos
0;10011100111101100000010000101011101101;0.242435;2820;01100011111010111100001100011100001100;0.0445323;518;0.164231;1
1;00000010001011000011111011110100011111;0.293415;3413;00111011100010110110011111011010000000;0.0375688;437;0.195589;1
2;00100100100001010011111011110100011011;0.299261;3481;00111011101010110100010000100111011100;0.0921596;1072;0.215693;1
3;00010000011001010011111011110100011011;0.30227;3516;00000000000001000011110011110100001011;0.15827;1841;0.220923;1
4;00001100001001000011111011110100011111;0.325653;3788;00000100100001100011100011110100001011;0.168415;1959;0.234231;2
5;00001100001001000011111011110100011111;0.325653;3788;00000000001001100011100011110100001011;0.166867;1941;0.243329;9
6;00011100001101110011111011110000000011;0.340698;3963;00000000000101000011110011110100001011;0.159302;1853;0.25186;3
7;00011100001001010011111011110100001011;0.333391;3878;00000100001001010011100011110100001011;0.169274;1969;0.260362;2
8;00001100001101100011111011110100001011;0.330983;3850;10000000000001000111110111110100001011;0.171338;1993;0.272667;6
9;00001100001101010011111011110100001011;0.340268;3958;10000000001001000011110011110100001011;0.165062;1920;0.27304;1
10;00001100001101010011111011110100001011;0.340268;3958;00100000000001000011101011110110001011;0.172799;2010;0.280041;10
11;00001100001101010011111011110100001011;0.340268;3958;00000000000001000011101011110100001011;0.160334;1865;0.284941;10
12;00001100001101010011111011110100001011;0.340268;3958;00000000001001000011101011110100001011;0.160506;1867;0.285321;21
13;00001000001101010011111011110100001111;0.336657;3916;00000000001011000011110011110100001011;0.166695;1939;0.289197;11
14;00001100001101010011111011110100001011;0.340268;3958;00000110000011100011110011110100001011;0.17727;2062;0.297537;22
15;00001100001001010011111011110100001111;0.336657;3916;00000000000001000011101011110100001011;0.160334;1865;0.302506;24
16;00001100001001010011111011110100011011;0.334422;3890;00000100010011010011101011110100001011;0.178301;2074;0.294547;17
17;00001100001001010011111011110100001111;0.336657;3916;00000000000001000111100011110100001011;0.159388;1854;0.29875;19
18;00001100001001010011111011110100011011;0.334422;3890;00000000000001000111110011110100001011;0.161193;1875;0.304275;31
19;00001100001001010011111011110100001111;0.336657;3916;00000000000001000011100011110100011011;0.199708;2323;0.30751;41
20;00001100001001010011111011110100001111;0.336657;3916;00000000000001000011110011110100001011;0.15827;1841;0.299825;42
21;00011100001001010011111001110100011011;0.340526;3961;00000000000001000011101011110100101011;0.197988;2303;0.316155;53
22;00001100001001010011111011110001001111;0.339323;3947;00000000001001010011110011110100001011;0.164976;1919;0.321059;65
23;00011100001001010011111011110000001111;0.342503;3984;00000000001001010011100011111100001011;0.16979;1975;0.321259;68
24;00001100001001010011111001110100011111;0.339838;3953;00000000000001010011110011110100001011;0.164546;1914;0.316637;68
25;00001100001001010011111001110100011111;0.339838;3953;00001000101001000011100011110110001011;0.198762;2312;0.322937;72
26;00001100001001010011111001110100011111;0.339838;3953;00000000000001000011100011110100011011;0.199708;2323;0.323982;81
27;00001100001001010011111001110100011111;0.339838;3953;10001100011001010011011010110100001111;0.232462;2704;0.333156;91
28;00001100001001010011111011110100001111;0.336657;3916;00000000001001110011100011110100001011;0.173401;2017;0.328944;88
29;00001100001001010011111011110100001111;0.336657;3916;00001000001001010011110011110100001011;0.199794;2324;0.333052;91
30;00001100001001010011111011110100001111;0.336657;3916;00000100011001010011101011110100001011;0.179419;2087;0.329911;94
31;00001100001001010011111011110100001111;0.336657;3916;00000000001001000011101011110100001011;0.160506;1867;0.330747;94
32;00001100001001010011111011110100001111;0.336657;3916;00001100001101010011011011110100001111;0.266076;3095;0.335653;98
33;00001100001001010011111011110100001111;0.336657;3916;00000100000001010011100011110100001011;0.166265;1934;0.331364;94
34;00001100001001010011111011110100001111;0.336657;3916;00000100000001011011101011110100001011;0.171939;2000;0.33387;97
35;00001100001001010011111011110100001111;0.336657;3916;00000000100001000011100011110100001111;0.201427;2343;0.33399;95
36;00000100001101010011111011110100001111;0.337689;3928;00001100000001000011110011110100001011;0.193432;2250;0.333693;95
37;00001100001001010011111011110001001111;0.339323;3947;00001000001001000011100011110100001111;0.21011;2444;0.333355;92
38;00000100001101010011111011110100001111;0.337689;3928;00000100001101010011110011110100001011;0.212173;2468;0.332741;94
39;00000100001101010011111011110100001111;0.337689;3928;00000100001001010011111011110101001111;0.306396;3564;0.335766;94
40;00001100001101000011111011110100001111;0.339752;3952;00000001000001010011101011110100001111;0.20968;2439;0.329038;79
41;00001100001101000011111011110100001111;0.339752;3952;00001100001001010011101011110100101111;0.259543;3019;0.33299;80
42;00001100001101000011111011110100001111;0.339752;3952;00000100000011010011110011110100001011;0.173659;2020;0.330373;85
43;00001100001101000011111011110100001111;0.339752;3952;00000100001001010011100011110100001011;0.169274;1969;0.327778;82
44;00001100011001010011111011110000001111;0.339838;3953;00100100000001000011101011110100001011;0.169618;1973;0.326112;74
45;00001100001101010011111011110100001011;0.340268;3958;00000000001001000011100011110100001011;0.15827;1841;0.322932;70
46;00001100001101010011111011110000001111;0.353078;4107;00000000001001000011110011110110001011;0.16403;1908;0.327569;71
47;00001100001101010011111011110000001111;0.353078;4107;00001000000001010011110011110100001011;0.197043;2292;0.329826;74
48;00001100001101000011111011110100001111;0.339752;3952;00000000000101000011100011110100001011;0.15913;1851;0.33018;73
49;00001100001101000011111011110100001111;0.339752;3952;00100100000001000011100011110100001011;0.168501;1960;0.334519;87
50;00001100001101000011111011111000001111;0.343277;3993;00000000000101000011100011110100001011;0.15913;1851;0.336147;94
=============================================
geração;melhor;fitness;cobertura;pior;fitness;cobertura;média;ind_repetidos
0;01101100001010110111111001010000001110;0.282497;3286;10101011010010111000101111101100000100;0.0386864;450;0.159272;1
1;00010011000001000011111011111100111010;0.28456;3310;11110000111000100101010110011010110100;0.0611245;711;0.194992;1
2;00000000000101110011111011110110101110;0.303903;3535;00000000000001000011100011110100001011;0.158098;1839;0.215438;1
3;00100100000101110011111011110100001011;0.286279;3330;10100000000001000111100011110100001011;0.167125;1944;0.217807;1
4;01000000000101110011111011110100101011;0.304505;3542;00000000000001001011100011110100001011;0.158356;1842;0.224771;3
5;00000000000101010011111011110100111111;0.315337;3668;00000001001001010011100011110100001011;0.163944;1907;0.233351;4
6;00000100000001110011111011110110001111;0.30588;3558;00000010100001000011101011110100001011;0.160591;1868;0.236979;8
7;01001100000101000011111011110100011011;0.314907;3663;00000000000101000011100011110100001011;0.15913;1851;0.24287;4
8;00101100000101000011111011110100101011;0.315939;3675;00000000000001100011100011110100001011;0.163772;1905;0.24381;3
9;00011000001101000011111011110100001111;0.325739;3789;00000000000001010011100011110100001011;0.162741;1893;0.252857;2
10;00011000001101000011111011110100001111;0.325739;3789;00000000001001000011110011110100001011;0.158442;1843;0.264106;3
11;00001100001101100011111011110100001011;0.330983;3850;10000000001001000011100011110100001011;0.16489;1918;0.267877;3
12;00001100001101000011111011110100011011;0.339323;3947;00000100001001000011100011110100001011;0.162311;1888;0.278872;9
13;00001100001101000011111011110100011011;0.339323;3947;00010000000111000011101011110100001011;0.201513;2344;0.287673;15
14;00001100001101000011111011110100011011;0.339323;3947;00000000010001000011100011110100001011;0.158098;1839;0.281679;8
15;00001100001101000011111011110100011011;0.339323;3947;00000000000001000011110011110100001011;0.15827;1841;0.277193;5
16;00001100001101000011111011110100011011;0.339323;3947;00000000010011000011100011110100001011;0.164718;1916;0.286485;10
17;00001100001101000011111011110100011011;0.339323;3947;10000000100001000011101011110100001011;0.167039;1943;0.287827;13
18;00001100001101000011111011110100001111;0.339752;3952;00000000001001000011101011110100001011;0.160506;1867;0.29762;19
19;00001100001101010011111011110100001011;0.340268;3958;00001000000001000011110011110100001011;0.190681;2218;0.303532;20
20;00001100001101000011111011110100001111;0.339752;3952;00000000000011000011101011110110101011;0.207617;2415;0.315281;29
21;00001100001101000011111001110100111011;0.340698;3963;00000100010001000011110011110100001011;0.161967;1884;0.315134;44
22;00001100001101000011111011110100001111;0.339752;3952;00000000001001000011100011110100001011;0.15827;1841;0.309597;41
23;00001100001101000011111001110100011111;0.343449;3995;00000000001101000011100011110100001011;0.164804;1917;0.324913;62
24;00001100001101000011111001110100011111;0.343449;3995;00001100000001000011110011110100001011;0.193432;2250;0.327577;66
25;00001100001101010011111001110100011011;0.352132;4096;00000000000001000011100011110100011111;0.21054;2449;0.33193;70
26;00001100001101000011111001110100101111;0.340784;3964;00000000001101000011100011110100011011;0.206413;2401;0.329929;72
27;00001100001101000011111011110100001111;0.339752;3952;00000000000001000011100011110100101011;0.195753;2277;0.333297;83
28;00001100001101000011111001111100011011;0.340612;3962;00001000000001000011101011110100001111;0.209336;2435;0.334983;88
29;00001100001101000011111011110100001111;0.339752;3952;00000000001101100011101011110100001011;0.17684;2057;0.331546;85
30;00001100001101000011111011110100001111;0.339752;3952;00001100000101000011111011110101001011;0.31164;3625;0.337998;90
31;00001100001101000011111011110100001111;0.339752;3952;00101100001101000011011011110100001111;0.260574;3031;0.337586;94
32;00001100001101000011111011110100001111;0.339752;3952;00001100001101000011111011110101001101;0.329952;3838;0.339654;99
33;00001100001101000011111011110100001111;0.339752;3952;00001000001101000011111011110100001011;0.298745;3475;0.338758;95
34;00001100001101000011111011110100001111;0.339752;3952;00000110000101000011100011110100001011;0.162741;1893;0.333904;93
35;00001100001101000011111011110100001111;0.339752;3952;00000000001001000011110011110100001011;0.158442;1843;0.333317;93
36;00001100001101000011111011111000001111;0.343277;3993;00000100000001000011110011110100001011;0.161623;1880;0.335218;93
37;00001100001101000011111011111000001111;0.343277;3993;00000100001101000011101011110100001011;0.200653;2334;0.330172;86
38;00001100001101000011111011111000001111;0.343277;3993;00000100001001000011100011110100001111;0.206671;2404;0.331889;88
39;00001100001101000011111011111000001111;0.343277;3993;00000100000101000011101011110100001011;0.163858;1906;0.336183;96
40;00001100001101000011111011111000001111;0.343277;3993;00001100000001000011110011110100001011;0.193432;2250;0.32962;88
41;00001100001101000011111011111000001111;0.343277;3993;00001000001001000011110011111100001011;0.199192;2317;0.332447;89
42;00001100001101000011111011111000001111;0.343277;3993;00001000000101000011110011110100001011;0.19197;2233;0.331222;89
43;00001100001101010011111001110100001111;0.353078;4107;00000100001001000011110011110100001111;0.206843;2406;0.338311;95
44;00001100001101010011111001110100001111;0.353078;4107;00000000001001000011100011110100001111;0.202631;2357;0.330665;88
45;00001100001101000011111011111000001111;0.343277;3993;00000100000001010011110011110100001011;0.168071;1955;0.333801;91
46;00001100001101100011111001111000001111;0.344911;4012;00000100000001000011100011110100001111;0.20435;2377;0.338085;93
47;00001100001101010011111011110000001111;0.353078;4107;00001100000101000011100011110100001011;0.221114;2572;0.335217;88
48;00001100001101010011111011110000001111;0.353078;4107;00001100001101001011101011110100001111;0.267624;3113;0.337056;89
49;00001100001101010011111011110100001011;0.340268;3958;00001100001101010011110011110100001111;0.275533;3205;0.336828;86
50;00001100001101000011111011110000011111;0.343449;3995;00000100000001000011110011110100001011;0.161623;1880;0.335245;85
=============================================
