geração;melhor;fitness;cobertura;pior;fitness;cobertura;média;ind_repetidos
0;01100111101010000111110011011100010000;0.717074;8341;11010011100110001000011111001001010110;0.139443;1622;0.326958;1
1;00001000000101110011111011110110001011;0.829952;9654;00011011110111101000100010001011110100;0.273212;3178;0.439582;1
2;00000100010100110011111011110100101011;0.861847;10025;00111110000110011000000001100011111111;0.295908;3442;0.590234;3
3;00001100100101110011111011010100001011;0.874398;10171;00001101000101011010011111111101000001;0.34044;3960;0.698224;9
4;00001100100101010011111011010101001011;0.877407;10206;00101100010101110101100001011110001011;0.373023;4339;0.783309;27
5;00001100100101110011110011010101001011;0.881104;10249;00001100000101110111011011110100001011;0.464666;5405;0.82746;54
6;00001100100101110011110011010101001011;0.881104;10249;00001100100101110011011011110100001011;0.491403;5716;0.827792;52
7;00001100010110110011110011010101001011;0.885402;10299;00001101011001110001110011110100000111;0.512895;5966;0.837279;57
8;00001100100101110011110011010101001011;0.881104;10249;00101100000101110011011011110100001011;0.46054;5357;0.844861;52
9;00001100100101110011110011010100001111;0.881964;10259;00001101001101110011111000110100001011;0.479625;5579;0.844692;52
10;00001100100101110011110011010100001111;0.881964;10259;00001100010101110011111010110100001011;0.618122;7190;0.849239;61
11;00001100010101110011110011010100001111;0.877579;10208;00001100000111111001111011100100001011;0.553559;6439;0.8527;69
12;00001100100101010011110011110101001011;0.879642;10232;10001100100100100001111011110101001011;0.518827;6035;0.853365;69
13;00001100110101110011110011100100001011;0.895805;10420;00001100000111110001111011110100001011;0.555966;6467;0.85071;59
14;00001100110101110011110011100100001011;0.895805;10420;00001100100101110001111011111100001001;0.560953;6525;0.85297;63
15;00001100110100110011110011110100001011;0.894945;10410;00100100001101110011011011110100001011;0.466558;5427;0.850882;67
16;00001100110100110011110011110100001011;0.894945;10410;00001100001101110011011011110100001011;0.473607;5509;0.846046;61
17;00001100110100110011110011110100001011;0.894945;10410;00001100100101110010111011110100001011;0.576169;6702;0.858887;63
18;00001100110100110011111011100100001011;0.892366;10380;01001100100100110011011011110100001011;0.492005;5723;0.854584;60
19;00000100101101010011111011110100001011;0.887122;10319;00001100100111010001111011100100011011;0.587775;6837;0.85382;58
20;00000100101100110011111011100100011011;0.888153;10331;00001100100101110011011011110100001011;0.491403;5716;0.855077;59
21;00001000101101110011110011110100001011;0.887724;10326;00001100010111010011011011110100001011;0.496733;5778;0.854587;57
22;00001100100111010011111011100100001011;0.888927;10340;00001100100101110010111011110100001011;0.576169;6702;0.862395;60
23;00001000101101110011110011110100001011;0.887724;10326;00001100110100110011011011110100001011;0.510832;5942;0.85557;63
24;00001000111101110011111011100100001001;0.892538;10382;00001100000111110011011011110100001011;0.471888;5489;0.845561;49
25;00001000111101010011111011110100000011;0.895117;10412;00001100110110110000111011110100001011;0.498367;5797;0.847662;55
26;00001000111101010011111011110100000011;0.895117;10412;00001000001101110111011011100100011011;0.477992;5560;0.854422;57
27;00001100100101011011110011110100001011;0.889013;10341;00001100100101110011011011110100001011;0.491403;5716;0.843737;50
28;00001100110100110011111011010100001011;0.891076;10365;00001100111101010001101011110100001011;0.541351;6297;0.847739;60
29;00001000111101110011110011100100001011;0.903628;10511;00001100100101110001110011100111001011;0.520719;6057;0.854088;59
30;00001000101101110011110011110100001011;0.887724;10326;00001100100101110001110011110100001111;0.526565;6125;0.85407;59
31;00001100110101010011111011100100001011;0.897008;10434;00001100010101110010111011110100001011;0.579006;6735;0.847519;52
32;00001000101101110011110011110100001011;0.887724;10326;00001100001101110011011011110100001011;0.473607;5509;0.84456;51
33;00001000101101110011110011110100001011;0.887724;10326;00001100000101110011011011110100101011;0.467503;5438;0.840226;54
34;00001000101101110011110011110100001011;0.887724;10326;00001100100101110011011011100100001111;0.495358;5762;0.854652;48
35;00001000101101110011111011100100001011;0.88523;10297;00001101001101110010111001110100001011;0.463721;5394;0.851853;56
36;00001100100111010011110011110100001011;0.889959;10352;00001100100101110011011011110100001011;0.491403;5716;0.845404;53
37;00001100100111010011111011100100001011;0.888927;10340;00000100100101110001111011110101001011;0.566025;6584;0.848784;53
38;00001100110101010011110011110100001011;0.898642;10453;00101100100101110011011011100100001011;0.488824;5686;0.846679;55
39;00001100100100110011110011110100001111;0.882909;10270;00001100100101110011011011110100001011;0.491403;5716;0.840181;55
40;00001100101100110011110011110100001011;0.885832;10304;00001100100111010011011011110100001011;0.504212;5865;0.837711;56
41;00001100101100110011110011110100001011;0.885832;10304;00001100100101010011011011110100101011;0.493208;5737;0.849472;61
42;00001100100100110011110011110100001111;0.882909;10270;00001100100101110011010011110100001111;0.413944;4815;0.848847;56
43;00001100100100110011110011110100001111;0.882909;10270;00001100101101110011011011010100001011;0.496045;5770;0.846868;61
44;00001100100100111011110011110100001011;0.884801;10292;00001100001101110011011011110100001011;0.473607;5509;0.844906;54
45;00001100100111110011110011100100001011;0.887466;10323;00001100100101110011111010110100001011;0.622679;7243;0.853801;60
46;00001100101100110011110011110100001011;0.885832;10304;00001100100100110010111011110100011011;0.580124;6748;0.853509;53
47;00001100110100110011111011100100001011;0.892366;10380;00001100000101110010111011110100001111;0.568002;6607;0.851836;51
48;00001100110100110011110011110100001011;0.894945;10410;00001100010101110001110011110100101011;0.520977;6060;0.852336;51
49;00001100110100110011110011110100001011;0.894945;10410;00001100010110110001110011010100101111;0.525877;6117;0.850811;51
50;00001100101100110011110011110100001011;0.885832;10304;00011100000101110011011011110100001011;0.464838;5407;0.845749;58
=============================================
geração;melhor;fitness;cobertura;pior;fitness;cobertura;média;ind_repetidos
0;00010010100100111101110011110100100011;0.491403;5716;10101111011100000000110011010101110100;0.232634;2706;0.325787;1
1;00011000100100011111110011110100001110;0.866747;10082;11010111011010100000010111000101000111;0.24957;2903;0.445681;1
2;00000101100100011111110011110100001110;0.870014;10120;11101000010000011100011001110101010111;0.315509;3670;0.541486;4
3;00001100100100110011111011110100001011;0.872851;10153;00001101000101111000111111011110000100;0.381534;4438;0.680676;6
4;00001100100100110011111011110100001101;0.875946;10189;00001101000101101011011110100010001111;0.371475;4321;0.752524;20
5;00001100100100110011111011010100001111;0.879041;10225;00100101001101110010111001110100011001;0.460024;5351;0.811112;21
6;00001100100100110011111011100101001011;0.878783;10222;00001100000101110111011011110100001011;0.464666;5405;0.82712;28
7;00001100100101110011110011110100001011;0.877149;10203;00001101000101111001110011110100001011;0.488738;5685;0.840836;42
8;00001100100100110011110011110100001111;0.882909;10270;00001100010101110011010011110101001011;0.404574;4706;0.84217;43
9;00001100100101110011110011100100001111;0.882565;10266;00101100010001110011011011110100001011;0.474639;5521;0.839254;39
10;10001100101101010011110011100100001011;0.886176;10308;00001110100101100011011011110100010011;0.424089;4933;0.847091;50
11;00001100100101110011110011100100001111;0.882565;10266;00001100100101110011011011110100001011;0.491403;5716;0.843385;44
12;00001100100110110011111011100100001011;0.884801;10292;00011100000101110011011011110100001011;0.464838;5407;0.848086;50
13;00001100100100111011111011100100001011;0.882221;10262;00001100100101110101111011100100001011;0.579006;6735;0.855671;56
14;00001100100110110011111011100100001011;0.884801;10292;00101100010101110011010011110100001011;0.400017;4653;0.845216;56
15;00001100100101111011110011100100001011;0.886262;10309;00001100100101110011011011110100001011;0.491403;5716;0.852067;57
16;00001100100110110011111011010100001011;0.882995;10271;00001100010100110001111111100101001011;0.574708;6685;0.850272;58
17;00001100100111110011110011100100001011;0.887466;10323;00001100100001111001111011100100010111;0.569807;6628;0.843988;55
18;00000100111100110011111011010100001011;0.898556;10452;00001100010101110001111011010100001111;0.57359;6672;0.863368;60
19;00001100100111110011110011100100001011;0.887466;10323;00001100000101110010111011110100101011;0.566541;6590;0.848681;52
20;00001100110100110011110011110100001011;0.894945;10410;00001100000111110001110011110101001011;0.50619;5888;0.847505;47
21;00001100110100110011110011110100001011;0.894945;10410;00001100100101110001111011110100001011;0.574794;6686;0.861002;47
22;00011100110100010011110011110100001011;0.89718;10436;00011100100001110010110011110100101011;0.520633;6056;0.857904;50
23;00001100110101110011110011100100001011;0.895805;10420;01001100100001110001111011110100001011;0.563875;6559;0.85448;51
24;00001100110100110011111011100100001011;0.892366;10380;00001100100101110010110011110100011011;0.528542;6148;0.842748;46
25;00001100110100010011110011110100011011;0.894257;10402;00001100110111110011010011100100001011;0.434405;5053;0.845089;51
26;00001100110100110011110011110100001011;0.894945;10410;00001100100101110011011011110100001011;0.491403;5716;0.855177;52
27;01001100110100010011110011110100001011;0.89675;10431;00001100110100010011010011111101001011;0.424261;4935;0.849822;48
28;00001100110101010011111011100100001011;0.897008;10434;00001100010101110011011011100100101011;0.487362;5669;0.843158;37
29;00001100110101010011110011100100101011;0.897782;10443;00001100110100110111011011100100001011;0.50705;5898;0.851679;26
30;00001100110101010011110011100100101011;0.897782;10443;00001100110101010010111011110110001001;0.591988;6886;0.859157;39
31;00001100110101010011111011100100001011;0.897008;10434;00001110100101110001011011110100001011;0.399845;4651;0.840778;29
32;00001100110101010011111011100100001011;0.897008;10434;00011100000101110010111011110100001011;0.563875;6559;0.858508;30
33;00001100110101010011111011100100001011;0.897008;10434;00001100110000110011011011110100101011;0.495959;5769;0.859522;38
34;00001100110101010011110011110100001011;0.898642;10453;10001100000101110001111011110100001011;0.544618;6335;0.862414;49
35;00001100110101010011110011110100001011;0.898642;10453;00001100110101110011010011110100001011;0.428559;4985;0.848904;46
36;00001100110100110011110011100100001111;0.900963;10480;00011100100100110011011011110100001011;0.491489;5717;0.855355;39
37;00001100110101010011110011100100001111;0.900361;10473;00001100111101010011010011110100001011;0.439563;5113;0.840384;42
38;00001100110100110011110011100100101011;0.897782;10443;00001100110101010011011011101100001011;0.512552;5962;0.858016;54
39;00001100110100110011110011100100101011;0.897782;10443;00001100110110110001011011110100001011;0.435265;5063;0.854524;52
40;00001100110101010011111011100100001011;0.897008;10434;00001010110100110011011010110100001111;0.451427;5251;0.839148;38
41;00001100110101010011111011100100001011;0.897008;10434;00001100000101110010111011111100001011;0.5576;6486;0.852642;44
42;00001100110101010011111011100100001011;0.897008;10434;00001100110101010011011011110100001011;0.514529;5985;0.854447;43
43;00001100110110110011110011100100001011;0.90337;10508;00101100100101110001111011110000001011;0.483752;5627;0.850339;35
44;00001100110110110011110011100100001011;0.90337;10508;10001100100101110011010011110100001011;0.405433;4716;0.843093;37
45;00011100100101011011110011100100001011;0.889873;10351;00001100100101110001111011110100001011;0.574794;6686;0.844622;38
46;00001100110101010011110111100100001011;0.894859;10409;00001100100101011011010011110100101011;0.424003;4932;0.846268;30
47;00001100110101010011111011100100001011;0.897008;10434;00001100010101111011010011110100001011;0.414374;4820;0.842975;27
48;00001100110101010011110011110100001011;0.898642;10453;00001100000110111011010011110100001111;0.393741;4580;0.843551;29
49;00001100110101010011110011110100001011;0.898642;10453;00001100010101011011011011110100100011;0.490457;5705;0.835471;35
50;00001100110101010011110011110100001011;0.898642;10453;00001111100101010011010011110100101010;0.397438;4623;0.832728;43
=============================================
geração;melhor;fitness;cobertura;pior;fitness;cobertura;média;ind_repetidos
0;01000000001101001111111011101100011001;0.792039;9213;11001101101000010100010111001011110001;0.201427;2343;0.337824;1
1;00001000100101110011111011010100011011;0.86305;10039;00010011110000101001001111011011010011;0.262981;3059;0.446954;1
2;00001100100101010011111011010100011011;0.877321;10205;00001001000111001110000111111010111001;0.288858;3360;0.624576;3
3;00001100100110110011110011110100001011;0.886692;10314;10111100000110001011000011111100001101;0.341902;3977;0.732127;10
4;00001100100110110011110011110100001011;0.886692;10314;10001100000101110111001011110100001011;0.375602;4369;0.795824;23
5;00001100100110110011110011110100101010;0.888325;10333;00001101000101110010111011110000011011;0.458477;5333;0.82033;40
6;00001100100110110011110011110100001011;0.886692;10314;00011101000101110001111011110100000011;0.540492;6287;0.838363;56
7;00001100100110110011110011110100001011;0.886692;10314;00001100001101110001111011110100001011;0.559147;6504;0.851681;63
8;00001100100110110011110011110100001011;0.886692;10314;00001100001101110001111001110100001111;0.474725;5522;0.852678;65
9;00001100100110010011111011110100001011;0.887208;10320;00001100001101110010111011110100001011;0.571011;6642;0.849215;53
10;00001100100110010011111011110100001011;0.887208;10320;00001100101101010010111011110100001011;0.588205;6842;0.850864;54
11;00001100100111010011110011100101001011;0.890904;10363;00001100100110110011011011011100001011;0.493466;5740;0.853714;59
12;00001000101101010011111011100101001011;0.888583;10336;00001000010101110011011011110100001111;0.475757;5534;0.856851;59
13;00001100100110110011110011010100011011;0.889787;10350;00001100110101110001110011110100001011;0.542211;6307;0.852883;56
14;00001000101101010011111011100101001011;0.888583;10336;00001100000101110010111011110100001111;0.568002;6607;0.858986;63
15;00001000101101010011111011100101001011;0.888583;10336;00011100000111010011111010110100001011;0.60772;7069;0.861841;65
16;00001000101101010011111011100101001011;0.888583;10336;00001100001101110001111011110100001011;0.559147;6504;0.86162;67
17;00001100100111010011110011110100001011;0.889959;10352;00001100100101110011011011110100001011;0.491403;5716;0.857022;63
18;00001100100111010011110011110100001011;0.889959;10352;00001100100101110011011011110100001011;0.491403;5716;0.861075;71
19;00001100100111010011110011110100001011;0.889959;10352;00001100000111110011011011110100001011;0.471888;5489;0.848864;65
20;00001100100110010011111011110100001011;0.887208;10320;00001100100101110010111011110100001011;0.576169;6702;0.850277;66
21;00001000101101010011111011110100001011;0.887981;10329;00001100100101110011101011110100001011;0.832015;9678;0.86468;76
22;00001000101101010011111011110100001011;0.887981;10329;00011100000101110011111011110100001010;0.838721;9756;0.86687;76
23;00001000101101010011111011110100001011;0.887981;10329;00001100000101100011111011111100001011;0.803215;9343;0.866647;75
24;00001000101101010011111011110100001011;0.887981;10329;10001100100101010001111011110100001011;0.574966;6688;0.859887;69
25;00001100101101010011111011100100001011;0.887895;10328;00001100100101110011010011111100001011;0.403542;4694;0.848425;65
26;00001100100101011011110011110100001011;0.889013;10341;00001100101101010011011011110100001011;0.505072;5875;0.862014;73
27;00001100100110010011110011110100001111;0.889959;10352;00001100100110010011011011110101001011;0.502923;5850;0.852585;73
28;00001000101101010011111011110100001011;0.887981;10329;00001100100101100011111011110100001011;0.812586;9452;0.866421;74
29;00001100101101010011111011100100001011;0.887895;10328;00001100000101010010111011111100011011;0.559405;6507;0.863588;73
30;00001100100110010011111011100101001011;0.887294;10321;00001100100101010010111011111100001011;0.573934;6676;0.859814;75
31;00001100100110010011111011100101001011;0.887294;10321;00001100100101110010111011110100001011;0.576169;6702;0.864886;81
32;00001100100110010011111011100101001011;0.887294;10321;00101100100101010010111011110100001011;0.577803;6721;0.855994;77
33;00001100101101010011111011100100001011;0.887895;10328;00011100100101010010111011110100001011;0.580038;6747;0.863594;74
34;00001000101101010011111011110100001011;0.887981;10329;00101100100101010011111010110100001011;0.624312;7262;0.869565;77
35;00001000101110010011111011110100001011;0.892022;10376;00001100000111010011011011110101001011;0.474983;5525;0.861389;73
36;00001100110110010011111011010100001011;0.902768;10501;00001011100101010010111011110100001011;0.55141;6414;0.857683;59
37;00001100110110010011111011010100001011;0.902768;10501;00001100001111010011111010110100001011;0.617177;7179;0.863174;56
38;00001100111110010011111011100100001010;0.894687;10407;10001100100101010010111011110100001011;0.575825;6698;0.856414;55
39;00001100101101010011111011100100001011;0.887895;10328;00001100100101110011011011110100001011;0.491403;5716;0.859902;67
40;00001100110100110011111011100100001011;0.892366;10380;00001100100101110011111010110100001011;0.622679;7243;0.865423;69
41;00001100101101010011111011100100001011;0.887895;10328;01001100000110010110111011110100001011;0.561296;6529;0.86234;63
42;00001100101110010011111011100100001011;0.895461;10416;10001100100101010001111011110100000111;0.569034;6619;0.856636;54
43;00001100101101010011110011110100001110;0.892022;10376;00001100100101110001111011110100001011;0.574794;6686;0.85919;44
44;00001100100111010011110011110100001011;0.889959;10352;00001110100100110011111001110100001011;0.689133;8016;0.864206;47
45;00001100100111010011110011110100001011;0.889959;10352;00001100100110110011011011110100001011;0.500946;5827;0.856006;47
46;00001100100111010011110011110100001011;0.889959;10352;00001100000101110001111011110101001011;0.553043;6433;0.853387;50
47;00001000101110010011111011110100001011;0.892022;10376;01001100000101110011011011110100001011;0.462001;5374;0.843654;48
48;00001000101110010011111011110100001011;0.892022;10376;00001100100101110011011011110100001011;0.491403;5716;0.852206;47
49;00001000101111010011111011100100001011;0.893312;10391;00001100101101110010110011110100001011;0.533098;6201;0.862459;52
50;00001000101111010011111011100100001011;0.893312;10391;00001100101111010010111011100100001011;0.591644;6882;0.861189;50
=============================================
geração;melhor;fitness;cobertura;pior;fitness;cobertura;média;ind_repetidos
0;10001111101101010011100001000110010011;0.540664;6289;10011111100101001000011100001101110001;0.169017;1966;0.326528;1
1;00001110100100111011111011000101001001;0.842246;9797;10011011101100010010001101001100111100;0.233666;2718;0.412438;2
2;00001100100000110011111011110100011011;0.861331;10019;11011011101001000000011001010110110011;0.278456;3239;0.540412;3
3;00001100011101110011110011110100000011;0.875516;10184;01100101000110100010111010100101101011;0.370959;4315;0.697125;9
4;00001100100100110011111011110100001011;0.872851;10153;00011100101100110011011010010101001011;0.430536;5008;0.789931;31
5;01001100010101010011111011010100001011;0.875688;10186;00001100000101110010111001110100101111;0.462431;5379;0.826485;40
6;00001100100100110011111011010100001111;0.879041;10225;00001100010101110001111011110100001011;0.570667;6638;0.848616;53
7;00001100100100110011111011010100001111;0.879041;10225;10001100100100110010111001110110001011;0.4614;5367;0.838205;51
8;00001100101100110011111011100100001011;0.883253;10274;00001100100101110011011011010100001111;0.490973;5711;0.832863;50
9;00001100101100110011111011100100001011;0.883253;10274;00001100110100110011011011110100001011;0.510832;5942;0.838689;46
10;00001100101100110011111011100100011001;0.884973;10294;01001100000111110011011011010100001011;0.461743;5371;0.843131;43
11;00001100101100110011110011110100001011;0.885832;10304;00001100000011110011011011110100011011;0.455726;5301;0.834758;42
12;00001100101100110011110011110100001011;0.885832;10304;10001100001101110011011010110100001011;0.422541;4915;0.845673;49
13;00001000101101010011110011110100101011;0.889787;10350;00001100001100110011011011110110001011;0.467074;5433;0.842209;50
14;00001000101101010011110011110100101011;0.889787;10350;00001100000100110011011111111100001011;0.458906;5338;0.848538;59
15;00001100111000110011110011110100001011;0.893312;10391;00001100100101110011011011110100001011;0.491403;5716;0.856749;51
16;00001100100111010011110011110100001011;0.889959;10352;00001100111000110011111010110100001011;0.637895;7420;0.854232;54
17;00001100100111010011110011110100001011;0.889959;10352;01001100100100110011111010110100001011;0.622765;7244;0.8586;57
18;00001100110100110011110011110100001011;0.894945;10410;00001100000111110011111011110000001011;0.683459;7950;0.863712;56
19;00001100110100110011110011110100001011;0.894945;10410;00001100100111010001111011110100001011;0.586056;6817;0.863478;60
20;00001100111100110011110011110100000011;0.893655;10395;00001100100101110011011011110100001011;0.491403;5716;0.861559;43
21;00001100110110110011110011100100001011;0.90337;10508;10001100100101110011011011110100001001;0.479539;5578;0.841688;40
22;00001100110110110011110011100100001011;0.90337;10508;00001100100111010011011011110100001011;0.504212;5865;0.854665;47
23;00001100110110110011110011100100001011;0.90337;10508;00001100100111010001111111110100001001;0.572043;6654;0.862657;40
24;00001100110101010011111011010100001011;0.895891;10421;00001100000101110010111011110000011111;0.461486;5368;0.856417;45
25;00001100110101010011111011010100001011;0.895891;10421;00001100100111010001110111010100011011;0.5288;6151;0.857232;50
26;00001100110101010011111011010100001011;0.895891;10421;00011101100100110010110011110100001011;0.522868;6082;0.860008;51
27;00001100110101010011111011010100001011;0.895891;10421;00001100100101110010111011101100001011;0.574622;6684;0.857868;56
28;00001100110100110011110111100100001011;0.891076;10365;00001100100101110011011011110100001011;0.491403;5716;0.852253;50
29;00001100111100110011110111100100000011;0.889959;10352;00001100100011110010111011110100001011;0.559061;6503;0.85929;54
30;00001100100110110011110011100100101011;0.890647;10360;00001100000101110011011011110100011011;0.467847;5442;0.856606;50
31;00001100100110110011110011100101001011;0.891764;10373;00001100001101011011010111010100101011;0.386778;4499;0.854393;43
32;00001100100110110011110011100101001011;0.891764;10373;00001100100111010110110011110100001011;0.531637;6184;0.842385;38
33;00001100100110110011110011100101001011;0.891764;10373;00001110101101010010110011100100101011;0.528886;6152;0.852763;37
34;00001100110100110011110011110100001011;0.894945;10410;00010000100110110011011011110100011011;0.473521;5508;0.855448;42
35;00001100110100110011110011110100001011;0.894945;10410;00101100000110110001111011110100001011;0.550636;6405;0.850045;47
36;00001100100101011011110011110100001011;0.889013;10341;00011100100111110010010011110100001011;0.357376;4157;0.83897;37
37;00001000101100011011110011110100101011;0.894085;10400;00001101100101010001111011110100001011;0.575481;6694;0.859607;43
38;00001000101100011011110011110100101011;0.894085;10400;00001100100101110011011011110100001011;0.491403;5716;0.858238;43
39;00001000101100011011110011110101001011;0.893999;10399;01001100000101110011011011110100001011;0.462001;5374;0.849534;35
40;00001100110101010011110011110100001011;0.898642;10453;00011100000101110001110011110100001111;0.502235;5842;0.855063;43
41;00001100110101010011110011110100001011;0.898642;10453;00001101100111010011010011110100001011;0.417813;4860;0.849443;31
42;00001100110101010011110011110100001011;0.898642;10453;00001100101101110011011011110100001010;0.492607;5730;0.842225;31
43;00001100110101010011110011110100001011;0.898642;10453;00001000101101010011111110110001001011;0.510574;5939;0.850946;37
44;00001100110101010011110011100101001011;0.898986;10457;00001100101101010011010111110100001011;0.423487;4926;0.855561;36
45;00001100110101010011111011100100001011;0.897008;10434;01001001100100011011011011010100001111;0.475671;5533;0.836619;32
46;00001100110101010011111011100100001011;0.897008;10434;00001000100101110010111011110100101011;0.560179;6516;0.854887;34
47;00001100100111010011110011110100001011;0.889959;10352;00001100000111110010110011111100001011;0.509457;5926;0.848513;38
48;01001100101101010011110011100100001011;0.89142;10369;00001100100101110101110011110100001011;0.524415;6100;0.84965;45
49;00001100100111010011110011110100001011;0.889959;10352;01001100100100110111010011100101001011;0.41532;4831;0.844486;50
50;00001100100110110011110011110100001011;0.886692;10314;10001100010101110001111011100100001011;0.569636;6626;0.846573;39
=============================================
geração;melhor;fitness;cobertura;pior;fitness;cobertura;média;ind_repetidos
0;00111110100000010111100011111100110000;0.695581;8091;10101110110110001010100100001101110001;0.196355;2284;0.334993;1
1;00001100101100010011111011110100001011;0.884199;10285;10011001110100001111011110100011010000;0.244154;2840;0.440308;1
2;00001100101100010011111011110100001011;0.884199;10285;10100111010001011101000100100110011011;0.283184;3294;0.572023;3
3;00001100101100010011111011110100001011;0.884199;10285;00010100000101110001011011111100101011;0.366661;4265;0.713588;7
4;00001100111100010011111011010100001011;0.897696;10442;01011100000001010011011011110100011011;0.449966;5234;0.793203;19
5;00001100111100010011111011010100001011;0.897696;10442;00001100000101010011011011110110001111;0.461056;5363;0.842005;39
6;00001100110100010011111011110100001011;0.892796;10385;00001100100101110010111010110100111100;0.47292;5501;0.849337;41
7;00001000101101010011110011110100011110;0.893827;10397;00001000101101110010111011110100001011;0.584852;6803;0.852986;49
8;00001100110100010011111011110100001011;0.892796;10385;00001100100101110011011011110100001011;0.491403;5716;0.848978;54
9;00001100110100010011111011110100001011;0.892796;10385;00001100001101110001111011110100001011;0.559147;6504;0.847968;50
10;00001100110100010011111011110100001011;0.892796;10385;00001101001101010011111010110100001011;0.606946;7060;0.861579;63
11;00001000101101010011111011110100001011;0.887981;10329;00001100100101110011011011110100001011;0.491403;5716;0.854173;57
12;00001000101101010011111011110100001011;0.887981;10329;00011100110101010011011011110100001010;0.504986;5874;0.840285;47
13;00000100101101010011111011110100001011;0.887122;10319;00001100101101110001111001110100001011;0.495358;5762;0.854381;53
14;00000100101101010011111011110100001011;0.887122;10319;00001001101101010011011011101100001011;0.500086;5817;0.852746;60
15;00000100101101010011111011110100001011;0.887122;10319;00001110001100110010111011100100011011;0.569636;6626;0.84757;71
16;00001100110101010011110011110100001011;0.898642;10453;00000100100101010110111011110100101011;0.552442;6426;0.852875;72
17;00001100110101010011110011110100001011;0.898642;10453;00001100001101010001111011110101001011;0.56207;6538;0.852303;71
18;00001100110101010011110011110100001011;0.898642;10453;00001100100101110001111011110100001011;0.574794;6686;0.858371;68
19;00001100110101010011110011110100001011;0.898642;10453;00001100100101110011111010110100001011;0.622679;7243;0.860718;59
20;00001100110101010011110011110100001011;0.898642;10453;00001100101101010001111011110100001011;0.588377;6844;0.863388;64
21;00001100110101010011110011110100001011;0.898642;10453;00001100100101010011011011110101001011;0.493896;5745;0.858435;72
22;00001100110101010011110011110100001011;0.898642;10453;00000100101101010001111011111100001011;0.583735;6790;0.855768;60
23;00001100110101010011110011110100001011;0.898642;10453;00001100010101110010111011110100001011;0.579006;6735;0.856834;60
24;00001100110101010011111011010100001011;0.895891;10421;00001100100101110011011011110100001011;0.491403;5716;0.854345;61
25;00001100110101010011110011110100001011;0.898642;10453;00001100000101110011111010110100011011;0.60282;7012;0.859497;58
26;00001100110101010011111011010100001011;0.895891;10421;00001100100101010011011011110100101011;0.493208;5737;0.853531;50
27;00001100110101010011111011100100001011;0.897008;10434;00001100100101110011011011110100001011;0.491403;5716;0.853802;41
28;00001100110101010011111011010100001011;0.895891;10421;00001100110101010001111011100100101011;0.599037;6968;0.861369;43
29;00001100110101010011111011010100001011;0.895891;10421;00001100000101110011111110110100001011;0.592675;6894;0.855413;50
30;00001100110101010011110011110100001011;0.898642;10453;00001101101001110000111011010110001011;0.439477;5112;0.848761;54
31;00001100110101010011110011110100001011;0.898642;10453;00001100100101110001111011110100001011;0.574794;6686;0.849742;53
32;00001100110101010011110011110100001011;0.898642;10453;00001100100101110011011011110100001011;0.491403;5716;0.84355;42
33;00001100110101010011110011110100001011;0.898642;10453;00001110010100110011011011101100001011;0.472404;5495;0.842306;45
34;00001100110101010011111011100100001011;0.897008;10434;00001100100101010011011011110110001011;0.48848;5682;0.843932;50
35;00001100101101010011110011110100001011;0.889357;10345;00001100010101110001111011110100001011;0.570667;6638;0.857156;46
36;00001100111101010011110011110100001001;0.89185;10374;00001100101101010001110011110100101011;0.533786;6209;0.848445;49
37;00001100110101010011110011110100001011;0.898642;10453;01001100010101110011010011110100001011;0.403284;4691;0.854215;46
38;00001100110101010011110011110100001011;0.898642;10453;00001100100101011001110011110100011011;0.532926;6199;0.859531;52
39;00001100110101010011110011110100001011;0.898642;10453;00001100010101110011011011010101001011;0.483752;5627;0.837322;49
40;00001100111100010011110011110100001011;0.90208;10493;00001100100101110011011011110100001011;0.491403;5716;0.849394;43
41;00001100111100010011110011110100001011;0.90208;10493;00001100010101110011011011110100001011;0.484525;5636;0.852167;46
42;00001100111100010011110011110100001011;0.90208;10493;00001110010100110010111011110100001011;0.571269;6645;0.857968;50
43;00001100111100010011110011110100001011;0.90208;10493;00001100110101010011010011110100011011;0.431568;5020;0.852206;54
44;00001100111100010011110011110100001011;0.90208;10493;00001100100111010011011011110100001011;0.504212;5865;0.854069;49
45;00001100111100010011110011110100001011;0.90208;10493;00001100100101110000111011110101001011;0.455554;5299;0.844533;34
46;00000100111100010011110011110101001011;0.90251;10498;00001100001101110001111011110100001011;0.559147;6504;0.858475;40
47;00000100111101010011110011110100001011;0.905949;10538;00001100101101010001111011100100011011;0.589752;6860;0.854305;40
48;00001100110101010011110011110100001011;0.898642;10453;00001100110101110000111011110100001011;0.494412;5751;0.84194;35
49;00001100111100010011111011100100001011;0.899329;10461;00001100110101110011010011110100001011;0.428559;4985;0.847991;42
50;00001100111100010011110011110100001011;0.90208;10493;00011100000101110011011011110100001011;0.464838;5407;0.852165;48
=============================================
geração;melhor;fitness;cobertura;pior;fitness;cobertura;média;ind_repetidos
0;10110000001000000111101111101100100111;0.706757;8221;00110011101010011100001110000111010011;0.16489;1918;0.332343;1
1;00101100111000010011111011110100100010;0.866747;10082;01101101111000000101001101000011110101;0.232548;2705;0.445976;2
2;00001100000111110011110011110100001011;0.861503;10021;01011010011001000011010111011001100011;0.295822;3441;0.578959;1
3;00001000100101110011111011100101001011;0.862878;10037;00111100011111010010001010011101000011;0.327545;3810;0.702858;4
4;00001100100101110011111011100100001011;0.875516;10184;11001000000011110011010011110110001011;0.331757;3859;0.765837;13
5;01001100010101110011110011100101001001;0.878009;10213;00011100000101110011011011000100111011;0.442486;5147;0.816581;33
6;00001100100101011011111011100100001011;0.887122;10319;00111010000100110010111011010100011011;0.539546;6276;0.836324;49
7;00001100010101010011111011110100001011;0.873281;10158;00001100000101110101111011110101001010;0.54522;6342;0.835617;50
8;00001100010100110011111011100101001011;0.874398;10171;00001100001101110001111011110100001011;0.559147;6504;0.843728;59
9;00101100010100110011110011100101001011;0.875172;10180;00001100001101111001111011010100001011;0.55184;6419;0.850325;62
10;00001100010100110011111011100101001011;0.874398;10171;00001100010101110011011011110100001011;0.484525;5636;0.844637;63
11;00001100010101010011110011110100101011;0.874914;10177;00001110000101110011011011110100001011;0.457359;5320;0.832438;59
12;00001100100101110011110011110100001011;0.877149;10203;00001100001101111011010011110100001011;0.389185;4527;0.845023;59
13;00001100110100110011111011010100001011;0.891076;10365;00001100010101110101011011110100001011;0.404917;4710;0.841955;57
14;00001100110100110011110011110100001011;0.894945;10410;00001100010101110010111011110100001011;0.579006;6735;0.853178;46
15;00001100110100110011110011110100001011;0.894945;10410;00001100110101110011011011110100001010;0.501462;5833;0.848996;45
16;00001100110100110011110011110100001011;0.894945;10410;01001100000101110011011011110100001011;0.462001;5374;0.845342;40
17;00001100110100110011110011100101001011;0.899072;10458;00001100010111110111110001110000001011;0.507565;5904;0.850828;56
18;00001100101100110011110011110100001011;0.885832;10304;00001100000101110011011111110100001011;0.464323;5401;0.851003;55
19;00001100010111010011110011110100001011;0.884973;10294;00001100010101110011011011010100001111;0.48401;5630;0.855338;52
20;00001100110101010011110011011100001011;0.895031;10411;00001100000101110001111111110100001011;0.547627;6370;0.852983;53
21;00001100010111010011110011110100001011;0.884973;10294;00001100010101110011011011110100001011;0.484525;5636;0.850933;53
22;00001100010111010011110011110100001011;0.884973;10294;00001100010101010011011011110100011011;0.487534;5671;0.852625;63
23;00001100010111010011110011110100001011;0.884973;10294;00001110010101010011111010110100001011;0.615199;7156;0.860749;70
24;00001100110101010011110011110100001011;0.898642;10453;00001100000101110001111011110100101011;0.553129;6434;0.856091;63
25;00001100110101010011110011110100001011;0.898642;10453;00001100000101110001111011110100001111;0.554591;6451;0.861334;73
26;00001100110101010011110011110100001011;0.898642;10453;00001100010101010011010011110110011101;0.403026;4688;0.83904;61
27;00001100110101010011110011110100010011;0.891506;10370;00001100100101110011111010110100001011;0.622679;7243;0.86048;60
28;00001100110101010011110011110100001011;0.898642;10453;00001100010101110011011011110100001011;0.484525;5636;0.856884;50
29;00001100110101010011110011110100001011;0.898642;10453;00001100010101110011011011110100001011;0.484525;5636;0.853579;52
30;00001100110101010011110011110100001011;0.898642;10453;00011100010101010011011011110100001011;0.488738;5685;0.843619;45
31;00001100110100010011111011110100001011;0.892796;10385;00001100010101010011011011110100001111;0.489082;5689;0.850943;47
32;00001100110101010011110011110100001011;0.898642;10453;01001100010101010011011011110100001011;0.490199;5702;0.848965;58
33;00001100110100010011111011110100001011;0.892796;10385;00001100010101110010111011110100001011;0.579006;6735;0.860703;63
34;00001100110100010011111011110100001011;0.892796;10385;00101100000101011001111011110100001011;0.545736;6348;0.857503;69
35;00001100110101010011110011110100001011;0.898642;10453;00001100110101010011111010110100001011;0.644171;7493;0.858404;57
36;00001100110101010011110011110100001011;0.898642;10453;00001100010101110010111011110100001011;0.579006;6735;0.861754;61
37;00001100110101010011110011110100001011;0.898642;10453;00001100100101110001111011100101001011;0.580296;6750;0.862415;54
38;00001100110101110011110011100100001011;0.895805;10420;00001100101101010010111111110100000011;0.576513;6706;0.858179;55
39;00001100100111010011110011110100001011;0.889959;10352;00000100110101110011111010110100001011;0.63205;7352;0.863135;56
40;00001100100111010011110011110100001011;0.889959;10352;00001100001101110011011011110100001011;0.473607;5509;0.85148;58
41;00000100111101010011110011110100001011;0.905949;10538;00001100100101010011111010110101001011;0.62543;7275;0.857233;58
42;00000100111101010011110011110100001011;0.905949;10538;00001100000101110011011011110100011011;0.467847;5442;0.850872;55
43;00000100111101010011110011110100001011;0.905949;10538;00001100000101110011011011110101001011;0.467417;5437;0.849875;52
44;00001100100110011011110011110100001011;0.89761;10441;00001100100101110010111011110100001011;0.576169;6702;0.850632;58
45;00001100100110011011110011110100001011;0.89761;10441;00001100100101010011011111010100011011;0.490028;5700;0.851596;66
46;00001100100110011011110011110100001011;0.89761;10441;00011100000101110011011011110100001011;0.464838;5407;0.851068;71
47;00001100100110011011110011110100001011;0.89761;10441;00001100100110010011011011110100011011;0.502923;5850;0.860231;69
48;00001100100110011011110011110100001011;0.89761;10441;00001100100101010011111110010100011011;0.610557;7102;0.860971;67
49;00001100110101010011110011110100001011;0.898642;10453;10001100000101010010111011110100011011;0.560265;6517;0.855047;64
50;00001100110101010011110011110100001011;0.898642;10453;00001100110101110001110011110100001011;0.542211;6307;0.858458;65
=============================================
geração;melhor;fitness;cobertura;pior;fitness;cobertura;média;ind_repetidos
0;01101101000011000011101111100100101001;0.731259;8506;11110111010010111000010100001101100100;0.15913;1851;0.342558;1
1;00000100100101010011111111100100101011;0.858666;9988;10110011100011000011010110101001010011;0.250946;2919;0.455665;1
2;00001100001110010011110111100100011011;0.869068;10109;11101101100001110110001011010100100100;0.291781;3394;0.586909;1
3;00001100011001110011111011010100001011;0.868208;10099;01110110010001011011011010000100001111;0.378181;4399;0.712143;10
4;00011100100101010011111011100100001011;0.879127;10226;00011100001101110010101111100001010011;0.394773;4592;0.785166;21
5;00001100101100110011111011010100001011;0.881964;10259;10001100000101110011011011110100001011;0.459422;5344;0.814945;36
6;00001100101100110011111011010100001011;0.881964;10259;00001100010110110011111010110100001011;0.627235;7296;0.840281;46
7;00001100101100110011110011110100001011;0.885832;10304;00001100001101110001111011110101000011;0.556396;6472;0.842437;48
8;00001100101100110011110011110100001011;0.885832;10304;00001100001101110001111011110100001011;0.559147;6504;0.839127;54
9;00100100110101010011110011110100001011;0.89099;10364;00001100001101110010111011110100001011;0.571011;6642;0.852827;65
10;00001100100101010011111011110100001011;0.877321;10205;00001100000111110001111011110100001011;0.555966;6467;0.850219;72
11;00001100100101010011111011110100001011;0.877321;10205;00001100001100110011011011110110001011;0.467074;5433;0.851345;66
12;00001100100101010011110011110100001111;0.881362;10252;00001100001101011010011011110100001111;0.388067;4514;0.843987;53
13;00000100110100110011111011100101001011;0.88781;10327;00001100100101110001111011110100001011;0.574794;6686;0.843259;46
14;00000100110100110011111011100101001011;0.88781;10327;10001101100101110011010011100100001011;0.401135;4666;0.845908;53
15;00000100110100110011111011100101001011;0.88781;10327;00001100100101110010110011110101001011;0.528112;6143;0.840657;47
16;00001100011100110011110011110100001110;0.891936;10375;00001100010001110011011011110100001111;0.475413;5530;0.848563;48
17;00001100011100110011110011110100001110;0.891936;10375;00001100001101010001111011110100101011;0.561382;6530;0.84787;48
18;00001101110100010011111011010100001011;0.886348;10310;00001111000101110011111011000100001011;0.819636;9534;0.86393;59
19;00001100110100110011110011110100001101;0.89804;10446;00001100100101110011011011110100001011;0.491403;5716;0.854333;48
20;00001100110100110011110011110100001011;0.894945;10410;10001100010101010001111011110100001011;0.571527;6648;0.858146;51
21;00001100110100110011110011110100001011;0.894945;10410;10001100100000110001111011110100101011;0.562758;6546;0.863303;55
22;00001100110100110011110011110100001011;0.894945;10410;00001100110100110011011011110100001011;0.510832;5942;0.854296;47
23;00001000101101011011111011100100001011;0.895031;10411;01011000110101110011011001110100001001;0.45392;5280;0.845084;49
24;00001000111101010011111011100100001011;0.90466;10523;00001100100101110011011011110100011001;0.49295;5734;0.843743;45
25;00001100101100011011110011110100001011;0.894429;10404;00001101000101110011111010110100001011;0.594481;6915;0.850597;45
26;00001100110100010011111011110100001011;0.892796;10385;01100100010101010011010111010100011011;0.390818;4546;0.849909;46
27;00001100110100010011111011110100001011;0.892796;10385;00001100010101110011011011110100001011;0.484525;5636;0.854457;57
28;00001100110101010011111011010100001011;0.895891;10421;00001100100101010111011011110100001011;0.496389;5774;0.849093;51
29;00001100110101010011111011010100001011;0.895891;10421;00100100100101010001111011110100101011;0.566111;6585;0.842458;50
30;00001100110101010011110011110100001011;0.898642;10453;01001010100101110011010011110100001011;0.386176;4492;0.847882;61
31;00001100110101010011110011110100001011;0.898642;10453;00001100000111110001111011110100001011;0.555966;6467;0.852046;56
32;00001100110101010011111011010100001011;0.895891;10421;00001101001101110011111010110100001010;0.594481;6915;0.854865;63
33;00001100110101010011111011100100001011;0.897008;10434;00011100000101110011011011110100001011;0.464838;5407;0.852311;63
34;00001100110101010011111011100100001011;0.897008;10434;00101100100101010011011011110100001011;0.493036;5735;0.857608;58
35;00001100100111010011111011100100001011;0.888927;10340;00001110010101110010101011110100001011;0.505158;5876;0.858527;63
36;00001100110101010011111011010100001011;0.895891;10421;00001100100111110011011011110000001011;0.462345;5378;0.858323;57
37;00001100110101010011111011010100001011;0.895891;10421;00001100100101010010111111110100001011;0.577287;6715;0.861582;58
38;00001100110101010011111011010100001011;0.895891;10421;00001100110101010011011011110100001011;0.514529;5985;0.85219;56
39;00001100110101110011110011110100000011;0.889615;10348;00001100100101110010111011110100001011;0.576169;6702;0.854715;54
40;00001100100111010011110011110100001011;0.889959;10352;00001100000101111001111011110100001011;0.546252;6354;0.852944;63
41;00001100110101010011110011110100001011;0.898642;10453;00011100100101010011010011110100001111;0.413858;4814;0.849186;53
42;00001100110101010011110011110100001011;0.898642;10453;00001110010101010011011011110100001011;0.481602;5602;0.852042;59
43;00001100110101010011110011011100101010;0.892882;10386;00001100100111011011010011110100001011;0.433717;5045;0.847882;59
44;00001100111101010011110011010100001011;0.903972;10515;00001100000101110011011011110101001011;0.467417;5437;0.847666;54
45;00001100111101010011110011010100001011;0.903972;10515;00001100100100110111011011110100001011;0.492091;5724;0.852777;57
46;00001100111101010011110011010100001011;0.903972;10515;00001100100101110011011011110100000111;0.491489;5717;0.85626;61
47;00001100111101010011111011010100000011;0.891678;10372;00001100111101110011111000110100001001;0.517108;6015;0.836944;45
48;00001100110101010011111011100100001011;0.897008;10434;00101100100101010011011011110100001011;0.493036;5735;0.834285;45
49;00001100100111010011110011010100001111;0.890561;10359;00001100000101110011011011110101001011;0.467417;5437;0.83318;37
50;00001100100111010011110011010100001111;0.890561;10359;00001101000101110010111011010101001011;0.560179;6516;0.859432;55
=============================================
geração;melhor;fitness;cobertura;pior;fitness;cobertura;média;ind_repetidos
0;01001010110110010111101001010111000100;0.613308;7134;11111110110100001100010010011011001000;0.164202;1910;0.331308;1
1;00001000010111010011111011010101001011;0.864512;10056;10100110011110010011001110001101100010;0.207445;2413;0.417256;1
2;00101100100101010011111011100100001011;0.876891;10200;10001110100101001101100011011000101011;0.308287;3586;0.548635;4
3;00001100001101110011111011100100001011;0.860557;10010;01010101111100101001010101010010100101;0.313016;3641;0.660431;5
4;00001000011101110011111011010100001011;0.880502;10242;00111000001110000111001011110101001011;0.361503;4205;0.759747;22
5;00001000011101110011111011100100001011;0.88076;10245;00101100000101110011011011110100001011;0.46054;5357;0.807627;36
6;00001100110100010011111011110100011001;0.882651;10267;00001110001101110001110011110100000111;0.499656;5812;0.816586;41
7;00001000011100110011111011010110001101;0.875344;10182;00001101000101111010011011110100001011;0.371561;4322;0.829329;47
8;00001000110100010011111011110100011011;0.877149;10203;00001100100101110011011011110100001011;0.491403;5716;0.843576;51
9;00001100100101110011111011100100001011;0.875516;10184;00001100000101110001111011110100101011;0.553129;6434;0.843016;51
10;00001001110100010011111011110100001011;0.875344;10182;00001100001101110011011011110100001011;0.473607;5509;0.834851;49
11;00001000101101010011111011110100001011;0.887981;10329;00001100001101110010111001100101011011;0.468621;5451;0.832593;42
12;00001000101101010011111011100101011001;0.89099;10364;00001100010001110001111011110100011011;0.559921;6513;0.838774;46
13;00001100110100110011111011100100001011;0.892366;10380;00101100110100110001111011110100001001;0.583649;6789;0.8499;47
14;00001100110100110011111011100100001011;0.892366;10380;00001100000101110011011011110101001011;0.467417;5437;0.846512;50
15;00001100110100110011111011110100001001;0.881964;10259;00001100010101110001111011110000001111;0.485815;5651;0.847467;50
16;00001100110100010011111011110100001101;0.884629;10290;00001100100101110001111011110101001001;0.574966;6688;0.854436;52
17;00001100110100010011111011100100001111;0.893484;10393;00001100100101110011011011110100001011;0.491403;5716;0.852837;50
18;00001100110101010011111011100100001011;0.897008;10434;00001100010101010011011011110100011011;0.487534;5671;0.852858;53
19;00001100110101010011111011100100001011;0.897008;10434;00001100100101110011011011110000011011;0.456757;5313;0.846626;58
20;00001100110101010011111011100100001011;0.897008;10434;00001100010101110011011011110100001011;0.484525;5636;0.852006;58
21;00001100100101011011111011100100001011;0.887122;10319;00001100010111110011011010110100001011;0.446441;5193;0.834051;61
22;00001100100101011011111011100100001011;0.887122;10319;00001001100101110011011011110100001011;0.474295;5517;0.850389;64
23;00001100100101011011111011100100001011;0.887122;10319;00001100101101110011011011100100001011;0.50086;5826;0.847261;64
24;00001100100101011011111011100100001011;0.887122;10319;00001100100001010111011011110100011011;0.478422;5565;0.848331;60
25;00001100100100110011111011100100001111;0.880588;10243;00011100100101110010011011110100001011;0.394429;4588;0.846913;66
26;00001100100111010011111011100100001011;0.888927;10340;00001100011100110011011011110100001011;0.494412;5751;0.850148;61
27;00001100100101010011111011100100001111;0.879728;10233;00001100000101110011111001110100001111;0.679161;7900;0.854465;69
28;00001100100111010011111011010100001011;0.887036;10318;00001100100101010011011011110100001111;0.495616;5765;0.847068;65
29;00001100100111010011111011010100001011;0.887036;10318;01001000100101010011011011110100001111;0.479367;5576;0.842094;60
30;00001100100111010011111011100100001011;0.888927;10340;00001000001101110011011011110100001111;0.479797;5581;0.848021;62
31;00001100100111010011111011100100001011;0.888927;10340;01001100100101010011011011100100101011;0.493552;5741;0.845201;64
32;00001100100111010011111011100100001011;0.888927;10340;01101100100001110001111011110000001011;0.477648;5556;0.848254;61
33;00001100100111010011111011100100001011;0.888927;10340;00001110100101010011011011110100001011;0.487964;5676;0.853326;62
34;00001100100111010011111011100100001011;0.888927;10340;00001100010101010010111011110100011011;0.582015;6770;0.857568;64
35;00001100100111010011111011100100001011;0.888927;10340;00001100000101011001111011110100011011;0.548057;6375;0.852008;66
36;00001100100111010011111011100100001011;0.888927;10340;00001100000101110011111001110100001111;0.679161;7900;0.858118;66
37;00001100100111010011111011100100001011;0.888927;10340;00001100100101110011011011110100001011;0.491403;5716;0.842722;58
38;00001100100111010011111011100100001011;0.888927;10340;00011100100101010001111011110100001011;0.578662;6731;0.853669;60
39;00001100100101011011111011100100001011;0.887122;10319;00001101100101010011011011110100001011;0.492091;5724;0.854749;60
40;00001100100101011011111011100100001011;0.887122;10319;01001000100101110010111011110100001011;0.556654;6475;0.847405;56
41;00001100100111010011111011100100001011;0.888927;10340;10001100100101010011011011010100001111;0.486675;5661;0.84785;59
42;00001100110101010011111011100100001101;0.892022;10376;00001100010101110011011011110100001011;0.484525;5636;0.854604;63
43;00001100110101010011111011100100001011;0.897008;10434;10001100100101110001111010110100001011;0.477218;5551;0.855748;67
44;00001100101101010011111011100100001011;0.887895;10328;10001100100101110011111010100100001011;0.608838;7082;0.853912;61
45;00001100110100110011111011100101000011;0.887638;10325;00101100000101110011011011110100001011;0.46054;5357;0.853458;66
46;00001100100101111011110011100100001011;0.886262;10309;00001100100101010011011011110101001011;0.493896;5745;0.850373;62
47;00001100100101010011111011010100001111;0.878611;10220;00001100100101110011011011110100001011;0.491403;5716;0.851685;71
48;01001100100101010011111011100100001011;0.879986;10236;00001110000101110011011011100100011011;0.46097;5362;0.853407;72
49;00001100011101010011111011100100001011;0.883167;10273;00001100000101110101111011110100001011;0.545564;6346;0.852755;69
50;00001100110100110011111011100100001011;0.892366;10380;01001100100101110010111011010100001011;0.575224;6691;0.856581;71
=============================================
geração;melhor;fitness;cobertura;pior;fitness;cobertura;média;ind_repetidos
0;00001011100101101111110111001100010000;0.711228;8273;10100011101110001000001010001011110111;0.159474;1855;0.333709;1
1;01000100101000110111111011100100001011;0.86219;10029;10101101111000010110010101001110110000;0.195409;2273;0.468196;2
2;00000100110101011011111011010101000011;0.873281;10158;01001100001010101100011011011011001011;0.303559;3531;0.617021;2
3;00001100010101010011111011110100001011;0.873281;10158;10000101000101011110110001001010011111;0.335712;3905;0.744046;15
4;00001100100100110011110011110100001111;0.882909;10270;00001110001101110011011111100100001001;0.459422;5344;0.81185;30
5;10001100100100110011110011110100011001;0.873968;10166;00001100000111110011011011110100001011;0.471888;5489;0.830104;56
6;00001100010101010011110011111100001011;0.870873;10130;00001100001101110011011011110100001011;0.473607;5509;0.834815;65
7;00001100010101010011110011110100011011;0.875774;10187;00001100000101110011111001110100001111;0.679161;7900;0.847966;70
8;00001000101101110011111011010100001011;0.884973;10294;00001100001101110001111011110100001011;0.559147;6504;0.842308;65
9;00001000101101110011111011110100001001;0.875602;10185;00001100000101110001111111110100001011;0.547627;6370;0.845633;67
10;00001000101101110011111011100100001011;0.88523;10297;10001100000101110011111010110100001011;0.594223;6912;0.845031;61
11;00001100100101010011111011110100001011;0.877321;10205;00001100000111110011011011110100001011;0.471888;5489;0.834088;62
12;00001100100101010011111011110100001011;0.877321;10205;00001100010101110011011011110100001011;0.484525;5636;0.83809;65
13;00011100100101010011110011110100001011;0.881018;10248;00101100100001110011011011010101001011;0.481001;5595;0.847554;63
14;00001000101101110011110011010100011011;0.891678;10372;00011000100101110011101011110100001011;0.817916;9514;0.855885;67
15;00001100100100110011111011100100001111;0.880588;10243;00001100000101110011011011100101001111;0.466988;5432;0.830267;58
16;00001100100101110011110011100101001011;0.88162;10255;00001100000111110011011011110100001011;0.471888;5489;0.840026;59
17;00001000101101110011110011110100001011;0.887724;10326;00001100010001110010111111110100001011;0.557772;6488;0.839317;56
18;00001100100100110011111011010100001111;0.879041;10225;00001100100101110001110011110101001011;0.525017;6107;0.853144;51
19;00001100100100110011110011110100011011;0.881104;10249;01001000100100110011011011110100001111;0.480141;5585;0.835546;44
20;00001100110100110011110011110100001011;0.894945;10410;00001100010101110011011011110100001011;0.484525;5636;0.845299;39
21;00001100101100110011110011100100001111;0.89185;10374;00000100010101110010111011110100011011;0.559405;6507;0.844292;40
22;00001100101100110011110011110100001011;0.885832;10304;01001100010010110011011011110100001011;0.47206;5491;0.846925;50
23;00001100101100110011110011110100001011;0.885832;10304;00001100100101110010111011110100001011;0.576169;6702;0.85371;49
24;00001100101100110011110011110100001011;0.885832;10304;00001100100101110011010011110100011011;0.412827;4802;0.853133;47
25;00000100101100110011110011110100001111;0.893827;10397;00001000110101110010110011110100011011;0.541437;6298;0.846923;42
26;00000100101100110011110011110100011011;0.892022;10376;00001100010101110001111011110100001011;0.570667;6638;0.855779;47
27;00001100110100111011110011010100011010;0.898384;10450;01001100110100010011111010110100011010;0.638755;7430;0.853632;46
28;00001000110110010011111011110100001011;0.886778;10315;00010100100101110001111011110100001011;0.564821;6570;0.852491;35
29;00001100101100110011111011010100001110;0.89271;10384;00001100100101110011011011110100001011;0.491403;5716;0.848145;43
30;00001000101101110011110011010100001111;0.892538;10382;00001100000101111011011011110100001011;0.463119;5387;0.850853;45
31;00001100110100110011110011110100001011;0.894945;10410;00001100100101110010110011110100001111;0.52966;6161;0.846729;37
32;00000100101100110011110011110100001111;0.893827;10397;00001100000101110010111011110100001111;0.568002;6607;0.85049;42
33;00001000101101110011110011110100001011;0.887724;10326;01001100100101110011010011110100001011;0.410506;4775;0.840819;48
34;00001100011110110011110011010100001011;0.886176;10308;01001100000101110011111010110100011001;0.600155;6981;0.848162;40
35;00001100011110110011110011010100001011;0.886176;10308;00001100011110110011010011110100001011;0.418673;4870;0.838147;48
36;00001100111110110011110011010100001001;0.895805;10420;00001100010111110011010011110100001011;0.40956;4764;0.847098;49
37;00001100100110110011110011100100001111;0.893655;10395;00001100011110100001110011111100001011;0.460884;5361;0.837956;37
38;00001100010110110011110011110100001110;0.892194;10378;00001100100101110011011011110100000111;0.491489;5717;0.826771;43
39;00001100100110010011111011110100001011;0.887208;10320;00001100100111110011010011110100001011;0.417985;4862;0.851107;53
40;00001100110101110011110011010100001011;0.894945;10410;00001100010101110011011011110100001011;0.484525;5636;0.841693;50
41;00001100100110010011111011110100001011;0.887208;10320;00001100100101110011011011110100001011;0.491403;5716;0.844733;50
42;00001100100110110011110011110101001010;0.889099;10342;00001100100101110011011011110100001011;0.491403;5716;0.839565;34
43;00001100100110010011111011110100001011;0.887208;10320;00001100100101110011011011110100001011;0.491403;5716;0.844244;37
44;00001100110101110011110011110100000011;0.889615;10348;00001100001101110011010011110100011011;0.393741;4580;0.841789;42
45;00001100100101011011111011100100001011;0.887122;10319;01001100000101110011011011100100011011;0.465612;5416;0.839194;45
46;00001100100101011011111011100100001011;0.887122;10319;00001100010101110001111011100100011011;0.576513;6706;0.854883;62
47;00001100100101011011111011100100001011;0.887122;10319;00001100010101010011011011110110001011;0.481946;5606;0.844127;57
48;00001100110101010011111011110100000011;0.885316;10298;00001100100101010111111011101000001011;0.697816;8117;0.857183;63
49;00001100110101010011110011110100001011;0.898642;10453;00101100000111010011011011110100001011;0.4712;5481;0.845196;62
50;00001100110101010011110011110100001011;0.898642;10453;00001100010101110011011011110100001011;0.484525;5636;0.851791;69
=============================================
geração;melhor;fitness;cobertura;pior;fitness;cobertura;média;ind_repetidos
0;10100001100110100111111010111100000100;0.480313;5587;01101011010001011100010010001110110101;0.155433;1808;0.324932;1
1;00001100000101110011111011110100001011;0.850585;9894;01100011001001000101001110101110111010;0.243724;2835;0.448169;1
2;00011100100101010011111011010100001011;0.878267;10216;11010001100110000111001010111100001011;0.287741;3347;0.561282;4
3;00101100100101010011111011010100001011;0.876032;10190;00001101100101100010011010110111001011;0.345684;4021;0.663092;5
4;00001100100101010011111011010100001111;0.878611;10220;00100100001110110001111101110000111010;0.451083;5247;0.755197;16
5;00001100100100110011111011100100011011;0.878869;10223;00001100000101111011011011110100001011;0.463119;5387;0.800647;17
6;00001100100100110011111011100101001011;0.878783;10222;10001100000101110011011011110100101010;0.458992;5339;0.822361;35
7;00001100100100110011111011110100001110;0.8799;10235;00101100100101110010111001010100101011;0.471716;5487;0.832659;48
8;00001100100101110011110011100100001111;0.882565;10266;00001100000101110011011011110100001111;0.468965;5455;0.848148;61
9;00001100100101110011110011100101001011;0.88162;10255;00001100100101110011011011110100001011;0.491403;5716;0.845107;64
10;00001100100101110011110011100101001011;0.88162;10255;00001100100101110001011011110100101011;0.40999;4769;0.843126;69
11;00001100100100110011110011110100011011;0.881104;10249;00001100000111110001111011110100001011;0.555966;6467;0.847746;69
12;00001100011101010011111011010100001011;0.881878;10258;00001100000110110010111011110100001111;0.57273;6662;0.851569;55
13;00001100100101110011110011010101001101;0.883855;10281;00010100100101110011011011110100001011;0.481431;5600;0.851445;56
14;00001100110100110011111011110100000011;0.884457;10288;00001100100101110011011011101100001011;0.489512;5694;0.840873;52
15;00001100101101010011111011010100001011;0.886606;10313;00001100010101110011111010110100001011;0.618122;7190;0.853655;54
16;00001100101101010011111011010100001011;0.886606;10313;10001100000110110011011011110100001011;0.4663;5424;0.845281;54
17;00001100101101010011111011010100001011;0.886606;10313;00001100100101110011011011110100001011;0.491403;5716;0.847424;47
18;00001100101100110011111011010100001110;0.89271;10384;00001100001101110011011011110100001011;0.473607;5509;0.837458;47
19;00001100111000110011111011010100001101;0.893054;10388;01001100000101110001111011110100001011;0.546853;6361;0.843842;40
20;00001100111101010011111011010100001010;0.890475;10358;01001101101100100011111010010100001011;0.540664;6289;0.838138;44
21;00001100101101010011111011010100001011;0.886606;10313;00001100100101110001111011110100001011;0.574794;6686;0.850572;49
22;00000100111101010011111011010100001011;0.903198;10506;01001100000101110001111011110100001011;0.546853;6361;0.844027;40
23;00001100101101010011110011110100001011;0.889357;10345;00001100110100110011010011110101001011;0.433202;5039;0.830167;37
24;00001100111000110011111011100100001011;0.890904;10363;00001100100101100011111010110110001011;0.55674;6476;0.851187;47
25;00001100111000110011111011100100001011;0.890904;10363;01001100101101010011010011110100001011;0.424605;4939;0.837021;51
26;00001100110100110011111011100100001011;0.892366;10380;00001100110101110010111011110000001011;0.502149;5841;0.853009;53
27;00001100111000110011111011100100011010;0.899673;10465;01001100100101110011011011110000001011;0.454436;5286;0.846535;51
28;00001100101100110011111011100100011010;0.892022;10376;00001100100101110011111001110100001011;0.69773;8116;0.864187;52
29;00001100110101110011110011100100011001;0.897696;10442;00001110100101110011011011100100001011;0.483752;5627;0.849207;50
30;00001100111000110011111011100100001011;0.890904;10363;00001100100101110010111011110100001011;0.576169;6702;0.856972;43
31;00001100111000110011111011100100001011;0.890904;10363;00000100111101110011001011110100001011;0.434921;5059;0.846354;39
32;00001100111000110011111011100100001011;0.890904;10363;00001100000111100011011011101111001001;0.434319;5052;0.84195;34
33;00001100111000110011111011100100001011;0.890904;10363;00011100001101110011011011100100001011;0.473435;5507;0.851602;38
34;00001100111000110011111011100100001011;0.890904;10363;00001100010101011011011011110100100011;0.490457;5705;0.847335;41
35;00001100101101010011111011100100001011;0.887895;10328;00001100101001110011011011100110001011;0.486331;5657;0.841427;54
36;00001100110101010011111011010100001011;0.895891;10421;00001100000101110001111011110101001011;0.553043;6433;0.860453;57
37;00001100100101011011110011110100001011;0.889013;10341;01001000100111110011011011100100001011;0.482376;5611;0.855319;55
38;00001100101101010011111011100100001011;0.887895;10328;00001100100101110011011011110100001011;0.491403;5716;0.847915;50
39;00001100101101010011111011100100001011;0.887895;10328;00001100100100110101111011110100001011;0.576513;6706;0.858392;50
40;00001100100111010011111011100100001011;0.888927;10340;00011100000101010011011011111100001011;0.461743;5371;0.846995;57
41;00001100101100110011111011100100011010;0.892022;10376;00001100000101110001111011110100001111;0.554591;6451;0.85584;49
42;00000100111101010011111011100100001011;0.903714;10512;00001100100101110011011011100110001011;0.486675;5661;0.846279;46
43;00001100101101010011111011100100001011;0.887895;10328;00001100101101010011010011110100011011;0.422627;4916;0.855886;44
44;00001100101101010011111011100100001011;0.887895;10328;00001101000101110011111011110000001011;0.670822;7803;0.860346;54
45;00001100101101010011111011100100001011;0.887895;10328;00001100101101010011011011110100001011;0.505072;5875;0.850063;58
46;00001100111100010011111011010100001011;0.897696;10442;00001100100101110011011011110100001011;0.491403;5716;0.847436;57
47;00000100101100110011110011110100101011;0.890818;10362;00001101100101010011011011110100001011;0.492091;5724;0.851259;46
48;00001100111100010011111011100100001011;0.899329;10461;00001110100101010011011011100110001011;0.482978;5618;0.845959;53
49;00001100111100010011111011100100001011;0.899329;10461;00001100100101110011011011110100001011;0.491403;5716;0.858014;63
50;00001100101110010011111011010100001011;0.892882;10386;00001100000101110001111011110100101011;0.553129;6434;0.858447;56
=============================================
