geração;melhor;fitness;cobertura;pior;fitness;cobertura;média;ind_repetidos
0;00000000000001000001000001000000001000;0.00747937;87;00000000100000100000000010000000010000;0;0;9.02682e-05;1
1;00011000001100000000000000000000000000;0.022782;265;00001000000000000001000010010000000000;0;0;0.000287999;1
2;00000000000000000000100000100000001001;0.0330124;384;10000000000000000000100010000000000010;0;0;0.000686039;2
3;00000000000000000000000000010000001011;0.0919017;1069;10000000000000000000000000001000001001;0;0;0.00291781;2
4;00000000000000000000000000010000001011;0.0919017;1069;00001000000001001000100000000000000000;0;0;0.00334078;6
5;00000000000000000000000000010000001011;0.0919017;1069;00000000000100100000000011000000000000;0;0;0.00536623;5
6;00000000000001100000000001010000000000;0.0985213;1146;00000000000000010000001000010000000001;0;0;0.00910076;8
7;00000000000001100000000000010000001000;0.104539;1216;00000000001000001000000010000000001000;0;0;0.0167598;7
8;00000000000001100000000000010000001000;0.104539;1216;00000000000101100000100000000000000000;0;0;0.0299269;26
9;00000000000001100000000000010000001000;0.104539;1216;00001000000000100000000001000000000010;0;0;0.0452166;36
10;00000000000001100000000000010000001000;0.104539;1216;00000000000000001000001000000000001010;0;0;0.0561391;33
11;00000000000001100000000000010000001000;0.104539;1216;00000000000001100001001000000000000000;0;0;0.0640801;38
12;00000000000001100000000000010000001000;0.104539;1216;10000000000000000000000000010000100010;0;0;0.0668793;47
13;00000000000001100000000000010000001000;0.104539;1216;00000000010000100000000010000000000010;0;0;0.0680434;46
14;00000000000001100000000000010000001000;0.104539;1216;00000000000000000100001000010000000001;0;0;0.0769662;63
15;00000000000001100000000000010000001000;0.104539;1216;00000000000000100000000010000000001100;8.59697e-05;1;0.0763438;62
16;00000000000001100000000000010000001000;0.104539;1216;01000000000000100010000000000000001000;0;0;0.0765355;65
17;00000000000001100000000000010000001000;0.104539;1216;00000000000000100000000010000010001000;0;0;0.0809027;66
18;00000000000001100000000000110000000000;0.104539;1216;00000100000000100000010000000000001000;0;0;0.0805356;69
19;00000000000001100000000000010000001000;0.104539;1216;00010000000000000000000000011000000010;0;0;0.0863541;69
20;00000000000001100000000000010000001000;0.104539;1216;01000010000000100000000000000000010000;0;0;0.0789383;65
21;00000000000001100000000000110000000000;0.104539;1216;00100000000000100000000000110000000000;0;0;0.0829316;66
22;00000000000001100000000000110000000000;0.104539;1216;01000000000000100000000000000100000010;0;0;0.0835953;70
23;00000000000001100000000000010000001000;0.104539;1216;00000000000001110000000000000100000000;0;0;0.0759775;62
24;00000000000001100000000000010000001000;0.104539;1216;00000100000000000001000000100000000001;0;0;0.0774863;62
25;00000000000001100000000000110000000000;0.104539;1216;00000100000000100000000000000011000000;0;0;0.0778981;54
26;00000000000001100000000000110000000000;0.104539;1216;00000000000001010000000000100000001000;0;0;0.081422;55
27;00000000000001100000000000110000000000;0.104539;1216;00000000000101100000000000100000000000;0;0;0.0909242;61
28;00000000000001100000000000110000000000;0.104539;1216;00000000000001100000000000100010000000;0;0;0.0928172;57
29;00000000000001100000000000110000000000;0.104539;1216;00000001000001000000000000110000000000;0;0;0.0932935;51
30;00000000000001100000000000110000000000;0.104539;1216;10000000000001000000000000010000001000;8.59697e-05;1;0.0962707;48
31;00000000000001100000000000110000000000;0.104539;1216;01000000000000100000000000110000000000;0;0;0.0976376;55
32;00000000000001100000000000110000000000;0.104539;1216;00000000000001000000000000110001000000;0;0;0.0953551;48
33;00000000000001100000000000110000000000;0.104539;1216;00000000000101000000000000110000000000;0;0;0.0952184;52
34;00000000000001100000000000110000000000;0.104539;1216;00000001000001000000000000110000000000;0;0;0.0948367;56
35;00000000000001100000000000110000000000;0.104539;1216;00000000001000100000000000110000000000;0;0;0.095521;60
36;00000000000001100000000000110000000000;0.104539;1216;00000000000000100000000000110000100000;0;0;0.0982548;63
37;00000000000001100000000000010000001000;0.104539;1216;00000000000001000000000000110000100000;0;0;0.0990526;56
38;00000000000001100000000000110000000000;0.104539;1216;01000000000000100000000000110000000000;0;0;0.0960153;68
39;00000000000001100000000000110000000000;0.104539;1216;00000000100000100000000000110000000000;0;0;0.100437;74
40;00000000000001100000000000110000000000;0.104539;1216;00000000000001100000000000100010000000;0;0;0.0950688;77
41;00000000000001100000000000110000000000;0.104539;1216;00000000000001010000000000110000000000;0;0;0.0983107;85
42;00000000000001100000000000110000000000;0.104539;1216;00000000100001000000000000110000000000;0;0;0.101318;90
43;00000000000001100000000000110000000000;0.104539;1216;00000000000000100000000000110000010000;0;0;0.101612;85
44;00000000000001100000000000010000001000;0.104539;1216;00000000000000100000000000110100000000;0;0;0.0995358;83
45;00000000000001100000000000110000000000;0.104539;1216;00000000000001100000000010100000000000;0.00343879;40;0.102216;84
46;00000000000001100000000000110000000000;0.104539;1216;10000000000001100000000000100000000000;0;0;0.098548;83
47;00000000000001100000000000010000001000;0.104539;1216;00000010000001000000000000110000000000;0;0;0.0984689;86
48;00000000000001100000000000110000000000;0.104539;1216;00000000000000100000000000110001000000;0;0;0.101276;83
49;00000000000001100000000000110000000000;0.104539;1216;00000000100001000000000000110000000000;0;0;0.0996226;72
50;00000000000001100000000000110000000000;0.104539;1216;10000000000001100000000000010000000000;8.59697e-05;1;0.0995538;70
=============================================
geração;melhor;fitness;cobertura;pior;fitness;cobertura;média;ind_repetidos
0;00000000000000000000000000000001100011;0.0401479;467;00000001000000000000000001100000000001;0;0;0.000459938;1
1;00001000000000000000000000000000100011;0.0306912;357;00000100001001000000000000001000000000;0;0;0.000408356;1
2;00000000000001000000100000000000001001;0.0499484;581;00000000000000010000000011010000000000;0;0;0.00166609;1
3;00000000000001000000000000110000000010;0.093707;1090;00000100000000100000000001010000000000;0;0;0.00303301;2
4;00000000000001000000000000110000000010;0.093707;1090;00000000000000100000000011000000010000;0;0;0.00541953;3
5;00000000000001000000000000110000000010;0.093707;1090;00000000000100000000000000010000000110;0;0;0.00764529;7
6;00000000000001000000000000110000001000;0.102046;1187;00011000000000000000000000010000001000;0;0;0.0128207;12
7;00000000000001000000000000110000001000;0.102046;1187;00000000100001000001000000000000000001;0;0;0.0188222;23
8;00000000000001000000000001110000000000;0.112706;1311;00100000000000000000001000000000001001;0;0;0.0264718;20
9;00000000000000100000000001010000001000;0.09663;1124;00000000000000000000001000100001001000;0;0;0.0316919;19
10;00000000000000100000000001010000001000;0.09663;1124;01000000000000000001000000100001000000;0;0;0.0402949;30
11;00000000000001100000000000100000001000;0.102476;1192;00000010000000000000000010000000001001;0;0;0.0584654;47
12;00000000000001100000000000100000001000;0.102476;1192;00000000000001000000000101000000001000;0;0;0.0663359;51
13;00000000000001000000000000110000001000;0.102046;1187;00000000000001000000000101000000001000;0;0;0.0742812;56
14;00000000000001000000000000110000001000;0.102046;1187;00001000000001000000000001000000001000;0;0;0.0783682;58
15;00000000000001000000000000110000001000;0.102046;1187;00000000000001000000000000100000101000;0;0;0.0810789;57
16;00000000000001000000000000110000001000;0.102046;1187;00100000000000000000000000110000001000;0;0;0.0777974;52
17;00000000000001000000000000110000001000;0.102046;1187;00000000000100000000000000110000001000;0;0;0.0850155;68
18;00000000000001000000000000110000001000;0.102046;1187;00001000000001000000000000100000001000;0;0;0.0831379;61
19;00000000000001000000000000110000001000;0.102046;1187;00000100000000100000000000110000000000;0;0;0.084755;70
20;00000000000001000000000000110000001000;0.102046;1187;00000010000000000000000000110000001000;0;0;0.0857857;71
21;00000000000001000000000000110000001000;0.102046;1187;00000001000001000000000000110000000000;0;0;0.0948856;86
22;00000000000001000000000000110000001000;0.102046;1187;00000000000001000000010000010000001000;0.000429849;5;0.0984155;92
23;00000000000001000000000000110000001000;0.102046;1187;01000000000000000000000000110000001000;0;0;0.0968217;92
24;00000000000001000000000000110000001000;0.102046;1187;00000000000000000100000000110000001000;0;0;0.0971767;95
25;00000000000001000000000001110000000000;0.112706;1311;00000000010001000000000000110000000000;0;0;0.0963626;93
26;00000000000001000000000001110000000000;0.112706;1311;00000000000001000100000000010000001000;8.59697e-05;1;0.100156;96
27;00000000000001000000000001110000000000;0.112706;1311;00000000000000010000000000110000001000;0;0;0.0983665;94
28;00000000000001000000000001110000000000;0.112706;1311;00000010000000000000000000110000001000;0;0;0.0927819;89
29;00000000000001000000000001110000000000;0.112706;1311;00000010000001000000000000100000001000;0;0;0.0959241;90
30;00000000000001000000000001110000000000;0.112706;1311;00000000000001000100000000110000000000;0;0;0.101283;94
31;00000000000001000000000001110000000000;0.112706;1311;00000001000001000000000000110000000000;0;0;0.0944205;87
32;00000000000001000000000001110000000000;0.112706;1311;00000000000101000000000000110000000000;0;0;0.0992958;87
33;00000000000001000000000001110000000000;0.112706;1311;00000000000001000000000000110000100000;0;0;0.103352;91
34;00000000000001000000000001110000000000;0.112706;1311;00000000000001001000000000110000000000;0;0;0.105542;91
35;00000000000001000000000001110000000000;0.112706;1311;00000000000000000000000001110000100000;0;0;0.107871;94
36;00000000000001000000000001110000000000;0.112706;1311;00000000000001000000000001100000010000;0;0;0.109349;97
37;00000000000001000000000001110000000000;0.112706;1311;00000000000001000000000001011000000000;0;0;0.106007;94
38;00000000000001000000000001110000000000;0.112706;1311;00000010000001000000000001010000000000;0;0;0.108267;96
39;00000000000001000000000001110000000000;0.112706;1311;00000000100001000000000001010000000000;0;0;0.107114;95
40;00000000000001000000000001110000000000;0.112706;1311;00000000000001000000000000110000010000;0;0;0.108145;95
41;00000000000001000000000001110000000000;0.112706;1311;00000000000000000000000001110100000000;0.00128955;15;0.108951;94
42;00000000000001000000000001110000000000;0.112706;1311;00000001000001000000000000110000000000;0;0;0.108256;96
43;00000000000001000000000001110000000000;0.112706;1311;00000000100001000000000001010000000000;0;0;0.105956;94
44;00000000000001000000000001110000000000;0.112706;1311;00000000000001000000001001010000000000;0;0;0.103606;91
45;00000000000001000000000001110000000000;0.112706;1311;00000000000001000000000001100100000000;0;0;0.108244;96
46;00000000000001000000000001110000000000;0.112706;1311;00000000000000000000100001110000000000;0.00266506;31;0.111606;99
47;00000000000001000000000001110000000000;0.112706;1311;00000000000001000000000001010100000000;0;0;0.105877;93
48;00000000000001000000000001110000000000;0.112706;1311;00000001000001000000000001010000000000;0;0;0.109325;97
49;00000000000001000000000001110000000000;0.112706;1311;00000000000001000000001001010000000000;0;0;0.106728;92
50;00000000000001000000000001110000000000;0.112706;1311;00000000000001010000000001010000000000;0;0;0.100175;88
=============================================
geração;melhor;fitness;cobertura;pior;fitness;cobertura;média;ind_repetidos
0;01000000000000000000000000000010010100;0.000601788;7;00000100000010000000000000000100000001;0;0;1.89133e-05;1
1;00001100000010000000000000100000000000;0.00223521;26;00100100000001000000000000000000000001;0;0;6.5337e-05;1
2;00000000000001000000000000010000001001;0.0912139;1061;00000100000001000010000000000000000010;0;0;0.00102218;1
3;00000000000000000000000000010000001011;0.0919017;1069;00000000000000100000000011000000100000;0;0;0.00206671;4
4;00000000000000000001000000110000001000;0.0184835;215;00000000000000000000100011000000100000;0;0;0.0005674;4
5;00000000000001000000100000100000000001;0.0274243;319;00001000000000000000100000010000000001;0;0;0.000955124;4
6;00000000000000000000000001110000001000;0.0933631;1086;00000000000000000000100011010000000000;0;0;0.00276565;6
7;00000000000001000000000000110000001000;0.102046;1187;00000000000010000000100000010000000001;0;0;0.00394429;6
8;00000000000000000000000001110000001000;0.0933631;1086;00000000000000000000000000110100001000;0;0;0.00712173;6
9;00000000000000000000000001110000001000;0.0933631;1086;00000000000001000000000000110000010000;0;0;0.00544188;9
10;00000000000001000000000001110000000000;0.112706;1311;00000001000000000000000001110000000000;0;0;0.0120014;13
11;00000000000001000000000001110000000000;0.112706;1311;00000000010000100000000000000100000010;0;0;0.0246088;20
12;00000000000001000000000001110000000000;0.112706;1311;00000010000001000000000000110000000000;0;0;0.0388403;33
13;00000000000001000000000001110000000000;0.112706;1311;10000000000000000000000000110000001000;0;0;0.0470332;32
14;00000000000001000000000001110000000000;0.112706;1311;00000000000000000000010000010100001000;0;0;0.0596871;38
15;00000000000001000000000001110000000000;0.112706;1311;00100000000000000000000000110000001000;0;0;0.0759388;51
16;00000000000001000000000001110000000000;0.112706;1311;00000000000000100110000000100000000000;0;0;0.0710084;46
17;00000000000001000000000001110000000000;0.112706;1311;00001100000000000000000000010000001000;0;0;0.0728121;50
18;00000000000001000000000001110000000000;0.112706;1311;00000000000001000000000001010010000000;0;0;0.0780348;54
19;00000000000001000000000001110000000000;0.112706;1311;00000000100000100000000000110000000000;0;0;0.0801445;53
20;00000000000001000000000001110000000000;0.112706;1311;00000000000000000100000000110000001000;0;0;0.0857592;62
21;00000000000001000000000001110000000000;0.112706;1311;00000000001001000000000000110000000000;0;0;0.094038;68
22;00000000000001000000000001110000000000;0.112706;1311;00000000000000100000000000110000100000;0;0;0.0879238;56
23;00000000000001000000000001110000000000;0.112706;1311;00000000010001000000000000110000000000;0;0;0.0893879;59
24;00000000000001000000000001110000000000;0.112706;1311;00000000000001000000000001010000010000;0;0;0.0868758;67
25;00000000000001000000000001110000000000;0.112706;1311;00000000000001000000000001100100000000;0;0;0.0918431;67
26;00000000000001000000000001110000000000;0.112706;1311;00000000000001010000000000110000000000;0;0;0.092622;75
27;00000000000001000000000001110000000000;0.112706;1311;00000000000001000000000001100001000000;0;0;0.102669;88
28;00000000000001000000000001110000000000;0.112706;1311;00000000000001000000010001100000000000;0;0;0.108922;95
29;00000000000001000000000001110000000000;0.112706;1311;00000010000000000000000001110000000000;0;0;0.104377;90
30;00000000000001000000000001110000000000;0.112706;1311;00000000000001010000000001100000000000;0;0;0.109325;97
31;00000000000001000000000001110000000000;0.112706;1311;00000000000001000100000001100000000000;0;0;0.109494;95
32;00000000000001000000000001110000000000;0.112706;1311;00000000000001000000000011100000000000;0;0;0.108056;96
33;00000000000001000000000001110000000000;0.112706;1311;00000000000001010000000001100000000000;0;0;0.107181;95
34;00000000000001000000000001110000000000;0.112706;1311;00000000000101000000000001010000000000;0;0;0.109342;97
35;00000000000001000000000001110000000000;0.112706;1311;00000000000001000000000001010001000000;0;0;0.109196;96
36;00000000000001000000000001110000000000;0.112706;1311;00000000000001000000000001100000100000;0;0;0.106877;95
37;00000000000001000000000001110000000000;0.112706;1311;00000000000001000000000001010000100000;0;0;0.110235;97
38;00000000000001000000000001110000000000;0.112706;1311;00000000000001000000010001010000000000;0;0;0.108146;95
39;00000000000001000000000001110000000000;0.112706;1311;00000000000001000000000100110000000000;0.00575997;67;0.111637;99
40;00000000000001000000000001110000000000;0.112706;1311;00000000000001010000000000110000000000;0;0;0.109325;97
41;00000000000001000000000001110000000000;0.112706;1311;00000010000001000000000001010000000000;0;0;0.105781;93
42;00000000000001000000000001110000000000;0.112706;1311;00000001000001000000000001010000000000;0;0;0.107035;94
43;00000000000001000000000001110000000000;0.112706;1311;00000000000001000100000001100000000000;0;0;0.110488;98
44;00000000000001000000000001110000000000;0.112706;1311;00000000000001000000000011010000000000;0;0;0.106427;92
45;00000000000001000000000001110000000000;0.112706;1311;00000000000000001000000001110000000000;0;0;0.107366;94
46;00000000000001000000000001110000000000;0.112706;1311;00000000000001000000000000110100000000;8.59697e-05;1;0.107471;93
47;00000000000001000000000001110000000000;0.112706;1311;00000000000001000000000001100001000000;0;0;0.104859;92
48;00000000000001000000000001110000000000;0.112706;1311;00000000001001000000000000110000000000;0;0;0.106485;93
49;00000000000001000000000001110000000000;0.112706;1311;00000000000001000000010001010000000000;0;0;0.109341;97
50;00000000000001000000000001110000000000;0.112706;1311;00000000000001000000000001100010000000;0;0;0.104629;92
=============================================
geração;melhor;fitness;cobertura;pior;fitness;cobertura;média;ind_repetidos
0;00100000000000000000000000000000001101;0.00550206;64;01000000000001100000001000000000000000;0;0;0.000172799;1
1;00000000000000100000000000110000001000;0.101272;1178;00000010000000000001000010000010000000;0;0;0.0030184;1
2;00000000000000100000000000110000001000;0.101272;1178;00001000000000100000100000100000000000;0;0;0.00179591;2
3;00000000000000100000000000100000001001;0.0892366;1038;00000100000001000011000000000000000000;0;0;0.00397008;5
4;00000000000000100000000000110000001000;0.101272;1178;00000000000000000001000001011000000000;0;0;0.00648384;5
5;00000000000000100000000000110000001000;0.101272;1178;00000100000000000000000001000100000010;0;0;0.0112019;9
6;00000000000000100000000000110000001000;0.101272;1178;00000000001000100000100000000000000010;0;0;0.0135763;13
7;00000000000000100000000000110000001000;0.101272;1178;01000000000000100000000001000000000010;0;0;0.0198255;10
8;00000000000001000000000000110000001000;0.102046;1187;00000000000000000000000010101000001000;0;0;0.0292779;17
9;00000000000001000000000000110000001000;0.102046;1187;00000000000001000000000001000000010010;0;0;0.0345985;22
10;00000000000001100000000000000000001010;0.100843;1173;00000000000001000000000000100001001000;0;0;0.0508236;31
11;00000000000000100000000000000000001011;0.0989512;1151;00001000000000000000100000000000001010;0;0;0.0642865;31
12;00000000000000100000000000000000001011;0.0989512;1151;00000001001000000000000000000000000011;0;0;0.0695513;40
13;00000000000001100000000000000000001010;0.100843;1173;00100100000000000000000000100000000010;0;0;0.0724269;37
14;00000000000001100000000000000000001010;0.100843;1173;00000000010010000000000000100000000010;0;0;0.0779677;48
15;00000000000001100000000000100000001000;0.102476;1192;00001000000000100000000001100000000000;0;0;0.0837328;59
16;00000000000001100000000000110000000000;0.104539;1216;00000000000000100001000100000000001000;0;0;0.0774493;58
17;00000000000001100000000000010000001000;0.104539;1216;00000100000000100000000010000000000010;0;0;0.0831861;66
18;00000000000001100000000000010000001000;0.104539;1216;00001000000000100001000000000000001000;0;0;0.0815475;59
19;00000000000001100000000000010000001000;0.104539;1216;00000000000001000000000100000100001000;0;0;0.0797886;57
20;00000000000001100000000000010000001000;0.104539;1216;00000000000100110000000000010000000000;0;0;0.0705597;54
21;00000000000001100000000000110000000000;0.104539;1216;00000000100000100000000000110000000000;0;0;0.0731981;53
22;00000000000001100000000000010000001000;0.104539;1216;01000000000000100000000010000000000010;0;0;0.0721518;54
23;00000000000001100000000000010000001000;0.104539;1216;10000000000000100000000000001000001000;0;0;0.0704642;52
24;00000000000001100000000000010000001000;0.104539;1216;00001000000000001000000000000000001010;0;0;0.0724579;55
25;00000000000001100000000000110000000000;0.104539;1216;00001000000000100000000000110000000000;0;0;0.0734973;49
26;00000000000001100000000000010000001000;0.104539;1216;00000000001001100000000100000000000000;0;0;0.081728;57
27;00000000000001100000000000010000001000;0.104539;1216;00000001000000000000000000000000001110;0;0;0.0866498;60
28;00000000000001000000000001110000000000;0.112706;1311;00001000000000000000000000110000001000;0;0;0.090607;59
29;00000000000001100000000000110000000000;0.104539;1216;00001000000101100000000000000000000000;0;0;0.0897602;51
30;00000000000001100000000000010000001000;0.104539;1216;00000000000100100000000000110000000000;0;0;0.0921914;49
31;00000000000001100000000000010000001000;0.104539;1216;00000000000001110000001000000000000000;0;0;0.0947567;59
32;00000000000001100000000000010000001000;0.104539;1216;01000000000000000000000000110000001000;0;0;0.0913996;63
33;00000000000001100000000000010000001000;0.104539;1216;00000000000001000000000000010000101000;8.59697e-05;1;0.0938988;70
34;00000000000001100000000000010000001000;0.104539;1216;00000000000001100000000000010001000000;8.59697e-05;1;0.0974476;77
35;00000000000001100000000000010000001000;0.104539;1216;00000000000001000000000000110001000000;0;0;0.095484;71
36;00000000000001100000000000010000001000;0.104539;1216;00000000000001100000000000011000000000;8.59697e-05;1;0.0913351;63
37;00000000000001100000000000010000001000;0.104539;1216;00000000000001101000000000010000000000;8.59697e-05;1;0.102093;72
38;00000000000001100000000000010000001000;0.104539;1216;00000000001001100000000000000000100000;0;0;0.100271;78
39;00000000000001100000000000010000001000;0.104539;1216;00000000010001100000000000010000000000;8.59697e-05;1;0.0981671;66
40;00000000000001100000000000010000001000;0.104539;1216;00000000000011100000000000010000000000;8.59697e-05;1;0.102478;78
41;00000000000001100000000000010000001000;0.104539;1216;00000000000001000100000000010000001000;8.59697e-05;1;0.101173;76
42;00000000000001100000000000110000000000;0.104539;1216;00100000000001100000000000010000000000;8.59697e-05;1;0.0988076;75
43;00000000000001100000000000010000001000;0.104539;1216;00001000000001100000000000010000000000;8.59697e-05;1;0.0981542;78
44;00000000000001100000000000010000001000;0.104539;1216;00000000000000100000000000010001001000;0.00171939;20;0.102666;72
45;00000000000001100000000000010000001000;0.104539;1216;10000000000001100000000000010000000000;8.59697e-05;1;0.0990973;71
46;00000000000001100000000000010000001000;0.104539;1216;00000000000001100000000000100100000000;0;0;0.0973513;65
47;00000000000001100000000000010000001000;0.104539;1216;00000000000001000000000000010001001000;8.59697e-05;1;0.0962844;68
48;00000000000001000000000001110000000000;0.112706;1311;00000000000001100100000000010000000000;8.59697e-05;1;0.0991154;61
49;00000000000001000000000001110000000000;0.112706;1311;00010000000001100000000000010000000000;8.59697e-05;1;0.100702;72
50;00000000000001000000000001110000000000;0.112706;1311;00000000100001100000000000100000000000;0;0;0.0974931;65
=============================================
geração;melhor;fitness;cobertura;pior;fitness;cobertura;média;ind_repetidos
0;00000000000001000001000001000000000010;0.0132393;154;10000000000000010000000001000000000100;0;0;0.000206327;1
1;00000000000000100000000001000000001001;0.0853679;993;00000001000001000000000000000110000000;0;0;0.0013162;2
2;00000000000000100000000001000000001001;0.0853679;993;00000000000000010000010000010100000000;0;0;0.00173659;2
3;00000000000000100000000001000000001010;0.0906981;1055;00001000000000000001000010000100000000;0;0;0.00200138;5
4;00000000000000100000000001000000001010;0.0906981;1055;00000100000001000010000000010000000000;0;0;0.00165922;2
5;00000000000000100000000000010000001010;0.0962861;1120;00000000000000001010010000000000000010;0;0;0.00299089;3
6;00000000000001000000100000000000001010;0.0656809;764;00000000000001000010000001000000010000;0;0;0.0023401;2
7;00000000000001000000100000000000001010;0.0656809;764;01001000000001000000000000000000000010;0;0;0.0026238;3
8;00000000000000100000000000010000001010;0.0962861;1120;00000000000000001001000000010000100000;0;0;0.0137483;7
9;00000000000001000000000001010000001000;0.096544;1123;00000000000001000000001000001000001000;0;0;0.0221785;19
10;00000000000000100000000000000000001011;0.0989512;1151;00000000000000100000010000000100001000;0;0;0.0391532;31
11;00000000000000100000000000000000001011;0.0989512;1151;01000000000001000000100000000000001000;0;0;0.0573083;34
12;00000000000000100000000000000000001011;0.0989512;1151;00000000000001000001000000000000011000;0;0;0.0685609;53
13;00000000000001000000000000110000001000;0.102046;1187;00000000000001000001000000000000011000;0;0;0.0789666;53
14;00000000000001100000000000010000001000;0.104539;1216;00000010000000101000000000000000000001;0;0;0.0809474;64
15;00000000000001100000000000010000001000;0.104539;1216;00000000000000010000000001010000001000;0;0;0.0806749;66
16;00000000000001100000000000010000001000;0.104539;1216;00000010000000100010000000000000001000;0;0;0.0812019;66
17;00000000000001100000000000010000001000;0.104539;1216;00000000000001000000100000001000000010;0;0;0.084927;75
18;00000000000001100000000000010000001000;0.104539;1216;11000000000000100000000000000000001000;0;0;0.082513;71
19;00000000000001100000000000000000001010;0.100843;1173;00000100000000100000000000000010001000;0;0;0.0817031;74
20;00000000000000100000000000000000001011;0.0989512;1151;00000000000000000100000000000000001110;0;0;0.0826204;72
21;00000000000000100000000000000000001011;0.0989512;1151;00000100000000000001000000010000000001;0;0;0.0889048;80
22;00000000000000100000000000000000001011;0.0989512;1151;00000100000000000000000001010000001000;0;0;0.0882721;87
23;00000000000000100000000000000000001011;0.0989512;1151;00000000000100100000000000000000000011;0.00249312;29;0.0978319;96
24;00000000000000100000000000000000001011;0.0989512;1151;00001000000000100000000000000000001001;0.00266506;31;0.0958873;95
25;00000000000000100000000000000000001011;0.0989512;1151;00000000000100100000000000000000000011;0.00249312;29;0.0947774;95
26;00000000000000100000000000000000001011;0.0989512;1151;00000000000000100000000000000000001101;0.00232118;27;0.0913146;93
27;00000000000000100000000000000000001011;0.0989512;1151;00000000000000101000000000000000001010;0.00490028;57;0.094192;94
28;00000000000000100000000000000000001011;0.0989512;1151;00000000000000100000000000000100001001;0.00386864;45;0.095374;96
29;00000000000000100000000000000000001011;0.0989512;1151;00001000000000100000000000000000001001;0.00266506;31;0.0945737;96
30;00000000000000100000000000000000001011;0.0989512;1151;00000010000000000000000000000000001011;0.00447043;52;0.0969912;97
31;00000000000000100000000000000000001011;0.0989512;1151;00000000010000100000000000000000000011;0.00249312;29;0.0948471;95
32;00000000000000100000000000000000001011;0.0989512;1151;00000000000000110000000000000000000011;0.00249312;29;0.093242;93
33;00000000000000100000000000000000001011;0.0989512;1151;00000100000000100000000000000000001001;0.00232118;27;0.0929686;93
34;00000000000001100000000000000000001010;0.100843;1173;00000000000000100000000000000010001001;0.00232118;27;0.0941516;93
35;00000000000000100000000000000000001011;0.0989512;1151;00100000000000100000000000000000000011;0.00275103;32;0.0947903;96
36;00000000000000100000000000000000001011;0.0989512;1151;00000000000000100000000000000000100011;0.00292297;34;0.096563;97
37;00000000000000100000000000000000001011;0.0989512;1151;00000000000000100100000000000000001001;0.00232118;27;0.0936289;93
38;00000000000000100000000000000000001011;0.0989512;1151;00000000000000101000000000000000000011;0.00249312;29;0.0925757;93
39;00000000000000100000000000000000001011;0.0989512;1151;00000000000000100000000000000100000011;0.00404058;47;0.0946356;95
40;00000000000000100000000000000000001011;0.0989512;1151;00000100000000100000000000000000000011;0.00249312;29;0.0937484;94
41;00000000000000100000000000000000001011;0.0989512;1151;00000000000000100000000000000000011001;0.00232118;27;0.0954308;95
42;00000000000000100000000000000000001011;0.0989512;1151;00000000000000101000000000000000000011;0.00249312;29;0.0921897;91
43;00000000000000100000000000000000001011;0.0989512;1151;00000000010000100000000000000000001001;0.00240715;28;0.0912836;92
44;00000000000000100000000000000000001011;0.0989512;1151;00000000100000100000000000000000001001;0.00232118;27;0.0942857;93
45;00000000000000100000000000000000001011;0.0989512;1151;00000000000000100000000000000100001001;0.00386864;45;0.0944843;94
46;00000000000000100000000000000000001011;0.0989512;1151;00000000100000100000000000000000001001;0.00232118;27;0.0959492;95
47;00000000000001100000000000000000001010;0.100843;1173;00000000000000100000001000000000000011;0.0036967;43;0.0958538;93
48;00000000000000100000000000000000001011;0.0989512;1151;00000000000000100000000000000100000011;0.00404058;47;0.091165;90
49;00000000000000100000000000000000001011;0.0989512;1151;00000100000000100000000000000000001001;0.00232118;27;0.0934346;93
50;00000000000000100000000000000000001011;0.0989512;1151;00000000000100100000000000000000000011;0.00249312;29;0.0969937;97
=============================================
geração;melhor;fitness;cobertura;pior;fitness;cobertura;média;ind_repetidos
0;01001000000000000000000000000000010100;0.0123796;144;00000100000000000000000001000001010000;0;0;0.000163343;1
1;00000000000000000000100000000000001011;0.0616403;717;10000001000000000000000000000100001000;0;0;0.000686898;1
2;00000000000000100000000001010000000001;0.0827029;962;00000001000001000000001000000000000010;0;0;0.00134027;1
3;00000000000000100000000001010000000010;0.0900103;1047;00000000000000010000000010010100000000;0;0;0.00524587;5
4;00000000000001100000000000010000000010;0.0958563;1115;00000000000000000000000010000001001100;0;0;0.00889013;4
5;00000000000000100000000001010000001000;0.09663;1124;01000000000000010001000000001000000000;0;0;0.00999914;5
6;00000000000001100000000000010000000010;0.0958563;1115;00000000000000010000010000010000001000;0;0;0.0142572;12
7;00000000000001100000000001010000000000;0.0985213;1146;00001000000000000011100000000000000000;0;0;0.021213;10
8;00000000000001100000000001010000000000;0.0985213;1146;00000000000001000010001000000000000001;0;0;0.031489;22
9;00000000000001000000000001010000001000;0.096544;1123;00000000000100000000000101000000000001;0;0;0.0434293;31
10;00000000000001000000000001010000001000;0.096544;1123;00000000000000100000000011010000000000;0;0;0.0515801;44
11;00000000000001000000000001010000001000;0.096544;1123;01000000100000000000000000010000000001;0;0;0.0616747;46
12;00000000000001000000000001010000001000;0.096544;1123;00000000000001000110000000000000000001;0;0;0.0703774;49
13;00000000000001000000000001010000001000;0.096544;1123;00000000000001000000000000100000101000;0;0;0.0735222;53
14;00000000000001000000000000110000001000;0.102046;1187;00000100000000000000000001010000001000;0;0;0.0787285;57
15;00000000000001000000000000110000001000;0.102046;1187;00000000000000000000100000010000101000;0;0;0.082083;64
16;00000000000001000000000000110000001000;0.102046;1187;00000000000000100000000010000001001000;0;0;0.0786021;60
17;00000000000001000000000000110000001000;0.102046;1187;00000000000100000000000001010000001000;0;0;0.0852656;68
18;00000000000001000000000000110000001000;0.102046;1187;00000000010000000000000001010000001000;0;0;0.0850593;69
19;00000000000001000000000001110000000000;0.112706;1311;00000000000010100000000000110000000000;0;0;0.0843664;68
20;00000000000001000000000001110000000000;0.112706;1311;00010000000000000000000001010000001000;0;0;0.0863385;72
21;00000000000001100000000000010000001000;0.104539;1216;00000100000000100000010000000000001000;0;0;0.0924587;78
22;00000000000001100000000000010000001000;0.104539;1216;00000000000101000000000001010000000000;0;0;0.0927089;81
23;00000000000001100000000000010000001000;0.104539;1216;00000000000000000000000000110010001000;0;0;0.0966007;89
24;00000000000001100000000000010000001000;0.104539;1216;01000000000000000000000000110000001000;0;0;0.0932358;89
25;00000000000001100000000000010000001000;0.104539;1216;01000000000001000000000000010000001000;8.59697e-05;1;0.101255;94
26;00000000000001100000000000110000000000;0.104539;1216;00010000000001000000000000010000001000;8.59697e-05;1;0.0955708;85
27;00000000000001100000000000110000000000;0.104539;1216;00000000001000000000000000010000001100;0;0;0.0938196;82
28;00000000000001100000000000010000001000;0.104539;1216;00000000010001000000000000110000000000;0;0;0.0976401;75
29;00000000000001100000000000010000001000;0.104539;1216;00000000001000000000000000110000001000;0;0;0.0927717;61
30;00000000000001100000000000010000001000;0.104539;1216;00100000000001100000000000010000000000;8.59697e-05;1;0.0973427;75
31;00000000000001100000000000010000001000;0.104539;1216;00100000000001100000000000100000000000;0;0;0.099038;70
32;00000000000001100000000000010000001000;0.104539;1216;00000000000001100000000000011000000000;8.59697e-05;1;0.0978903;71
33;00000000000001100000000000010000001000;0.104539;1216;01000000000001100000000000010000000000;8.59697e-05;1;0.0972335;80
34;00000000000001100000000000010000001000;0.104539;1216;00000000000001100000000000010000010000;8.59697e-05;1;0.0984551;77
35;00000000000001100000000000010000001000;0.104539;1216;00000000100001100000000000010000000000;8.59697e-05;1;0.0973307;79
36;00000000000001100000000000010000001000;0.104539;1216;00000000000010100000000000110000000000;0;0;0.0986726;81
37;00000000000001100000000000110000000000;0.104539;1216;00000001000001100000000000010000000000;8.59697e-05;1;0.0976161;69
38;00000000000001100000000000010000001000;0.104539;1216;00000010000001100000000000010000000000;8.59697e-05;1;0.0993604;79
39;00000000000001100000000000110000000000;0.104539;1216;00000000001001100000000000010000000000;8.59697e-05;1;0.101425;78
40;00000000000001100000000000010000001000;0.104539;1216;00000000010001100000000000010000000000;8.59697e-05;1;0.0973178;81
41;00000000000001100000000000010000001000;0.104539;1216;00000000000000100000000000010000011000;0.00171939;20;0.102504;89
42;00000000000001100000000000010000001000;0.104539;1216;00000000000001110000000000010000000000;8.59697e-05;1;0.100679;90
43;00000000000001100000000000010000001000;0.104539;1216;00000000000001100010000000000000001000;0.0392022;456;0.101961;96
44;00000000000001100000000000010000001000;0.104539;1216;00000010000001100000000000000000001000;0.00206327;24;0.102298;96
45;00000000000001100000000000010000001000;0.104539;1216;00000000000001100000000000010000100000;8.59697e-05;1;0.0986494;92
46;00000000000001100000000000010000001000;0.104539;1216;00000010000001000000000000010000001000;8.59697e-05;1;0.0966145;92
47;00000000000001100000000000010000001000;0.104539;1216;00000000000001100100000000010000000000;8.59697e-05;1;0.101466;97
48;00000000000001100000000000010000001000;0.104539;1216;00001000000001100000000000010000000000;8.59697e-05;1;0.103495;99
49;00000000000001100000000000010000001000;0.104539;1216;00000100000001100000000000010000000000;8.59697e-05;1;0.101621;95
50;00000000000001100000000000010000001000;0.104539;1216;00000000000001000000000000010100001000;8.59697e-05;1;0.101749;96
=============================================
geração;melhor;fitness;cobertura;pior;fitness;cobertura;média;ind_repetidos
0;00000000000001000000000000110000000001;0.0886348;1031;00011000000000001010000000000000000000;0;0;0.00096716;1
1;00000000000000100000000000010000001001;0.0912139;1061;00000000000001000001001000000100000000;0;0;0.0010196;1
2;00000000000000100000000000010000001001;0.0912139;1061;00000000000000010000100000010000000010;0;0;0.0026023;4
3;00000000000000000000000001110000001000;0.0933631;1086;00000000000000000011100000000000010000;0;0;0.0034216;7
4;00000000000000100000000000000000001011;0.0989512;1151;00000000000000000010000000100100100000;0;0;0.00580898;7
5;00000000000000100000000000000000001011;0.0989512;1151;10000000000000000001000000000100001000;0;0;0.00878267;11
6;00000000000001000000000001110000000000;0.112706;1311;00000000010010000000000011000000000000;0;0;0.0132548;11
7;00000000000001000000000001110000000000;0.112706;1311;00000000001100000000000001000000000001;0;0;0.0181216;11
8;00000000000001100000000000010000001000;0.104539;1216;00000000000000000000010001010000001000;0;0;0.0307694;24
9;00000000000001100000000000100000001000;0.102476;1192;10000000000000010000000000100000000010;0;0;0.0421897;26
10;00000000000001100000000000100000001000;0.102476;1192;00000000000000000000010001100000000001;0;0;0.0562397;44
11;00000000000001100000000000100000001000;0.102476;1192;00000000000000110000000001000000100000;0;0;0.0636245;45
12;00000000000001000000000001110000000000;0.112706;1311;00000000000000001000000001110000000000;0;0;0.0644361;44
13;00000000000001000000000001110000000000;0.112706;1311;00010000000000100001000000010000000000;0;0;0.0743329;50
14;00000000000001000000000001110000000000;0.112706;1311;00000000000000100001000000100010000000;0;0;0.0727089;44
15;00000000000001000000000001110000000000;0.112706;1311;01000000000000010000000000000000001001;0;0;0.079669;57
16;00000000000001000000000001110000000000;0.112706;1311;00000100000001100000000000100000000000;0;0;0.0752382;49
17;00000000000001000000000001110000000000;0.112706;1311;00000000000001100000000000100100000000;0;0;0.0816215;55
18;00000000000001100000000000110000000000;0.104539;1216;00000000000101000000000001010000000000;0;0;0.0888076;66
19;00000000000001100000000000010000001000;0.104539;1216;00100000000001000000000000100000001000;0;0;0.0927244;61
20;00000000000001100000000000010000001000;0.104539;1216;00000000000001100000000000010000100000;8.59697e-05;1;0.0905012;52
21;00000000000001100000000000110000000000;0.104539;1216;10000000000000100000000000010000000100;0;0;0.0999562;57
22;00000000000001100000000000010000001000;0.104539;1216;00000000000001100000000000100000010000;0;0;0.0926582;53
23;00000000000001100000000000010000001000;0.104539;1216;00000000000101100000000000010000000000;8.59697e-05;1;0.0967091;73
24;00000000000001100000000000110000000000;0.104539;1216;01000000000001100000000000010000000000;8.59697e-05;1;0.0933976;62
25;00000000000001100000000000010000001000;0.104539;1216;00000000000001101000000000010000000000;8.59697e-05;1;0.0992916;83
26;00000000000001100000000000010000001000;0.104539;1216;00010000000001000000000000010000001000;8.59697e-05;1;0.100621;84
27;00000000000001100000000000010000001000;0.104539;1216;00000000000001101000000000010000000000;8.59697e-05;1;0.0969945;84
28;00000000000001100000000000010000001000;0.104539;1216;00000010000001000000000000010000001000;8.59697e-05;1;0.0982024;89
29;00000000000001100000000000010000001000;0.104539;1216;10000000000001000000000000010000001000;8.59697e-05;1;0.101313;96
30;00000000000001100000000000010000001000;0.104539;1216;00000000000001000000000000010010001000;8.59697e-05;1;0.102177;95
31;00000000000001100000000000010000001000;0.104539;1216;00000000000001000000000000011000001000;8.59697e-05;1;0.100771;96
32;00000000000001100000000000010000001000;0.104539;1216;00000000000001100000000000010010000000;8.59697e-05;1;0.102461;98
33;00000000000001100000000000010000001000;0.104539;1216;10000000000001100000000000000000001000;0.00206327;24;0.101274;94
34;00000000000001100000000000010000001000;0.104539;1216;00001000000000100000000000010000001000;0.00171939;20;0.099124;92
35;00000000000001100000000000010000001000;0.104539;1216;00000000000001100000000010010000000000;0.00378267;44;0.103532;99
36;00000000000001100000000000010000001000;0.104539;1216;00000000100001100000000000010000000000;8.59697e-05;1;0.102527;98
37;00000000000001100000000000010000001000;0.104539;1216;00000000000001001000000000010000001000;8.59697e-05;1;0.101813;97
38;00000000000001100000000000010000001000;0.104539;1216;00000100000001000000000000010000001000;8.59697e-05;1;0.0983331;94
39;00000000000001100000000000010000001000;0.104539;1216;00000000000001100000000000011000000000;8.59697e-05;1;0.10247;97
40;00000000000001100000000000010000001000;0.104539;1216;00000000000001100000000000011000000000;8.59697e-05;1;0.102466;98
41;00000000000001100000000000010000001000;0.104539;1216;00000100000001000000000000010000001000;8.59697e-05;1;0.100711;94
42;00000000000001100000000000010000001000;0.104539;1216;00000001000001000000000000010000001000;8.59697e-05;1;0.102447;97
43;00000000000001100000000000010000001000;0.104539;1216;00000000000101100000000000010000000000;8.59697e-05;1;0.101376;96
44;00000000000001100000000000010000001000;0.104539;1216;00000000000001100000000000010000001000;0.104539;1216;0.104539;100
45;00000000000001100000000000010000001000;0.104539;1216;00000000000001110000000000010000000000;8.59697e-05;1;0.101477;95
46;00000000000001100000000000010000001000;0.104539;1216;00001000000001100000000000010000000000;8.59697e-05;1;0.0982462;93
47;00000000000001100000000000010000001000;0.104539;1216;00000000001001100000000000010000000000;8.59697e-05;1;0.0986288;93
48;00000000000001100000000000010000001000;0.104539;1216;00000100000001100000000000010000000000;8.59697e-05;1;0.0996725;92
49;00000000000001100000000000010000001000;0.104539;1216;00001000000001000000000000010000001000;8.59697e-05;1;0.0964727;91
50;00000000000001100000000000010000001000;0.104539;1216;00000001000000100000000000010000001000;0.00171939;20;0.101462;96
=============================================
geração;melhor;fitness;cobertura;pior;fitness;cobertura;média;ind_repetidos
0;00000000000000000000000001100000001010;0.0896664;1043;00000100001000000000000000001001000000;0;0;0.00127665;1
1;00000000000000000000000001100000001010;0.0896664;1043;00000100000001000010000000000100000000;0;0;0.000975757;1
2;00000000000001000010000000000000001010;0.056826;661;00001000000000100000001000000000001000;0;0;0.000932772;1
3;00000000000000100000000000100000001001;0.0892366;1038;00001000000001000000000001000100000000;0;0;0.0030545;2
4;00000000000000100000000001010000001000;0.09663;1124;00100000000000000010000000000100001000;0;0;0.00637981;1
5;00000000000000000000000001110000001000;0.0933631;1086;00001000000000000000000000010100000001;0;0;0.0116274;7
6;00000000000000000000000001110000001000;0.0933631;1086;00000000100000000000001001000100000000;0;0;0.00867005;9
7;00000000000000100000000000000000001011;0.0989512;1151;00000000000100110000000001000000000000;0;0;0.0103912;6
8;00000000000000100000000000000000001011;0.0989512;1151;00000000000000101000000010000000001000;0;0;0.0158846;14
9;00000000000001100000000000100000000010;0.0939649;1093;00000100000000000000000001000000101000;0;0;0.0209766;15
10;00000000000001100000000000100000001000;0.102476;1192;10000000000000000000000000011000001000;0;0;0.0285875;21
11;00000000000001100000000000100000001000;0.102476;1192;00000110000000100000000000000000000001;0;0;0.0356035;20
12;00000000000001100000000000100000001000;0.102476;1192;00000000000000000001000000010100000001;0;0;0.0463575;26
13;00000000000001100000000000100000001000;0.102476;1192;00000000100000000010000000100000000010;0;0;0.0558296;34
14;00000000000001100000000000000000001010;0.100843;1173;00000000000100100000000001100000000000;0;0;0.069479;47
15;00000000000001100000000000100000001000;0.102476;1192;00000000000000100011000000100000000000;0;0;0.0745968;50
16;00000000000001100000000000100000001000;0.102476;1192;00000100010000000000000000000000001001;0;0;0.0781379;56
17;00000000000001000000000000110000001000;0.102046;1187;00010000000000100010000000000000001000;0;0;0.0830966;65
18;00000000000001000000000000110000001000;0.102046;1187;01000010000000100000000000000000001000;0;0;0.0818819;67
19;00000000000001100000000000000000001010;0.100843;1173;00001000000000100000000000000000101000;0;0;0.0795341;72
20;00000000000001100000000000000000001010;0.100843;1173;10000100000000000000000000000000001001;0;0;0.0885051;77
21;00000000000001100000000000000000001010;0.100843;1173;00000000100000100000000000100000000010;0.000945667;11;0.0870883;82
22;00000000000001100000000000000000001010;0.100843;1173;00000000000000101000000000000000001001;0.00232118;27;0.0962277;93
23;00000000000001100000000000000000001010;0.100843;1173;00000010000000100000000000000000001001;0.00232118;27;0.0876978;83
24;00000000000001100000000000000000001010;0.100843;1173;10000000000000100000000000000000000011;0.00266506;31;0.088144;84
25;00000000000000100000000000000000001011;0.0989512;1151;00000000000010000000000000000000001011;0.00447043;52;0.0949124;92
26;00000000000000100000000000000000001011;0.0989512;1151;00000000000100100000000000000000000011;0.00249312;29;0.0915621;90
27;00000000000000100000000000000000001011;0.0989512;1151;00000000000010100000000000000000000011;0.00249312;29;0.0961005;97
28;00000000000000100000000000000000001011;0.0989512;1151;00000100000000100000000000000000000011;0.00249312;29;0.0948961;95
29;00000000000000100000000000000000001011;0.0989512;1151;00001000000000100000000000000000001001;0.00266506;31;0.0951798;96
30;00000000000000100000000000000000001011;0.0989512;1151;00000000000000100100000000000000001001;0.00232118;27;0.0932747;92
31;00000000000000100000000000000000001011;0.0989512;1151;00000100000000100000000000000000001001;0.00232118;27;0.0916791;92
32;00000000000000100000000000000000001011;0.0989512;1151;00000000000000101000000000000000000011;0.00249312;29;0.0953637;95
33;00000000000000100000000000000000001011;0.0989512;1151;00000000000000101000000000000000000011;0.00249312;29;0.0940897;94
34;00000000000000100000000000000000001011;0.0989512;1151;00000000010000100000000000000000001001;0.00240715;28;0.0948677;93
35;00000000000000100000000000000000001011;0.0989512;1151;00000000000000100000000000001000000011;0.00438446;51;0.0963189;97
36;00000000000001100000000000000000001010;0.100843;1173;00000000000010100000000000000000000011;0.00249312;29;0.0937888;92
37;00000000000001100000000000000000001010;0.100843;1173;01000000000000100000000000000000001010;0.00524415;61;0.0958503;94
38;00000000000000100000000000000000001011;0.0989512;1151;00000000000000100000000000000000100011;0.00292297;34;0.0945505;94
39;00000000000001100000000000000000001010;0.100843;1173;00000000000000010000000000000000001011;0.00447043;52;0.0955726;94
40;00000000000001100000000000000000001010;0.100843;1173;10000000000000100000000000000000001001;0.00240715;28;0.0945255;94
41;00000000000001100000000000000000001010;0.100843;1173;00000001000000100000000000000000000011;0.00249312;29;0.0906818;86
42;00000000000001100000000000000000001010;0.100843;1173;00001000000000100000000000000000001001;0.00266506;31;0.0941705;93
43;00000000000000100000000000000000001011;0.0989512;1151;00000000000100100000000000000000000011;0.00249312;29;0.0945694;93
44;00000000000000100000000000000000001011;0.0989512;1151;00000000000000100000000000000000101001;0.00232118;27;0.0938292;91
45;00000000000000100000000000000000001011;0.0989512;1151;00000000000100100000000000000000000011;0.00249312;29;0.0944585;94
46;00000000000000100000000000000000001011;0.0989512;1151;00000001000000100000000000000000001001;0.00232118;27;0.0941731;94
47;00000000000000100000000000000000001011;0.0989512;1151;00000000000000100000000000000000011001;0.00232118;27;0.0959114;94
48;00000000000000100000000000000000001011;0.0989512;1151;00000000000100100000000000000000000011;0.00249312;29;0.094829;94
49;00000000000000100000000000000000001011;0.0989512;1151;00000000000000101000000000000000000011;0.00249312;29;0.0968966;96
50;00000000000000100000000000000000001011;0.0989512;1151;00000010000000100000000000000000000011;0.00249312;29;0.0954033;95
=============================================
geração;melhor;fitness;cobertura;pior;fitness;cobertura;média;ind_repetidos
0;01010000000000000000000000000000100010;0.0172799;201;10000100001000000000010000000000000000;0;0;0.000338721;1
1;01010000000000000000000000000000100100;0.0160763;187;00001000000000000000000010000000100010;0;0;0.000440165;1
2;00000000000001000000000001110000000000;0.112706;1311;00000010000000100000010000000000000100;0;0;0.00154488;5
3;00000000000000000000000001110000001000;0.0933631;1086;00000000000001000000010000100010000000;0;0;0.00237706;2
4;00000000000000000000000001110000000010;0.0882909;1027;10000000000000000000010010100000000000;0;0;0.00179161;5
5;00000000000000000000000001110000000010;0.0882909;1027;00001001000000000000000000100000000001;0;0;0.00294618;4
6;00000000000000000000000000110000000011;0.0891506;1037;00000000100100000000000001100000000000;0;0;0.00728766;9
7;00000000000000100000000000110000000010;0.0934491;1087;00000000000000100000111000000000000000;0;0;0.00645719;7
8;00000000000001000000000001100000001000;0.0955983;1112;00010000000010000000000010000100000000;0;0;0.0114959;8
9;00000000000001000000000001010000001000;0.096544;1123;00000000000000000000000010010000100010;0;0;0.0205167;13
10;00000000000000100000000001010000001000;0.09663;1124;00001000100001000000000001000000000000;0;0;0.0280812;17
11;00000000000000100000000001010000001000;0.09663;1124;00000000000000000010000000000000110010;0;0;0.0303396;18
12;00000000000001000000000000110000001000;0.102046;1187;01000000000001000000001001000000000000;0;0;0.0432041;27
13;00000000000001000000000000110000001000;0.102046;1187;00000000000101000000000001010000000000;0;0;0.0579849;39
14;00000000000001000000000000110000001000;0.102046;1187;00000000000010000001000000100000000010;0;0;0.0693381;51
15;00000000000001000000000000110000001000;0.102046;1187;00000000000001000000000000100100001000;0;0;0.0803207;68
16;00000000000001000000000000110000001000;0.102046;1187;00000000001000100000000001000100000000;0;0;0.076379;62
17;00000000000001000000000000110000001000;0.102046;1187;00000000000001000000000001000100001000;0;0;0.0816248;71
18;00000000000001000000000000110000001000;0.102046;1187;00000000000001000000000000110000010000;0;0;0.0920452;87
19;00000000000001000000000000110000001000;0.102046;1187;00000000100001001000000000010000000000;0;0;0.0960239;90
20;00000000000001100000000000110000000000;0.104539;1216;00000000000010000000000000110000001000;0;0;0.0962233;91
21;00000000000001000000000000110000001000;0.102046;1187;00000000010001000000000000110000000000;0;0;0.0969343;94
22;00000000000001000000000000110000001000;0.102046;1187;01000000000001000000000000100000001000;0;0;0.0990216;97
23;00000000000001000000000000110000001000;0.102046;1187;00000010000001000000000000110000000000;0;0;0.0990216;97
24;00000000000001000000000000110000001000;0.102046;1187;00000000000001000000000000100000101000;0;0;0.0958218;92
25;00000000000001000000000000110000001000;0.102046;1187;00000100000001000000000000100000001000;0;0;0.0951358;93
26;00000000000001100000000000010000001000;0.104539;1216;00000000000001010000000000110000000000;0;0;0.0934998;90
27;00000000000001100000000000010000001000;0.104539;1216;00000000000000000000010000110000001000;0.000171939;2;0.100309;97
28;00000000000001100000000000110000000000;0.104539;1216;00000000000001000000000000110000010000;0;0;0.0969687;93
29;00000000000001100000000000110000000000;0.104539;1216;01000000000000000000000000110000001000;0;0;0.0899011;86
30;00000000000001000000000001110000000000;0.112706;1311;00000000000001000100000000110000000000;0;0;0.0942133;87
31;00000000000001100000000000110000000000;0.104539;1216;00000000000001000000000000110000010000;0;0;0.092438;83
32;00000000000001100000000000110000000000;0.104539;1216;00100000000000000000000000110000001000;0;0;0.0950343;84
33;00000000000001000000000001110000000000;0.112706;1311;10000000000001000000000000100000001000;0;0;0.0867555;66
34;00000000000001100000000000010000001000;0.104539;1216;00001000000001000000000000100000001000;0;0;0.0919679;60
35;00000000000001100000000000110000000000;0.104539;1216;00000000000000001001000000010000001000;0;0;0.0934878;68
36;00000000000001100000000000010000001000;0.104539;1216;00000010000001000000000000110000000000;0;0;0.0937913;50
37;00000000000001100000000000110000000000;0.104539;1216;00000000001001000000000000110000000000;0;0;0.0926995;48
38;00000000000001100000000000010000001000;0.104539;1216;00000000000001000000000000010010001000;8.59697e-05;1;0.0945771;48
39;00000000000001100000000000010000001000;0.104539;1216;00000000000101000000000000110000000000;0;0;0.093897;53
40;00000000000001100000000000010000001000;0.104539;1216;00000100000001100010000000000000000000;0;0;0.0936529;47
41;00000000000001100000000000010000001000;0.104539;1216;00000000000001100000100000000001000000;0;0;0.0925946;55
42;00000000000001100000000000110000000000;0.104539;1216;00000000000001100000000000010100000000;8.59697e-05;1;0.0986107;54
43;00000000000001100000000000110000000000;0.104539;1216;00000000010001100000000000100000000000;0;0;0.0930416;50
44;00000000000001100000000000010000001000;0.104539;1216;00000000001001000000000001010000000000;0;0;0.0945899;49
45;00000000000001100000000000110000000000;0.104539;1216;00100000000000100000000000110000000000;0;0;0.086422;38
46;00000000000001100000000000110000000000;0.104539;1216;00100000000101100000000000000000000000;0;0;0.0867598;42
47;00000000000001100000000000010000001000;0.104539;1216;00000000000000110000000000110000000000;0;0;0.0909491;42
48;00000000000001100000000000110000000000;0.104539;1216;00000000100001100000000000100000000000;0;0;0.0839968;49
49;00000000000001100000000000110000000000;0.104539;1216;00000000010001000000000000010000001000;8.59697e-05;1;0.0934749;49
50;00000000000001100000000000110000000000;0.104539;1216;00000000100001000000000000110000000000;0;0;0.0950997;53
=============================================
geração;melhor;fitness;cobertura;pior;fitness;cobertura;média;ind_repetidos
0;00000000000000100010000000100000000001;0.0206327;240;00010000001000000000000100000000010000;0;0;0.000262208;1
1;00000000000000100010000000100000000010;0.0329264;383;00000000001000001000000000010000000001;0;0;0.000410076;1
2;00000000000000000000000000110000001001;0.0887208;1032;00000000010000000010001000000000000100;0;0;0.00220856;1
3;00000000000000100000000001100000000001;0.0802957;934;00000000110000000000001000001000000000;0;0;0.00210454;2
4;00000000000000000000000000110000001010;0.093879;1092;00000100000000100001000000000001000000;0;0;0.00450223;4
5;00000000000001000000000000100000001010;0.0940509;1094;00000000000000000000101000000000001001;0;0;0.007114;9
6;00000000000001100000000000010000001000;0.104539;1216;00000000100000000011000000010000000000;0;0;0.0149011;8
7;00000000000001000000000000110000001000;0.102046;1187;00000000000000000000000011000000011000;0;0;0.0214125;13
8;00000000000000100000000000010000001010;0.0962861;1120;00000000001000000000011010000000000000;0;0;0.0364727;23
9;00000000000001000000000000010000001010;0.0962001;1119;00010000000000000000000000010100000010;0;0;0.0499957;38
10;00000000000000100000000000010000001010;0.0962861;1120;00010000000000000000000010000000101000;0;0;0.0633906;52
11;00000000000000100000000000000000001011;0.0989512;1151;00000000001000000000000000000000001110;0;0;0.0757221;55
12;00000000000001100000000000100000001000;0.102476;1192;00000000000000010000000000110000000010;0.000687758;8;0.0823289;64
13;00000000000001100000000000100000001000;0.102476;1192;00000000000001000100000000100000001000;0;0;0.0840028;72
14;00000000000001100000000000100000001000;0.102476;1192;00000000000001000000000000010100001000;8.59697e-05;1;0.0864237;77
15;00000000000001100000000000100000001000;0.102476;1192;00000000000000100000000000100000101000;0.000859697;10;0.0925861;86
16;00000000000001100000000000010000001000;0.104539;1216;00000100000000100000010000000000001000;0;0;0.0897344;83
17;00000000000001100000000000010000001000;0.104539;1216;00000000001000000000000000010000011000;0;0;0.084486;74
18;00000000000001100000000000010000001000;0.104539;1216;00000010000001100000000000100000000000;0;0;0.0865552;78
19;00000000000001100000000000010000001000;0.104539;1216;00000000000000100100001000010000000000;0;0;0.0839718;72
20;00000000000001100000000000010000001000;0.104539;1216;00000000000000000000000000110000011000;0;0;0.0740948;57
21;00000000000001100000000000010000001000;0.104539;1216;00000000000001010000000001000000001000;0;0;0.0751711;61
22;00000000000001100000000000010000001000;0.104539;1216;00001000000001000000010000000000001000;0;0;0.0731577;54
23;00000000000001100000000000110000000000;0.104539;1216;00000000000001000000000000100000011000;0;0;0.0814684;58
24;00000000000001100000000000010000001000;0.104539;1216;00000000001000000000000000110000001000;0;0;0.0844774;58
25;00000000000001100000000000010000001000;0.104539;1216;00000000000010000000000000110000001000;0;0;0.0885953;58
26;00000000000001100000000000110000000000;0.104539;1216;00000000000000100000000000011000001000;0.00171939;20;0.0997851;65
27;00000000000001100000000000010000001000;0.104539;1216;00000000000001100100000000000000010000;0;0;0.0967357;53
28;00000000000001100000000000010000001000;0.104539;1216;00000000000001000010000000010001000000;0;0;0.0974347;50
29;00000000000001100000000000010000001000;0.104539;1216;00000000000101000000000000110000000000;0;0;0.0915294;39
30;00000000000001100000000000110000000000;0.104539;1216;00000000100001000000000000110000000000;0;0;0.093199;57
31;00000000000001100000000000110000000000;0.104539;1216;00000000000001000000000000111000000000;0;0;0.0897533;59
32;00000000000001100000000000010000001000;0.104539;1216;00000000000000110000000000110000000000;0;0;0.101219;64
33;00000000000001100000000000010000001000;0.104539;1216;00000000000001000000000000010010001000;8.59697e-05;1;0.0998057;61
34;00000000000001100000000000010000001000;0.104539;1216;00000000000000100000000000110000100000;0;0;0.0971613;63
35;00000000000001100000000000010000001000;0.104539;1216;00000010000001000000000000010000001000;8.59697e-05;1;0.0940165;60
36;00000000000001100000000000010000001000;0.104539;1216;00010000000001100000000000100000000000;0;0;0.0955623;69
37;00000000000001100000000000010000001000;0.104539;1216;00000000000001100000000000010000100000;8.59697e-05;1;0.0956955;64
38;00000000000001100000000000110000000000;0.104539;1216;00000000000101100000000000010000000000;8.59697e-05;1;0.093922;68
39;00000000000001100000000000010000001000;0.104539;1216;00000000000001010000000000010000001000;8.59697e-05;1;0.0993243;61
40;00000000000001100000000000010000001000;0.104539;1216;00000000000101100000000000010000000000;8.59697e-05;1;0.0987199;65
41;00000000000001100000000000010000001000;0.104539;1216;00000100000000100000000000110000000000;0;0;0.0953809;67
42;00000000000001100000000000010000001000;0.104539;1216;00000000000101100000000000010000000000;8.59697e-05;1;0.0975327;62
43;00000000000001100000000000010000001000;0.104539;1216;00000000000001100000000000010000100000;8.59697e-05;1;0.098542;68
44;00000000000001100000000000010000001000;0.104539;1216;00001000000000100000000000110000000000;0;0;0.094988;64
45;00000000000001100000000000010000001000;0.104539;1216;00000000000011100000000000100000000000;0;0;0.0959534;59
46;00000000000001000000000001110000000000;0.112706;1311;00000001000001100000000000010000000000;8.59697e-05;1;0.096471;60
47;00000000000001000000000001110000000000;0.112706;1311;00000000010001100000000000100000000000;0;0;0.0972206;65
48;00000000000001000000000001110000000000;0.112706;1311;00000000000101100000000000010000000000;8.59697e-05;1;0.097169;63
49;00000000000001000000000001110000000000;0.112706;1311;00000000000000100000000000110001000000;0;0;0.0972369;65
50;00000000000001000000000001110000000000;0.112706;1311;00000000000001100000000000011000000000;8.59697e-05;1;0.0954643;61
=============================================
