geração;melhor;fitness;cobertura;pior;fitness;cobertura;média;ind_repetidos
0;0000001000000110010100000110011001011000100010;0.62187;6011;0010110001011001111000110001000001000000000000;0.0459342;444;0.217778;1
1;1000001000000110010100000110011000011000100010;0.59311;5733;0001010000111010100011100001000000010100000100;0.0849369;821;0.244129;1
2;0000011000000100000101000000010100101000111110;0.583799;5643;0100001001000000000000001101100011100110010001;0.102524;991;0.266941;1
3;0001001000000100000101000000010100101000111110;0.584213;5647;1010000101010001010000000000011010101000000101;0.0986965;954;0.288028;1
4;0001001000000100000101010100011001011000100010;0.604593;5844;1001010000010100001100001011100010010000010000;0.111008;1073;0.323441;1
5;0000000001010101010101000100010000000100110110;0.606456;5862;0010110100111100100010000000000001000110000100;0.12456;1204;0.332767;1
6;0000000000010110000101010010011001000001001110;0.610594;5902;0000100110111010001000100000000001011000000110;0.155287;1501;0.35459;1
7;0000000001010100010101000101110000000100100110;0.611835;5914;0000110000111010000010000010100101000110001000;0.135009;1305;0.371686;1
8;0000101000000001010100000100010001101001101010;0.598593;5786;0010100001101100000001010000010000100110011000;0.142044;1373;0.39818;1
9;0000100000001000010101010110110000101000000110;0.615042;5945;1110010000000101010110000100000100000101010000;0.122077;1180;0.418026;1
10;0000001000001000010101010110110000101000000110;0.615249;5947;0000111010101000001011000010000001000100100001;0.129733;1254;0.438962;1
11;1000000000000100010101000110110000111000000110;0.618767;5981;0010010000101111100000000001010100000000001101;0.125181;1210;0.439755;1
12;0000000000001110010100001110010001101000100010;0.64432;6228;0000100001001100100001000001110100110000000101;0.169977;1643;0.447794;1
13;0000000100000110000101010110011000010000001110;0.637389;6161;1000110000101010000100000101000001001010101000;0.180012;1740;0.446607;1
14;0000100010001110001101000100010000000000101110;0.62394;6031;0000101010001010010011000100000110000001011000;0.161701;1563;0.44989;1
15;0000001000000100000101010100011001010001001110;0.641941;6205;1000100001010100110001010001000000010000001110;0.177943;1720;0.450345;1
16;0000000100000100000101010100011001010001001110;0.642872;6214;1101100010010010100010000000010100110000100000;0.210325;2033;0.453415;1
17;0000000001000110000101000110011000010001110010;0.642458;6210;0000000000101010011010010000001000101100000111;0.179495;1735;0.447809;1
18;0000001100000011011101011100010000000100000010;0.648459;6268;0000001001000011100001000011010100000100010101;0.185909;1797;0.456422;1
19;0000101000001010011101010100010000100000100010;0.638941;6176;0010011000100100000110011110001010010000000000;0.175564;1697;0.457001;1
20;0000001100100000001101010110110000000000110010;0.628181;6072;0000101000000001100001011100100000000011010101;0.133251;1288;0.462543;2
21;0000000100000100001111010110110000000000110010;0.681254;6585;0000011010010001000100010100001000000011101100;0.175978;1701;0.463232;1
22;0000000100000110001101010110000010100100100010;0.630768;6097;1000000001000101100000010001110000110100000011;0.176702;1708;0.446626;1
23;0000000100000110000101011100010010000100101010;0.641217;6198;1001011011000100000010010100010000100101000000;0.146286;1414;0.456802;1
24;0000001000000100000101010100010011000100101110;0.628802;6078;0011001001100110001001000001000000100010010010;0.159425;1541;0.449955;1
25;0000000100000110011100000110010000010100101010;0.637492;6162;0010100100011010000011001100000010010100100000;0.161804;1564;0.456001;1
26;0000000100000110010100001110110100000000101010;0.657356;6354;1100010000000100000011000001110000110100010001;0.172357;1666;0.444604;1
27;0000001000001010010101001110010000001010100010;0.691289;6682;0001001000000010101011101000011011000000010000;0.134906;1304;0.454807;1
28;0000100100000010010101001110010000001010100010;0.674115;6516;1000001001000010000001010100100100110000010101;0.108835;1052;0.455167;1
29;0000100100000010010101001110010000000100110010;0.655493;6336;0100110100000001000000010111100101000000010100;0.17784;1719;0.461009;1
30;0010000100000010010101010110010000001010100010;0.65808;6361;0010011000000100110010010100000010100100100010;0.164598;1591;0.459844;1
31;0000000100011110011101000100010100000000100010;0.657252;6353;0010010000110100011010000110010010010000000010;0.182806;1767;0.464095;1
32;0000100000000000110111001110010000000010100110;0.656114;6342;0010001000110011000110100000010000010011001000;0.174012;1682;0.464249;1
33;0000101000010100000101010110010000010000110010;0.650735;6290;0010010000000100100101001100000000111000001011;0.184668;1785;0.464045;1
34;0000001000001110000101000100000000011010110110;0.609973;5896;1000001100010010001001010101010000000100010001;0.153011;1479;0.455054;1
35;0000101100000100000100010110110000000100010110;0.606249;5860;1000011100001100001001001010100000000011000010;0.176909;1710;0.466825;1
36;0000100011000010010101011100010000001000100010;0.642044;6206;0100001110011000010000000101000010001000110100;0.142044;1373;0.472754;1
37;0000000011000110010101011100010000000010100010;0.650424;6287;1010100100000011010010000100100100000001001100;0.138837;1342;0.475981;1
38;0000000110000010010101011100010000000010110010;0.634492;6133;1000000000000000110001110110100000101000000111;0.210946;2039;0.482727;1
39;0000000100000011010101000100110010010000100110;0.636044;6148;0110001001010011001000000010101000000000100101;0.162735;1573;0.479513;1
40;0000100000001010000101011100010001100000110010;0.635423;6142;0000111100101000000001100100000000101001101000;0.139665;1350;0.47744;1
41;0000001100000010010111001100110000000000110010;0.634699;6135;0000101010111011001001010100010001000000000000;0.207428;2005;0.472845;1
42;0000000000000110000101011100110100100000110010;0.641527;6201;0010000101000001100011010110000000110000001010;0.206394;1995;0.471047;1
43;0000000000010010010101000110111000000000101110;0.663977;6418;0000000100101010000000101101000100001001001101;0.0992137;959;0.474357;1
44;0000000100001010001101011100010000001010100010;0.630768;6097;0000100011001110111001000010000000101000000100;0.191599;1852;0.473952;1
45;0000100010000100000111010110010000100000101010;0.633768;6126;0010110000010000001000010001010101011000001010;0.150735;1457;0.475709;1
46;1000000000000110001101000110010000000010101110;0.627354;6064;0000001110100110000001000001001010100000010101;0.138423;1338;0.473566;1
47;0000100000010100010100001100011001000000101110;0.634906;6137;0000000100000011100110010010000110010000010101;0.152804;1477;0.465994;1
48;0000100000100110000101001110010000001000001110;0.642562;6211;0011000101100000000100000101100010100010000110;0.188185;1819;0.469381;1
49;0000100100011110010101000110010000000010000010;0.611008;5906;1000010000000010000101010100000110010000011011;0.155287;1501;0.4654;1
50;0000000000101010000111001110010000010000010110;0.618353;5977;0011010000001100000101010000001010110000001010;0.184564;1784;0.459878;1
51;0000100000100010000111001110010000010000010110;0.627043;6061;1110001000001000000101010100000001001010001100;0.145251;1404;0.453465;2
52;0000101000100000000101001110010100001000101010;0.634492;6133;1000000010000110111000010000010100100001001001;0.0932133;901;0.459256;1
53;0000000000100011000101001111010000000000101110;0.633768;6126;0100010100001000000101001011000010010001001010;0.182806;1767;0.450301;1
54;0000000100000010010110011100010000011000101010;0.659632;6376;0010011000010100100001100000100000000011010110;0.157563;1523;0.459039;1
55;0000001000000100010101011110010000000001101010;0.641734;6203;0000000100110111010100110000000110100010000000;0.156321;1511;0.459816;1
56;0000010000000110010101000110110000001000101100;0.638423;6171;0000101011000010001101101001100000000010010000;0.147217;1423;0.482225;1
57;0000100100000000010100011100010000001100101110;0.648976;6273;0000101011010010100001000101000000000101110000;0.169046;1634;0.495633;1
58;0000100100000000010101000111110000000100100110;0.649493;6278;0010001100000000010001111100010011010010000000;0.199152;1925;0.491907;2
59;0000001000100100010111000100010100000010100011;0.621974;6012;0100110010010100010000010000010101100010000100;0.151873;1468;0.496085;1
60;0000001000010110011100000100010001000000101110;0.635527;6143;1000001000001100000100110010001000110101000100;0.184978;1788;0.481591;1
61;0000000100000110010101010100110000000110100010;0.651355;6296;0000010000010101010000000111000010001100001110;0.203393;1966;0.493834;1
62;0000000000000110111100001100011000000100110010;0.62994;6089;0000001100000000110110100100000001000001011101;0.168425;1628;0.492319;2
63;0000001000000110011100001100011000000100110010;0.639975;6186;1010000100000100000110010000000110001000011110;0.208049;2011;0.481108;2
64;0000001000000110011100011100011000000100100010;0.648872;6272;1000010001001110001001000100000100000001110100;0.158804;1535;0.474184;1
65;0100000100000010110101010110010000000000110010;0.648459;6268;1001100101100000010000000101100100001000100010;0.196358;1898;0.47446;1
66;0000001000000110011101011100010000000000001110;0.651045;6293;1000001100101100111000010000000000000101110000;0.153011;1479;0.463539;1
67;0000000000000110011100011100010000010010001110;0.643493;6220;0100000101010010000001000110000000100110011001;0.142044;1373;0.468968;1
68;0000100000000100010101000100110010100100110010;0.634078;6129;0100011001100000010100000100010000101100001001;0.181461;1754;0.485625;1
69;0000101000000110010101010110010100000000000110;0.640079;6187;0001110010110000001000000100110000000110001100;0.171633;1659;0.492761;1
70;0000001000000011110101010100010000010000100110;0.635113;6139;0000000000100100010111000000000011010000011111;0.239396;2314;0.486966;1
71;0010000000000010010101001100110000011000100110;0.650838;6291;0010100010010000010100001100000100100001001101;0.08473;819;0.474828;1
72;0000100000010110011100011100000000000010001110;0.622491;6017;0000100111001001000001001101011100000000000010;0.211877;2048;0.47166;1
73;0000101000000000000101000100011001001001101110;0.649183;6275;0110010100011100100100011000010000000100010000;0.15508;1499;0.471558;1
74;0000001100000100010001001110010000001010101010;0.622698;6019;0000000000001001101101010101100001000010001100;0.180737;1747;0.471003;1
75;0000000100000010100101000110111000000000110110;0.643803;6223;0000100011011100000101110000001000010001000010;0.168632;1630;0.475765;1
76;0000100100000100001100011100010000100000111010;0.626319;6054;1010000000010111000101000100000010011001001000;0.190048;1837;0.470584;1
77;0000001000001010010101000100111000100100100010;0.653217;6314;1100010000000110101000000100010000001111001000;0.171633;1659;0.468213;1
78;0000010000000110010101000100110000011100100010;0.634596;6134;0100001000011011101101000000000010100010000100;0.181771;1757;0.466862;1
79;0000000100010100001101000100110000000100101110;0.628699;6077;1000000001100010000000001100010011001000001111;0.167598;1620;0.476788;1
80;0000100000000110011100011000110000000100101010;0.630561;6095;0010001100111100000001000100000100011100100000;0.190254;1839;0.476878;1
81;0000001100011100010101000100010000000100100110;0.622905;6021;1010000000101110000001010100000010010100100010;0.185806;1796;0.471239;1
82;0000000100000010010101000110010100010010110010;0.631595;6105;0001011100011000000000000000100001010100011101;0.151459;1464;0.470776;1
83;0000001000000100010101010110110000000011100010;0.659114;6371;0000010101000010001100110100000110010100000010;0.177943;1720;0.470441;1
84;0000001010000110001101001110010000000000011100;0.630768;6097;0100110010100000011010011000000100000101100000;0.0987999;955;0.469436;1
85;0000001010000110001101001110000000000000110110;0.63594;6147;0010000000000100010001001001011010100010010101;0.179185;1732;0.47311;1
86;1000000100000010110101010110010000001000000110;0.640389;6190;0010100000001100100011000011010100000010010100;0.175771;1699;0.477827;1
87;0000100100001010010101010110010000001000000110;0.658287;6363;1000110010000010100100101100000000011100010000;0.116698;1128;0.473175;1
88;0000001100010110010111000000010000000100100110;0.631906;6108;0100000110000010100010001000010001001101000011;0.185392;1792;0.477039;2
89;0010000001000110010101001110010000001000000110;0.641837;6204;0000100011000101000111001000000100000100011100;0.19522;1887;0.460451;1
90;0000100000010010010001010111010100000000100110;0.611318;5909;0010000000100110000011110101000000010001010100;0.105007;1015;0.448686;2
91;0100100000000100010101010110010000000100100110;0.661701;6396;1101001001000100100101001100001100000000010000;0.175667;1698;0.465754;1
92;0000000000000010010101010110011000010001010110;0.647217;6256;0001000001000101011001100001000000000110110100;0.19222;1858;0.469756;1
93;0000000000000010000101011100010010010001110110;0.635009;6138;0100011110010100101011000010001000000000000100;0.134906;1304;0.468668;1
94;0000000000001110011101010000010000000110100110;0.639665;6183;1001100000000001001110001000001100110000010010;0.177116;1712;0.465586;1
95;0000000100000100010101010110010000000010100111;0.658494;6365;0110001010010010000111010000000101000010000100;0.127561;1233;0.458696;1
96;0000000000000110001001010110010000010100110110;0.636354;6151;0100001000011010000001010100000011101100000100;0.143389;1386;0.462244;1
97;0000010100000110000101010110010000000110100010;0.639561;6182;1010100010000010010000001000010001001101000101;0.160563;1552;0.458276;1
98;0000101010000010110101011100010000000000100010;0.645562;6240;0001001010010010100000000110000010001000110011;0.173495;1677;0.463186;1
99;0000000100000010000101011101110000000000110110;0.651355;6296;0000100100001011001000100011011000000000111000;0.219739;2124;0.476049;1
100;0000110100000101011101010110000000000000100010;0.636768;6155;0010010001100010011011000100010000100100100000;0.240741;2327;0.472631;1
=============================================
geração;melhor;fitness;cobertura;pior;fitness;cobertura;média;ind_repetidos
0;0000001000000110010100000110011001011000100010;0.62187;6011;0001110000001001101001001001000110000010000100;0.0412787;399;0.217936;1
1;0000001000000110000101000010011001001000101110;0.608007;5877;0010100000011000001000001100100100100010001101;0.0891786;862;0.249842;1
2;0001001000100100000101000000011001001000101110;0.589903;5702;0100011010101010000000001101010000101001000000;0.106663;1031;0.270748;1
3;0001000000000000001100001100111001000100101110;0.532382;5146;0001001010001010000010001010000010100001010011;0.107594;1040;0.29741;1
4;0000001000001100010001010100011001000001010110;0.572005;5529;0100011000000000000000010001000000100111011111;0.106145;1026;0.309867;1
5;0000001100000000000000010110111000001010101110;0.58442;5649;1000101010000100001000010000100101110010000100;0.129009;1247;0.319346;1
6;0001100100000000001101011110010000000010001010;0.587316;5677;0010010011100011000001000010101000000010001100;0.106042;1025;0.345806;1
7;0101000000000110000111000100010000010010101010;0.614732;5942;0001100101100001000000000011010100001001001001;0.126009;1218;0.35891;1
8;0000000100000100011101001100010000001010100110;0.634699;6135;0100010100011010101000000100100010001000001100;0.0925926;895;0.379319;1
9;0000101000000100000001000110011011001000101010;0.607801;5875;0000010001010110000010000111001010000010000011;0.150941;1459;0.41063;1
10;0010000001000100000111011100010000001000001110;0.607076;5868;1000101001000001000000011100000111010000010100;0.145148;1403;0.423273;1
11;0000000001000100000111011100010000101000001110;0.613904;5934;0100010101000000100100010111001000000001101000;0.173495;1677;0.440184;1
12;0000100000000010001100011110010000010000110110;0.610594;5902;0010100101100100101000001101000001000000000101;0.122595;1185;0.452337;1
13;0000000000000010100111000100010101000010110110;0.602731;5826;0110001000110000000000001101000001000011100101;0.095179;920;0.437231;1
14;0000001100000110011100000000011100001000110010;0.61587;5953;1010001011000000000001100101010000000110000110;0.172771;1670;0.449031;1
15;0000001100100100001101000110011000000000101010;0.643389;6219;0000000110100001001100000100001010010001010101;0.130871;1265;0.453875;1
16;0000100010000100000101000100110001001000101110;0.622698;6019;1000000101111100000001001100010010010000010000;0.116077;1122;0.453607;1
17;0010101000000010110101000100010000000110100010;0.614422;5939;1001000001010100100111100100001000010000000100;0.141941;1372;0.450549;1
18;0000101000000111000101000100110100000000101010;0.630768;6097;1010100110010100000011001100001000000000110000;0.148562;1436;0.453005;1
19;0001011000100000010100000100010000011000101110;0.606559;5863;0100101000000001010000100000100001101010000111;0.136354;1318;0.447109;1
20;0000100000000011010101100110010000000001100110;0.60418;5840;0100000110001101000001000001000101011010100000;0.171115;1654;0.443422;1
21;0000001000001100010100000110011000100100101010;0.638216;6169;1001000010001101110100010000000001000010000101;0.113594;1098;0.448449;2
22;0000100000000100010101001100110000000010110110;0.644838;6233;0100010011101101000100000100100101000001000000;0.114732;1109;0.450359;1
23;0000001000000100010101001110011000011000010010;0.634492;6133;1010110110100000010100001101000001000000100000;0.131181;1268;0.45725;1
24;0000000100000010110101000110011101000001000010;0.634389;6132;0000011110010001010100010000000101100000100100;0.181978;1759;0.45462;1
25;0000001000000100010101011100110100000000001110;0.61887;5982;0000100001010010000001110001011000100101000100;0.14701;1421;0.458208;1
26;0000000000100110010110000110011000000110000110;0.606869;5866;0010010001010010110000010100010001100000000110;0.202462;1957;0.465698;1
27;0000100000100110010111110000010000001000100010;0.611939;5915;1000001000001010000010010101000001000010110110;0.187565;1813;0.47668;1
28;0000001000000110001101000010011001000100101010;0.64101;6196;0000001011001000000101011000011000000101000101;0.1946;1881;0.484256;1
29;0000000000100110010100000110111000100000010110;0.616698;5961;1010100000000001111000110100011000000010000010;0.111111;1074;0.475858;1
30;0010000000000110010100010110110000000001101010;0.632319;6112;0001001100100011010000010001000101000010100010;0.193048;1866;0.482916;1
31;0010000000000010010100010111010100000000101110;0.629216;6082;1000000010000111100101000000000000011011001100;0.200083;1934;0.485896;1
32;0000000100000011010101010110010000000001100011;0.633768;6126;1110000010000101100001000000000001001100001110;0.158701;1534;0.480198;1
33;0000000110000110011101011100010000001000000010;0.653528;6317;0000010110000010100011000110000000111000100001;0.163563;1581;0.486168;1
34;0000001000000110011101000100110100000100100010;0.656942;6350;0011000001000110011000000001101001001000100010;0.221912;2145;0.481478;1
35;0000001000000010010101001110010001000000100111;0.664908;6427;0101000000100110010001100100001001100000001100;0.250466;2421;0.492329;1
36;0000001100000110010101001100011001000100100000;0.624147;6033;0100100001101010000000110000010100101010000100;0.152804;1477;0.488652;1
37;0000001000001110011100000110010000100000101010;0.645251;6237;0001000011101100000101000000100001011100000100;0.191289;1849;0.480932;1
38;0000100000000110110101000000010000001111100010;0.631388;6103;0010010000010100110001000101001000000000111010;0.211566;2045;0.494533;1
39;0000101000000100100101010110010000001000110010;0.635216;6140;0011010100010001001000000100000111000000010110;0.0896958;867;0.482174;1
40;0000000010000010010101000100010011000100110110;0.634492;6133;0010000010010110101000000101010000010101001000;0.127974;1237;0.481771;1
41;0000101110010000010101001110010000000000100010;0.635837;6146;0000001000110111110000000101000010001100010000;0.156942;1517;0.47673;1
42;0000100000001100000101001110110000000000110110;0.656011;6341;0010100001011010001101001000001010000001000010;0.165632;1601;0.46715;1
43;0000100100000110000100010110010000000101110010;0.638009;6167;0000000000000001001001101101000010101001000111;0.119594;1156;0.474237;1
44;0000001000000100000101011100010010001001101010;0.635009;6138;0000000001000100010001000111100000001011010101;0.184254;1781;0.47467;2
45;1000101000000110010101000100010000001000100110;0.629009;6080;0010110000100100000101000010000001011010000011;0.216325;2091;0.47426;1
46;0000100010000110010100010110010000000000101110;0.639044;6177;1000110100001000101010010000100000000010111000;0.114525;1107;0.457483;1
47;0000101000000100011101000101010100001000100010;0.625491;6046;0010001010000010110010000000000010011100100101;0.162528;1571;0.456744;1
48;0000101010000000000101010110010000100100101010;0.619905;5992;0000011100010001111101100000000000110000010000;0.185289;1791;0.452708;2
49;0000000000100110010110000110010000101010100010;0.616698;5961;1100010100010001000110000010000100100010000110;0.162425;1570;0.45647;1
50;0000001000000110000101010100011001000000110110;0.63263;6115;0010010000001100100111000100000110100001010000;0.103662;1002;0.461432;1
51;0000100000010100000101010110010000010100100110;0.645355;6238;0000101110100010000001100001000000100100100101;0.160459;1551;0.467067;1
52;1000001000010100000101010110010000010000100110;0.614732;5942;0010101000001110110001000001000010011001000000;0.144217;1394;0.46733;2
53;0000001000010110011101000100110000000010110000;0.634596;6134;0100010010000000000101100011000110010000001011;0.1437;1389;0.456873;1
54;0000001100000110010111000100010000000100101010;0.623733;6029;0010101001110010000100010000000000100101000101;0.137803;1332;0.457754;1
55;0000100000010110110101010110010000010000000010;0.646079;6245;0100100000000010110010110100000110100000101000;0.107904;1043;0.463811;1
56;0000000000000110000101010111010000100110100010;0.635837;6146;0010100000101100001101000000000000011010001101;0.18322;1771;0.474656;1
57;0000001000100110010111010110000000010000100010;0.640492;6191;0011010001010110000001011000010001000000001001;0.11049;1068;0.47684;1
58;0000100000000101010111000100010000001010100110;0.652493;6307;0000001000000010101011101100000010010000010110;0.156838;1516;0.484918;1
59;0000100100100010001101011100010000000100100010;0.643389;6219;1000110100100100000001000101000000110010100001;0.13594;1314;0.494786;1
60;0000100000000100101111010110010000000000110010;0.654769;6329;1001010010100000011000000100000000000000111111;0.185909;1797;0.478942;1
61;0000100000000010010111001110010000001000100110;0.688703;6657;0100110000100011000001000110100000001110000100;0.206083;1992;0.479642;1
62;0000000000000110011101000110010000101001100010;0.644113;6226;0100101000010001100001010100100000011100000010;0.176391;1705;0.479446;1
63;0010100000000100001101010100110000001000101010;0.636561;6153;1010010000000100010001010101010000010010000011;0.18622;1800;0.473154;1
64;0010001000000100001101010100110000001000101010;0.636044;6148;0000010000100100000100111100000000100010011011;0.183116;1770;0.472627;1
65;0000000000100110010101000110011000010000101100;0.643389;6219;0010010010110100000001110000010000000001000111;0.137389;1328;0.47007;1
66;0000000000100100010101000110011001010000100110;0.660149;6381;1000010101000100110100100000000110000101000100;0.0909373;879;0.471873;1
67;0000001000000100110101001110110000000000100011;0.648148;6265;0001000000101001100101000110000000001110001100;0.211049;2040;0.467399;1
68;0000000100000100010101110110010100000000101010;0.636458;6152;0100001100000010011000000010001110110001001000;0.175047;1692;0.474603;1
69;0000000000010110110101000100110000000100100110;0.645045;6235;1010111000010001000100100100000100000101100000;0.111732;1080;0.466192;1
70;0000000000000010010101100100010101001000110110;0.62756;6066;0000010001000010000110000011011010101000000011;0.199565;1929;0.45654;1
71;0000001000000110011111000100011001000000110000;0.633871;6127;1100011000000101000000110100000000110000000111;0.149079;1441;0.462994;1
72;0000100100000100000101000110010001010000101110;0.633147;6120;1001011000001010010100000101000000100010100001;0.189323;1830;0.465413;1
73;0000101000100010011101000100010100001000100010;0.634492;6133;0011110010000000100110000100011001000000011000;0.176391;1705;0.46478;1
74;0000000000001110010101000100010101000001101100;0.619698;5990;0011001000010110101000001010000010000100101000;0.151976;1469;0.47513;1
75;0000100100000000010101010110011001001000100010;0.654769;6329;1000110110010000100100000000011100001100001000;0.17484;1690;0.475692;1
76;0010001100000000010100000110111001000000101010;0.623733;6029;0010001110000100111100010000101000110000000000;0.156321;1511;0.479946;1
77;0000100000100110010101010100101000001000100010;0.626423;6055;1000100000010100011010001100001001000011010000;0.174943;1691;0.470169;1
78;0000001000000011010101010110010000001000101100;0.649907;6282;0101000000001100100010100100011000100000011100;0.160046;1547;0.472896;1
79;0000100000000000001101010110010100100000101110;0.639975;6186;0011110000000010011001000101010100101000000000;0.201221;1945;0.472425;1
80;0000000100100010010101010111010000001000000110;0.636561;6153;0100100000010000110010001100000101010000001011;0.138527;1339;0.476925;1
81;0000000100100110010101010110010100001000001000;0.617836;5972;1010000010100000011100001100010100000101000100;0.16646;1609;0.464153;2
82;0000000001001111011101000100110000000000100010;0.631492;6104;0000011100001011011010010100011000000000001000;0.204738;1979;0.470412;1
83;0000110100000101011101000100110000000000100010;0.646079;6245;1110000000010100011100000010000101000000011100;0.181357;1753;0.470063;1
84;0000000000000010010101001100010111100000100110;0.6467;6251;0100100100000011100011001010000000101100000010;0.184461;1783;0.464605;1
85;0010100000000100010101001110010000000001100110;0.656735;6348;0000000000100010010001001100010111100000011010;0.250259;2419;0.482607;1
86;0000100000000010001101001110011001000000001110;0.633147;6120;0000111100000001110001010100000000001000010011;0.157563;1523;0.465791;1
87;0000000000001110010110100100010000010001101010;0.620319;5996;0000001000111010100100110100000001001000010001;0.0757294;732;0.444178;1
88;0000100001010010110101000100010000010010100010;0.611628;5912;0010111000001101010000000000101001000110000001;0.12994;1256;0.447274;1
89;0000001000100110000101000110110000010000101010;0.639561;6182;1000100001000100100001010100000101100000111000;0.17215;1664;0.464738;1
90;0000100000001110011101000000110000000000111010;0.638423;6171;1010100000000011110000011000010100010100000100;0.172874;1671;0.472241;1
91;0001000100001110011101000100010000000000100110;0.64432;6228;0000100001010010010100001001000100110011010000;0.151976;1469;0.469094;1
92;0000001000000010001101001110010000010000111010;0.662425;6403;0100111000000010110000010000101000110000110000;0.205669;1988;0.457002;1
93;0000100001000110011101000000110000000100110010;0.640596;6192;1010001000100110011010010000011000000100001000;0.171839;1661;0.456309;1
94;0000000000000110011100001100110000001100101010;0.643906;6224;1001001000000000001101101001000100000001110100;0.173702;1679;0.465637;1
95;0000000000001110010100010110010000000110100110;0.663666;6415;1000100010100001000001100100000000011101010100;0.132733;1283;0.445695;1
96;0000101000000011010101000100110100001000100010;0.628181;6072;0000101010100001111000011110000000000100000100;0.131388;1270;0.445845;1
97;0000101010000010010011001110010000010000100010;0.609663;5893;0011000100000101010001010101000001010010000100;0.154252;1491;0.452504;1
98;1000000000000010000110010110010000011000011110;0.630664;6096;1100100010100000100110001100011000000010000001;0.167184;1616;0.447125;1
99;0000101000000010001101001110110000000001001010;0.633975;6128;0000101011010000100010000100010010100110000010;0.16915;1635;0.441841;1
100;0000001100000110011101000000110000100000101010;0.608525;5882;0001000001010100100000010000110010001110001001;0.129733;1254;0.435026;1
=============================================
geração;melhor;fitness;cobertura;pior;fitness;cobertura;média;ind_repetidos
0;0000001000000110010100000110011001011000100010;0.62187;6011;0101000011010100101000000010000010000010001101;0.049969;483;0.21432;1
1;0000001000000110011100000110111000000010100010;0.620008;5993;1110101000001000000010111000110010000000001000;0.0760397;735;0.251937;1
2;0000001000000110011100000110101000000110100010;0.621043;6003;0111100000001000000011001001000010000011001100;0.0480033;464;0.274877;1
3;0000000000010100000100000110011001111010100010;0.586282;5667;0100000001100010000010101001010100010001001010;0.115767;1119;0.309133;1
4;0000001000000110010100001100011010000110000110;0.580488;5611;0100010001100000101010101000000000000110010101;0.0629009;608;0.324102;1
5;0000000000001110000001001110010100001000110110;0.622802;6020;0010001000110000000011100100010100000110000101;0.10418;1007;0.34122;1
6;0000100000000110010101001100011010000010000110;0.600041;5800;1010010000000000011001010001000100010000110101;0.142044;1373;0.360927;1
7;0000000000000110010101001100111010000010000110;0.62187;6011;0010101101000000000000001100100001101010000011;0.119181;1152;0.384823;1
8;0000100000000110010001001110011000010000100011;0.621146;6004;1110010000010000000000100110110100000110000100;0.136768;1322;0.392484;1
9;0000100100010100000101010110110000011000100000;0.627043;6061;1000000101111010001000001000111000100000001000;0.129216;1249;0.41164;1
10;0000100100010100000111010110110000010000100000;0.608628;5883;0000010010001010010010000100000001010100010111;0.138941;1343;0.423298;1
11;0000000000001100010101001110010010100000100110;0.653528;6317;0010010011110000010000100100110010100000000001;0.0797641;771;0.421963;1
12;1000000100000000010100010110010000010010110110;0.608007;5877;1001000100001001000111100000101000000010001100;0.16139;1560;0.431687;1
13;0000100000000110001101110110010100000000001010;0.637699;6164;0101110001011100000000101100000000001000010010;0.151252;1462;0.417411;1
14;0000100100000110010101010000110000001000101010;0.614318;5938;1001001010000000000001001101010100010010010100;0.149286;1443;0.408074;1
15;0000100000000110010001010110010000010001100011;0.618663;5980;1000100000110010011001000110100010000000010001;0.162011;1566;0.423307;1
16;0000100000000110010001010110010000010010100011;0.626629;6057;1000101100000010100010010001001101100000010000;0.095179;920;0.425991;1
17;1000001000000100000100010110010000100100101110;0.610697;5903;1010100010000010000001000100010010000011011001;0.125078;1209;0.426543;1
18;0000001000000100000101100110010000000100111110;0.609249;5889;1010100010010110001000110010010000000100000001;0.116801;1129;0.436116;1
19;0000100000000100000101000100110001110100110010;0.636458;6152;0100100010010110101100000000100010100010010000;0.197496;1909;0.442046;1
20;0000101000000000001100011100110000001000110110;0.611111;5907;0000000001010101000000101001000010100100001111;0.126009;1218;0.437585;1
21;0000100000000001011100011100110000001000001110;0.617525;5969;0010100100101001100000001000010001101000000101;0.105731;1022;0.444125;1
22;0000101010000100000101011100110000000100100010;0.623526;6027;0000100001001001101000011100000101000000101010;0.178357;1724;0.449797;1
23;0000000100000100000101011101110000000110100010;0.635216;6140;0010000001100001000110101100000001000110110000;0.150631;1456;0.455748;1
24;0000001010000100000101011100010000001100100110;0.631285;6102;1000011001000100010010010001100000001110000100;0.103973;1005;0.452133;1
25;0000001010000000000101011100010000101000110110;0.615974;5954;0010000100001010001000101001110000011000001100;0.190979;1846;0.455956;1
26;0000100000000100000101011110010100001000100110;0.633251;6121;0100110001001000000010001010001000000001011110;0.188599;1823;0.467929;1
27;0000001100000101000111000100010000000100111010;0.623526;6027;0100001001000001010100111000000010100000000111;0.118663;1147;0.458049;1
28;0000000100010110010101100100010000001000100110;0.63832;6170;1100100010110001110100000100000010000000100100;0.18622;1800;0.462348;1
29;0000100000000101001101001110010000100100100010;0.637596;6163;1001000111010100110100010000000010001100000000;0.0927995;897;0.452453;1
30;0000001000000100000101010100110000001100101110;0.640906;6195;1000000111011111000000010000100001000100000010;0.134078;1296;0.475045;1
31;0000100001000100010101001110010000100100100010;0.647527;6259;0000001010100110011000110000000001000100100101;0.145355;1405;0.464235;1
32;0000100001000100010101001110010000100100100010;0.647527;6259;0000110001011100100001100100000001100010000010;0.0890751;861;0.453489;1
33;0000100001000100010101000110010001100100100010;0.639148;6178;0111010101100010000000000100000100100000010110;0.135423;1309;0.458573;1
34;0000000100000100010101011100111000000000100110;0.678667;6560;1010100000001000100101000101100001010100000010;0.180116;1741;0.459462;1
35;0010000100000000000101010110010000100100110110;0.63863;6173;0000100111000000000100100110000011111000100000;0.228119;2205;0.481044;1
36;1000000000000110010101010100110000000001100110;0.627767;6068;1110000100000111000000100110100100000001000010;0.22905;2214;0.475468;1
37;0000000100000100010111011100010000010000101010;0.655804;6339;1000100100000000000100011001100010010010010011;0.137285;1327;0.466221;1
38;0000001100000100010101011100010000011000000110;0.642975;6215;0100000101100100110000011100100100000001100000;0.198117;1915;0.474684;1
39;0000001000000010011101001110110000000000101100;0.66108;6390;0000010000000101110000010101000100011010100010;0.199772;1931;0.473536;1
40;0000100000000100000111001110010010001000001110;0.639044;6177;0100110100000000000001011100000100000111100100;0.199669;1930;0.476951;1
41;0000000100000110000101001110011100000000101010;0.647734;6261;1000000010101000001101100100000010100001000110;0.153528;1484;0.478574;1
42;0000100100000100010100000110011001000001101010;0.638009;6167;0000010001000100001100010100010111100001001000;0.163356;1579;0.482564;1
43;0000101100000001011101010100010000001000100010;0.622698;6019;0000010100001100110001000101000101000010001010;0.165632;1601;0.47833;1
44;0000000100000100010100010111011000000000101110;0.642355;6209;1000000100010000011001101100000000001100000111;0.175253;1694;0.450355;1
45;0000001000000100010101110110010010010000100010;0.641837;6204;0000110010100010110100000110100001010000001000;0.198221;1916;0.454458;1
46;0000100100000101010110000110110000000000101010;0.638423;6171;0101000010000111000010001000101101000000010001;0.122077;1180;0.459982;1
47;0000000100001000010111000110110000001000100110;0.648355;6267;0000110000111000010000000111000000001001010110;0.16408;1586;0.461207;1
48;0000000000000100000101010110011010000101001110;0.627043;6061;0010100001000000000100000101100111100110001000;0.147734;1428;0.463853;1
49;0000000100000110000101001110010000011100100010;0.647114;6255;1001100000000001100011010100001011000010000100;0.103766;1003;0.455474;1
50;0000001000000000000101010110011000100100110110;0.64939;6277;0001001100010001010000100110000000101101000100;0.147838;1429;0.441929;1
51;0000000000000100000100011110110000010000111110;0.653528;6317;0000110100100011000001010000001010000110001100;0.14401;1392;0.45153;1
52;0000000100000100000100001110111000000100011110;0.612353;5919;0010001010001001100100110100000001101000001000;0.0520381;503;0.444877;2
53;0000000100010110010111000010011001000100000010;0.6048;5846;0010101000100000101111001010000000011000000010;0.206807;1999;0.448621;1
54;0000000100010101000101000110110000000100100110;0.622802;6020;0011000001100110001001001100000000000101100010;0.215911;2087;0.452147;1
55;0000010000000110110101000110010000100000100110;0.635527;6143;1010000100101110000001000000001001010000011100;0.172564;1668;0.445655;1
56;0000000100000100011101000100010000101010100110;0.639251;6179;0001001000001101000011010100001000111000000100;0.198427;1918;0.463679;1
57;0000000000000110010110010100011000010100101010;0.628285;6073;0001000000001100100111010101000000100001101000;0.154149;1490;0.449976;1
58;0000010000010110000101001110011000000000101010;0.629009;6080;0000010101001110010011010000000000000001011010;0.169977;1643;0.456151;1
59;0000000110000100000101010110010000010000110110;0.644424;6229;1000000100001111000000011000000000101001010101;0.111525;1078;0.454582;1
60;0001000000000110011111000100010001001000100010;0.639458;6181;1000010100000100101011001100100010000000100010;0.192117;1857;0.457005;1
61;1000000000000010011111100100010001000000100110;0.623008;6022;0100000111000100000000100110000000101001000111;0.146286;1414;0.450707;1
62;0000000000000110010100010100110100000000111110;0.635527;6143;1000010100010000000110100010100000011101001000;0.149493;1445;0.456278;1
63;0000001000101100010101010110010000000000100110;0.656838;6349;0000110000000101101001001000100000001001010110;0.196979;1904;0.476599;1
64;0000000000001110010101000100010010011000100110;0.646079;6245;0010010101011100010000000101000000100000010110;0.150114;1451;0.45864;1
65;0000001000010110000101010110010000100000101010;0.645976;6244;0000010010111010010010100100100100000000000110;0.107076;1035;0.450946;1
66;0000000100001110010101000110011001000000100010;0.665529;6433;1010000010001010000100110111100000100000010000;0.129526;1252;0.480474;1
67;0000001000010110000101000100110000000010101110;0.642665;6212;0110100100010100111000100100100000000001000100;0.190358;1840;0.480079;1
68;0000101000001110010100001110000000010000101010;0.637492;6162;0001111000111011000000100100100000001000000001;0.129423;1251;0.46943;1
69;0000100100000110000110001110010000000000111010;0.647631;6260;1000001000001000010000000111000000101111000110;0.179702;1737;0.465176;1
70;0000000100000110110110000100010000011000101010;0.636354;6151;1000111100000000100110100000000000010100111000;0.207945;2010;0.47335;1
71;0000101000000100001101011100010000010100100010;0.654252;6324;0000001000000111110000010100101011001100000000;0.252121;2437;0.479426;1
72;0000000100000110010111000100010100000000110110;0.637699;6164;0000001110000111000001100000100011000000011001;0.175874;1700;0.468794;1
73;0000101000000010011101010110011000000000000110;0.647424;6258;1000100010101100000001001110000001010000001100;0.170184;1645;0.473566;1
74;0010000100000110010101001110010000000001100010;0.645355;6238;1111000000010000001100001110000101100000100000;0.175978;1701;0.473026;1
75;0000100100000110010101001110010000000001100010;0.665632;6434;1000001000010000000101100110000101001000011100;0.191082;1847;0.473407;1
76;0000000000000110010101001100011000010100100110;0.656425;6345;0100001001000100110110000011000000001000101001;0.208463;2015;0.479862;1
77;0000000000000110010110010110010000100000101110;0.663149;6410;1001000100010010110011000000010001100000100001;0.207014;2001;0.485232;1
78;0000000100000110010100010110010100000000101110;0.654355;6325;0000110001100010010010000111010000000001000011;0.199979;1933;0.483334;1
79;0000000000000110010101001100011101000000100110;0.661287;6392;1000101100000001000000010000101001011000001110;0.199462;1928;0.482853;1
80;0000000100000100000101011110110000100000101010;0.652079;6303;0000000010000010000111011110001000000001010101;0.189323;1830;0.485641;1
81;0000000100000110010111000100110000000000111100;0.636665;6154;0000001101000001001111100000100011000001001000;0.189116;1828;0.474231;1
82;0000000000000110000111011100010001000000101110;0.674219;6517;0010010010000100000011110100001000000000101110;0.238775;2308;0.484179;1
83;0000000000000110010110011100010001000000101110;0.665529;6433;0001100010000000010110101011010000001011000000;0.180737;1747;0.486632;1
84;0000010000000010010101111100010000000000101110;0.651666;6299;1000000001001101010100100100000001101100000100;0.182082;1760;0.493303;1
85;0000100000011010010101001110010000000000100110;0.674943;6524;0010000110000010100001000110100100000101001010;0.18953;1832;0.486233;1
86;0000000100000100000101011110010000001000101110;0.671426;6490;0100000100000100110000110100000100000101110010;0.202773;1960;0.474549;1
87;0000000100010110111101000110010000000000100010;0.655493;6336;0010011000000100010001010001000010010100001110;0.169563;1639;0.485079;1
88;0000100000000110111101000100010000001001100010;0.654769;6329;0011001100001000000001110110000100000001000110;0.213635;2065;0.491321;1
89;0000000000010110111101000100010001001000100010;0.641837;6204;0010000101010000000001001100010100110001001010;0.2006;1939;0.486078;1
90;0000000000000110011101000100010001001000110110;0.645872;6243;1001000000010000100101011001010010001000001010;0.18891;1826;0.485512;1
91;0100000100000100010101000110011000010000100110;0.646493;6249;0010000010000111001001000100001001100100010100;0.17515;1693;0.490027;1
92;0010100000101100010101011100010000000000100010;0.640803;6194;0100010010010000001110000111100000000001001010;0.13801;1334;0.485423;1
93;0000000010000110010111011100110000000000100010;0.669977;6476;0000110010100000101100100100000000000001001111;0.164391;1589;0.473593;1
94;0000000100000110010101011100010000000000101110;0.659321;6373;0010001000000001000101100101101010001000001100;0.152183;1471;0.477015;1
95;0001000100000100010101011100010000000000101110;0.650424;6287;0000011000110100000000110110010001001001001000;0.180116;1741;0.458335;1
96;0000100000001100010101001110010000011000100010;0.672564;6501;0010001000100010110000010100000000100110000111;0.120732;1167;0.459393;1
97;0010100000010010010101010110011000000000100010;0.634699;6135;1001001001000110010100100001100100001000010000;0.185909;1797;0.464136;1
98;0000000100001100010101000001110000001010100110;0.621664;6009;1110100100000001010001000000010010001001010100;0.195531;1890;0.457536;1
99;0000101000000001010101010111110000000000000110;0.625491;6046;1001000000000100011001000001010000101000011101;0.171219;1655;0.453513;2
100;0001001000000000011101010100110000010000100110;0.629837;6088;0000001101100010001001101100000101001000000100;0.118767;1148;0.458834;1
=============================================
