geração;melhor;fitness;cobertura;pior;fitness;cobertura;média;ind_repetidos
0;0000100000000010010001000000110010000100000000;0.595383;5880;1010000010000001000000000001000110000001000000;0.0730053;721;0.288441;1
1;0000000000010000001100101100010000000000000010;0.647023;6390;0111000000000000111000000010000000000001000000;0.113204;1118;0.366859;3
2;0000001000000100000010101100010000000000000010;0.640644;6327;0100010001001000000010000000000010000010000100;0.122114;1206;0.397601;2
3;0000000000000000000111000100000000100000110010;0.695727;6871;0011100000000000100000010000000001000000001001;0.104597;1033;0.428056;1
4;0000000000000000000111000100000000100000110010;0.695727;6871;0000010010010000010010101000010000000000000000;0.130012;1284;0.438678;1
5;0000000100000000000100000000001000110000110010;0.654212;6461;0001010010000000000010100000110000000000001000;0.194714;1923;0.446582;1
6;0000000100000000000100000000001000110000110010;0.654212;6461;0011001010000000000010101100000000000000000000;0.206156;2036;0.464033;4
7;0000000000000000000100000100011100001000011000;0.70079;6921;0000010101000100000001000000000010011000000000;0.201296;1988;0.493907;2
8;0000000110000000010010000110000000000000100010;0.660186;6520;0000001110000000010000000000001000100000010001;0.180539;1783;0.482602;2
9;0000000000000010010101000100000001000000100100;0.686918;6784;0010010000010100000000010100000000000000010001;0.147428;1456;0.497836;2
10;0000000000000010010101000100000001000000100100;0.686918;6784;0000000000001100001010000100000000010010001000;0.212434;2098;0.524611;2
11;0000001000000000000001010100010000001000000110;0.690462;6819;0000101000010000100001000000000001100000001000;0.216586;2139;0.533631;1
12;0000100000000000000000000110000100000000101110;0.682868;6744;1100100101000000000001100000000000000000010000;0.195727;1933;0.52228;1
13;0000000100000100000011000110000000000000100010;0.730356;7213;0001100000000000100010000001000010000100000010;0.218712;2160;0.517061;3
14;0000000100000100000011000110000000000000100010;0.730356;7213;0001001000000000110001010000000000010000010000;0.238052;2351;0.528671;3
15;0000000100000100010010000000010000010000100010;0.674767;6664;0000001001000010001001000000000100010001000000;0.209397;2068;0.516963;1
16;0000000000000010001000010100010000001000010010;0.689145;6806;0000000100000000110000000100000000110100010000;0.226711;2239;0.521311;2
17;0000001000000101000101000100010000000000000010;0.694714;6861;0000000100000010001000001000000010110000001000;0.191373;1890;0.524159;3
18;0000000000000010010001000000011000010000100100;0.683171;6747;0011000000000000000011000000100000100100000100;0.227724;2249;0.541396;1
19;0000000000000000011100000100011000000000001010;0.70079;6921;0000010000000001000010011100000000100000000100;0.165857;1638;0.51627;2
20;0000001000000000000101000100111000000000010000;0.706258;6975;0010100100100001010000000000100000000100000000;0.170008;1679;0.531629;2
21;0000000000000010000100001100011000000000001010;0.70727;6985;0000001000000010001000011000001000000100010000;0.269947;2666;0.567639;4
22;0000000000010000000101000100111000000000000010;0.70646;6977;0000001000000000100001001000101100000000000001;0.214864;2122;0.541269;1
23;0000000100000100001000000100011000000000001010;0.692993;6844;1000100000000000010100000000000100010010001000;0.257392;2542;0.543805;2
24;0000000000000010001100000100011000000000001010;0.707574;6988;0000000100000000010001101000000000001100000010;0.24433;2413;0.555593;1
25;0000000000000000000101000100111000000000001010;0.704638;6959;0000100000000100000000000010000011100110000000;0.239267;2363;0.553095;4
26;0000000000000000000101000100111000001000000010;0.738761;7296;0001000000000000000001001010100000001000011000;0.273086;2697;0.554449;2
27;0000000000000000000101000100111000000000110000;0.712637;7038;0001000100000100001010000000000100000010010000;0.230255;2274;0.545779;4
28;0000000000000000000101000100101000000000110010;0.715776;7069;0001000110010100010000000000000100000000001000;0.249089;2460;0.569036;2
29;0000100000000100001100010100001000000000100000;0.694613;6860;0000000100000000001000010000100001000001010100;0.206359;2038;0.555001;1
30;0000000000000010000101001100010000000010000010;0.734609;7255;1000100100000000000000000010000101010000010000;0.222256;2195;0.545897;1
31;0000000000000010100001000110010000001000000010;0.73228;7232;0000010000000100001000100100100000001000010000;0.237039;2341;0.557481;1
32;0000000000000010100001000110010000001000000010;0.73228;7232;0001001000000000000000010001000001010100001000;0.204334;2018;0.560883;3
33;0000000000000010010000000110011000000000100010;0.725699;7167;0000001100100000011000010000000000000010001000;0.205448;2029;0.548269;1
34;0000001000000100000101001100010000000000000010;0.754556;7452;1001000000100010000000000100000101000000001000;0.199878;1974;0.553301;1
35;0000001000000100000101001100010000000000000010;0.754556;7452;0000001000000100001000000000001001001001001000;0.254962;2518;0.547336;1
36;0000000000000000010110000110110000000000000010;0.732888;7238;0010100000000010001000010000000101000100000000;0.176286;1741;0.552124;2
37;0000000000000010011000000110110000000000000010;0.741596;7324;0000100000000010101010000000100000001100000000;0.217801;2151;0.549043;1
38;0000000000000010011000000110110000000000000010;0.741596;7324;0000000100000000010011010001000000010000000010;0.244937;2419;0.553422;2
39;0001000100000100010000000110010000000000000010;0.711422;7026;1000010000001110000000100000001001000000000000;0.162313;1603;0.539777;3
40;0000000000000010000101000110001000000000100010;0.732179;7231;1000100000000010000000001000001000010100000001;0.21051;2079;0.555471;1
41;0000000000000010000101000110001000000000100010;0.732179;7231;0000001000000000000010001000001010000100010100;0.231268;2284;0.553622;2
42;0000000000000000000101000110001000001000100010;0.758809;7494;1001000000000000000011000101000000010000001000;0.192993;1906;0.564189;2
43;0000000000000000000101000110001000001000100010;0.758809;7494;0000100000001100000001000001001001000100000000;0.250405;2473;0.550298;2
44;0000000000000110010000000110110000000000000010;0.714257;7054;0000001000100001000100000010000010000001000001;0.226711;2239;0.546325;2
45;0000000000000000000101000100100001010000100010;0.717294;7084;0000001001000000000000000010001001010001000010;0.276428;2730;0.569243;4
46;0000000000000100011000000100011010000000000010;0.710612;7018;0001001000001000000010100000000000001100001000;0.187829;1855;0.56144;2
47;0001001000000010000001001100010000000000000010;0.71375;7049;0000000000000000010010100010000000000100001011;0.21213;2095;0.545043;3
48;0001001000000010000001001100010000000000000010;0.71375;7049;0000100100000001000000010000000001010010010000;0.197448;1950;0.540972;2
49;0000000000000100001001000110010010000000010000;0.712333;7035;0000000000100110010000000001000011000000010000;0.219623;2169;0.521904;2
50;0000000000000000011000000100011000010000010010;0.686614;6781;0001000000100010000000010000000010010000010100;0.196841;1944;0.536788;1
=============================================
geração;melhor;fitness;cobertura;pior;fitness;cobertura;média;ind_repetidos
0;0000101000000010010000001001010000000000100000;0.582625;5754;0010010001000000101000000001001000000100000000;0.0869785;859;0.29165;1
1;0000000100000000010100010100000000000000000111;0.618874;6112;1000000110000001000000100000000000000001010001;0.0519441;513;0.332878;1
2;0000000100000000010100010100000000000000101100;0.686715;6782;0010100001001000100000000001000000000000010100;0.0818145;808;0.375538;1
3;0000000100000100000001000110010010000000000100;0.644087;6361;0000001010010000000001001001000100100000000000;0.122519;1210;0.402546;1
4;0000001000000000000101000100001000001000100010;0.721547;7126;0000010010001000001100000101000000010000000000;0.181754;1795;0.427792;2
5;0000000000010100000001000110010000010000001000;0.691879;6833;0001001010000000000010100001000000000000010100;0.147833;1460;0.466504;2
6;0000001000000100000001000100001000001000100010;0.694411;6858;0000000110100000011000000001000100001000000000;0.16778;1657;0.491941;2
7;0000001000000000000101000100001000000000101100;0.686715;6782;0010100000000010000010000001000101010000000000;0.185601;1833;0.475664;2
8;0000000000000100000100001101010100010000000000;0.685703;6772;0000001000000000000100000000000010101010010001;0.188639;1863;0.482565;1
9;0000001000000000000101000110000000100100000010;0.651377;6433;0100000000000100000001000001000011010000010000;0.222053;2193;0.505524;2
10;0000100100000000000001000110010000000000001100;0.685804;6773;0000100000010010010000001001000000000000011000;0.188943;1866;0.497595;1
11;0000011000000100000001000110000000000000100010;0.704536;6958;1000010001000000000000010000100000000010010010;0.190462;1881;0.501223;1
12;0001001000000100000001000110000000000000100010;0.715573;7067;0000001100000000110001000000000010001000010000;0.235318;2324;0.504203;3
13;0000100000000010010000010100010000001000000010;0.712434;7036;1010000100101100010000000000000000000000010000;0.165249;1632;0.520939;1
14;0000000000000010011000010100010000001000000010;0.734609;7255;1011000000001000000000100000000000001001100000;0.146719;1449;0.533022;1
15;0000000000000010010100010100010000001000000010;0.736229;7271;0000001000001000000100000001100110000000010000;0.20484;2023;0.529477;1
16;0001000000000000010100010100010000001000000010;0.704941;6962;1010000000010100000101010000100000000000000000;0.24271;2397;0.53872;1
17;0000000000000100010101000100101000000000100000;0.686209;6777;0000000010001010010010000000000011001000000000;0.215978;2133;0.528572;1
18;0000100010000000010100010100010000000000001000;0.682463;6740;0001110000000000000000000000001001001000011000;0.266403;2631;0.533736;3
19;0000000100000000000101000110010000001000000010;0.736938;7278;0000000000000000010010000000100000011100011000;0.245241;2422;0.540656;2
20;0000000000000000000101001000001000010000100110;0.696132;6875;0000011010000000000000010100000001010100000000;0.248684;2456;0.556134;2
21;0000001000000000010001000110110000000000000010;0.698967;6903;0001100001100100000000000000101000001000000000;0.288275;2847;0.576246;1
22;0000100000000100010000000110010000000000001010;0.702207;6935;0000010100101000000100001000001000000000001000;0.192386;1900;0.553405;3
23;0000001000000110010100000100000000000000100010;0.719826;7109;0000100000010000010000000100100000011000001000;0.306096;3023;0.571752;2
24;0000000000000000010101000100010000010000100100;0.673755;6654;0000100000110100100001000000000000100000001000;0.176893;1747;0.537025;1
25;0000000000000100000011000110010000000000001100;0.722053;7131;0001110000000001000000000010000001010000010000;0.233192;2303;0.537004;2
26;0000000000000100000011000110010000000000001100;0.722053;7131;0001000000000000010010000000000001010010010100;0.251215;2481;0.5493;2
27;0000100000000100010100000110100000000000000010;0.711219;7024;0000000110000100000010000000100000000100011000;0.248987;2459;0.53893;1
28;0000000000000110000100000100000000010000101010;0.691474;6829;0000001000010000000000100111000000010000001000;0.222762;2200;0.544612;2
29;0000000000000010001000000110010000000000001110;0.698562;6899;0000000100000000000000100000001000011100001100;0.232989;2301;0.545738;3
30;0000100000000100000101000110010000000000010000;0.756379;7470;1001000000000000010010100000000010011000000000;0.135986;1343;0.533995;1
31;0000100000000100000101000110010000000000010000;0.756379;7470;0001000000001000000011000000000010010100010000;0.203524;2010;0.553805;1
32;0000100000000100000101000110010000000000010000;0.756379;7470;1000001000010000000010000101000000000100001000;0.153605;1517;0.535827;2
33;0000000000000100001100010100000001000000010010;0.694006;6854;0000011000000010001000010010001000000100000000;0.257898;2547;0.561102;1
34;0000000001000000001001000110110000000000000010;0.678412;6700;1000000000000100010000010000100001000010000100;0.222256;2195;0.542716;1
35;0001001000000000000101000110000000000000110000;0.687222;6787;0011000010000000010000000000000001011010000000;0.180134;1779;0.517915;3
36;0000000100000100000101000110000000000000110000;0.738254;7291;1010100100000000000000000010000000001001010000;0.165857;1638;0.519526;1
37;0000000100000000000100000110010000000001001010;0.684285;6758;0011000000000010000000011010000000000000010001;0.164034;1620;0.524337;2
38;0000000100000000000100000110010000000001001010;0.684285;6758;1001000000000000000001001000001001010000000100;0.245545;2425;0.529143;3
39;0000000000000010000001000100111000000100000010;0.701195;6925;0000110010000000000001100000000001000000010010;0.251114;2480;0.559167;3
40;0000000000000010000001000100111000000100000010;0.701195;6925;1001000000000100000000000010000000000101001100;0.259822;2566;0.551686;2
41;0000101000000100000100000110010001000000000000;0.723674;7147;0010001000000000010000000011000000001100010000;0.215573;2129;0.517343;1
42;0000001000000010010101000100001000000000100000;0.71132;7025;0000000001011010000010000000000000000100001010;0.221547;2188;0.544904;1
43;0000000100000010001100000110011000000000000000;0.691069;6825;0000000010100001010010000000100000000100010000;0.187424;1851;0.515668;1
44;0000000100000001000001000100011001000000000010;0.693803;6852;1000000001000100000000000010100001000001010000;0.207979;2054;0.521025;1
45;0000000000000000010100001110010001000000001000;0.709498;7007;0100100000000000110000000000000001011100000000;0.219522;2168;0.531205;3
46;0000000000000000010100001110010001000000001000;0.709498;7007;0001001000000001000000001000001000001001001000;0.231166;2283;0.549806;2
47;0000001000000001010001000110010000000000000010;0.697347;6887;0000100000000001010001000000100000001000011000;0.252734;2496;0.533782;2
48;0000000000000010000001001100010001001000000100;0.683981;6755;0000000010000000001001000000100000011000011000;0.243621;2406;0.509887;1
49;0000000000000010000000001100011000100000010010;0.689854;6813;0000000000001001000000101000000000001000010110;0.207776;2052;0.528622;1
50;0000101000000100010101000100010000000000000000;0.696841;6882;0000001000000000001000100010000001000010010100;0.22175;2190;0.542995;1
=============================================
geração;melhor;fitness;cobertura;pior;fitness;cobertura;média;ind_repetidos
0;1000000000000010010000000100010000010000001100;0.643985;6360;0001001001110001000000000001000000100000000000;0.0919401;908;0.296626;1
1;0000000100000010001100000000000000000000111100;0.623532;6158;1000110100000000100000000010000010000000000001;0.0882949;872;0.34352;1
2;0000001000000100010010000000010000000100100010;0.650162;6421;0010000001000100001000010000000000000100001001;0.145302;1435;0.37643;1
3;0000001000000100010010000000010000000100100010;0.650162;6421;0100010100000000000010010000000000010000010001;0.132139;1305;0.403311;1
4;0000001000000100010001010000010001000000100000;0.645504;6375;0010000000110000010000010000000001001010000000;0.168489;1664;0.471758;1
5;0000001000000100010100000000001000001100000010;0.652288;6442;0100000000010001100000001000100001001000000000;0.170717;1686;0.456096;2
6;0000001000000100000010000100011000000000001010;0.688639;6801;0000000010000001101000000000000000000001110001;0.156339;1544;0.487027;3
7;0000001000000100000010000100011000000000001010;0.688639;6801;0100010000000000101100000000000011000100000000;0.19593;1935;0.506392;2
8;0000000000000100000000100110010001000000010010;0.691981;6834;0010000010000000010000100010001000000000000101;0.171729;1696;0.519348;1
9;0100000000000000001101000100011000000000001000;0.702309;6936;1000100000000000000000000000001100000011010100;0.17821;1760;0.535769;2
10;0000000000000100001001000000011000000000110010;0.69036;6818;0001000001001010000000000011001000000010000000;0.216687;2140;0.53128;2
11;0000000000000100000001110100010000010000000010;0.694208;6856;0000010000000100000010000100100010000101000000;0.231673;2288;0.554281;4
12;0000000000001100001001000110010000000000000010;0.739267;7301;0000011001000000000100000001101000000000010000;0.209194;2066;0.521286;1
13;0000000000000000000101010100010001010000000001;0.682159;6737;0000011000001000001100010000000100000000000001;0.155934;1540;0.494696;1
14;0000100000000010000100000110010000000000010010;0.722155;7132;0000000100010000100010010100000000001000010000;0.232685;2298;0.50603;1
15;0000000000001010001100000000010000000000110010;0.693499;6849;0000100010000010000000000000001110010000001000;0.211017;2084;0.507821;1
16;0000000000000010011000010100010000000000010010;0.720838;7119;0000000010100010001000000000000000000100010011;0.214763;2121;0.525085;2
17;0000100000000100001100000000010000000000110010;0.699879;6912;0000100100011000000000000000000000001110000001;0.186614;1843;0.52244;1
18;0000000000000010010101001010010000001000000000;0.697043;6884;0000000000000011001000010000000000011100001000;0.238963;2360;0.521665;1
19;0000100000000100000100000110000000000000101010;0.755873;7465;0011100100000000001000000000000101000000010000;0.226104;2233;0.553247;3
20;0001000000000100000100000110000000000000101010;0.713852;7050;0000100000010000001000010011000000000110000000;0.205043;2025;0.538978;4
21;0001000000000010010000000110010000000010000010;0.721952;7130;0001000000001001101001000000000110000000000000;0.138416;1367;0.536291;2
22;0000000100000110000000001100010000000000010010;0.725091;7161;0011001000000000010010000000000000001001001000;0.210612;2080;0.53363;2
23;0000000100000110000000001100010000000000010010;0.725091;7161;0000001010001010000000010000000001011000000000;0.203422;2009;0.54829;2
24;0000000000000000000100000100111000000110000010;0.704435;6957;0001010000000000100000000000000000010100011100;0.195727;1933;0.540466;2
25;0000000100000100000101001100010000000000000010;0.75648;7471;0000000010010000000011000110000000000001000100;0.225496;2227;0.525649;3
26;0000000000100000001101001100010000000000000010;0.737444;7283;0101000000001000000000100010000001000000001100;0.215371;2127;0.55217;1
27;0000000000000110000100000100011000010100000000;0.708181;6994;0000001100100000010000000000101000010010000000;0.239064;2361;0.5517;5
28;0000000000000110000100000100011000010100000000;0.708181;6994;0001000100000000110010010100100000000000000000;0.264277;2610;0.567775;1
29;0000000000000010010000001100010000010000000110;0.721345;7124;0011000000000100010000010001100000000001000000;0.150061;1482;0.559422;3
30;0000001000000000000101000110010000000110000000;0.714156;7053;0000100000100000001000001000101001000100000000;0.237242;2343;0.544922;3
31;0001000000000001000100000110010000000000001010;0.692183;6836;0000100000010000001000000000100000100110010000;0.236432;2335;0.557087;1
32;0000000100000110000100000110010000000010000000;0.697347;6887;0000000000110001100000000000000001010010010000;0.169603;1675;0.580158;1
33;0000000000000000000100000110010001000110000010;0.719016;7101;0000000100000000000000010000000000101110010100;0.217598;2149;0.557805;3
34;0000000000000000000100000110010001000110000010;0.719016;7101;0000110100000001000001000000000001001000001000;0.243621;2406;0.546483;1
35;0000000000000010010000000100011000000110000010;0.717193;7083;0000010100000101000001000010000000001000010000;0.29192;2883;0.560644;2
36;0001101000000000010000000110010000000000000010;0.716889;7080;0000000101000000000001000100001000010000011000;0.282807;2793;0.552009;3
37;0000000000000000010100000110000001000000100110;0.73066;7216;0000000001000010000110001000100000010000000001;0.229344;2265;0.553583;1
38;0000000000000000010100000110000100001000100010;0.745444;7362;0000010001100000000100000100000100001100000000;0.18226;1800;0.55696;1
39;0000000000000000010100000110001000010000100010;0.750101;7408;0000001010001000000100000000001000000110010000;0.25567;2525;0.563736;2
40;0000000000000110000100001100010000000100000010;0.715168;7063;0001000000010000100000000000000100011100100000;0.204739;2022;0.550534;1
41;0000000000000100000100000000010000001100110010;0.679324;6709;0011000100000000100100100000000000000101000000;0.16049;1585;0.558899;2
42;0000001000000100010001001100010000000000000010;0.712434;7036;1000100001000000000000001000010000010000011000;0.262151;2589;0.547721;1
43;0000001000000001000100000110010000000000010010;0.69512;6865;1010000100010100000000000010000000010100000000;0.195322;1929;0.568542;3
44;0000000000000000000111000100010001000100000010;0.700689;6920;0000110100000000010000000000000001001010001000;0.245241;2422;0.563391;1
45;0000000000000000000111000100010001000100000010;0.700689;6920;0001001000000000100001000001000000001101000000;0.203422;2009;0.528456;2
46;0000100010000100000001000110010000000000000010;0.71375;7049;0000010000000000100001000100000000001100001010;0.204334;2018;0.537378;2
47;0000000000000000010100001100010001000000100010;0.723775;7148;0100001100000001110000000000000000010000000001;0.17821;1760;0.524946;2
48;0000000000000100010100000100001000001000101000;0.698157;6895;0001000000001000010000000000000011010000010100;0.245342;2423;0.532058;3
49;0000000000000100010100000100001000001000101000;0.698157;6895;0000100000000000100000101100000001100100000000;0.190664;1883;0.53544;3
50;0000000000000100010100000100001000001000100010;0.723269;7143;0000100010000010001000001000000001001100000000;0.211118;2085;0.558148;1
=============================================
geração;melhor;fitness;cobertura;pior;fitness;cobertura;média;ind_repetidos
0;1000000000001100000100000100000000010000110000;0.593763;5864;1000010100001000000000000001000010000010000001;0.0559943;553;0.273938;1
1;0000000000000000010110100100000000010000100100;0.613913;6063;1000010001001001010000000000000000010000000001;0.0963953;952;0.322048;2
2;0000000000100100000100000100101000000000101000;0.614824;6072;0100010000000101000000101000000000000001001000;0.130012;1284;0.37004;2
3;0000101000000000000100000100010010001000010000;0.627683;6199;1100000000010000000000010000100000010001000100;0.1532;1513;0.398881;3
4;0000101000001000000101000000010000000000100010;0.67659;6682;0000001110000001010000000000000100110000000000;0.157351;1554;0.433841;3
5;0100001000000010000101000100000000000000100010;0.674666;6663;0100000000010000000000110000000001000101001000;0.147934;1461;0.479338;1
6;0000101000000100000100000100010000000100010000;0.690462;6819;1000000000000001010001010000000000000100001001;0.178817;1766;0.502616;1
7;0000000000000100000101000100010000000010110000;0.671831;6635;1000100000000000000100100000000100101010000000;0.158465;1565;0.499386;3
8;0000000100000001000001000100010000100100000010;0.645403;6374;1001000000001000000001000000001000000100011000;0.180134;1779;0.486464;3
9;0000001000000010011010000100010000000000000010;0.673147;6648;0000000010100100000001000000000000100010001010;0.223977;2212;0.522791;2
10;0000001000000010011010000100010000000000000010;0.673147;6648;0000000000001110100000000010000010010010000000;0.182766;1805;0.536096;1
11;0000001000000010011000000100110000000000000010;0.691171;6826;0000001001000000001000000001000001011000010000;0.182868;1806;0.54113;1
12;0000000000000001010100000100011000000100000010;0.692082;6835;0000100101000000001010010000000001010000000000;0.150871;1490;0.545779;1
13;0000100000000100000101000000011000000000110000;0.711928;7031;0001000000001001000001000010000000101000001000;0.204334;2018;0.540127;2
14;0000000000000010010001000110011000000000000010;0.732179;7231;0010000000100000001000000101000101000000010000;0.152288;1504;0.532558;1
15;0000000000000010010001000110011000000000000010;0.732179;7231;0010100000000000011000000000000000101010010000;0.197853;1954;0.548478;2
16;0000000000000000001101000100011000000000010010;0.722357;7134;0000010001010010001000000100100000001000000000;0.226002;2232;0.546509;1
17;0000001100000100001100000110000000000000100000;0.703321;6946;0010001101000000110000000000001000000000100000;0.2339;2310;0.53314;1
18;0000000000000000000001000110011000000000101100;0.69674;6881;0010001000000001011000000000000000000100011000;0.179627;1774;0.548614;2
19;0000001100000100000001000110010000000000000010;0.760024;7506;0000100101000001001000010010000000000100000000;0.205954;2034;0.526043;1
20;0000000000000000010100001100001000000100100010;0.723066;7141;0101000000000010100000000100100000001100000000;0.28149;2780;0.561352;1
21;0000001100000100000001000110010000000000000010;0.760024;7506;0000100000100000000100010000001100001000000001;0.237444;2345;0.561161;1
22;0000000000000001010100001100011000000000000010;0.722458;7135;0000001000000100001010000000100001100000001000;0.274605;2712;0.553353;1
23;0000000000000000010100001100011000000000011000;0.716484;7076;0000000000000100001000110001100000010000000100;0.201397;1989;0.559632;1
24;0000001000000100000101000110010000001000000000;0.722762;7138;0000000000000010000000110000000011011100000000;0.199068;1966;0.552904;4
25;0000000000000000010101000100101000000000100010;0.703524;6948;0000001010000000000000010000001000010100001100;0.237141;2342;0.566152;2
26;0000000100000000000000001100011001000000010010;0.696942;6883;0000101000000000000001001000000001001100010000;0.249899;2468;0.555185;2
27;0100000000000000000001010100011000010000000010;0.688133;6796;0100000000100000010000000001000100000001001010;0.191171;1888;0.539238;1
28;0000000000000000010100000110011000001000000010;0.746152;7369;0000100000010000000000000010000010010000011001;0.217497;2148;0.537911;1
29;0000000000000010001100000100001000000000111000;0.70241;6937;0000100000011001001000000000000000100000001010;0.25324;2501;0.547106;1
30;0000000100000000001100010100010000000000010010;0.709599;7008;1000000010000010010000000010000000110000001000;0.229648;2268;0.52549;1
31;0000001000000000001101010100010000000000010000;0.720838;7119;0000100101000001000000000010000001000000011000;0.23471;2318;0.540536;1
32;0000101000000000000101010100010000000000010000;0.713852;7050;0000001000000000000001000011000000110000000101;0.231875;2290;0.526699;2
33;0001100000000000000101010100010000000000010000;0.708485;6997;0000100000010000000100010000000001001000011000;0.261341;2581;0.540624;4
34;0001100000000000000101010100010000000000010000;0.708485;6997;0010000000000001000001000000001001000000011010;0.285946;2824;0.549372;1
35;0000000000000000010100000110010000000000111000;0.700385;6917;0000000010000000001000000010101000000100011000;0.267821;2645;0.548205;1
36;0000000000000010000001010100010001001000000010;0.721142;7122;0000001100100000001010000010000001000000010000;0.213345;2107;0.542366;3
37;0000100000000010010100000100000001000000100010;0.713447;7046;0000100000100000000001100000100000000000011010;0.229445;2266;0.539543;2
38;0000100000000010010100000100000001000000100010;0.713447;7046;0000001001001000001000000100000001000100001000;0.211523;2089;0.551019;2
39;0000000000000010000101100110010000000000000010;0.707371;6986;0001001000000001000001000010000000001000010001;0.238254;2353;0.53839;3
40;0000001000000000010100100110010000000000000010;0.69755;6889;0000001001000000000000000010000001101101000000;0.252531;2494;0.549852;1
41;0000000000010010001101000000010000000000100010;0.693803;6852;0000000100100000001110010000000010100000000000;0.197651;1952;0.568339;3
42;0000000000000010100001000110010000000001000010;0.709599;7008;1000000000000010101100001000000010000100000000;0.206764;2042;0.564216;4
43;0000000000000010100001000110000001000000100010;0.713953;7051;0000000001000000000000000000000101101100000110;0.243925;2409;0.55143;2
44;0000000000000010100001000110000001000000100010;0.713953;7051;0101000100000010000010100000000001000100000000;0.208283;2057;0.52914;1
45;0000000000000100000001000110000001010000100010;0.714257;7054;0001001000001100101000000000000000001000001000;0.276833;2734;0.534999;1
46;0000000000000100000001000110000001010000100010;0.714257;7054;0001000110000000100000000000000001000000101001;0.203017;2005;0.538258;2
47;0000001000010000000100000110000000001000100010;0.680842;6724;0011000000000110100001000000000000000100001000;0.248886;2458;0.546971;4
48;0000100000000000001001000110000000001000100010;0.706865;6981;0000000010000010100000000100000000001011010000;0.19593;1935;0.553022;5
49;0000000000000011010000001100010000001000000010;0.724585;7156;0000100100000000100001001000100000001100000000;0.226812;2240;0.558079;2
50;0000000000000010011000000100010000001000100010;0.688234;6797;1010000000000010010000000100000001011000000000;0.242203;2392;0.551188;2
=============================================
geração;melhor;fitness;cobertura;pior;fitness;cobertura;média;ind_repetidos
0;0000100000000010100100000100100000000000100010;0.633354;6255;1000000000000010000000010001000000000001010101;0.0731065;722;0.283269;1
1;0000000100000011100100000100100000000000100000;0.628392;6206;0101010000000001101000000000000000100000000001;0.0771567;762;0.341751;2
2;0000001000000000000100000000111001011000000000;0.621203;6135;0100001000110000000000100000000000011000010000;0.149352;1475;0.368526;1
3;0000000000000100000000000100010001010010010010;0.682969;6745;0001010000110000000100000000000001000000001001;0.171831;1697;0.413475;1
4;0000010000000000000101000110000000001000000110;0.685804;6773;0010000100000100000001000001000000000000011001;0.168388;1663;0.446632;1
5;0000000000000000000001000110000001000100100110;0.710409;7016;0000010000000000000100100101000100001000000001;0.168388;1663;0.483544;1
6;0000010000000000000101000110000000001000000110;0.685804;6773;0000100000000001000000111010000011000000000000;0.199575;1971;0.511733;2
7;0000000000000000000101000101011000000000001100;0.68307;6746;0000001010000010000000011000000100000100001000;0.210713;2081;0.507963;2
8;0000000100000110000000000000010000000000101110;0.680134;6717;0010000000000010100010000000100100011000000000;0.200081;1976;0.518962;3
9;0000100000000100000100000110010001000000010000;0.709295;7005;0000010000000110000001000000100100000000010001;0.227724;2249;0.549258;1
10;0000000000000000000101000000110000010010100010;0.707675;6989;0000000000000100000001000101000100001100001000;0.239874;2369;0.526429;1
11;0000100000000000000101001100010000001000000010;0.730761;7217;0000000000100000010000000101001000100000011000;0.235318;2324;0.533198;1
12;0000011000000000000101000100000000010000100010;0.686715;6782;0001000101000000000000011000000000010010000001;0.170616;1685;0.540848;2
13;0000000000000000010100000000011000001000110010;0.70646;6977;1000001000000010010000000010000100101000000000;0.237647;2347;0.555808;2
14;0000000000000000010100000000011000001000110010;0.70646;6977;0010000000100010100000000100000010010000001000;0.150567;1487;0.571872;4
15;0000001000000100000101000100000100000000100010;0.696335;6877;0001000110000000000000100000100000011000010000;0.17578;1736;0.550185;3
16;0000000000000010001100000110000000010000100010;0.708384;6996;0000100100000000010000001000100000000110001000;0.222357;2196;0.54915;2
17;0000000000000100000001010100010000000100100010;0.688133;6796;0011000000100000000010000100000000000110000100;0.173755;1716;0.543247;2
18;0000100000000110000001010100000000000000100010;0.713042;7042;0000101000101000000001000000000110001000000000;0.182058;1798;0.549128;4
19;0000110000000000000001000110010000000000010010;0.700284;6916;0000000100010100010000000001000000011000001000;0.234407;2315;0.547185;1
20;0000000000000100000110000000010000010000110010;0.69917;6905;0100100001001000000000001000000000010000001010;0.226812;2240;0.553221;1
21;0000000000000100000001000110001000000000100110;0.716889;7080;0000000100000000010011000000001000000000011010;0.273188;2698;0.558666;3
22;0000000000000110010101000000011000000000100000;0.713244;7044;0001000100100000000010000010100000000100000100;0.277035;2736;0.554651;1
23;0000000000000000010100000100111000000100000010;0.707473;6987;0000010000000000000100000001000010001101000100;0.239571;2366;0.557502;2
24;0000000000000000010100000100111000000001000010;0.725901;7169;1000010001000100000001000000000000001100000010;0.240988;2380;0.56966;3
25;0000100000000100000100000000011000000100100010;0.699879;6912;0001001100010000001000001000000001000000010000;0.24352;2405;0.566264;3
26;0000000000000000001101000110110000000000000010;0.75081;7415;0000110100000001000000000010001001000000010000;0.238862;2359;0.578096;1
27;0000000000000000001101000110110000000000000010;0.75081;7415;0001000000010000000001000100100001001001000000;0.243317;2403;0.584037;2
28;0000001000000100000100000100001000000000110010;0.729749;7207;1000001000000010000010010000000000000000110001;0.211017;2084;0.590718;1
29;0000000000000000010101000100111000000000100000;0.704435;6957;0011000000000001011000000000100000001001000000;0.177906;1757;0.529703;2
30;0000000000000000010101000100111000000000100000;0.704435;6957;0000000100000001000000000110001001000001000001;0.258708;2555;0.562993;1
31;0000000000000000010000000110011100010000000010;0.701802;6931;0000000010000000000010000101010000010100010000;0.268125;2648;0.556409;2
32;0000000000000010010000001100010001000001000010;0.736634;7275;0011000000000000001001000000000000010001010100;0.260834;2576;0.555122;1
33;0000000000000010010000001100010001000001000010;0.736634;7275;0000001010000000000001100000100100001100000000;0.214561;2119;0.551555;2
34;0000000000000010010000001100010001000001000010;0.736634;7275;0000000000100010000100000000100000011010010000;0.274301;2709;0.564844;2
35;0000001000000010000100000110010000000100010000;0.719927;7110;0100000000000100010001010000000010000000001100;0.24352;2405;0.55117;3
36;0000001000000010000100000110010000000100010000;0.719927;7110;1000000110000100000000000010101000000000001000;0.248785;2457;0.557923;1
37;0100001000000100000100000100011000010000000000;0.683374;6749;0000000100001100000001100000001001000000000001;0.195119;1927;0.539065;1
38;0000101000000100000100000100011000010000000000;0.696638;6880;0000001010000000010000100001100000000000001010;0.213751;2111;0.540715;1
39;0000000100000110000000000110010000001000000010;0.70565;6969;0100100000000000000001100100100000010000000001;0.237951;2350;0.548994;1
40;0000100000000110000000000110010000001000000010;0.704334;6956;0001000000010100001000000000001001001000010000;0.245545;2425;0.561045;2
41;0000000000000100010101001100011000000000000000;0.720433;7115;0000000101001000000100001000001000001000001000;0.236027;2331;0.549279;2
42;0000100000000100010101001100010000000000000000;0.751114;7418;0010100000000000011000000100001001000001000000;0.231977;2291;0.525134;1
43;0000000000000000000100001100010010010100000010;0.701802;6931;0010001010010000000000010000000000101000001000;0.124646;1231;0.542561;1
44;0000001000000100000100000100011000000000010010;0.723066;7141;0110000000000000010000000010000100001000001100;0.252633;2495;0.54376;1
45;0000001000000100000100000100011000000000010010;0.723066;7141;1010000000000010010000000100000010001000010000;0.206258;2037;0.538987;1
46;0000100000000100000100000100011000000000010010;0.727623;7186;0001000000000000000100000001001011100000010000;0.172641;1705;0.56951;3
47;0000000100000100000100000100011000000000010010;0.725597;7166;0000010000000010000001001000000000001100000101;0.23633;2334;0.551061;1
48;0000000000000000000101000110010000000000111000;0.710814;7020;1000100000001100000000000010100000000010010000;0.229951;2271;0.559951;1
49;0000001000000000000100000110010000000000111000;0.679324;6709;0010001000000000101000000010001000000100001000;0.208789;2062;0.523795;2
50;0000000000000100010100000100000001010000110000;0.676995;6686;0000000100000000010000000000101010010100001000;0.29921;2955;0.530235;1
=============================================
geração;melhor;fitness;cobertura;pior;fitness;cobertura;média;ind_repetidos
0;0100000000000010000100000000000001011000100010;0.618267;6106;1000001010000000100010101000000000000000000010;0.0658161;650;0.299321;1
1;0000000000000010000100000000010001011000100010;0.665958;6577;1100001000100000100000000100000000000000001001;0.0989267;977;0.340867;2
2;0000100000000000010100000110100000000110000000;0.609356;6018;0010000010000110100000000000000010000010001000;0.112191;1108;0.373391;1
3;0000000000001100010000001000011000000000100010;0.671021;6627;1001011000000000101001000000000000000100000000;0.155934;1540;0.423808;2
4;0000000000010000001000010100010000001010000010;0.637606;6297;1001000001000000010010000011001000000000000000;0.152592;1507;0.440579;1
5;0000100000000100000000001100110000001000000010;0.663629;6554;0010000000000010001000100000000001010010000100;0.171831;1697;0.46417;2
6;0000100000000000000101100110010000000000000010;0.706359;6976;0000010000010000011000010000100000011000000000;0.204536;2020;0.507177;1
7;0000000000000010000101000010011000001000010000;0.689449;6809;0000100000001100000001001000000000000101001000;0.209802;2072;0.508869;1
8;0000001000000100000110000110010001000000000000;0.710004;7012;0000011000000010000000001001000000101000001000;0.175678;1735;0.483826;1
9;0000100000000000000101000100011000001000000010;0.713244;7044;0000000100001000000000010001000000001000011100;0.179222;1770;0.492783;4
10;0000100000000100000100000110011000001000000000;0.718611;7097;0000010001110000000100000100000010000000000001;0.105711;1044;0.508714;1
11;0000100000000100000100000110011000001000000000;0.718611;7097;0001001010000000000010000011000001000000001000;0.174058;1719;0.516726;2
12;0000000000000100000100000110011000001000010000;0.715573;7067;1000100000100000100001000100000001010000000000;0.193803;1914;0.515706;1
13;0000000000001000011100000100011000000000001000;0.712535;7037;1000001000011000000000000000100000010000001100;0.180842;1786;0.535594;2
14;0000100000000100000100000100001000010000100010;0.711523;7027;0000110001000000010000100000001100010000000000;0.190158;1878;0.547682;4
15;0000000000000000000101000110011001000000010000;0.74433;7351;0000110000000000000000000010000010010000011100;0.252025;2489;0.560806;3
16;0000000000000000000101000110011001000000010000;0.74433;7351;0001011000000000100000000011000000010100000000;0.186614;1843;0.551881;5
17;0000000100000100000101000110010000000000001000;0.757392;7480;0010010000000100000000000010000101000100000001;0.191272;1889;0.56921;6
18;0000000100000100000101000110010000000000001000;0.757392;7480;0000001010000000000000001000001001000001001100;0.189044;1867;0.584301;2
19;0000000100000000000111000110010000000000001000;0.737444;7283;0001100100000000010000000000000001000100011000;0.28787;2843;0.5635;1
20;0000100000000000000111000110010000000000001000;0.735723;7266;0100000000000000110000000100000000011110000000;0.190057;1877;0.556722;1
21;0000000000000000000111000100011000000000000110;0.711118;7023;0010001000000000010001000000000001010000010001;0.232382;2295;0.557847;5
22;0000000000000010010100000110010001000000001000;0.743621;7344;0011000000000000100011001000010000000000010000;0.210814;2082;0.53383;2
23;0000000000000010010010000110010000010000000010;0.758708;7493;0001000001000001000001000000000100000100010100;0.238862;2359;0.537626;2
24;0000000000000010010010000110010000001000000100;0.697752;6891;0000001000100010000000110000000000010000011000;0.178007;1758;0.542109;2
25;0001010000000000000101000110010000000000001000;0.734002;7249;0000000100100100010000100000000000010101000000;0.225091;2223;0.561182;2
26;0000000000000010010000000110010000001100000010;0.730458;7214;0000000100000010001000100010001000000101000000;0.240887;2379;0.566187;3
27;0000000000000010010000000110010000001100000010;0.730458;7214;0001100001000000010001000000000000001000010100;0.293135;2895;0.570957;1
28;0000000000000010010000000110010000001100000010;0.730458;7214;0000000110000011000000001010000010000000010000;0.242203;2392;0.547424;1
29;0000100000000100000100000100000000000100110010;0.702106;6934;0000001000000010001000000000000001011100010000;0.237748;2348;0.540539;1
30;0000100000000110000001000100001000000000100010;0.704334;6956;0101100110000000000000010000000000100000001000;0.181247;1790;0.540913;4
31;0000000000000000000101000110011000000100010000;0.736432;7273;0000100100000000001000000000100000011101000000;0.25;2469;0.568077;2
32;0000000000000000000001000100111000000100100010;0.692284;6837;0000000000000100100100000000000000011010011000;0.242811;2398;0.549874;1
33;0000100000000000000001000110010000010000010100;0.698765;6901;0100000000000000010100000000000000000100011011;0.270251;2669;0.544555;2
34;0000000000000100000100000110010100000000010010;0.711827;7030;0011000100000000010000010000000000111000000000;0.172033;1699;0.554588;3
35;0000101000000000000101000100001000000000100010;0.713447;7046;0001000000001010000000010000001001000100000001;0.180235;1780;0.544391;1
36;0000000000000010000101000100001000000001100010;0.726711;7177;0000110000000000101000000000101000000100000001;0.157149;1552;0.552549;1
37;0000000000000010000101000100001000000001100010;0.726711;7177;0110000000000000000100000000001000011100000001;0.19998;1975;0.525646;1
38;0001100000000000000001000110010001000000000010;0.727217;7182;0000000000000010000110010001000000010000010001;0.171122;1690;0.527132;2
39;0000000000000000000000000110010101001000001010;0.730863;7218;0000000010100100000000000100001001000010001000;0.232584;2297;0.535928;1
40;0000000000000000000000000110010101001000001010;0.730863;7218;1000000001000000010010010010000001000100000000;0.203726;2012;0.539289;2
41;0000000100000000010100000110010000000010000010;0.728028;7190;0000100100000000000000000000001101010010010000;0.237748;2348;0.541486;3
42;0000001000000000010100000110010000000110000000;0.685399;6769;0001100001000000000000000000100101000001010000;0.216484;2138;0.535309;4
43;0000000000000100000000000110010000001100010010;0.707776;6990;0000000010100100100000000000000110001000000100;0.129303;1277;0.509957;1
44;0000000000000101000001000110000000010000100010;0.704941;6962;0000100100001000100001000010000001000100000000;0.252329;2492;0.523113;1
45;0000000000000101000001000110000000010000100010;0.704941;6962;0000001000000000000000100000000101000100001101;0.164135;1621;0.537928;1
46;0000000000000100000101010100000001000000100010;0.728534;7195;0000000100100000000100010000001000111000000000;0.265796;2625;0.540331;1
47;0000000100000100000100000110011000001000000000;0.717294;7084;0001000000000000001000010110100000000010001000;0.227521;2247;0.542816;2
48;0000000100000100000100000100011000001100000000;0.712232;7034;0001100000000000000001010000000000010001011000;0.226306;2235;0.540353;2
49;0000100100000010000001010100000000000000100010;0.690563;6820;0000001001000010000000000010000000011100010000;0.252835;2497;0.551763;5
50;0000101000000010000000000110000000000000101010;0.685399;6769;0000001000000001000000000000101001000101100000;0.301742;2980;0.564663;1
=============================================
geração;melhor;fitness;cobertura;pior;fitness;cobertura;média;ind_repetidos
0;0000001000010000100001000000010000000000110010;0.603382;5959;0010000010110000010000001000000010000001000000;0.0991292;979;0.298997;1
1;0010000000000010000001000110100000000000100010;0.675375;6670;0010000011110000000000000001100000100000000000;0.0987242;975;0.348378;1
2;0000000001000010000100000100000000011000100010;0.647023;6390;1011100000000000000001010001000000000010000000;0.107635;1063;0.402813;1
3;0000000010000100000101000000010001000000010100;0.617051;6094;0010010010000000001000000100000000010100001000;0.164034;1620;0.419496;2
4;0000000000000110000011000110001000000000100000;0.644289;6363;0000100001110000000101010000000000100000000000;0.193297;1909;0.457069;1
5;0000000100000000000101000000011001000000100010;0.693499;6849;0010000000000100000010100000000000001001001010;0.192487;1901;0.471765;1
6;0000000100000000000101000000011001000000100010;0.693499;6849;0101010001010000100001000000000000001000000000;0.132442;1308;0.466932;2
7;0000100000000010000100000110101000000000100000;0.666363;6581;0000100000010000110000001000000001000000011000;0.213042;2104;0.513337;2
8;0000000010000000000001000100011000011000000010;0.689753;6812;0010000000100001000000001010101000001000000000;0.2339;2310;0.508815;3
9;0000000000000000010100000100101000000000110100;0.679222;6708;0001000000000010001010000000100010001000010000;0.19836;1959;0.485889;1
10;0000000000000010000101000100010000011000000010;0.701701;6930;0010100100000000000000000000000000001100011001;0.189145;1868;0.482182;2
11;0000000010000010000111000000010000000000100010;0.685298;6768;0000001010001011000000000000100000000010001000;0.189449;1871;0.500611;2
12;0000000000000111000101000000010000000000100010;0.693094;6845;0001000001000000001000010110000001100000000000;0.20565;2031;0.502805;2
13;0000000000001110000100000100001001000000100000;0.700992;6923;0101000010000001000000000000001010001000001000;0.158971;1570;0.542849;2
14;0000000000000110000100000100000001000000101010;0.707574;6988;0101000001000100000100001000000100000000001000;0.219421;2167;0.534291;1
15;0000000000000000000001000110000000001010100110;0.727521;7185;0000100000001000000000000010100001000000001101;0.254253;2511;0.547965;2
16;0000100000000100000100000100000001000000110010;0.714054;7052;0000000110001100000001000010001000000001000000;0.261847;2586;0.54259;1
17;0000100000000100000100000000011000110000100000;0.678514;6701;0010000010000001010000000000000000010000001101;0.188639;1863;0.536287;2
18;0001000000000100010100000110000000000000100010;0.72256;7136;1010001000000000010010000000001000100100000000;0.173957;1718;0.558256;2
19;0000000000000100010000000100001001000000100110;0.695018;6864;0000000111000010000000000000100001010001000000;0.212434;2098;0.5395;2
20;0000100000000100000100000110010000000000001010;0.750911;7416;0000100000000001011000000001000000100100000100;0.268631;2653;0.552399;3
21;0000100000000100000100000110010000000000001010;0.750911;7416;0000000000000011001000010000001001110000000000;0.257999;2548;0.538232;1
22;0000000000000000000101000110010001001000000010;0.757594;7482;0000001000000001001010001000001000010000001000;0.215978;2133;0.563395;1
23;0000100100000000000101000110010000000000001000;0.729141;7201;0001000000000000000000010000100001010101000100;0.238457;2355;0.54944;2
24;0000100000000100000100010100000000000000110010;0.735318;7262;0010001000001010010001000000000010001000000000;0.226914;2241;0.56108;2
25;0000000000000000010101001100010000000000100010;0.710308;7015;0001000000000110000000100000100010000000011000;0.25567;2525;0.530242;1
26;0000000000000000010101001100010000000000100010;0.710308;7015;0000001010000000001000000000001000010100011000;0.235419;2325;0.548127;1
27;0000000000000010010100000110000000000000110010;0.726509;7175;1000000000000000100000010000000001011000001100;0.181855;1796;0.546113;2
28;0000000000000000000101001010010001010000000010;0.724787;7158;0000000000000010000110100001100001001000000000;0.253038;2499;0.561715;1
29;0000000000000000000101001010010001010000000010;0.724787;7158;0000000000000100100001010000001000000100001010;0.273188;2698;0.566114;3
30;0000100000000000011100001100010000000100000000;0.697043;6884;0001000100000100001000000000000001010000011000;0.310753;3069;0.585435;2
31;0000000000000000000101001100000000001000100110;0.734913;7258;0001000000000100000000010000001001010101000000;0.246456;2434;0.555865;2
32;0000100000000000000000000110010000010000101010;0.695018;6864;0000001101000001000001000000100001010000000000;0.244735;2417;0.54735;3
33;0000000000000110000101001010010000000000000010;0.694512;6859;0000000100000010000000001000100001000000011001;0.25891;2557;0.554137;2
34;0000000100000000100101000110000000000000100010;0.709093;7003;1001000000000000000000001101101000000000010000;0.193601;1912;0.56076;2
35;0000000000000010010110000110000000000000110000;0.729648;7206;0000001000000100100000000001101001000000010000;0.207473;2049;0.571501;2
36;0000000000000010010100000000011000010000110000;0.708283;6995;0001000000000000000100010000100001110000000001;0.228331;2255;0.568718;3
37;0000000000000100000101000100001000010000100010;0.733597;7245;0100000100000000011000000000001011000100000000;0.201094;1986;0.562069;1
38;0000000000000100000101000100001000010000100010;0.733597;7245;0001001000000000000000000001010100000100011000;0.316829;3129;0.584516;2
39;0000001000000100010100000110010000000000000010;0.754354;7450;0001000000001010000000000010000001001100010000;0.270555;2672;0.55733;2
40;0000000100000000000101000110010000000000000110;0.708283;6995;0000100000000100000000000010000101001100010000;0.308931;3051;0.562396;2
41;0000000100000100000100000000011000010000110000;0.679729;6713;0111000000000010000000000010000000000000011100;0.263973;2607;0.55644;2
42;0000000000000010010000000100011001000000001100;0.700587;6919;0000000000000000100010000010100001000001010100;0.229749;2269;0.548569;3
43;0000000000000000000100000110000000010000111010;0.70889;7001;0000001000000100010010000000000001101001000000;0.249392;2463;0.547556;2
44;0000000000000000000100000110000000010001110010;0.731977;7229;1000000000001000010000010100000000000101000100;0.269542;2662;0.558902;1
45;0000000000000000000100000110000000010001110010;0.731977;7229;0001000000000000100000001001000001011000001000;0.165047;1630;0.546955;1
46;0000000000000000000100000110000000010001110010;0.731977;7229;0000000100000010010010000000000100001001001000;0.253341;2502;0.545081;3
47;0000100000000000000001000110010001000000001010;0.706055;6973;0000000100000000000001100001000100010000010010;0.25081;2477;0.558696;4
48;0000001000000000000001000110010001000000001010;0.703929;6952;0001000100000000000010000000010100001000010001;0.284933;2814;0.565231;1
49;0000100000000100000100000110001000010000100000;0.707574;6988;0001000000000000101000000000000000001100111000;0.253645;2505;0.564325;2
50;0000000000000000000111000110010000010000001000;0.753443;7441;0001000001000000000000000100000000011100011000;0.218003;2153;0.562816;1
=============================================
geração;melhor;fitness;cobertura;pior;fitness;cobertura;média;ind_repetidos
0;0000000000000100000001000010010001000101000010;0.622215;6145;1010000001000000000001101000000010000000000001;0.027744;274;0.282275;1
1;0000000000000100000001000010010001000101000010;0.622215;6145;0000000101010000000000001000000001000110000001;0.118975;1175;0.338925;2
2;0000000100001100010100000100000000001000000010;0.653402;6453;1001000101100000000000100000000001000000000001;0.0845484;835;0.366593;2
3;0000000000000001000100000110111000010000000000;0.65806;6499;1000000100000000000010100000001000011000001000;0.181045;1788;0.41029;1
4;0000000000000010010100000110011000010000000000;0.716079;7072;1000100000000000001000000001000111000000010000;0.128797;1272;0.452369;1
5;0000000000000010010100000110011000010000000000;0.716079;7072;0000000011000001000000001000100100000000001100;0.163832;1618;0.474144;1
6;0000000000000110000100010100010001001000000000;0.689449;6809;0011000001000001000000010000000000110000001000;0.109559;1082;0.482544;1
7;0000000000000010000100000100011000010000010100;0.666262;6580;1000001000100000000010000000100000000101000100;0.168591;1665;0.485991;1
8;0000000000000000001001000110010000010000001100;0.698765;6901;0001000010000000000000110000001000011000010000;0.197752;1953;0.517318;2
9;0000000000000100000000000100010001010000110010;0.672438;6641;0001000000000000011000110000000001000000010100;0.226205;2234;0.524114;2
10;0000000000000110000100000110111000000000000000;0.702612;6939;0000100000000001100010000000001000010000001100;0.215674;2130;0.52875;2
11;0000000100000100000101000100100000000000100010;0.716889;7080;0000000010000111000000000000001001100000010000;0.215776;2131;0.523989;1
12;0000001000000000000101000110011000000000010000;0.723977;7150;0000001000000100101000001000001000001000010000;0.232483;2296;0.531387;1
13;0000001000000000000101000110011000000000010000;0.723977;7150;0000010100010100000001000000000000001100001000;0.23066;2278;0.548786;1
14;0000000000000010000001000100001001000000100110;0.708991;7002;0001000000010000000000000010100001010100000100;0.285541;2820;0.537154;3
15;0100001000000000000101000110000000000000100010;0.723471;7145;0000000101000000000000010000000101011000000100;0.198461;1960;0.548999;3
16;0000110000000000000000000110011000000000010010;0.69917;6905;0001011000100000000000000000100000010000011000;0.224585;2218;0.547895;2
17;0000000100000110010000000100010000000000100010;0.703827;6951;0000000100000000001100000001001001001010000000;0.263771;2605;0.551292;4
18;0000000000000000000101000110001000000000110010;0.731166;7221;0001000100000001010001000000000000101000001000;0.221243;2185;0.551577;1
19;0000000100000000000101000100101000000000100010;0.712434;7036;0001000100000000000000100011000000010000011000;0.196436;1940;0.562806;1
20;0000000000000000000000000110010001011000001010;0.745545;7363;0000010000000000010000000100000110011100000000;0.190259;1879;0.569575;1
21;0000000000000000000000000110010001011000001010;0.745545;7363;0000000001100000100100000110001000010000000000;0.279162;2757;0.564128;2
22;0001001000000000000100000110000000000000110010;0.703119;6944;0000010101001000010100000000000000100100000000;0.231571;2287;0.537535;2
23;0000100000000110000001000110000000000000101000;0.710409;7016;0000100100000000010000000000000001011100010000;0.248177;2451;0.548655;1
24;0000000000000110000101000110000000000000100010;0.757999;7486;1000010000000100010000000000000110000010010000;0.16373;1617;0.569195;4
25;0000100000000110000001000110000000000000101000;0.710409;7016;0000011010000000000100000000101010010000000000;0.266707;2634;0.568309;1
26;0000100000000110000001000100011000000000000010;0.719826;7109;0000100010000000000011100100101000000000000000;0.242102;2391;0.560559;2
27;0000100000000110000001000100011000000000000010;0.719826;7109;0000010000101010010000000000100001000000000100;0.227825;2250;0.554155;2
28;0000000100000000000100000100001000010000101010;0.706966;6982;0000000000000000010010000100001011000000011000;0.251215;2481;0.56805;5
29;0000100000000000000100000100001000010000101010;0.712738;7039;0000000000000000010000010000100001011100000001;0.273694;2703;0.556996;1
30;0000000100000000000101010100000000000000101100;0.698663;6900;1000000000000000010001001000100000010000001010;0.251316;2482;0.547871;1
31;0000001000000100010101000100001000000000100000;0.710612;7018;0001001010000001000000100000100000010001000000;0.169198;1671;0.55033;2
32;0000000000000100010100000100001000001000100010;0.723269;7143;0000000010000010000000000000101000001010010010;0.301843;2981;0.574563;1
33;0000100000000000010100000100001000001000100010;0.713852;7050;0000000100100000000001000001001001001010000000;0.232483;2296;0.557249;4
34;0000000000000010010100000110001000010000000010;0.713953;7051;0000100001000000001000000001000100000110000010;0.206156;2036;0.54583;2
35;0000000000000010010100000110001000010000000010;0.713953;7051;0001000000011000000001000000001000000000011010;0.260024;2568;0.562381;4
36;0000000000000100000101000110001000000000100010;0.735925;7268;0100000000001000000000000011000001001000011000;0.20079;1983;0.555296;1
37;0000000000100000000101000110011000000010000000;0.698562;6899;0001000000000100001010000001101000000000010000;0.200284;1978;0.557115;3
38;0000000000000000011101000110010000000100000000;0.731166;7221;0000001010000000010000000001110001000100000000;0.329789;3257;0.576767;2
39;0000100000000100000100000100000000010000101010;0.702005;6933;0001001000000000100000000000001001101000000010;0.292932;2893;0.572102;1
40;0000000000000000001101000100011100000000010000;0.732078;7230;0000000000000100100000000000000011010000011010;0.216991;2143;0.543847;2
41;0000000000000100000101000110010000000000100010;0.720332;7114;1001000001000000000000000000011000000000011001;0.23471;2318;0.564232;2
42;0000000000000100000101000110010000000000100010;0.720332;7114;0000100000001001000100000000000000011000011000;0.297894;2942;0.555055;2
43;0000100000000000001001000110010000000000100010;0.721345;7124;0001000000000100011001000000000100001000010000;0.26853;2652;0.564027;2
44;0000000000000000010100000100111000000010001000;0.714864;7060;0000001000000000001000100000001011000110000000;0.164844;1628;0.540202;1
45;0000001000000110010101000000010000000000100000;0.710814;7020;0001000001100000011000100000000000000100010000;0.16049;1585;0.549944;1
46;0000000000000100001000000110010000000000110010;0.702916;6942;0000000000000100001000000100001010001011000000;0.243216;2402;0.547232;2
47;0000000000000110000100001100010000010010000000;0.691576;6830;0010000011000110000000010000000001000000100000;0.241596;2386;0.524694;1
48;0000100000000100011100000100000000000000100010;0.697955;6893;0000000000000010000010100000001000000110010100;0.22418;2214;0.537342;1
49;0000000000000000000000000110110001000000110010;0.698157;6895;0000010100000100001000000000000101000000010001;0.175375;1732;0.553839;2
50;0000100000000100010000000110000000001000100010;0.70079;6921;0000001100000000001010001010000010000000001000;0.220433;2177;0.554503;4
=============================================
geração;melhor;fitness;cobertura;pior;fitness;cobertura;média;ind_repetidos
0;0000101000000101000001000000100001000000000010;0.626063;6183;1000010100010000100000010000000000000001000010;0.086371;853;0.303615;1
1;0000000100010000110000000100010000000010000010;0.633151;6253;0010001110000000100000100000001000000000010000;0.100041;988;0.356343;3
2;0000001100000010011000000000010000000000100010;0.683374;6749;0010100101100000000000010000001000000000010000;0.129708;1281;0.422954;2
3;0000100100000010011000000000010000000000100010;0.683576;6751;0010010000000100000100110001000000100000000000;0.124139;1226;0.44161;4
4;0000001100000100010001000000001001000000100000;0.644998;6370;1000100000100010100001000000000010010000000000;0.141859;1401;0.455127;1
5;0000000000000100111000000100000001000000100010;0.679121;6707;0000000010100001000100100001000000100000001000;0.139733;1380;0.4816;1
6;0000000000000100111000000100000001000000100010;0.679121;6707;0100100001000001001000001000100000000100000000;0.140745;1390;0.484383;3
7;0000000000000110000100000110000001000000100010;0.708485;6997;0001000000000010101000000000000100101000000001;0.163933;1619;0.494419;3
8;0000001000000010010000000110000001000000100010;0.706865;6981;0000100100000001100000000001100010010000000000;0.117254;1158;0.490214;1
9;0000001000000100000100000000011000000000101010;0.706663;6979;0000001100100001100000010000000010001000000000;0.0934589;923;0.489533;1
10;0000001000000100010101000110010000000000000000;0.752126;7428;0000001100100000010001010001000010000000000000;0.192993;1906;0.520124;1
11;0000001000000100010101000110010000000000000000;0.752126;7428;0001000001000000000001001000000000001000011100;0.196942;1945;0.526677;1
12;0000000000000100000100000110010001000000010010;0.7258;7168;0000000101000100100000000010000001010000001000;0.226711;2239;0.522043;2
13;0000000100000000000001000110010001000000000110;0.713244;7044;0000000000001000000001001001100000110100000000;0.196233;1938;0.523735;2
14;0000000000000000000000010100011000010110000010;0.693803;6852;0001000001010000001001000010000001100000000000;0.17902;1768;0.539073;1
15;0000000100001110000100001100010000000000000000;0.712029;7032;0000000100000000100001010010000000000100001001;0.237039;2341;0.540059;2
16;0000000000000000011101001110010000000000000000;0.727724;7187;0010000100100000100001010000000000001000001000;0.174868;1727;0.545088;2
17;0000000000010000000100000110010000010000010010;0.708384;6996;0000000010000000010000010100000000101100010000;0.241393;2384;0.547;2
18;0000000000001010000001001100010000000000010010;0.708283;6995;0000000000001000001000010001000000000110010100;0.184488;1822;0.542678;1
19;0000100000000100000100000110001001000000100000;0.710308;7015;1001100000001010000010001000000001000000000000;0.231166;2283;0.54517;3
20;0000000000001000010100000110010000001000000010;0.741495;7323;0000000100000010000000100001001100110000000000;0.193499;1911;0.542184;1
21;0000000000001000010100000110010000001000000010;0.741495;7323;0001000001000000001001000000000001011000010000;0.244127;2411;0.555512;1
22;0000000000001000010100000110010000001000000010;0.741495;7323;0000100000000001000000000000001001111100000000;0.255265;2521;0.557633;2
23;0000100000001000000001000110011000000000000010;0.700081;6914;1000100000001000000000000100000001000110010000;0.203929;2014;0.564111;5
24;0000100000000010010100000110010000010000000000;0.715269;7064;0000001100000000001000000000000101010100000001;0.191171;1888;0.552004;1
25;0000100000000000000110000110010000001100000000;0.699676;6910;1100010000000010000000000010001000001100000000;0.243317;2403;0.55622;2
26;0000000000000000000101000110110000000000100010;0.723674;7147;0100100000000010000011000000000000010100000001;0.262961;2597;0.544046;3
27;0000000100000100000101000110010000010000000000;0.723977;7150;0000001100001000000001000000101010000001000000;0.218712;2160;0.551573;3
28;0001000000000000000111000100011000000000010000;0.710915;7021;0000000000000000011000000100000000011101000100;0.281288;2778;0.561059;3
29;0000000000000110000100000100011000000000011000;0.719421;7105;0001100000000000100100010001000000001100000000;0.238659;2357;0.548879;1
30;0000100000000010000100000100011000000000010010;0.702005;6933;1001010000000000000000011010000000000000000110;0.259923;2567;0.553006;2
31;0000001000000000000101000110100000000000100010;0.722053;7131;0011001000000010010000010000000000000000011000;0.254151;2510;0.560724;1
32;0000000100000100010000010100010000001000000010;0.711422;7026;0001001000000000010000000010000001110000010000;0.262353;2591;0.546676;2
33;0000100000000100010100000000010001000000100010;0.716181;7073;0000100001001010000000000000000000111000001000;0.204334;2018;0.561361;1
34;0000001000000100010100000000010001000000100010;0.711624;7028;1000100001100000000001000000100001000000100000;0.26529;2620;0.562075;3
35;0000000000000001010100010100010000000000001010;0.693297;6847;0000000010000100000100001000100000000100001001;0.240887;2379;0.533626;1
36;0000001000000010000100000110010000100100000000;0.68793;6794;1001000000010000000000000010000110100000000010;0.17578;1736;0.535537;1
37;0000001000000010000100000110000000000100100010;0.707776;6990;1000000100010001000000010000000100000100001000;0.146517;1447;0.543094;4
38;0000000001000000000101000110010001000000000010;0.729749;7207;1001000000000000000100110000100000101000000000;0.173046;1709;0.548902;4
39;0000000000000000000101000100001000110000100010;0.753746;7444;0001000101000000000110001000100000000000001000;0.263264;2600;0.54962;2
40;0000000000000000000101000100001000110000100010;0.753746;7444;0000001010000010000000000001000001010000011000;0.196031;1936;0.514642;5
41;0000000000000000000101000100001000110000100010;0.753746;7444;0000100100100000010000000010100000110000000000;0.231571;2287;0.518962;3
42;0000000000000000000101000100001000110000100010;0.753746;7444;1000000100000000000000100100000000100001110000;0.24109;2381;0.537989;1
43;0000000000000000000100000110010000000100101010;0.69036;6818;1000100000000000000001100000000101000000001010;0.211219;2086;0.555892;1
44;0000000000010000000100000100001000001000110010;0.698562;6899;0000001010000000010000110000000000000100010010;0.192082;1897;0.56182;1
45;0000000100000000000100000110010001000000011000;0.703827;6951;1001100000000000000100000000001001000001001000;0.27096;2676;0.554863;1
46;0000000000000000000101000110010000010100010000;0.74676;7375;0100100000000001000000000000000001101100001000;0.206055;2035;0.539094;2
47;0000000000000000000101000110010000010100010000;0.74676;7375;0001000100001000100000000100001000000001010000;0.229546;2267;0.535406;2
48;0000000000000000000101000110010000010100001000;0.738356;7292;0000001001000010000000000010000001110000010000;0.239874;2369;0.530531;2
49;0000100000000100000001000100011000100000000010;0.710612;7018;1000100000000010000001000001001000000001000001;0.173653;1715;0.532206;1
50;0000001000000000000000000100011001010000001010;0.698258;6896;1000000010000100010000000010000000011000000100;0.245342;2423;0.531274;2
=============================================
geração;melhor;fitness;cobertura;pior;fitness;cobertura;média;ind_repetidos
0;0000000000000010000101000000010000101110000000;0.66292;6547;0110000000100000101000010000000000000100000001;0.0397934;393;0.294656;1
1;0000000010000010000101000100111000000000000000;0.63548;6276;0010000010100000111000010000000000000000000001;0.059842;591;0.320157;2
2;0000101000000100000001000010011000000000010000;0.645302;6373;1000001110000000000000101000000000000100100000;0.163933;1619;0.373873;1
3;0000000100000000011100000000100001000000000110;0.646821;6388;1000000010000000000110001001000000010000000001;0.109862;1085;0.427918;2
4;0000000000000000000100000100010001000010101010;0.668692;6604;0000110100100000100000000010000010000000010000;0.148542;1467;0.457779;2
5;0000000000000101000001001100010000001000001000;0.659579;6514;0100000000010000100000000000001010000100000101;0.11614;1147;0.468717;1
6;0001001000000100000100000110000001000000100000;0.707169;6984;0100000000000100001001000001000010000010000001;0.118368;1169;0.484775;2
7;0000100000000110010000000100100000000000100010;0.689044;6805;0000000011000010000000110000000000010010001000;0.136898;1352;0.473238;1
8;0000000100000110010100000100000000000000100010;0.721547;7126;0010000100000010000000000001101100000000010000;0.199068;1966;0.516046;1
9;0000000000000000000101001100001001000000000110;0.698157;6895;0000001100001000000000100010100000010000010000;0.20727;2047;0.517263;3
10;0000000000000000000101001100000001000000100110;0.735723;7266;0000000000000100001110001000000110000010000000;0.205245;2027;0.514581;2
11;0000000000000000010101001100011000000000000010;0.720737;7118;0000001010001000000000000001000100001100000100;0.154313;1524;0.523301;2
12;0000000000000000000101001100110000000101000000;0.701296;6926;0000001000000001000100100000100000010010000001;0.214459;2118;0.521734;2
13;0000000000000000000101001100110000000101000000;0.701296;6926;0001000000001100100000000000001110000000000100;0.235217;2323;0.506551;1
14;0000100000000100010100000110010000010000000000;0.72256;7136;0000001010000000001000000011000000011000001000;0.20565;2031;0.506595;2
15;0001100000000000010100000110010000010000000000;0.690057;6815;0000001100000000110000000010000100000000010001;0.188335;1860;0.499757;2
16;0000001000000100000100000100100000000000101010;0.703017;6943;0001000100000100000010100000000100000000011000;0.264075;2608;0.537219;1
17;0000001000000100000100000100100000000000101010;0.703017;6943;0001000000000000100000101000000000011100001000;0.156136;1542;0.538535;4
18;0000100000000100000100000100100000000000101010;0.707574;6988;0000001000010100001001000010000100000000001000;0.275213;2718;0.547213;1
19;0000100000000100000100000100100000000000101010;0.707574;6988;0000001000001000000000001000000100010100001010;0.236027;2331;0.539247;3
20;0000000000000110011000000110010000000000000010;0.752329;7430;0001000100000000110000001000100000000000011000;0.216282;2136;0.555282;3
21;0000100000000100011000000110010000000000000010;0.745241;7360;0001001111000000000000000000000000011000001000;0.246962;2439;0.540276;2
22;0000100000000100011000000110010000000000000010;0.745241;7360;0001000010010000001000000000010000001100001000;0.237141;2342;0.554371;3
23;0000100000000100000100000110010000000100010000;0.746456;7372;0000000000010000101000000100101001000000000100;0.259822;2566;0.556111;3
24;0000000000000100010100000100011000000010000010;0.710409;7016;0000100000000000001000000010000001011010000100;0.29192;2883;0.562823;2
25;0000100000000100000101000100001000000000100010;0.740583;7314;1001000000001100010000000010001000000000010000;0.259214;2560;0.568334;3
26;0000100000000000010100000110010000001000000010;0.727521;7185;0000010000000000000000000010100001001100010100;0.299716;2960;0.585057;4
27;0000000000010100000101000100001000000000100010;0.708991;7002;0000000000000100000100000000000000111010001001;0.22742;2246;0.582625;3
28;0000000000010100000101000100001000000000100010;0.708991;7002;1000000000000000100000010000110001000001000010;0.283414;2799;0.578198;1
29;0000001000000100000100000000010000001000110010;0.695626;6870;0000100001000000000101110000101000000000000000;0.265188;2619;0.571683;1
30;0000100000000100000100000000010000001000110010;0.700182;6915;1001001000010000000000000010100000010100000000;0.211624;2090;0.560913;1
31;0000000000000100000101000000011000001001000010;0.69036;6818;1000000000000000000000000000000100011100011010;0.221345;2186;0.563241;3
32;0000100000000100000101000000011000001000000010;0.690563;6820;0000000010000100000100101000100000000100001000;0.239976;2370;0.55979;1
33;0000000100000100000101000000011000000000110000;0.710004;7012;0000000100100000000110000000000001000110010000;0.252025;2489;0.557816;1
34;0000000000000000000101000101001000001000100010;0.720737;7118;1100100000000000001000000000001000000001110000;0.255569;2524;0.555798;4
35;0000000000000100000101000000011000000000110010;0.68307;6746;0000010000010010000001000000000010001000010100;0.241393;2384;0.530077;3
36;0000000000000001000101010100000000001000100010;0.722155;7132;0000000100000000100100000000000001010101010000;0.249696;2466;0.533158;1
37;0000000000000001000101010100000000010000100010;0.723269;7143;0000000110000000000010000000100001001100000100;0.258303;2551;0.549833;1
38;0000000000000001000101010100010000001000000010;0.722965;7140;1000001000000100000000001000000100010000011000;0.219522;2168;0.546781;1
39;0001000000000000001101000100100000000000100010;0.693094;6845;0000000000000001000001000100000001001100011000;0.242507;2395;0.549524;2
40;0000001000000100000100000110010001000000000100;0.703625;6949;0100100000000010000000010001001000000001010000;0.222661;2199;0.539197;3
41;0000001000000100010100000110010001000000000000;0.710915;7021;0010000001000000000001000000010000001001011000;0.256582;2534;0.558566;4
42;0000000100000010011000000000010000010000100010;0.682969;6745;0110001000000000010000000010000000001100010000;0.217092;2144;0.548573;1
43;0000000000000000010001000110010000001100000010;0.691272;6827;0010000000000010000001100100000001011000000000;0.248582;2455;0.572249;4
44;0000100100000100010000000110000000000000100010;0.729951;7209;0010101000000000010000000010000001000100010000;0.235318;2324;0.55267;2
45;0000111000000000000101000000010000000000100010;0.701094;6924;1000001000000001000000000000010000010100001001;0.264277;2610;0.563249;2
46;0000101000000100000000000100110000000000010010;0.699372;6907;0101000100001100010000000000001010000000000000;0.249696;2466;0.554849;1
47;0000001000000000000101000110010001001000000000;0.7097;7009;0000001100000000011000010000000000101000010000;0.204232;2017;0.570031;3
48;0000000000000110010100000100001000000000101000;0.732685;7236;0000010001000010000000000000000000010100011100;0.197347;1949;0.564003;1
49;0000000000000000000100000110010001101000000010;0.714459;7056;0000000100000010001000000000000001011100001000;0.247772;2447;0.535064;1
50;0000000000000000000100000110010001101000000010;0.714459;7056;0000001000000000000000000000001100110101010000;0.225192;2224;0.554667;1
=============================================
