geração;melhor;fitness;cobertura;pior;fitness;cobertura;média;ind_repetidos
0;00010000000000001110010000001000001110001010001000010000100000100111000011110100101;0.689708;42126;10010001011010100100000001100000000000001100001110100100100101100000000100010001010;0.221422;13524;0.463853;1
1;00010000000000001110010000001000001110001010001000010000100000100111000011110100101;0.689708;42126;01010001000100111010000001100000100001110100000110100000101001000000000011100001000;0.295999;18079;0.508445;1
2;00010000000000001110010000001000001110001010001000010000100000100111000011110100101;0.689708;42126;01000101000010000100100000000011011100001010110000110000000000100110001001110100000;0.409411;25006;0.539746;1
3;00010000000000001110010000001000001110001010001000010000100000100111000011110100101;0.689708;42126;00000000000100011001000000111010100001111000100000011010100010000101000101100100000;0.453568;27703;0.554008;1
4;00010000000000001110010000001000001110001010001000010000100000100111000011110100101;0.689708;42126;10011100001000001110010000000000110100000110000000010001100000000011011001010101000;0.469105;28652;0.565646;1
5;00010000000000001110010000001000001110001010001000010000100000100111000011110100101;0.689708;42126;00000000010010000110000000100000011110001000101011010010000100100111001001010100000;0.452372;27630;0.572144;1
6;00010000000000001110010000001000001110001010001000010000100000100111000011110100101;0.689708;42126;10000100000000001100111010100000001100100100000010010010000001000001001001111100100;0.461656;28197;0.58262;1
7;00010000000000001110010000001000001110001010001000010000100000100111000011110100101;0.689708;42126;00000110010000010100010000100000001011100000000110110001000010100100000011110010100;0.485478;29652;0.587881;1
8;00010000000000001110010000001000001110001010001000010000100000100111000011110100101;0.689708;42126;00000000010100001110010000110000001001101100000000010010100100100001001011110100000;0.458528;28006;0.591182;2
9;00010000000000001110010000001000001110001010001000010000100000100111000011110100101;0.689708;42126;00010000000100010100010000001010000011010100001001100001100100100100000001111100100;0.481188;29390;0.606518;2
10;00010000000000000110010000001000001110001010001000010000100000101111000011110100101;0.689725;42127;00100010000000000011010100100010001101000100000000110000110100001010000011110100010;0.484986;29622;0.61842;1
11;00010000000000001110011100001100000100101000001000110000100000110111000011000000101;0.691313;42224;00110010100000000110110100000010011010001000000000110100000100000001010011000100101;0.50352;30754;0.615611;1
12;00000000001100000110100000111100000100101000001000110000100000110111000011000000101;0.696192;42522;00010100000000001100100110100110000100001000011000010001001001001111000001010000100;0.531943;32490;0.622924;2
13;00100000000000000110010000101000001110000010001000010000100000100111010111100100101;0.704509;43030;00001000000000001110010110101000001101100010001100110010000000000010000001110000101;0.540849;33034;0.62866;2
14;00010000001100000110100000111100000100100000001000110000100000110111000011000000101;0.712466;43516;00011000100000001110101110001100000100000001001001000000100001000111000000110100001;0.545303;33306;0.638103;1
15;00010100000000001110010000101000011000000010001000010000100000100111000111100100101;0.727119;44411;00001111000000000110010000101000001110000010001000010000100000100010010111100100001;0.555454;33926;0.641716;1
16;00010100000000001110010000101000011000000010001000010000100000100111000111100100101;0.727119;44411;11010100010000000100100010111110000100001010000100110100000000000011000010000000101;0.52672;32171;0.638658;1
17;00010100000000001110010000101000011000000010001000010000100000100111000111100100101;0.727119;44411;00000000001100011010001000011000001100100000100000010000110000100011110011110000100;0.52613;32135;0.637615;1
18;00010100000000001110010000101000011000000010001000010000100000100111000111100100101;0.727119;44411;00010001100100010010000110001011001010001000000100010001110000100101000001100000001;0.563443;34414;0.646618;1
19;00010000000100001110010011101000011000000010001000010010100000101111000010000000101;0.730525;44619;00010000000000011010001100111000001101000010000000000011100100010001100110010001001;0.564147;34457;0.654805;1
20;00010010101000100110001000101000011000000010000000010001100000000111000101110000101;0.735486;44922;00010100000000001110010000011000001101001010001000000011010000001001000101010100101;0.546465;33377;0.658102;1
21;00010000000000001110010011101000011000000010001000010011100000101111000010000000101;0.746979;45624;00000000000000100110100000111100000100110010001001010001100000000111100000101100001;0.580651;35465;0.670903;1
22;00010000001000000010010011111000011000000010001000010010100000101111000010010000101;0.747438;45652;00010000000000001010011010110001001100000010000100000011000000110011000101100100101;0.580569;35460;0.671404;1
23;00010000001000000010010011111000011000000010001000010010100000101111000010010000101;0.747438;45652;10100010010000000110011000001000001000000110001001110000100000100101100010000101100;0.570484;34844;0.674076;1
24;00010000001000000010010011111000011000000010001000010010100000101111000010010000101;0.747438;45652;00010000000001001010010010101100000110000000100000100010100000110010000101100101101;0.570467;34843;0.67791;1
25;00010000001000000010010011111000011000000010001000010010100000101111000010010000101;0.747438;45652;00010000000001001110010011100001001000000010001000010001000100010001000111100100101;0.570516;34846;0.674839;1
26;00010000001000000010010011111000011000000010001000010010100000101111000010010000101;0.747438;45652;01000000000001101100010000001110011000000000001010110011110001100111000010000000000;0.54008;32987;0.677845;1
27;00010010001000000110010100101000011000000100001000000011101100010101000011000000101;0.756295;46193;10000000100000000100111100100010010000000010001100011101001000100111000110000000100;0.595566;36376;0.678481;3
28;00010010001000000110010100101000011000000100001000000011101100010101000011000000101;0.756295;46193;10000010000000000100111100010100010000000011001000000001101100101110000010010000101;0.603769;36877;0.678664;1
29;00010010001000000110010100101000011000000100001000000011101100010101000011000000101;0.756295;46193;00010000001000000110011111101000111010000000000000110011101000110000100001000000000;0.553964;33835;0.671623;1
30;00010010001000000110010100101000011000000100001000000011101100010101000011000000101;0.756295;46193;10000000110000000010000011110000011100000000001000000011100000111001010100100100101;0.557713;34064;0.664606;1
31;00010010001000000110010100101000011000000100001000000011101100010101000011000000101;0.756295;46193;00011000000000000110011011010000110010100110001000000000100001010001010001000011100;0.553636;33815;0.664633;1
32;00010010001000000110010100101000011000000100001000000011101100010101000011000000101;0.756295;46193;00010000001000010111000010100000110000000110001000011000000000110001010101100001101;0.551819;33704;0.662976;1
33;00010010001000000110010100101000011000000100001000000011101100010101000011000000101;0.756295;46193;00010010001100000000000101101000001101000010001010010010110000001101000100101000100;0.580651;35465;0.669144;1
34;00010010001000000110010100101000011000000100001000000011101100010101000011000000101;0.756295;46193;00011000000000000110010011101000011000000100001000100010000100010001010011010010101;0.585464;35759;0.669363;1
35;00010010001000000110010100101000011000000100001000000011101100010101000011000000101;0.756295;46193;00010010001000010111110100101100011000000000000000011011101000010000010110000000000;0.583811;35658;0.678722;1
36;00010000001000000110010011101010011000000010001000010011000000110110000011000000101;0.769999;47030;10000000000000100011100110101010011010000011010011010000100100001100000101000000000;0.543273;33182;0.680666;1
37;00010000001000000110010011101010011000000010001000010011000000110110000011000000101;0.769999;47030;01000000000001000110001101101100111000010101001000000001100010010001010000000010100;0.553358;33798;0.682004;1
38;00010000001000000110010011101010011000000010001000010011000000110110000011000000101;0.769999;47030;00010010001000000110010010101101000000000010001001010010101000001001100001010001100;0.577786;35290;0.687987;2
39;00010000001000000110010011101010011000000010001000010011000000110110000011000000101;0.769999;47030;00011001001000000110010011101010000000000010001001000010100001110110010000000000011;0.568388;34716;0.691229;2
40;00010000001000000110010011101010011000000010001000010011000000110110000011000000101;0.769999;47030;01010100001000010100010010111100010000000010001001010010100001010001000010000100001;0.580651;35465;0.688284;1
41;00010000001000000110010011101010011000000010001000010011000000110110000011000000101;0.769999;47030;10000000001100000110011000101101011000000000001001000011000000000010110111000001100;0.566849;34622;0.685986;2
42;00010000001000000110010011101010011000000010001000010011000000110110000011000000101;0.769999;47030;00000010000000000110100100101000011000001100001001100011100010011010100011001000000;0.552539;33748;0.6905;1
43;00000000001000000110010011111000011000000010001000010011010000110110000011000000101;0.771423;47117;00000000000010010110010111111000001000000010001010010011000100010001010010000000101;0.571793;34924;0.69177;2
44;00000000001000000110010011111000011000000010001000010011010000110110000011000000101;0.771423;47117;00000010001000000110010110100000010100001001000010010110100000100101100011100000001;0.606585;37049;0.692608;1
45;00000000001000000110010011111000011000000010001000010011010000110110000011000000101;0.771423;47117;00100110001000000110000111001001000100001101001101010000000000010100000100100000101;0.604342;36912;0.685727;1
46;00000000001000000110010011111000011000000010001000010011010000110110000011000000101;0.771423;47117;00010000001000100110010001001010011001000000000100000011001010110010000011000100101;0.558352;34103;0.674797;1
47;00000000001000000110010011111000011000000010001000010011010000110110000011000000101;0.771423;47117;01011000001000100110001111101010011000000000001011000010100001010000000010000001000;0.494761;30219;0.674904;2
48;00000000001000000110010011111000011000000010001000010011010000110110000011000000101;0.771423;47117;00110000001010100110010110100000001000000110001000010010000000110000000011100000111;0.563918;34443;0.669797;2
49;00000000001000000110010011111000011000000010001000010011010000110110000011000000101;0.771423;47117;00000001000110000010010110101000110000011000001010010001000001010011000010001000101;0.542503;33135;0.670903;1
50;00000000001000000110010011111000011000000010001000010011010000110110000011000000101;0.771423;47117;10000000001000000101000000110000011010000000001100110011000010110010001011100000110;0.567831;34682;0.675263;1
51;00000000001000000110010011111000011000000010001000010011010000110110000011000000101;0.771423;47117;01100001001000000100010000101101011010100010010000100010100000010100001001000001001;0.57962;35402;0.680001;1
52;00000000001000000011010001111010011010000000001000100011100000010110000111000000101;0.775189;47347;01100001001001000001000000001100010110101000001000010011001000010111000001000001100;0.548872;33524;0.683174;1
53;00000000001000000011010001111010011010000000001000100011100000010110000111000000101;0.775189;47347;00000000001000010111010011111000001000000000101100100011000000010010000111100000001;0.585448;35758;0.686446;1
54;00000000001000000011010001111010011010000000001000100011100000010110000111000000101;0.775189;47347;00010000001000010100010010101000010100001010001000110110000010010010100001001000101;0.544631;33265;0.690999;1
55;00000000001000000011010001111010011010000000001000100011100000010110000111000000101;0.775189;47347;00001010000000001111000101011100010000100000001000100011101000000100000111000001001;0.609434;37223;0.687012;2
56;00000000001000000011010001111010011010000000001000100011100000010110000111000000101;0.775189;47347;00000100011000001010010011111000011001000010001000100010011000110110000010000000000;0.602656;36809;0.683115;1
57;00000000001000000011010001111010011010000000001000100011100000010110000111000000101;0.775189;47347;00100000000110011110010011011000010100000010000000010011110000011010000000010000001;0.561904;34320;0.67921;1
58;00000000001000000011010001111010011010000000001000100011100000010110000111000000101;0.775189;47347;00000000100000000111011000011000001000001010001100110011001010000101000111000100000;0.59108;36102;0.685961;2
59;00000000001000000011010001111010011010000000001000100011100000010110000111000000101;0.775189;47347;01000000001001001011000011110000010010010000100000100011100000010110000111000000001;0.620813;37918;0.694678;1
60;00000000001000000011010001111010011010000000001000100011100000010110000111000000101;0.775189;47347;00100000110000000010010011010010010110000000001100000011010000011110000101000100100;0.574839;35110;0.69378;1
61;00000000001000000011010001111010011010000000001000100011100000010110000111000000101;0.775189;47347;00001110000000000000010011111001000000010010001001010010010000010111000011000100100;0.605881;37006;0.693828;2
62;00000000001000000011010001111010011010000000001000100011100000010110000111000000101;0.775189;47347;10000100001000000111000001110010011010000010001001100011000000010010000101000000101;0.565048;34512;0.693578;1
63;00000000001000000011010001111010011010000000001000100011100000010110000111000000101;0.775189;47347;01000000010000101100011100100000001000100010001100001011010000010100000111010000100;0.61839;37770;0.693074;2
64;00000000001000000011010001111010011010000000001000100011100000010110000111000000101;0.775189;47347;00000000001100000010011011111000010000000011001101100011100000000010000111000000001;0.592177;36169;0.692537;2
65;00000000001000000011010001111010011010000000001000100011100000010110000111000000101;0.775189;47347;00000101001010100111110010011000011000010000001000000001000000010001000111000000101;0.601149;36717;0.696524;1
66;00000000001000000111011111100000001000000010001100000010100000010110000111100000101;0.777727;47502;00000000001000100101011100000100001000000000101000010000001100010111110110010000101;0.604031;36893;0.698526;2
67;00000000001000001011000101111010010100000010000100000011100000010110000111000000101;0.777792;47506;00000000100000100100011100001100010011000000101001100001110010010100000011000000101;0.593356;36241;0.701113;1
68;00000000001000001011000101111010010100000010000100000011100000010110000111000000101;0.777792;47506;11000010001000001011110001111010011000000000000000000011000000010010010111000000100;0.573234;35012;0.696664;2
69;00000000001000001011000101111010010100000010000100000011100000010110000111000000101;0.777792;47506;00010000001000000111001010001100010000000010110100000011000000010110010111001000001;0.586299;35810;0.692792;1
70;00000000001000001011000101111010010100000010000100000011100000010110000111000000101;0.777792;47506;00001010001001100010010000101000001010000100101011100000110000001111000101000000000;0.594568;36315;0.692669;1
71;00000000001000001011000101111010010100000010000100000011100000010110000111000000101;0.777792;47506;01000010101000000010001110011000011001000000000000101011100001001110000011000000001;0.557877;34074;0.689393;1
72;00000000001000001011000101111010010100000010000100000011100000010110000111000000101;0.777792;47506;00000000001000001101001000101101010000010000011010001001100000010110010110011000000;0.586627;35830;0.694211;1
73;00000000001000001011000101111010010100000010000100000011100000010110000111000000101;0.777792;47506;00000000100100010010011101101000011000000010000011000001000011010110000110100000001;0.594715;36324;0.694909;1
74;00000000001000001011000101111010010100000010000100000011100000010110000111000000101;0.777792;47506;00010010000100001001010001010000010010010011001100000011100000000111000010000000111;0.605668;36993;0.6991;1
75;00000000001000001011000101111010010100000010000100000011100000010110000111000000101;0.777792;47506;00000000000010000000010010110000011010010010001000000010110010010111000110100001011;0.585595;35767;0.692284;1
76;00000000001000001011000101111010010100000010000100000011100000010110000111000000101;0.777792;47506;01000000000000010011011010110000001010100010000010000011100010010010000011000001101;0.605504;36983;0.694265;1
77;00000000001000001011000101111010010100000010000100000011100000010110000111000000101;0.777792;47506;00000110000010000111011111100001001000000000001000000011000100010010000010000011101;0.571008;34876;0.692782;1
78;00000000001000001011000101111010010100000010000100000011100000010110000111000000101;0.777792;47506;00000100001010000101011011100101001100000000001010001010010000000100010111000000100;0.596238;36417;0.697372;1
79;00000000001000001011000101111010010100000010000100000011100000010110000111000000101;0.777792;47506;01000000000010000011011011100001000000000100010010000010110000010100011111000000110;0.603556;36864;0.699658;1
80;00000000001000001011000101111010010100000010000100000011100000010110000111000000101;0.777792;47506;01000100001000000111110000001111010100010000010100000001100000110110000101000000000;0.61559;37599;0.694907;1
81;00000000001000001011000101111010010100000010000100000011100000010110000111000000101;0.777792;47506;00001110000000000110110011100100011000010000001011000011000000010010000111000000001;0.553342;33797;0.688225;1
82;00000000001000001011000101111010010100000010000100000011100000010110000111000000101;0.777792;47506;00000000101000001101011011000010011000000100101000100101110000010000000100000010101;0.598595;36561;0.69221;1
83;00000000001000001011000101111010010100000010000100000011100000010110000111000000101;0.777792;47506;00000001000000000110000010100110111010000010110110000001100000010110001101000000001;0.606831;37064;0.695477;1
84;00000000001000001011000101111010010100000010000100000011100000010110000111000000101;0.777792;47506;01000010100000100010010011000010011001000000001010000111100000000110000101000000111;0.614035;37504;0.691723;2
85;00000000001000001011000101111010010100000010000100000011100000010110000111000000101;0.777792;47506;01000010100100000001110111001001000110000000001000000011000001010010000111000000101;0.579783;35412;0.683524;1
86;00000000001000001011000101111010010100000010000100000011100000010110000111000000101;0.777792;47506;00000000000100000011001111100000001000100010000001100011101000010010100011001000101;0.627149;38305;0.683138;1
87;00000000001000001011000101111010010100000010000100000011100000010110000111000000101;0.777792;47506;00000000000000000000110011001001010100011010000000000011101000110010010011100001101;0.578408;35328;0.681911;3
88;00000000001000001011000101111010010100000010000100000011100000010110000111000000101;0.777792;47506;00001000000001000111000101010000010000000010011000000010100000111110000111000011001;0.613445;37468;0.685094;1
89;00000000001000001011000101111010010100000010000100000011100000010110000111000000101;0.777792;47506;10000000011000001111101011101000001001000000000000000001100000100011000111001000001;0.563951;34445;0.687118;2
90;00000000001000001011000101111010010100000010000100000011100000010110000111000000101;0.777792;47506;00001010000100000111110001001010110100000011000001100001100000000010000111000000100;0.546465;33377;0.688348;1
=============================================
geração;melhor;fitness;cobertura;pior;fitness;cobertura;média;ind_repetidos
0;00010000000000000110001100101010001110001110000000000000100000100111000001111100100;0.667163;40749;10000011011001010000011100000000100110000100000011000111010100000000000001001001010;0.192901;11782;0.465333;1
1;00000100000001010011101010101011011100000001000000000000100000010100000111000001101;0.686008;41900;10000101100100001101010000100000000100101000110101001000010001000001010010001010000;0.302777;18493;0.527054;1
2;00000100000001010011101010101011011100000001000000000000100000010100000111000001101;0.686008;41900;00001100010000000101000010100001000010101110110000010000100000110001011001000100100;0.438996;26813;0.565073;1
3;00000100000001010011101010101011011100000001000000000000100000010100000111000001101;0.686008;41900;01100100010000000000111000110100000100100010011110010000100000010011000000100101000;0.468859;28637;0.584094;1
4;00100000001000000110000001101110101000011100000000000000100000011100100111000001101;0.699712;42737;01000000001011000000000000110001000010101100000001010001100100100111000001100100110;0.471348;28789;0.596593;1
5;11000000100000001110010000101100010000001110000000000000100000110100000111010001101;0.71651;43763;00000110011011000000110000100001111100000001100000000000100000100100010011100100100;0.504388;30807;0.600765;1
6;11000000100000001110010000101100010000001110000000000000100000110100000111010001101;0.71651;43763;00100010101000100110011000101000110100001000010000011000100111100110000000000000000;0.501834;30651;0.611545;1
7;11000000100000001110010000101100010000001110000000000000100000110100000111010001101;0.71651;43763;10011000001000000110000011101011000010001000000000011000110000100000000001110000111;0.462769;28265;0.6233;1
8;10000100000100000110010100101000011100001000001100000001100000000110000111010100100;0.716772;43779;00000000010010100101001010001100101010001100000000000100100010010100100001010101001;0.526671;32168;0.626535;1
9;10000100000100000110010100101000011100001000001100000001100100000110100011000000101;0.738335;45096;01111010011000000110000001000000000000001000010000001000100101000111000110110011000;0.456727;27896;0.622875;1
10;10000100000100000110010100101000011100001000001100000001100100000110100011000000101;0.738335;45096;11011000000100000101010101011100001100000000000000010000010010000000001101000110101;0.501604;30637;0.623799;2
11;10000100000100000110010100101000001100001000001000000011101000010110000110100000101;0.757032;46238;00010000001100101101000101000010011000001000000001000110000000100100000111010001101;0.552146;33724;0.638531;2
12;10000100000100000110010100101000001100001000001000000011101000010110000110100000101;0.757032;46238;00000010001000100110000111000100101101010000001100000000100101010000001010100000110;0.507777;31014;0.64014;2
13;10000100000100000110010100101000001100001000001000000011101000010110000110100000101;0.757032;46238;00000011100000001100001010001001000100100000101100000001101010011000000110100000101;0.483349;29522;0.639806;4
14;10000100000100000110010100101000001100001000001000000011101000010110000110100000101;0.757032;46238;10001101000100000110010100101000001000000000010000101001101010011100000110100000000;0.53191;32488;0.645555;1
15;10000100000100000110010100101000001100001000001000000011101000010110000110100000101;0.757032;46238;00000011000000100010000100100000000110010000001100000001000110000110100111001100111;0.547562;33444;0.651712;1
16;10000100000100000110010100101000001100001000001000000011101000010110000110100000101;0.757032;46238;10010100000000000110010100101010001100001000001101000011001000001100000101000010001;0.530698;32414;0.656;1
17;10000100000100000110010100101000001100001000001000000011100000010110000111010000101;0.765333;46745;01000000000000100010000100101000001100011100100001100011001000000110000011001101100;0.528324;32269;0.656835;1
18;10000100000100000110010100101000001100001000001000000011100000010110000111010000101;0.765333;46745;10001100000000000110001110101000010100001000000000010000101000110010000011010010011;0.548086;33476;0.668094;1
19;10000100000100000110010100101000001100001000001000000011100000010110000111010000101;0.765333;46745;00110000000000000010001110101101001100001000011000000011101000010010000110100000001;0.557353;34042;0.669645;1
20;10000100000100000110010100101000001100001000001000000011100000010110000111010000101;0.765333;46745;00010100100000000100000000101110110100101000101000000000001000010110000110100101100;0.565179;34520;0.671851;1
21;10000100000100000110010100101000001100001000001000000011100000010110000111010000101;0.765333;46745;10010100000100000000110010111001000100001100000000000010100101000010000111100000101;0.544058;33230;0.66372;1
22;10000100000100000110010100101000001100001000001000000011100000010110000111010000101;0.765333;46745;01000000010101001110000100100100001100001100011000000100100000101010000110000000101;0.562232;34340;0.664748;1
23;10000100000100000110010100101000001100001000001000000011100000010110000111010000101;0.765333;46745;01000000010000000110001100101001101100100100001000010011001000000010000110100000101;0.5306;32408;0.662804;1
24;10000100000100000110010100101000001100001000001000000011100000010110000111010000101;0.765333;46745;01000100100100000010000010000100001010001100001000000111101000010110010000000010111;0.554668;33878;0.66813;1
25;10000100000100000110010100101000001100001000001000000011100000010110000111010000101;0.765333;46745;11001000000100000000010010011110011100001000001000000010100000010010010110100000101;0.578048;35306;0.664232;1
26;10000100000100000110010100101000001100001000001000000011100000010110000111010000101;0.765333;46745;10010100000000000000101110100001000100001000001000100000100001011110100100000100111;0.560267;34220;0.660324;1
27;00000000001100000110010010101000001100001000001010000011100000010110000111010000101;0.76661;46823;00000111000100100011000000101000011100001001001000000011000100010010000111010000100;0.56292;34382;0.663723;1
28;00000000001100000110010010101000001100001000001010000011100000010110000111010000101;0.76661;46823;10000000000000001100010000101001001101001001001000000010100100010010000010110101101;0.56978;34801;0.662033;1
29;01000000001000000110011100101001001000000100001000000011100000010110100111000000101;0.773388;47237;01000100000000000110011100101001001000000100001000000011100000011010000110010100011;0.570369;34837;0.668027;1
30;01000000001000000110011100101001001000000100001000000011100000010110100111000000101;0.773388;47237;00000100000100100110011110111001000000010000010001000000101000010010000010010000111;0.555601;33935;0.668474;1
31;01000000001000000110011100101001001000000100001000000011100000010110100111000000101;0.773388;47237;01000101010000000101110000101000001000000001001000010111100000010010100110000000011;0.563263;34403;0.671013;1
32;01000000001000000110011100101001001000000100001000000011100000010110100111000000101;0.773388;47237;01000100010000011100010000001000000100011001000000000011110000010100001100101100101;0.556649;33999;0.673258;1
33;01000000001000000110011100101001001000000100001000000011100000010110100111000000101;0.773388;47237;00000100001110000001000000111000011001011000001000000011000010010011001110000001100;0.546187;33360;0.677773;1
34;01000000001000000110011100101001001000000100001000000011100000010110100111000000101;0.773388;47237;00011100000000001101110000101000000001010100001000000001000000000011001111010010101;0.562543;34359;0.676961;1
35;01000000001000000110011100101001001000000100001000000011100000010110100111000000101;0.773388;47237;00001001001001000010010100101000001110101010000000000011000000000011000111100000101;0.582861;35600;0.681238;1
36;01000000001000000110011100101001001000000100001000000011100000010110100111000000101;0.773388;47237;01100000001001000010010100111000001000000100001000000011000000000011001111110000101;0.574446;35086;0.676245;2
37;01000000001000000110011100101001001000000100001000000011100000010110100111000000101;0.773388;47237;11000000000110100101010100101000110000000011001010000000000010010111000000001000110;0.573955;35056;0.671937;1
38;01000000001000000111010010101000011000000100001000000011100000010110100111000000101;0.786191;48019;11000000101000000010010100101000010000001011001010010011000000001100100111000000001;0.568634;34731;0.67313;1
39;01000000001000000111010010101000011000000100001000000011100000010110100111000000101;0.786191;48019;00000000001100000000001000111001001000011101001101000111100000010000100111000000100;0.591702;36140;0.682298;1
40;01000000001000000111010010101000011000000100001000000011100000010110100111000000101;0.786191;48019;00001100001101010010000100000001001100100000001100000111010000000110100011100000100;0.561512;34296;0.685279;1
41;01000000001000000111010010101000011000000100001000000011100000010110100111000000101;0.786191;48019;10000000001101100000010100001101011000000001001001000011100000010110000111100000000;0.573758;35044;0.686544;1
42;01000000001000000111010010101000011000000100001000000011100000010110100111000000101;0.786191;48019;00001010001000100000010100101000011000000001000011000011100000000111000111010100001;0.610907;37313;0.68885;2
43;01000000001000000111010010101000011000000100001000000011100000010110100111000000101;0.786191;48019;00000000001100010110100010001000011010000011000011000011000000010000101111000000101;0.562789;34374;0.688266;1
44;01000000001000000111010010101000011000000100001000000011100000010110100111000000101;0.786191;48019;01000000000000001111000100101000001000001010001001000111000000010010100101100000111;0.577507;35273;0.691695;1
45;01000000001000000111010010101000011000000100001000000011100000010110100111000000101;0.786191;48019;01010000001000000111010010101100011000000000001001000111101000010001000001000010001;0.607191;37086;0.696003;2
46;01000000001000000111010010101000011000000100001000000011100000010110100111000000101;0.786191;48019;11010000001001000110010000101100011000000000000001000011100000000010100011100100101;0.589803;36024;0.697733;1
47;01000000001000000111010010101000011000000100001000000011100000010110100111000000101;0.786191;48019;10010000001001000100010010101000011000000100001100000011000010000010100111101000100;0.559056;34146;0.692913;1
48;01000000001000000111010010101000011000000100001000000011100000010110100111000000101;0.786191;48019;00000100001000100110010110101000001000100100000000000110011000010010000111100000101;0.591473;36126;0.694228;1
49;01000000001000000111010010101000011000000100001000000011100000010110100111000000101;0.786191;48019;00100000001000010111000010100000000110000100000000000011100001000111101100111000100;0.586201;35804;0.699902;2
50;01000000001000000111010010101000011000000100001000000011100000010110100111000000101;0.786191;48019;00000001001110000011010000101000101000000100011000010011000000001010100101000001101;0.576001;35181;0.696769;1
51;01000000001000000111010010101000011000000100001000000011100000010110100111000000101;0.786191;48019;01010000001000000111010110101000111000000000001000000011000000000110101110100000001;0.596958;36461;0.700983;1
52;01000000001000000111010010101000011000000100001000000011100000010110100111000000101;0.786191;48019;00001000001001000101010010001010110010000110000000000101100000000010101111000000101;0.585939;35788;0.701389;1
53;01000000001000000111010010101000011000000100001000000011100000010110100111000000101;0.786191;48019;00001100001000000101010010100010011001000101000000000011000000010010010111000001101;0.582665;35588;0.700455;1
54;01000000001000000111010010101000011000000100001000000011100000010110100111000000101;0.786191;48019;00001100000010000111010010001000001000010000001010001001000001010110100101000110100;0.598251;36540;0.704434;1
55;01000000001000000111010010101000011000000100001000000011100000010110100111000000101;0.786191;48019;10000100001000000000010010100000010001010101010000010011100000010101001110100000101;0.627968;38355;0.708852;1
56;01000000001000000111010010101000011000000100001000000011100000010110100111000000101;0.786191;48019;01000000001010000111110000101000011010110000011000000100100000000110100101000000001;0.606552;37047;0.709856;1
57;01000000001000000111010010101000011000000100001000000011100000010110100111000000101;0.786191;48019;11000000011000000111010000101000011000000110000000010001000000011010100101001000101;0.581322;35506;0.705186;1
58;01000000001000000111010010101000011000000100001000000011100000010110100111000000101;0.786191;48019;10000000001000100001001000001100011000000000010000001111010001010111000111000000101;0.619716;37851;0.706556;1
59;01000000001000000111010010101000011000000100001000000011100000010110100111000000101;0.786191;48019;00000011000000001111010000101000011001100000000100000111100000011010001011000000001;0.591228;36111;0.701285;2
60;01000000001000000111010010101000011000000100001000000011100000010110100111000000101;0.786191;48019;01000011100000001110000000110000011000100000001010000011100000000110100111000010100;0.620895;37923;0.704051;2
61;01000000001000000111010010101000011000000100001000000011100000010110100111000000101;0.786191;48019;00000000110000000010010010100010011000000000101000001011100000011100100111000100101;0.615443;37590;0.702395;1
62;01000000001000000111010010101000011000000100001000000011100000010110100111000000101;0.786191;48019;00000000101000000110011000101000001000010000001100010111100100000110100101000100100;0.638299;38986;0.703447;2
63;01000000001000000111010010101000011000000100001000000011100000010110100111000000101;0.786191;48019;00000100001000100111010010100000011001000110001000000011101000000110100010000110000;0.608501;37166;0.694638;2
64;01000000001000000111010010101000011000000100001000000011100000010110100111000000101;0.786191;48019;01000000001100000011010010101000101000000001001000010011100000011010100111001000000;0.608501;37166;0.695817;1
65;00000100001000000110010010101000011000000110001000000011100000010110100111000000101;0.78683;48058;10110000000000000010001001001000111101000100001010000001100000010100101110010000001;0.594928;36337;0.700198;1
66;00000100001000000110010010101000011000000110001000000011100000010110100111000000101;0.78683;48058;11010010000000000011010000001000011100010011001000000010100000010010100111000001001;0.601804;36757;0.707342;1
67;00000100001000000110010010101000011000000110001000000011100000010110100111000000101;0.78683;48058;01010000001001000101011010101000010000000111000000000011100000000100100111001000100;0.627345;38317;0.711987;1
68;00000100001000000110010010101000011000000110001000000011100000010110100111000000101;0.78683;48058;00000001101100000100000010100000011111000101000100000001001010010110100010000000101;0.586447;35819;0.704599;1
69;00000100001000000110010010101000011000000110001000000011100000010110100111000000101;0.78683;48058;01000000001110000000000110101000011000000110011100000011100000000110100110000100001;0.619339;37828;0.709671;1
70;00000100001000000110010010101000011000000110001000000011100000010110100111000000101;0.78683;48058;01000000001000000110011010101000111100000000010000000001110001000110100110100000001;0.617227;37699;0.707221;1
71;00000100001000000110010010101000011000000110001000000011100000010110100111000000101;0.78683;48058;10000100001000000110010010101100011000010010001100000011001000010010000100101000001;0.588281;35931;0.706948;2
72;00000000001000000011110011101100011000000010001000000011100000010111000101000000101;0.787911;48124;00000000001000000110011010101000011000000100101000001001100011010010100011010000001;0.56549;34539;0.712157;2
73;01000000001000000011010011101100011000000000001000010001100000010111000111000000101;0.790334;48272;00000100001010001110000010101000011000000110000000000111100001011100000011000000011;0.617227;37699;0.721083;2
74;01000000001000000011010011101100011000000000001000010001100000010111000111000000101;0.790334;48272;00000000001010000011010001101100011000001000011000000011000000010010100011001010101;0.604424;36917;0.717123;2
75;01000000001000000011010011101100011000000000001000010001100000010111000111000000101;0.790334;48272;00001000001101000001001010011010010000001001001000000010100001010100100111000000101;0.615868;37616;0.717004;1
76;01000000001000000011010011101100011000000000001000010001100000010111000111000000101;0.790334;48272;00011000001001000101010010100011011100000000000001000011100001010110100010000000100;0.621844;37981;0.719516;2
77;01000000001000000011010011101100011000000000001000010001100000010111000111000000101;0.790334;48272;00011000001001001111010010100000010000001100001000001011100010110100000110000000000;0.590409;36061;0.712314;1
78;01000000001000000011010011101100011000000000001000010001100000010111000111000000101;0.790334;48272;00010011100000100001000001101100011000000000001001000011100000000110010111000000011;0.603605;36867;0.707144;1
79;01000000001000000011010011101100011000000000001000010001100000010111000111000000101;0.790334;48272;01001100001001000100010011101100001100000010000000011010100000000110001110000000001;0.614477;37531;0.708745;2
80;01000000001000000011010011101100011000000000001000010001100000010111000111000000101;0.790334;48272;10000000011001000110110010101100001000000100001000000011000000010010100111000000101;0.61744;37712;0.708587;1
81;01000000001000000011010011101100011000000000001000010001100000010111000111000000101;0.790334;48272;10000100001010000000010010001000011100000110001000000010010000010110110101000001101;0.626871;38288;0.710556;1
82;01000000001000000011010011101100011000000000001000010001100000010111000111000000101;0.790334;48272;00010100001010000110110010110000011010001100000000000010101000000010001111000000100;0.628148;38366;0.706195;2
83;01000000001000000011010011101100011000000000001000010001100000010111000111000000101;0.790334;48272;00000100000010100111000010101100010000000010011000011010101001000110000101000000100;0.605783;37000;0.699647;1
84;01000000001000000011010011101100011000000000001000010001100000010111000111000000101;0.790334;48272;00110000000100100110010110011000101000000000100100001001100000011010000101000000101;0.609139;37205;0.703692;1
85;01000000001000000011010011101100011000000000001000010001100000010111000111000000101;0.790334;48272;00000000011000100110010010001100011101001010011000000000100000010111000011000001000;0.623301;38070;0.696108;1
86;01000000001000000011010011101100011000000000001000010001100000010111000111000000101;0.790334;48272;00000000001100000011110010101111010101000000110000010001000000010110000011000000001;0.611857;37371;0.688738;1
87;01000000001000000011010011101100011000000000001000010001100000010111000111000000101;0.790334;48272;10000001000000001000100011001100001010010000101110000111100000000100000110100000101;0.572858;34989;0.683619;1
88;01000000001000000011010011101100011000000000001000010001100000010111000111000000101;0.790334;48272;00000100000100000010100001101001001100000000101100010001111001001010100110000000001;0.543665;33206;0.686549;1
89;01000000001000000011010011101100011000000000001000010001100000010111000111000000101;0.790334;48272;10000100101000000010110011011100001010100000000100000001100000000011000111000010001;0.567307;34650;0.687862;1
90;01000000001000000011010011101100011000000000001000010001100000010111000111000000101;0.790334;48272;00000000111000100000000100001101010000100010001000010010100000010111000101001100101;0.591653;36137;0.697779;1
91;01000000001000000011010011101100011000000000001000010001100000010111000111000000101;0.790334;48272;00001000001000000010100001101001001110011000001000010000100000001111000101001100001;0.595877;36395;0.700335;1
=============================================
geração;melhor;fitness;cobertura;pior;fitness;cobertura;média;ind_repetidos
0;00100100000000000111000000111000001000001100000000011000100000100111001001110101100;0.637742;38952;10000101100110001000000010001010000100110000100110101000000100000000011100110010000;0.165641;10117;0.470156;1
1;00100100000000000111000000111000001000001100000000001000100100010111001001110100101;0.664642;40595;10010000010000000110111101000010000101011000000010101111100010000000100000001000000;0.346557;21167;0.527854;1
2;00100100000000000111000000111000001000001100000000001000100100010111001001110100101;0.664642;40595;00010100000000000100000010100000011100111100010000101101101100001100010000100100000;0.394348;24086;0.553688;1
3;00000000000000000110010010100000011010101010000000001000100100010111001001100110101;0.668571;40835;00001010000010101000000110110100001010000001010000010001100010001110000001100100100;0.453649;27708;0.573499;1
4;00000000000000000110010010100000011010101010000000001000100100010111001001100110101;0.668571;40835;00000100000100000101100000000000110110100100001100101000101000100000000001110111100;0.43171;26368;0.57806;1
5;00000000000000000110010010111000001110001010000000110010100001100111000001100000101;0.690412;42169;10000000000000000100000110101000011010101010000000110010111001000011000001100100001;0.49946;30506;0.587525;1
6;00011000000000000110110100100110001010001000001010000001100000010110000011100000101;0.713137;43557;00010001110001000011000000100000000010101010000010010110100001000111000001110100000;0.49183;30040;0.596457;1
7;00011000000000000110110100100110001010001000001010000001100000010110000011100000101;0.713137;43557;00000000000100000001011000100000010110001100000001001010010100000011001011100101101;0.480811;29367;0.602659;1
8;00000000000000010110010010111000001110001010001010000001100000010110000011100000101;0.716756;43778;10000100000001000101000111000000001010101010011000010010000000110010000001100000111;0.49928;30495;0.620297;2
9;00000000000000010110010010111000001110001010001010000001100000010110000011100000101;0.716756;43778;00000100001101000110100000100001001010011110000010100000100001100010001001100000100;0.536134;32746;0.63007;1
10;00000010001100000110010011101000101000000100001100100001100001010110000001000000101;0.722371;44121;00000000000000000110010011111000010010001000111000010100010101000010000011100010100;0.513491;31363;0.635229;1
11;00000010001100000110010011101000001100011010000010000001110000010110000001000000101;0.7282;44477;00010000000000011110010100100100001011100001000010100001100001000010000001000011101;0.505829;30895;0.640493;1
12;00000010001100000110010011101000001100011010000010000001110000010110000001000000101;0.7282;44477;00000000110100000110110100100110000010001000001010000011100000010010000011100100010;0.537264;32815;0.649341;2
13;00000010001100000110010111100100000010000000001010000001100000010111000011100000101;0.734536;44864;00110010010001000110010011011100010010000000110000000100000000010010000001100100101;0.520024;31762;0.647929;1
14;00000010001100000110010111100100000010000000001010000001100000010111000011100000101;0.734536;44864;00001000010000100110000010111110001010000100001010000011000000000111001101100000000;0.549527;33564;0.652384;1
15;00000000001100000110000011101110001000000000001001000010110000110111000011000000101;0.755329;46134;00000011001100000110000011101111101100000000000011000000101000010000000000110000101;0.556207;33972;0.654682;1
16;00000000001100000110000111101100001000001000001001000010100000010110000111000001101;0.758636;46336;00000010001100000100001001101100001010011010000000011000000111000101000011100000100;0.570844;34866;0.660895;2
17;00000000001100000110000111101100001000001000001001000010100000010110000111000001101;0.758636;46336;00000000101000001100110100000111001010001001000000101001000000010110010010000100101;0.554717;33881;0.670761;1
18;00000000001100000110000111101100001000001000001001000010100000010110000111000001101;0.758636;46336;00000000100100000100010110100010000001000110100000100001110000110100100111100000001;0.557779;34068;0.675966;1
19;00000000001100000110000111101100001000001000001001000010100000010110000111000001101;0.758636;46336;10010000000001000110010011001010000001000111000000011000000100010110001011100000001;0.572383;34960;0.674268;1
20;00000000111100000110000011101010011000000000000000000011100000010110000111000001101;0.760143;46428;10010000010001000110010110010001100001000010000000010010110000110000010011000000101;0.565195;34521;0.67274;1
21;00000000111100000110000011101010011000000000000000000011100000010110000111000001101;0.760143;46428;00100100000110000110000011101010000010000110000001000000100010010011001110001000100;0.564131;34456;0.674826;1
22;00000000001100000110001101101110001000000010000000000011100000010111000011100000101;0.761043;46483;00000000001100000100000010001101001001001010100010001010100010011110010010000000101;0.55046;33621;0.68006;1
23;00000000101100000110000011101010011000000000000000000011100000010111100111000000101;0.765611;46762;00000000001000101100000110111000011000100011000010000000110011000100000100000101101;0.583713;35652;0.681079;1
24;00000000101100000110000011101010011000000000000000000011100000010111100111000000101;0.765611;46762;00001001000000000100001111101110000001000100010100000010111000110100000010001000100;0.589901;36030;0.680261;1
25;00000000101100000110000011101010011000000000000000000011100000010111100111000000101;0.765611;46762;00000000111100000110000011100101011000000000000000010010001000110011000011001000101;0.564426;34474;0.686014;1
26;00000000101100000110000011101010011000000000000000000011100000010111100111000000101;0.765611;46762;00000000101101000110001010101000011000100100000000000010010000010001001111000010101;0.59293;36215;0.686331;1
27;00000000001100000110001011111000111000000000000000000011100000010111000111000000101;0.767936;46904;10000000101100000011000001101110000110000000100111000001000101010010000100000000101;0.528521;32281;0.685354;1
28;00000000001100000110001011111000111000000000000000000011100000010111000111000000101;0.767936;46904;11000001000001000000001111101000001000100000000010000000000000010111110111100000101;0.578948;35361;0.681095;1
29;01000000001100000110001001111000111000000000000000000011100000010111000111000000101;0.768542;46941;00000010000100101110110010001000011001000000000000000101000000010111100111000001001;0.598726;36569;0.686131;1
30;01000000001100000110001001111000111000000000000000000011100000010111000111000000101;0.768542;46941;00010000111010000110000011101000010000000000001011000011100001000101010001010000001;0.574724;35103;0.679843;1
31;01000000001100000110001001111000111000000000000000000011100000010111000111000000101;0.768542;46941;00000010110000001000110011101110001000001000000001010010100000000010000111100000101;0.571351;34897;0.681639;2
32;01000000001100000110001001111000111000000000000000000011100000010111000111000000101;0.768542;46941;11000010001000000010011010101000101000010000000000000011000000111111000111000000001;0.602426;36795;0.68596;2
33;01000000001100000110001001111000111000000000000000000011100000010111000111000000101;0.768542;46941;00010010000001101110000001101000010000100010001111000011100000000010000011000000101;0.610956;37316;0.691666;2
34;00000010001100000110001001111000111000000010000000000011100000010110000111000000101;0.773404;47238;10000010000100110010010101100100000101001000000100000000110000110110000000010011100;0.569747;34799;0.692848;1
35;00000010001100000110001001111000111000000010000000000011100000010110000111000000101;0.773404;47238;00000000000000000101011011101000001001101000001011100011100000010011000010001000100;0.621648;37969;0.695141;1
36;00000010001100000110001001111000111000000010000000000011100000010110000111000000101;0.773404;47238;00100001001101000110001011001000010000001010000011000010101000010100100001000000101;0.601657;36748;0.686371;1
37;00000010001100000110001001111000111000000010000000000011100000010110000111000000101;0.773404;47238;00010100000101000110011010101100011000000110000000001000101000011010000011000000001;0.574282;35076;0.687856;2
38;00000010001100000110001001111000111000000010000000000011100000010110000111000000101;0.773404;47238;00000000101100000000011111001010001010000000000000010111100000010111001010000001100;0.599643;36625;0.688819;1
39;00000010001100000110001001111000111000000010000000000011100000010110000111000000101;0.773404;47238;01010100001100100101001011010010001000100000100000000011000001010101000101000000100;0.570958;34873;0.6873;1
40;00000010001100000110001001111000111000000010000000000011100000010110000111000000101;0.773404;47238;00010110101101000110000011100000011000000000100100000011101000000010000100001000101;0.563411;34412;0.687791;2
41;00000010101000000110010011101000001000100110000000000011100000010110000111000000101;0.778496;47549;00000010101000001110010010001001101000000010100010000001100000010010010101000010101;0.618946;37804;0.693117;1
42;00000010101000000110010011101000001000100110000000000011100000010110000111000000101;0.778496;47549;00000110011100000100001001111000110000000010000000000011100010000111100010000100100;0.613838;37492;0.695969;1
43;00000010101000000110010011101000111000000010000000000011100000010110000111000000101;0.781574;47737;10000010001100000100001001110110101000001011000000001010000000010110100010000000101;0.586742;35837;0.700672;2
44;00000010101000000110010011101000111000000010000000000011100000010110000111000000101;0.781574;47737;01000000001100000000110111101000111000000000001001000011000000010001010110001000101;0.581732;35531;0.693435;1
45;00000010101000000110010011101000111000000010000000000011100000010110000111000000101;0.781574;47737;01010000001000010110001001101110100100000010000000000011100000010000001010011000101;0.620223;37882;0.698537;1
46;00000010101000000110010011101000111000000010000000000011100000010110000111000000101;0.781574;47737;00010000100101010000001001101000011000000100010000000011101100000101001001000010101;0.586201;35804;0.694512;2
47;00000010101000000110010011101000111000000010000000000011100000010110000111000000101;0.781574;47737;00001100101100000110010000101000101000000010000000001011000000010011000110010000111;0.594322;36300;0.690552;1
48;00000010101000000110010011101000111000000010000000000011100000010110000111000000101;0.781574;47737;00000011001100000010011001111000101100000010000000100011000010010010000101001000100;0.571057;34879;0.696744;2
49;00000010101000000110010011101000011000000010000000000011100010010110000111000000101;0.782344;47784;00100011111100000100000001110000101001000000000000000011100000010110100110000000101;0.607682;37116;0.700518;1
50;00000010101000000111010011101000011000000010000000000011100000010110100110000000101;0.784914;47941;00010011001100000110000101101010100000000001001000000110100000010101000011000001001;0.618455;37774;0.701591;1
51;00000010101000000111010011101000011000000010000000000011100000010110100110000000101;0.784914;47941;00001010110000000110110000101000111000000010010001000001100001010110000010100000001;0.61261;37417;0.706393;3
52;00000010101000000111010011101000011000000010000000000011100000010110100110000000101;0.784914;47941;00100110111000010110010010101000111000000010000000000011100000010010100100000000001;0.602443;36796;0.708561;1
53;00000010101000000111010011101000011000000010000000000011100000010110100110000000101;0.784914;47941;00000010100000001110010000001100110001000010100100010110100000001101000110000000101;0.636317;38865;0.707202;2
54;00000010101000000111010111101000011000000010000000000011100000010110000110000000101;0.789171;48201;00000010001000100100010001101110100100000010000000000001100000011110011101000000101;0.63897;39027;0.719699;2
55;00000010101000000111010111101000011000000010000000000011100000010110000110000000101;0.789171;48201;01100000001111000010001101101000011010000000000100010010000000010110000110000010100;0.639281;39046;0.720378;1
56;00000010101000000111010111101000011000000010000000000011100000010110000110000000101;0.789171;48201;00000010101100000110010010101010011000000000100001110110000000010010000011000000101;0.618291;37764;0.717839;1
57;00000010101000000111010111101000011000000010000000000011100000010110000110000000101;0.789171;48201;00001010101000000101000011101000011000000010000010000011010000010010000111010000101;0.647336;39538;0.711498;1
58;00000010101000000111010111101000011000000010000000000011100000010110000110000000101;0.789171;48201;00000011101001000111010111010000011000000001000000000001010000010010000111000000101;0.600527;36679;0.699934;1
59;00000010101000000111010111101000011000000010000000000011100000010110000110000000101;0.789171;48201;10000010111000000111010011001011011000000000000000010011000000000010000111000000101;0.589328;35995;0.692527;1
60;00000010101100000111010011101000011000000010000000000011100000010110000110000000101;0.789302;48209;00100000110010000100010000101000101000010010000000001010100010001111001011000000101;0.612053;37383;0.696868;1
61;00000010101100000111010011101000011000000010000000000011100000010110000110000000101;0.789302;48209;10100000110110010110010000101000101000000010000000000010100100110101010010000000100;0.62024;37883;0.698156;2
62;00000010101100000111010011101000011000000010000000000011100000010110000110000000101;0.789302;48209;00000010001010010111110111100000010001000010010000000010100000010010000000000101101;0.608206;37148;0.696454;1
63;00000010101100000111010011101000011000000010000000000011100000010110000110000000101;0.789302;48209;00100010101000001111010010101000011101000010010000000011000000010110000110000000000;0.593913;36275;0.697297;1
64;00000010101100000111010011101000011000000010000000000011100000010110000110000000101;0.789302;48209;00000000100000001011000111001000011000100010100001000111110000011000000010000001101;0.579669;35405;0.694187;1
65;00000010101100000111010011101000011000000010000000000011100000010110000110000000101;0.789302;48209;00000100100000000111010001110000010110100000010100000011100110000100010000000010101;0.6011;36714;0.704261;1
66;00000010101100000111010011101000011000000010000000000011100000010110000110000000101;0.789302;48209;00101000001000001011000001111000001000000010110010000001100100010110010010100000001;0.599201;36598;0.705767;1
67;00000010101100000111010011101000011000000010000000000011100000010110000110000000101;0.789302;48209;00000110000001100011110000000000011010010110000001010001100000010111000110000000001;0.608157;37145;0.697974;1
68;00000010101100000111010011101000011000000010000000000011100000010110000110000000101;0.789302;48209;00000011111010000011000011100000010000000000001000100010001110010110000010000000111;0.609303;37215;0.696531;1
69;00000010101100000111010011101000011000000010000000000011100000010110000110000000101;0.789302;48209;01001100001000000011010111010000010000000000010100000011001010010110000111001000000;0.530911;32427;0.68696;1
70;00000010101100000111010011101000011000000010000000000011100000010110000110000000101;0.789302;48209;00000011001000000110101010100100011100000011001001000001100101010001000000001000001;0.562739;34371;0.690884;2
71;00000010101100000111010011101000011000000010000000000011100000010110000110000000101;0.789302;48209;00000001101000100101110011100100001000000010000100000011000010000010000111001000101;0.556518;33991;0.691996;1
72;00000010101100000111010011101000011000000010000000000011100000010110000110000000101;0.789302;48209;00100100001100000111000100100010011000000010000010000001100000100110000110011100100;0.620502;37899;0.694797;1
73;00000010101100000111010011101000011000000010000000000011100000010110000110000000101;0.789302;48209;01100000111000000111000000100010010100000001111000000111100000000111000010000000001;0.591686;36139;0.68872;1
74;00000010101100000111010011101000011000000010000000000011100000010110000110000000101;0.789302;48209;00000000001000100110100011101100011100001010001001010010000001010010000100000000101;0.596303;36421;0.697944;2
75;00000010101100000111010011101000011000000010000000000011100000010110000110000000101;0.789302;48209;00000000111000001111010100000000011100001010001100000010000001010110000110000000011;0.604391;36915;0.699256;2
76;00000010101100000111010011101000011000000010000000000011100000010110000110000000101;0.789302;48209;00000001001001000110100110101100011000000010000110000010100000011010100100000010100;0.608533;37168;0.700135;1
77;00000010101100000111010011101000011000000010000000000011100000010110000110000000101;0.789302;48209;00000010101100001011000101100010011000000110000001000011101000000110100010000000100;0.623138;38060;0.700972;4
78;00000010101100000111010011101000011000000010000000000011100000010110000110000000101;0.789302;48209;00010010001000001111000111101000011000000010100010000011100000000001000110010000001;0.597842;36515;0.69449;1
79;00000010101100000111010011101000011000000010000000000011100000010110000110000000101;0.789302;48209;10000010101001000011010011001000011000100010100000000011100000010010100010010000001;0.612757;37426;0.70229;1
80;00000010101100000111010011101000011000000010000000000011100000010110000110000000101;0.789302;48209;00100010101101000100000011100000001000000000000000000110111000011110000110001000101;0.613232;37455;0.707198;1
81;00000010101100000111010011101000011000000010000000000011100000010110000110000000101;0.789302;48209;00010010101100000111010001101001011010000010000000000000010000010001000100100100101;0.627214;38309;0.704739;1
82;00000010101100000111010011101000011000000010000000000011100000010110000110000000101;0.789302;48209;00001010101100000011001110001001011010000000000000000010110010000110100110000000001;0.610793;37306;0.702835;1
83;00000010101100000111010011101000011000000010000000000011100000010110000110000000101;0.789302;48209;00000000100100100011010001001000001000100000000010000011110010000110010100100011101;0.61893;37803;0.700035;1
84;00000010101100000111010011101000011000000010000000000011100000010110000110000000101;0.789302;48209;00000010110110010010000100001010011010000010010100000011100000001110000100000000101;0.59442;36306;0.70175;1
85;00000010101100000111010011101000011000000010000000000011100000010110000110000000101;0.789302;48209;00000110001100000000010001100001011010010011000100000010100000011010000110000100101;0.605013;36953;0.698805;1
86;00000010101100000111010011101000011000000010000000000011100000010110000110000000101;0.789302;48209;10101010100010000001010001001000011010000010100000010010100100010000000110100000101;0.594911;36336;0.694857;1
87;00000010101100000111010011101000011000000010000000000011100000010110000110000000101;0.789302;48209;00000010100010000101001011001100001000000010000001001011001010010110000100000000111;0.587429;35879;0.695127;4
88;00000010101100000111010011101000011000000010000000000011100000010110000110000000101;0.789302;48209;00000010101100000001000011001000011000001000100000000011100000010110110100100010101;0.624988;38173;0.701893;1
89;00000010101100000111010011101000011000000010000000000011100000010110000110000000101;0.789302;48209;10000010001000000010000011001000011000000010000001000111101100110110100110000000100;0.622745;38036;0.707938;2
90;00000010101100000111010011101000011000000010000000000011100000010110000110000000101;0.789302;48209;00001010100100100110000110010010111010000000100110000001000000010110000010000000101;0.598415;36550;0.703388;1
91;00000010101100000111010011101000011000000010000000000011100000010110000110000000101;0.789302;48209;00011010100000000110000111101000011000000000000001000111000000010110001100100001001;0.596074;36407;0.711455;2
=============================================
