geração;melhor;fitness;cobertura;pior;fitness;cobertura;média;ind_repetidos
0;0010001110000111100000001111000000100000000;0.707928;9322;1100110000001000000001110000000111000000011;0.0264277;348;0.13999;1
1;0010001110000111100000001111000000100000000;0.707928;9322;0111100000000000000000111011001001000011000;0.0412363;543;0.172376;1
2;0010001110000111100000001111000000100000000;0.707928;9322;0110000001100000100000001000110000101111000;0.0500456;659;0.2113;2
3;0010001110000111100000001111000000100000000;0.707928;9322;0100100000000001000001010110111001000011000;0.0593105;781;0.245154;1
4;0010001110000111100000001111000000100000000;0.707928;9322;0111000100010000001000001001001000011000110;0.0717649;945;0.275474;1
5;0010001110000111100000001111000000100000000;0.707928;9322;0101000000000100000011000000011100110011001;0.0556653;733;0.30405;2
6;0010001110000111100000001111000000100000000;0.707928;9322;0001000100001001000010001100010000101101001;0.120216;1583;0.342347;1
7;0010001110000111100000001111000000100000000;0.707928;9322;0010100110000100000000001001000111100000101;0.0530832;699;0.380638;1
8;0000101010000010001100101101000100110000000;0.726078;9561;0001000011110000100100010000110000110010000;0.144593;1904;0.41532;2
9;0000101010000010001100101101000100110000000;0.726078;9561;0100100101100000000100001101000001001000011;0.172312;2269;0.445212;1
10;1000011110000010100000001111000100100000000;0.737773;9715;1010011010010100000100001100001010100000000;0.155604;2049;0.467343;2
11;0000101110100011000010001111000000010000000;0.764277;10064;0010101000101000011001100011000010100000000;0.12781;1683;0.463788;1
12;0000101110100011000010001111000000010000000;0.764277;10064;0100010101000000110110101001000101000000000;0.139277;1834;0.472565;1
13;0000011010100011100010001101000100100000000;0.787287;10367;0000001000101110100001001010010111000000000;0.163351;2151;0.501223;1
14;0000011010100011100010001101000100100000000;0.787287;10367;0100000000100000010100100100110000110101100;0.162971;2146;0.515121;2
15;0000011010100011100010001101000100100000000;0.787287;10367;0000000000000001011100010111000100000011101;0.199651;2629;0.52581;2
16;0000011010100011100010001101000100100000000;0.787287;10367;1100001001101010010000100100001000100000010;0.155604;2049;0.518543;2
17;0000011010100011100010001101000100100000000;0.787287;10367;0000100100100001100101011001000100110000000;0.161832;2131;0.526941;3
18;0000011010100011000010001111000100010000000;0.798451;10514;1010000100000010110000000010010100110001001;0.152871;2013;0.511603;1
19;0000011010100011000010001111000100010000000;0.798451;10514;0100000111100000001001100110000001000110000;0.200106;2635;0.532381;2
=============================================
geração;melhor;fitness;cobertura;pior;fitness;cobertura;média;ind_repetidos
0;1100001111100000000000000101010101000100000;0.547236;7206;0110000000010000000000101010101100100100011;0.0230103;303;0.128101;1
1;1100001111100000000000000101010101000100000;0.547236;7206;1010000000010000000001110011100111000001000;0.0278706;367;0.172935;2
2;1100001111100000000000000101010101000100000;0.547236;7206;1110000101011000101000000001000001100100000;0.0441221;581;0.203503;2
3;0000000110101011010000000111000001010100000;0.672615;8857;0100001011000100000100000010101100001100100;0.0805741;1061;0.242132;1
4;0000000110101011010000000111000001010100000;0.672615;8857;1010000001010000000001001001010011001010100;0.0688791;907;0.264981;1
5;0000000110101011010000000111000001010100000;0.672615;8857;0101011000000000000101000010011110000010100;0.0729799;961;0.296291;2
6;0000000110101011010000000111000001010100000;0.672615;8857;0000010111000000101001000000100011100010100;0.115431;1520;0.319998;1
7;0000001011100010000110000110110000010000010;0.685905;9032;0001001101100000000000011100001011000100100;0.0707017;931;0.339257;1
8;0000001110100011001110000100000101000100000;0.689323;9077;0001000100100101000000000100001000111110001;0.102901;1355;0.36652;2
9;0000001111100010010010001100010100000000100;0.696917;9177;0010000100000101010100000100011010110010000;0.139885;1842;0.385261;3
10;0000001010100001010010001111000100000010010;0.72942;9605;0000001001010001000100110100001000010010101;0.109888;1447;0.398501;2
11;0000001010100001010010001111000100010000100;0.757138;9970;0000010100001100011010000100100001011000100;0.136315;1795;0.424292;1
12;0000001010100001010010001111000100010000100;0.757138;9970;0001001100000101000011000010000110100110000;0.115279;1518;0.435464;2
13;0000001010100001010010001111000100010000100;0.757138;9970;0000101100100000010101001001000001010100100;0.188411;2481;0.474206;1
14;0000001010100001010010001111000100010000100;0.757138;9970;0100011011010000101000000001000100100010010;0.163806;2157;0.48709;2
15;0000001010100001010010001111000100010000100;0.757138;9970;0001010100100000000000110011110100000010010;0.168135;2214;0.484984;2
16;0000001010100001010010001111000100010000100;0.757138;9970;1100001000100111100000000010010000011000010;0.195702;2577;0.503845;4
17;0000001010100001010010001111000100010000100;0.757138;9970;0000001001010011000001100100100010011000010;0.201473;2653;0.540492;1
18;0000011010000011000010001111000100010000100;0.7702;10142;0000101001010010101000000011000101000100100;0.152187;2004;0.53225;3
=============================================
geração;melhor;fitness;cobertura;pior;fitness;cobertura;média;ind_repetidos
0;0000001001111000010101000111000100010000000;0.529541;6973;0111000000010000000001110000110010100000011;0.0201245;265;0.142934;1
1;0000001001111000010101000111000100010000000;0.529541;6973;0000000000111000010000010000110111100010001;0.0447296;589;0.179003;1
2;0100100010100010010010100111000100010000000;0.69274;9122;0101000000001000000001000010001101101101100;0.0410844;541;0.202478;1
3;0100100010100010010010100111000100010000000;0.69274;9122;0111100000000100000000000010010001100111010;0.0385784;508;0.222042;1
4;0100100010100010010010100111000100010000000;0.69274;9122;1000001001110000010001010010100000000100011;0.0880923;1160;0.256299;2
5;0100100010100010010010100111000100010000000;0.69274;9122;0110101000100000000000000100001100100100111;0.0786756;1036;0.276926;1
6;0000001010100010010010100111000100010000010;0.718408;9460;0001110000001110001000100010101000001000100;0.108445;1428;0.299709;1
7;0000001010100010010010100111000100010000010;0.718408;9460;0000110000101000000000000100110111000010110;0.0763973;1006;0.322559;1
8;0000001010100010010010100111000100010000010;0.718408;9460;0100001000010100010010011000100000000101101;0.116191;1530;0.353782;1
9;0000001010100010010010100111000100010000010;0.718408;9460;0000010000010101000010001011000001110001010;0.124848;1644;0.373915;1
10;0000001010100010010010100111000100010000010;0.718408;9460;0000000110101100000100010000010001001100011;0.156971;2067;0.384462;2
11;0000001010100010010010100111000100010000010;0.718408;9460;0010010100000010100000000100011010010001110;0.152415;2007;0.410849;1
12;0000001010010010101010100111000100010000000;0.726762;9570;0001000000100001000001010111000010110010001;0.144061;1897;0.41636;2
13;0000011010100010010010100111000100000000010;0.740431;9750;0010111100001000001100100010000001010000010;0.146643;1931;0.460909;2
14;0000011010100010010010100111000100010000000;0.748101;9851;0011001011000000001000110000110001110000000;0.132594;1746;0.460403;1
15;0000011010100010010010101111000000010000000;0.783035;10311;1000011101010000010000001001000000110010100;0.120975;1593;0.463027;1
16;0000011010100010010010101111000000010000000;0.783035;10311;0000001000110100100010000100100100000010111;0.126215;1662;0.467829;3
17;0000011010100010010010101111000000010000000;0.783035;10311;0000000000110010110001000000100110110010010;0.169957;2238;0.488921;1
18;0000011010100011010000101111000000010000000;0.791009;10416;0111001000000100000011000110110110000000000;0.153858;2026;0.498518;2
=============================================
