geração;melhor;fitness;cobertura;pior;fitness;cobertura;média;ind_repetidos
0;00000000001000011010100000000000000000000010110011100010111000010100001111001010101;0.562559;34360;01000010100111010000100000010000100001010001000001110101010100000000101000010110000;0.120682;7371;0.362771;1
1;00010001000100100010100001001000001010000000100000100010111000010100001111001000101;0.628606;38394;00011000100000010001000000000000000000000000110011101000010101110000010101110111100;0.248371;15170;0.409883;1
2;00000000000000001010111000001001001010001000110000100010111000010100000111001000101;0.654851;39997;00000000000010001001011010010100100000000110011110010111001000101000000000000001011;0.31296;19115;0.449843;1
3;00000000000000001010111000001001001010001000110000100010111000010100000111001000101;0.654851;39997;00000100001000010000000000101000000000000100111001111000000101110010100100101011001;0.292102;17841;0.469286;1
4;00000000000000001010111000001001001010001000110000100010111000010100000111001000101;0.654851;39997;00000000000010000001000000100000100100000000111100111100100001001010010111101010010;0.280019;17103;0.504841;1
5;00000000001000000011010000011000010110110011000001000000100010010110010011010000101;0.671404;41008;10000000001000011100000000010000010100010101110011100000000010010100110011100100000;0.367219;22429;0.530852;1
6;00000000100000001101111000001001001010001000110000100010110000010100000111000000101;0.675382;41251;00000100000110100100000010000000000000001001011010000111010100100101001000011011100;0.390288;23838;0.559252;1
7;10000000100000000110010101001101001010001010110000100000110000010100000101000000101;0.68108;41599;11000000001000000010010001010000000100010010110001100000011000000100000111101010011;0.439602;26850;0.572106;1
8;00000000100000001110011000011010000010000011001000100010100000010101000111001000101;0.689283;42100;10000010000000000000010001001100000100010010110000100011110000110000001101011001001;0.450391;27509;0.58366;1
9;00000000100000001110011000011010000010000011001000100010100000010101000111001000101;0.689283;42100;10000000000000110000100011001000001010011001110000100110010000010101000011001000100;0.495596;30270;0.602337;1
10;00001000100000000110011000011010100010000011001000100010100000010101000111000000101;0.692164;42276;00010010010000011000010000001001000110000010110000100000111010010100000010100011100;0.493795;30160;0.603403;1
11;10010000001000001010010001101000001010011100000000000100100010010110000111000000101;0.714709;43653;00000000001010001010010011001010000000000100101010000010011000010001010100111000101;0.500262;30555;0.61292;1
12;10010000001000001010010001101000001010011100000000000100100010010110000111000000101;0.714709;43653;10001000100000000011010111010000100000000000010001000101100000101100100011010000101;0.507761;31013;0.619252;1
13;10010000001000001010010001101000001010011100000000000100100010010110000111000000101;0.714709;43653;10000000010100000010000001001110000010001111110000010000000000010101100101011000001;0.493467;30140;0.624895;1
14;00000000000000001101111100101000001010001010100100000000101000010110000110000001101;0.716166;43742;01000000000000000111011000011011001000000001011000110010101001010000000111000000001;0.509791;31137;0.628974;1
15;00100010000000000111010001101000001010011100000000000100100010010110000111000000101;0.725024;44283;00000000000000001111111000101000110000000000011000100010101000001000000111000001111;0.510347;31171;0.632796;1
16;00100010000000000111010001101000001010011100000000000100100010010110000111000000101;0.725024;44283;10000100001000001101110000011000010010000011001000000000101010000011000101100000011;0.525345;32087;0.633145;1
17;00100010000000000111010001101000001010011100000000000100100010010110000111000000101;0.725024;44283;00010001001100000101000000001100010010000111001000000001001000111010000111100000100;0.513294;31351;0.633789;1
18;00100010000000000111010001101000001010011100000000000100100010010110000111000000101;0.725024;44283;00010000101000001011010001101000000000101101000000000111100001110000000111000000001;0.520089;31766;0.646333;1
19;00110010000000000111010001000100001010000011000000000010100001010110000111000001101;0.726088;44348;10100000000000001110110001110100001010000000010000010101100010000110000011010000001;0.556911;34015;0.640446;1
20;00110010000000000111010001000100001010000011000000000010100001010110000111000001101;0.726088;44348;00010001001100010111001000010001010000100110000000000010101001000100000011001010100;0.52839;32273;0.642546;1
21;00110010000000000111010001000100001010000011000000000010100001010110000111000001101;0.726088;44348;00000001000000000010010001101000101010011100000010000100110110011101010010010000000;0.547349;33431;0.64267;1
22;00110010000000000111010001000100001010000011000000000010100001010110000111000001101;0.726088;44348;00001000000100001110010000111110001000001000010000000101010000110001100100000010101;0.533498;32585;0.637288;1
23;00000010000000000111011001010000011010000010000000100010101000010110000111000001101;0.727873;44457;00100010001000000101100011101000100000000011001000000110000000010010011001101000101;0.506467;30934;0.637419;1
=============================================
geração;melhor;fitness;cobertura;pior;fitness;cobertura;média;ind_repetidos
0;00000000001000010110100000000000000000000010001000100011010101110110101111000000111;0.658273;40206;00100100000000001000000010010101000001101010110110111010000100001000001000000110001;0.182275;11133;0.382926;1
1;00000000001000010110100000000000000000000010001000100011010101110110101111000000111;0.658273;40206;01000000100001100000100100000000000000000000111100111110011010011100010001100001000;0.273503;16705;0.431268;1
2;00000000001000100110100001000000000000000010001000100011010100110110101111000000111;0.674482;41196;00000000000000011100100000000000100000010010101100011001010110001100011100010011010;0.295033;18020;0.477128;1
3;00000000001000100110100001000000000000000010001000100011010100110110101111000000111;0.674482;41196;00000000001101011000100001000000001000100000110111000001001000000111110001010100010;0.333082;20344;0.491741;1
4;00010110001000000110100001000100000000000010001000100011000000110110100111000000111;0.708848;43295;00000100101110100010100000000011000001011000010010000000101111001100010000010010000;0.312748;19102;0.518161;1
5;00010110001000000110100001000100000000000010001000100011000000110110100111000000111;0.708848;43295;00100010010010001100010100000001000000000010000000000001001101110011101100000111100;0.350977;21437;0.534791;1
6;00010110001000000110100001000100000000000010001000100011000100110110000111000001101;0.716919;43788;10100000001000010100100000000000000000000100110011001100100101000111011010100101000;0.361554;22083;0.555428;1
7;00010110001000000110100001000100000000000010001000100011000100110110000111000001101;0.716919;43788;11010001000000100000100001000000010001000000010000001011100000101011001101001001101;0.431923;26381;0.568038;1
8;00000110001000000110100001100100000000000010001000100011000100110110000111000010101;0.722797;44147;00000000000000100010100100010000110000100001000000101000110011100110101110000100011;0.428157;26151;0.57775;1
9;00000110001000000110100001100100000000000010001000100011000100110110000111000010101;0.722797;44147;00100000001000110011001010001000000000101110001110000000000100000110101011000000011;0.45938;28058;0.5896;1
10;00000110001000000110100001100100000000000010001000100011000100110110000111000010101;0.722797;44147;01111000001000000011000111001010000000001000000100010010010010101100000011000000011;0.44435;27140;0.601326;1
11;00000110001000000110100001100100000000000010001000100011000100110110000111000010101;0.722797;44147;00000000101001100010000010110000001000000000111010100001000001110101101011001000000;0.462278;28235;0.606558;1
12;00000110001000000110100001100100000000000010001000100011000100110110000111000010101;0.722797;44147;00111111000010000101000001101000000010000100000100000100000101110000000010000110101;0.448623;27401;0.615314;1
13;00010010001000000110101001100100000000000010001000100011000100010110000111000010101;0.732702;44752;10100010000000010001001001010000000110000010010000100010010100110100100111000001001;0.482743;29485;0.623591;1
14;00010010001000000110101001100100000000000010001000100011000100010110000111000010101;0.732702;44752;00000110001000000100100001000110010000100110000000100011000010001010000111100001101;0.492845;30102;0.626333;1
15;00010010001000000110101001100100000000000010001000100011000100010110000111000010101;0.732702;44752;10000000011010010011000000101000001001001000001010100011000000010010100001100101100;0.499018;30479;0.622706;1
16;00010010001000000110101001100100000000000010001000100011000100010110000111000010101;0.732702;44752;00010001001010000111100001001100000000100010001000100011000010100100000111000010001;0.509545;31122;0.631625;1
17;00010010001000000110101001100100000000000010001000100011000100010110000111000010101;0.732702;44752;10000010000000000111010011101100000100010000000000110100100000100010000111000011001;0.539883;32975;0.634639;1
18;00010010001000000110101001100100000000000010001000100011000100010110000111000010101;0.732702;44752;00001100000000100110011101100000000001010000010000000011000110010010001101000000111;0.518223;31652;0.626738;1
19;00010010001000000110101001100100000000000010001000100011000100010110000111000010101;0.732702;44752;00000000100010000111100101110001010000100010010000011011000000000010000110000000111;0.501506;30631;0.633215;1
20;00000010000100000010010001101000010000000010001100000011000100010111000111010010101;0.73804;45078;00000100000000000110011001101000000001000001011010000010000011010010010110000110101;0.521301;31840;0.633454;1
21;00000010000100000010010001101000010000000010001100000011000100010111000111010010101;0.73804;45078;00000011000000000111000000101101010100011000011001000000001000010010000111000100011;0.545843;33339;0.639309;1
22;00000010000100000010010001101000010000000010001100000011000100010111000111010010101;0.73804;45078;00010100100010000111010000000000000000001010001000111011000010010011110101000000100;0.49589;30288;0.633957;1
=============================================
geração;melhor;fitness;cobertura;pior;fitness;cobertura;média;ind_repetidos
0;10000000000010000010100000111000101110000010000110000011010001100100100100001000101;0.593536;36252;00011000100000100100100000000001100001000000100111100100100001100010000000111100011;0.170651;10423;0.383176;1
1;00000000001000110011100001000000000000000100001010001010110001010001110111000100101;0.606045;37016;00000000000000001001000000000000010000000011010010010110100111101001001001011110011;0.246373;15048;0.41853;1
2;00100010011000000010110101000000011000010010000110000011010000100100100100001000101;0.616212;37637;00000000000001001100100000000000000000000100111111100001101100100110101000011010010;0.307148;18760;0.456327;1
3;00100010011000000010110101000000011000010010000110000011010000100100100100001000101;0.616212;37637;10000100010010000001101010000000010000001001100001011010010001000000101001001001101;0.271735;16597;0.484365;1
4;00001010001000000010110101000000011000010110000110000011010000100100100100001000101;0.640263;39106;01000001000000001000000000101110000000100110000001010001011000101000110010001010111;0.296228;18093;0.506216;1
5;01000100000000000010001001111100101100000100000000000000010010000111100101100100101;0.652264;39839;00000100100100000000100001111000101010000100100010010000010000000011000011111010001;0.439225;26827;0.538502;1
6;00000101100000100110000000010000001001000010000001010001100000110111001011001000101;0.660418;40337;00000001000000001011001000111100000110000000000000111010010100100000010100010111100;0.400504;24462;0.544684;1
7;00001010001000000010110101001000011000000110001010000011010000100111100001000000001;0.668457;40828;00110100000010000000101010000010000010000000011110001110100000000100010011000011101;0.43189;26379;0.556575;1
8;00000100000000000010001101111100101100001110000000001010010000000110100100001000101;0.668473;40829;00000000001100001001101100000010000010000110100001001010011010010100100001010100001;0.433135;26455;0.564449;1
9;00010000000000000011101111101000001100100000000000001000100110001111000001100000101;0.675611;41265;00001000000000000010101000110000001000010010000111000101010000100010100100001110111;0.452618;27645;0.56846;1
10;00000000001000000010110111001000011001000010001010000011010000110111000001001000001;0.677183;41361;00001000000100000000110011100000011001000101101010100011010000100110100001000100000;0.458545;28007;0.580382;1
11;00000000001000000010110111001000011001000000000010000011010000110111000111000000101;0.710436;43392;10001100110100000010000000111000001100100000100010000000010000010010100001100001111;0.467501;28554;0.589579;1
12;00000000001000000010110111001000011001000000000010000011010000110111000111000000101;0.710436;43392;00000101001000000000010101000010000100000100000011010101010010000100100111100000111;0.467435;28550;0.590366;1
13;00000000001000000010110111001000011001000000000010000011010000110111000111000000101;0.710436;43392;00100001010000000100101000001001001100001110110000010010010000100111000010001100000;0.428387;26165;0.590243;1
14;00000000001000000010110111001000011001000000000010000011010000110111000111000000101;0.710436;43392;00001010000010000011111011001100000000100100100000000001000000100110110100100100010;0.428632;26180;0.590986;1
15;00010000000000000010110111001000011100000000000010000011010000110111000111000000101;0.711304;43445;00000000010000000010110000010100011101101000000001000100110011000011100101010000001;0.480582;29353;0.606024;1
16;00010000001010000110100111101000001000000010000000000001101000010111000111000000101;0.743836;45432;00100111000100000000101101101010100100000010001001001000000000000110000110010000011;0.478208;29208;0.617248;1
17;00010000001010000110100111101000001000000010000000000001101000010111000111000000101;0.743836;45432;10000100100000001000110111101000001001000000100010000011100000101010000010100000101;0.499804;30527;0.617822;1
18;00010000001010000110100101101000001000000010000000000001101000010111000111001000101;0.743999;45442;00000100101000000001111011111001000000101000000000000000110110000010000010100100101;0.516765;31563;0.628484;1
19;00010000001010000110100101101000001000000010000000000001101000010111000111001000101;0.743999;45442;00000000001000101010010010011101000101110000001010001000001000001110100000000100101;0.503798;30771;0.63608;1
20;00010000001010000110100101101000001000000010000000000001101000010111000111001000101;0.743999;45442;00010100101010000011110110000000011100000010000010000110010000001100100001010000001;0.520302;31779;0.631931;1
21;00010000001010000110100101101000001000000010000000000001101000010111000111001000101;0.743999;45442;00000000001000000001101100001101001010100011000010010100001100010010000011001000101;0.512116;31279;0.640176;1
22;00010000001010000110100101101000001000000010000000000001101000010111000111001000101;0.743999;45442;00110000000010000110100100101101001000000010101010000000001000011011000100001000101;0.557238;34035;0.652561;1
=============================================
