geração;melhor;fitness;cobertura;pior;fitness;cobertura;média;ind_repetidos
0;00000000100001100011100001010100100100;0.360654;4079;00000001000010000111010110000101001000;0.0180371;204;0.167578;1
1;01000000000000000001111111100100010000;0.37374;4227;00001001000100000100010111000100010010;0.0480106;543;0.19376;2
2;00000001000000000011100011110000010110;0.413528;4677;01100100010000000000101010001010100010;0.0503979;570;0.211056;2
3;00000000100000000011100011110000010110;0.416004;4705;01000000001000000001101110001100110000;0.0647215;732;0.217416;1
4;00000000000000000011101011110100010100;0.622193;7037;00100010100100000001101001000010110000;0.0622458;704;0.222199;1
5;00000000000000000011101011110100010100;0.622193;7037;01000010001000010001101000101101000000;0.0696729;788;0.225691;1
6;01000000000000000011101011110100010000;0.623431;7051;10100000010000000000101111100001000100;0.0617153;698;0.235474;1
7;01000000000000000011101011010100010100;0.627763;7100;01101000010000100010100010001001100000;0.0601238;680;0.237912;1
8;01000000000000000011101011010100010100;0.627763;7100;00000100101001000000110011000110100000;0.101857;1152;0.242384;1
9;01000000000000000011101011010100010100;0.627763;7100;01000000000110100000011010000001101100;0.100796;1140;0.244469;2
10;01000000000000000011101011010100010100;0.627763;7100;00000000100100010110000001001011010001;0.123254;1394;0.252629;2
11;01000000000000000111110011010100010000;0.650221;7354;01101000000010000000011010100110100000;0.049779;563;0.253904;2
12;00001000001000000011110011100100000001;0.693192;7840;00000000011010000101011001010100010000;0.0938992;1062;0.264356;1
13;00001000001000000011110011100100000001;0.693192;7840;01000010110100000011010000010100010000;0.0558798;632;0.275376;3
14;00001000001000000011110011100100000001;0.693192;7840;10100100011000000001110000010100100000;0.0946065;1070;0.283113;3
15;00001000001000000011110011100100000001;0.693192;7840;00100101000000100100110011000100010000;0.0601238;680;0.269527;1
16;00001000001000000011110011100100000001;0.693192;7840;10000010000110101010110100000000010000;0.0649867;735;0.276751;1
17;00001000001000000011110011100100000001;0.693192;7840;10000110000000010001011011000001000010;0.117595;1330;0.277396;1
18;00001000001000000011110011100100000001;0.693192;7840;00000101101100000011001010000100001000;0.0804598;910;0.285768;1
19;00001000000000000011110011100100010010;0.697171;7885;10011000000100000011010010000101010000;0.0747126;845;0.288526;1
20;00001000000000000011110011100100010010;0.697171;7885;10000100000100000010110010001011000001;0.0890362;1007;0.299739;1
21;00001000000000000011110011100100010010;0.697171;7885;00000000101000110110010011000101000000;0.0831123;940;0.307028;1
22;00001000000000000011110011100100010010;0.697171;7885;00000010010011000100011100000001100100;0.0844385;955;0.303196;1
23;00001000000000000011110011100100010010;0.697171;7885;00000110001010001010101001000001010000;0.0619805;701;0.296377;1
24;00001000000000000011110011100100010010;0.697171;7885;00001000010010001110110010000101000000;0.0615385;696;0.310669;2
25;00000000000010010011110011100100000010;0.715119;8088;10110001000010000001101010000110000000;0.0622458;704;0.311625;1
26;00001000000010010011110011100100000000;0.720071;8144;00011001100000001011100100000100010000;0.0637489;721;0.311039;2
27;00000000100000010011110111100100000000;0.742263;8395;01001001100000000010100010101100010000;0.0526083;595;0.296325;4
28;00000000100000010011110111100100000000;0.742263;8395;00000000000010011101100010000110000110;0.04916;556;0.295112;2
29;00000000100000010011110111100100000000;0.742263;8395;00001001000000101010110010000110010000;0.049779;563;0.293458;2
30;00000000100000010011110111100100000000;0.742263;8395;00001000010100000011010010101110000000;0.0537577;608;0.314645;2
31;00000000100000010011110111100100000000;0.742263;8395;10000101001000000011000101000100100100;0.0488948;553;0.315354;2
32;00000000100000010011110111100100000000;0.742263;8395;00000101100000010011010010101100000000;0.0800177;905;0.316735;1
33;00000000100000010011110111100100000000;0.742263;8395;01100001000010000010100100000110000110;0.0400531;453;0.310543;1
34;00000000100000010011110111100100000000;0.742263;8395;00110000000000000110100110100101010000;0.0549072;621;0.304505;2
35;00000000100000010011110111100100000000;0.742263;8395;00000001001010010001010011000101010000;0.0230769;261;0.30697;3
36;00000000100000010011110111100100000000;0.742263;8395;00011100100100000011010000101100000000;0.0842617;953;0.300991;2
37;00000000100000010011110111100100000000;0.742263;8395;01000000010101000011010110000100000100;0.0320071;362;0.297109;1
38;00000000100000010011110111100100000000;0.742263;8395;10001100001001000111010010000100000000;0.0729443;825;0.304551;2
39;00000000100000010011110111100100000000;0.742263;8395;01000000110101001010001000001001010000;0.0580902;657;0.318872;3
40;00000000100000010011110111100100000000;0.742263;8395;00000111000000000001101010010100010100;0.0494253;559;0.318597;2
41;00000000100001010011110011100100000000;0.746065;8438;00110001010101010011000000000000010100;0.111052;1256;0.32886;1
42;00000000100001010011110011100100000000;0.746065;8438;00100101100010001011000101000000000100;0.0320071;362;0.330549;1
43;00000000100001010011110011100100000000;0.746065;8438;01100000000100010011000111000011000000;0.0476569;539;0.32391;2
44;00000000100001010011110011100100000000;0.746065;8438;01000100010100000010010011001100000010;0.0786914;890;0.320887;2
45;00000000100001010011110011100100000000;0.746065;8438;11000010000010000001010111010100000000;0.0564103;638;0.307385;1
46;00000000100001010011110011100100000000;0.746065;8438;10110001000000010011100110000010000000;0.0595933;674;0.317201;1
47;00000000100001010011110011100100000000;0.746065;8438;01000000000001011011001110000100010000;0.0316534;358;0.30925;2
48;00000000100001010011110011100100000000;0.746065;8438;00100001000110000001100100011100000100;0.0560566;634;0.32323;1
49;00000000100001010011110011100100000000;0.746065;8438;00100000100000010011100100001101000100;0.079664;901;0.321056;1
50;00000000100001010011110011100100000000;0.746065;8438;01000000000110000001100010010110110000;0.0544651;616;0.330668;1
51;00000000100001010011110011100100000000;0.746065;8438;00000001000010010101101010101100000000;0.109019;1233;0.345561;2
52;00000000100001010011110011100100000000;0.746065;8438;01000000010010110010011011000000100000;0.116534;1318;0.347064;3
53;00000000100001010011110011100100000000;0.746065;8438;10010100001000010011100010000011000000;0.0801945;907;0.32631;1
54;00000000100001010011110011100100000000;0.746065;8438;00000011101011000001100010000100000100;0.0343059;388;0.326488;2
55;00000000100001010011110011100100000000;0.746065;8438;01000010001000000011001000001100110001;0.0595049;673;0.326526;3
56;00000000100001010011110011100100000000;0.746065;8438;01001010001000011100100001001100000000;0.0660477;747;0.32468;1
57;00000000100001010011110011100100000000;0.746065;8438;01010000001000000001101001001100110000;0.0971706;1099;0.347106;1
58;00000000100001010011110011100100000000;0.746065;8438;01010011101000110000000011000100000000;0.0391689;443;0.356045;2
59;00000000100001010011110011100100000000;0.746065;8438;10000000000000010111000011000111010000;0.0841733;952;0.375671;2
60;00000000100001010011110011100100000000;0.746065;8438;00000000010100000110110111000001100000;0.065252;738;0.370165;1
61;00000000100001010011110011100100000000;0.746065;8438;00010000010100000111100000000110010100;0.070557;798;0.372072;2
62;00000000100001010011110011100100000000;0.746065;8438;00000010100100010011000001000111000100;0.0607427;687;0.353709;2
63;00000000100001010011110011100100000000;0.746065;8438;01001001000010000100100011100100100000;0.0849691;961;0.352506;3
64;00000000100001010011110011100100000000;0.746065;8438;10010010100000100010110010000100000100;0.0581786;658;0.344141;2
65;00000000100001010011110011010100000000;0.747569;8455;11100011000000000101000011000100000100;0.0170645;193;0.33894;3
66;00000000100001010011110011010100000000;0.747569;8455;11000000100000000010001111010100100000;0.0537577;608;0.327981;3
67;00000000100001010011110011010100000000;0.747569;8455;00000001010000000101010011100101000100;0.0441202;499;0.33018;3
68;00000000100001010011110011010100000000;0.747569;8455;11000000100000000011010011000110100000;0.0477454;540;0.324386;1
69;00000000100001010011110011010100000000;0.747569;8455;10100000010100000011010001000110010000;0.0419982;475;0.323783;1
70;00000000100001010011110011010100000000;0.747569;8455;01001001000100000011001010101100000000;0.0527851;597;0.291455;3
71;00000000100001010011110011010100000000;0.747569;8455;01000000100000000001010111000111000100;0.0291777;330;0.288701;1
72;00000000100001010011110011010100000000;0.747569;8455;00000001101011001001010011000010000000;0.0661362;748;0.290974;3
73;00000000100000010011110011110100000000;0.749691;8479;00010110100000000111010000100010010000;0.0405836;459;0.290567;1
74;00000000100000010011110011110100000000;0.749691;8479;01100101001000000011000110000100000001;0.0601238;680;0.286111;1
75;00000000100000010011110011110100000000;0.749691;8479;01000010101000010000101011000100000100;0.060389;683;0.307353;1
76;00000000100000010011110011110100000000;0.749691;8479;10100001000000000011001110000101000001;0.0258179;292;0.296883;1
77;00000000100000010011110011110100000000;0.749691;8479;00000110100100000010100010000110000101;0.028824;326;0.291749;2
78;00000000100000010011110011110100000000;0.749691;8479;10111000100011000001100000000100010000;0.0730327;826;0.301679;2
79;00000000100000010011110011110100000000;0.749691;8479;10000000101000001110101000010101000000;0.0520778;589;0.313223;1
80;00000000100000010011110011110100000000;0.749691;8479;00110000101000000011010011000100100000;0.072679;822;0.319646;1
81;00000000100000010011110011110100000000;0.749691;8479;10010001100000000010001011011000010000;0.06313;714;0.321061;2
82;00000000100000010011110011110100000000;0.749691;8479;00011010000000001111010010010100000000;0.0338638;383;0.319051;2
83;00000000100000010011110011110100000000;0.749691;8479;10100100000100011000010111000010000000;0.0532272;602;0.294361;2
84;00000000100000010011110011110100000000;0.749691;8479;00010110000000000001100100100111100000;0.0681698;771;0.291405;1
85;00000000100000010011110011110100000000;0.749691;8479;01100000110100000000100011000100100100;0.0523431;592;0.306167;2
86;00000000100000010011110011110100000000;0.749691;8479;10000010000000001110110110000000010010;0.0687003;777;0.333752;1
87;00000000100000010011110011110100000000;0.749691;8479;00100110000000010010101010000100010010;0.089832;1016;0.344995;2
88;00000000100000010011110011110100000000;0.749691;8479;11100000010000010011010010000100000001;0.0611848;692;0.340384;2
89;00000000100000010011110011110100000000;0.749691;8479;00000011000000000101110110001001100000;0.0523431;592;0.329711;2
90;00000000100000010011110011110100000000;0.749691;8479;00010010000001000101101010001101000000;0.0511936;579;0.323211;4
91;00000000100000010011110011110100000000;0.749691;8479;00010100000000011011000110100101000000;0.0587091;664;0.30975;1
92;00000000100000010011110011110100000000;0.749691;8479;11000100000000000111010011000010100000;0.0236958;268;0.298474;2
93;00000000100000010011110011110100000000;0.749691;8479;10000010100000000111000001001010100100;0.0284704;322;0.310397;1
94;00000000100000010011110011110100000000;0.749691;8479;00011000100010001110010001100100000000;0.0592396;670;0.303074;1
95;00000000100000010011110011110100000000;0.749691;8479;10001000001001110000010000000111010000;0.0731211;827;0.306645;2
96;00000000100000010011110011110100000000;0.749691;8479;10000000110011000010010010000100110000;0.0383731;434;0.322463;3
97;00000000100000010011110011110100000000;0.749691;8479;01000110110000000000001011000000010101;0.0720601;815;0.317099;1
98;00000000100000010011110011110100000000;0.749691;8479;10000000000100000011001010001111000010;0.039611;448;0.313559;1
99;00000000100000010011110011110100000000;0.749691;8479;00000101010000010000010010101011010000;0.0278515;315;0.298404;1
100;00000000100000010011110011110100000000;0.749691;8479;00000001010000001111001011000000010100;0.0100796;114;0.293909;1
=============================================
geração;melhor;fitness;cobertura;pior;fitness;cobertura;média;ind_repetidos
0;01000000000000000000111100111000010101;0.293015;3314;00100010010100000100010000011110001000;0.0316534;358;0.16643;1
1;00100000001000000000111001110001010100;0.334394;3782;00000100010011000000011100100010010100;0.0408488;462;0.190631;2
2;00100000001000000000111001110001010100;0.334394;3782;00000000000110001010001101011011000000;0.0643678;728;0.202092;2
3;01000000000000000011100111010100100001;0.551901;6242;01100000000010010000011100010110000001;0.0388152;439;0.210127;1
4;01000000000000000011100111010100100001;0.551901;6242;01001000100011000000011101000000010100;0.066313;750;0.217041;1
5;01000000000000000011100111010100100001;0.551901;6242;11110000000010000000110010000100101000;0.0564987;639;0.212951;1
6;01000000000000000011100111010100100001;0.551901;6242;01100000011100000010110010010001000000;0.098939;1119;0.219094;3
7;01000000000000000011100111010100100001;0.551901;6242;00010110000000000011001010100010100100;0.0656941;743;0.214796;1
8;01000000000000000011100111010100100001;0.551901;6242;10000001001010010000010001000101101000;0.0701149;793;0.225623;3
9;01000000000000000011100111010100100001;0.551901;6242;00100101000000100000100110001001110000;0.0814324;921;0.228935;1
10;00000000000000000011101111010100100001;0.61565;6963;00001100000110001011010000100010100000;0.0786914;890;0.230099;1
11;00000000000000000011101111010100100001;0.61565;6963;10000010001100000010000011010101100000;0.0813439;920;0.233596;1
12;00100000000000000011101111010100100000;0.615915;6966;00001000010010100100011010010001010000;0.0617153;698;0.232114;1
13;00010000000000000011101111010100100000;0.61786;6988;00000000011100001000110110010100100000;0.0450928;510;0.230958;1
14;00001000000000000011101011011100000001;0.625464;7074;00001100000110001011010010000110000000;0.0699381;791;0.239458;1
15;00101000000000000011101011011100000000;0.631919;7147;10010000001100010010010010001010001000;0.0757736;857;0.242143;1
16;00001000001000000011101011010100001000;0.641202;7252;00100001110010001100010011000000000010;0.0378426;428;0.241209;2
17;00001000001000000011101011010100001000;0.641202;7252;01000000011111000010100110000100000000;0.0618037;699;0.248783;2
18;11000000010000000011110011010100000000;0.654111;7398;01000100000000000110100100000101010101;0.0815208;922;0.258951;1
19;00000000010000000011111011010100001000;0.67153;7595;10010000100000000110110000011100100000;0.0830239;939;0.255604;1
20;00001000000000000011111011010100001000;0.677454;7662;00001001101010001000110000010100000100;0.03855;436;0.258823;2
21;00001000000000000011111011010100001000;0.677454;7662;10000100010000001101101000011100000000;0.071618;810;0.259788;1
22;00000000100000010011101011010100001000;0.692219;7829;00000110001000000011001010010101000100;0.0476569;539;0.266499;2
23;00000000100000010011101011010100001000;0.692219;7829;10010001000000000100110110010100010000;0.0362511;410;0.274939;1
24;00000000100000010011101011010100001000;0.692219;7829;00110000010000000001001011100110000100;0.0797524;902;0.296123;1
25;00000000100000010011101011010100001000;0.692219;7829;01001000100101000100101000000111000000;0.0457118;517;0.293323;2
26;00000000100000010011101011010100001000;0.692219;7829;00001000100111000010100110000101000000;0.0590628;668;0.28813;2
27;00000000100000010011101011010100001000;0.692219;7829;01110001000000000011010010010110000000;0.0362511;410;0.287481;2
28;00000000100000110011101011010100000000;0.692661;7834;10000100000000011011001010010100000100;0.0466844;528;0.296705;2
29;00100000100000010011101011010100000000;0.692927;7837;00001110000100001010010101010100000000;0.0851459;963;0.297045;3
30;00100000100000010011101011010100000000;0.692927;7837;00000100000110000010010011010110010000;0.0766578;867;0.308654;2
31;00100000100000010011101011010100000000;0.692927;7837;00100000001000000011010110010100110000;0.0446508;505;0.329821;6
32;00100000100000010011101011100100000000;0.695668;7868;11100000100000010011000010001101000000;0.0695844;787;0.325515;3
33;00000100000000010011111011100100000000;0.719982;8143;01100000000000011011000011001100010000;0.080725;913;0.317359;3
34;00000100000000010011111011100100000000;0.719982;8143;10000001000001010010001111000100000100;0.0718833;813;0.327563;1
35;00000100000000010011111011100100000000;0.719982;8143;10000000101100000011000000011101010000;0.0808134;914;0.317267;2
36;00000100000000010011111011100100000000;0.719982;8143;00000110001000000011001100010100110000;0.0451813;511;0.325214;1
37;00000100000000010011111011100100000000;0.719982;8143;00100011000000011100100110010100000000;0.0496021;561;0.319896;1
38;00000100000000010011111011100100000000;0.719982;8143;10000010101010001011100001000001000000;0.0410256;464;0.321721;2
39;00000100000000010011111011100100000000;0.719982;8143;00001001000100001011010010010100100000;0.0358974;406;0.305332;2
40;00000100000000010011111011100100000000;0.719982;8143;00000000001101010011001010000100010100;0.0844385;955;0.312959;1
41;00000000010000010011110011010101000000;0.722193;8168;00100010101000001001100010010000100100;0.0243148;275;0.312374;2
42;00000000010000010011110011010100000010;0.72626;8214;00000100010000011111000001000101010000;0.0721485;816;0.323866;1
43;00000000110000010011110011010100000000;0.746331;8441;00000000100001000001110110000110010100;0.0686118;776;0.332472;1
44;00000000110000010011110011010100000000;0.746331;8441;00010100011000000001011111000100000000;0.0942529;1066;0.342442;1
45;00000000110000010011110011010100000000;0.746331;8441;00001000100010110101001010000100010000;0.0648099;733;0.3621;1
46;00000000110000010011110011010100000000;0.746331;8441;00010100011000000001110010000100001100;0.124492;1408;0.355107;1
47;00000000110000010011110011010100000000;0.746331;8441;11000000001010010001010011000001000100;0.0430592;487;0.346527;1
48;00000000110000010011110011010100000000;0.746331;8441;00000000001010001001101100011011000000;0.0676393;765;0.370296;1
49;00000000110000010011110011010100000000;0.746331;8441;00000010000101001001110110000110000000;0.0581786;658;0.376675;3
50;00000100001000010011110011100100000000;0.749779;8480;00101010000110000111100000000010000100;0.0627763;710;0.393335;4
51;00000100001000010011110011100100000000;0.749779;8480;10010010000000000010110111001000100000;0.0738285;835;0.373051;3
52;00000100001000010011110011100100000000;0.749779;8480;00000001101010010010011110100000000000;0.0959328;1085;0.374733;1
53;00000100001000010011110011100100000000;0.749779;8480;00010101001000010011010001000110000000;0.0766578;867;0.360941;1
54;00000100001000010011110011100100000000;0.749779;8480;10000111110000000001010100100100000000;0.0499558;565;0.346498;2
55;00000100001000010011110011100100000000;0.749779;8480;00101000000000011000101100010111000000;0.0543767;615;0.328126;1
56;00000100001000010011110011100100000000;0.749779;8480;01000001010000000011010011001001010000;0.0391689;443;0.33888;2
57;00000100001000010011110011100100000000;0.749779;8480;10100000100110000011100000000100010100;0.0479222;542;0.326551;2
58;00000100001000010011110011100100000000;0.749779;8480;10000001000100000111000010001110000100;0.0251105;284;0.308247;1
59;00000100001000010011110011100100000000;0.749779;8480;11000001000000010111010010010001000000;0.0303271;343;0.302625;2
60;00000100001000010011110011100100000000;0.749779;8480;11000010000000000001101001001100100100;0.0728559;824;0.320335;1
61;00000100001000010011110011100100000000;0.749779;8480;10010000000000010010010101101110000000;0.051901;587;0.314257;1
62;00000100001000010011110011100100000000;0.749779;8480;00011001000000001010001111010100000000;0.0617153;698;0.326917;1
63;00000100001000010011110011100100000000;0.749779;8480;00000111001000010011010010100100000000;0.0621574;703;0.318232;1
64;00000100001000010011110011100100000000;0.749779;8480;00001001100000000001000111000101100100;0.0738285;835;0.331286;1
65;00000100001000010011110011100100000000;0.749779;8480;11111000000000001001100011000010000000;0.0818744;926;0.343338;1
66;00000100001000010011110011100100000000;0.749779;8480;01000000110010000001100010101001000100;0.0870911;985;0.336608;1
67;00000100001000010011110011100100000000;0.749779;8480;10001001000010000001100010101100100000;0.0481874;545;0.319508;1
68;00000100000100010011110011100100000000;0.752255;8508;00000000000010011111010011000100100000;0.0844385;955;0.319468;3
69;00000100000100010011110011100100000000;0.752255;8508;01000000011101001010010001000010100000;0.0770999;872;0.325215;2
70;00000100000100010011110011100100000000;0.752255;8508;01000001001100000101100010100100010000;0.0552608;625;0.314391;1
71;00000100000100010011110011100100000000;0.752255;8508;00010101001000001011000010000110000010;0.0535809;606;0.301584;2
72;00000100000100010011110011100100000000;0.752255;8508;00000101100000000010110010001100000110;0.0648983;734;0.32062;2
73;00000100000100010011110011100100000000;0.752255;8508;01000000010110001011100001000010010000;0.0573828;649;0.317031;1
74;00000100000100010011110011100100000000;0.752255;8508;10100000001010000011010011000100000100;0.0745358;843;0.322471;1
75;00000100000100010011110011100100000000;0.752255;8508;00001001001001011111010000000100000000;0.070557;798;0.304484;1
76;00000100000100010011110011100100000000;0.752255;8508;10000000001000010111010110001100000000;0.0450928;510;0.309288;2
77;00000100000100010011110011100100000000;0.752255;8508;01000100010000001011001110100000000100;0.0200707;227;0.318506;2
78;00000100000100010011110011100100000000;0.752255;8508;10110001000000001001001001001110000000;0.0447392;506;0.306303;1
79;00000100000100010011110011100100000000;0.752255;8508;00100100000000100111001010000101000100;0.0361627;409;0.291701;1
80;00000100000100010011110011100100000000;0.752255;8508;01010101101000001010100011000000000000;0.0607427;687;0.305023;1
81;00000100000100010011110011100100000000;0.752255;8508;00001101000000000110010011000101000100;0.0647215;732;0.312293;2
82;00000100000100010011110011100100000000;0.752255;8508;01001000100010100010100010000100100100;0.0570292;645;0.29758;1
83;00000100000100010011110011100100000000;0.752255;8508;00000000011000010111000001001011010000;0.0662246;749;0.304584;3
84;00000100000100010011110011100100000000;0.752255;8508;00001110000000001111100000001101000000;0.0435013;492;0.293674;2
85;00000100000100010011110011100100000000;0.752255;8508;10001111000100001011100010000000000000;0.0586207;663;0.293583;1
86;00000100000100010011110011100100000000;0.752255;8508;00100100010000011010100100000110000001;0.0687003;777;0.302635;1
87;00000100000100010011110011100100000000;0.752255;8508;00000110000100110010010011001001000000;0.0641026;725;0.317215;2
88;00000100000100010011110011100100000000;0.752255;8508;00001001000000011100101111000010000000;0.0630416;713;0.294488;1
89;00000100000100010011110011100100000000;0.752255;8508;00110000000110000111010011000000100000;0.0489832;554;0.289617;1
90;00000100000100010011110011100100000000;0.752255;8508;00000001100000000110010011101011000000;0.047038;532;0.281672;1
91;00000100000100010011110011100100000000;0.752255;8508;11000001100001001001110100000001000000;0.0564987;639;0.30207;3
92;00000100000100010011110011100100000000;0.752255;8508;11000010000010001010110011000010000000;0.0584439;661;0.304801;2
93;00000100000100010011110011100100000000;0.752255;8508;00010001000100000010110110000110000001;0.0602122;681;0.308019;3
94;00000100000100010011110011100100000000;0.752255;8508;10000001010001001001110010000100100000;0.0464191;525;0.296149;1
95;00000100000100010011110011100100000000;0.752255;8508;10010001001010000111100100000100000000;0.0443855;502;0.306078;2
96;00000100000100010011110011100100000000;0.752255;8508;00100101000000001001001011100101000000;0.062511;707;0.297584;2
97;00000100000100010011110011100100000000;0.752255;8508;01010010000100010011010110000100000000;0.0475685;538;0.31748;3
98;00000100000100010011110011100100000000;0.752255;8508;00000011000101001010011001001000000100;0.0824049;932;0.315729;1
99;00000100000100010011110011100100000000;0.752255;8508;00101100000100000010010110100010010000;0.0744474;842;0.322556;2
100;00000100000100010011110011100100000000;0.752255;8508;01100011000000000010110100101100000000;0.0679929;769;0.322825;2
=============================================
geração;melhor;fitness;cobertura;pior;fitness;cobertura;média;ind_repetidos
0;00000000100000000010111011101100000100;0.387091;4378;00100010000101001001000010001110010000;0.0279399;316;0.165606;1
1;00000000100000000010111011101100000100;0.387091;4378;11100101011000000000001100001000000010;0.0653404;739;0.18343;2
2;00000000100000000010111011101100000100;0.387091;4378;01000010100000000101101110001001000000;0.0474801;537;0.193745;1
3;00000000100000000010111011101100000100;0.387091;4378;00100001101010100010000011000010010000;0.057206;647;0.20419;2
4;00000000100000000010111011101100000100;0.387091;4378;00101010000010000001001101100000100100;0.0833775;943;0.212771;2
5;00000000011000000011110101101100000000;0.462157;5227;00101000011000000000010011000110101000;0.0674624;763;0.221291;1
6;00000000011000000011110101101100000000;0.462157;5227;00100001101100000000101011001100000000;0.0552608;625;0.221748;2
7;00000000011000000011110101101100000000;0.462157;5227;00101000001010000000101010010101000100;0.0823165;931;0.224832;1
8;00100000000100000011110011000101010000;0.545447;6169;01010011000010000000100010000001100110;0.0815208;922;0.233575;1
9;00100000000100000011110011000101010000;0.545447;6169;01000000100100001010110100010000010100;0.0853227;965;0.23489;1
10;00100000000100000011110011000101010000;0.545447;6169;00101000000000001000011010100001111000;0.0872679;987;0.239778;1
11;00000000000000010011110011000101001001;0.71008;8031;00100100101000010100100100011001000000;0.0871795;986;0.245743;1
12;00000000000000010011110011000101001100;0.722723;8174;00100000001100100100101010000011100000;0.0565871;640;0.245683;1
13;00000000000000010011110011000101001100;0.722723;8174;00001000110000000110010011000110000010;0.0777188;879;0.258707;1
14;00000000000000010011110011000101001100;0.722723;8174;01010000100000100011011000000101010000;0.121574;1375;0.266252;1
15;00000000000000010011110011000101001100;0.722723;8174;00010100010000000001101010000111000001;0.0939876;1063;0.272264;2
16;00000000000000010011110011000101001100;0.722723;8174;00000010000100000110100010001101001100;0.0838196;948;0.265359;1
17;00000000000000010011110011000101001100;0.722723;8174;00100000100110000110010010000100001100;0.0353669;400;0.274124;1
18;00000000000000010011110011000101001100;0.722723;8174;00010000010000000000101001101110010100;0.0896552;1014;0.277748;3
19;00000000000000010011110011000101001100;0.722723;8174;10000001000000001010101010000110000101;0.0457118;517;0.26883;4
20;00000000000000010011110011000101001100;0.722723;8174;00000000011010000000011100000110011001;0.072237;817;0.266983;1
21;00000000000000010011110011000101001100;0.722723;8174;01000000100000011011010010000101001000;0.0863837;977;0.294389;2
22;00000000000000010011110011000101001100;0.722723;8174;11000001000000000010101100001011000001;0.0755084;854;0.296988;2
23;00000000010000010011110011100100000010;0.729973;8256;01100001100010000001110000000101001000;0.0744474;842;0.299522;2
24;00000000010000010011110011100100000010;0.729973;8256;00000000101010000110110000001101000010;0.0763926;864;0.302168;1
25;00000000010000010011110011100100000010;0.729973;8256;00010010111010000010100011000001000000;0.0434129;491;0.300211;2
26;00000000010000010011110011100100000010;0.729973;8256;00010001001000010011010010000100110000;0.0610964;691;0.292068;1
27;00000000010000010011110011100100000010;0.729973;8256;11000000000000000111001111000000010100;0.0413793;468;0.284688;1
28;00000000010000010011110011100100000010;0.729973;8256;00100000000110000101101010100101000000;0.074359;841;0.271544;1
29;00000000010000010011110011100100000010;0.729973;8256;00000001000010010001100101001101100000;0.0510168;577;0.26713;2
30;00000000010000010011110011100100000010;0.729973;8256;00100100000011000101100010000100110000;0.0401415;454;0.283404;2
31;00000000010000010011110011100100000010;0.729973;8256;01000010000100100100011100000101100000;0.0292661;331;0.294567;3
32;00000000010000010011110011100100000010;0.729973;8256;00000100000100111111010010000100000000;0.0763926;864;0.310046;3
33;00000000010000010011110011100100000010;0.729973;8256;10000000010000011011010101000010010000;0.0676393;765;0.315533;4
34;00000000010000010011110011100100000010;0.729973;8256;00000010000001011101100010000101100000;0.0380195;430;0.325594;2
35;00000000010000010011110011100100000010;0.729973;8256;01000010001100010011100010000010100000;0.0804598;910;0.324125;1
36;00000000010000010011110011100100000010;0.729973;8256;10001100000100010011000010100100000100;0.0838196;948;0.341327;1
37;00000000010000010011110011100100000010;0.729973;8256;10001110000001000011010010000100000100;0.0489832;554;0.32432;2
38;00000000010000110011110011100100000000;0.732272;8282;00000000010000011011000010100110100100;0.059947;678;0.342849;2
39;00000000010000110011110011100100000000;0.732272;8282;00000000100100001010110011001001000100;0.0748895;847;0.32165;3
40;00000000010000110011110011100100000000;0.732272;8282;00000001000110010011000011001100100000;0.100442;1136;0.323617;2
41;00000000010000110011110011100100000000;0.732272;8282;00001000010010001001110101000100000100;0.059947;678;0.33046;1
42;00000000010000110011110011100100000000;0.732272;8282;10011010000000010010100101001100000000;0.0799293;904;0.353069;1
43;00000000010000110011110011100100000000;0.732272;8282;10000100010100001011010010100010000000;0.0533157;603;0.358978;1
44;00000000010000110011110011100100000000;0.732272;8282;10010000010000000011001011000101000100;0.0791335;895;0.345183;2
45;00000000010000110011110011100100000000;0.732272;8282;00010111011000000010100011000000100000;0.0512821;580;0.335849;1
46;00000000010000110011110011100100000000;0.732272;8282;00101000011000001111000001000101000000;0.0610964;691;0.338362;1
47;00000000010000110011110011100100000000;0.732272;8282;01001001000100100101010011000100000000;0.0565871;640;0.3515;1
48;00000000010100010011110011100100000000;0.735455;8318;00101000010000100010110010000110010000;0.0661362;748;0.350156;1
49;00000000010100010011110011100100000000;0.735455;8318;00010000100011000101101010000010010000;0.0559682;633;0.347054;1
50;00000000001101010011110011000100000000;0.741821;8390;01010011000010011100100010100000000000;0.0396994;449;0.34084;1
51;00000000001101010011110011000100000000;0.741821;8390;01000000000001010001001111000011000100;0.0740053;837;0.333362;2
52;00000000001101010011110011000100000000;0.741821;8390;00110000001010000010100101000111000000;0.0490716;555;0.342776;3
53;00000000001101010011110011000100000000;0.741821;8390;00001000001010001000011011100011000000;0.0401415;454;0.333065;2
54;00000000001101010011110011000100000000;0.741821;8390;00010101000010001010110001000100000100;0.0665782;753;0.316862;1
55;00000000001101010011110011000100000000;0.741821;8390;00000001001000010011010001000111100000;0.0324492;367;0.313161;1
56;00000000001101010011110011000100000000;0.741821;8390;10000000100100000011100101000010010100;0.0578249;654;0.312029;1
57;00000000001101010011110011000100000000;0.741821;8390;11001000000110100011000110000100000000;0.0628647;711;0.316042;1
58;00000000001101010011110011000100000000;0.741821;8390;00000000100010011110001011000100010000;0.0703802;796;0.3386;1
59;00000000001101010011110011000100000000;0.741821;8390;00011010000000000110100011000010110000;0.059947;678;0.331397;2
60;00000000001101010011110011000100000000;0.741821;8390;01000000000110010011000110000110001000;0.0473033;535;0.307295;3
61;00000000001101010011110011000100000000;0.741821;8390;00001000010100000110101010000110001000;0.0692308;783;0.318386;3
62;00000000001101010011110011000100000000;0.741821;8390;10001010000010000011000010001101001000;0.0595933;674;0.319613;3
63;00000000001101010011110011000100000000;0.741821;8390;10000010000100001001110001000100110000;0.0616269;697;0.315084;1
64;00000000001101010011110011000100000000;0.741821;8390;00110000010100001111010100000000000001;0.0534925;605;0.281944;1
65;00000000001101010011110011000100000000;0.741821;8390;00100000000100010111010101001000010000;0.0664014;751;0.295893;2
66;00000000001101010011110011000100000000;0.741821;8390;01000100100100100000110010000101000100;0.0464191;525;0.304346;1
67;00000000001101010011110011000100000000;0.741821;8390;00100000000011000111000010001110000100;0.033687;381;0.318481;1
68;00001000100000010011110011100100000000;0.743059;8404;10100000000000000111001110000100100001;0.0286472;324;0.307354;3
69;00001000100000010011110011100100000000;0.743059;8404;00000010010100000011001111001100000000;0.0615385;696;0.312868;1
70;00001000100000010011110011100100000000;0.743059;8404;01100110001000000001101011000000100000;0.067374;762;0.34478;1
71;00001000100000010011110011100100000000;0.743059;8404;00110011000000000110001011010100000000;0.0531388;601;0.340267;2
72;00001000100000010011110011100100000000;0.743059;8404;00101000101000000110100011001001000000;0.0674624;763;0.336051;2
73;00001000100000010011110011100100000000;0.743059;8404;00010001100100000011010110010100000000;0.0471264;533;0.320315;1
74;00001000100000010011110011100100000000;0.743059;8404;00111000010010000011010011000100000000;0.0916888;1037;0.317731;1
75;00001000100000010011110011100100000000;0.743059;8404;00000000100100110111010000000110000100;0.0712644;806;0.315358;1
76;00001000100000010011110011100100000000;0.743059;8404;01010100000000010100110111000100000000;0.0803714;909;0.3157;3
77;00001000100000010011110011100100000000;0.743059;8404;00001010100000000010001101101100000100;0.0533157;603;0.31201;2
78;00001000100000010011110011100100000000;0.743059;8404;10010000000100000000011011001011000010;0.062069;702;0.331411;3
79;00001000100000010011110011100100000000;0.743059;8404;10001000100000000011001110010100000100;0.0351901;398;0.31969;3
80;00001000100000010011110011100100000000;0.743059;8404;00001000110010000010100110011000010000;0.0595933;674;0.331824;5
81;00001000100000010011110011100100000000;0.743059;8404;00101000100100010100110010100000010000;0.0904509;1023;0.324481;1
82;00001000100000010011110011100100000000;0.743059;8404;00110010000100000001100110100101000000;0.0492485;557;0.306098;2
83;00001000100000010011110011100100000000;0.743059;8404;00010001000000001101110010100100100000;0.0511052;578;0.303432;2
84;00001000100000010011110011100100000000;0.743059;8404;10001001001001010011001010000100000000;0.0656057;742;0.314689;2
85;00001000100000010011110011100100000000;0.743059;8404;10001010000000000110110011001010000000;0.0709107;802;0.328517;1
86;00001000100000010011110011100100000000;0.743059;8404;00011000001000100011010000000111100000;0.0769231;870;0.338453;1
87;00001000100000010011110011100100000000;0.743059;8404;10000001000110000001101001000101100000;0.0575597;651;0.334615;1
88;00001000100000010011110011100100000000;0.743059;8404;10000001001100100010100010000110100000;0.0378426;428;0.321831;2
89;00001000100000010011110011100100000000;0.743059;8404;00010000010100010110100001000110100000;0.0810787;917;0.339401;1
90;00001000100000010011110011100100000000;0.743059;8404;11000000000100111010101010000000000100;0.0774536;876;0.338506;2
91;00001000100000010011110011100100000000;0.743059;8404;00010000010100010010100101000110100000;0.0700265;792;0.334017;4
92;00001000100000010011110011100100000000;0.743059;8404;01010100000100000111010010000100001000;0.0740053;837;0.329229;2
93;00001000100000010011110011100100000000;0.743059;8404;00110000101000000101000111000110000000;0.0306808;347;0.330577;3
94;00001000100000010011110011100100000000;0.743059;8404;00010010100000001111010001001100000000;0.0220159;249;0.332948;2
95;00001000100000010011110011100100000000;0.743059;8404;00010000000010010011001111000110000000;0.0861185;974;0.340672;2
96;00001000100000010011110011100100000000;0.743059;8404;00001011000100010011010001000101000000;0.0517241;585;0.319538;1
97;00001000100000010011110011100100000000;0.743059;8404;01010000100100001001100110000110000000;0.0282935;320;0.326277;2
98;00001000100000010011110011100100000000;0.743059;8404;00100010000010010101101000010001100000;0.0695844;787;0.318749;1
99;00001000100000010011110011100100000000;0.743059;8404;00000000101110000010010001100101000100;0.0730327;826;0.315039;2
100;00001000100000010011110011100100000000;0.743059;8404;10000001100100110010000011000100000100;0.078603;889;0.306775;1
=============================================
