geração;melhor;fitness;cobertura;pior;fitness;cobertura;média;ind_repetidos
0;0001101000000011000100001000100000100100101110;0.468446;4528;1101010001000001110010100000100010000000010100;0.0344507;333;0.217352;1
1;0000101000000001001100000100010100000011110011;0.532382;5146;0011001000010000000000001011100001100110010100;0.133251;1288;0.24953;2
2;0000101000000001001100000100010100000011110011;0.532382;5146;0011100001001000000000100101011000000100010101;0.130457;1261;0.279607;1
3;0000100010000011011100100000010010001000100110;0.545313;5271;0011000000010101010100111000000100101000000100;0.121974;1179;0.299981;1
4;0101000000000010011100000100010100000110001110;0.569212;5502;0001101000000000100000001010000110010011010011;0.140182;1355;0.331037;1
5;0000100100000000010011011100011001000000100110;0.611732;5913;1100000010100010000001000000000101000011110011;0.163356;1579;0.365666;1
6;0011000000000010010101000100011001000100100110;0.630457;6094;0110000000001000101100001100110000000010001101;0.196876;1903;0.404606;2
7;0011000000000010010101000100011001000100100110;0.630457;6094;1000100000000101101000011010001100010000011000;0.181771;1757;0.43242;1
8;0011000000000010010101000100011001000100100110;0.630457;6094;1010100000100011001101101000010000000110000000;0.218187;2109;0.447214;1
9;0011000000000010010101000100011001000100100110;0.630457;6094;0110010001010000001110100000010010000010000110;0.198841;1922;0.462996;1
10;0000100000000001001101011100010000000100101110;0.643493;6220;1001010000000011010010000100011001001100000010;0.246017;2378;0.467449;1
11;0000100000000001001101011100010000000100101110;0.643493;6220;0100100000000000101100001111001001000100101000;0.246845;2386;0.462847;1
12;0000100000000001001101011100010000000100101110;0.643493;6220;0010000001001100000100101010000000001100001111;0.173805;1680;0.457513;2
13;0000000000001010010101000101011001000100100110;0.647734;6261;0000001011001000101001000100010110000100000110;0.201738;1950;0.465522;1
14;0000000000001010010101000101011001000100100110;0.647734;6261;1000101010000010010010110100011000010010000000;0.204118;1973;0.482677;2
15;0000000000001010010101000101011001000100100110;0.647734;6261;0100010000010000010100010111010000000110001001;0.224602;2171;0.495542;1
16;0000000000001010010101000101011001000100100110;0.647734;6261;1000110010000000000000100101110110010001100000;0.209808;2028;0.50432;1
17;0000000000001010010101000101011001000100100110;0.647734;6261;0000001100000001001000111110010010110000000010;0.224084;2166;0.515842;1
18;0000000000001010010101000101011001000100100110;0.647734;6261;0000100001001011110110011100000000100000100000;0.244051;2359;0.514863;1
19;0000000000001010010101000101011001000100100110;0.647734;6261;0100000110010011010001000000011110000000100100;0.26526;2564;0.50172;1
20;0000000101000100011101010110010000010000100010;0.665632;6434;0000001011000010011000001110011001000010000100;0.260087;2514;0.501968;1
21;0000000101000100011101010110010000010000100010;0.665632;6434;0000001100000011011010000100101100001000101000;0.246638;2384;0.505133;1
22;0000000010000010010101000110111000000100100110;0.673288;6508;0110001000001011000000001001010000011110000010;0.208463;2015;0.510102;2
23;0000000010000010010101000110111000000100100110;0.673288;6508;0000110010000000010101000001010101000111000100;0.244258;2361;0.50097;1
24;0000000010000010010101000110111000000100100110;0.673288;6508;0000000010011010000100100100100100100100110010;0.280261;2709;0.50673;1
25;0000000010000010010101000110111000000100100110;0.673288;6508;0000000101001000101001000101010010100100000110;0.226878;2193;0.503665;1
26;0000000010000010010101000110111000000100100110;0.673288;6508;0101100011000010010010000011010000010010000010;0.228947;2213;0.491404;1
27;0000000010000010010101000110111000000100100110;0.673288;6508;0010000010000010001101001001010000010010010011;0.253466;2450;0.518519;1
28;0000000010000010010101000110111000000100100110;0.673288;6508;0000010010000000011111000100000001100100100110;0.331575;3205;0.527184;1
29;0000000010000010010101000110111000000100100110;0.673288;6508;1000000001101010000111010000010000001010100100;0.306849;2966;0.507242;2
30;0000000010000010010101000110111000000100100110;0.673288;6508;0001011100100001000101000001101001000000010010;0.249431;2411;0.503674;1
31;0000000010000010010101000110111000000100100110;0.673288;6508;0001100101101000000101010100001010000000100010;0.329402;3184;0.510011;2
32;0000000010000010010101000110111000000100100110;0.673288;6508;0000001110010001110100000100000110010000100010;0.286054;2765;0.502519;1
33;0000000010000010010101000110111000000100100110;0.673288;6508;0100001100001101000001010100101000000110000010;0.283571;2741;0.501584;2
34;0000000010000010010101000110111000000100100110;0.673288;6508;0000000000111100110100100100111000000100100000;0.30509;2949;0.507141;2
35;0000000010000010010101000110111000000100100110;0.673288;6508;0100100000100010000111010010100101000000000011;0.243741;2356;0.486716;2
36;0000000010000010010101000110111000000100100110;0.673288;6508;0000001000000010000101000011100111100000011010;0.291124;2814;0.502082;2
37;0000000010000010010101000110111000000100100110;0.673288;6508;0110000100000000010000000110101100001100000111;0.224912;2174;0.49015;2
38;0000000100000010010101000110111000000100100110;0.680943;6582;1010000100000100001110010110000000001010101000;0.269915;2609;0.496463;1
39;0000000100000010010101000110111000000100100110;0.680943;6582;0001100110000110010001010000101000011000100000;0.301055;2910;0.508883;1
40;0000000100000010010101000110111000000100100110;0.680943;6582;0000000110001110010000000000010011100001110100;0.329195;3182;0.515883;3
41;0000000100000010010101000110111000000100100110;0.680943;6582;0110000000100010010111101100000000110000000010;0.254707;2462;0.506544;3
42;0000000100000010010101000110111000000100100110;0.680943;6582;0010100000010010010000001111011000010100000010;0.317918;3073;0.521954;1
43;0000000100000010010101000110111000000100100110;0.680943;6582;0000000010000110100110011010011001010000001000;0.281606;2722;0.531883;1
44;0000000100000010010101000110111000000100100110;0.680943;6582;1000001000010010011100010000011001010001001000;0.25419;2457;0.532718;2
45;0000000000000010010101000110111000100100100110;0.695117;6719;0000000100001000001101010100100011100100100100;0.280675;2713;0.54092;1
46;0000000000000010010101000110111000100100100110;0.695117;6719;0000100010100011111101000100001000010000100000;0.294848;2850;0.544328;2
47;0000000000000010010101000110111000100100100110;0.695117;6719;0000100000000010111000000111000110010000110010;0.245086;2369;0.537291;2
48;0000000000000010010101000110111000100100100110;0.695117;6719;0000000000000011110011000110010100000001011010;0.284916;2754;0.53551;2
49;0000000000000010010101000110111000100100100110;0.695117;6719;1000000000010110100110100000000001010010101100;0.231326;2236;0.499167;2
50;0000000000000010010101000110111000100100100110;0.695117;6719;0000000101010011000101100001001000101000100010;0.268881;2599;0.485823;2
51;0000000000000010010101000110111000100100100110;0.695117;6719;0000100100010010010001110110000100100010000010;0.27095;2619;0.499375;1
52;0000000000000010010101000110111000100100100110;0.695117;6719;1000110000001010000001001110010000000010101001;0.29133;2816;0.507396;2
53;0000000000000010010101000110111000100100100110;0.695117;6719;0001000101000000100111000010100000001010010110;0.2964;2865;0.516613;1
54;0000000000000010010101000110111000100100100110;0.695117;6719;1000000001001001000101000100000001110101100100;0.263087;2543;0.521366;3
55;0000000000000010010101000110111000100100100110;0.695117;6719;0000100001000000111001000110110100000001000110;0.360232;3482;0.534885;1
56;0000000000000010010101000110111000100100100110;0.695117;6719;0010110100000000011100000000110011011000100000;0.300331;2903;0.524031;2
57;0000000000000010010101000110111000100100100110;0.695117;6719;1000000000100000011101010011010100001000000110;0.318125;3075;0.525891;1
58;0000000000000010010101000110111000100100100110;0.695117;6719;0100010000100010010100000100001011101000100010;0.289054;2794;0.509017;1
59;0000000000000010010101000110111000100100100110;0.695117;6719;0000000000100110100101010111001000101000010000;0.254086;2456;0.517199;1
60;0000000000000010010101000110111000100100100110;0.695117;6719;0000100000100110010011101100000100001100100000;0.242086;2340;0.51011;1
61;0000000000000010010101000110111000100100100110;0.695117;6719;0000010000110110001101010100000001000100100001;0.228533;2209;0.522033;2
62;0000000000000010010101000110111000100100100110;0.695117;6719;0010010100000110010101001000000000110000010011;0.301779;2917;0.528805;1
63;0000000000000010010101000110111000100100100110;0.695117;6719;0000100000111010110100001010010000000010110000;0.287916;2783;0.521846;1
64;0000000000000010010101000110111000100100100110;0.695117;6719;0001000000000010101100010100000011000000110111;0.318953;3083;0.531171;2
=============================================
geração;melhor;fitness;cobertura;pior;fitness;cobertura;média;ind_repetidos
0;0100101000001110000111000010000001010001000010;0.447134;4322;0111000110000100110000000001001110000010001000;0.0681771;659;0.211604;1
1;0000101000101010000100000010011000000010111010;0.536106;5182;0001000000111001000000000001000010111010001011;0.11587;1120;0.245237;2
2;0010000000000101001100000110010010000110010110;0.548521;5302;0000101000110000100100110001001010000001000011;0.0973515;941;0.288902;1
3;0000000000000101001100000110010010001110010110;0.575212;5560;0100000000110000101100110001010010000000011100;0.0761432;736;0.321519;2
4;0000000000000101001100000110010010001110010110;0.575212;5560;0000111000101010000000100001011010010001001000;0.135734;1312;0.35017;1
5;0101100000000100000101000000110000000010111110;0.586799;5672;1100101000011000000100000000100011111000000100;0.174529;1687;0.353496;1
6;0101100000000100000101000000110000000010111110;0.586799;5672;0010000100010000000010110101011000001001000110;0.16346;1580;0.375836;1
7;0100101000000101010100000100010100000000101110;0.593627;5738;0001100000000001100000000101110011101100000100;0.234844;2270;0.412112;1
8;0010100000000100000100000110110000010000111110;0.620008;5993;0000011000001100001000010000001010000101111100;0.183737;1776;0.422967;1
9;0000101000000010000100000110110000010000111110;0.624043;6032;1010000001000100000101001000101000100010011010;0.201014;1943;0.453259;1
10;0000101000000010000100000110110000010000111110;0.624043;6032;0011001010000010001001001101010010001000000010;0.204635;1978;0.463018;1
11;0000101000000100001101001110000000010000101110;0.650838;6291;1000110000100000000100010110001100001001001010;0.221498;2141;0.498427;1
12;0000101000000100001101001110000000010000101110;0.650838;6291;0010100000000100101100000000000110100010100111;0.334264;3231;0.52624;1
13;0000101000000010011101000110110000010000100010;0.670288;6479;0100001100101000001100000010100000011001000110;0.297745;2878;0.524695;1
14;0000101000000010011101000110110000010000100010;0.670288;6479;0011000000000001000001101110000000010000111110;0.312125;3017;0.522348;2
15;0000101000000010011101000110110000010000100010;0.670288;6479;0000100000100000010000000110100000110001111101;0.272812;2637;0.524029;2
16;0000101000000010011101000110110000010000100010;0.670288;6479;1001000000000100000001100000010101001010010111;0.25957;2509;0.514019;2
17;0000101000000010011101000110110000010000100010;0.670288;6479;0100100000110000110100000110000110100000100010;0.25419;2457;0.519951;1
18;0000101000000010011101000110110000010000100010;0.670288;6479;0000101000100000011101000010001100000000011110;0.303849;2937;0.530806;2
19;0000000000000110110101110110010000000000100110;0.674633;6521;0001100010001000010100000100000010010111100100;0.27126;2622;0.537788;1
20;0000000000000110110101110110010000000000100110;0.674633;6521;0000101000000010011101000010001010010010001010;0.339644;3283;0.552273;2
21;0000000000000110110101110110010000000000100110;0.674633;6521;1000001000101010001001000000010101001010100100;0.308918;2986;0.54353;1
22;0000000000000110110101110110010000000000100110;0.674633;6521;0010000110100010011100000000000001010100100011;0.27964;2703;0.527832;1
23;0000000000000110110101110110010000000000100110;0.674633;6521;0100001010000000010000000101100001010101110010;0.255224;2467;0.519305;1
24;0000000000000110110101110110010000000000100110;0.674633;6521;0010100000110010001101010000110000001010010000;0.26826;2593;0.515628;1
25;0000000000000110110101110110010000000000100110;0.674633;6521;0000100001011100011100001100100000010100100000;0.284399;2749;0.510199;1
26;0000000000000110110101110110010000000000100110;0.674633;6521;1001000000000110110100110010010001000110000000;0.271881;2628;0.502801;1
27;0000000000000110110101110110010000000000100110;0.674633;6521;0000100001000010001011010101100000000100110010;0.284916;2754;0.517112;1
28;0000000000000110110101110110010000000000100110;0.674633;6521;0110100000000010100011000101100001000100100010;0.236292;2284;0.506697;1
29;0000101000000100010101001110010000010000100110;0.676081;6535;1100101100100100011000100010100000000000100010;0.284089;2746;0.53975;3
30;0000000000000010110101110110010000000100100110;0.684047;6612;0000000010000000111100110100010000000011000111;0.23743;2295;0.514836;2
31;0000000000000010110101110110010000000100100110;0.684047;6612;0100000000100111010000000101000001001110100010;0.261949;2532;0.525632;2
32;0000000000000010110101110110010000000100100110;0.684047;6612;0000011010000011100101010000000000001100000111;0.230085;2224;0.539125;1
33;0000001000000110010111010110110000000000100010;0.690875;6678;0000000001000111010000110111110000000100010000;0.285847;2763;0.529253;1
34;0000100000000010110101010110110000000000100110;0.692944;6698;0100001000010100010001000100000011100000111100;0.282226;2728;0.522754;1
35;0000100000000010110101010110110000000000100110;0.692944;6698;0000000110010100110101010010000000000001010110;0.326505;3156;0.525434;1
36;0000100000000010110101010110110000000000100110;0.692944;6698;1000001000000011010001010101100000000101000110;0.251914;2435;0.539387;1
37;0000100000000010110101010110110000000000100110;0.692944;6698;0001010000010101001100100000010000000101110100;0.334678;3235;0.5208;1
38;0000100000000010110101010110110000000000100110;0.692944;6698;1000001000010100010100010010011010000010101000;0.2934;2836;0.517952;1
39;0000100000000010110101010110110000000000100110;0.692944;6698;0000010000001101100101001010000010001000101100;0.251397;2430;0.524655;1
40;0000100000000010110101010110110000000000100110;0.692944;6698;1010100100000010000000010100001100001100101100;0.245396;2372;0.516115;1
41;0000100000000010110101010110110000000000100110;0.692944;6698;0000011001010000010100010110110000000010011000;0.290192;2805;0.523145;1
42;0000100000000010110101010110110000000000100110;0.692944;6698;0000100001100010010101010010100000000011011000;0.27126;2622;0.530607;1
43;0000100000000010110101010110110000000000100110;0.692944;6698;0000010000000110000101010010010100000111001001;0.29671;2868;0.538206;1
44;0000100000000010110101010110110000000000100110;0.692944;6698;0000010000011100000001001100110000000110101100;0.3473;3357;0.532429;1
45;0000100000000010110101010110110000000000100110;0.692944;6698;0100001000110100000101010000000001001110001010;0.238465;2305;0.51514;1
46;0000100000000010110101010110110000000000100110;0.692944;6698;0000101000001011100011010100000000000110100010;0.29371;2839;0.514109;1
47;0000001000000010110101010110110000000000100110;0.692944;6698;0000001001110011000100001100101000000100001010;0.26588;2570;0.535535;1
48;0000001000000010110101010110110000000000100110;0.692944;6698;0000000010010110000001010111010000001000001101;0.325471;3146;0.537729;1
49;0000001000000010110101010110110000000000100110;0.692944;6698;0101000000000011101101011000110001000000000010;0.318332;3077;0.547507;1
50;0000001000000010110101010110110000000000100110;0.692944;6698;0000101000100010000101110100000001101110000000;0.298572;2886;0.542693;2
51;0000001000000010110101010110110000000000100110;0.692944;6698;0010000000100100000101100000110010000110100101;0.284192;2747;0.541177;1
52;0000001000000010110101010110110000000000100110;0.692944;6698;1000000100110100001010001010011000000000001110;0.286261;2767;0.538375;1
53;0000001000000010110101010110110000000000100110;0.692944;6698;0000000100010100010100010110100010001100100001;0.327333;3164;0.543502;2
54;0000000100000110010101001110110000001000100010;0.693875;6707;1000001000000000110110001100110010000100100010;0.394372;3812;0.555399;2
55;0000000100000110010101001110110000001000100010;0.693875;6707;1000001000000010110101001011010010100000000100;0.319574;3089;0.546837;1
56;0000000100000110010101001110110000001000100010;0.693875;6707;1000100000011100011100000000100110000100100010;0.298883;2889;0.539005;2
57;0000000100000110010101001110110000001000100010;0.693875;6707;1000100000000010010111001100100101110000000000;0.242086;2340;0.544287;1
58;0000000100000110010101001110110000001000100010;0.693875;6707;0000000110001100100101110000100000001001100100;0.234016;2262;0.533251;1
59;0000000100000110010101001110110000001000100010;0.693875;6707;0001001000000101010001110110000000100000110100;0.333333;3222;0.553504;1
60;0000000100000110010101001110110000001000100010;0.693875;6707;1000000000000010010101100111101000010000010010;0.314608;3041;0.548983;1
61;0000000100000110010101001110110000001000100010;0.693875;6707;0000001100001001100101001010010100010000100010;0.358576;3466;0.54546;1
62;0000000100000110010101001110110000001000100010;0.693875;6707;0100000000000110000111111010001000000010110000;0.310263;2999;0.533191;1
63;0000000100000110010101001110110000001000100010;0.693875;6707;0100000110001100010001000010011000001000100011;0.351231;3395;0.535886;1
=============================================
geração;melhor;fitness;cobertura;pior;fitness;cobertura;média;ind_repetidos
0;0000110000001101010101000000010000001011101000;0.399028;3857;0010010010110011000000110000000110000000101100;0.06497;628;0.210223;1
1;1100100000000000000100100101011110001000000110;0.441444;4267;0110100000000000000010101101000101000101001010;0.113904;1101;0.238965;2
2;0001100000000001000100000111011101000001100100;0.515518;4983;0110010010000000000000001011010011010101000001;0.134078;1296;0.277368;2
3;0000100100100000010000010110110010100000100110;0.524002;5065;1000000011000000100000010101101000001100001011;0.119388;1154;0.293626;1
4;0001100000000001000100000110011111010000100010;0.540141;5221;1000010000001000000010011011010010010001000110;0.174736;1689;0.307064;1
5;1000000000100100000100000100011010011000110110;0.578109;5588;0000001000000001000100110101001010001101010100;0.180323;1743;0.33722;1
6;0000100100000000000100000111011000010101100110;0.609766;5894;0010100010011110100001100000001010000100000010;0.161804;1564;0.340654;1
7;0000100100000000000100000111011000010101100110;0.609766;5894;0001110000011000000001100000010011000001100101;0.227602;2200;0.366059;1
8;0000100100000000000100000111011000010101100110;0.609766;5894;1000000011010000001000000111011000010101000100;0.195013;1885;0.374344;2
9;0000100000000010000101010110011000000100110110;0.662218;6401;0001100100100000000000100000101111000010010110;0.169563;1639;0.399816;2
10;0000100000000010000101010110011000000100110110;0.662218;6401;0000100000001001000000000011011110011010011000;0.211566;2045;0.429724;2
11;0000100000000010000101010110011000000100110110;0.662218;6401;0001100100001000000000010001000100110100101110;0.226774;2192;0.440243;1
12;0000100000000010000101010110011000000100110110;0.662218;6401;0011001000100000000100000011001110110000000110;0.197703;1911;0.456318;1
13;0000100000000010000101010110011000000100110110;0.662218;6401;0011100110000100100000001000001100000110100010;0.191186;1848;0.454094;1
14;0000100000000010000101010110011000000100101110;0.663356;6412;0001100111110000000000000100011010000001000101;0.21767;2104;0.464684;2
15;0000100000000010000101010110011000000100101110;0.663356;6412;0110000101001000001001000100010000110001001100;0.140803;1361;0.464355;1
16;0000100000000010000101010110011000000100101110;0.663356;6412;0000010111000000000101001000011001011100000001;0.215291;2081;0.486744;1
17;0000100000000010000101010110011000000100101110;0.663356;6412;0000101000100100000000000101001010011001100011;0.287399;2778;0.502093;1
18;0000100000000010000101010110011000000100101110;0.663356;6412;1000000000100011011100000100010001111000010000;0.280881;2715;0.506913;1
19;0000100000000010000101010110011000000100101110;0.663356;6412;0000100000100010110011000101000100100100000110;0.24012;2321;0.494239;1
20;0000100000000010000101010110011000000100101110;0.663356;6412;0000011000000011000001010101000000010011010110;0.176805;1709;0.488994;1
21;0000100000000010000101010110011000000100101110;0.663356;6412;0000001010000100101101010010101000000010001100;0.261432;2527;0.499247;2
22;0000100000000010000101010110011000000100101110;0.663356;6412;0000001100000000100000110110000101000101110100;0.24819;2399;0.501721;1
23;0000100000000010001101001110010001000000101110;0.66377;6416;0001011100000010010010001000011010000000001011;0.28802;2784;0.497775;1
24;0000100000000010000101010110011001000000101110;0.66946;6471;0001000001000000011100100000011011010001010100;0.224084;2166;0.502183;1
25;0000100000000010000101010110011001000000101110;0.66946;6471;0000110000000010000011110000001001000010101011;0.227085;2195;0.507004;1
26;0000100000000010000101010110011001000000101110;0.66946;6471;0101100000000010000001010010000010100100111010;0.268053;2591;0.500874;1
27;0000100000000010000101010110011001000000101110;0.66946;6471;0100000000100101010001101110000000001100001100;0.24012;2321;0.513577;1
28;0000100000000010000101010110011001000000101110;0.66946;6471;0001000111010000000101011100100000000100001100;0.238775;2308;0.502966;1
29;0000100000000010000101010110011001000000101110;0.66946;6471;0001000010101100000101000100110010000100011000;0.318332;3077;0.511584;1
30;0000100000000010000101010110011001000000101110;0.66946;6471;0000101001000010010100001011000001100010010100;0.249431;2411;0.498862;2
31;0000100000000010000101010110011001000000101110;0.66946;6471;0010000100000100001001010100001010110100000110;0.236706;2288;0.502829;2
32;0000100000000010000101010110011001000000101110;0.66946;6471;1000000100000010001010010011010100000011001010;0.190151;1838;0.498559;1
33;0000000100000100000101001110110001000000101110;0.671529;6491;0000000100000110101000010010001001110100000110;0.270226;2612;0.512423;1
34;0000000100000100000101001110110001000000101110;0.671529;6491;0010000100000010000101010110001010001000011100;0.300952;2909;0.528912;1
35;0000000100000110010101010110110000000010100010;0.688496;6655;0000000100001100001001000110010110100000011100;0.313263;3028;0.532579;1
36;0000000100000110010101010110110000000010100010;0.688496;6655;0100000010000100100001011111010001000000101000;0.292572;2828;0.51964;1
37;0000000100000110010101010110110000000010100010;0.688496;6655;0000111000001000010000001101100100000000101011;0.241155;2331;0.518612;1
38;0000000100000110010101010110110000000010100010;0.688496;6655;0000100100100010100011010111001000000100000010;0.23981;2318;0.520771;1
39;0000000100000110010101010110110000000010100010;0.688496;6655;0000010101000010001000010101110000010100001010;0.254811;2463;0.525102;2
40;0000000100000010011101010110110000000010100010;0.690461;6674;1010000100001010000110010110000000000101001010;0.256776;2482;0.521581;1
41;0000000100000010011101010110110000000010100010;0.690461;6674;0000000100001011100110001111000000010010000100;0.280675;2713;0.52972;2
42;0000000100000010011101010110110000000010100010;0.690461;6674;1000010100100100000001010110000001010100000110;0.250259;2419;0.517204;1
43;0000000100000010011101010110110000000010100010;0.690461;6674;1010000111000100010101010010000000001000001010;0.229671;2220;0.525433;1
44;0000000100000010011101010110110000000010100010;0.690461;6674;0000000100000100010000111000100010111100100010;0.259052;2504;0.552594;1
45;0000000100000010011101010110110000000010100010;0.690461;6674;0000100000001011111000000101110001000010100000;0.298883;2889;0.536276;1
46;0000000100000010011101010110110000000010100010;0.690461;6674;0010100000010011100001010000010001001010000110;0.293296;2835;0.529457;1
47;0000000100000010011101010110110000000010100010;0.690461;6674;0001110000010000100101100101000000001000100011;0.232878;2251;0.517765;1
48;0000000100000010011101010110110000000010100010;0.690461;6674;0011000110000001000101001010010100100000100010;0.329092;3181;0.521922;2
49;0000000100000010011101010110110000000010100010;0.690461;6674;1000000100010100000001001110001101100010100000;0.239292;2313;0.530017;3
50;0000000100000010011101010110110000000010100010;0.690461;6674;1000100000100011000001001100010000100010100101;0.310159;2998;0.529822;2
51;0000000100000010011101010110110000000010100010;0.690461;6674;1000100000100100011000000110010100110000101000;0.297538;2876;0.537409;1
52;0000000100000010011101010110110000000010100010;0.690461;6674;0100011000000000010101100110101000000010010100;0.282433;2730;0.52992;3
53;0000000100000010011101010110110000000010100010;0.690461;6674;0100100001000110010000100110000100100010100010;0.326298;3154;0.554678;1
54;0000000100000010011101010110110000000010100010;0.690461;6674;0000011010000010010001000110110000001101010000;0.282537;2731;0.534614;3
55;0000000100000010011101010110110000000010100010;0.690461;6674;1000000000000011110110000110010010110000100000;0.324333;3135;0.533469;2
56;0000000100000010011101010110110000000010100010;0.690461;6674;0000010000100010011101011110100000000010100000;0.322057;3113;0.519849;2
57;0000000100000010011101010110110000000010100010;0.690461;6674;0010011000001000000001101100010100001000100011;0.241879;2338;0.50565;1
58;0000000100000010011101010110110000000010100010;0.690461;6674;0000100001100010101111011000010000011000000000;0.25419;2457;0.505881;1
59;0000000100000010011101010110110000000010100010;0.690461;6674;0001000000010000001101111110000000000011100010;0.257914;2493;0.513889;1
60;0000000100000010011101010110110000000010100010;0.690461;6674;0001010000100110010001000101001000011000101000;0.247983;2397;0.515593;1
61;0000000100000010011101010110110000000010100010;0.690461;6674;0000000000001100010100110100001100011010100010;0.301883;2918;0.514157;1
62;0000000100000010011101010110110000000010100010;0.690461;6674;0000010111000110011001010000100000000010100010;0.303228;2931;0.522339;1
63;0000000100000010011101010110110000000010100010;0.690461;6674;0000110000000110111001100110000000000000001011;0.294848;2850;0.518374;2
64;0000000100000010011101010110110000000010100010;0.690461;6674;0000011110010000000101011000010010101000100000;0.246431;2382;0.503823;2
=============================================
